[2024-06-07T16:09:49.366+0200] {processor.py:161} INFO - Started process (PID=31685) to work on /Users/noejalabert/airflow_venv/lib/python3.11/site-packages/airflow/example_dags/example_trigger_target_dag.py
[2024-06-07T16:09:49.367+0200] {processor.py:830} INFO - Processing file /Users/noejalabert/airflow_venv/lib/python3.11/site-packages/airflow/example_dags/example_trigger_target_dag.py for tasks to queue
[2024-06-07T16:09:49.367+0200] {logging_mixin.py:188} INFO - [2024-06-07T16:09:49.367+0200] {dagbag.py:540} INFO - Filling up the DagBag from /Users/noejalabert/airflow_venv/lib/python3.11/site-packages/airflow/example_dags/example_trigger_target_dag.py
[2024-06-07T16:09:49.403+0200] {processor.py:840} INFO - DAG(s) 'example_trigger_target_dag' retrieved from /Users/noejalabert/airflow_venv/lib/python3.11/site-packages/airflow/example_dags/example_trigger_target_dag.py
[2024-06-07T16:09:49.557+0200] {logging_mixin.py:188} INFO - [2024-06-07T16:09:49.556+0200] {dag.py:3096} INFO - Sync 1 DAGs
[2024-06-07T16:09:49.596+0200] {logging_mixin.py:188} INFO - [2024-06-07T16:09:49.596+0200] {dag.py:3954} INFO - Setting next_dagrun for example_trigger_target_dag to None, run_after=None
[2024-06-07T16:09:49.612+0200] {processor.py:183} INFO - Processing /Users/noejalabert/airflow_venv/lib/python3.11/site-packages/airflow/example_dags/example_trigger_target_dag.py took 0.247 seconds
[2024-06-07T16:11:28.267+0200] {processor.py:161} INFO - Started process (PID=31771) to work on /Users/noejalabert/airflow_venv/lib/python3.11/site-packages/airflow/example_dags/example_trigger_target_dag.py
[2024-06-07T16:11:28.269+0200] {processor.py:830} INFO - Processing file /Users/noejalabert/airflow_venv/lib/python3.11/site-packages/airflow/example_dags/example_trigger_target_dag.py for tasks to queue
[2024-06-07T16:11:28.269+0200] {logging_mixin.py:188} INFO - [2024-06-07T16:11:28.269+0200] {dagbag.py:540} INFO - Filling up the DagBag from /Users/noejalabert/airflow_venv/lib/python3.11/site-packages/airflow/example_dags/example_trigger_target_dag.py
[2024-06-07T16:11:28.286+0200] {processor.py:840} INFO - DAG(s) 'example_trigger_target_dag' retrieved from /Users/noejalabert/airflow_venv/lib/python3.11/site-packages/airflow/example_dags/example_trigger_target_dag.py
[2024-06-07T16:11:28.334+0200] {logging_mixin.py:188} INFO - [2024-06-07T16:11:28.334+0200] {dag.py:3096} INFO - Sync 1 DAGs
[2024-06-07T16:11:28.338+0200] {logging_mixin.py:188} INFO - [2024-06-07T16:11:28.338+0200] {dag.py:3954} INFO - Setting next_dagrun for example_trigger_target_dag to None, run_after=None
[2024-06-07T16:11:28.346+0200] {processor.py:183} INFO - Processing /Users/noejalabert/airflow_venv/lib/python3.11/site-packages/airflow/example_dags/example_trigger_target_dag.py took 0.080 seconds
[2024-06-07T16:13:06.231+0200] {processor.py:161} INFO - Started process (PID=31864) to work on /Users/noejalabert/airflow_venv/lib/python3.11/site-packages/airflow/example_dags/example_trigger_target_dag.py
[2024-06-07T16:13:06.232+0200] {processor.py:830} INFO - Processing file /Users/noejalabert/airflow_venv/lib/python3.11/site-packages/airflow/example_dags/example_trigger_target_dag.py for tasks to queue
[2024-06-07T16:13:06.232+0200] {logging_mixin.py:188} INFO - [2024-06-07T16:13:06.232+0200] {dagbag.py:540} INFO - Filling up the DagBag from /Users/noejalabert/airflow_venv/lib/python3.11/site-packages/airflow/example_dags/example_trigger_target_dag.py
[2024-06-07T16:13:06.250+0200] {processor.py:840} INFO - DAG(s) 'example_trigger_target_dag' retrieved from /Users/noejalabert/airflow_venv/lib/python3.11/site-packages/airflow/example_dags/example_trigger_target_dag.py
[2024-06-07T16:13:06.296+0200] {logging_mixin.py:188} INFO - [2024-06-07T16:13:06.296+0200] {dag.py:3096} INFO - Sync 1 DAGs
[2024-06-07T16:13:06.300+0200] {logging_mixin.py:188} INFO - [2024-06-07T16:13:06.300+0200] {dag.py:3954} INFO - Setting next_dagrun for example_trigger_target_dag to None, run_after=None
[2024-06-07T16:13:06.308+0200] {processor.py:183} INFO - Processing /Users/noejalabert/airflow_venv/lib/python3.11/site-packages/airflow/example_dags/example_trigger_target_dag.py took 0.078 seconds
[2024-06-07T16:14:38.180+0200] {processor.py:161} INFO - Started process (PID=31953) to work on /Users/noejalabert/airflow_venv/lib/python3.11/site-packages/airflow/example_dags/example_trigger_target_dag.py
[2024-06-07T16:14:38.181+0200] {processor.py:830} INFO - Processing file /Users/noejalabert/airflow_venv/lib/python3.11/site-packages/airflow/example_dags/example_trigger_target_dag.py for tasks to queue
[2024-06-07T16:14:38.181+0200] {logging_mixin.py:188} INFO - [2024-06-07T16:14:38.181+0200] {dagbag.py:540} INFO - Filling up the DagBag from /Users/noejalabert/airflow_venv/lib/python3.11/site-packages/airflow/example_dags/example_trigger_target_dag.py
[2024-06-07T16:14:38.200+0200] {processor.py:840} INFO - DAG(s) 'example_trigger_target_dag' retrieved from /Users/noejalabert/airflow_venv/lib/python3.11/site-packages/airflow/example_dags/example_trigger_target_dag.py
[2024-06-07T16:14:38.245+0200] {logging_mixin.py:188} INFO - [2024-06-07T16:14:38.245+0200] {dag.py:3096} INFO - Sync 1 DAGs
[2024-06-07T16:14:38.249+0200] {logging_mixin.py:188} INFO - [2024-06-07T16:14:38.249+0200] {dag.py:3954} INFO - Setting next_dagrun for example_trigger_target_dag to None, run_after=None
[2024-06-07T16:14:38.257+0200] {processor.py:183} INFO - Processing /Users/noejalabert/airflow_venv/lib/python3.11/site-packages/airflow/example_dags/example_trigger_target_dag.py took 0.079 seconds
[2024-06-07T16:16:10.607+0200] {processor.py:161} INFO - Started process (PID=32021) to work on /Users/noejalabert/airflow_venv/lib/python3.11/site-packages/airflow/example_dags/example_trigger_target_dag.py
[2024-06-07T16:16:10.609+0200] {processor.py:830} INFO - Processing file /Users/noejalabert/airflow_venv/lib/python3.11/site-packages/airflow/example_dags/example_trigger_target_dag.py for tasks to queue
[2024-06-07T16:16:10.609+0200] {logging_mixin.py:188} INFO - [2024-06-07T16:16:10.609+0200] {dagbag.py:540} INFO - Filling up the DagBag from /Users/noejalabert/airflow_venv/lib/python3.11/site-packages/airflow/example_dags/example_trigger_target_dag.py
[2024-06-07T16:16:10.626+0200] {processor.py:840} INFO - DAG(s) 'example_trigger_target_dag' retrieved from /Users/noejalabert/airflow_venv/lib/python3.11/site-packages/airflow/example_dags/example_trigger_target_dag.py
[2024-06-07T16:16:10.672+0200] {logging_mixin.py:188} INFO - [2024-06-07T16:16:10.672+0200] {dag.py:3096} INFO - Sync 1 DAGs
[2024-06-07T16:16:10.676+0200] {logging_mixin.py:188} INFO - [2024-06-07T16:16:10.676+0200] {dag.py:3954} INFO - Setting next_dagrun for example_trigger_target_dag to None, run_after=None
[2024-06-07T16:16:10.684+0200] {processor.py:183} INFO - Processing /Users/noejalabert/airflow_venv/lib/python3.11/site-packages/airflow/example_dags/example_trigger_target_dag.py took 0.078 seconds
[2024-06-07T16:17:44.287+0200] {processor.py:161} INFO - Started process (PID=32107) to work on /Users/noejalabert/airflow_venv/lib/python3.11/site-packages/airflow/example_dags/example_trigger_target_dag.py
[2024-06-07T16:17:44.288+0200] {processor.py:830} INFO - Processing file /Users/noejalabert/airflow_venv/lib/python3.11/site-packages/airflow/example_dags/example_trigger_target_dag.py for tasks to queue
[2024-06-07T16:17:44.289+0200] {logging_mixin.py:188} INFO - [2024-06-07T16:17:44.288+0200] {dagbag.py:540} INFO - Filling up the DagBag from /Users/noejalabert/airflow_venv/lib/python3.11/site-packages/airflow/example_dags/example_trigger_target_dag.py
[2024-06-07T16:17:44.305+0200] {processor.py:840} INFO - DAG(s) 'example_trigger_target_dag' retrieved from /Users/noejalabert/airflow_venv/lib/python3.11/site-packages/airflow/example_dags/example_trigger_target_dag.py
[2024-06-07T16:17:44.351+0200] {logging_mixin.py:188} INFO - [2024-06-07T16:17:44.351+0200] {dag.py:3096} INFO - Sync 1 DAGs
[2024-06-07T16:17:44.355+0200] {logging_mixin.py:188} INFO - [2024-06-07T16:17:44.355+0200] {dag.py:3954} INFO - Setting next_dagrun for example_trigger_target_dag to None, run_after=None
[2024-06-07T16:17:44.363+0200] {processor.py:183} INFO - Processing /Users/noejalabert/airflow_venv/lib/python3.11/site-packages/airflow/example_dags/example_trigger_target_dag.py took 0.078 seconds
[2024-06-07T16:19:15.035+0200] {processor.py:161} INFO - Started process (PID=32183) to work on /Users/noejalabert/airflow_venv/lib/python3.11/site-packages/airflow/example_dags/example_trigger_target_dag.py
[2024-06-07T16:19:15.037+0200] {processor.py:830} INFO - Processing file /Users/noejalabert/airflow_venv/lib/python3.11/site-packages/airflow/example_dags/example_trigger_target_dag.py for tasks to queue
[2024-06-07T16:19:15.037+0200] {logging_mixin.py:188} INFO - [2024-06-07T16:19:15.037+0200] {dagbag.py:540} INFO - Filling up the DagBag from /Users/noejalabert/airflow_venv/lib/python3.11/site-packages/airflow/example_dags/example_trigger_target_dag.py
[2024-06-07T16:19:15.053+0200] {processor.py:840} INFO - DAG(s) 'example_trigger_target_dag' retrieved from /Users/noejalabert/airflow_venv/lib/python3.11/site-packages/airflow/example_dags/example_trigger_target_dag.py
[2024-06-07T16:19:15.098+0200] {logging_mixin.py:188} INFO - [2024-06-07T16:19:15.098+0200] {dag.py:3096} INFO - Sync 1 DAGs
[2024-06-07T16:19:15.102+0200] {logging_mixin.py:188} INFO - [2024-06-07T16:19:15.102+0200] {dag.py:3954} INFO - Setting next_dagrun for example_trigger_target_dag to None, run_after=None
[2024-06-07T16:19:15.110+0200] {processor.py:183} INFO - Processing /Users/noejalabert/airflow_venv/lib/python3.11/site-packages/airflow/example_dags/example_trigger_target_dag.py took 0.076 seconds
[2024-06-07T16:20:47.148+0200] {processor.py:161} INFO - Started process (PID=32265) to work on /Users/noejalabert/airflow_venv/lib/python3.11/site-packages/airflow/example_dags/example_trigger_target_dag.py
[2024-06-07T16:20:47.150+0200] {processor.py:830} INFO - Processing file /Users/noejalabert/airflow_venv/lib/python3.11/site-packages/airflow/example_dags/example_trigger_target_dag.py for tasks to queue
[2024-06-07T16:20:47.150+0200] {logging_mixin.py:188} INFO - [2024-06-07T16:20:47.150+0200] {dagbag.py:540} INFO - Filling up the DagBag from /Users/noejalabert/airflow_venv/lib/python3.11/site-packages/airflow/example_dags/example_trigger_target_dag.py
[2024-06-07T16:20:47.167+0200] {processor.py:840} INFO - DAG(s) 'example_trigger_target_dag' retrieved from /Users/noejalabert/airflow_venv/lib/python3.11/site-packages/airflow/example_dags/example_trigger_target_dag.py
[2024-06-07T16:20:47.212+0200] {logging_mixin.py:188} INFO - [2024-06-07T16:20:47.212+0200] {dag.py:3096} INFO - Sync 1 DAGs
[2024-06-07T16:20:47.216+0200] {logging_mixin.py:188} INFO - [2024-06-07T16:20:47.216+0200] {dag.py:3954} INFO - Setting next_dagrun for example_trigger_target_dag to None, run_after=None
[2024-06-07T16:20:47.224+0200] {processor.py:183} INFO - Processing /Users/noejalabert/airflow_venv/lib/python3.11/site-packages/airflow/example_dags/example_trigger_target_dag.py took 0.077 seconds
[2024-06-07T16:22:18.465+0200] {processor.py:161} INFO - Started process (PID=32341) to work on /Users/noejalabert/airflow_venv/lib/python3.11/site-packages/airflow/example_dags/example_trigger_target_dag.py
[2024-06-07T16:22:18.466+0200] {processor.py:830} INFO - Processing file /Users/noejalabert/airflow_venv/lib/python3.11/site-packages/airflow/example_dags/example_trigger_target_dag.py for tasks to queue
[2024-06-07T16:22:18.466+0200] {logging_mixin.py:188} INFO - [2024-06-07T16:22:18.466+0200] {dagbag.py:540} INFO - Filling up the DagBag from /Users/noejalabert/airflow_venv/lib/python3.11/site-packages/airflow/example_dags/example_trigger_target_dag.py
[2024-06-07T16:22:18.483+0200] {processor.py:840} INFO - DAG(s) 'example_trigger_target_dag' retrieved from /Users/noejalabert/airflow_venv/lib/python3.11/site-packages/airflow/example_dags/example_trigger_target_dag.py
[2024-06-07T16:22:18.537+0200] {logging_mixin.py:188} INFO - [2024-06-07T16:22:18.537+0200] {dag.py:3096} INFO - Sync 1 DAGs
[2024-06-07T16:22:18.542+0200] {logging_mixin.py:188} INFO - [2024-06-07T16:22:18.542+0200] {dag.py:3954} INFO - Setting next_dagrun for example_trigger_target_dag to None, run_after=None
[2024-06-07T16:22:18.551+0200] {processor.py:183} INFO - Processing /Users/noejalabert/airflow_venv/lib/python3.11/site-packages/airflow/example_dags/example_trigger_target_dag.py took 0.088 seconds
[2024-06-07T16:23:56.616+0200] {processor.py:161} INFO - Started process (PID=32426) to work on /Users/noejalabert/airflow_venv/lib/python3.11/site-packages/airflow/example_dags/example_trigger_target_dag.py
[2024-06-07T16:23:56.618+0200] {processor.py:830} INFO - Processing file /Users/noejalabert/airflow_venv/lib/python3.11/site-packages/airflow/example_dags/example_trigger_target_dag.py for tasks to queue
[2024-06-07T16:23:56.618+0200] {logging_mixin.py:188} INFO - [2024-06-07T16:23:56.618+0200] {dagbag.py:540} INFO - Filling up the DagBag from /Users/noejalabert/airflow_venv/lib/python3.11/site-packages/airflow/example_dags/example_trigger_target_dag.py
[2024-06-07T16:23:56.634+0200] {processor.py:840} INFO - DAG(s) 'example_trigger_target_dag' retrieved from /Users/noejalabert/airflow_venv/lib/python3.11/site-packages/airflow/example_dags/example_trigger_target_dag.py
[2024-06-07T16:23:56.681+0200] {logging_mixin.py:188} INFO - [2024-06-07T16:23:56.681+0200] {dag.py:3096} INFO - Sync 1 DAGs
[2024-06-07T16:23:56.685+0200] {logging_mixin.py:188} INFO - [2024-06-07T16:23:56.685+0200] {dag.py:3954} INFO - Setting next_dagrun for example_trigger_target_dag to None, run_after=None
[2024-06-07T16:23:56.694+0200] {processor.py:183} INFO - Processing /Users/noejalabert/airflow_venv/lib/python3.11/site-packages/airflow/example_dags/example_trigger_target_dag.py took 0.079 seconds
[2024-06-07T16:25:28.931+0200] {processor.py:161} INFO - Started process (PID=32498) to work on /Users/noejalabert/airflow_venv/lib/python3.11/site-packages/airflow/example_dags/example_trigger_target_dag.py
[2024-06-07T16:25:28.932+0200] {processor.py:830} INFO - Processing file /Users/noejalabert/airflow_venv/lib/python3.11/site-packages/airflow/example_dags/example_trigger_target_dag.py for tasks to queue
[2024-06-07T16:25:28.932+0200] {logging_mixin.py:188} INFO - [2024-06-07T16:25:28.932+0200] {dagbag.py:540} INFO - Filling up the DagBag from /Users/noejalabert/airflow_venv/lib/python3.11/site-packages/airflow/example_dags/example_trigger_target_dag.py
[2024-06-07T16:25:28.949+0200] {processor.py:840} INFO - DAG(s) 'example_trigger_target_dag' retrieved from /Users/noejalabert/airflow_venv/lib/python3.11/site-packages/airflow/example_dags/example_trigger_target_dag.py
[2024-06-07T16:25:29.000+0200] {logging_mixin.py:188} INFO - [2024-06-07T16:25:29.000+0200] {dag.py:3096} INFO - Sync 1 DAGs
[2024-06-07T16:25:29.005+0200] {logging_mixin.py:188} INFO - [2024-06-07T16:25:29.005+0200] {dag.py:3954} INFO - Setting next_dagrun for example_trigger_target_dag to None, run_after=None
[2024-06-07T16:25:29.014+0200] {processor.py:183} INFO - Processing /Users/noejalabert/airflow_venv/lib/python3.11/site-packages/airflow/example_dags/example_trigger_target_dag.py took 0.084 seconds
[2024-06-07T16:26:59.565+0200] {processor.py:161} INFO - Started process (PID=32673) to work on /Users/noejalabert/airflow_venv/lib/python3.11/site-packages/airflow/example_dags/example_trigger_target_dag.py
[2024-06-07T16:26:59.567+0200] {processor.py:830} INFO - Processing file /Users/noejalabert/airflow_venv/lib/python3.11/site-packages/airflow/example_dags/example_trigger_target_dag.py for tasks to queue
[2024-06-07T16:26:59.567+0200] {logging_mixin.py:188} INFO - [2024-06-07T16:26:59.567+0200] {dagbag.py:540} INFO - Filling up the DagBag from /Users/noejalabert/airflow_venv/lib/python3.11/site-packages/airflow/example_dags/example_trigger_target_dag.py
[2024-06-07T16:26:59.584+0200] {processor.py:840} INFO - DAG(s) 'example_trigger_target_dag' retrieved from /Users/noejalabert/airflow_venv/lib/python3.11/site-packages/airflow/example_dags/example_trigger_target_dag.py
[2024-06-07T16:26:59.630+0200] {logging_mixin.py:188} INFO - [2024-06-07T16:26:59.630+0200] {dag.py:3096} INFO - Sync 1 DAGs
[2024-06-07T16:26:59.634+0200] {logging_mixin.py:188} INFO - [2024-06-07T16:26:59.634+0200] {dag.py:3954} INFO - Setting next_dagrun for example_trigger_target_dag to None, run_after=None
[2024-06-07T16:26:59.642+0200] {processor.py:183} INFO - Processing /Users/noejalabert/airflow_venv/lib/python3.11/site-packages/airflow/example_dags/example_trigger_target_dag.py took 0.077 seconds
[2024-06-07T16:28:29.681+0200] {processor.py:161} INFO - Started process (PID=32755) to work on /Users/noejalabert/airflow_venv/lib/python3.11/site-packages/airflow/example_dags/example_trigger_target_dag.py
[2024-06-07T16:28:29.683+0200] {processor.py:830} INFO - Processing file /Users/noejalabert/airflow_venv/lib/python3.11/site-packages/airflow/example_dags/example_trigger_target_dag.py for tasks to queue
[2024-06-07T16:28:29.683+0200] {logging_mixin.py:188} INFO - [2024-06-07T16:28:29.683+0200] {dagbag.py:540} INFO - Filling up the DagBag from /Users/noejalabert/airflow_venv/lib/python3.11/site-packages/airflow/example_dags/example_trigger_target_dag.py
[2024-06-07T16:28:29.701+0200] {processor.py:840} INFO - DAG(s) 'example_trigger_target_dag' retrieved from /Users/noejalabert/airflow_venv/lib/python3.11/site-packages/airflow/example_dags/example_trigger_target_dag.py
[2024-06-07T16:28:29.747+0200] {logging_mixin.py:188} INFO - [2024-06-07T16:28:29.747+0200] {dag.py:3096} INFO - Sync 1 DAGs
[2024-06-07T16:28:29.751+0200] {logging_mixin.py:188} INFO - [2024-06-07T16:28:29.751+0200] {dag.py:3954} INFO - Setting next_dagrun for example_trigger_target_dag to None, run_after=None
[2024-06-07T16:28:29.759+0200] {processor.py:183} INFO - Processing /Users/noejalabert/airflow_venv/lib/python3.11/site-packages/airflow/example_dags/example_trigger_target_dag.py took 0.079 seconds
[2024-06-07T16:30:01.724+0200] {processor.py:161} INFO - Started process (PID=32835) to work on /Users/noejalabert/airflow_venv/lib/python3.11/site-packages/airflow/example_dags/example_trigger_target_dag.py
[2024-06-07T16:30:01.724+0200] {processor.py:830} INFO - Processing file /Users/noejalabert/airflow_venv/lib/python3.11/site-packages/airflow/example_dags/example_trigger_target_dag.py for tasks to queue
[2024-06-07T16:30:01.725+0200] {logging_mixin.py:188} INFO - [2024-06-07T16:30:01.724+0200] {dagbag.py:540} INFO - Filling up the DagBag from /Users/noejalabert/airflow_venv/lib/python3.11/site-packages/airflow/example_dags/example_trigger_target_dag.py
[2024-06-07T16:30:01.741+0200] {processor.py:840} INFO - DAG(s) 'example_trigger_target_dag' retrieved from /Users/noejalabert/airflow_venv/lib/python3.11/site-packages/airflow/example_dags/example_trigger_target_dag.py
[2024-06-07T16:30:01.787+0200] {logging_mixin.py:188} INFO - [2024-06-07T16:30:01.787+0200] {dag.py:3096} INFO - Sync 1 DAGs
[2024-06-07T16:30:01.791+0200] {logging_mixin.py:188} INFO - [2024-06-07T16:30:01.791+0200] {dag.py:3954} INFO - Setting next_dagrun for example_trigger_target_dag to None, run_after=None
[2024-06-07T16:30:01.798+0200] {processor.py:183} INFO - Processing /Users/noejalabert/airflow_venv/lib/python3.11/site-packages/airflow/example_dags/example_trigger_target_dag.py took 0.077 seconds
[2024-06-07T16:31:36.644+0200] {processor.py:161} INFO - Started process (PID=32931) to work on /Users/noejalabert/airflow_venv/lib/python3.11/site-packages/airflow/example_dags/example_trigger_target_dag.py
[2024-06-07T16:31:36.645+0200] {processor.py:830} INFO - Processing file /Users/noejalabert/airflow_venv/lib/python3.11/site-packages/airflow/example_dags/example_trigger_target_dag.py for tasks to queue
[2024-06-07T16:31:36.646+0200] {logging_mixin.py:188} INFO - [2024-06-07T16:31:36.646+0200] {dagbag.py:540} INFO - Filling up the DagBag from /Users/noejalabert/airflow_venv/lib/python3.11/site-packages/airflow/example_dags/example_trigger_target_dag.py
[2024-06-07T16:31:36.663+0200] {processor.py:840} INFO - DAG(s) 'example_trigger_target_dag' retrieved from /Users/noejalabert/airflow_venv/lib/python3.11/site-packages/airflow/example_dags/example_trigger_target_dag.py
[2024-06-07T16:31:36.711+0200] {logging_mixin.py:188} INFO - [2024-06-07T16:31:36.711+0200] {dag.py:3096} INFO - Sync 1 DAGs
[2024-06-07T16:31:36.715+0200] {logging_mixin.py:188} INFO - [2024-06-07T16:31:36.715+0200] {dag.py:3954} INFO - Setting next_dagrun for example_trigger_target_dag to None, run_after=None
[2024-06-07T16:31:36.723+0200] {processor.py:183} INFO - Processing /Users/noejalabert/airflow_venv/lib/python3.11/site-packages/airflow/example_dags/example_trigger_target_dag.py took 0.080 seconds
[2024-06-07T16:33:06.566+0200] {processor.py:161} INFO - Started process (PID=33011) to work on /Users/noejalabert/airflow_venv/lib/python3.11/site-packages/airflow/example_dags/example_trigger_target_dag.py
[2024-06-07T16:33:06.567+0200] {processor.py:830} INFO - Processing file /Users/noejalabert/airflow_venv/lib/python3.11/site-packages/airflow/example_dags/example_trigger_target_dag.py for tasks to queue
[2024-06-07T16:33:06.568+0200] {logging_mixin.py:188} INFO - [2024-06-07T16:33:06.568+0200] {dagbag.py:540} INFO - Filling up the DagBag from /Users/noejalabert/airflow_venv/lib/python3.11/site-packages/airflow/example_dags/example_trigger_target_dag.py
[2024-06-07T16:33:06.586+0200] {processor.py:840} INFO - DAG(s) 'example_trigger_target_dag' retrieved from /Users/noejalabert/airflow_venv/lib/python3.11/site-packages/airflow/example_dags/example_trigger_target_dag.py
[2024-06-07T16:33:06.636+0200] {logging_mixin.py:188} INFO - [2024-06-07T16:33:06.636+0200] {dag.py:3096} INFO - Sync 1 DAGs
[2024-06-07T16:33:06.640+0200] {logging_mixin.py:188} INFO - [2024-06-07T16:33:06.640+0200] {dag.py:3954} INFO - Setting next_dagrun for example_trigger_target_dag to None, run_after=None
[2024-06-07T16:33:06.648+0200] {processor.py:183} INFO - Processing /Users/noejalabert/airflow_venv/lib/python3.11/site-packages/airflow/example_dags/example_trigger_target_dag.py took 0.083 seconds
[2024-06-07T16:34:46.110+0200] {processor.py:161} INFO - Started process (PID=33099) to work on /Users/noejalabert/airflow_venv/lib/python3.11/site-packages/airflow/example_dags/example_trigger_target_dag.py
[2024-06-07T16:34:46.111+0200] {processor.py:830} INFO - Processing file /Users/noejalabert/airflow_venv/lib/python3.11/site-packages/airflow/example_dags/example_trigger_target_dag.py for tasks to queue
[2024-06-07T16:34:46.111+0200] {logging_mixin.py:188} INFO - [2024-06-07T16:34:46.111+0200] {dagbag.py:540} INFO - Filling up the DagBag from /Users/noejalabert/airflow_venv/lib/python3.11/site-packages/airflow/example_dags/example_trigger_target_dag.py
[2024-06-07T16:34:46.130+0200] {processor.py:840} INFO - DAG(s) 'example_trigger_target_dag' retrieved from /Users/noejalabert/airflow_venv/lib/python3.11/site-packages/airflow/example_dags/example_trigger_target_dag.py
[2024-06-07T16:34:46.183+0200] {logging_mixin.py:188} INFO - [2024-06-07T16:34:46.182+0200] {dag.py:3096} INFO - Sync 1 DAGs
[2024-06-07T16:34:46.187+0200] {logging_mixin.py:188} INFO - [2024-06-07T16:34:46.187+0200] {dag.py:3954} INFO - Setting next_dagrun for example_trigger_target_dag to None, run_after=None
[2024-06-07T16:34:46.196+0200] {processor.py:183} INFO - Processing /Users/noejalabert/airflow_venv/lib/python3.11/site-packages/airflow/example_dags/example_trigger_target_dag.py took 0.088 seconds
[2024-06-07T16:36:37.060+0200] {processor.py:161} INFO - Started process (PID=33255) to work on /Users/noejalabert/airflow_venv/lib/python3.11/site-packages/airflow/example_dags/example_trigger_target_dag.py
[2024-06-07T16:36:37.061+0200] {processor.py:830} INFO - Processing file /Users/noejalabert/airflow_venv/lib/python3.11/site-packages/airflow/example_dags/example_trigger_target_dag.py for tasks to queue
[2024-06-07T16:36:37.061+0200] {logging_mixin.py:188} INFO - [2024-06-07T16:36:37.061+0200] {dagbag.py:540} INFO - Filling up the DagBag from /Users/noejalabert/airflow_venv/lib/python3.11/site-packages/airflow/example_dags/example_trigger_target_dag.py
[2024-06-07T16:36:37.080+0200] {processor.py:840} INFO - DAG(s) 'example_trigger_target_dag' retrieved from /Users/noejalabert/airflow_venv/lib/python3.11/site-packages/airflow/example_dags/example_trigger_target_dag.py
[2024-06-07T16:36:37.134+0200] {logging_mixin.py:188} INFO - [2024-06-07T16:36:37.134+0200] {dag.py:3096} INFO - Sync 1 DAGs
[2024-06-07T16:36:37.138+0200] {logging_mixin.py:188} INFO - [2024-06-07T16:36:37.138+0200] {dag.py:3954} INFO - Setting next_dagrun for example_trigger_target_dag to None, run_after=None
[2024-06-07T16:36:37.148+0200] {processor.py:183} INFO - Processing /Users/noejalabert/airflow_venv/lib/python3.11/site-packages/airflow/example_dags/example_trigger_target_dag.py took 0.090 seconds
[2024-06-07T16:38:18.108+0200] {processor.py:161} INFO - Started process (PID=33366) to work on /Users/noejalabert/airflow_venv/lib/python3.11/site-packages/airflow/example_dags/example_trigger_target_dag.py
[2024-06-07T16:38:18.109+0200] {processor.py:830} INFO - Processing file /Users/noejalabert/airflow_venv/lib/python3.11/site-packages/airflow/example_dags/example_trigger_target_dag.py for tasks to queue
[2024-06-07T16:38:18.109+0200] {logging_mixin.py:188} INFO - [2024-06-07T16:38:18.109+0200] {dagbag.py:540} INFO - Filling up the DagBag from /Users/noejalabert/airflow_venv/lib/python3.11/site-packages/airflow/example_dags/example_trigger_target_dag.py
[2024-06-07T16:38:18.128+0200] {processor.py:840} INFO - DAG(s) 'example_trigger_target_dag' retrieved from /Users/noejalabert/airflow_venv/lib/python3.11/site-packages/airflow/example_dags/example_trigger_target_dag.py
[2024-06-07T16:38:18.180+0200] {logging_mixin.py:188} INFO - [2024-06-07T16:38:18.180+0200] {dag.py:3096} INFO - Sync 1 DAGs
[2024-06-07T16:38:18.184+0200] {logging_mixin.py:188} INFO - [2024-06-07T16:38:18.184+0200] {dag.py:3954} INFO - Setting next_dagrun for example_trigger_target_dag to None, run_after=None
[2024-06-07T16:38:18.192+0200] {processor.py:183} INFO - Processing /Users/noejalabert/airflow_venv/lib/python3.11/site-packages/airflow/example_dags/example_trigger_target_dag.py took 0.085 seconds
[2024-06-07T16:39:57.250+0200] {processor.py:161} INFO - Started process (PID=33466) to work on /Users/noejalabert/airflow_venv/lib/python3.11/site-packages/airflow/example_dags/example_trigger_target_dag.py
[2024-06-07T16:39:57.251+0200] {processor.py:830} INFO - Processing file /Users/noejalabert/airflow_venv/lib/python3.11/site-packages/airflow/example_dags/example_trigger_target_dag.py for tasks to queue
[2024-06-07T16:39:57.251+0200] {logging_mixin.py:188} INFO - [2024-06-07T16:39:57.251+0200] {dagbag.py:540} INFO - Filling up the DagBag from /Users/noejalabert/airflow_venv/lib/python3.11/site-packages/airflow/example_dags/example_trigger_target_dag.py
[2024-06-07T16:39:57.272+0200] {processor.py:840} INFO - DAG(s) 'example_trigger_target_dag' retrieved from /Users/noejalabert/airflow_venv/lib/python3.11/site-packages/airflow/example_dags/example_trigger_target_dag.py
[2024-06-07T16:39:57.331+0200] {logging_mixin.py:188} INFO - [2024-06-07T16:39:57.331+0200] {dag.py:3096} INFO - Sync 1 DAGs
[2024-06-07T16:39:57.336+0200] {logging_mixin.py:188} INFO - [2024-06-07T16:39:57.336+0200] {dag.py:3954} INFO - Setting next_dagrun for example_trigger_target_dag to None, run_after=None
[2024-06-07T16:39:57.344+0200] {processor.py:183} INFO - Processing /Users/noejalabert/airflow_venv/lib/python3.11/site-packages/airflow/example_dags/example_trigger_target_dag.py took 0.096 seconds
[2024-06-07T16:41:37.846+0200] {processor.py:161} INFO - Started process (PID=33585) to work on /Users/noejalabert/airflow_venv/lib/python3.11/site-packages/airflow/example_dags/example_trigger_target_dag.py
[2024-06-07T16:41:37.847+0200] {processor.py:830} INFO - Processing file /Users/noejalabert/airflow_venv/lib/python3.11/site-packages/airflow/example_dags/example_trigger_target_dag.py for tasks to queue
[2024-06-07T16:41:37.847+0200] {logging_mixin.py:188} INFO - [2024-06-07T16:41:37.847+0200] {dagbag.py:540} INFO - Filling up the DagBag from /Users/noejalabert/airflow_venv/lib/python3.11/site-packages/airflow/example_dags/example_trigger_target_dag.py
[2024-06-07T16:41:37.865+0200] {processor.py:840} INFO - DAG(s) 'example_trigger_target_dag' retrieved from /Users/noejalabert/airflow_venv/lib/python3.11/site-packages/airflow/example_dags/example_trigger_target_dag.py
[2024-06-07T16:41:37.918+0200] {logging_mixin.py:188} INFO - [2024-06-07T16:41:37.918+0200] {dag.py:3096} INFO - Sync 1 DAGs
[2024-06-07T16:41:37.922+0200] {logging_mixin.py:188} INFO - [2024-06-07T16:41:37.922+0200] {dag.py:3954} INFO - Setting next_dagrun for example_trigger_target_dag to None, run_after=None
[2024-06-07T16:41:37.931+0200] {processor.py:183} INFO - Processing /Users/noejalabert/airflow_venv/lib/python3.11/site-packages/airflow/example_dags/example_trigger_target_dag.py took 0.087 seconds
[2024-06-07T16:43:18.974+0200] {processor.py:161} INFO - Started process (PID=33718) to work on /Users/noejalabert/airflow_venv/lib/python3.11/site-packages/airflow/example_dags/example_trigger_target_dag.py
[2024-06-07T16:43:18.975+0200] {processor.py:830} INFO - Processing file /Users/noejalabert/airflow_venv/lib/python3.11/site-packages/airflow/example_dags/example_trigger_target_dag.py for tasks to queue
[2024-06-07T16:43:18.976+0200] {logging_mixin.py:188} INFO - [2024-06-07T16:43:18.975+0200] {dagbag.py:540} INFO - Filling up the DagBag from /Users/noejalabert/airflow_venv/lib/python3.11/site-packages/airflow/example_dags/example_trigger_target_dag.py
[2024-06-07T16:43:18.995+0200] {processor.py:840} INFO - DAG(s) 'example_trigger_target_dag' retrieved from /Users/noejalabert/airflow_venv/lib/python3.11/site-packages/airflow/example_dags/example_trigger_target_dag.py
[2024-06-07T16:43:19.045+0200] {logging_mixin.py:188} INFO - [2024-06-07T16:43:19.045+0200] {dag.py:3096} INFO - Sync 1 DAGs
[2024-06-07T16:43:19.050+0200] {logging_mixin.py:188} INFO - [2024-06-07T16:43:19.049+0200] {dag.py:3954} INFO - Setting next_dagrun for example_trigger_target_dag to None, run_after=None
[2024-06-07T16:43:19.059+0200] {processor.py:183} INFO - Processing /Users/noejalabert/airflow_venv/lib/python3.11/site-packages/airflow/example_dags/example_trigger_target_dag.py took 0.086 seconds
[2024-06-07T16:44:57.479+0200] {processor.py:161} INFO - Started process (PID=33814) to work on /Users/noejalabert/airflow_venv/lib/python3.11/site-packages/airflow/example_dags/example_trigger_target_dag.py
[2024-06-07T16:44:57.480+0200] {processor.py:830} INFO - Processing file /Users/noejalabert/airflow_venv/lib/python3.11/site-packages/airflow/example_dags/example_trigger_target_dag.py for tasks to queue
[2024-06-07T16:44:57.480+0200] {logging_mixin.py:188} INFO - [2024-06-07T16:44:57.480+0200] {dagbag.py:540} INFO - Filling up the DagBag from /Users/noejalabert/airflow_venv/lib/python3.11/site-packages/airflow/example_dags/example_trigger_target_dag.py
[2024-06-07T16:44:57.499+0200] {processor.py:840} INFO - DAG(s) 'example_trigger_target_dag' retrieved from /Users/noejalabert/airflow_venv/lib/python3.11/site-packages/airflow/example_dags/example_trigger_target_dag.py
[2024-06-07T16:44:57.554+0200] {logging_mixin.py:188} INFO - [2024-06-07T16:44:57.554+0200] {dag.py:3096} INFO - Sync 1 DAGs
[2024-06-07T16:44:57.558+0200] {logging_mixin.py:188} INFO - [2024-06-07T16:44:57.558+0200] {dag.py:3954} INFO - Setting next_dagrun for example_trigger_target_dag to None, run_after=None
[2024-06-07T16:44:57.567+0200] {processor.py:183} INFO - Processing /Users/noejalabert/airflow_venv/lib/python3.11/site-packages/airflow/example_dags/example_trigger_target_dag.py took 0.090 seconds
[2024-06-07T16:46:42.109+0200] {processor.py:161} INFO - Started process (PID=33938) to work on /Users/noejalabert/airflow_venv/lib/python3.11/site-packages/airflow/example_dags/example_trigger_target_dag.py
[2024-06-07T16:46:42.110+0200] {processor.py:830} INFO - Processing file /Users/noejalabert/airflow_venv/lib/python3.11/site-packages/airflow/example_dags/example_trigger_target_dag.py for tasks to queue
[2024-06-07T16:46:42.110+0200] {logging_mixin.py:188} INFO - [2024-06-07T16:46:42.110+0200] {dagbag.py:540} INFO - Filling up the DagBag from /Users/noejalabert/airflow_venv/lib/python3.11/site-packages/airflow/example_dags/example_trigger_target_dag.py
[2024-06-07T16:46:42.131+0200] {processor.py:840} INFO - DAG(s) 'example_trigger_target_dag' retrieved from /Users/noejalabert/airflow_venv/lib/python3.11/site-packages/airflow/example_dags/example_trigger_target_dag.py
[2024-06-07T16:46:42.185+0200] {logging_mixin.py:188} INFO - [2024-06-07T16:46:42.184+0200] {dag.py:3096} INFO - Sync 1 DAGs
[2024-06-07T16:46:42.190+0200] {logging_mixin.py:188} INFO - [2024-06-07T16:46:42.189+0200] {dag.py:3954} INFO - Setting next_dagrun for example_trigger_target_dag to None, run_after=None
[2024-06-07T16:46:42.201+0200] {processor.py:183} INFO - Processing /Users/noejalabert/airflow_venv/lib/python3.11/site-packages/airflow/example_dags/example_trigger_target_dag.py took 0.093 seconds
[2024-06-07T16:48:26.345+0200] {processor.py:161} INFO - Started process (PID=34056) to work on /Users/noejalabert/airflow_venv/lib/python3.11/site-packages/airflow/example_dags/example_trigger_target_dag.py
[2024-06-07T16:48:26.347+0200] {processor.py:830} INFO - Processing file /Users/noejalabert/airflow_venv/lib/python3.11/site-packages/airflow/example_dags/example_trigger_target_dag.py for tasks to queue
[2024-06-07T16:48:26.347+0200] {logging_mixin.py:188} INFO - [2024-06-07T16:48:26.347+0200] {dagbag.py:540} INFO - Filling up the DagBag from /Users/noejalabert/airflow_venv/lib/python3.11/site-packages/airflow/example_dags/example_trigger_target_dag.py
[2024-06-07T16:48:26.367+0200] {processor.py:840} INFO - DAG(s) 'example_trigger_target_dag' retrieved from /Users/noejalabert/airflow_venv/lib/python3.11/site-packages/airflow/example_dags/example_trigger_target_dag.py
[2024-06-07T16:48:26.424+0200] {logging_mixin.py:188} INFO - [2024-06-07T16:48:26.424+0200] {dag.py:3096} INFO - Sync 1 DAGs
[2024-06-07T16:48:26.429+0200] {logging_mixin.py:188} INFO - [2024-06-07T16:48:26.429+0200] {dag.py:3954} INFO - Setting next_dagrun for example_trigger_target_dag to None, run_after=None
[2024-06-07T16:48:26.439+0200] {processor.py:183} INFO - Processing /Users/noejalabert/airflow_venv/lib/python3.11/site-packages/airflow/example_dags/example_trigger_target_dag.py took 0.097 seconds
[2024-06-07T16:50:13.522+0200] {processor.py:161} INFO - Started process (PID=34196) to work on /Users/noejalabert/airflow_venv/lib/python3.11/site-packages/airflow/example_dags/example_trigger_target_dag.py
[2024-06-07T16:50:13.524+0200] {processor.py:830} INFO - Processing file /Users/noejalabert/airflow_venv/lib/python3.11/site-packages/airflow/example_dags/example_trigger_target_dag.py for tasks to queue
[2024-06-07T16:50:13.524+0200] {logging_mixin.py:188} INFO - [2024-06-07T16:50:13.524+0200] {dagbag.py:540} INFO - Filling up the DagBag from /Users/noejalabert/airflow_venv/lib/python3.11/site-packages/airflow/example_dags/example_trigger_target_dag.py
[2024-06-07T16:50:13.544+0200] {processor.py:840} INFO - DAG(s) 'example_trigger_target_dag' retrieved from /Users/noejalabert/airflow_venv/lib/python3.11/site-packages/airflow/example_dags/example_trigger_target_dag.py
[2024-06-07T16:50:13.600+0200] {logging_mixin.py:188} INFO - [2024-06-07T16:50:13.600+0200] {dag.py:3096} INFO - Sync 1 DAGs
[2024-06-07T16:50:13.605+0200] {logging_mixin.py:188} INFO - [2024-06-07T16:50:13.605+0200] {dag.py:3954} INFO - Setting next_dagrun for example_trigger_target_dag to None, run_after=None
[2024-06-07T16:50:13.613+0200] {processor.py:183} INFO - Processing /Users/noejalabert/airflow_venv/lib/python3.11/site-packages/airflow/example_dags/example_trigger_target_dag.py took 0.093 seconds
[2024-06-07T16:51:56.769+0200] {processor.py:161} INFO - Started process (PID=34298) to work on /Users/noejalabert/airflow_venv/lib/python3.11/site-packages/airflow/example_dags/example_trigger_target_dag.py
[2024-06-07T16:51:56.771+0200] {processor.py:830} INFO - Processing file /Users/noejalabert/airflow_venv/lib/python3.11/site-packages/airflow/example_dags/example_trigger_target_dag.py for tasks to queue
[2024-06-07T16:51:56.772+0200] {logging_mixin.py:188} INFO - [2024-06-07T16:51:56.771+0200] {dagbag.py:540} INFO - Filling up the DagBag from /Users/noejalabert/airflow_venv/lib/python3.11/site-packages/airflow/example_dags/example_trigger_target_dag.py
[2024-06-07T16:51:56.796+0200] {processor.py:840} INFO - DAG(s) 'example_trigger_target_dag' retrieved from /Users/noejalabert/airflow_venv/lib/python3.11/site-packages/airflow/example_dags/example_trigger_target_dag.py
[2024-06-07T16:51:56.853+0200] {logging_mixin.py:188} INFO - [2024-06-07T16:51:56.853+0200] {dag.py:3096} INFO - Sync 1 DAGs
[2024-06-07T16:51:56.858+0200] {logging_mixin.py:188} INFO - [2024-06-07T16:51:56.858+0200] {dag.py:3954} INFO - Setting next_dagrun for example_trigger_target_dag to None, run_after=None
[2024-06-07T16:51:56.866+0200] {processor.py:183} INFO - Processing /Users/noejalabert/airflow_venv/lib/python3.11/site-packages/airflow/example_dags/example_trigger_target_dag.py took 0.100 seconds
[2024-06-07T16:53:35.772+0200] {processor.py:161} INFO - Started process (PID=34415) to work on /Users/noejalabert/airflow_venv/lib/python3.11/site-packages/airflow/example_dags/example_trigger_target_dag.py
[2024-06-07T16:53:35.773+0200] {processor.py:830} INFO - Processing file /Users/noejalabert/airflow_venv/lib/python3.11/site-packages/airflow/example_dags/example_trigger_target_dag.py for tasks to queue
[2024-06-07T16:53:35.773+0200] {logging_mixin.py:188} INFO - [2024-06-07T16:53:35.773+0200] {dagbag.py:540} INFO - Filling up the DagBag from /Users/noejalabert/airflow_venv/lib/python3.11/site-packages/airflow/example_dags/example_trigger_target_dag.py
[2024-06-07T16:53:35.791+0200] {processor.py:840} INFO - DAG(s) 'example_trigger_target_dag' retrieved from /Users/noejalabert/airflow_venv/lib/python3.11/site-packages/airflow/example_dags/example_trigger_target_dag.py
[2024-06-07T16:53:35.838+0200] {logging_mixin.py:188} INFO - [2024-06-07T16:53:35.838+0200] {dag.py:3096} INFO - Sync 1 DAGs
[2024-06-07T16:53:35.842+0200] {logging_mixin.py:188} INFO - [2024-06-07T16:53:35.842+0200] {dag.py:3954} INFO - Setting next_dagrun for example_trigger_target_dag to None, run_after=None
[2024-06-07T16:53:35.850+0200] {processor.py:183} INFO - Processing /Users/noejalabert/airflow_venv/lib/python3.11/site-packages/airflow/example_dags/example_trigger_target_dag.py took 0.080 seconds
[2024-06-07T16:55:11.276+0200] {processor.py:161} INFO - Started process (PID=34522) to work on /Users/noejalabert/airflow_venv/lib/python3.11/site-packages/airflow/example_dags/example_trigger_target_dag.py
[2024-06-07T16:55:11.277+0200] {processor.py:830} INFO - Processing file /Users/noejalabert/airflow_venv/lib/python3.11/site-packages/airflow/example_dags/example_trigger_target_dag.py for tasks to queue
[2024-06-07T16:55:11.277+0200] {logging_mixin.py:188} INFO - [2024-06-07T16:55:11.277+0200] {dagbag.py:540} INFO - Filling up the DagBag from /Users/noejalabert/airflow_venv/lib/python3.11/site-packages/airflow/example_dags/example_trigger_target_dag.py
[2024-06-07T16:55:11.294+0200] {processor.py:840} INFO - DAG(s) 'example_trigger_target_dag' retrieved from /Users/noejalabert/airflow_venv/lib/python3.11/site-packages/airflow/example_dags/example_trigger_target_dag.py
[2024-06-07T16:55:11.339+0200] {logging_mixin.py:188} INFO - [2024-06-07T16:55:11.339+0200] {dag.py:3096} INFO - Sync 1 DAGs
[2024-06-07T16:55:11.343+0200] {logging_mixin.py:188} INFO - [2024-06-07T16:55:11.343+0200] {dag.py:3954} INFO - Setting next_dagrun for example_trigger_target_dag to None, run_after=None
[2024-06-07T16:55:11.350+0200] {processor.py:183} INFO - Processing /Users/noejalabert/airflow_venv/lib/python3.11/site-packages/airflow/example_dags/example_trigger_target_dag.py took 0.076 seconds
[2024-06-07T16:56:48.650+0200] {processor.py:161} INFO - Started process (PID=34656) to work on /Users/noejalabert/airflow_venv/lib/python3.11/site-packages/airflow/example_dags/example_trigger_target_dag.py
[2024-06-07T16:56:48.652+0200] {processor.py:830} INFO - Processing file /Users/noejalabert/airflow_venv/lib/python3.11/site-packages/airflow/example_dags/example_trigger_target_dag.py for tasks to queue
[2024-06-07T16:56:48.652+0200] {logging_mixin.py:188} INFO - [2024-06-07T16:56:48.652+0200] {dagbag.py:540} INFO - Filling up the DagBag from /Users/noejalabert/airflow_venv/lib/python3.11/site-packages/airflow/example_dags/example_trigger_target_dag.py
[2024-06-07T16:56:48.672+0200] {processor.py:840} INFO - DAG(s) 'example_trigger_target_dag' retrieved from /Users/noejalabert/airflow_venv/lib/python3.11/site-packages/airflow/example_dags/example_trigger_target_dag.py
[2024-06-07T16:56:48.723+0200] {logging_mixin.py:188} INFO - [2024-06-07T16:56:48.723+0200] {dag.py:3096} INFO - Sync 1 DAGs
[2024-06-07T16:56:48.727+0200] {logging_mixin.py:188} INFO - [2024-06-07T16:56:48.727+0200] {dag.py:3954} INFO - Setting next_dagrun for example_trigger_target_dag to None, run_after=None
[2024-06-07T16:56:48.735+0200] {processor.py:183} INFO - Processing /Users/noejalabert/airflow_venv/lib/python3.11/site-packages/airflow/example_dags/example_trigger_target_dag.py took 0.086 seconds
