[2024-06-07T16:10:02.493+0200] {processor.py:161} INFO - Started process (PID=31699) to work on /Users/noejalabert/airflow_venv/lib/python3.11/site-packages/airflow/example_dags/example_skip_dag.py
[2024-06-07T16:10:02.494+0200] {processor.py:830} INFO - Processing file /Users/noejalabert/airflow_venv/lib/python3.11/site-packages/airflow/example_dags/example_skip_dag.py for tasks to queue
[2024-06-07T16:10:02.494+0200] {logging_mixin.py:188} INFO - [2024-06-07T16:10:02.494+0200] {dagbag.py:540} INFO - Filling up the DagBag from /Users/noejalabert/airflow_venv/lib/python3.11/site-packages/airflow/example_dags/example_skip_dag.py
[2024-06-07T16:10:02.499+0200] {processor.py:840} INFO - DAG(s) 'example_skip_dag' retrieved from /Users/noejalabert/airflow_venv/lib/python3.11/site-packages/airflow/example_dags/example_skip_dag.py
[2024-06-07T16:10:02.586+0200] {logging_mixin.py:188} INFO - [2024-06-07T16:10:02.586+0200] {dag.py:3096} INFO - Sync 1 DAGs
[2024-06-07T16:10:02.592+0200] {logging_mixin.py:188} INFO - [2024-06-07T16:10:02.592+0200] {dag.py:3954} INFO - Setting next_dagrun for example_skip_dag to 2024-06-06 00:00:00+00:00, run_after=2024-06-07 00:00:00+00:00
[2024-06-07T16:10:02.600+0200] {processor.py:183} INFO - Processing /Users/noejalabert/airflow_venv/lib/python3.11/site-packages/airflow/example_dags/example_skip_dag.py took 0.108 seconds
[2024-06-07T16:11:40.963+0200] {processor.py:161} INFO - Started process (PID=31781) to work on /Users/noejalabert/airflow_venv/lib/python3.11/site-packages/airflow/example_dags/example_skip_dag.py
[2024-06-07T16:11:40.964+0200] {processor.py:830} INFO - Processing file /Users/noejalabert/airflow_venv/lib/python3.11/site-packages/airflow/example_dags/example_skip_dag.py for tasks to queue
[2024-06-07T16:11:40.965+0200] {logging_mixin.py:188} INFO - [2024-06-07T16:11:40.965+0200] {dagbag.py:540} INFO - Filling up the DagBag from /Users/noejalabert/airflow_venv/lib/python3.11/site-packages/airflow/example_dags/example_skip_dag.py
[2024-06-07T16:11:40.968+0200] {processor.py:840} INFO - DAG(s) 'example_skip_dag' retrieved from /Users/noejalabert/airflow_venv/lib/python3.11/site-packages/airflow/example_dags/example_skip_dag.py
[2024-06-07T16:11:41.025+0200] {logging_mixin.py:188} INFO - [2024-06-07T16:11:41.025+0200] {dag.py:3096} INFO - Sync 1 DAGs
[2024-06-07T16:11:41.033+0200] {logging_mixin.py:188} INFO - [2024-06-07T16:11:41.033+0200] {dag.py:3954} INFO - Setting next_dagrun for example_skip_dag to 2024-06-06 00:00:00+00:00, run_after=2024-06-07 00:00:00+00:00
[2024-06-07T16:11:41.041+0200] {processor.py:183} INFO - Processing /Users/noejalabert/airflow_venv/lib/python3.11/site-packages/airflow/example_dags/example_skip_dag.py took 0.079 seconds
[2024-06-07T16:13:17.723+0200] {processor.py:161} INFO - Started process (PID=31873) to work on /Users/noejalabert/airflow_venv/lib/python3.11/site-packages/airflow/example_dags/example_skip_dag.py
[2024-06-07T16:13:17.724+0200] {processor.py:830} INFO - Processing file /Users/noejalabert/airflow_venv/lib/python3.11/site-packages/airflow/example_dags/example_skip_dag.py for tasks to queue
[2024-06-07T16:13:17.724+0200] {logging_mixin.py:188} INFO - [2024-06-07T16:13:17.724+0200] {dagbag.py:540} INFO - Filling up the DagBag from /Users/noejalabert/airflow_venv/lib/python3.11/site-packages/airflow/example_dags/example_skip_dag.py
[2024-06-07T16:13:17.728+0200] {processor.py:840} INFO - DAG(s) 'example_skip_dag' retrieved from /Users/noejalabert/airflow_venv/lib/python3.11/site-packages/airflow/example_dags/example_skip_dag.py
[2024-06-07T16:13:17.775+0200] {logging_mixin.py:188} INFO - [2024-06-07T16:13:17.775+0200] {dag.py:3096} INFO - Sync 1 DAGs
[2024-06-07T16:13:17.783+0200] {logging_mixin.py:188} INFO - [2024-06-07T16:13:17.783+0200] {dag.py:3954} INFO - Setting next_dagrun for example_skip_dag to 2024-06-06 00:00:00+00:00, run_after=2024-06-07 00:00:00+00:00
[2024-06-07T16:13:17.790+0200] {processor.py:183} INFO - Processing /Users/noejalabert/airflow_venv/lib/python3.11/site-packages/airflow/example_dags/example_skip_dag.py took 0.069 seconds
[2024-06-07T16:14:50.969+0200] {processor.py:161} INFO - Started process (PID=31961) to work on /Users/noejalabert/airflow_venv/lib/python3.11/site-packages/airflow/example_dags/example_skip_dag.py
[2024-06-07T16:14:50.970+0200] {processor.py:830} INFO - Processing file /Users/noejalabert/airflow_venv/lib/python3.11/site-packages/airflow/example_dags/example_skip_dag.py for tasks to queue
[2024-06-07T16:14:50.971+0200] {logging_mixin.py:188} INFO - [2024-06-07T16:14:50.970+0200] {dagbag.py:540} INFO - Filling up the DagBag from /Users/noejalabert/airflow_venv/lib/python3.11/site-packages/airflow/example_dags/example_skip_dag.py
[2024-06-07T16:14:50.974+0200] {processor.py:840} INFO - DAG(s) 'example_skip_dag' retrieved from /Users/noejalabert/airflow_venv/lib/python3.11/site-packages/airflow/example_dags/example_skip_dag.py
[2024-06-07T16:14:51.023+0200] {logging_mixin.py:188} INFO - [2024-06-07T16:14:51.023+0200] {dag.py:3096} INFO - Sync 1 DAGs
[2024-06-07T16:14:51.030+0200] {logging_mixin.py:188} INFO - [2024-06-07T16:14:51.030+0200] {dag.py:3954} INFO - Setting next_dagrun for example_skip_dag to 2024-06-06 00:00:00+00:00, run_after=2024-06-07 00:00:00+00:00
[2024-06-07T16:14:51.038+0200] {processor.py:183} INFO - Processing /Users/noejalabert/airflow_venv/lib/python3.11/site-packages/airflow/example_dags/example_skip_dag.py took 0.070 seconds
[2024-06-07T16:16:23.233+0200] {processor.py:161} INFO - Started process (PID=32030) to work on /Users/noejalabert/airflow_venv/lib/python3.11/site-packages/airflow/example_dags/example_skip_dag.py
[2024-06-07T16:16:23.235+0200] {processor.py:830} INFO - Processing file /Users/noejalabert/airflow_venv/lib/python3.11/site-packages/airflow/example_dags/example_skip_dag.py for tasks to queue
[2024-06-07T16:16:23.235+0200] {logging_mixin.py:188} INFO - [2024-06-07T16:16:23.235+0200] {dagbag.py:540} INFO - Filling up the DagBag from /Users/noejalabert/airflow_venv/lib/python3.11/site-packages/airflow/example_dags/example_skip_dag.py
[2024-06-07T16:16:23.238+0200] {processor.py:840} INFO - DAG(s) 'example_skip_dag' retrieved from /Users/noejalabert/airflow_venv/lib/python3.11/site-packages/airflow/example_dags/example_skip_dag.py
[2024-06-07T16:16:23.286+0200] {logging_mixin.py:188} INFO - [2024-06-07T16:16:23.286+0200] {dag.py:3096} INFO - Sync 1 DAGs
[2024-06-07T16:16:23.294+0200] {logging_mixin.py:188} INFO - [2024-06-07T16:16:23.294+0200] {dag.py:3954} INFO - Setting next_dagrun for example_skip_dag to 2024-06-06 00:00:00+00:00, run_after=2024-06-07 00:00:00+00:00
[2024-06-07T16:16:23.301+0200] {processor.py:183} INFO - Processing /Users/noejalabert/airflow_venv/lib/python3.11/site-packages/airflow/example_dags/example_skip_dag.py took 0.069 seconds
[2024-06-07T16:17:56.834+0200] {processor.py:161} INFO - Started process (PID=32116) to work on /Users/noejalabert/airflow_venv/lib/python3.11/site-packages/airflow/example_dags/example_skip_dag.py
[2024-06-07T16:17:56.835+0200] {processor.py:830} INFO - Processing file /Users/noejalabert/airflow_venv/lib/python3.11/site-packages/airflow/example_dags/example_skip_dag.py for tasks to queue
[2024-06-07T16:17:56.835+0200] {logging_mixin.py:188} INFO - [2024-06-07T16:17:56.835+0200] {dagbag.py:540} INFO - Filling up the DagBag from /Users/noejalabert/airflow_venv/lib/python3.11/site-packages/airflow/example_dags/example_skip_dag.py
[2024-06-07T16:17:56.839+0200] {processor.py:840} INFO - DAG(s) 'example_skip_dag' retrieved from /Users/noejalabert/airflow_venv/lib/python3.11/site-packages/airflow/example_dags/example_skip_dag.py
[2024-06-07T16:17:56.887+0200] {logging_mixin.py:188} INFO - [2024-06-07T16:17:56.887+0200] {dag.py:3096} INFO - Sync 1 DAGs
[2024-06-07T16:17:56.894+0200] {logging_mixin.py:188} INFO - [2024-06-07T16:17:56.894+0200] {dag.py:3954} INFO - Setting next_dagrun for example_skip_dag to 2024-06-06 00:00:00+00:00, run_after=2024-06-07 00:00:00+00:00
[2024-06-07T16:17:56.902+0200] {processor.py:183} INFO - Processing /Users/noejalabert/airflow_venv/lib/python3.11/site-packages/airflow/example_dags/example_skip_dag.py took 0.070 seconds
[2024-06-07T16:19:26.465+0200] {processor.py:161} INFO - Started process (PID=32192) to work on /Users/noejalabert/airflow_venv/lib/python3.11/site-packages/airflow/example_dags/example_skip_dag.py
[2024-06-07T16:19:26.467+0200] {processor.py:830} INFO - Processing file /Users/noejalabert/airflow_venv/lib/python3.11/site-packages/airflow/example_dags/example_skip_dag.py for tasks to queue
[2024-06-07T16:19:26.467+0200] {logging_mixin.py:188} INFO - [2024-06-07T16:19:26.467+0200] {dagbag.py:540} INFO - Filling up the DagBag from /Users/noejalabert/airflow_venv/lib/python3.11/site-packages/airflow/example_dags/example_skip_dag.py
[2024-06-07T16:19:26.471+0200] {processor.py:840} INFO - DAG(s) 'example_skip_dag' retrieved from /Users/noejalabert/airflow_venv/lib/python3.11/site-packages/airflow/example_dags/example_skip_dag.py
[2024-06-07T16:19:26.520+0200] {logging_mixin.py:188} INFO - [2024-06-07T16:19:26.519+0200] {dag.py:3096} INFO - Sync 1 DAGs
[2024-06-07T16:19:26.527+0200] {logging_mixin.py:188} INFO - [2024-06-07T16:19:26.527+0200] {dag.py:3954} INFO - Setting next_dagrun for example_skip_dag to 2024-06-06 00:00:00+00:00, run_after=2024-06-07 00:00:00+00:00
[2024-06-07T16:19:26.535+0200] {processor.py:183} INFO - Processing /Users/noejalabert/airflow_venv/lib/python3.11/site-packages/airflow/example_dags/example_skip_dag.py took 0.071 seconds
[2024-06-07T16:20:59.520+0200] {processor.py:161} INFO - Started process (PID=32275) to work on /Users/noejalabert/airflow_venv/lib/python3.11/site-packages/airflow/example_dags/example_skip_dag.py
[2024-06-07T16:20:59.522+0200] {processor.py:830} INFO - Processing file /Users/noejalabert/airflow_venv/lib/python3.11/site-packages/airflow/example_dags/example_skip_dag.py for tasks to queue
[2024-06-07T16:20:59.522+0200] {logging_mixin.py:188} INFO - [2024-06-07T16:20:59.522+0200] {dagbag.py:540} INFO - Filling up the DagBag from /Users/noejalabert/airflow_venv/lib/python3.11/site-packages/airflow/example_dags/example_skip_dag.py
[2024-06-07T16:20:59.526+0200] {processor.py:840} INFO - DAG(s) 'example_skip_dag' retrieved from /Users/noejalabert/airflow_venv/lib/python3.11/site-packages/airflow/example_dags/example_skip_dag.py
[2024-06-07T16:20:59.575+0200] {logging_mixin.py:188} INFO - [2024-06-07T16:20:59.575+0200] {dag.py:3096} INFO - Sync 1 DAGs
[2024-06-07T16:20:59.585+0200] {logging_mixin.py:188} INFO - [2024-06-07T16:20:59.585+0200] {dag.py:3954} INFO - Setting next_dagrun for example_skip_dag to 2024-06-06 00:00:00+00:00, run_after=2024-06-07 00:00:00+00:00
[2024-06-07T16:20:59.593+0200] {processor.py:183} INFO - Processing /Users/noejalabert/airflow_venv/lib/python3.11/site-packages/airflow/example_dags/example_skip_dag.py took 0.074 seconds
[2024-06-07T16:22:32.701+0200] {processor.py:161} INFO - Started process (PID=32360) to work on /Users/noejalabert/airflow_venv/lib/python3.11/site-packages/airflow/example_dags/example_skip_dag.py
[2024-06-07T16:22:32.702+0200] {processor.py:830} INFO - Processing file /Users/noejalabert/airflow_venv/lib/python3.11/site-packages/airflow/example_dags/example_skip_dag.py for tasks to queue
[2024-06-07T16:22:32.702+0200] {logging_mixin.py:188} INFO - [2024-06-07T16:22:32.702+0200] {dagbag.py:540} INFO - Filling up the DagBag from /Users/noejalabert/airflow_venv/lib/python3.11/site-packages/airflow/example_dags/example_skip_dag.py
[2024-06-07T16:22:32.706+0200] {processor.py:840} INFO - DAG(s) 'example_skip_dag' retrieved from /Users/noejalabert/airflow_venv/lib/python3.11/site-packages/airflow/example_dags/example_skip_dag.py
[2024-06-07T16:22:32.759+0200] {logging_mixin.py:188} INFO - [2024-06-07T16:22:32.759+0200] {dag.py:3096} INFO - Sync 1 DAGs
[2024-06-07T16:22:32.767+0200] {logging_mixin.py:188} INFO - [2024-06-07T16:22:32.767+0200] {dag.py:3954} INFO - Setting next_dagrun for example_skip_dag to 2024-06-06 00:00:00+00:00, run_after=2024-06-07 00:00:00+00:00
[2024-06-07T16:22:32.774+0200] {processor.py:183} INFO - Processing /Users/noejalabert/airflow_venv/lib/python3.11/site-packages/airflow/example_dags/example_skip_dag.py took 0.075 seconds
[2024-06-07T16:24:08.111+0200] {processor.py:161} INFO - Started process (PID=32434) to work on /Users/noejalabert/airflow_venv/lib/python3.11/site-packages/airflow/example_dags/example_skip_dag.py
[2024-06-07T16:24:08.113+0200] {processor.py:830} INFO - Processing file /Users/noejalabert/airflow_venv/lib/python3.11/site-packages/airflow/example_dags/example_skip_dag.py for tasks to queue
[2024-06-07T16:24:08.113+0200] {logging_mixin.py:188} INFO - [2024-06-07T16:24:08.113+0200] {dagbag.py:540} INFO - Filling up the DagBag from /Users/noejalabert/airflow_venv/lib/python3.11/site-packages/airflow/example_dags/example_skip_dag.py
[2024-06-07T16:24:08.116+0200] {processor.py:840} INFO - DAG(s) 'example_skip_dag' retrieved from /Users/noejalabert/airflow_venv/lib/python3.11/site-packages/airflow/example_dags/example_skip_dag.py
[2024-06-07T16:24:08.164+0200] {logging_mixin.py:188} INFO - [2024-06-07T16:24:08.164+0200] {dag.py:3096} INFO - Sync 1 DAGs
[2024-06-07T16:24:08.171+0200] {logging_mixin.py:188} INFO - [2024-06-07T16:24:08.171+0200] {dag.py:3954} INFO - Setting next_dagrun for example_skip_dag to 2024-06-06 00:00:00+00:00, run_after=2024-06-07 00:00:00+00:00
[2024-06-07T16:24:08.179+0200] {processor.py:183} INFO - Processing /Users/noejalabert/airflow_venv/lib/python3.11/site-packages/airflow/example_dags/example_skip_dag.py took 0.069 seconds
[2024-06-07T16:25:41.194+0200] {processor.py:161} INFO - Started process (PID=32520) to work on /Users/noejalabert/airflow_venv/lib/python3.11/site-packages/airflow/example_dags/example_skip_dag.py
[2024-06-07T16:25:41.194+0200] {processor.py:830} INFO - Processing file /Users/noejalabert/airflow_venv/lib/python3.11/site-packages/airflow/example_dags/example_skip_dag.py for tasks to queue
[2024-06-07T16:25:41.195+0200] {logging_mixin.py:188} INFO - [2024-06-07T16:25:41.194+0200] {dagbag.py:540} INFO - Filling up the DagBag from /Users/noejalabert/airflow_venv/lib/python3.11/site-packages/airflow/example_dags/example_skip_dag.py
[2024-06-07T16:25:41.198+0200] {processor.py:840} INFO - DAG(s) 'example_skip_dag' retrieved from /Users/noejalabert/airflow_venv/lib/python3.11/site-packages/airflow/example_dags/example_skip_dag.py
[2024-06-07T16:25:41.247+0200] {logging_mixin.py:188} INFO - [2024-06-07T16:25:41.247+0200] {dag.py:3096} INFO - Sync 1 DAGs
[2024-06-07T16:25:41.256+0200] {logging_mixin.py:188} INFO - [2024-06-07T16:25:41.256+0200] {dag.py:3954} INFO - Setting next_dagrun for example_skip_dag to 2024-06-06 00:00:00+00:00, run_after=2024-06-07 00:00:00+00:00
[2024-06-07T16:25:41.265+0200] {processor.py:183} INFO - Processing /Users/noejalabert/airflow_venv/lib/python3.11/site-packages/airflow/example_dags/example_skip_dag.py took 0.072 seconds
[2024-06-07T16:27:11.589+0200] {processor.py:161} INFO - Started process (PID=32680) to work on /Users/noejalabert/airflow_venv/lib/python3.11/site-packages/airflow/example_dags/example_skip_dag.py
[2024-06-07T16:27:11.590+0200] {processor.py:830} INFO - Processing file /Users/noejalabert/airflow_venv/lib/python3.11/site-packages/airflow/example_dags/example_skip_dag.py for tasks to queue
[2024-06-07T16:27:11.590+0200] {logging_mixin.py:188} INFO - [2024-06-07T16:27:11.590+0200] {dagbag.py:540} INFO - Filling up the DagBag from /Users/noejalabert/airflow_venv/lib/python3.11/site-packages/airflow/example_dags/example_skip_dag.py
[2024-06-07T16:27:11.594+0200] {processor.py:840} INFO - DAG(s) 'example_skip_dag' retrieved from /Users/noejalabert/airflow_venv/lib/python3.11/site-packages/airflow/example_dags/example_skip_dag.py
[2024-06-07T16:27:11.645+0200] {logging_mixin.py:188} INFO - [2024-06-07T16:27:11.645+0200] {dag.py:3096} INFO - Sync 1 DAGs
[2024-06-07T16:27:11.652+0200] {logging_mixin.py:188} INFO - [2024-06-07T16:27:11.652+0200] {dag.py:3954} INFO - Setting next_dagrun for example_skip_dag to 2024-06-06 00:00:00+00:00, run_after=2024-06-07 00:00:00+00:00
[2024-06-07T16:27:11.660+0200] {processor.py:183} INFO - Processing /Users/noejalabert/airflow_venv/lib/python3.11/site-packages/airflow/example_dags/example_skip_dag.py took 0.073 seconds
[2024-06-07T16:28:41.127+0200] {processor.py:161} INFO - Started process (PID=32770) to work on /Users/noejalabert/airflow_venv/lib/python3.11/site-packages/airflow/example_dags/example_skip_dag.py
[2024-06-07T16:28:41.129+0200] {processor.py:830} INFO - Processing file /Users/noejalabert/airflow_venv/lib/python3.11/site-packages/airflow/example_dags/example_skip_dag.py for tasks to queue
[2024-06-07T16:28:41.129+0200] {logging_mixin.py:188} INFO - [2024-06-07T16:28:41.129+0200] {dagbag.py:540} INFO - Filling up the DagBag from /Users/noejalabert/airflow_venv/lib/python3.11/site-packages/airflow/example_dags/example_skip_dag.py
[2024-06-07T16:28:41.132+0200] {processor.py:840} INFO - DAG(s) 'example_skip_dag' retrieved from /Users/noejalabert/airflow_venv/lib/python3.11/site-packages/airflow/example_dags/example_skip_dag.py
[2024-06-07T16:28:41.181+0200] {logging_mixin.py:188} INFO - [2024-06-07T16:28:41.180+0200] {dag.py:3096} INFO - Sync 1 DAGs
[2024-06-07T16:28:41.188+0200] {logging_mixin.py:188} INFO - [2024-06-07T16:28:41.188+0200] {dag.py:3954} INFO - Setting next_dagrun for example_skip_dag to 2024-06-06 00:00:00+00:00, run_after=2024-06-07 00:00:00+00:00
[2024-06-07T16:28:41.195+0200] {processor.py:183} INFO - Processing /Users/noejalabert/airflow_venv/lib/python3.11/site-packages/airflow/example_dags/example_skip_dag.py took 0.070 seconds
[2024-06-07T16:30:14.711+0200] {processor.py:161} INFO - Started process (PID=32852) to work on /Users/noejalabert/airflow_venv/lib/python3.11/site-packages/airflow/example_dags/example_skip_dag.py
[2024-06-07T16:30:14.711+0200] {processor.py:830} INFO - Processing file /Users/noejalabert/airflow_venv/lib/python3.11/site-packages/airflow/example_dags/example_skip_dag.py for tasks to queue
[2024-06-07T16:30:14.712+0200] {logging_mixin.py:188} INFO - [2024-06-07T16:30:14.712+0200] {dagbag.py:540} INFO - Filling up the DagBag from /Users/noejalabert/airflow_venv/lib/python3.11/site-packages/airflow/example_dags/example_skip_dag.py
[2024-06-07T16:30:14.716+0200] {processor.py:840} INFO - DAG(s) 'example_skip_dag' retrieved from /Users/noejalabert/airflow_venv/lib/python3.11/site-packages/airflow/example_dags/example_skip_dag.py
[2024-06-07T16:30:14.764+0200] {logging_mixin.py:188} INFO - [2024-06-07T16:30:14.764+0200] {dag.py:3096} INFO - Sync 1 DAGs
[2024-06-07T16:30:14.772+0200] {logging_mixin.py:188} INFO - [2024-06-07T16:30:14.772+0200] {dag.py:3954} INFO - Setting next_dagrun for example_skip_dag to 2024-06-06 00:00:00+00:00, run_after=2024-06-07 00:00:00+00:00
[2024-06-07T16:30:14.780+0200] {processor.py:183} INFO - Processing /Users/noejalabert/airflow_venv/lib/python3.11/site-packages/airflow/example_dags/example_skip_dag.py took 0.070 seconds
[2024-06-07T16:31:49.069+0200] {processor.py:161} INFO - Started process (PID=32938) to work on /Users/noejalabert/airflow_venv/lib/python3.11/site-packages/airflow/example_dags/example_skip_dag.py
[2024-06-07T16:31:49.070+0200] {processor.py:830} INFO - Processing file /Users/noejalabert/airflow_venv/lib/python3.11/site-packages/airflow/example_dags/example_skip_dag.py for tasks to queue
[2024-06-07T16:31:49.070+0200] {logging_mixin.py:188} INFO - [2024-06-07T16:31:49.070+0200] {dagbag.py:540} INFO - Filling up the DagBag from /Users/noejalabert/airflow_venv/lib/python3.11/site-packages/airflow/example_dags/example_skip_dag.py
[2024-06-07T16:31:49.074+0200] {processor.py:840} INFO - DAG(s) 'example_skip_dag' retrieved from /Users/noejalabert/airflow_venv/lib/python3.11/site-packages/airflow/example_dags/example_skip_dag.py
[2024-06-07T16:31:49.122+0200] {logging_mixin.py:188} INFO - [2024-06-07T16:31:49.122+0200] {dag.py:3096} INFO - Sync 1 DAGs
[2024-06-07T16:31:49.129+0200] {logging_mixin.py:188} INFO - [2024-06-07T16:31:49.129+0200] {dag.py:3954} INFO - Setting next_dagrun for example_skip_dag to 2024-06-06 00:00:00+00:00, run_after=2024-06-07 00:00:00+00:00
[2024-06-07T16:31:49.137+0200] {processor.py:183} INFO - Processing /Users/noejalabert/airflow_venv/lib/python3.11/site-packages/airflow/example_dags/example_skip_dag.py took 0.070 seconds
[2024-06-07T16:33:19.274+0200] {processor.py:161} INFO - Started process (PID=33021) to work on /Users/noejalabert/airflow_venv/lib/python3.11/site-packages/airflow/example_dags/example_skip_dag.py
[2024-06-07T16:33:19.276+0200] {processor.py:830} INFO - Processing file /Users/noejalabert/airflow_venv/lib/python3.11/site-packages/airflow/example_dags/example_skip_dag.py for tasks to queue
[2024-06-07T16:33:19.276+0200] {logging_mixin.py:188} INFO - [2024-06-07T16:33:19.276+0200] {dagbag.py:540} INFO - Filling up the DagBag from /Users/noejalabert/airflow_venv/lib/python3.11/site-packages/airflow/example_dags/example_skip_dag.py
[2024-06-07T16:33:19.280+0200] {processor.py:840} INFO - DAG(s) 'example_skip_dag' retrieved from /Users/noejalabert/airflow_venv/lib/python3.11/site-packages/airflow/example_dags/example_skip_dag.py
[2024-06-07T16:33:19.328+0200] {logging_mixin.py:188} INFO - [2024-06-07T16:33:19.328+0200] {dag.py:3096} INFO - Sync 1 DAGs
[2024-06-07T16:33:19.336+0200] {logging_mixin.py:188} INFO - [2024-06-07T16:33:19.336+0200] {dag.py:3954} INFO - Setting next_dagrun for example_skip_dag to 2024-06-06 00:00:00+00:00, run_after=2024-06-07 00:00:00+00:00
[2024-06-07T16:33:19.343+0200] {processor.py:183} INFO - Processing /Users/noejalabert/airflow_venv/lib/python3.11/site-packages/airflow/example_dags/example_skip_dag.py took 0.070 seconds
[2024-06-07T16:34:59.151+0200] {processor.py:161} INFO - Started process (PID=33115) to work on /Users/noejalabert/airflow_venv/lib/python3.11/site-packages/airflow/example_dags/example_skip_dag.py
[2024-06-07T16:34:59.152+0200] {processor.py:830} INFO - Processing file /Users/noejalabert/airflow_venv/lib/python3.11/site-packages/airflow/example_dags/example_skip_dag.py for tasks to queue
[2024-06-07T16:34:59.152+0200] {logging_mixin.py:188} INFO - [2024-06-07T16:34:59.152+0200] {dagbag.py:540} INFO - Filling up the DagBag from /Users/noejalabert/airflow_venv/lib/python3.11/site-packages/airflow/example_dags/example_skip_dag.py
[2024-06-07T16:34:59.156+0200] {processor.py:840} INFO - DAG(s) 'example_skip_dag' retrieved from /Users/noejalabert/airflow_venv/lib/python3.11/site-packages/airflow/example_dags/example_skip_dag.py
[2024-06-07T16:34:59.210+0200] {logging_mixin.py:188} INFO - [2024-06-07T16:34:59.210+0200] {dag.py:3096} INFO - Sync 1 DAGs
[2024-06-07T16:34:59.219+0200] {logging_mixin.py:188} INFO - [2024-06-07T16:34:59.219+0200] {dag.py:3954} INFO - Setting next_dagrun for example_skip_dag to 2024-06-06 00:00:00+00:00, run_after=2024-06-07 00:00:00+00:00
[2024-06-07T16:34:59.227+0200] {processor.py:183} INFO - Processing /Users/noejalabert/airflow_venv/lib/python3.11/site-packages/airflow/example_dags/example_skip_dag.py took 0.077 seconds
[2024-06-07T16:36:51.172+0200] {processor.py:161} INFO - Started process (PID=33272) to work on /Users/noejalabert/airflow_venv/lib/python3.11/site-packages/airflow/example_dags/example_skip_dag.py
[2024-06-07T16:36:51.172+0200] {processor.py:830} INFO - Processing file /Users/noejalabert/airflow_venv/lib/python3.11/site-packages/airflow/example_dags/example_skip_dag.py for tasks to queue
[2024-06-07T16:36:51.173+0200] {logging_mixin.py:188} INFO - [2024-06-07T16:36:51.173+0200] {dagbag.py:540} INFO - Filling up the DagBag from /Users/noejalabert/airflow_venv/lib/python3.11/site-packages/airflow/example_dags/example_skip_dag.py
[2024-06-07T16:36:51.177+0200] {processor.py:840} INFO - DAG(s) 'example_skip_dag' retrieved from /Users/noejalabert/airflow_venv/lib/python3.11/site-packages/airflow/example_dags/example_skip_dag.py
[2024-06-07T16:36:51.228+0200] {logging_mixin.py:188} INFO - [2024-06-07T16:36:51.228+0200] {dag.py:3096} INFO - Sync 1 DAGs
[2024-06-07T16:36:51.237+0200] {logging_mixin.py:188} INFO - [2024-06-07T16:36:51.237+0200] {dag.py:3954} INFO - Setting next_dagrun for example_skip_dag to 2024-06-06 00:00:00+00:00, run_after=2024-06-07 00:00:00+00:00
[2024-06-07T16:36:51.245+0200] {processor.py:183} INFO - Processing /Users/noejalabert/airflow_venv/lib/python3.11/site-packages/airflow/example_dags/example_skip_dag.py took 0.076 seconds
[2024-06-07T16:38:29.095+0200] {processor.py:161} INFO - Started process (PID=33377) to work on /Users/noejalabert/airflow_venv/lib/python3.11/site-packages/airflow/example_dags/example_skip_dag.py
[2024-06-07T16:38:29.095+0200] {processor.py:830} INFO - Processing file /Users/noejalabert/airflow_venv/lib/python3.11/site-packages/airflow/example_dags/example_skip_dag.py for tasks to queue
[2024-06-07T16:38:29.096+0200] {logging_mixin.py:188} INFO - [2024-06-07T16:38:29.096+0200] {dagbag.py:540} INFO - Filling up the DagBag from /Users/noejalabert/airflow_venv/lib/python3.11/site-packages/airflow/example_dags/example_skip_dag.py
[2024-06-07T16:38:29.100+0200] {processor.py:840} INFO - DAG(s) 'example_skip_dag' retrieved from /Users/noejalabert/airflow_venv/lib/python3.11/site-packages/airflow/example_dags/example_skip_dag.py
[2024-06-07T16:38:29.153+0200] {logging_mixin.py:188} INFO - [2024-06-07T16:38:29.153+0200] {dag.py:3096} INFO - Sync 1 DAGs
[2024-06-07T16:38:29.161+0200] {logging_mixin.py:188} INFO - [2024-06-07T16:38:29.161+0200] {dag.py:3954} INFO - Setting next_dagrun for example_skip_dag to 2024-06-06 00:00:00+00:00, run_after=2024-06-07 00:00:00+00:00
[2024-06-07T16:38:29.169+0200] {processor.py:183} INFO - Processing /Users/noejalabert/airflow_venv/lib/python3.11/site-packages/airflow/example_dags/example_skip_dag.py took 0.076 seconds
[2024-06-07T16:40:10.822+0200] {processor.py:161} INFO - Started process (PID=33494) to work on /Users/noejalabert/airflow_venv/lib/python3.11/site-packages/airflow/example_dags/example_skip_dag.py
[2024-06-07T16:40:10.823+0200] {processor.py:830} INFO - Processing file /Users/noejalabert/airflow_venv/lib/python3.11/site-packages/airflow/example_dags/example_skip_dag.py for tasks to queue
[2024-06-07T16:40:10.823+0200] {logging_mixin.py:188} INFO - [2024-06-07T16:40:10.823+0200] {dagbag.py:540} INFO - Filling up the DagBag from /Users/noejalabert/airflow_venv/lib/python3.11/site-packages/airflow/example_dags/example_skip_dag.py
[2024-06-07T16:40:10.827+0200] {processor.py:840} INFO - DAG(s) 'example_skip_dag' retrieved from /Users/noejalabert/airflow_venv/lib/python3.11/site-packages/airflow/example_dags/example_skip_dag.py
[2024-06-07T16:40:10.881+0200] {logging_mixin.py:188} INFO - [2024-06-07T16:40:10.881+0200] {dag.py:3096} INFO - Sync 1 DAGs
[2024-06-07T16:40:10.890+0200] {logging_mixin.py:188} INFO - [2024-06-07T16:40:10.890+0200] {dag.py:3954} INFO - Setting next_dagrun for example_skip_dag to 2024-06-06 00:00:00+00:00, run_after=2024-06-07 00:00:00+00:00
[2024-06-07T16:40:10.900+0200] {processor.py:183} INFO - Processing /Users/noejalabert/airflow_venv/lib/python3.11/site-packages/airflow/example_dags/example_skip_dag.py took 0.080 seconds
[2024-06-07T16:41:51.823+0200] {processor.py:161} INFO - Started process (PID=33617) to work on /Users/noejalabert/airflow_venv/lib/python3.11/site-packages/airflow/example_dags/example_skip_dag.py
[2024-06-07T16:41:51.825+0200] {processor.py:830} INFO - Processing file /Users/noejalabert/airflow_venv/lib/python3.11/site-packages/airflow/example_dags/example_skip_dag.py for tasks to queue
[2024-06-07T16:41:51.825+0200] {logging_mixin.py:188} INFO - [2024-06-07T16:41:51.825+0200] {dagbag.py:540} INFO - Filling up the DagBag from /Users/noejalabert/airflow_venv/lib/python3.11/site-packages/airflow/example_dags/example_skip_dag.py
[2024-06-07T16:41:51.828+0200] {processor.py:840} INFO - DAG(s) 'example_skip_dag' retrieved from /Users/noejalabert/airflow_venv/lib/python3.11/site-packages/airflow/example_dags/example_skip_dag.py
[2024-06-07T16:41:51.885+0200] {logging_mixin.py:188} INFO - [2024-06-07T16:41:51.884+0200] {dag.py:3096} INFO - Sync 1 DAGs
[2024-06-07T16:41:51.893+0200] {logging_mixin.py:188} INFO - [2024-06-07T16:41:51.893+0200] {dag.py:3954} INFO - Setting next_dagrun for example_skip_dag to 2024-06-06 00:00:00+00:00, run_after=2024-06-07 00:00:00+00:00
[2024-06-07T16:41:51.902+0200] {processor.py:183} INFO - Processing /Users/noejalabert/airflow_venv/lib/python3.11/site-packages/airflow/example_dags/example_skip_dag.py took 0.080 seconds
[2024-06-07T16:43:30.209+0200] {processor.py:161} INFO - Started process (PID=33729) to work on /Users/noejalabert/airflow_venv/lib/python3.11/site-packages/airflow/example_dags/example_skip_dag.py
[2024-06-07T16:43:30.211+0200] {processor.py:830} INFO - Processing file /Users/noejalabert/airflow_venv/lib/python3.11/site-packages/airflow/example_dags/example_skip_dag.py for tasks to queue
[2024-06-07T16:43:30.211+0200] {logging_mixin.py:188} INFO - [2024-06-07T16:43:30.211+0200] {dagbag.py:540} INFO - Filling up the DagBag from /Users/noejalabert/airflow_venv/lib/python3.11/site-packages/airflow/example_dags/example_skip_dag.py
[2024-06-07T16:43:30.215+0200] {processor.py:840} INFO - DAG(s) 'example_skip_dag' retrieved from /Users/noejalabert/airflow_venv/lib/python3.11/site-packages/airflow/example_dags/example_skip_dag.py
[2024-06-07T16:43:30.270+0200] {logging_mixin.py:188} INFO - [2024-06-07T16:43:30.270+0200] {dag.py:3096} INFO - Sync 1 DAGs
[2024-06-07T16:43:30.278+0200] {logging_mixin.py:188} INFO - [2024-06-07T16:43:30.278+0200] {dag.py:3954} INFO - Setting next_dagrun for example_skip_dag to 2024-06-06 00:00:00+00:00, run_after=2024-06-07 00:00:00+00:00
[2024-06-07T16:43:30.286+0200] {processor.py:183} INFO - Processing /Users/noejalabert/airflow_venv/lib/python3.11/site-packages/airflow/example_dags/example_skip_dag.py took 0.079 seconds
[2024-06-07T16:45:11.118+0200] {processor.py:161} INFO - Started process (PID=33830) to work on /Users/noejalabert/airflow_venv/lib/python3.11/site-packages/airflow/example_dags/example_skip_dag.py
[2024-06-07T16:45:11.119+0200] {processor.py:830} INFO - Processing file /Users/noejalabert/airflow_venv/lib/python3.11/site-packages/airflow/example_dags/example_skip_dag.py for tasks to queue
[2024-06-07T16:45:11.119+0200] {logging_mixin.py:188} INFO - [2024-06-07T16:45:11.119+0200] {dagbag.py:540} INFO - Filling up the DagBag from /Users/noejalabert/airflow_venv/lib/python3.11/site-packages/airflow/example_dags/example_skip_dag.py
[2024-06-07T16:45:11.123+0200] {processor.py:840} INFO - DAG(s) 'example_skip_dag' retrieved from /Users/noejalabert/airflow_venv/lib/python3.11/site-packages/airflow/example_dags/example_skip_dag.py
[2024-06-07T16:45:11.179+0200] {logging_mixin.py:188} INFO - [2024-06-07T16:45:11.179+0200] {dag.py:3096} INFO - Sync 1 DAGs
[2024-06-07T16:45:11.190+0200] {logging_mixin.py:188} INFO - [2024-06-07T16:45:11.190+0200] {dag.py:3954} INFO - Setting next_dagrun for example_skip_dag to 2024-06-06 00:00:00+00:00, run_after=2024-06-07 00:00:00+00:00
[2024-06-07T16:45:11.199+0200] {processor.py:183} INFO - Processing /Users/noejalabert/airflow_venv/lib/python3.11/site-packages/airflow/example_dags/example_skip_dag.py took 0.084 seconds
[2024-06-07T16:46:55.959+0200] {processor.py:161} INFO - Started process (PID=33951) to work on /Users/noejalabert/airflow_venv/lib/python3.11/site-packages/airflow/example_dags/example_skip_dag.py
[2024-06-07T16:46:55.960+0200] {processor.py:830} INFO - Processing file /Users/noejalabert/airflow_venv/lib/python3.11/site-packages/airflow/example_dags/example_skip_dag.py for tasks to queue
[2024-06-07T16:46:55.960+0200] {logging_mixin.py:188} INFO - [2024-06-07T16:46:55.960+0200] {dagbag.py:540} INFO - Filling up the DagBag from /Users/noejalabert/airflow_venv/lib/python3.11/site-packages/airflow/example_dags/example_skip_dag.py
[2024-06-07T16:46:55.967+0200] {processor.py:840} INFO - DAG(s) 'example_skip_dag' retrieved from /Users/noejalabert/airflow_venv/lib/python3.11/site-packages/airflow/example_dags/example_skip_dag.py
[2024-06-07T16:46:56.026+0200] {logging_mixin.py:188} INFO - [2024-06-07T16:46:56.026+0200] {dag.py:3096} INFO - Sync 1 DAGs
[2024-06-07T16:46:56.036+0200] {logging_mixin.py:188} INFO - [2024-06-07T16:46:56.036+0200] {dag.py:3954} INFO - Setting next_dagrun for example_skip_dag to 2024-06-06 00:00:00+00:00, run_after=2024-06-07 00:00:00+00:00
[2024-06-07T16:46:56.045+0200] {processor.py:183} INFO - Processing /Users/noejalabert/airflow_venv/lib/python3.11/site-packages/airflow/example_dags/example_skip_dag.py took 0.091 seconds
[2024-06-07T16:48:39.903+0200] {processor.py:161} INFO - Started process (PID=34076) to work on /Users/noejalabert/airflow_venv/lib/python3.11/site-packages/airflow/example_dags/example_skip_dag.py
[2024-06-07T16:48:39.905+0200] {processor.py:830} INFO - Processing file /Users/noejalabert/airflow_venv/lib/python3.11/site-packages/airflow/example_dags/example_skip_dag.py for tasks to queue
[2024-06-07T16:48:39.905+0200] {logging_mixin.py:188} INFO - [2024-06-07T16:48:39.905+0200] {dagbag.py:540} INFO - Filling up the DagBag from /Users/noejalabert/airflow_venv/lib/python3.11/site-packages/airflow/example_dags/example_skip_dag.py
[2024-06-07T16:48:39.910+0200] {processor.py:840} INFO - DAG(s) 'example_skip_dag' retrieved from /Users/noejalabert/airflow_venv/lib/python3.11/site-packages/airflow/example_dags/example_skip_dag.py
[2024-06-07T16:48:39.972+0200] {logging_mixin.py:188} INFO - [2024-06-07T16:48:39.972+0200] {dag.py:3096} INFO - Sync 1 DAGs
[2024-06-07T16:48:39.982+0200] {logging_mixin.py:188} INFO - [2024-06-07T16:48:39.982+0200] {dag.py:3954} INFO - Setting next_dagrun for example_skip_dag to 2024-06-06 00:00:00+00:00, run_after=2024-06-07 00:00:00+00:00
[2024-06-07T16:48:39.993+0200] {processor.py:183} INFO - Processing /Users/noejalabert/airflow_venv/lib/python3.11/site-packages/airflow/example_dags/example_skip_dag.py took 0.092 seconds
[2024-06-07T16:50:27.454+0200] {processor.py:161} INFO - Started process (PID=34209) to work on /Users/noejalabert/airflow_venv/lib/python3.11/site-packages/airflow/example_dags/example_skip_dag.py
[2024-06-07T16:50:27.456+0200] {processor.py:830} INFO - Processing file /Users/noejalabert/airflow_venv/lib/python3.11/site-packages/airflow/example_dags/example_skip_dag.py for tasks to queue
[2024-06-07T16:50:27.456+0200] {logging_mixin.py:188} INFO - [2024-06-07T16:50:27.456+0200] {dagbag.py:540} INFO - Filling up the DagBag from /Users/noejalabert/airflow_venv/lib/python3.11/site-packages/airflow/example_dags/example_skip_dag.py
[2024-06-07T16:50:27.460+0200] {processor.py:840} INFO - DAG(s) 'example_skip_dag' retrieved from /Users/noejalabert/airflow_venv/lib/python3.11/site-packages/airflow/example_dags/example_skip_dag.py
[2024-06-07T16:50:27.513+0200] {logging_mixin.py:188} INFO - [2024-06-07T16:50:27.513+0200] {dag.py:3096} INFO - Sync 1 DAGs
[2024-06-07T16:50:27.521+0200] {logging_mixin.py:188} INFO - [2024-06-07T16:50:27.521+0200] {dag.py:3954} INFO - Setting next_dagrun for example_skip_dag to 2024-06-06 00:00:00+00:00, run_after=2024-06-07 00:00:00+00:00
[2024-06-07T16:50:27.529+0200] {processor.py:183} INFO - Processing /Users/noejalabert/airflow_venv/lib/python3.11/site-packages/airflow/example_dags/example_skip_dag.py took 0.076 seconds
[2024-06-07T16:52:10.047+0200] {processor.py:161} INFO - Started process (PID=34314) to work on /Users/noejalabert/airflow_venv/lib/python3.11/site-packages/airflow/example_dags/example_skip_dag.py
[2024-06-07T16:52:10.048+0200] {processor.py:830} INFO - Processing file /Users/noejalabert/airflow_venv/lib/python3.11/site-packages/airflow/example_dags/example_skip_dag.py for tasks to queue
[2024-06-07T16:52:10.048+0200] {logging_mixin.py:188} INFO - [2024-06-07T16:52:10.048+0200] {dagbag.py:540} INFO - Filling up the DagBag from /Users/noejalabert/airflow_venv/lib/python3.11/site-packages/airflow/example_dags/example_skip_dag.py
[2024-06-07T16:52:10.052+0200] {processor.py:840} INFO - DAG(s) 'example_skip_dag' retrieved from /Users/noejalabert/airflow_venv/lib/python3.11/site-packages/airflow/example_dags/example_skip_dag.py
[2024-06-07T16:52:10.109+0200] {logging_mixin.py:188} INFO - [2024-06-07T16:52:10.108+0200] {dag.py:3096} INFO - Sync 1 DAGs
[2024-06-07T16:52:10.120+0200] {logging_mixin.py:188} INFO - [2024-06-07T16:52:10.119+0200] {dag.py:3954} INFO - Setting next_dagrun for example_skip_dag to 2024-06-06 00:00:00+00:00, run_after=2024-06-07 00:00:00+00:00
[2024-06-07T16:52:10.130+0200] {processor.py:183} INFO - Processing /Users/noejalabert/airflow_venv/lib/python3.11/site-packages/airflow/example_dags/example_skip_dag.py took 0.084 seconds
[2024-06-07T16:53:49.139+0200] {processor.py:161} INFO - Started process (PID=34436) to work on /Users/noejalabert/airflow_venv/lib/python3.11/site-packages/airflow/example_dags/example_skip_dag.py
[2024-06-07T16:53:49.140+0200] {processor.py:830} INFO - Processing file /Users/noejalabert/airflow_venv/lib/python3.11/site-packages/airflow/example_dags/example_skip_dag.py for tasks to queue
[2024-06-07T16:53:49.140+0200] {logging_mixin.py:188} INFO - [2024-06-07T16:53:49.140+0200] {dagbag.py:540} INFO - Filling up the DagBag from /Users/noejalabert/airflow_venv/lib/python3.11/site-packages/airflow/example_dags/example_skip_dag.py
[2024-06-07T16:53:49.144+0200] {processor.py:840} INFO - DAG(s) 'example_skip_dag' retrieved from /Users/noejalabert/airflow_venv/lib/python3.11/site-packages/airflow/example_dags/example_skip_dag.py
[2024-06-07T16:53:49.195+0200] {logging_mixin.py:188} INFO - [2024-06-07T16:53:49.195+0200] {dag.py:3096} INFO - Sync 1 DAGs
[2024-06-07T16:53:49.203+0200] {logging_mixin.py:188} INFO - [2024-06-07T16:53:49.203+0200] {dag.py:3954} INFO - Setting next_dagrun for example_skip_dag to 2024-06-06 00:00:00+00:00, run_after=2024-06-07 00:00:00+00:00
[2024-06-07T16:53:49.211+0200] {processor.py:183} INFO - Processing /Users/noejalabert/airflow_venv/lib/python3.11/site-packages/airflow/example_dags/example_skip_dag.py took 0.074 seconds
[2024-06-07T16:55:24.025+0200] {processor.py:161} INFO - Started process (PID=34533) to work on /Users/noejalabert/airflow_venv/lib/python3.11/site-packages/airflow/example_dags/example_skip_dag.py
[2024-06-07T16:55:24.026+0200] {processor.py:830} INFO - Processing file /Users/noejalabert/airflow_venv/lib/python3.11/site-packages/airflow/example_dags/example_skip_dag.py for tasks to queue
[2024-06-07T16:55:24.026+0200] {logging_mixin.py:188} INFO - [2024-06-07T16:55:24.026+0200] {dagbag.py:540} INFO - Filling up the DagBag from /Users/noejalabert/airflow_venv/lib/python3.11/site-packages/airflow/example_dags/example_skip_dag.py
[2024-06-07T16:55:24.030+0200] {processor.py:840} INFO - DAG(s) 'example_skip_dag' retrieved from /Users/noejalabert/airflow_venv/lib/python3.11/site-packages/airflow/example_dags/example_skip_dag.py
[2024-06-07T16:55:24.078+0200] {logging_mixin.py:188} INFO - [2024-06-07T16:55:24.078+0200] {dag.py:3096} INFO - Sync 1 DAGs
[2024-06-07T16:55:24.085+0200] {logging_mixin.py:188} INFO - [2024-06-07T16:55:24.085+0200] {dag.py:3954} INFO - Setting next_dagrun for example_skip_dag to 2024-06-06 00:00:00+00:00, run_after=2024-06-07 00:00:00+00:00
[2024-06-07T16:55:24.093+0200] {processor.py:183} INFO - Processing /Users/noejalabert/airflow_venv/lib/python3.11/site-packages/airflow/example_dags/example_skip_dag.py took 0.070 seconds
[2024-06-07T16:57:00.888+0200] {processor.py:161} INFO - Started process (PID=34739) to work on /Users/noejalabert/airflow_venv/lib/python3.11/site-packages/airflow/example_dags/example_skip_dag.py
[2024-06-07T16:57:00.888+0200] {processor.py:830} INFO - Processing file /Users/noejalabert/airflow_venv/lib/python3.11/site-packages/airflow/example_dags/example_skip_dag.py for tasks to queue
[2024-06-07T16:57:00.889+0200] {logging_mixin.py:188} INFO - [2024-06-07T16:57:00.889+0200] {dagbag.py:540} INFO - Filling up the DagBag from /Users/noejalabert/airflow_venv/lib/python3.11/site-packages/airflow/example_dags/example_skip_dag.py
[2024-06-07T16:57:00.893+0200] {processor.py:840} INFO - DAG(s) 'example_skip_dag' retrieved from /Users/noejalabert/airflow_venv/lib/python3.11/site-packages/airflow/example_dags/example_skip_dag.py
[2024-06-07T16:57:00.941+0200] {logging_mixin.py:188} INFO - [2024-06-07T16:57:00.940+0200] {dag.py:3096} INFO - Sync 1 DAGs
[2024-06-07T16:57:00.948+0200] {logging_mixin.py:188} INFO - [2024-06-07T16:57:00.948+0200] {dag.py:3954} INFO - Setting next_dagrun for example_skip_dag to 2024-06-06 00:00:00+00:00, run_after=2024-06-07 00:00:00+00:00
[2024-06-07T16:57:00.955+0200] {processor.py:183} INFO - Processing /Users/noejalabert/airflow_venv/lib/python3.11/site-packages/airflow/example_dags/example_skip_dag.py took 0.069 seconds
[2024-06-07T16:58:35.625+0200] {processor.py:161} INFO - Started process (PID=34967) to work on /Users/noejalabert/airflow_venv/lib/python3.11/site-packages/airflow/example_dags/example_skip_dag.py
[2024-06-07T16:58:35.626+0200] {processor.py:830} INFO - Processing file /Users/noejalabert/airflow_venv/lib/python3.11/site-packages/airflow/example_dags/example_skip_dag.py for tasks to queue
[2024-06-07T16:58:35.626+0200] {logging_mixin.py:188} INFO - [2024-06-07T16:58:35.626+0200] {dagbag.py:540} INFO - Filling up the DagBag from /Users/noejalabert/airflow_venv/lib/python3.11/site-packages/airflow/example_dags/example_skip_dag.py
[2024-06-07T16:58:35.631+0200] {processor.py:840} INFO - DAG(s) 'example_skip_dag' retrieved from /Users/noejalabert/airflow_venv/lib/python3.11/site-packages/airflow/example_dags/example_skip_dag.py
[2024-06-07T16:58:35.689+0200] {logging_mixin.py:188} INFO - [2024-06-07T16:58:35.689+0200] {dag.py:3096} INFO - Sync 1 DAGs
[2024-06-07T16:58:35.699+0200] {logging_mixin.py:188} INFO - [2024-06-07T16:58:35.699+0200] {dag.py:3954} INFO - Setting next_dagrun for example_skip_dag to 2024-06-06 00:00:00+00:00, run_after=2024-06-07 00:00:00+00:00
[2024-06-07T16:58:35.708+0200] {processor.py:183} INFO - Processing /Users/noejalabert/airflow_venv/lib/python3.11/site-packages/airflow/example_dags/example_skip_dag.py took 0.084 seconds
[2024-06-07T17:00:11.880+0200] {processor.py:161} INFO - Started process (PID=35101) to work on /Users/noejalabert/airflow_venv/lib/python3.11/site-packages/airflow/example_dags/example_skip_dag.py
[2024-06-07T17:00:11.881+0200] {processor.py:830} INFO - Processing file /Users/noejalabert/airflow_venv/lib/python3.11/site-packages/airflow/example_dags/example_skip_dag.py for tasks to queue
[2024-06-07T17:00:11.881+0200] {logging_mixin.py:188} INFO - [2024-06-07T17:00:11.881+0200] {dagbag.py:540} INFO - Filling up the DagBag from /Users/noejalabert/airflow_venv/lib/python3.11/site-packages/airflow/example_dags/example_skip_dag.py
[2024-06-07T17:00:11.885+0200] {processor.py:840} INFO - DAG(s) 'example_skip_dag' retrieved from /Users/noejalabert/airflow_venv/lib/python3.11/site-packages/airflow/example_dags/example_skip_dag.py
[2024-06-07T17:00:11.932+0200] {logging_mixin.py:188} INFO - [2024-06-07T17:00:11.932+0200] {dag.py:3096} INFO - Sync 1 DAGs
[2024-06-07T17:00:11.939+0200] {logging_mixin.py:188} INFO - [2024-06-07T17:00:11.939+0200] {dag.py:3954} INFO - Setting next_dagrun for example_skip_dag to 2024-06-06 00:00:00+00:00, run_after=2024-06-07 00:00:00+00:00
[2024-06-07T17:00:11.947+0200] {processor.py:183} INFO - Processing /Users/noejalabert/airflow_venv/lib/python3.11/site-packages/airflow/example_dags/example_skip_dag.py took 0.068 seconds
[2024-06-07T17:01:48.402+0200] {processor.py:161} INFO - Started process (PID=35210) to work on /Users/noejalabert/airflow_venv/lib/python3.11/site-packages/airflow/example_dags/example_skip_dag.py
[2024-06-07T17:01:48.402+0200] {processor.py:830} INFO - Processing file /Users/noejalabert/airflow_venv/lib/python3.11/site-packages/airflow/example_dags/example_skip_dag.py for tasks to queue
[2024-06-07T17:01:48.403+0200] {logging_mixin.py:188} INFO - [2024-06-07T17:01:48.403+0200] {dagbag.py:540} INFO - Filling up the DagBag from /Users/noejalabert/airflow_venv/lib/python3.11/site-packages/airflow/example_dags/example_skip_dag.py
[2024-06-07T17:01:48.406+0200] {processor.py:840} INFO - DAG(s) 'example_skip_dag' retrieved from /Users/noejalabert/airflow_venv/lib/python3.11/site-packages/airflow/example_dags/example_skip_dag.py
[2024-06-07T17:01:48.456+0200] {logging_mixin.py:188} INFO - [2024-06-07T17:01:48.455+0200] {dag.py:3096} INFO - Sync 1 DAGs
[2024-06-07T17:01:48.464+0200] {logging_mixin.py:188} INFO - [2024-06-07T17:01:48.463+0200] {dag.py:3954} INFO - Setting next_dagrun for example_skip_dag to 2024-06-06 00:00:00+00:00, run_after=2024-06-07 00:00:00+00:00
[2024-06-07T17:01:48.471+0200] {processor.py:183} INFO - Processing /Users/noejalabert/airflow_venv/lib/python3.11/site-packages/airflow/example_dags/example_skip_dag.py took 0.071 seconds
[2024-06-07T17:03:26.517+0200] {processor.py:161} INFO - Started process (PID=35307) to work on /Users/noejalabert/airflow_venv/lib/python3.11/site-packages/airflow/example_dags/example_skip_dag.py
[2024-06-07T17:03:26.518+0200] {processor.py:830} INFO - Processing file /Users/noejalabert/airflow_venv/lib/python3.11/site-packages/airflow/example_dags/example_skip_dag.py for tasks to queue
[2024-06-07T17:03:26.518+0200] {logging_mixin.py:188} INFO - [2024-06-07T17:03:26.518+0200] {dagbag.py:540} INFO - Filling up the DagBag from /Users/noejalabert/airflow_venv/lib/python3.11/site-packages/airflow/example_dags/example_skip_dag.py
[2024-06-07T17:03:26.522+0200] {processor.py:840} INFO - DAG(s) 'example_skip_dag' retrieved from /Users/noejalabert/airflow_venv/lib/python3.11/site-packages/airflow/example_dags/example_skip_dag.py
[2024-06-07T17:03:26.575+0200] {logging_mixin.py:188} INFO - [2024-06-07T17:03:26.575+0200] {dag.py:3096} INFO - Sync 1 DAGs
[2024-06-07T17:03:26.583+0200] {logging_mixin.py:188} INFO - [2024-06-07T17:03:26.583+0200] {dag.py:3954} INFO - Setting next_dagrun for example_skip_dag to 2024-06-06 00:00:00+00:00, run_after=2024-06-07 00:00:00+00:00
[2024-06-07T17:03:26.591+0200] {processor.py:183} INFO - Processing /Users/noejalabert/airflow_venv/lib/python3.11/site-packages/airflow/example_dags/example_skip_dag.py took 0.075 seconds
[2024-06-07T17:05:05.845+0200] {processor.py:161} INFO - Started process (PID=35454) to work on /Users/noejalabert/airflow_venv/lib/python3.11/site-packages/airflow/example_dags/example_skip_dag.py
[2024-06-07T17:05:05.847+0200] {processor.py:830} INFO - Processing file /Users/noejalabert/airflow_venv/lib/python3.11/site-packages/airflow/example_dags/example_skip_dag.py for tasks to queue
[2024-06-07T17:05:05.847+0200] {logging_mixin.py:188} INFO - [2024-06-07T17:05:05.847+0200] {dagbag.py:540} INFO - Filling up the DagBag from /Users/noejalabert/airflow_venv/lib/python3.11/site-packages/airflow/example_dags/example_skip_dag.py
[2024-06-07T17:05:05.851+0200] {processor.py:840} INFO - DAG(s) 'example_skip_dag' retrieved from /Users/noejalabert/airflow_venv/lib/python3.11/site-packages/airflow/example_dags/example_skip_dag.py
[2024-06-07T17:05:05.901+0200] {logging_mixin.py:188} INFO - [2024-06-07T17:05:05.901+0200] {dag.py:3096} INFO - Sync 1 DAGs
[2024-06-07T17:05:05.908+0200] {logging_mixin.py:188} INFO - [2024-06-07T17:05:05.908+0200] {dag.py:3954} INFO - Setting next_dagrun for example_skip_dag to 2024-06-06 00:00:00+00:00, run_after=2024-06-07 00:00:00+00:00
[2024-06-07T17:05:05.916+0200] {processor.py:183} INFO - Processing /Users/noejalabert/airflow_venv/lib/python3.11/site-packages/airflow/example_dags/example_skip_dag.py took 0.072 seconds
[2024-06-07T17:06:41.468+0200] {processor.py:161} INFO - Started process (PID=35547) to work on /Users/noejalabert/airflow_venv/lib/python3.11/site-packages/airflow/example_dags/example_skip_dag.py
[2024-06-07T17:06:41.470+0200] {processor.py:830} INFO - Processing file /Users/noejalabert/airflow_venv/lib/python3.11/site-packages/airflow/example_dags/example_skip_dag.py for tasks to queue
[2024-06-07T17:06:41.470+0200] {logging_mixin.py:188} INFO - [2024-06-07T17:06:41.470+0200] {dagbag.py:540} INFO - Filling up the DagBag from /Users/noejalabert/airflow_venv/lib/python3.11/site-packages/airflow/example_dags/example_skip_dag.py
[2024-06-07T17:06:41.474+0200] {processor.py:840} INFO - DAG(s) 'example_skip_dag' retrieved from /Users/noejalabert/airflow_venv/lib/python3.11/site-packages/airflow/example_dags/example_skip_dag.py
[2024-06-07T17:06:41.525+0200] {logging_mixin.py:188} INFO - [2024-06-07T17:06:41.525+0200] {dag.py:3096} INFO - Sync 1 DAGs
[2024-06-07T17:06:41.533+0200] {logging_mixin.py:188} INFO - [2024-06-07T17:06:41.533+0200] {dag.py:3954} INFO - Setting next_dagrun for example_skip_dag to 2024-06-06 00:00:00+00:00, run_after=2024-06-07 00:00:00+00:00
[2024-06-07T17:06:41.541+0200] {processor.py:183} INFO - Processing /Users/noejalabert/airflow_venv/lib/python3.11/site-packages/airflow/example_dags/example_skip_dag.py took 0.074 seconds
[2024-06-07T17:08:19.268+0200] {processor.py:161} INFO - Started process (PID=35655) to work on /Users/noejalabert/airflow_venv/lib/python3.11/site-packages/airflow/example_dags/example_skip_dag.py
[2024-06-07T17:08:19.269+0200] {processor.py:830} INFO - Processing file /Users/noejalabert/airflow_venv/lib/python3.11/site-packages/airflow/example_dags/example_skip_dag.py for tasks to queue
[2024-06-07T17:08:19.269+0200] {logging_mixin.py:188} INFO - [2024-06-07T17:08:19.269+0200] {dagbag.py:540} INFO - Filling up the DagBag from /Users/noejalabert/airflow_venv/lib/python3.11/site-packages/airflow/example_dags/example_skip_dag.py
[2024-06-07T17:08:19.273+0200] {processor.py:840} INFO - DAG(s) 'example_skip_dag' retrieved from /Users/noejalabert/airflow_venv/lib/python3.11/site-packages/airflow/example_dags/example_skip_dag.py
[2024-06-07T17:08:19.323+0200] {logging_mixin.py:188} INFO - [2024-06-07T17:08:19.322+0200] {dag.py:3096} INFO - Sync 1 DAGs
[2024-06-07T17:08:19.330+0200] {logging_mixin.py:188} INFO - [2024-06-07T17:08:19.330+0200] {dag.py:3954} INFO - Setting next_dagrun for example_skip_dag to 2024-06-06 00:00:00+00:00, run_after=2024-06-07 00:00:00+00:00
[2024-06-07T17:08:19.338+0200] {processor.py:183} INFO - Processing /Users/noejalabert/airflow_venv/lib/python3.11/site-packages/airflow/example_dags/example_skip_dag.py took 0.072 seconds
[2024-06-07T17:09:52.896+0200] {processor.py:161} INFO - Started process (PID=35754) to work on /Users/noejalabert/airflow_venv/lib/python3.11/site-packages/airflow/example_dags/example_skip_dag.py
[2024-06-07T17:09:52.897+0200] {processor.py:830} INFO - Processing file /Users/noejalabert/airflow_venv/lib/python3.11/site-packages/airflow/example_dags/example_skip_dag.py for tasks to queue
[2024-06-07T17:09:52.897+0200] {logging_mixin.py:188} INFO - [2024-06-07T17:09:52.897+0200] {dagbag.py:540} INFO - Filling up the DagBag from /Users/noejalabert/airflow_venv/lib/python3.11/site-packages/airflow/example_dags/example_skip_dag.py
[2024-06-07T17:09:52.901+0200] {processor.py:840} INFO - DAG(s) 'example_skip_dag' retrieved from /Users/noejalabert/airflow_venv/lib/python3.11/site-packages/airflow/example_dags/example_skip_dag.py
[2024-06-07T17:09:52.952+0200] {logging_mixin.py:188} INFO - [2024-06-07T17:09:52.952+0200] {dag.py:3096} INFO - Sync 1 DAGs
[2024-06-07T17:09:52.961+0200] {logging_mixin.py:188} INFO - [2024-06-07T17:09:52.960+0200] {dag.py:3954} INFO - Setting next_dagrun for example_skip_dag to 2024-06-06 00:00:00+00:00, run_after=2024-06-07 00:00:00+00:00
[2024-06-07T17:09:52.969+0200] {processor.py:183} INFO - Processing /Users/noejalabert/airflow_venv/lib/python3.11/site-packages/airflow/example_dags/example_skip_dag.py took 0.074 seconds
[2024-06-07T17:11:28.043+0200] {processor.py:161} INFO - Started process (PID=35857) to work on /Users/noejalabert/airflow_venv/lib/python3.11/site-packages/airflow/example_dags/example_skip_dag.py
[2024-06-07T17:11:28.044+0200] {processor.py:830} INFO - Processing file /Users/noejalabert/airflow_venv/lib/python3.11/site-packages/airflow/example_dags/example_skip_dag.py for tasks to queue
[2024-06-07T17:11:28.044+0200] {logging_mixin.py:188} INFO - [2024-06-07T17:11:28.044+0200] {dagbag.py:540} INFO - Filling up the DagBag from /Users/noejalabert/airflow_venv/lib/python3.11/site-packages/airflow/example_dags/example_skip_dag.py
[2024-06-07T17:11:28.048+0200] {processor.py:840} INFO - DAG(s) 'example_skip_dag' retrieved from /Users/noejalabert/airflow_venv/lib/python3.11/site-packages/airflow/example_dags/example_skip_dag.py
[2024-06-07T17:11:28.097+0200] {logging_mixin.py:188} INFO - [2024-06-07T17:11:28.097+0200] {dag.py:3096} INFO - Sync 1 DAGs
[2024-06-07T17:11:28.104+0200] {logging_mixin.py:188} INFO - [2024-06-07T17:11:28.104+0200] {dag.py:3954} INFO - Setting next_dagrun for example_skip_dag to 2024-06-06 00:00:00+00:00, run_after=2024-06-07 00:00:00+00:00
[2024-06-07T17:11:28.112+0200] {processor.py:183} INFO - Processing /Users/noejalabert/airflow_venv/lib/python3.11/site-packages/airflow/example_dags/example_skip_dag.py took 0.070 seconds
[2024-06-07T17:13:02.485+0200] {processor.py:161} INFO - Started process (PID=35996) to work on /Users/noejalabert/airflow_venv/lib/python3.11/site-packages/airflow/example_dags/example_skip_dag.py
[2024-06-07T17:13:02.487+0200] {processor.py:830} INFO - Processing file /Users/noejalabert/airflow_venv/lib/python3.11/site-packages/airflow/example_dags/example_skip_dag.py for tasks to queue
[2024-06-07T17:13:02.487+0200] {logging_mixin.py:188} INFO - [2024-06-07T17:13:02.487+0200] {dagbag.py:540} INFO - Filling up the DagBag from /Users/noejalabert/airflow_venv/lib/python3.11/site-packages/airflow/example_dags/example_skip_dag.py
[2024-06-07T17:13:02.493+0200] {processor.py:840} INFO - DAG(s) 'example_skip_dag' retrieved from /Users/noejalabert/airflow_venv/lib/python3.11/site-packages/airflow/example_dags/example_skip_dag.py
[2024-06-07T17:13:02.548+0200] {logging_mixin.py:188} INFO - [2024-06-07T17:13:02.548+0200] {dag.py:3096} INFO - Sync 1 DAGs
[2024-06-07T17:13:02.556+0200] {logging_mixin.py:188} INFO - [2024-06-07T17:13:02.556+0200] {dag.py:3954} INFO - Setting next_dagrun for example_skip_dag to 2024-06-06 00:00:00+00:00, run_after=2024-06-07 00:00:00+00:00
[2024-06-07T17:13:02.564+0200] {processor.py:183} INFO - Processing /Users/noejalabert/airflow_venv/lib/python3.11/site-packages/airflow/example_dags/example_skip_dag.py took 0.080 seconds
[2024-06-07T17:14:39.215+0200] {processor.py:161} INFO - Started process (PID=36139) to work on /Users/noejalabert/airflow_venv/lib/python3.11/site-packages/airflow/example_dags/example_skip_dag.py
[2024-06-07T17:14:39.216+0200] {processor.py:830} INFO - Processing file /Users/noejalabert/airflow_venv/lib/python3.11/site-packages/airflow/example_dags/example_skip_dag.py for tasks to queue
[2024-06-07T17:14:39.217+0200] {logging_mixin.py:188} INFO - [2024-06-07T17:14:39.217+0200] {dagbag.py:540} INFO - Filling up the DagBag from /Users/noejalabert/airflow_venv/lib/python3.11/site-packages/airflow/example_dags/example_skip_dag.py
[2024-06-07T17:14:39.220+0200] {processor.py:840} INFO - DAG(s) 'example_skip_dag' retrieved from /Users/noejalabert/airflow_venv/lib/python3.11/site-packages/airflow/example_dags/example_skip_dag.py
[2024-06-07T17:14:39.269+0200] {logging_mixin.py:188} INFO - [2024-06-07T17:14:39.269+0200] {dag.py:3096} INFO - Sync 1 DAGs
[2024-06-07T17:14:39.276+0200] {logging_mixin.py:188} INFO - [2024-06-07T17:14:39.276+0200] {dag.py:3954} INFO - Setting next_dagrun for example_skip_dag to 2024-06-06 00:00:00+00:00, run_after=2024-06-07 00:00:00+00:00
[2024-06-07T17:14:39.284+0200] {processor.py:183} INFO - Processing /Users/noejalabert/airflow_venv/lib/python3.11/site-packages/airflow/example_dags/example_skip_dag.py took 0.070 seconds
