[2024-06-07T16:10:36.704+0200] {processor.py:161} INFO - Started process (PID=31731) to work on /Users/noejalabert/airflow_venv/lib/python3.11/site-packages/airflow/example_dags/example_dynamic_task_mapping.py
[2024-06-07T16:10:36.705+0200] {processor.py:830} INFO - Processing file /Users/noejalabert/airflow_venv/lib/python3.11/site-packages/airflow/example_dags/example_dynamic_task_mapping.py for tasks to queue
[2024-06-07T16:10:36.705+0200] {logging_mixin.py:188} INFO - [2024-06-07T16:10:36.705+0200] {dagbag.py:540} INFO - Filling up the DagBag from /Users/noejalabert/airflow_venv/lib/python3.11/site-packages/airflow/example_dags/example_dynamic_task_mapping.py
[2024-06-07T16:10:36.734+0200] {processor.py:840} INFO - DAG(s) 'example_dynamic_task_mapping' retrieved from /Users/noejalabert/airflow_venv/lib/python3.11/site-packages/airflow/example_dags/example_dynamic_task_mapping.py
[2024-06-07T16:10:36.838+0200] {logging_mixin.py:188} INFO - [2024-06-07T16:10:36.838+0200] {dag.py:3096} INFO - Sync 1 DAGs
[2024-06-07T16:10:36.879+0200] {logging_mixin.py:188} INFO - [2024-06-07T16:10:36.879+0200] {dag.py:3954} INFO - Setting next_dagrun for example_dynamic_task_mapping to 2022-03-04 00:00:00+00:00, run_after=2022-03-05 00:00:00+00:00
[2024-06-07T16:10:36.891+0200] {processor.py:183} INFO - Processing /Users/noejalabert/airflow_venv/lib/python3.11/site-packages/airflow/example_dags/example_dynamic_task_mapping.py took 0.189 seconds
[2024-06-07T16:12:18.739+0200] {processor.py:161} INFO - Started process (PID=31825) to work on /Users/noejalabert/airflow_venv/lib/python3.11/site-packages/airflow/example_dags/example_dynamic_task_mapping.py
[2024-06-07T16:12:18.740+0200] {processor.py:830} INFO - Processing file /Users/noejalabert/airflow_venv/lib/python3.11/site-packages/airflow/example_dags/example_dynamic_task_mapping.py for tasks to queue
[2024-06-07T16:12:18.740+0200] {logging_mixin.py:188} INFO - [2024-06-07T16:12:18.740+0200] {dagbag.py:540} INFO - Filling up the DagBag from /Users/noejalabert/airflow_venv/lib/python3.11/site-packages/airflow/example_dags/example_dynamic_task_mapping.py
[2024-06-07T16:12:18.757+0200] {processor.py:840} INFO - DAG(s) 'example_dynamic_task_mapping' retrieved from /Users/noejalabert/airflow_venv/lib/python3.11/site-packages/airflow/example_dags/example_dynamic_task_mapping.py
[2024-06-07T16:12:18.802+0200] {logging_mixin.py:188} INFO - [2024-06-07T16:12:18.802+0200] {dag.py:3096} INFO - Sync 1 DAGs
[2024-06-07T16:12:18.809+0200] {logging_mixin.py:188} INFO - [2024-06-07T16:12:18.809+0200] {dag.py:3954} INFO - Setting next_dagrun for example_dynamic_task_mapping to 2022-03-04 00:00:00+00:00, run_after=2022-03-05 00:00:00+00:00
[2024-06-07T16:12:18.817+0200] {processor.py:183} INFO - Processing /Users/noejalabert/airflow_venv/lib/python3.11/site-packages/airflow/example_dags/example_dynamic_task_mapping.py took 0.080 seconds
[2024-06-07T16:13:51.350+0200] {processor.py:161} INFO - Started process (PID=31903) to work on /Users/noejalabert/airflow_venv/lib/python3.11/site-packages/airflow/example_dags/example_dynamic_task_mapping.py
[2024-06-07T16:13:51.352+0200] {processor.py:830} INFO - Processing file /Users/noejalabert/airflow_venv/lib/python3.11/site-packages/airflow/example_dags/example_dynamic_task_mapping.py for tasks to queue
[2024-06-07T16:13:51.352+0200] {logging_mixin.py:188} INFO - [2024-06-07T16:13:51.352+0200] {dagbag.py:540} INFO - Filling up the DagBag from /Users/noejalabert/airflow_venv/lib/python3.11/site-packages/airflow/example_dags/example_dynamic_task_mapping.py
[2024-06-07T16:13:51.369+0200] {processor.py:840} INFO - DAG(s) 'example_dynamic_task_mapping' retrieved from /Users/noejalabert/airflow_venv/lib/python3.11/site-packages/airflow/example_dags/example_dynamic_task_mapping.py
[2024-06-07T16:13:51.416+0200] {logging_mixin.py:188} INFO - [2024-06-07T16:13:51.416+0200] {dag.py:3096} INFO - Sync 1 DAGs
[2024-06-07T16:13:51.423+0200] {logging_mixin.py:188} INFO - [2024-06-07T16:13:51.423+0200] {dag.py:3954} INFO - Setting next_dagrun for example_dynamic_task_mapping to 2022-03-04 00:00:00+00:00, run_after=2022-03-05 00:00:00+00:00
[2024-06-07T16:13:51.431+0200] {processor.py:183} INFO - Processing /Users/noejalabert/airflow_venv/lib/python3.11/site-packages/airflow/example_dags/example_dynamic_task_mapping.py took 0.082 seconds
[2024-06-07T16:15:25.063+0200] {processor.py:161} INFO - Started process (PID=31987) to work on /Users/noejalabert/airflow_venv/lib/python3.11/site-packages/airflow/example_dags/example_dynamic_task_mapping.py
[2024-06-07T16:15:25.064+0200] {processor.py:830} INFO - Processing file /Users/noejalabert/airflow_venv/lib/python3.11/site-packages/airflow/example_dags/example_dynamic_task_mapping.py for tasks to queue
[2024-06-07T16:15:25.064+0200] {logging_mixin.py:188} INFO - [2024-06-07T16:15:25.064+0200] {dagbag.py:540} INFO - Filling up the DagBag from /Users/noejalabert/airflow_venv/lib/python3.11/site-packages/airflow/example_dags/example_dynamic_task_mapping.py
[2024-06-07T16:15:25.082+0200] {processor.py:840} INFO - DAG(s) 'example_dynamic_task_mapping' retrieved from /Users/noejalabert/airflow_venv/lib/python3.11/site-packages/airflow/example_dags/example_dynamic_task_mapping.py
[2024-06-07T16:15:25.129+0200] {logging_mixin.py:188} INFO - [2024-06-07T16:15:25.129+0200] {dag.py:3096} INFO - Sync 1 DAGs
[2024-06-07T16:15:25.136+0200] {logging_mixin.py:188} INFO - [2024-06-07T16:15:25.136+0200] {dag.py:3954} INFO - Setting next_dagrun for example_dynamic_task_mapping to 2022-03-04 00:00:00+00:00, run_after=2022-03-05 00:00:00+00:00
[2024-06-07T16:15:25.144+0200] {processor.py:183} INFO - Processing /Users/noejalabert/airflow_venv/lib/python3.11/site-packages/airflow/example_dags/example_dynamic_task_mapping.py took 0.083 seconds
[2024-06-07T16:16:57.354+0200] {processor.py:161} INFO - Started process (PID=32057) to work on /Users/noejalabert/airflow_venv/lib/python3.11/site-packages/airflow/example_dags/example_dynamic_task_mapping.py
[2024-06-07T16:16:57.355+0200] {processor.py:830} INFO - Processing file /Users/noejalabert/airflow_venv/lib/python3.11/site-packages/airflow/example_dags/example_dynamic_task_mapping.py for tasks to queue
[2024-06-07T16:16:57.356+0200] {logging_mixin.py:188} INFO - [2024-06-07T16:16:57.355+0200] {dagbag.py:540} INFO - Filling up the DagBag from /Users/noejalabert/airflow_venv/lib/python3.11/site-packages/airflow/example_dags/example_dynamic_task_mapping.py
[2024-06-07T16:16:57.372+0200] {processor.py:840} INFO - DAG(s) 'example_dynamic_task_mapping' retrieved from /Users/noejalabert/airflow_venv/lib/python3.11/site-packages/airflow/example_dags/example_dynamic_task_mapping.py
[2024-06-07T16:16:57.422+0200] {logging_mixin.py:188} INFO - [2024-06-07T16:16:57.421+0200] {dag.py:3096} INFO - Sync 1 DAGs
[2024-06-07T16:16:57.429+0200] {logging_mixin.py:188} INFO - [2024-06-07T16:16:57.428+0200] {dag.py:3954} INFO - Setting next_dagrun for example_dynamic_task_mapping to 2022-03-04 00:00:00+00:00, run_after=2022-03-05 00:00:00+00:00
[2024-06-07T16:16:57.437+0200] {processor.py:183} INFO - Processing /Users/noejalabert/airflow_venv/lib/python3.11/site-packages/airflow/example_dags/example_dynamic_task_mapping.py took 0.084 seconds
[2024-06-07T16:18:30.717+0200] {processor.py:161} INFO - Started process (PID=32147) to work on /Users/noejalabert/airflow_venv/lib/python3.11/site-packages/airflow/example_dags/example_dynamic_task_mapping.py
[2024-06-07T16:18:30.719+0200] {processor.py:830} INFO - Processing file /Users/noejalabert/airflow_venv/lib/python3.11/site-packages/airflow/example_dags/example_dynamic_task_mapping.py for tasks to queue
[2024-06-07T16:18:30.719+0200] {logging_mixin.py:188} INFO - [2024-06-07T16:18:30.719+0200] {dagbag.py:540} INFO - Filling up the DagBag from /Users/noejalabert/airflow_venv/lib/python3.11/site-packages/airflow/example_dags/example_dynamic_task_mapping.py
[2024-06-07T16:18:30.738+0200] {processor.py:840} INFO - DAG(s) 'example_dynamic_task_mapping' retrieved from /Users/noejalabert/airflow_venv/lib/python3.11/site-packages/airflow/example_dags/example_dynamic_task_mapping.py
[2024-06-07T16:18:30.789+0200] {logging_mixin.py:188} INFO - [2024-06-07T16:18:30.789+0200] {dag.py:3096} INFO - Sync 1 DAGs
[2024-06-07T16:18:30.797+0200] {logging_mixin.py:188} INFO - [2024-06-07T16:18:30.796+0200] {dag.py:3954} INFO - Setting next_dagrun for example_dynamic_task_mapping to 2022-03-04 00:00:00+00:00, run_after=2022-03-05 00:00:00+00:00
[2024-06-07T16:18:30.806+0200] {processor.py:183} INFO - Processing /Users/noejalabert/airflow_venv/lib/python3.11/site-packages/airflow/example_dags/example_dynamic_task_mapping.py took 0.091 seconds
[2024-06-07T16:19:59.325+0200] {processor.py:161} INFO - Started process (PID=32222) to work on /Users/noejalabert/airflow_venv/lib/python3.11/site-packages/airflow/example_dags/example_dynamic_task_mapping.py
[2024-06-07T16:19:59.327+0200] {processor.py:830} INFO - Processing file /Users/noejalabert/airflow_venv/lib/python3.11/site-packages/airflow/example_dags/example_dynamic_task_mapping.py for tasks to queue
[2024-06-07T16:19:59.327+0200] {logging_mixin.py:188} INFO - [2024-06-07T16:19:59.327+0200] {dagbag.py:540} INFO - Filling up the DagBag from /Users/noejalabert/airflow_venv/lib/python3.11/site-packages/airflow/example_dags/example_dynamic_task_mapping.py
[2024-06-07T16:19:59.347+0200] {processor.py:840} INFO - DAG(s) 'example_dynamic_task_mapping' retrieved from /Users/noejalabert/airflow_venv/lib/python3.11/site-packages/airflow/example_dags/example_dynamic_task_mapping.py
[2024-06-07T16:19:59.398+0200] {logging_mixin.py:188} INFO - [2024-06-07T16:19:59.397+0200] {dag.py:3096} INFO - Sync 1 DAGs
[2024-06-07T16:19:59.405+0200] {logging_mixin.py:188} INFO - [2024-06-07T16:19:59.405+0200] {dag.py:3954} INFO - Setting next_dagrun for example_dynamic_task_mapping to 2022-03-04 00:00:00+00:00, run_after=2022-03-05 00:00:00+00:00
[2024-06-07T16:19:59.413+0200] {processor.py:183} INFO - Processing /Users/noejalabert/airflow_venv/lib/python3.11/site-packages/airflow/example_dags/example_dynamic_task_mapping.py took 0.090 seconds
[2024-06-07T16:21:31.857+0200] {processor.py:161} INFO - Started process (PID=32309) to work on /Users/noejalabert/airflow_venv/lib/python3.11/site-packages/airflow/example_dags/example_dynamic_task_mapping.py
[2024-06-07T16:21:31.860+0200] {processor.py:830} INFO - Processing file /Users/noejalabert/airflow_venv/lib/python3.11/site-packages/airflow/example_dags/example_dynamic_task_mapping.py for tasks to queue
[2024-06-07T16:21:31.860+0200] {logging_mixin.py:188} INFO - [2024-06-07T16:21:31.860+0200] {dagbag.py:540} INFO - Filling up the DagBag from /Users/noejalabert/airflow_venv/lib/python3.11/site-packages/airflow/example_dags/example_dynamic_task_mapping.py
[2024-06-07T16:21:31.879+0200] {processor.py:840} INFO - DAG(s) 'example_dynamic_task_mapping' retrieved from /Users/noejalabert/airflow_venv/lib/python3.11/site-packages/airflow/example_dags/example_dynamic_task_mapping.py
[2024-06-07T16:21:31.928+0200] {logging_mixin.py:188} INFO - [2024-06-07T16:21:31.928+0200] {dag.py:3096} INFO - Sync 1 DAGs
[2024-06-07T16:21:31.936+0200] {logging_mixin.py:188} INFO - [2024-06-07T16:21:31.936+0200] {dag.py:3954} INFO - Setting next_dagrun for example_dynamic_task_mapping to 2022-03-04 00:00:00+00:00, run_after=2022-03-05 00:00:00+00:00
[2024-06-07T16:21:31.946+0200] {processor.py:183} INFO - Processing /Users/noejalabert/airflow_venv/lib/python3.11/site-packages/airflow/example_dags/example_dynamic_task_mapping.py took 0.090 seconds
[2024-06-07T16:23:08.590+0200] {processor.py:161} INFO - Started process (PID=32386) to work on /Users/noejalabert/airflow_venv/lib/python3.11/site-packages/airflow/example_dags/example_dynamic_task_mapping.py
[2024-06-07T16:23:08.592+0200] {processor.py:830} INFO - Processing file /Users/noejalabert/airflow_venv/lib/python3.11/site-packages/airflow/example_dags/example_dynamic_task_mapping.py for tasks to queue
[2024-06-07T16:23:08.593+0200] {logging_mixin.py:188} INFO - [2024-06-07T16:23:08.592+0200] {dagbag.py:540} INFO - Filling up the DagBag from /Users/noejalabert/airflow_venv/lib/python3.11/site-packages/airflow/example_dags/example_dynamic_task_mapping.py
[2024-06-07T16:23:08.627+0200] {processor.py:840} INFO - DAG(s) 'example_dynamic_task_mapping' retrieved from /Users/noejalabert/airflow_venv/lib/python3.11/site-packages/airflow/example_dags/example_dynamic_task_mapping.py
[2024-06-07T16:23:08.679+0200] {logging_mixin.py:188} INFO - [2024-06-07T16:23:08.678+0200] {dag.py:3096} INFO - Sync 1 DAGs
[2024-06-07T16:23:08.686+0200] {logging_mixin.py:188} INFO - [2024-06-07T16:23:08.686+0200] {dag.py:3954} INFO - Setting next_dagrun for example_dynamic_task_mapping to 2022-03-04 00:00:00+00:00, run_after=2022-03-05 00:00:00+00:00
[2024-06-07T16:23:08.695+0200] {processor.py:183} INFO - Processing /Users/noejalabert/airflow_venv/lib/python3.11/site-packages/airflow/example_dags/example_dynamic_task_mapping.py took 0.106 seconds
[2024-06-07T16:24:41.435+0200] {processor.py:161} INFO - Started process (PID=32461) to work on /Users/noejalabert/airflow_venv/lib/python3.11/site-packages/airflow/example_dags/example_dynamic_task_mapping.py
[2024-06-07T16:24:41.435+0200] {processor.py:830} INFO - Processing file /Users/noejalabert/airflow_venv/lib/python3.11/site-packages/airflow/example_dags/example_dynamic_task_mapping.py for tasks to queue
[2024-06-07T16:24:41.435+0200] {logging_mixin.py:188} INFO - [2024-06-07T16:24:41.435+0200] {dagbag.py:540} INFO - Filling up the DagBag from /Users/noejalabert/airflow_venv/lib/python3.11/site-packages/airflow/example_dags/example_dynamic_task_mapping.py
[2024-06-07T16:24:41.455+0200] {processor.py:840} INFO - DAG(s) 'example_dynamic_task_mapping' retrieved from /Users/noejalabert/airflow_venv/lib/python3.11/site-packages/airflow/example_dags/example_dynamic_task_mapping.py
[2024-06-07T16:24:41.502+0200] {logging_mixin.py:188} INFO - [2024-06-07T16:24:41.502+0200] {dag.py:3096} INFO - Sync 1 DAGs
[2024-06-07T16:24:41.509+0200] {logging_mixin.py:188} INFO - [2024-06-07T16:24:41.509+0200] {dag.py:3954} INFO - Setting next_dagrun for example_dynamic_task_mapping to 2022-03-04 00:00:00+00:00, run_after=2022-03-05 00:00:00+00:00
[2024-06-07T16:24:41.517+0200] {processor.py:183} INFO - Processing /Users/noejalabert/airflow_venv/lib/python3.11/site-packages/airflow/example_dags/example_dynamic_task_mapping.py took 0.084 seconds
[2024-06-07T16:26:15.368+0200] {processor.py:161} INFO - Started process (PID=32559) to work on /Users/noejalabert/airflow_venv/lib/python3.11/site-packages/airflow/example_dags/example_dynamic_task_mapping.py
[2024-06-07T16:26:15.369+0200] {processor.py:830} INFO - Processing file /Users/noejalabert/airflow_venv/lib/python3.11/site-packages/airflow/example_dags/example_dynamic_task_mapping.py for tasks to queue
[2024-06-07T16:26:15.370+0200] {logging_mixin.py:188} INFO - [2024-06-07T16:26:15.370+0200] {dagbag.py:540} INFO - Filling up the DagBag from /Users/noejalabert/airflow_venv/lib/python3.11/site-packages/airflow/example_dags/example_dynamic_task_mapping.py
[2024-06-07T16:26:15.387+0200] {processor.py:840} INFO - DAG(s) 'example_dynamic_task_mapping' retrieved from /Users/noejalabert/airflow_venv/lib/python3.11/site-packages/airflow/example_dags/example_dynamic_task_mapping.py
[2024-06-07T16:26:15.433+0200] {logging_mixin.py:188} INFO - [2024-06-07T16:26:15.432+0200] {dag.py:3096} INFO - Sync 1 DAGs
[2024-06-07T16:26:15.439+0200] {logging_mixin.py:188} INFO - [2024-06-07T16:26:15.439+0200] {dag.py:3954} INFO - Setting next_dagrun for example_dynamic_task_mapping to 2022-03-04 00:00:00+00:00, run_after=2022-03-05 00:00:00+00:00
[2024-06-07T16:26:15.447+0200] {processor.py:183} INFO - Processing /Users/noejalabert/airflow_venv/lib/python3.11/site-packages/airflow/example_dags/example_dynamic_task_mapping.py took 0.081 seconds
[2024-06-07T16:27:43.341+0200] {processor.py:161} INFO - Started process (PID=32713) to work on /Users/noejalabert/airflow_venv/lib/python3.11/site-packages/airflow/example_dags/example_dynamic_task_mapping.py
[2024-06-07T16:27:43.343+0200] {processor.py:830} INFO - Processing file /Users/noejalabert/airflow_venv/lib/python3.11/site-packages/airflow/example_dags/example_dynamic_task_mapping.py for tasks to queue
[2024-06-07T16:27:43.343+0200] {logging_mixin.py:188} INFO - [2024-06-07T16:27:43.343+0200] {dagbag.py:540} INFO - Filling up the DagBag from /Users/noejalabert/airflow_venv/lib/python3.11/site-packages/airflow/example_dags/example_dynamic_task_mapping.py
[2024-06-07T16:27:43.359+0200] {processor.py:840} INFO - DAG(s) 'example_dynamic_task_mapping' retrieved from /Users/noejalabert/airflow_venv/lib/python3.11/site-packages/airflow/example_dags/example_dynamic_task_mapping.py
[2024-06-07T16:27:43.411+0200] {logging_mixin.py:188} INFO - [2024-06-07T16:27:43.411+0200] {dag.py:3096} INFO - Sync 1 DAGs
[2024-06-07T16:27:43.419+0200] {logging_mixin.py:188} INFO - [2024-06-07T16:27:43.418+0200] {dag.py:3954} INFO - Setting next_dagrun for example_dynamic_task_mapping to 2022-03-04 00:00:00+00:00, run_after=2022-03-05 00:00:00+00:00
[2024-06-07T16:27:43.427+0200] {processor.py:183} INFO - Processing /Users/noejalabert/airflow_venv/lib/python3.11/site-packages/airflow/example_dags/example_dynamic_task_mapping.py took 0.088 seconds
[2024-06-07T16:29:14.321+0200] {processor.py:161} INFO - Started process (PID=32798) to work on /Users/noejalabert/airflow_venv/lib/python3.11/site-packages/airflow/example_dags/example_dynamic_task_mapping.py
[2024-06-07T16:29:14.322+0200] {processor.py:830} INFO - Processing file /Users/noejalabert/airflow_venv/lib/python3.11/site-packages/airflow/example_dags/example_dynamic_task_mapping.py for tasks to queue
[2024-06-07T16:29:14.322+0200] {logging_mixin.py:188} INFO - [2024-06-07T16:29:14.322+0200] {dagbag.py:540} INFO - Filling up the DagBag from /Users/noejalabert/airflow_venv/lib/python3.11/site-packages/airflow/example_dags/example_dynamic_task_mapping.py
[2024-06-07T16:29:14.340+0200] {processor.py:840} INFO - DAG(s) 'example_dynamic_task_mapping' retrieved from /Users/noejalabert/airflow_venv/lib/python3.11/site-packages/airflow/example_dags/example_dynamic_task_mapping.py
[2024-06-07T16:29:14.398+0200] {logging_mixin.py:188} INFO - [2024-06-07T16:29:14.398+0200] {dag.py:3096} INFO - Sync 1 DAGs
[2024-06-07T16:29:14.406+0200] {logging_mixin.py:188} INFO - [2024-06-07T16:29:14.406+0200] {dag.py:3954} INFO - Setting next_dagrun for example_dynamic_task_mapping to 2022-03-04 00:00:00+00:00, run_after=2022-03-05 00:00:00+00:00
[2024-06-07T16:29:14.415+0200] {processor.py:183} INFO - Processing /Users/noejalabert/airflow_venv/lib/python3.11/site-packages/airflow/example_dags/example_dynamic_task_mapping.py took 0.096 seconds
[2024-06-07T16:30:49.813+0200] {processor.py:161} INFO - Started process (PID=32887) to work on /Users/noejalabert/airflow_venv/lib/python3.11/site-packages/airflow/example_dags/example_dynamic_task_mapping.py
[2024-06-07T16:30:49.814+0200] {processor.py:830} INFO - Processing file /Users/noejalabert/airflow_venv/lib/python3.11/site-packages/airflow/example_dags/example_dynamic_task_mapping.py for tasks to queue
[2024-06-07T16:30:49.814+0200] {logging_mixin.py:188} INFO - [2024-06-07T16:30:49.814+0200] {dagbag.py:540} INFO - Filling up the DagBag from /Users/noejalabert/airflow_venv/lib/python3.11/site-packages/airflow/example_dags/example_dynamic_task_mapping.py
[2024-06-07T16:30:49.831+0200] {processor.py:840} INFO - DAG(s) 'example_dynamic_task_mapping' retrieved from /Users/noejalabert/airflow_venv/lib/python3.11/site-packages/airflow/example_dags/example_dynamic_task_mapping.py
[2024-06-07T16:30:49.877+0200] {logging_mixin.py:188} INFO - [2024-06-07T16:30:49.877+0200] {dag.py:3096} INFO - Sync 1 DAGs
[2024-06-07T16:30:49.886+0200] {logging_mixin.py:188} INFO - [2024-06-07T16:30:49.886+0200] {dag.py:3954} INFO - Setting next_dagrun for example_dynamic_task_mapping to 2022-03-04 00:00:00+00:00, run_after=2022-03-05 00:00:00+00:00
[2024-06-07T16:30:49.895+0200] {processor.py:183} INFO - Processing /Users/noejalabert/airflow_venv/lib/python3.11/site-packages/airflow/example_dags/example_dynamic_task_mapping.py took 0.084 seconds
[2024-06-07T16:32:21.529+0200] {processor.py:161} INFO - Started process (PID=32963) to work on /Users/noejalabert/airflow_venv/lib/python3.11/site-packages/airflow/example_dags/example_dynamic_task_mapping.py
[2024-06-07T16:32:21.530+0200] {processor.py:830} INFO - Processing file /Users/noejalabert/airflow_venv/lib/python3.11/site-packages/airflow/example_dags/example_dynamic_task_mapping.py for tasks to queue
[2024-06-07T16:32:21.531+0200] {logging_mixin.py:188} INFO - [2024-06-07T16:32:21.531+0200] {dagbag.py:540} INFO - Filling up the DagBag from /Users/noejalabert/airflow_venv/lib/python3.11/site-packages/airflow/example_dags/example_dynamic_task_mapping.py
[2024-06-07T16:32:21.547+0200] {processor.py:840} INFO - DAG(s) 'example_dynamic_task_mapping' retrieved from /Users/noejalabert/airflow_venv/lib/python3.11/site-packages/airflow/example_dags/example_dynamic_task_mapping.py
[2024-06-07T16:32:21.592+0200] {logging_mixin.py:188} INFO - [2024-06-07T16:32:21.592+0200] {dag.py:3096} INFO - Sync 1 DAGs
[2024-06-07T16:32:21.599+0200] {logging_mixin.py:188} INFO - [2024-06-07T16:32:21.599+0200] {dag.py:3954} INFO - Setting next_dagrun for example_dynamic_task_mapping to 2022-03-04 00:00:00+00:00, run_after=2022-03-05 00:00:00+00:00
[2024-06-07T16:32:21.607+0200] {processor.py:183} INFO - Processing /Users/noejalabert/airflow_venv/lib/python3.11/site-packages/airflow/example_dags/example_dynamic_task_mapping.py took 0.080 seconds
[2024-06-07T16:33:53.257+0200] {processor.py:161} INFO - Started process (PID=33050) to work on /Users/noejalabert/airflow_venv/lib/python3.11/site-packages/airflow/example_dags/example_dynamic_task_mapping.py
[2024-06-07T16:33:53.258+0200] {processor.py:830} INFO - Processing file /Users/noejalabert/airflow_venv/lib/python3.11/site-packages/airflow/example_dags/example_dynamic_task_mapping.py for tasks to queue
[2024-06-07T16:33:53.258+0200] {logging_mixin.py:188} INFO - [2024-06-07T16:33:53.258+0200] {dagbag.py:540} INFO - Filling up the DagBag from /Users/noejalabert/airflow_venv/lib/python3.11/site-packages/airflow/example_dags/example_dynamic_task_mapping.py
[2024-06-07T16:33:53.278+0200] {processor.py:840} INFO - DAG(s) 'example_dynamic_task_mapping' retrieved from /Users/noejalabert/airflow_venv/lib/python3.11/site-packages/airflow/example_dags/example_dynamic_task_mapping.py
[2024-06-07T16:33:53.339+0200] {logging_mixin.py:188} INFO - [2024-06-07T16:33:53.338+0200] {dag.py:3096} INFO - Sync 1 DAGs
[2024-06-07T16:33:53.348+0200] {logging_mixin.py:188} INFO - [2024-06-07T16:33:53.347+0200] {dag.py:3954} INFO - Setting next_dagrun for example_dynamic_task_mapping to 2022-03-04 00:00:00+00:00, run_after=2022-03-05 00:00:00+00:00
[2024-06-07T16:33:53.359+0200] {processor.py:183} INFO - Processing /Users/noejalabert/airflow_venv/lib/python3.11/site-packages/airflow/example_dags/example_dynamic_task_mapping.py took 0.104 seconds
[2024-06-07T16:35:39.687+0200] {processor.py:161} INFO - Started process (PID=33171) to work on /Users/noejalabert/airflow_venv/lib/python3.11/site-packages/airflow/example_dags/example_dynamic_task_mapping.py
[2024-06-07T16:35:39.688+0200] {processor.py:830} INFO - Processing file /Users/noejalabert/airflow_venv/lib/python3.11/site-packages/airflow/example_dags/example_dynamic_task_mapping.py for tasks to queue
[2024-06-07T16:35:39.688+0200] {logging_mixin.py:188} INFO - [2024-06-07T16:35:39.688+0200] {dagbag.py:540} INFO - Filling up the DagBag from /Users/noejalabert/airflow_venv/lib/python3.11/site-packages/airflow/example_dags/example_dynamic_task_mapping.py
[2024-06-07T16:35:39.709+0200] {processor.py:840} INFO - DAG(s) 'example_dynamic_task_mapping' retrieved from /Users/noejalabert/airflow_venv/lib/python3.11/site-packages/airflow/example_dags/example_dynamic_task_mapping.py
[2024-06-07T16:35:39.760+0200] {logging_mixin.py:188} INFO - [2024-06-07T16:35:39.760+0200] {dag.py:3096} INFO - Sync 1 DAGs
[2024-06-07T16:35:39.769+0200] {logging_mixin.py:188} INFO - [2024-06-07T16:35:39.769+0200] {dag.py:3954} INFO - Setting next_dagrun for example_dynamic_task_mapping to 2022-03-04 00:00:00+00:00, run_after=2022-03-05 00:00:00+00:00
[2024-06-07T16:35:39.778+0200] {processor.py:183} INFO - Processing /Users/noejalabert/airflow_venv/lib/python3.11/site-packages/airflow/example_dags/example_dynamic_task_mapping.py took 0.092 seconds
[2024-06-07T16:37:26.319+0200] {processor.py:161} INFO - Started process (PID=33301) to work on /Users/noejalabert/airflow_venv/lib/python3.11/site-packages/airflow/example_dags/example_dynamic_task_mapping.py
[2024-06-07T16:37:26.320+0200] {processor.py:830} INFO - Processing file /Users/noejalabert/airflow_venv/lib/python3.11/site-packages/airflow/example_dags/example_dynamic_task_mapping.py for tasks to queue
[2024-06-07T16:37:26.320+0200] {logging_mixin.py:188} INFO - [2024-06-07T16:37:26.320+0200] {dagbag.py:540} INFO - Filling up the DagBag from /Users/noejalabert/airflow_venv/lib/python3.11/site-packages/airflow/example_dags/example_dynamic_task_mapping.py
[2024-06-07T16:37:26.338+0200] {processor.py:840} INFO - DAG(s) 'example_dynamic_task_mapping' retrieved from /Users/noejalabert/airflow_venv/lib/python3.11/site-packages/airflow/example_dags/example_dynamic_task_mapping.py
[2024-06-07T16:37:26.394+0200] {logging_mixin.py:188} INFO - [2024-06-07T16:37:26.394+0200] {dag.py:3096} INFO - Sync 1 DAGs
[2024-06-07T16:37:26.402+0200] {logging_mixin.py:188} INFO - [2024-06-07T16:37:26.401+0200] {dag.py:3954} INFO - Setting next_dagrun for example_dynamic_task_mapping to 2022-03-04 00:00:00+00:00, run_after=2022-03-05 00:00:00+00:00
[2024-06-07T16:37:26.411+0200] {processor.py:183} INFO - Processing /Users/noejalabert/airflow_venv/lib/python3.11/site-packages/airflow/example_dags/example_dynamic_task_mapping.py took 0.094 seconds
[2024-06-07T16:39:04.493+0200] {processor.py:161} INFO - Started process (PID=33412) to work on /Users/noejalabert/airflow_venv/lib/python3.11/site-packages/airflow/example_dags/example_dynamic_task_mapping.py
[2024-06-07T16:39:04.494+0200] {processor.py:830} INFO - Processing file /Users/noejalabert/airflow_venv/lib/python3.11/site-packages/airflow/example_dags/example_dynamic_task_mapping.py for tasks to queue
[2024-06-07T16:39:04.495+0200] {logging_mixin.py:188} INFO - [2024-06-07T16:39:04.495+0200] {dagbag.py:540} INFO - Filling up the DagBag from /Users/noejalabert/airflow_venv/lib/python3.11/site-packages/airflow/example_dags/example_dynamic_task_mapping.py
[2024-06-07T16:39:04.533+0200] {processor.py:840} INFO - DAG(s) 'example_dynamic_task_mapping' retrieved from /Users/noejalabert/airflow_venv/lib/python3.11/site-packages/airflow/example_dags/example_dynamic_task_mapping.py
[2024-06-07T16:39:04.632+0200] {logging_mixin.py:188} INFO - [2024-06-07T16:39:04.632+0200] {dag.py:3096} INFO - Sync 1 DAGs
[2024-06-07T16:39:04.652+0200] {logging_mixin.py:188} INFO - [2024-06-07T16:39:04.652+0200] {dag.py:3954} INFO - Setting next_dagrun for example_dynamic_task_mapping to 2022-03-04 00:00:00+00:00, run_after=2022-03-05 00:00:00+00:00
[2024-06-07T16:39:04.672+0200] {processor.py:183} INFO - Processing /Users/noejalabert/airflow_venv/lib/python3.11/site-packages/airflow/example_dags/example_dynamic_task_mapping.py took 0.182 seconds
[2024-06-07T16:40:46.826+0200] {processor.py:161} INFO - Started process (PID=33528) to work on /Users/noejalabert/airflow_venv/lib/python3.11/site-packages/airflow/example_dags/example_dynamic_task_mapping.py
[2024-06-07T16:40:46.827+0200] {processor.py:830} INFO - Processing file /Users/noejalabert/airflow_venv/lib/python3.11/site-packages/airflow/example_dags/example_dynamic_task_mapping.py for tasks to queue
[2024-06-07T16:40:46.827+0200] {logging_mixin.py:188} INFO - [2024-06-07T16:40:46.827+0200] {dagbag.py:540} INFO - Filling up the DagBag from /Users/noejalabert/airflow_venv/lib/python3.11/site-packages/airflow/example_dags/example_dynamic_task_mapping.py
[2024-06-07T16:40:46.845+0200] {processor.py:840} INFO - DAG(s) 'example_dynamic_task_mapping' retrieved from /Users/noejalabert/airflow_venv/lib/python3.11/site-packages/airflow/example_dags/example_dynamic_task_mapping.py
[2024-06-07T16:40:46.901+0200] {logging_mixin.py:188} INFO - [2024-06-07T16:40:46.901+0200] {dag.py:3096} INFO - Sync 1 DAGs
[2024-06-07T16:40:46.909+0200] {logging_mixin.py:188} INFO - [2024-06-07T16:40:46.909+0200] {dag.py:3954} INFO - Setting next_dagrun for example_dynamic_task_mapping to 2022-03-04 00:00:00+00:00, run_after=2022-03-05 00:00:00+00:00
[2024-06-07T16:40:46.919+0200] {processor.py:183} INFO - Processing /Users/noejalabert/airflow_venv/lib/python3.11/site-packages/airflow/example_dags/example_dynamic_task_mapping.py took 0.095 seconds
[2024-06-07T16:42:27.077+0200] {processor.py:161} INFO - Started process (PID=33659) to work on /Users/noejalabert/airflow_venv/lib/python3.11/site-packages/airflow/example_dags/example_dynamic_task_mapping.py
[2024-06-07T16:42:27.078+0200] {processor.py:830} INFO - Processing file /Users/noejalabert/airflow_venv/lib/python3.11/site-packages/airflow/example_dags/example_dynamic_task_mapping.py for tasks to queue
[2024-06-07T16:42:27.078+0200] {logging_mixin.py:188} INFO - [2024-06-07T16:42:27.078+0200] {dagbag.py:540} INFO - Filling up the DagBag from /Users/noejalabert/airflow_venv/lib/python3.11/site-packages/airflow/example_dags/example_dynamic_task_mapping.py
[2024-06-07T16:42:27.097+0200] {processor.py:840} INFO - DAG(s) 'example_dynamic_task_mapping' retrieved from /Users/noejalabert/airflow_venv/lib/python3.11/site-packages/airflow/example_dags/example_dynamic_task_mapping.py
[2024-06-07T16:42:27.148+0200] {logging_mixin.py:188} INFO - [2024-06-07T16:42:27.148+0200] {dag.py:3096} INFO - Sync 1 DAGs
[2024-06-07T16:42:27.155+0200] {logging_mixin.py:188} INFO - [2024-06-07T16:42:27.155+0200] {dag.py:3954} INFO - Setting next_dagrun for example_dynamic_task_mapping to 2022-03-04 00:00:00+00:00, run_after=2022-03-05 00:00:00+00:00
[2024-06-07T16:42:27.164+0200] {processor.py:183} INFO - Processing /Users/noejalabert/airflow_venv/lib/python3.11/site-packages/airflow/example_dags/example_dynamic_task_mapping.py took 0.088 seconds
[2024-06-07T16:44:05.677+0200] {processor.py:161} INFO - Started process (PID=33762) to work on /Users/noejalabert/airflow_venv/lib/python3.11/site-packages/airflow/example_dags/example_dynamic_task_mapping.py
[2024-06-07T16:44:05.679+0200] {processor.py:830} INFO - Processing file /Users/noejalabert/airflow_venv/lib/python3.11/site-packages/airflow/example_dags/example_dynamic_task_mapping.py for tasks to queue
[2024-06-07T16:44:05.679+0200] {logging_mixin.py:188} INFO - [2024-06-07T16:44:05.679+0200] {dagbag.py:540} INFO - Filling up the DagBag from /Users/noejalabert/airflow_venv/lib/python3.11/site-packages/airflow/example_dags/example_dynamic_task_mapping.py
[2024-06-07T16:44:05.701+0200] {processor.py:840} INFO - DAG(s) 'example_dynamic_task_mapping' retrieved from /Users/noejalabert/airflow_venv/lib/python3.11/site-packages/airflow/example_dags/example_dynamic_task_mapping.py
[2024-06-07T16:44:05.753+0200] {logging_mixin.py:188} INFO - [2024-06-07T16:44:05.753+0200] {dag.py:3096} INFO - Sync 1 DAGs
[2024-06-07T16:44:05.761+0200] {logging_mixin.py:188} INFO - [2024-06-07T16:44:05.760+0200] {dag.py:3954} INFO - Setting next_dagrun for example_dynamic_task_mapping to 2022-03-04 00:00:00+00:00, run_after=2022-03-05 00:00:00+00:00
[2024-06-07T16:44:05.770+0200] {processor.py:183} INFO - Processing /Users/noejalabert/airflow_venv/lib/python3.11/site-packages/airflow/example_dags/example_dynamic_task_mapping.py took 0.095 seconds
[2024-06-07T16:45:48.778+0200] {processor.py:161} INFO - Started process (PID=33879) to work on /Users/noejalabert/airflow_venv/lib/python3.11/site-packages/airflow/example_dags/example_dynamic_task_mapping.py
[2024-06-07T16:45:48.779+0200] {processor.py:830} INFO - Processing file /Users/noejalabert/airflow_venv/lib/python3.11/site-packages/airflow/example_dags/example_dynamic_task_mapping.py for tasks to queue
[2024-06-07T16:45:48.780+0200] {logging_mixin.py:188} INFO - [2024-06-07T16:45:48.780+0200] {dagbag.py:540} INFO - Filling up the DagBag from /Users/noejalabert/airflow_venv/lib/python3.11/site-packages/airflow/example_dags/example_dynamic_task_mapping.py
[2024-06-07T16:45:48.820+0200] {processor.py:840} INFO - DAG(s) 'example_dynamic_task_mapping' retrieved from /Users/noejalabert/airflow_venv/lib/python3.11/site-packages/airflow/example_dags/example_dynamic_task_mapping.py
[2024-06-07T16:45:48.887+0200] {logging_mixin.py:188} INFO - [2024-06-07T16:45:48.887+0200] {dag.py:3096} INFO - Sync 1 DAGs
[2024-06-07T16:45:48.895+0200] {logging_mixin.py:188} INFO - [2024-06-07T16:45:48.895+0200] {dag.py:3954} INFO - Setting next_dagrun for example_dynamic_task_mapping to 2022-03-04 00:00:00+00:00, run_after=2022-03-05 00:00:00+00:00
[2024-06-07T16:45:48.909+0200] {processor.py:183} INFO - Processing /Users/noejalabert/airflow_venv/lib/python3.11/site-packages/airflow/example_dags/example_dynamic_task_mapping.py took 0.132 seconds
[2024-06-07T16:47:32.264+0200] {processor.py:161} INFO - Started process (PID=33990) to work on /Users/noejalabert/airflow_venv/lib/python3.11/site-packages/airflow/example_dags/example_dynamic_task_mapping.py
[2024-06-07T16:47:32.265+0200] {processor.py:830} INFO - Processing file /Users/noejalabert/airflow_venv/lib/python3.11/site-packages/airflow/example_dags/example_dynamic_task_mapping.py for tasks to queue
[2024-06-07T16:47:32.265+0200] {logging_mixin.py:188} INFO - [2024-06-07T16:47:32.265+0200] {dagbag.py:540} INFO - Filling up the DagBag from /Users/noejalabert/airflow_venv/lib/python3.11/site-packages/airflow/example_dags/example_dynamic_task_mapping.py
[2024-06-07T16:47:32.286+0200] {processor.py:840} INFO - DAG(s) 'example_dynamic_task_mapping' retrieved from /Users/noejalabert/airflow_venv/lib/python3.11/site-packages/airflow/example_dags/example_dynamic_task_mapping.py
[2024-06-07T16:47:32.341+0200] {logging_mixin.py:188} INFO - [2024-06-07T16:47:32.341+0200] {dag.py:3096} INFO - Sync 1 DAGs
[2024-06-07T16:47:32.349+0200] {logging_mixin.py:188} INFO - [2024-06-07T16:47:32.349+0200] {dag.py:3954} INFO - Setting next_dagrun for example_dynamic_task_mapping to 2022-03-04 00:00:00+00:00, run_after=2022-03-05 00:00:00+00:00
[2024-06-07T16:47:32.361+0200] {processor.py:183} INFO - Processing /Users/noejalabert/airflow_venv/lib/python3.11/site-packages/airflow/example_dags/example_dynamic_task_mapping.py took 0.099 seconds
[2024-06-07T16:49:18.341+0200] {processor.py:161} INFO - Started process (PID=34146) to work on /Users/noejalabert/airflow_venv/lib/python3.11/site-packages/airflow/example_dags/example_dynamic_task_mapping.py
[2024-06-07T16:49:18.342+0200] {processor.py:830} INFO - Processing file /Users/noejalabert/airflow_venv/lib/python3.11/site-packages/airflow/example_dags/example_dynamic_task_mapping.py for tasks to queue
[2024-06-07T16:49:18.342+0200] {logging_mixin.py:188} INFO - [2024-06-07T16:49:18.342+0200] {dagbag.py:540} INFO - Filling up the DagBag from /Users/noejalabert/airflow_venv/lib/python3.11/site-packages/airflow/example_dags/example_dynamic_task_mapping.py
[2024-06-07T16:49:18.364+0200] {processor.py:840} INFO - DAG(s) 'example_dynamic_task_mapping' retrieved from /Users/noejalabert/airflow_venv/lib/python3.11/site-packages/airflow/example_dags/example_dynamic_task_mapping.py
[2024-06-07T16:49:18.417+0200] {logging_mixin.py:188} INFO - [2024-06-07T16:49:18.417+0200] {dag.py:3096} INFO - Sync 1 DAGs
[2024-06-07T16:49:18.424+0200] {logging_mixin.py:188} INFO - [2024-06-07T16:49:18.424+0200] {dag.py:3954} INFO - Setting next_dagrun for example_dynamic_task_mapping to 2022-03-04 00:00:00+00:00, run_after=2022-03-05 00:00:00+00:00
[2024-06-07T16:49:18.434+0200] {processor.py:183} INFO - Processing /Users/noejalabert/airflow_venv/lib/python3.11/site-packages/airflow/example_dags/example_dynamic_task_mapping.py took 0.094 seconds
[2024-06-07T16:51:02.670+0200] {processor.py:161} INFO - Started process (PID=34247) to work on /Users/noejalabert/airflow_venv/lib/python3.11/site-packages/airflow/example_dags/example_dynamic_task_mapping.py
[2024-06-07T16:51:02.672+0200] {processor.py:830} INFO - Processing file /Users/noejalabert/airflow_venv/lib/python3.11/site-packages/airflow/example_dags/example_dynamic_task_mapping.py for tasks to queue
[2024-06-07T16:51:02.672+0200] {logging_mixin.py:188} INFO - [2024-06-07T16:51:02.672+0200] {dagbag.py:540} INFO - Filling up the DagBag from /Users/noejalabert/airflow_venv/lib/python3.11/site-packages/airflow/example_dags/example_dynamic_task_mapping.py
[2024-06-07T16:51:02.692+0200] {processor.py:840} INFO - DAG(s) 'example_dynamic_task_mapping' retrieved from /Users/noejalabert/airflow_venv/lib/python3.11/site-packages/airflow/example_dags/example_dynamic_task_mapping.py
[2024-06-07T16:51:02.746+0200] {logging_mixin.py:188} INFO - [2024-06-07T16:51:02.746+0200] {dag.py:3096} INFO - Sync 1 DAGs
[2024-06-07T16:51:02.753+0200] {logging_mixin.py:188} INFO - [2024-06-07T16:51:02.753+0200] {dag.py:3954} INFO - Setting next_dagrun for example_dynamic_task_mapping to 2022-03-04 00:00:00+00:00, run_after=2022-03-05 00:00:00+00:00
[2024-06-07T16:51:02.763+0200] {processor.py:183} INFO - Processing /Users/noejalabert/airflow_venv/lib/python3.11/site-packages/airflow/example_dags/example_dynamic_task_mapping.py took 0.094 seconds
[2024-06-07T16:52:44.686+0200] {processor.py:161} INFO - Started process (PID=34351) to work on /Users/noejalabert/airflow_venv/lib/python3.11/site-packages/airflow/example_dags/example_dynamic_task_mapping.py
[2024-06-07T16:52:44.687+0200] {processor.py:830} INFO - Processing file /Users/noejalabert/airflow_venv/lib/python3.11/site-packages/airflow/example_dags/example_dynamic_task_mapping.py for tasks to queue
[2024-06-07T16:52:44.687+0200] {logging_mixin.py:188} INFO - [2024-06-07T16:52:44.687+0200] {dagbag.py:540} INFO - Filling up the DagBag from /Users/noejalabert/airflow_venv/lib/python3.11/site-packages/airflow/example_dags/example_dynamic_task_mapping.py
[2024-06-07T16:52:44.706+0200] {processor.py:840} INFO - DAG(s) 'example_dynamic_task_mapping' retrieved from /Users/noejalabert/airflow_venv/lib/python3.11/site-packages/airflow/example_dags/example_dynamic_task_mapping.py
[2024-06-07T16:52:44.758+0200] {logging_mixin.py:188} INFO - [2024-06-07T16:52:44.758+0200] {dag.py:3096} INFO - Sync 1 DAGs
[2024-06-07T16:52:44.765+0200] {logging_mixin.py:188} INFO - [2024-06-07T16:52:44.765+0200] {dag.py:3954} INFO - Setting next_dagrun for example_dynamic_task_mapping to 2022-03-04 00:00:00+00:00, run_after=2022-03-05 00:00:00+00:00
[2024-06-07T16:52:44.775+0200] {processor.py:183} INFO - Processing /Users/noejalabert/airflow_venv/lib/python3.11/site-packages/airflow/example_dags/example_dynamic_task_mapping.py took 0.091 seconds
[2024-06-07T16:54:22.809+0200] {processor.py:161} INFO - Started process (PID=34465) to work on /Users/noejalabert/airflow_venv/lib/python3.11/site-packages/airflow/example_dags/example_dynamic_task_mapping.py
[2024-06-07T16:54:22.810+0200] {processor.py:830} INFO - Processing file /Users/noejalabert/airflow_venv/lib/python3.11/site-packages/airflow/example_dags/example_dynamic_task_mapping.py for tasks to queue
[2024-06-07T16:54:22.810+0200] {logging_mixin.py:188} INFO - [2024-06-07T16:54:22.810+0200] {dagbag.py:540} INFO - Filling up the DagBag from /Users/noejalabert/airflow_venv/lib/python3.11/site-packages/airflow/example_dags/example_dynamic_task_mapping.py
[2024-06-07T16:54:22.827+0200] {processor.py:840} INFO - DAG(s) 'example_dynamic_task_mapping' retrieved from /Users/noejalabert/airflow_venv/lib/python3.11/site-packages/airflow/example_dags/example_dynamic_task_mapping.py
[2024-06-07T16:54:22.875+0200] {logging_mixin.py:188} INFO - [2024-06-07T16:54:22.875+0200] {dag.py:3096} INFO - Sync 1 DAGs
[2024-06-07T16:54:22.882+0200] {logging_mixin.py:188} INFO - [2024-06-07T16:54:22.882+0200] {dag.py:3954} INFO - Setting next_dagrun for example_dynamic_task_mapping to 2022-03-04 00:00:00+00:00, run_after=2022-03-05 00:00:00+00:00
[2024-06-07T16:54:22.890+0200] {processor.py:183} INFO - Processing /Users/noejalabert/airflow_venv/lib/python3.11/site-packages/airflow/example_dags/example_dynamic_task_mapping.py took 0.083 seconds
[2024-06-07T16:55:57.682+0200] {processor.py:161} INFO - Started process (PID=34574) to work on /Users/noejalabert/airflow_venv/lib/python3.11/site-packages/airflow/example_dags/example_dynamic_task_mapping.py
[2024-06-07T16:55:57.683+0200] {processor.py:830} INFO - Processing file /Users/noejalabert/airflow_venv/lib/python3.11/site-packages/airflow/example_dags/example_dynamic_task_mapping.py for tasks to queue
[2024-06-07T16:55:57.684+0200] {logging_mixin.py:188} INFO - [2024-06-07T16:55:57.684+0200] {dagbag.py:540} INFO - Filling up the DagBag from /Users/noejalabert/airflow_venv/lib/python3.11/site-packages/airflow/example_dags/example_dynamic_task_mapping.py
[2024-06-07T16:55:57.702+0200] {processor.py:840} INFO - DAG(s) 'example_dynamic_task_mapping' retrieved from /Users/noejalabert/airflow_venv/lib/python3.11/site-packages/airflow/example_dags/example_dynamic_task_mapping.py
[2024-06-07T16:55:57.751+0200] {logging_mixin.py:188} INFO - [2024-06-07T16:55:57.751+0200] {dag.py:3096} INFO - Sync 1 DAGs
[2024-06-07T16:55:57.758+0200] {logging_mixin.py:188} INFO - [2024-06-07T16:55:57.758+0200] {dag.py:3954} INFO - Setting next_dagrun for example_dynamic_task_mapping to 2022-03-04 00:00:00+00:00, run_after=2022-03-05 00:00:00+00:00
[2024-06-07T16:55:57.767+0200] {processor.py:183} INFO - Processing /Users/noejalabert/airflow_venv/lib/python3.11/site-packages/airflow/example_dags/example_dynamic_task_mapping.py took 0.087 seconds
[2024-06-07T16:57:34.064+0200] {processor.py:161} INFO - Started process (PID=34875) to work on /Users/noejalabert/airflow_venv/lib/python3.11/site-packages/airflow/example_dags/example_dynamic_task_mapping.py
[2024-06-07T16:57:34.064+0200] {processor.py:830} INFO - Processing file /Users/noejalabert/airflow_venv/lib/python3.11/site-packages/airflow/example_dags/example_dynamic_task_mapping.py for tasks to queue
[2024-06-07T16:57:34.065+0200] {logging_mixin.py:188} INFO - [2024-06-07T16:57:34.065+0200] {dagbag.py:540} INFO - Filling up the DagBag from /Users/noejalabert/airflow_venv/lib/python3.11/site-packages/airflow/example_dags/example_dynamic_task_mapping.py
[2024-06-07T16:57:34.082+0200] {processor.py:840} INFO - DAG(s) 'example_dynamic_task_mapping' retrieved from /Users/noejalabert/airflow_venv/lib/python3.11/site-packages/airflow/example_dags/example_dynamic_task_mapping.py
[2024-06-07T16:57:34.128+0200] {logging_mixin.py:188} INFO - [2024-06-07T16:57:34.127+0200] {dag.py:3096} INFO - Sync 1 DAGs
[2024-06-07T16:57:34.134+0200] {logging_mixin.py:188} INFO - [2024-06-07T16:57:34.134+0200] {dag.py:3954} INFO - Setting next_dagrun for example_dynamic_task_mapping to 2022-03-04 00:00:00+00:00, run_after=2022-03-05 00:00:00+00:00
[2024-06-07T16:57:34.142+0200] {processor.py:183} INFO - Processing /Users/noejalabert/airflow_venv/lib/python3.11/site-packages/airflow/example_dags/example_dynamic_task_mapping.py took 0.080 seconds
[2024-06-07T16:59:09.498+0200] {processor.py:161} INFO - Started process (PID=35018) to work on /Users/noejalabert/airflow_venv/lib/python3.11/site-packages/airflow/example_dags/example_dynamic_task_mapping.py
[2024-06-07T16:59:09.499+0200] {processor.py:830} INFO - Processing file /Users/noejalabert/airflow_venv/lib/python3.11/site-packages/airflow/example_dags/example_dynamic_task_mapping.py for tasks to queue
[2024-06-07T16:59:09.500+0200] {logging_mixin.py:188} INFO - [2024-06-07T16:59:09.500+0200] {dagbag.py:540} INFO - Filling up the DagBag from /Users/noejalabert/airflow_venv/lib/python3.11/site-packages/airflow/example_dags/example_dynamic_task_mapping.py
[2024-06-07T16:59:09.527+0200] {processor.py:840} INFO - DAG(s) 'example_dynamic_task_mapping' retrieved from /Users/noejalabert/airflow_venv/lib/python3.11/site-packages/airflow/example_dags/example_dynamic_task_mapping.py
[2024-06-07T16:59:09.596+0200] {logging_mixin.py:188} INFO - [2024-06-07T16:59:09.595+0200] {dag.py:3096} INFO - Sync 1 DAGs
[2024-06-07T16:59:09.603+0200] {logging_mixin.py:188} INFO - [2024-06-07T16:59:09.603+0200] {dag.py:3954} INFO - Setting next_dagrun for example_dynamic_task_mapping to 2022-03-04 00:00:00+00:00, run_after=2022-03-05 00:00:00+00:00
[2024-06-07T16:59:09.612+0200] {processor.py:183} INFO - Processing /Users/noejalabert/airflow_venv/lib/python3.11/site-packages/airflow/example_dags/example_dynamic_task_mapping.py took 0.116 seconds
[2024-06-07T17:00:45.936+0200] {processor.py:161} INFO - Started process (PID=35133) to work on /Users/noejalabert/airflow_venv/lib/python3.11/site-packages/airflow/example_dags/example_dynamic_task_mapping.py
[2024-06-07T17:00:45.937+0200] {processor.py:830} INFO - Processing file /Users/noejalabert/airflow_venv/lib/python3.11/site-packages/airflow/example_dags/example_dynamic_task_mapping.py for tasks to queue
[2024-06-07T17:00:45.937+0200] {logging_mixin.py:188} INFO - [2024-06-07T17:00:45.937+0200] {dagbag.py:540} INFO - Filling up the DagBag from /Users/noejalabert/airflow_venv/lib/python3.11/site-packages/airflow/example_dags/example_dynamic_task_mapping.py
[2024-06-07T17:00:45.955+0200] {processor.py:840} INFO - DAG(s) 'example_dynamic_task_mapping' retrieved from /Users/noejalabert/airflow_venv/lib/python3.11/site-packages/airflow/example_dags/example_dynamic_task_mapping.py
[2024-06-07T17:00:46.001+0200] {logging_mixin.py:188} INFO - [2024-06-07T17:00:46.001+0200] {dag.py:3096} INFO - Sync 1 DAGs
[2024-06-07T17:00:46.008+0200] {logging_mixin.py:188} INFO - [2024-06-07T17:00:46.008+0200] {dag.py:3954} INFO - Setting next_dagrun for example_dynamic_task_mapping to 2022-03-04 00:00:00+00:00, run_after=2022-03-05 00:00:00+00:00
[2024-06-07T17:00:46.016+0200] {processor.py:183} INFO - Processing /Users/noejalabert/airflow_venv/lib/python3.11/site-packages/airflow/example_dags/example_dynamic_task_mapping.py took 0.082 seconds
[2024-06-07T17:02:21.709+0200] {processor.py:161} INFO - Started process (PID=35241) to work on /Users/noejalabert/airflow_venv/lib/python3.11/site-packages/airflow/example_dags/example_dynamic_task_mapping.py
[2024-06-07T17:02:21.710+0200] {processor.py:830} INFO - Processing file /Users/noejalabert/airflow_venv/lib/python3.11/site-packages/airflow/example_dags/example_dynamic_task_mapping.py for tasks to queue
[2024-06-07T17:02:21.711+0200] {logging_mixin.py:188} INFO - [2024-06-07T17:02:21.711+0200] {dagbag.py:540} INFO - Filling up the DagBag from /Users/noejalabert/airflow_venv/lib/python3.11/site-packages/airflow/example_dags/example_dynamic_task_mapping.py
[2024-06-07T17:02:21.728+0200] {processor.py:840} INFO - DAG(s) 'example_dynamic_task_mapping' retrieved from /Users/noejalabert/airflow_venv/lib/python3.11/site-packages/airflow/example_dags/example_dynamic_task_mapping.py
[2024-06-07T17:02:21.774+0200] {logging_mixin.py:188} INFO - [2024-06-07T17:02:21.774+0200] {dag.py:3096} INFO - Sync 1 DAGs
[2024-06-07T17:02:21.781+0200] {logging_mixin.py:188} INFO - [2024-06-07T17:02:21.781+0200] {dag.py:3954} INFO - Setting next_dagrun for example_dynamic_task_mapping to 2022-03-04 00:00:00+00:00, run_after=2022-03-05 00:00:00+00:00
[2024-06-07T17:02:21.789+0200] {processor.py:183} INFO - Processing /Users/noejalabert/airflow_venv/lib/python3.11/site-packages/airflow/example_dags/example_dynamic_task_mapping.py took 0.082 seconds
[2024-06-07T17:04:00.340+0200] {processor.py:161} INFO - Started process (PID=35370) to work on /Users/noejalabert/airflow_venv/lib/python3.11/site-packages/airflow/example_dags/example_dynamic_task_mapping.py
[2024-06-07T17:04:00.341+0200] {processor.py:830} INFO - Processing file /Users/noejalabert/airflow_venv/lib/python3.11/site-packages/airflow/example_dags/example_dynamic_task_mapping.py for tasks to queue
[2024-06-07T17:04:00.341+0200] {logging_mixin.py:188} INFO - [2024-06-07T17:04:00.341+0200] {dagbag.py:540} INFO - Filling up the DagBag from /Users/noejalabert/airflow_venv/lib/python3.11/site-packages/airflow/example_dags/example_dynamic_task_mapping.py
[2024-06-07T17:04:00.359+0200] {processor.py:840} INFO - DAG(s) 'example_dynamic_task_mapping' retrieved from /Users/noejalabert/airflow_venv/lib/python3.11/site-packages/airflow/example_dags/example_dynamic_task_mapping.py
[2024-06-07T17:04:00.415+0200] {logging_mixin.py:188} INFO - [2024-06-07T17:04:00.415+0200] {dag.py:3096} INFO - Sync 1 DAGs
[2024-06-07T17:04:00.422+0200] {logging_mixin.py:188} INFO - [2024-06-07T17:04:00.422+0200] {dag.py:3954} INFO - Setting next_dagrun for example_dynamic_task_mapping to 2022-03-04 00:00:00+00:00, run_after=2022-03-05 00:00:00+00:00
[2024-06-07T17:04:00.430+0200] {processor.py:183} INFO - Processing /Users/noejalabert/airflow_venv/lib/python3.11/site-packages/airflow/example_dags/example_dynamic_task_mapping.py took 0.091 seconds
[2024-06-07T17:05:39.482+0200] {processor.py:161} INFO - Started process (PID=35488) to work on /Users/noejalabert/airflow_venv/lib/python3.11/site-packages/airflow/example_dags/example_dynamic_task_mapping.py
[2024-06-07T17:05:39.483+0200] {processor.py:830} INFO - Processing file /Users/noejalabert/airflow_venv/lib/python3.11/site-packages/airflow/example_dags/example_dynamic_task_mapping.py for tasks to queue
[2024-06-07T17:05:39.483+0200] {logging_mixin.py:188} INFO - [2024-06-07T17:05:39.483+0200] {dagbag.py:540} INFO - Filling up the DagBag from /Users/noejalabert/airflow_venv/lib/python3.11/site-packages/airflow/example_dags/example_dynamic_task_mapping.py
[2024-06-07T17:05:39.499+0200] {processor.py:840} INFO - DAG(s) 'example_dynamic_task_mapping' retrieved from /Users/noejalabert/airflow_venv/lib/python3.11/site-packages/airflow/example_dags/example_dynamic_task_mapping.py
[2024-06-07T17:05:39.545+0200] {logging_mixin.py:188} INFO - [2024-06-07T17:05:39.545+0200] {dag.py:3096} INFO - Sync 1 DAGs
[2024-06-07T17:05:39.552+0200] {logging_mixin.py:188} INFO - [2024-06-07T17:05:39.552+0200] {dag.py:3954} INFO - Setting next_dagrun for example_dynamic_task_mapping to 2022-03-04 00:00:00+00:00, run_after=2022-03-05 00:00:00+00:00
[2024-06-07T17:05:39.561+0200] {processor.py:183} INFO - Processing /Users/noejalabert/airflow_venv/lib/python3.11/site-packages/airflow/example_dags/example_dynamic_task_mapping.py took 0.080 seconds
[2024-06-07T17:07:16.080+0200] {processor.py:161} INFO - Started process (PID=35580) to work on /Users/noejalabert/airflow_venv/lib/python3.11/site-packages/airflow/example_dags/example_dynamic_task_mapping.py
[2024-06-07T17:07:16.081+0200] {processor.py:830} INFO - Processing file /Users/noejalabert/airflow_venv/lib/python3.11/site-packages/airflow/example_dags/example_dynamic_task_mapping.py for tasks to queue
[2024-06-07T17:07:16.081+0200] {logging_mixin.py:188} INFO - [2024-06-07T17:07:16.081+0200] {dagbag.py:540} INFO - Filling up the DagBag from /Users/noejalabert/airflow_venv/lib/python3.11/site-packages/airflow/example_dags/example_dynamic_task_mapping.py
[2024-06-07T17:07:16.098+0200] {processor.py:840} INFO - DAG(s) 'example_dynamic_task_mapping' retrieved from /Users/noejalabert/airflow_venv/lib/python3.11/site-packages/airflow/example_dags/example_dynamic_task_mapping.py
[2024-06-07T17:07:16.143+0200] {logging_mixin.py:188} INFO - [2024-06-07T17:07:16.143+0200] {dag.py:3096} INFO - Sync 1 DAGs
[2024-06-07T17:07:16.150+0200] {logging_mixin.py:188} INFO - [2024-06-07T17:07:16.150+0200] {dag.py:3954} INFO - Setting next_dagrun for example_dynamic_task_mapping to 2022-03-04 00:00:00+00:00, run_after=2022-03-05 00:00:00+00:00
[2024-06-07T17:07:16.158+0200] {processor.py:183} INFO - Processing /Users/noejalabert/airflow_venv/lib/python3.11/site-packages/airflow/example_dags/example_dynamic_task_mapping.py took 0.080 seconds
[2024-06-07T17:08:52.033+0200] {processor.py:161} INFO - Started process (PID=35694) to work on /Users/noejalabert/airflow_venv/lib/python3.11/site-packages/airflow/example_dags/example_dynamic_task_mapping.py
[2024-06-07T17:08:52.034+0200] {processor.py:830} INFO - Processing file /Users/noejalabert/airflow_venv/lib/python3.11/site-packages/airflow/example_dags/example_dynamic_task_mapping.py for tasks to queue
[2024-06-07T17:08:52.034+0200] {logging_mixin.py:188} INFO - [2024-06-07T17:08:52.034+0200] {dagbag.py:540} INFO - Filling up the DagBag from /Users/noejalabert/airflow_venv/lib/python3.11/site-packages/airflow/example_dags/example_dynamic_task_mapping.py
[2024-06-07T17:08:52.052+0200] {processor.py:840} INFO - DAG(s) 'example_dynamic_task_mapping' retrieved from /Users/noejalabert/airflow_venv/lib/python3.11/site-packages/airflow/example_dags/example_dynamic_task_mapping.py
[2024-06-07T17:08:52.102+0200] {logging_mixin.py:188} INFO - [2024-06-07T17:08:52.102+0200] {dag.py:3096} INFO - Sync 1 DAGs
[2024-06-07T17:08:52.110+0200] {logging_mixin.py:188} INFO - [2024-06-07T17:08:52.110+0200] {dag.py:3954} INFO - Setting next_dagrun for example_dynamic_task_mapping to 2022-03-04 00:00:00+00:00, run_after=2022-03-05 00:00:00+00:00
[2024-06-07T17:08:52.118+0200] {processor.py:183} INFO - Processing /Users/noejalabert/airflow_venv/lib/python3.11/site-packages/airflow/example_dags/example_dynamic_task_mapping.py took 0.086 seconds
[2024-06-07T17:10:25.772+0200] {processor.py:161} INFO - Started process (PID=35785) to work on /Users/noejalabert/airflow_venv/lib/python3.11/site-packages/airflow/example_dags/example_dynamic_task_mapping.py
[2024-06-07T17:10:25.773+0200] {processor.py:830} INFO - Processing file /Users/noejalabert/airflow_venv/lib/python3.11/site-packages/airflow/example_dags/example_dynamic_task_mapping.py for tasks to queue
[2024-06-07T17:10:25.773+0200] {logging_mixin.py:188} INFO - [2024-06-07T17:10:25.773+0200] {dagbag.py:540} INFO - Filling up the DagBag from /Users/noejalabert/airflow_venv/lib/python3.11/site-packages/airflow/example_dags/example_dynamic_task_mapping.py
[2024-06-07T17:10:25.791+0200] {processor.py:840} INFO - DAG(s) 'example_dynamic_task_mapping' retrieved from /Users/noejalabert/airflow_venv/lib/python3.11/site-packages/airflow/example_dags/example_dynamic_task_mapping.py
[2024-06-07T17:10:25.837+0200] {logging_mixin.py:188} INFO - [2024-06-07T17:10:25.836+0200] {dag.py:3096} INFO - Sync 1 DAGs
[2024-06-07T17:10:25.843+0200] {logging_mixin.py:188} INFO - [2024-06-07T17:10:25.843+0200] {dag.py:3954} INFO - Setting next_dagrun for example_dynamic_task_mapping to 2022-03-04 00:00:00+00:00, run_after=2022-03-05 00:00:00+00:00
[2024-06-07T17:10:25.851+0200] {processor.py:183} INFO - Processing /Users/noejalabert/airflow_venv/lib/python3.11/site-packages/airflow/example_dags/example_dynamic_task_mapping.py took 0.081 seconds
[2024-06-07T17:11:59.756+0200] {processor.py:161} INFO - Started process (PID=35903) to work on /Users/noejalabert/airflow_venv/lib/python3.11/site-packages/airflow/example_dags/example_dynamic_task_mapping.py
[2024-06-07T17:11:59.756+0200] {processor.py:830} INFO - Processing file /Users/noejalabert/airflow_venv/lib/python3.11/site-packages/airflow/example_dags/example_dynamic_task_mapping.py for tasks to queue
[2024-06-07T17:11:59.757+0200] {logging_mixin.py:188} INFO - [2024-06-07T17:11:59.757+0200] {dagbag.py:540} INFO - Filling up the DagBag from /Users/noejalabert/airflow_venv/lib/python3.11/site-packages/airflow/example_dags/example_dynamic_task_mapping.py
[2024-06-07T17:11:59.774+0200] {processor.py:840} INFO - DAG(s) 'example_dynamic_task_mapping' retrieved from /Users/noejalabert/airflow_venv/lib/python3.11/site-packages/airflow/example_dags/example_dynamic_task_mapping.py
[2024-06-07T17:11:59.820+0200] {logging_mixin.py:188} INFO - [2024-06-07T17:11:59.819+0200] {dag.py:3096} INFO - Sync 1 DAGs
[2024-06-07T17:11:59.826+0200] {logging_mixin.py:188} INFO - [2024-06-07T17:11:59.826+0200] {dag.py:3954} INFO - Setting next_dagrun for example_dynamic_task_mapping to 2022-03-04 00:00:00+00:00, run_after=2022-03-05 00:00:00+00:00
[2024-06-07T17:11:59.834+0200] {processor.py:183} INFO - Processing /Users/noejalabert/airflow_venv/lib/python3.11/site-packages/airflow/example_dags/example_dynamic_task_mapping.py took 0.080 seconds
[2024-06-07T17:13:37.811+0200] {processor.py:161} INFO - Started process (PID=36070) to work on /Users/noejalabert/airflow_venv/lib/python3.11/site-packages/airflow/example_dags/example_dynamic_task_mapping.py
[2024-06-07T17:13:37.812+0200] {processor.py:830} INFO - Processing file /Users/noejalabert/airflow_venv/lib/python3.11/site-packages/airflow/example_dags/example_dynamic_task_mapping.py for tasks to queue
[2024-06-07T17:13:37.812+0200] {logging_mixin.py:188} INFO - [2024-06-07T17:13:37.812+0200] {dagbag.py:540} INFO - Filling up the DagBag from /Users/noejalabert/airflow_venv/lib/python3.11/site-packages/airflow/example_dags/example_dynamic_task_mapping.py
[2024-06-07T17:13:37.829+0200] {processor.py:840} INFO - DAG(s) 'example_dynamic_task_mapping' retrieved from /Users/noejalabert/airflow_venv/lib/python3.11/site-packages/airflow/example_dags/example_dynamic_task_mapping.py
[2024-06-07T17:13:37.882+0200] {logging_mixin.py:188} INFO - [2024-06-07T17:13:37.882+0200] {dag.py:3096} INFO - Sync 1 DAGs
[2024-06-07T17:13:37.889+0200] {logging_mixin.py:188} INFO - [2024-06-07T17:13:37.889+0200] {dag.py:3954} INFO - Setting next_dagrun for example_dynamic_task_mapping to 2022-03-04 00:00:00+00:00, run_after=2022-03-05 00:00:00+00:00
[2024-06-07T17:13:37.898+0200] {processor.py:183} INFO - Processing /Users/noejalabert/airflow_venv/lib/python3.11/site-packages/airflow/example_dags/example_dynamic_task_mapping.py took 0.088 seconds
