[2024-06-07T16:10:49.521+0200] {processor.py:161} INFO - Started process (PID=31743) to work on /Users/noejalabert/airflow_venv/lib/python3.11/site-packages/airflow/example_dags/example_branch_operator.py
[2024-06-07T16:10:49.522+0200] {processor.py:830} INFO - Processing file /Users/noejalabert/airflow_venv/lib/python3.11/site-packages/airflow/example_dags/example_branch_operator.py for tasks to queue
[2024-06-07T16:10:49.522+0200] {logging_mixin.py:188} INFO - [2024-06-07T16:10:49.522+0200] {dagbag.py:540} INFO - Filling up the DagBag from /Users/noejalabert/airflow_venv/lib/python3.11/site-packages/airflow/example_dags/example_branch_operator.py
[2024-06-07T16:10:49.533+0200] {processor.py:842} WARNING - No viable dags retrieved from /Users/noejalabert/airflow_venv/lib/python3.11/site-packages/airflow/example_dags/example_branch_operator.py
[2024-06-07T16:10:49.567+0200] {processor.py:183} INFO - Processing /Users/noejalabert/airflow_venv/lib/python3.11/site-packages/airflow/example_dags/example_branch_operator.py took 0.047 seconds
[2024-06-07T16:12:31.541+0200] {processor.py:161} INFO - Started process (PID=31836) to work on /Users/noejalabert/airflow_venv/lib/python3.11/site-packages/airflow/example_dags/example_branch_operator.py
[2024-06-07T16:12:31.543+0200] {processor.py:830} INFO - Processing file /Users/noejalabert/airflow_venv/lib/python3.11/site-packages/airflow/example_dags/example_branch_operator.py for tasks to queue
[2024-06-07T16:12:31.543+0200] {logging_mixin.py:188} INFO - [2024-06-07T16:12:31.543+0200] {dagbag.py:540} INFO - Filling up the DagBag from /Users/noejalabert/airflow_venv/lib/python3.11/site-packages/airflow/example_dags/example_branch_operator.py
[2024-06-07T16:12:31.553+0200] {processor.py:842} WARNING - No viable dags retrieved from /Users/noejalabert/airflow_venv/lib/python3.11/site-packages/airflow/example_dags/example_branch_operator.py
[2024-06-07T16:12:31.587+0200] {processor.py:183} INFO - Processing /Users/noejalabert/airflow_venv/lib/python3.11/site-packages/airflow/example_dags/example_branch_operator.py took 0.047 seconds
[2024-06-07T16:15:37.709+0200] {processor.py:161} INFO - Started process (PID=31996) to work on /Users/noejalabert/airflow_venv/lib/python3.11/site-packages/airflow/example_dags/example_branch_operator.py
[2024-06-07T16:15:37.710+0200] {processor.py:830} INFO - Processing file /Users/noejalabert/airflow_venv/lib/python3.11/site-packages/airflow/example_dags/example_branch_operator.py for tasks to queue
[2024-06-07T16:15:37.710+0200] {logging_mixin.py:188} INFO - [2024-06-07T16:15:37.710+0200] {dagbag.py:540} INFO - Filling up the DagBag from /Users/noejalabert/airflow_venv/lib/python3.11/site-packages/airflow/example_dags/example_branch_operator.py
[2024-06-07T16:15:37.720+0200] {processor.py:842} WARNING - No viable dags retrieved from /Users/noejalabert/airflow_venv/lib/python3.11/site-packages/airflow/example_dags/example_branch_operator.py
[2024-06-07T16:15:37.755+0200] {processor.py:183} INFO - Processing /Users/noejalabert/airflow_venv/lib/python3.11/site-packages/airflow/example_dags/example_branch_operator.py took 0.047 seconds
[2024-06-07T16:18:42.847+0200] {processor.py:161} INFO - Started process (PID=32157) to work on /Users/noejalabert/airflow_venv/lib/python3.11/site-packages/airflow/example_dags/example_branch_operator.py
[2024-06-07T16:18:42.848+0200] {processor.py:830} INFO - Processing file /Users/noejalabert/airflow_venv/lib/python3.11/site-packages/airflow/example_dags/example_branch_operator.py for tasks to queue
[2024-06-07T16:18:42.848+0200] {logging_mixin.py:188} INFO - [2024-06-07T16:18:42.848+0200] {dagbag.py:540} INFO - Filling up the DagBag from /Users/noejalabert/airflow_venv/lib/python3.11/site-packages/airflow/example_dags/example_branch_operator.py
[2024-06-07T16:18:42.859+0200] {processor.py:842} WARNING - No viable dags retrieved from /Users/noejalabert/airflow_venv/lib/python3.11/site-packages/airflow/example_dags/example_branch_operator.py
[2024-06-07T16:18:42.894+0200] {processor.py:183} INFO - Processing /Users/noejalabert/airflow_venv/lib/python3.11/site-packages/airflow/example_dags/example_branch_operator.py took 0.049 seconds
[2024-06-07T16:21:44.304+0200] {processor.py:161} INFO - Started process (PID=32318) to work on /Users/noejalabert/airflow_venv/lib/python3.11/site-packages/airflow/example_dags/example_branch_operator.py
[2024-06-07T16:21:44.306+0200] {processor.py:830} INFO - Processing file /Users/noejalabert/airflow_venv/lib/python3.11/site-packages/airflow/example_dags/example_branch_operator.py for tasks to queue
[2024-06-07T16:21:44.307+0200] {logging_mixin.py:188} INFO - [2024-06-07T16:21:44.307+0200] {dagbag.py:540} INFO - Filling up the DagBag from /Users/noejalabert/airflow_venv/lib/python3.11/site-packages/airflow/example_dags/example_branch_operator.py
[2024-06-07T16:21:44.321+0200] {processor.py:842} WARNING - No viable dags retrieved from /Users/noejalabert/airflow_venv/lib/python3.11/site-packages/airflow/example_dags/example_branch_operator.py
[2024-06-07T16:21:44.376+0200] {processor.py:183} INFO - Processing /Users/noejalabert/airflow_venv/lib/python3.11/site-packages/airflow/example_dags/example_branch_operator.py took 0.084 seconds
[2024-06-07T16:24:53.948+0200] {processor.py:161} INFO - Started process (PID=32470) to work on /Users/noejalabert/airflow_venv/lib/python3.11/site-packages/airflow/example_dags/example_branch_operator.py
[2024-06-07T16:24:53.949+0200] {processor.py:830} INFO - Processing file /Users/noejalabert/airflow_venv/lib/python3.11/site-packages/airflow/example_dags/example_branch_operator.py for tasks to queue
[2024-06-07T16:24:53.950+0200] {logging_mixin.py:188} INFO - [2024-06-07T16:24:53.950+0200] {dagbag.py:540} INFO - Filling up the DagBag from /Users/noejalabert/airflow_venv/lib/python3.11/site-packages/airflow/example_dags/example_branch_operator.py
[2024-06-07T16:24:53.959+0200] {processor.py:842} WARNING - No viable dags retrieved from /Users/noejalabert/airflow_venv/lib/python3.11/site-packages/airflow/example_dags/example_branch_operator.py
[2024-06-07T16:24:53.993+0200] {processor.py:183} INFO - Processing /Users/noejalabert/airflow_venv/lib/python3.11/site-packages/airflow/example_dags/example_branch_operator.py took 0.046 seconds
[2024-06-07T16:27:53.752+0200] {processor.py:161} INFO - Started process (PID=32724) to work on /Users/noejalabert/airflow_venv/lib/python3.11/site-packages/airflow/example_dags/example_branch_operator.py
[2024-06-07T16:27:53.753+0200] {processor.py:830} INFO - Processing file /Users/noejalabert/airflow_venv/lib/python3.11/site-packages/airflow/example_dags/example_branch_operator.py for tasks to queue
[2024-06-07T16:27:53.754+0200] {logging_mixin.py:188} INFO - [2024-06-07T16:27:53.754+0200] {dagbag.py:540} INFO - Filling up the DagBag from /Users/noejalabert/airflow_venv/lib/python3.11/site-packages/airflow/example_dags/example_branch_operator.py
[2024-06-07T16:27:53.764+0200] {processor.py:842} WARNING - No viable dags retrieved from /Users/noejalabert/airflow_venv/lib/python3.11/site-packages/airflow/example_dags/example_branch_operator.py
[2024-06-07T16:27:53.797+0200] {processor.py:183} INFO - Processing /Users/noejalabert/airflow_venv/lib/python3.11/site-packages/airflow/example_dags/example_branch_operator.py took 0.046 seconds
[2024-06-07T16:31:02.564+0200] {processor.py:161} INFO - Started process (PID=32896) to work on /Users/noejalabert/airflow_venv/lib/python3.11/site-packages/airflow/example_dags/example_branch_operator.py
[2024-06-07T16:31:02.565+0200] {processor.py:830} INFO - Processing file /Users/noejalabert/airflow_venv/lib/python3.11/site-packages/airflow/example_dags/example_branch_operator.py for tasks to queue
[2024-06-07T16:31:02.565+0200] {logging_mixin.py:188} INFO - [2024-06-07T16:31:02.565+0200] {dagbag.py:540} INFO - Filling up the DagBag from /Users/noejalabert/airflow_venv/lib/python3.11/site-packages/airflow/example_dags/example_branch_operator.py
[2024-06-07T16:31:02.575+0200] {processor.py:842} WARNING - No viable dags retrieved from /Users/noejalabert/airflow_venv/lib/python3.11/site-packages/airflow/example_dags/example_branch_operator.py
[2024-06-07T16:31:02.610+0200] {processor.py:183} INFO - Processing /Users/noejalabert/airflow_venv/lib/python3.11/site-packages/airflow/example_dags/example_branch_operator.py took 0.047 seconds
[2024-06-07T16:34:07.627+0200] {processor.py:161} INFO - Started process (PID=33060) to work on /Users/noejalabert/airflow_venv/lib/python3.11/site-packages/airflow/example_dags/example_branch_operator.py
[2024-06-07T16:34:07.628+0200] {processor.py:830} INFO - Processing file /Users/noejalabert/airflow_venv/lib/python3.11/site-packages/airflow/example_dags/example_branch_operator.py for tasks to queue
[2024-06-07T16:34:07.628+0200] {logging_mixin.py:188} INFO - [2024-06-07T16:34:07.628+0200] {dagbag.py:540} INFO - Filling up the DagBag from /Users/noejalabert/airflow_venv/lib/python3.11/site-packages/airflow/example_dags/example_branch_operator.py
[2024-06-07T16:34:07.640+0200] {processor.py:842} WARNING - No viable dags retrieved from /Users/noejalabert/airflow_venv/lib/python3.11/site-packages/airflow/example_dags/example_branch_operator.py
[2024-06-07T16:34:07.681+0200] {processor.py:183} INFO - Processing /Users/noejalabert/airflow_venv/lib/python3.11/site-packages/airflow/example_dags/example_branch_operator.py took 0.056 seconds
[2024-06-07T16:35:53.124+0200] {processor.py:161} INFO - Started process (PID=33186) to work on /Users/noejalabert/airflow_venv/lib/python3.11/site-packages/airflow/example_dags/example_branch_operator.py
[2024-06-07T16:35:53.125+0200] {processor.py:830} INFO - Processing file /Users/noejalabert/airflow_venv/lib/python3.11/site-packages/airflow/example_dags/example_branch_operator.py for tasks to queue
[2024-06-07T16:35:53.126+0200] {logging_mixin.py:188} INFO - [2024-06-07T16:35:53.126+0200] {dagbag.py:540} INFO - Filling up the DagBag from /Users/noejalabert/airflow_venv/lib/python3.11/site-packages/airflow/example_dags/example_branch_operator.py
[2024-06-07T16:35:53.137+0200] {processor.py:842} WARNING - No viable dags retrieved from /Users/noejalabert/airflow_venv/lib/python3.11/site-packages/airflow/example_dags/example_branch_operator.py
[2024-06-07T16:35:53.174+0200] {processor.py:183} INFO - Processing /Users/noejalabert/airflow_venv/lib/python3.11/site-packages/airflow/example_dags/example_branch_operator.py took 0.052 seconds
[2024-06-07T16:37:38.873+0200] {processor.py:161} INFO - Started process (PID=33327) to work on /Users/noejalabert/airflow_venv/lib/python3.11/site-packages/airflow/example_dags/example_branch_operator.py
[2024-06-07T16:37:38.874+0200] {processor.py:830} INFO - Processing file /Users/noejalabert/airflow_venv/lib/python3.11/site-packages/airflow/example_dags/example_branch_operator.py for tasks to queue
[2024-06-07T16:37:38.874+0200] {logging_mixin.py:188} INFO - [2024-06-07T16:37:38.874+0200] {dagbag.py:540} INFO - Filling up the DagBag from /Users/noejalabert/airflow_venv/lib/python3.11/site-packages/airflow/example_dags/example_branch_operator.py
[2024-06-07T16:37:38.887+0200] {processor.py:842} WARNING - No viable dags retrieved from /Users/noejalabert/airflow_venv/lib/python3.11/site-packages/airflow/example_dags/example_branch_operator.py
[2024-06-07T16:37:38.929+0200] {processor.py:183} INFO - Processing /Users/noejalabert/airflow_venv/lib/python3.11/site-packages/airflow/example_dags/example_branch_operator.py took 0.058 seconds
[2024-06-07T16:41:00.601+0200] {processor.py:161} INFO - Started process (PID=33541) to work on /Users/noejalabert/airflow_venv/lib/python3.11/site-packages/airflow/example_dags/example_branch_operator.py
[2024-06-07T16:41:00.602+0200] {processor.py:830} INFO - Processing file /Users/noejalabert/airflow_venv/lib/python3.11/site-packages/airflow/example_dags/example_branch_operator.py for tasks to queue
[2024-06-07T16:41:00.602+0200] {logging_mixin.py:188} INFO - [2024-06-07T16:41:00.602+0200] {dagbag.py:540} INFO - Filling up the DagBag from /Users/noejalabert/airflow_venv/lib/python3.11/site-packages/airflow/example_dags/example_branch_operator.py
[2024-06-07T16:41:00.613+0200] {processor.py:842} WARNING - No viable dags retrieved from /Users/noejalabert/airflow_venv/lib/python3.11/site-packages/airflow/example_dags/example_branch_operator.py
[2024-06-07T16:41:00.650+0200] {processor.py:183} INFO - Processing /Users/noejalabert/airflow_venv/lib/python3.11/site-packages/airflow/example_dags/example_branch_operator.py took 0.051 seconds
[2024-06-07T16:44:19.345+0200] {processor.py:161} INFO - Started process (PID=33778) to work on /Users/noejalabert/airflow_venv/lib/python3.11/site-packages/airflow/example_dags/example_branch_operator.py
[2024-06-07T16:44:19.346+0200] {processor.py:830} INFO - Processing file /Users/noejalabert/airflow_venv/lib/python3.11/site-packages/airflow/example_dags/example_branch_operator.py for tasks to queue
[2024-06-07T16:44:19.346+0200] {logging_mixin.py:188} INFO - [2024-06-07T16:44:19.346+0200] {dagbag.py:540} INFO - Filling up the DagBag from /Users/noejalabert/airflow_venv/lib/python3.11/site-packages/airflow/example_dags/example_branch_operator.py
[2024-06-07T16:44:19.357+0200] {processor.py:842} WARNING - No viable dags retrieved from /Users/noejalabert/airflow_venv/lib/python3.11/site-packages/airflow/example_dags/example_branch_operator.py
[2024-06-07T16:44:19.401+0200] {processor.py:183} INFO - Processing /Users/noejalabert/airflow_venv/lib/python3.11/site-packages/airflow/example_dags/example_branch_operator.py took 0.057 seconds
[2024-06-07T16:47:47.054+0200] {processor.py:161} INFO - Started process (PID=34004) to work on /Users/noejalabert/airflow_venv/lib/python3.11/site-packages/airflow/example_dags/example_branch_operator.py
[2024-06-07T16:47:47.055+0200] {processor.py:830} INFO - Processing file /Users/noejalabert/airflow_venv/lib/python3.11/site-packages/airflow/example_dags/example_branch_operator.py for tasks to queue
[2024-06-07T16:47:47.056+0200] {logging_mixin.py:188} INFO - [2024-06-07T16:47:47.055+0200] {dagbag.py:540} INFO - Filling up the DagBag from /Users/noejalabert/airflow_venv/lib/python3.11/site-packages/airflow/example_dags/example_branch_operator.py
[2024-06-07T16:47:47.069+0200] {processor.py:842} WARNING - No viable dags retrieved from /Users/noejalabert/airflow_venv/lib/python3.11/site-packages/airflow/example_dags/example_branch_operator.py
[2024-06-07T16:47:47.117+0200] {processor.py:183} INFO - Processing /Users/noejalabert/airflow_venv/lib/python3.11/site-packages/airflow/example_dags/example_branch_operator.py took 0.065 seconds
[2024-06-07T16:51:14.510+0200] {processor.py:161} INFO - Started process (PID=34262) to work on /Users/noejalabert/airflow_venv/lib/python3.11/site-packages/airflow/example_dags/example_branch_operator.py
[2024-06-07T16:51:14.511+0200] {processor.py:830} INFO - Processing file /Users/noejalabert/airflow_venv/lib/python3.11/site-packages/airflow/example_dags/example_branch_operator.py for tasks to queue
[2024-06-07T16:51:14.511+0200] {logging_mixin.py:188} INFO - [2024-06-07T16:51:14.511+0200] {dagbag.py:540} INFO - Filling up the DagBag from /Users/noejalabert/airflow_venv/lib/python3.11/site-packages/airflow/example_dags/example_branch_operator.py
[2024-06-07T16:51:14.522+0200] {processor.py:842} WARNING - No viable dags retrieved from /Users/noejalabert/airflow_venv/lib/python3.11/site-packages/airflow/example_dags/example_branch_operator.py
[2024-06-07T16:51:14.560+0200] {processor.py:183} INFO - Processing /Users/noejalabert/airflow_venv/lib/python3.11/site-packages/airflow/example_dags/example_branch_operator.py took 0.052 seconds
[2024-06-07T16:52:58.507+0200] {processor.py:161} INFO - Started process (PID=34369) to work on /Users/noejalabert/airflow_venv/lib/python3.11/site-packages/airflow/example_dags/example_branch_operator.py
[2024-06-07T16:52:58.508+0200] {processor.py:830} INFO - Processing file /Users/noejalabert/airflow_venv/lib/python3.11/site-packages/airflow/example_dags/example_branch_operator.py for tasks to queue
[2024-06-07T16:52:58.509+0200] {logging_mixin.py:188} INFO - [2024-06-07T16:52:58.508+0200] {dagbag.py:540} INFO - Filling up the DagBag from /Users/noejalabert/airflow_venv/lib/python3.11/site-packages/airflow/example_dags/example_branch_operator.py
[2024-06-07T16:52:58.519+0200] {processor.py:842} WARNING - No viable dags retrieved from /Users/noejalabert/airflow_venv/lib/python3.11/site-packages/airflow/example_dags/example_branch_operator.py
[2024-06-07T16:52:58.552+0200] {processor.py:183} INFO - Processing /Users/noejalabert/airflow_venv/lib/python3.11/site-packages/airflow/example_dags/example_branch_operator.py took 0.047 seconds
[2024-06-07T16:56:11.749+0200] {processor.py:161} INFO - Started process (PID=34591) to work on /Users/noejalabert/airflow_venv/lib/python3.11/site-packages/airflow/example_dags/example_branch_operator.py
[2024-06-07T16:56:11.750+0200] {processor.py:830} INFO - Processing file /Users/noejalabert/airflow_venv/lib/python3.11/site-packages/airflow/example_dags/example_branch_operator.py for tasks to queue
[2024-06-07T16:56:11.750+0200] {logging_mixin.py:188} INFO - [2024-06-07T16:56:11.750+0200] {dagbag.py:540} INFO - Filling up the DagBag from /Users/noejalabert/airflow_venv/lib/python3.11/site-packages/airflow/example_dags/example_branch_operator.py
[2024-06-07T16:56:11.762+0200] {processor.py:842} WARNING - No viable dags retrieved from /Users/noejalabert/airflow_venv/lib/python3.11/site-packages/airflow/example_dags/example_branch_operator.py
[2024-06-07T16:56:11.798+0200] {processor.py:183} INFO - Processing /Users/noejalabert/airflow_venv/lib/python3.11/site-packages/airflow/example_dags/example_branch_operator.py took 0.051 seconds
