[2024-06-07T16:10:54.667+0200] {processor.py:161} INFO - Started process (PID=31746) to work on /Users/noejalabert/airflow_venv/lib/python3.11/site-packages/airflow/example_dags/example_branch_datetime_operator.py
[2024-06-07T16:10:54.668+0200] {processor.py:830} INFO - Processing file /Users/noejalabert/airflow_venv/lib/python3.11/site-packages/airflow/example_dags/example_branch_datetime_operator.py for tasks to queue
[2024-06-07T16:10:54.668+0200] {logging_mixin.py:188} INFO - [2024-06-07T16:10:54.668+0200] {dagbag.py:540} INFO - Filling up the DagBag from /Users/noejalabert/airflow_venv/lib/python3.11/site-packages/airflow/example_dags/example_branch_datetime_operator.py
[2024-06-07T16:10:54.674+0200] {processor.py:840} INFO - DAG(s) 'example_branch_datetime_operator_3', 'example_branch_datetime_operator', 'example_branch_datetime_operator_2' retrieved from /Users/noejalabert/airflow_venv/lib/python3.11/site-packages/airflow/example_dags/example_branch_datetime_operator.py
[2024-06-07T16:10:54.776+0200] {logging_mixin.py:188} INFO - [2024-06-07T16:10:54.775+0200] {dag.py:3096} INFO - Sync 3 DAGs
[2024-06-07T16:10:54.784+0200] {logging_mixin.py:188} INFO - [2024-06-07T16:10:54.784+0200] {dag.py:3954} INFO - Setting next_dagrun for example_branch_datetime_operator to 2024-06-06 00:00:00+00:00, run_after=2024-06-07 00:00:00+00:00
[2024-06-07T16:10:54.785+0200] {logging_mixin.py:188} INFO - [2024-06-07T16:10:54.785+0200] {dag.py:3954} INFO - Setting next_dagrun for example_branch_datetime_operator_2 to 2024-06-06 00:00:00+00:00, run_after=2024-06-07 00:00:00+00:00
[2024-06-07T16:10:54.786+0200] {logging_mixin.py:188} INFO - [2024-06-07T16:10:54.786+0200] {dag.py:3954} INFO - Setting next_dagrun for example_branch_datetime_operator_3 to 2024-06-06 00:00:00+00:00, run_after=2024-06-07 00:00:00+00:00
[2024-06-07T16:10:54.796+0200] {processor.py:183} INFO - Processing /Users/noejalabert/airflow_venv/lib/python3.11/site-packages/airflow/example_dags/example_branch_datetime_operator.py took 0.130 seconds
[2024-06-07T16:14:04.079+0200] {processor.py:161} INFO - Started process (PID=31912) to work on /Users/noejalabert/airflow_venv/lib/python3.11/site-packages/airflow/example_dags/example_branch_datetime_operator.py
[2024-06-07T16:14:04.081+0200] {processor.py:830} INFO - Processing file /Users/noejalabert/airflow_venv/lib/python3.11/site-packages/airflow/example_dags/example_branch_datetime_operator.py for tasks to queue
[2024-06-07T16:14:04.081+0200] {logging_mixin.py:188} INFO - [2024-06-07T16:14:04.081+0200] {dagbag.py:540} INFO - Filling up the DagBag from /Users/noejalabert/airflow_venv/lib/python3.11/site-packages/airflow/example_dags/example_branch_datetime_operator.py
[2024-06-07T16:14:04.087+0200] {processor.py:840} INFO - DAG(s) 'example_branch_datetime_operator_2', 'example_branch_datetime_operator_3', 'example_branch_datetime_operator' retrieved from /Users/noejalabert/airflow_venv/lib/python3.11/site-packages/airflow/example_dags/example_branch_datetime_operator.py
[2024-06-07T16:14:04.136+0200] {logging_mixin.py:188} INFO - [2024-06-07T16:14:04.136+0200] {dag.py:3096} INFO - Sync 3 DAGs
[2024-06-07T16:14:04.145+0200] {logging_mixin.py:188} INFO - [2024-06-07T16:14:04.145+0200] {dag.py:3954} INFO - Setting next_dagrun for example_branch_datetime_operator to 2024-06-06 00:00:00+00:00, run_after=2024-06-07 00:00:00+00:00
[2024-06-07T16:14:04.146+0200] {logging_mixin.py:188} INFO - [2024-06-07T16:14:04.146+0200] {dag.py:3954} INFO - Setting next_dagrun for example_branch_datetime_operator_2 to 2024-06-06 00:00:00+00:00, run_after=2024-06-07 00:00:00+00:00
[2024-06-07T16:14:04.147+0200] {logging_mixin.py:188} INFO - [2024-06-07T16:14:04.147+0200] {dag.py:3954} INFO - Setting next_dagrun for example_branch_datetime_operator_3 to 2024-06-06 00:00:00+00:00, run_after=2024-06-07 00:00:00+00:00
[2024-06-07T16:14:04.154+0200] {processor.py:183} INFO - Processing /Users/noejalabert/airflow_venv/lib/python3.11/site-packages/airflow/example_dags/example_branch_datetime_operator.py took 0.076 seconds
[2024-06-07T16:17:10.087+0200] {processor.py:161} INFO - Started process (PID=32069) to work on /Users/noejalabert/airflow_venv/lib/python3.11/site-packages/airflow/example_dags/example_branch_datetime_operator.py
[2024-06-07T16:17:10.088+0200] {processor.py:830} INFO - Processing file /Users/noejalabert/airflow_venv/lib/python3.11/site-packages/airflow/example_dags/example_branch_datetime_operator.py for tasks to queue
[2024-06-07T16:17:10.089+0200] {logging_mixin.py:188} INFO - [2024-06-07T16:17:10.089+0200] {dagbag.py:540} INFO - Filling up the DagBag from /Users/noejalabert/airflow_venv/lib/python3.11/site-packages/airflow/example_dags/example_branch_datetime_operator.py
[2024-06-07T16:17:10.095+0200] {processor.py:840} INFO - DAG(s) 'example_branch_datetime_operator_2', 'example_branch_datetime_operator', 'example_branch_datetime_operator_3' retrieved from /Users/noejalabert/airflow_venv/lib/python3.11/site-packages/airflow/example_dags/example_branch_datetime_operator.py
[2024-06-07T16:17:10.145+0200] {logging_mixin.py:188} INFO - [2024-06-07T16:17:10.145+0200] {dag.py:3096} INFO - Sync 3 DAGs
[2024-06-07T16:17:10.153+0200] {logging_mixin.py:188} INFO - [2024-06-07T16:17:10.153+0200] {dag.py:3954} INFO - Setting next_dagrun for example_branch_datetime_operator to 2024-06-06 00:00:00+00:00, run_after=2024-06-07 00:00:00+00:00
[2024-06-07T16:17:10.155+0200] {logging_mixin.py:188} INFO - [2024-06-07T16:17:10.155+0200] {dag.py:3954} INFO - Setting next_dagrun for example_branch_datetime_operator_2 to 2024-06-06 00:00:00+00:00, run_after=2024-06-07 00:00:00+00:00
[2024-06-07T16:17:10.156+0200] {logging_mixin.py:188} INFO - [2024-06-07T16:17:10.156+0200] {dag.py:3954} INFO - Setting next_dagrun for example_branch_datetime_operator_3 to 2024-06-06 00:00:00+00:00, run_after=2024-06-07 00:00:00+00:00
[2024-06-07T16:17:10.163+0200] {processor.py:183} INFO - Processing /Users/noejalabert/airflow_venv/lib/python3.11/site-packages/airflow/example_dags/example_branch_datetime_operator.py took 0.077 seconds
[2024-06-07T16:20:11.354+0200] {processor.py:161} INFO - Started process (PID=32232) to work on /Users/noejalabert/airflow_venv/lib/python3.11/site-packages/airflow/example_dags/example_branch_datetime_operator.py
[2024-06-07T16:20:11.354+0200] {processor.py:830} INFO - Processing file /Users/noejalabert/airflow_venv/lib/python3.11/site-packages/airflow/example_dags/example_branch_datetime_operator.py for tasks to queue
[2024-06-07T16:20:11.355+0200] {logging_mixin.py:188} INFO - [2024-06-07T16:20:11.355+0200] {dagbag.py:540} INFO - Filling up the DagBag from /Users/noejalabert/airflow_venv/lib/python3.11/site-packages/airflow/example_dags/example_branch_datetime_operator.py
[2024-06-07T16:20:11.361+0200] {processor.py:840} INFO - DAG(s) 'example_branch_datetime_operator_2', 'example_branch_datetime_operator', 'example_branch_datetime_operator_3' retrieved from /Users/noejalabert/airflow_venv/lib/python3.11/site-packages/airflow/example_dags/example_branch_datetime_operator.py
[2024-06-07T16:20:11.421+0200] {logging_mixin.py:188} INFO - [2024-06-07T16:20:11.421+0200] {dag.py:3096} INFO - Sync 3 DAGs
[2024-06-07T16:20:11.430+0200] {logging_mixin.py:188} INFO - [2024-06-07T16:20:11.430+0200] {dag.py:3954} INFO - Setting next_dagrun for example_branch_datetime_operator to 2024-06-06 00:00:00+00:00, run_after=2024-06-07 00:00:00+00:00
[2024-06-07T16:20:11.432+0200] {logging_mixin.py:188} INFO - [2024-06-07T16:20:11.432+0200] {dag.py:3954} INFO - Setting next_dagrun for example_branch_datetime_operator_2 to 2024-06-06 00:00:00+00:00, run_after=2024-06-07 00:00:00+00:00
[2024-06-07T16:20:11.433+0200] {logging_mixin.py:188} INFO - [2024-06-07T16:20:11.433+0200] {dag.py:3954} INFO - Setting next_dagrun for example_branch_datetime_operator_3 to 2024-06-06 00:00:00+00:00, run_after=2024-06-07 00:00:00+00:00
[2024-06-07T16:20:11.440+0200] {processor.py:183} INFO - Processing /Users/noejalabert/airflow_venv/lib/python3.11/site-packages/airflow/example_dags/example_branch_datetime_operator.py took 0.088 seconds
[2024-06-07T16:23:20.715+0200] {processor.py:161} INFO - Started process (PID=32396) to work on /Users/noejalabert/airflow_venv/lib/python3.11/site-packages/airflow/example_dags/example_branch_datetime_operator.py
[2024-06-07T16:23:20.717+0200] {processor.py:830} INFO - Processing file /Users/noejalabert/airflow_venv/lib/python3.11/site-packages/airflow/example_dags/example_branch_datetime_operator.py for tasks to queue
[2024-06-07T16:23:20.717+0200] {logging_mixin.py:188} INFO - [2024-06-07T16:23:20.717+0200] {dagbag.py:540} INFO - Filling up the DagBag from /Users/noejalabert/airflow_venv/lib/python3.11/site-packages/airflow/example_dags/example_branch_datetime_operator.py
[2024-06-07T16:23:20.724+0200] {processor.py:840} INFO - DAG(s) 'example_branch_datetime_operator_3', 'example_branch_datetime_operator_2', 'example_branch_datetime_operator' retrieved from /Users/noejalabert/airflow_venv/lib/python3.11/site-packages/airflow/example_dags/example_branch_datetime_operator.py
[2024-06-07T16:23:20.780+0200] {logging_mixin.py:188} INFO - [2024-06-07T16:23:20.779+0200] {dag.py:3096} INFO - Sync 3 DAGs
[2024-06-07T16:23:20.789+0200] {logging_mixin.py:188} INFO - [2024-06-07T16:23:20.789+0200] {dag.py:3954} INFO - Setting next_dagrun for example_branch_datetime_operator to 2024-06-06 00:00:00+00:00, run_after=2024-06-07 00:00:00+00:00
[2024-06-07T16:23:20.791+0200] {logging_mixin.py:188} INFO - [2024-06-07T16:23:20.791+0200] {dag.py:3954} INFO - Setting next_dagrun for example_branch_datetime_operator_2 to 2024-06-06 00:00:00+00:00, run_after=2024-06-07 00:00:00+00:00
[2024-06-07T16:23:20.792+0200] {logging_mixin.py:188} INFO - [2024-06-07T16:23:20.792+0200] {dag.py:3954} INFO - Setting next_dagrun for example_branch_datetime_operator_3 to 2024-06-06 00:00:00+00:00, run_after=2024-06-07 00:00:00+00:00
[2024-06-07T16:23:20.799+0200] {processor.py:183} INFO - Processing /Users/noejalabert/airflow_venv/lib/python3.11/site-packages/airflow/example_dags/example_branch_datetime_operator.py took 0.086 seconds
[2024-06-07T16:26:28.080+0200] {processor.py:161} INFO - Started process (PID=32645) to work on /Users/noejalabert/airflow_venv/lib/python3.11/site-packages/airflow/example_dags/example_branch_datetime_operator.py
[2024-06-07T16:26:28.081+0200] {processor.py:830} INFO - Processing file /Users/noejalabert/airflow_venv/lib/python3.11/site-packages/airflow/example_dags/example_branch_datetime_operator.py for tasks to queue
[2024-06-07T16:26:28.081+0200] {logging_mixin.py:188} INFO - [2024-06-07T16:26:28.081+0200] {dagbag.py:540} INFO - Filling up the DagBag from /Users/noejalabert/airflow_venv/lib/python3.11/site-packages/airflow/example_dags/example_branch_datetime_operator.py
[2024-06-07T16:26:28.087+0200] {processor.py:840} INFO - DAG(s) 'example_branch_datetime_operator', 'example_branch_datetime_operator_2', 'example_branch_datetime_operator_3' retrieved from /Users/noejalabert/airflow_venv/lib/python3.11/site-packages/airflow/example_dags/example_branch_datetime_operator.py
[2024-06-07T16:26:28.138+0200] {logging_mixin.py:188} INFO - [2024-06-07T16:26:28.137+0200] {dag.py:3096} INFO - Sync 3 DAGs
[2024-06-07T16:26:28.146+0200] {logging_mixin.py:188} INFO - [2024-06-07T16:26:28.146+0200] {dag.py:3954} INFO - Setting next_dagrun for example_branch_datetime_operator to 2024-06-06 00:00:00+00:00, run_after=2024-06-07 00:00:00+00:00
[2024-06-07T16:26:28.148+0200] {logging_mixin.py:188} INFO - [2024-06-07T16:26:28.148+0200] {dag.py:3954} INFO - Setting next_dagrun for example_branch_datetime_operator_2 to 2024-06-06 00:00:00+00:00, run_after=2024-06-07 00:00:00+00:00
[2024-06-07T16:26:28.149+0200] {logging_mixin.py:188} INFO - [2024-06-07T16:26:28.148+0200] {dag.py:3954} INFO - Setting next_dagrun for example_branch_datetime_operator_3 to 2024-06-06 00:00:00+00:00, run_after=2024-06-07 00:00:00+00:00
[2024-06-07T16:26:28.156+0200] {processor.py:183} INFO - Processing /Users/noejalabert/airflow_venv/lib/python3.11/site-packages/airflow/example_dags/example_branch_datetime_operator.py took 0.076 seconds
[2024-06-07T16:29:27.439+0200] {processor.py:161} INFO - Started process (PID=32807) to work on /Users/noejalabert/airflow_venv/lib/python3.11/site-packages/airflow/example_dags/example_branch_datetime_operator.py
[2024-06-07T16:29:27.440+0200] {processor.py:830} INFO - Processing file /Users/noejalabert/airflow_venv/lib/python3.11/site-packages/airflow/example_dags/example_branch_datetime_operator.py for tasks to queue
[2024-06-07T16:29:27.440+0200] {logging_mixin.py:188} INFO - [2024-06-07T16:29:27.440+0200] {dagbag.py:540} INFO - Filling up the DagBag from /Users/noejalabert/airflow_venv/lib/python3.11/site-packages/airflow/example_dags/example_branch_datetime_operator.py
[2024-06-07T16:29:27.447+0200] {processor.py:840} INFO - DAG(s) 'example_branch_datetime_operator_3', 'example_branch_datetime_operator_2', 'example_branch_datetime_operator' retrieved from /Users/noejalabert/airflow_venv/lib/python3.11/site-packages/airflow/example_dags/example_branch_datetime_operator.py
[2024-06-07T16:29:27.504+0200] {logging_mixin.py:188} INFO - [2024-06-07T16:29:27.504+0200] {dag.py:3096} INFO - Sync 3 DAGs
[2024-06-07T16:29:27.513+0200] {logging_mixin.py:188} INFO - [2024-06-07T16:29:27.513+0200] {dag.py:3954} INFO - Setting next_dagrun for example_branch_datetime_operator to 2024-06-06 00:00:00+00:00, run_after=2024-06-07 00:00:00+00:00
[2024-06-07T16:29:27.515+0200] {logging_mixin.py:188} INFO - [2024-06-07T16:29:27.514+0200] {dag.py:3954} INFO - Setting next_dagrun for example_branch_datetime_operator_2 to 2024-06-06 00:00:00+00:00, run_after=2024-06-07 00:00:00+00:00
[2024-06-07T16:29:27.515+0200] {logging_mixin.py:188} INFO - [2024-06-07T16:29:27.515+0200] {dag.py:3954} INFO - Setting next_dagrun for example_branch_datetime_operator_3 to 2024-06-06 00:00:00+00:00, run_after=2024-06-07 00:00:00+00:00
[2024-06-07T16:29:27.522+0200] {processor.py:183} INFO - Processing /Users/noejalabert/airflow_venv/lib/python3.11/site-packages/airflow/example_dags/example_branch_datetime_operator.py took 0.085 seconds
[2024-06-07T16:32:33.286+0200] {processor.py:161} INFO - Started process (PID=32977) to work on /Users/noejalabert/airflow_venv/lib/python3.11/site-packages/airflow/example_dags/example_branch_datetime_operator.py
[2024-06-07T16:32:33.286+0200] {processor.py:830} INFO - Processing file /Users/noejalabert/airflow_venv/lib/python3.11/site-packages/airflow/example_dags/example_branch_datetime_operator.py for tasks to queue
[2024-06-07T16:32:33.287+0200] {logging_mixin.py:188} INFO - [2024-06-07T16:32:33.287+0200] {dagbag.py:540} INFO - Filling up the DagBag from /Users/noejalabert/airflow_venv/lib/python3.11/site-packages/airflow/example_dags/example_branch_datetime_operator.py
[2024-06-07T16:32:33.292+0200] {processor.py:840} INFO - DAG(s) 'example_branch_datetime_operator_3', 'example_branch_datetime_operator_2', 'example_branch_datetime_operator' retrieved from /Users/noejalabert/airflow_venv/lib/python3.11/site-packages/airflow/example_dags/example_branch_datetime_operator.py
[2024-06-07T16:32:33.342+0200] {logging_mixin.py:188} INFO - [2024-06-07T16:32:33.342+0200] {dag.py:3096} INFO - Sync 3 DAGs
[2024-06-07T16:32:33.350+0200] {logging_mixin.py:188} INFO - [2024-06-07T16:32:33.350+0200] {dag.py:3954} INFO - Setting next_dagrun for example_branch_datetime_operator to 2024-06-06 00:00:00+00:00, run_after=2024-06-07 00:00:00+00:00
[2024-06-07T16:32:33.352+0200] {logging_mixin.py:188} INFO - [2024-06-07T16:32:33.352+0200] {dag.py:3954} INFO - Setting next_dagrun for example_branch_datetime_operator_2 to 2024-06-06 00:00:00+00:00, run_after=2024-06-07 00:00:00+00:00
[2024-06-07T16:32:33.353+0200] {logging_mixin.py:188} INFO - [2024-06-07T16:32:33.353+0200] {dag.py:3954} INFO - Setting next_dagrun for example_branch_datetime_operator_3 to 2024-06-06 00:00:00+00:00, run_after=2024-06-07 00:00:00+00:00
[2024-06-07T16:32:33.359+0200] {processor.py:183} INFO - Processing /Users/noejalabert/airflow_venv/lib/python3.11/site-packages/airflow/example_dags/example_branch_datetime_operator.py took 0.075 seconds
[2024-06-07T16:35:55.139+0200] {processor.py:161} INFO - Started process (PID=33187) to work on /Users/noejalabert/airflow_venv/lib/python3.11/site-packages/airflow/example_dags/example_branch_datetime_operator.py
[2024-06-07T16:35:55.141+0200] {processor.py:830} INFO - Processing file /Users/noejalabert/airflow_venv/lib/python3.11/site-packages/airflow/example_dags/example_branch_datetime_operator.py for tasks to queue
[2024-06-07T16:35:55.141+0200] {logging_mixin.py:188} INFO - [2024-06-07T16:35:55.141+0200] {dagbag.py:540} INFO - Filling up the DagBag from /Users/noejalabert/airflow_venv/lib/python3.11/site-packages/airflow/example_dags/example_branch_datetime_operator.py
[2024-06-07T16:35:55.148+0200] {processor.py:840} INFO - DAG(s) 'example_branch_datetime_operator_2', 'example_branch_datetime_operator', 'example_branch_datetime_operator_3' retrieved from /Users/noejalabert/airflow_venv/lib/python3.11/site-packages/airflow/example_dags/example_branch_datetime_operator.py
[2024-06-07T16:35:55.213+0200] {logging_mixin.py:188} INFO - [2024-06-07T16:35:55.213+0200] {dag.py:3096} INFO - Sync 3 DAGs
[2024-06-07T16:35:55.223+0200] {logging_mixin.py:188} INFO - [2024-06-07T16:35:55.222+0200] {dag.py:3954} INFO - Setting next_dagrun for example_branch_datetime_operator to 2024-06-06 00:00:00+00:00, run_after=2024-06-07 00:00:00+00:00
[2024-06-07T16:35:55.225+0200] {logging_mixin.py:188} INFO - [2024-06-07T16:35:55.225+0200] {dag.py:3954} INFO - Setting next_dagrun for example_branch_datetime_operator_2 to 2024-06-06 00:00:00+00:00, run_after=2024-06-07 00:00:00+00:00
[2024-06-07T16:35:55.226+0200] {logging_mixin.py:188} INFO - [2024-06-07T16:35:55.226+0200] {dag.py:3954} INFO - Setting next_dagrun for example_branch_datetime_operator_3 to 2024-06-06 00:00:00+00:00, run_after=2024-06-07 00:00:00+00:00
[2024-06-07T16:35:55.234+0200] {processor.py:183} INFO - Processing /Users/noejalabert/airflow_venv/lib/python3.11/site-packages/airflow/example_dags/example_branch_datetime_operator.py took 0.097 seconds
[2024-06-07T16:39:19.021+0200] {processor.py:161} INFO - Started process (PID=33431) to work on /Users/noejalabert/airflow_venv/lib/python3.11/site-packages/airflow/example_dags/example_branch_datetime_operator.py
[2024-06-07T16:39:19.022+0200] {processor.py:830} INFO - Processing file /Users/noejalabert/airflow_venv/lib/python3.11/site-packages/airflow/example_dags/example_branch_datetime_operator.py for tasks to queue
[2024-06-07T16:39:19.023+0200] {logging_mixin.py:188} INFO - [2024-06-07T16:39:19.023+0200] {dagbag.py:540} INFO - Filling up the DagBag from /Users/noejalabert/airflow_venv/lib/python3.11/site-packages/airflow/example_dags/example_branch_datetime_operator.py
[2024-06-07T16:39:19.029+0200] {processor.py:840} INFO - DAG(s) 'example_branch_datetime_operator_3', 'example_branch_datetime_operator_2', 'example_branch_datetime_operator' retrieved from /Users/noejalabert/airflow_venv/lib/python3.11/site-packages/airflow/example_dags/example_branch_datetime_operator.py
[2024-06-07T16:39:19.085+0200] {logging_mixin.py:188} INFO - [2024-06-07T16:39:19.085+0200] {dag.py:3096} INFO - Sync 3 DAGs
[2024-06-07T16:39:19.097+0200] {logging_mixin.py:188} INFO - [2024-06-07T16:39:19.097+0200] {dag.py:3954} INFO - Setting next_dagrun for example_branch_datetime_operator to 2024-06-06 00:00:00+00:00, run_after=2024-06-07 00:00:00+00:00
[2024-06-07T16:39:19.099+0200] {logging_mixin.py:188} INFO - [2024-06-07T16:39:19.099+0200] {dag.py:3954} INFO - Setting next_dagrun for example_branch_datetime_operator_2 to 2024-06-06 00:00:00+00:00, run_after=2024-06-07 00:00:00+00:00
[2024-06-07T16:39:19.100+0200] {logging_mixin.py:188} INFO - [2024-06-07T16:39:19.100+0200] {dag.py:3954} INFO - Setting next_dagrun for example_branch_datetime_operator_3 to 2024-06-06 00:00:00+00:00, run_after=2024-06-07 00:00:00+00:00
[2024-06-07T16:39:19.110+0200] {processor.py:183} INFO - Processing /Users/noejalabert/airflow_venv/lib/python3.11/site-packages/airflow/example_dags/example_branch_datetime_operator.py took 0.091 seconds
[2024-06-07T16:42:41.258+0200] {processor.py:161} INFO - Started process (PID=33677) to work on /Users/noejalabert/airflow_venv/lib/python3.11/site-packages/airflow/example_dags/example_branch_datetime_operator.py
[2024-06-07T16:42:41.259+0200] {processor.py:830} INFO - Processing file /Users/noejalabert/airflow_venv/lib/python3.11/site-packages/airflow/example_dags/example_branch_datetime_operator.py for tasks to queue
[2024-06-07T16:42:41.260+0200] {logging_mixin.py:188} INFO - [2024-06-07T16:42:41.259+0200] {dagbag.py:540} INFO - Filling up the DagBag from /Users/noejalabert/airflow_venv/lib/python3.11/site-packages/airflow/example_dags/example_branch_datetime_operator.py
[2024-06-07T16:42:41.266+0200] {processor.py:840} INFO - DAG(s) 'example_branch_datetime_operator', 'example_branch_datetime_operator_2', 'example_branch_datetime_operator_3' retrieved from /Users/noejalabert/airflow_venv/lib/python3.11/site-packages/airflow/example_dags/example_branch_datetime_operator.py
[2024-06-07T16:42:41.323+0200] {logging_mixin.py:188} INFO - [2024-06-07T16:42:41.323+0200] {dag.py:3096} INFO - Sync 3 DAGs
[2024-06-07T16:42:41.332+0200] {logging_mixin.py:188} INFO - [2024-06-07T16:42:41.332+0200] {dag.py:3954} INFO - Setting next_dagrun for example_branch_datetime_operator to 2024-06-06 00:00:00+00:00, run_after=2024-06-07 00:00:00+00:00
[2024-06-07T16:42:41.334+0200] {logging_mixin.py:188} INFO - [2024-06-07T16:42:41.334+0200] {dag.py:3954} INFO - Setting next_dagrun for example_branch_datetime_operator_2 to 2024-06-06 00:00:00+00:00, run_after=2024-06-07 00:00:00+00:00
[2024-06-07T16:42:41.335+0200] {logging_mixin.py:188} INFO - [2024-06-07T16:42:41.335+0200] {dag.py:3954} INFO - Setting next_dagrun for example_branch_datetime_operator_3 to 2024-06-06 00:00:00+00:00, run_after=2024-06-07 00:00:00+00:00
[2024-06-07T16:42:41.344+0200] {processor.py:183} INFO - Processing /Users/noejalabert/airflow_venv/lib/python3.11/site-packages/airflow/example_dags/example_branch_datetime_operator.py took 0.087 seconds
[2024-06-07T16:46:02.763+0200] {processor.py:161} INFO - Started process (PID=33897) to work on /Users/noejalabert/airflow_venv/lib/python3.11/site-packages/airflow/example_dags/example_branch_datetime_operator.py
[2024-06-07T16:46:02.764+0200] {processor.py:830} INFO - Processing file /Users/noejalabert/airflow_venv/lib/python3.11/site-packages/airflow/example_dags/example_branch_datetime_operator.py for tasks to queue
[2024-06-07T16:46:02.765+0200] {logging_mixin.py:188} INFO - [2024-06-07T16:46:02.764+0200] {dagbag.py:540} INFO - Filling up the DagBag from /Users/noejalabert/airflow_venv/lib/python3.11/site-packages/airflow/example_dags/example_branch_datetime_operator.py
[2024-06-07T16:46:02.772+0200] {processor.py:840} INFO - DAG(s) 'example_branch_datetime_operator', 'example_branch_datetime_operator_3', 'example_branch_datetime_operator_2' retrieved from /Users/noejalabert/airflow_venv/lib/python3.11/site-packages/airflow/example_dags/example_branch_datetime_operator.py
[2024-06-07T16:46:02.832+0200] {logging_mixin.py:188} INFO - [2024-06-07T16:46:02.832+0200] {dag.py:3096} INFO - Sync 3 DAGs
[2024-06-07T16:46:02.847+0200] {logging_mixin.py:188} INFO - [2024-06-07T16:46:02.847+0200] {dag.py:3954} INFO - Setting next_dagrun for example_branch_datetime_operator to 2024-06-06 00:00:00+00:00, run_after=2024-06-07 00:00:00+00:00
[2024-06-07T16:46:02.849+0200] {logging_mixin.py:188} INFO - [2024-06-07T16:46:02.849+0200] {dag.py:3954} INFO - Setting next_dagrun for example_branch_datetime_operator_2 to 2024-06-06 00:00:00+00:00, run_after=2024-06-07 00:00:00+00:00
[2024-06-07T16:46:02.850+0200] {logging_mixin.py:188} INFO - [2024-06-07T16:46:02.850+0200] {dag.py:3954} INFO - Setting next_dagrun for example_branch_datetime_operator_3 to 2024-06-06 00:00:00+00:00, run_after=2024-06-07 00:00:00+00:00
[2024-06-07T16:46:02.858+0200] {processor.py:183} INFO - Processing /Users/noejalabert/airflow_venv/lib/python3.11/site-packages/airflow/example_dags/example_branch_datetime_operator.py took 0.097 seconds
[2024-06-07T16:49:30.957+0200] {processor.py:161} INFO - Started process (PID=34158) to work on /Users/noejalabert/airflow_venv/lib/python3.11/site-packages/airflow/example_dags/example_branch_datetime_operator.py
[2024-06-07T16:49:30.958+0200] {processor.py:830} INFO - Processing file /Users/noejalabert/airflow_venv/lib/python3.11/site-packages/airflow/example_dags/example_branch_datetime_operator.py for tasks to queue
[2024-06-07T16:49:30.959+0200] {logging_mixin.py:188} INFO - [2024-06-07T16:49:30.959+0200] {dagbag.py:540} INFO - Filling up the DagBag from /Users/noejalabert/airflow_venv/lib/python3.11/site-packages/airflow/example_dags/example_branch_datetime_operator.py
[2024-06-07T16:49:30.965+0200] {processor.py:840} INFO - DAG(s) 'example_branch_datetime_operator_2', 'example_branch_datetime_operator', 'example_branch_datetime_operator_3' retrieved from /Users/noejalabert/airflow_venv/lib/python3.11/site-packages/airflow/example_dags/example_branch_datetime_operator.py
[2024-06-07T16:49:31.021+0200] {logging_mixin.py:188} INFO - [2024-06-07T16:49:31.021+0200] {dag.py:3096} INFO - Sync 3 DAGs
[2024-06-07T16:49:31.030+0200] {logging_mixin.py:188} INFO - [2024-06-07T16:49:31.029+0200] {dag.py:3954} INFO - Setting next_dagrun for example_branch_datetime_operator to 2024-06-06 00:00:00+00:00, run_after=2024-06-07 00:00:00+00:00
[2024-06-07T16:49:31.032+0200] {logging_mixin.py:188} INFO - [2024-06-07T16:49:31.031+0200] {dag.py:3954} INFO - Setting next_dagrun for example_branch_datetime_operator_2 to 2024-06-06 00:00:00+00:00, run_after=2024-06-07 00:00:00+00:00
[2024-06-07T16:49:31.032+0200] {logging_mixin.py:188} INFO - [2024-06-07T16:49:31.032+0200] {dag.py:3954} INFO - Setting next_dagrun for example_branch_datetime_operator_3 to 2024-06-06 00:00:00+00:00, run_after=2024-06-07 00:00:00+00:00
[2024-06-07T16:49:31.039+0200] {processor.py:183} INFO - Processing /Users/noejalabert/airflow_venv/lib/python3.11/site-packages/airflow/example_dags/example_branch_datetime_operator.py took 0.084 seconds
[2024-06-07T16:51:20.372+0200] {processor.py:161} INFO - Started process (PID=34267) to work on /Users/noejalabert/airflow_venv/lib/python3.11/site-packages/airflow/example_dags/example_branch_datetime_operator.py
[2024-06-07T16:51:20.373+0200] {processor.py:830} INFO - Processing file /Users/noejalabert/airflow_venv/lib/python3.11/site-packages/airflow/example_dags/example_branch_datetime_operator.py for tasks to queue
[2024-06-07T16:51:20.373+0200] {logging_mixin.py:188} INFO - [2024-06-07T16:51:20.373+0200] {dagbag.py:540} INFO - Filling up the DagBag from /Users/noejalabert/airflow_venv/lib/python3.11/site-packages/airflow/example_dags/example_branch_datetime_operator.py
[2024-06-07T16:51:20.380+0200] {processor.py:840} INFO - DAG(s) 'example_branch_datetime_operator_2', 'example_branch_datetime_operator_3', 'example_branch_datetime_operator' retrieved from /Users/noejalabert/airflow_venv/lib/python3.11/site-packages/airflow/example_dags/example_branch_datetime_operator.py
[2024-06-07T16:51:20.434+0200] {logging_mixin.py:188} INFO - [2024-06-07T16:51:20.434+0200] {dag.py:3096} INFO - Sync 3 DAGs
[2024-06-07T16:51:20.443+0200] {logging_mixin.py:188} INFO - [2024-06-07T16:51:20.443+0200] {dag.py:3954} INFO - Setting next_dagrun for example_branch_datetime_operator to 2024-06-06 00:00:00+00:00, run_after=2024-06-07 00:00:00+00:00
[2024-06-07T16:51:20.445+0200] {logging_mixin.py:188} INFO - [2024-06-07T16:51:20.445+0200] {dag.py:3954} INFO - Setting next_dagrun for example_branch_datetime_operator_2 to 2024-06-06 00:00:00+00:00, run_after=2024-06-07 00:00:00+00:00
[2024-06-07T16:51:20.446+0200] {logging_mixin.py:188} INFO - [2024-06-07T16:51:20.446+0200] {dag.py:3954} INFO - Setting next_dagrun for example_branch_datetime_operator_3 to 2024-06-06 00:00:00+00:00, run_after=2024-06-07 00:00:00+00:00
[2024-06-07T16:51:20.454+0200] {processor.py:183} INFO - Processing /Users/noejalabert/airflow_venv/lib/python3.11/site-packages/airflow/example_dags/example_branch_datetime_operator.py took 0.083 seconds
[2024-06-07T16:54:38.699+0200] {processor.py:161} INFO - Started process (PID=34482) to work on /Users/noejalabert/airflow_venv/lib/python3.11/site-packages/airflow/example_dags/example_branch_datetime_operator.py
[2024-06-07T16:54:38.700+0200] {processor.py:830} INFO - Processing file /Users/noejalabert/airflow_venv/lib/python3.11/site-packages/airflow/example_dags/example_branch_datetime_operator.py for tasks to queue
[2024-06-07T16:54:38.700+0200] {logging_mixin.py:188} INFO - [2024-06-07T16:54:38.700+0200] {dagbag.py:540} INFO - Filling up the DagBag from /Users/noejalabert/airflow_venv/lib/python3.11/site-packages/airflow/example_dags/example_branch_datetime_operator.py
[2024-06-07T16:54:38.706+0200] {processor.py:840} INFO - DAG(s) 'example_branch_datetime_operator_2', 'example_branch_datetime_operator_3', 'example_branch_datetime_operator' retrieved from /Users/noejalabert/airflow_venv/lib/python3.11/site-packages/airflow/example_dags/example_branch_datetime_operator.py
[2024-06-07T16:54:38.756+0200] {logging_mixin.py:188} INFO - [2024-06-07T16:54:38.755+0200] {dag.py:3096} INFO - Sync 3 DAGs
[2024-06-07T16:54:38.764+0200] {logging_mixin.py:188} INFO - [2024-06-07T16:54:38.764+0200] {dag.py:3954} INFO - Setting next_dagrun for example_branch_datetime_operator to 2024-06-06 00:00:00+00:00, run_after=2024-06-07 00:00:00+00:00
[2024-06-07T16:54:38.766+0200] {logging_mixin.py:188} INFO - [2024-06-07T16:54:38.766+0200] {dag.py:3954} INFO - Setting next_dagrun for example_branch_datetime_operator_2 to 2024-06-06 00:00:00+00:00, run_after=2024-06-07 00:00:00+00:00
[2024-06-07T16:54:38.767+0200] {logging_mixin.py:188} INFO - [2024-06-07T16:54:38.767+0200] {dag.py:3954} INFO - Setting next_dagrun for example_branch_datetime_operator_3 to 2024-06-06 00:00:00+00:00, run_after=2024-06-07 00:00:00+00:00
[2024-06-07T16:54:38.773+0200] {processor.py:183} INFO - Processing /Users/noejalabert/airflow_venv/lib/python3.11/site-packages/airflow/example_dags/example_branch_datetime_operator.py took 0.076 seconds
[2024-06-07T16:57:49.403+0200] {processor.py:161} INFO - Started process (PID=34906) to work on /Users/noejalabert/airflow_venv/lib/python3.11/site-packages/airflow/example_dags/example_branch_datetime_operator.py
[2024-06-07T16:57:49.404+0200] {processor.py:830} INFO - Processing file /Users/noejalabert/airflow_venv/lib/python3.11/site-packages/airflow/example_dags/example_branch_datetime_operator.py for tasks to queue
[2024-06-07T16:57:49.404+0200] {logging_mixin.py:188} INFO - [2024-06-07T16:57:49.404+0200] {dagbag.py:540} INFO - Filling up the DagBag from /Users/noejalabert/airflow_venv/lib/python3.11/site-packages/airflow/example_dags/example_branch_datetime_operator.py
[2024-06-07T16:57:49.410+0200] {processor.py:840} INFO - DAG(s) 'example_branch_datetime_operator_2', 'example_branch_datetime_operator_3', 'example_branch_datetime_operator' retrieved from /Users/noejalabert/airflow_venv/lib/python3.11/site-packages/airflow/example_dags/example_branch_datetime_operator.py
[2024-06-07T16:57:49.462+0200] {logging_mixin.py:188} INFO - [2024-06-07T16:57:49.461+0200] {dag.py:3096} INFO - Sync 3 DAGs
[2024-06-07T16:57:49.470+0200] {logging_mixin.py:188} INFO - [2024-06-07T16:57:49.470+0200] {dag.py:3954} INFO - Setting next_dagrun for example_branch_datetime_operator to 2024-06-06 00:00:00+00:00, run_after=2024-06-07 00:00:00+00:00
[2024-06-07T16:57:49.472+0200] {logging_mixin.py:188} INFO - [2024-06-07T16:57:49.472+0200] {dag.py:3954} INFO - Setting next_dagrun for example_branch_datetime_operator_2 to 2024-06-06 00:00:00+00:00, run_after=2024-06-07 00:00:00+00:00
[2024-06-07T16:57:49.473+0200] {logging_mixin.py:188} INFO - [2024-06-07T16:57:49.473+0200] {dag.py:3954} INFO - Setting next_dagrun for example_branch_datetime_operator_3 to 2024-06-06 00:00:00+00:00, run_after=2024-06-07 00:00:00+00:00
[2024-06-07T16:57:49.481+0200] {processor.py:183} INFO - Processing /Users/noejalabert/airflow_venv/lib/python3.11/site-packages/airflow/example_dags/example_branch_datetime_operator.py took 0.080 seconds
[2024-06-07T17:01:01.818+0200] {processor.py:161} INFO - Started process (PID=35158) to work on /Users/noejalabert/airflow_venv/lib/python3.11/site-packages/airflow/example_dags/example_branch_datetime_operator.py
[2024-06-07T17:01:01.819+0200] {processor.py:830} INFO - Processing file /Users/noejalabert/airflow_venv/lib/python3.11/site-packages/airflow/example_dags/example_branch_datetime_operator.py for tasks to queue
[2024-06-07T17:01:01.819+0200] {logging_mixin.py:188} INFO - [2024-06-07T17:01:01.819+0200] {dagbag.py:540} INFO - Filling up the DagBag from /Users/noejalabert/airflow_venv/lib/python3.11/site-packages/airflow/example_dags/example_branch_datetime_operator.py
[2024-06-07T17:01:01.825+0200] {processor.py:840} INFO - DAG(s) 'example_branch_datetime_operator', 'example_branch_datetime_operator_2', 'example_branch_datetime_operator_3' retrieved from /Users/noejalabert/airflow_venv/lib/python3.11/site-packages/airflow/example_dags/example_branch_datetime_operator.py
[2024-06-07T17:01:01.883+0200] {logging_mixin.py:188} INFO - [2024-06-07T17:01:01.883+0200] {dag.py:3096} INFO - Sync 3 DAGs
[2024-06-07T17:01:01.894+0200] {logging_mixin.py:188} INFO - [2024-06-07T17:01:01.894+0200] {dag.py:3954} INFO - Setting next_dagrun for example_branch_datetime_operator to 2024-06-06 00:00:00+00:00, run_after=2024-06-07 00:00:00+00:00
[2024-06-07T17:01:01.896+0200] {logging_mixin.py:188} INFO - [2024-06-07T17:01:01.896+0200] {dag.py:3954} INFO - Setting next_dagrun for example_branch_datetime_operator_2 to 2024-06-06 00:00:00+00:00, run_after=2024-06-07 00:00:00+00:00
[2024-06-07T17:01:01.897+0200] {logging_mixin.py:188} INFO - [2024-06-07T17:01:01.897+0200] {dag.py:3954} INFO - Setting next_dagrun for example_branch_datetime_operator_3 to 2024-06-06 00:00:00+00:00, run_after=2024-06-07 00:00:00+00:00
[2024-06-07T17:01:01.906+0200] {processor.py:183} INFO - Processing /Users/noejalabert/airflow_venv/lib/python3.11/site-packages/airflow/example_dags/example_branch_datetime_operator.py took 0.089 seconds
[2024-06-07T17:04:18.611+0200] {processor.py:161} INFO - Started process (PID=35390) to work on /Users/noejalabert/airflow_venv/lib/python3.11/site-packages/airflow/example_dags/example_branch_datetime_operator.py
[2024-06-07T17:04:18.612+0200] {processor.py:830} INFO - Processing file /Users/noejalabert/airflow_venv/lib/python3.11/site-packages/airflow/example_dags/example_branch_datetime_operator.py for tasks to queue
[2024-06-07T17:04:18.612+0200] {logging_mixin.py:188} INFO - [2024-06-07T17:04:18.612+0200] {dagbag.py:540} INFO - Filling up the DagBag from /Users/noejalabert/airflow_venv/lib/python3.11/site-packages/airflow/example_dags/example_branch_datetime_operator.py
[2024-06-07T17:04:18.618+0200] {processor.py:840} INFO - DAG(s) 'example_branch_datetime_operator', 'example_branch_datetime_operator_2', 'example_branch_datetime_operator_3' retrieved from /Users/noejalabert/airflow_venv/lib/python3.11/site-packages/airflow/example_dags/example_branch_datetime_operator.py
[2024-06-07T17:04:18.668+0200] {logging_mixin.py:188} INFO - [2024-06-07T17:04:18.668+0200] {dag.py:3096} INFO - Sync 3 DAGs
[2024-06-07T17:04:18.676+0200] {logging_mixin.py:188} INFO - [2024-06-07T17:04:18.676+0200] {dag.py:3954} INFO - Setting next_dagrun for example_branch_datetime_operator to 2024-06-06 00:00:00+00:00, run_after=2024-06-07 00:00:00+00:00
[2024-06-07T17:04:18.678+0200] {logging_mixin.py:188} INFO - [2024-06-07T17:04:18.678+0200] {dag.py:3954} INFO - Setting next_dagrun for example_branch_datetime_operator_2 to 2024-06-06 00:00:00+00:00, run_after=2024-06-07 00:00:00+00:00
[2024-06-07T17:04:18.679+0200] {logging_mixin.py:188} INFO - [2024-06-07T17:04:18.679+0200] {dag.py:3954} INFO - Setting next_dagrun for example_branch_datetime_operator_3 to 2024-06-06 00:00:00+00:00, run_after=2024-06-07 00:00:00+00:00
[2024-06-07T17:04:18.686+0200] {processor.py:183} INFO - Processing /Users/noejalabert/airflow_venv/lib/python3.11/site-packages/airflow/example_dags/example_branch_datetime_operator.py took 0.077 seconds
[2024-06-07T17:07:32.031+0200] {processor.py:161} INFO - Started process (PID=35614) to work on /Users/noejalabert/airflow_venv/lib/python3.11/site-packages/airflow/example_dags/example_branch_datetime_operator.py
[2024-06-07T17:07:32.032+0200] {processor.py:830} INFO - Processing file /Users/noejalabert/airflow_venv/lib/python3.11/site-packages/airflow/example_dags/example_branch_datetime_operator.py for tasks to queue
[2024-06-07T17:07:32.032+0200] {logging_mixin.py:188} INFO - [2024-06-07T17:07:32.032+0200] {dagbag.py:540} INFO - Filling up the DagBag from /Users/noejalabert/airflow_venv/lib/python3.11/site-packages/airflow/example_dags/example_branch_datetime_operator.py
[2024-06-07T17:07:32.038+0200] {processor.py:840} INFO - DAG(s) 'example_branch_datetime_operator_3', 'example_branch_datetime_operator', 'example_branch_datetime_operator_2' retrieved from /Users/noejalabert/airflow_venv/lib/python3.11/site-packages/airflow/example_dags/example_branch_datetime_operator.py
[2024-06-07T17:07:32.095+0200] {logging_mixin.py:188} INFO - [2024-06-07T17:07:32.095+0200] {dag.py:3096} INFO - Sync 3 DAGs
[2024-06-07T17:07:32.104+0200] {logging_mixin.py:188} INFO - [2024-06-07T17:07:32.104+0200] {dag.py:3954} INFO - Setting next_dagrun for example_branch_datetime_operator to 2024-06-06 00:00:00+00:00, run_after=2024-06-07 00:00:00+00:00
[2024-06-07T17:07:32.106+0200] {logging_mixin.py:188} INFO - [2024-06-07T17:07:32.106+0200] {dag.py:3954} INFO - Setting next_dagrun for example_branch_datetime_operator_2 to 2024-06-06 00:00:00+00:00, run_after=2024-06-07 00:00:00+00:00
[2024-06-07T17:07:32.107+0200] {logging_mixin.py:188} INFO - [2024-06-07T17:07:32.107+0200] {dag.py:3954} INFO - Setting next_dagrun for example_branch_datetime_operator_3 to 2024-06-06 00:00:00+00:00, run_after=2024-06-07 00:00:00+00:00
[2024-06-07T17:07:32.115+0200] {processor.py:183} INFO - Processing /Users/noejalabert/airflow_venv/lib/python3.11/site-packages/airflow/example_dags/example_branch_datetime_operator.py took 0.085 seconds
[2024-06-07T17:10:43.130+0200] {processor.py:161} INFO - Started process (PID=35815) to work on /Users/noejalabert/airflow_venv/lib/python3.11/site-packages/airflow/example_dags/example_branch_datetime_operator.py
[2024-06-07T17:10:43.131+0200] {processor.py:830} INFO - Processing file /Users/noejalabert/airflow_venv/lib/python3.11/site-packages/airflow/example_dags/example_branch_datetime_operator.py for tasks to queue
[2024-06-07T17:10:43.131+0200] {logging_mixin.py:188} INFO - [2024-06-07T17:10:43.131+0200] {dagbag.py:540} INFO - Filling up the DagBag from /Users/noejalabert/airflow_venv/lib/python3.11/site-packages/airflow/example_dags/example_branch_datetime_operator.py
[2024-06-07T17:10:43.138+0200] {processor.py:840} INFO - DAG(s) 'example_branch_datetime_operator', 'example_branch_datetime_operator_2', 'example_branch_datetime_operator_3' retrieved from /Users/noejalabert/airflow_venv/lib/python3.11/site-packages/airflow/example_dags/example_branch_datetime_operator.py
[2024-06-07T17:10:43.191+0200] {logging_mixin.py:188} INFO - [2024-06-07T17:10:43.191+0200] {dag.py:3096} INFO - Sync 3 DAGs
[2024-06-07T17:10:43.200+0200] {logging_mixin.py:188} INFO - [2024-06-07T17:10:43.200+0200] {dag.py:3954} INFO - Setting next_dagrun for example_branch_datetime_operator to 2024-06-06 00:00:00+00:00, run_after=2024-06-07 00:00:00+00:00
[2024-06-07T17:10:43.202+0200] {logging_mixin.py:188} INFO - [2024-06-07T17:10:43.202+0200] {dag.py:3954} INFO - Setting next_dagrun for example_branch_datetime_operator_2 to 2024-06-06 00:00:00+00:00, run_after=2024-06-07 00:00:00+00:00
[2024-06-07T17:10:43.202+0200] {logging_mixin.py:188} INFO - [2024-06-07T17:10:43.202+0200] {dag.py:3954} INFO - Setting next_dagrun for example_branch_datetime_operator_3 to 2024-06-06 00:00:00+00:00, run_after=2024-06-07 00:00:00+00:00
[2024-06-07T17:10:43.209+0200] {processor.py:183} INFO - Processing /Users/noejalabert/airflow_venv/lib/python3.11/site-packages/airflow/example_dags/example_branch_datetime_operator.py took 0.081 seconds
[2024-06-07T17:13:52.108+0200] {processor.py:161} INFO - Started process (PID=36093) to work on /Users/noejalabert/airflow_venv/lib/python3.11/site-packages/airflow/example_dags/example_branch_datetime_operator.py
[2024-06-07T17:13:52.110+0200] {processor.py:830} INFO - Processing file /Users/noejalabert/airflow_venv/lib/python3.11/site-packages/airflow/example_dags/example_branch_datetime_operator.py for tasks to queue
[2024-06-07T17:13:52.110+0200] {logging_mixin.py:188} INFO - [2024-06-07T17:13:52.110+0200] {dagbag.py:540} INFO - Filling up the DagBag from /Users/noejalabert/airflow_venv/lib/python3.11/site-packages/airflow/example_dags/example_branch_datetime_operator.py
[2024-06-07T17:13:52.116+0200] {processor.py:840} INFO - DAG(s) 'example_branch_datetime_operator_3', 'example_branch_datetime_operator', 'example_branch_datetime_operator_2' retrieved from /Users/noejalabert/airflow_venv/lib/python3.11/site-packages/airflow/example_dags/example_branch_datetime_operator.py
[2024-06-07T17:13:52.168+0200] {logging_mixin.py:188} INFO - [2024-06-07T17:13:52.168+0200] {dag.py:3096} INFO - Sync 3 DAGs
[2024-06-07T17:13:52.176+0200] {logging_mixin.py:188} INFO - [2024-06-07T17:13:52.176+0200] {dag.py:3954} INFO - Setting next_dagrun for example_branch_datetime_operator to 2024-06-06 00:00:00+00:00, run_after=2024-06-07 00:00:00+00:00
[2024-06-07T17:13:52.178+0200] {logging_mixin.py:188} INFO - [2024-06-07T17:13:52.178+0200] {dag.py:3954} INFO - Setting next_dagrun for example_branch_datetime_operator_2 to 2024-06-06 00:00:00+00:00, run_after=2024-06-07 00:00:00+00:00
[2024-06-07T17:13:52.179+0200] {logging_mixin.py:188} INFO - [2024-06-07T17:13:52.179+0200] {dag.py:3954} INFO - Setting next_dagrun for example_branch_datetime_operator_3 to 2024-06-06 00:00:00+00:00, run_after=2024-06-07 00:00:00+00:00
[2024-06-07T17:13:52.186+0200] {processor.py:183} INFO - Processing /Users/noejalabert/airflow_venv/lib/python3.11/site-packages/airflow/example_dags/example_branch_datetime_operator.py took 0.079 seconds
