[2024-06-07T16:10:00.563+0200] {processor.py:161} INFO - Started process (PID=31698) to work on /Users/noejalabert/airflow_venv/lib/python3.11/site-packages/airflow/example_dags/example_sla_dag.py
[2024-06-07T16:10:00.563+0200] {processor.py:830} INFO - Processing file /Users/noejalabert/airflow_venv/lib/python3.11/site-packages/airflow/example_dags/example_sla_dag.py for tasks to queue
[2024-06-07T16:10:00.564+0200] {logging_mixin.py:188} INFO - [2024-06-07T16:10:00.564+0200] {dagbag.py:540} INFO - Filling up the DagBag from /Users/noejalabert/airflow_venv/lib/python3.11/site-packages/airflow/example_dags/example_sla_dag.py
[2024-06-07T16:10:00.581+0200] {processor.py:840} INFO - DAG(s) 'example_sla_dag' retrieved from /Users/noejalabert/airflow_venv/lib/python3.11/site-packages/airflow/example_dags/example_sla_dag.py
[2024-06-07T16:10:00.664+0200] {logging_mixin.py:188} INFO - [2024-06-07T16:10:00.664+0200] {dag.py:3096} INFO - Sync 1 DAGs
[2024-06-07T16:10:00.698+0200] {logging_mixin.py:188} INFO - [2024-06-07T16:10:00.698+0200] {dag.py:3954} INFO - Setting next_dagrun for example_sla_dag to 2024-06-07 14:08:00+00:00, run_after=2024-06-07 14:10:00+00:00
[2024-06-07T16:10:00.705+0200] {processor.py:183} INFO - Processing /Users/noejalabert/airflow_venv/lib/python3.11/site-packages/airflow/example_dags/example_sla_dag.py took 0.144 seconds
[2024-06-07T16:11:39.074+0200] {processor.py:161} INFO - Started process (PID=31780) to work on /Users/noejalabert/airflow_venv/lib/python3.11/site-packages/airflow/example_dags/example_sla_dag.py
[2024-06-07T16:11:39.076+0200] {processor.py:830} INFO - Processing file /Users/noejalabert/airflow_venv/lib/python3.11/site-packages/airflow/example_dags/example_sla_dag.py for tasks to queue
[2024-06-07T16:11:39.076+0200] {logging_mixin.py:188} INFO - [2024-06-07T16:11:39.076+0200] {dagbag.py:540} INFO - Filling up the DagBag from /Users/noejalabert/airflow_venv/lib/python3.11/site-packages/airflow/example_dags/example_sla_dag.py
[2024-06-07T16:11:39.094+0200] {processor.py:840} INFO - DAG(s) 'example_sla_dag' retrieved from /Users/noejalabert/airflow_venv/lib/python3.11/site-packages/airflow/example_dags/example_sla_dag.py
[2024-06-07T16:11:39.141+0200] {logging_mixin.py:188} INFO - [2024-06-07T16:11:39.141+0200] {dag.py:3096} INFO - Sync 1 DAGs
[2024-06-07T16:11:39.149+0200] {logging_mixin.py:188} INFO - [2024-06-07T16:11:39.149+0200] {dag.py:3954} INFO - Setting next_dagrun for example_sla_dag to 2024-06-07 14:08:00+00:00, run_after=2024-06-07 14:10:00+00:00
[2024-06-07T16:11:39.157+0200] {processor.py:183} INFO - Processing /Users/noejalabert/airflow_venv/lib/python3.11/site-packages/airflow/example_dags/example_sla_dag.py took 0.084 seconds
[2024-06-07T16:13:15.840+0200] {processor.py:161} INFO - Started process (PID=31870) to work on /Users/noejalabert/airflow_venv/lib/python3.11/site-packages/airflow/example_dags/example_sla_dag.py
[2024-06-07T16:13:15.841+0200] {processor.py:830} INFO - Processing file /Users/noejalabert/airflow_venv/lib/python3.11/site-packages/airflow/example_dags/example_sla_dag.py for tasks to queue
[2024-06-07T16:13:15.841+0200] {logging_mixin.py:188} INFO - [2024-06-07T16:13:15.841+0200] {dagbag.py:540} INFO - Filling up the DagBag from /Users/noejalabert/airflow_venv/lib/python3.11/site-packages/airflow/example_dags/example_sla_dag.py
[2024-06-07T16:13:15.860+0200] {processor.py:840} INFO - DAG(s) 'example_sla_dag' retrieved from /Users/noejalabert/airflow_venv/lib/python3.11/site-packages/airflow/example_dags/example_sla_dag.py
[2024-06-07T16:13:15.906+0200] {logging_mixin.py:188} INFO - [2024-06-07T16:13:15.906+0200] {dag.py:3096} INFO - Sync 1 DAGs
[2024-06-07T16:13:15.915+0200] {logging_mixin.py:188} INFO - [2024-06-07T16:13:15.915+0200] {dag.py:3954} INFO - Setting next_dagrun for example_sla_dag to 2024-06-07 14:10:00+00:00, run_after=2024-06-07 14:12:00+00:00
[2024-06-07T16:13:15.922+0200] {processor.py:183} INFO - Processing /Users/noejalabert/airflow_venv/lib/python3.11/site-packages/airflow/example_dags/example_sla_dag.py took 0.083 seconds
[2024-06-07T16:14:49.043+0200] {processor.py:161} INFO - Started process (PID=31960) to work on /Users/noejalabert/airflow_venv/lib/python3.11/site-packages/airflow/example_dags/example_sla_dag.py
[2024-06-07T16:14:49.046+0200] {processor.py:830} INFO - Processing file /Users/noejalabert/airflow_venv/lib/python3.11/site-packages/airflow/example_dags/example_sla_dag.py for tasks to queue
[2024-06-07T16:14:49.046+0200] {logging_mixin.py:188} INFO - [2024-06-07T16:14:49.046+0200] {dagbag.py:540} INFO - Filling up the DagBag from /Users/noejalabert/airflow_venv/lib/python3.11/site-packages/airflow/example_dags/example_sla_dag.py
[2024-06-07T16:14:49.064+0200] {processor.py:840} INFO - DAG(s) 'example_sla_dag' retrieved from /Users/noejalabert/airflow_venv/lib/python3.11/site-packages/airflow/example_dags/example_sla_dag.py
[2024-06-07T16:14:49.116+0200] {logging_mixin.py:188} INFO - [2024-06-07T16:14:49.115+0200] {dag.py:3096} INFO - Sync 1 DAGs
[2024-06-07T16:14:49.138+0200] {logging_mixin.py:188} INFO - [2024-06-07T16:14:49.138+0200] {dag.py:3954} INFO - Setting next_dagrun for example_sla_dag to 2024-06-07 14:12:00+00:00, run_after=2024-06-07 14:14:00+00:00
[2024-06-07T16:14:49.149+0200] {processor.py:183} INFO - Processing /Users/noejalabert/airflow_venv/lib/python3.11/site-packages/airflow/example_dags/example_sla_dag.py took 0.107 seconds
[2024-06-07T16:16:21.341+0200] {processor.py:161} INFO - Started process (PID=32029) to work on /Users/noejalabert/airflow_venv/lib/python3.11/site-packages/airflow/example_dags/example_sla_dag.py
[2024-06-07T16:16:21.342+0200] {processor.py:830} INFO - Processing file /Users/noejalabert/airflow_venv/lib/python3.11/site-packages/airflow/example_dags/example_sla_dag.py for tasks to queue
[2024-06-07T16:16:21.342+0200] {logging_mixin.py:188} INFO - [2024-06-07T16:16:21.342+0200] {dagbag.py:540} INFO - Filling up the DagBag from /Users/noejalabert/airflow_venv/lib/python3.11/site-packages/airflow/example_dags/example_sla_dag.py
[2024-06-07T16:16:21.360+0200] {processor.py:840} INFO - DAG(s) 'example_sla_dag' retrieved from /Users/noejalabert/airflow_venv/lib/python3.11/site-packages/airflow/example_dags/example_sla_dag.py
[2024-06-07T16:16:21.409+0200] {logging_mixin.py:188} INFO - [2024-06-07T16:16:21.408+0200] {dag.py:3096} INFO - Sync 1 DAGs
[2024-06-07T16:16:21.417+0200] {logging_mixin.py:188} INFO - [2024-06-07T16:16:21.417+0200] {dag.py:3954} INFO - Setting next_dagrun for example_sla_dag to 2024-06-07 14:14:00+00:00, run_after=2024-06-07 14:16:00+00:00
[2024-06-07T16:16:21.426+0200] {processor.py:183} INFO - Processing /Users/noejalabert/airflow_venv/lib/python3.11/site-packages/airflow/example_dags/example_sla_dag.py took 0.086 seconds
[2024-06-07T16:17:54.975+0200] {processor.py:161} INFO - Started process (PID=32115) to work on /Users/noejalabert/airflow_venv/lib/python3.11/site-packages/airflow/example_dags/example_sla_dag.py
[2024-06-07T16:17:54.977+0200] {processor.py:830} INFO - Processing file /Users/noejalabert/airflow_venv/lib/python3.11/site-packages/airflow/example_dags/example_sla_dag.py for tasks to queue
[2024-06-07T16:17:54.977+0200] {logging_mixin.py:188} INFO - [2024-06-07T16:17:54.977+0200] {dagbag.py:540} INFO - Filling up the DagBag from /Users/noejalabert/airflow_venv/lib/python3.11/site-packages/airflow/example_dags/example_sla_dag.py
[2024-06-07T16:17:54.994+0200] {processor.py:840} INFO - DAG(s) 'example_sla_dag' retrieved from /Users/noejalabert/airflow_venv/lib/python3.11/site-packages/airflow/example_dags/example_sla_dag.py
[2024-06-07T16:17:55.041+0200] {logging_mixin.py:188} INFO - [2024-06-07T16:17:55.041+0200] {dag.py:3096} INFO - Sync 1 DAGs
[2024-06-07T16:17:55.049+0200] {logging_mixin.py:188} INFO - [2024-06-07T16:17:55.049+0200] {dag.py:3954} INFO - Setting next_dagrun for example_sla_dag to 2024-06-07 14:14:00+00:00, run_after=2024-06-07 14:16:00+00:00
[2024-06-07T16:17:55.057+0200] {processor.py:183} INFO - Processing /Users/noejalabert/airflow_venv/lib/python3.11/site-packages/airflow/example_dags/example_sla_dag.py took 0.083 seconds
[2024-06-07T16:19:24.589+0200] {processor.py:161} INFO - Started process (PID=32191) to work on /Users/noejalabert/airflow_venv/lib/python3.11/site-packages/airflow/example_dags/example_sla_dag.py
[2024-06-07T16:19:24.590+0200] {processor.py:830} INFO - Processing file /Users/noejalabert/airflow_venv/lib/python3.11/site-packages/airflow/example_dags/example_sla_dag.py for tasks to queue
[2024-06-07T16:19:24.590+0200] {logging_mixin.py:188} INFO - [2024-06-07T16:19:24.590+0200] {dagbag.py:540} INFO - Filling up the DagBag from /Users/noejalabert/airflow_venv/lib/python3.11/site-packages/airflow/example_dags/example_sla_dag.py
[2024-06-07T16:19:24.608+0200] {processor.py:840} INFO - DAG(s) 'example_sla_dag' retrieved from /Users/noejalabert/airflow_venv/lib/python3.11/site-packages/airflow/example_dags/example_sla_dag.py
[2024-06-07T16:19:24.654+0200] {logging_mixin.py:188} INFO - [2024-06-07T16:19:24.654+0200] {dag.py:3096} INFO - Sync 1 DAGs
[2024-06-07T16:19:24.662+0200] {logging_mixin.py:188} INFO - [2024-06-07T16:19:24.662+0200] {dag.py:3954} INFO - Setting next_dagrun for example_sla_dag to 2024-06-07 14:16:00+00:00, run_after=2024-06-07 14:18:00+00:00
[2024-06-07T16:19:24.670+0200] {processor.py:183} INFO - Processing /Users/noejalabert/airflow_venv/lib/python3.11/site-packages/airflow/example_dags/example_sla_dag.py took 0.083 seconds
[2024-06-07T16:20:57.561+0200] {processor.py:161} INFO - Started process (PID=32274) to work on /Users/noejalabert/airflow_venv/lib/python3.11/site-packages/airflow/example_dags/example_sla_dag.py
[2024-06-07T16:20:57.562+0200] {processor.py:830} INFO - Processing file /Users/noejalabert/airflow_venv/lib/python3.11/site-packages/airflow/example_dags/example_sla_dag.py for tasks to queue
[2024-06-07T16:20:57.563+0200] {logging_mixin.py:188} INFO - [2024-06-07T16:20:57.563+0200] {dagbag.py:540} INFO - Filling up the DagBag from /Users/noejalabert/airflow_venv/lib/python3.11/site-packages/airflow/example_dags/example_sla_dag.py
[2024-06-07T16:20:57.582+0200] {processor.py:840} INFO - DAG(s) 'example_sla_dag' retrieved from /Users/noejalabert/airflow_venv/lib/python3.11/site-packages/airflow/example_dags/example_sla_dag.py
[2024-06-07T16:20:57.631+0200] {logging_mixin.py:188} INFO - [2024-06-07T16:20:57.631+0200] {dag.py:3096} INFO - Sync 1 DAGs
[2024-06-07T16:20:57.640+0200] {logging_mixin.py:188} INFO - [2024-06-07T16:20:57.640+0200] {dag.py:3954} INFO - Setting next_dagrun for example_sla_dag to 2024-06-07 14:18:00+00:00, run_after=2024-06-07 14:20:00+00:00
[2024-06-07T16:20:57.648+0200] {processor.py:183} INFO - Processing /Users/noejalabert/airflow_venv/lib/python3.11/site-packages/airflow/example_dags/example_sla_dag.py took 0.088 seconds
[2024-06-07T16:22:31.111+0200] {processor.py:161} INFO - Started process (PID=32358) to work on /Users/noejalabert/airflow_venv/lib/python3.11/site-packages/airflow/example_dags/example_sla_dag.py
[2024-06-07T16:22:31.114+0200] {processor.py:830} INFO - Processing file /Users/noejalabert/airflow_venv/lib/python3.11/site-packages/airflow/example_dags/example_sla_dag.py for tasks to queue
[2024-06-07T16:22:31.115+0200] {logging_mixin.py:188} INFO - [2024-06-07T16:22:31.115+0200] {dagbag.py:540} INFO - Filling up the DagBag from /Users/noejalabert/airflow_venv/lib/python3.11/site-packages/airflow/example_dags/example_sla_dag.py
[2024-06-07T16:22:31.138+0200] {processor.py:840} INFO - DAG(s) 'example_sla_dag' retrieved from /Users/noejalabert/airflow_venv/lib/python3.11/site-packages/airflow/example_dags/example_sla_dag.py
[2024-06-07T16:22:31.186+0200] {logging_mixin.py:188} INFO - [2024-06-07T16:22:31.186+0200] {dag.py:3096} INFO - Sync 1 DAGs
[2024-06-07T16:22:31.194+0200] {logging_mixin.py:188} INFO - [2024-06-07T16:22:31.194+0200] {dag.py:3954} INFO - Setting next_dagrun for example_sla_dag to 2024-06-07 14:20:00+00:00, run_after=2024-06-07 14:22:00+00:00
[2024-06-07T16:22:31.202+0200] {processor.py:183} INFO - Processing /Users/noejalabert/airflow_venv/lib/python3.11/site-packages/airflow/example_dags/example_sla_dag.py took 0.093 seconds
[2024-06-07T16:24:07.239+0200] {processor.py:161} INFO - Started process (PID=32433) to work on /Users/noejalabert/airflow_venv/lib/python3.11/site-packages/airflow/example_dags/example_sla_dag.py
[2024-06-07T16:24:07.240+0200] {processor.py:830} INFO - Processing file /Users/noejalabert/airflow_venv/lib/python3.11/site-packages/airflow/example_dags/example_sla_dag.py for tasks to queue
[2024-06-07T16:24:07.241+0200] {logging_mixin.py:188} INFO - [2024-06-07T16:24:07.240+0200] {dagbag.py:540} INFO - Filling up the DagBag from /Users/noejalabert/airflow_venv/lib/python3.11/site-packages/airflow/example_dags/example_sla_dag.py
[2024-06-07T16:24:07.259+0200] {processor.py:840} INFO - DAG(s) 'example_sla_dag' retrieved from /Users/noejalabert/airflow_venv/lib/python3.11/site-packages/airflow/example_dags/example_sla_dag.py
[2024-06-07T16:24:07.310+0200] {logging_mixin.py:188} INFO - [2024-06-07T16:24:07.310+0200] {dag.py:3096} INFO - Sync 1 DAGs
[2024-06-07T16:24:07.319+0200] {logging_mixin.py:188} INFO - [2024-06-07T16:24:07.319+0200] {dag.py:3954} INFO - Setting next_dagrun for example_sla_dag to 2024-06-07 14:22:00+00:00, run_after=2024-06-07 14:24:00+00:00
[2024-06-07T16:24:07.332+0200] {processor.py:183} INFO - Processing /Users/noejalabert/airflow_venv/lib/python3.11/site-packages/airflow/example_dags/example_sla_dag.py took 0.094 seconds
[2024-06-07T16:25:39.234+0200] {processor.py:161} INFO - Started process (PID=32519) to work on /Users/noejalabert/airflow_venv/lib/python3.11/site-packages/airflow/example_dags/example_sla_dag.py
[2024-06-07T16:25:39.235+0200] {processor.py:830} INFO - Processing file /Users/noejalabert/airflow_venv/lib/python3.11/site-packages/airflow/example_dags/example_sla_dag.py for tasks to queue
[2024-06-07T16:25:39.235+0200] {logging_mixin.py:188} INFO - [2024-06-07T16:25:39.235+0200] {dagbag.py:540} INFO - Filling up the DagBag from /Users/noejalabert/airflow_venv/lib/python3.11/site-packages/airflow/example_dags/example_sla_dag.py
[2024-06-07T16:25:39.257+0200] {processor.py:840} INFO - DAG(s) 'example_sla_dag' retrieved from /Users/noejalabert/airflow_venv/lib/python3.11/site-packages/airflow/example_dags/example_sla_dag.py
[2024-06-07T16:25:39.304+0200] {logging_mixin.py:188} INFO - [2024-06-07T16:25:39.304+0200] {dag.py:3096} INFO - Sync 1 DAGs
[2024-06-07T16:25:39.313+0200] {logging_mixin.py:188} INFO - [2024-06-07T16:25:39.313+0200] {dag.py:3954} INFO - Setting next_dagrun for example_sla_dag to 2024-06-07 14:22:00+00:00, run_after=2024-06-07 14:24:00+00:00
[2024-06-07T16:25:39.321+0200] {processor.py:183} INFO - Processing /Users/noejalabert/airflow_venv/lib/python3.11/site-packages/airflow/example_dags/example_sla_dag.py took 0.089 seconds
[2024-06-07T16:27:09.710+0200] {processor.py:161} INFO - Started process (PID=32679) to work on /Users/noejalabert/airflow_venv/lib/python3.11/site-packages/airflow/example_dags/example_sla_dag.py
[2024-06-07T16:27:09.711+0200] {processor.py:830} INFO - Processing file /Users/noejalabert/airflow_venv/lib/python3.11/site-packages/airflow/example_dags/example_sla_dag.py for tasks to queue
[2024-06-07T16:27:09.711+0200] {logging_mixin.py:188} INFO - [2024-06-07T16:27:09.711+0200] {dagbag.py:540} INFO - Filling up the DagBag from /Users/noejalabert/airflow_venv/lib/python3.11/site-packages/airflow/example_dags/example_sla_dag.py
[2024-06-07T16:27:09.729+0200] {processor.py:840} INFO - DAG(s) 'example_sla_dag' retrieved from /Users/noejalabert/airflow_venv/lib/python3.11/site-packages/airflow/example_dags/example_sla_dag.py
[2024-06-07T16:27:09.774+0200] {logging_mixin.py:188} INFO - [2024-06-07T16:27:09.774+0200] {dag.py:3096} INFO - Sync 1 DAGs
[2024-06-07T16:27:09.783+0200] {logging_mixin.py:188} INFO - [2024-06-07T16:27:09.783+0200] {dag.py:3954} INFO - Setting next_dagrun for example_sla_dag to 2024-06-07 14:24:00+00:00, run_after=2024-06-07 14:26:00+00:00
[2024-06-07T16:27:09.790+0200] {processor.py:183} INFO - Processing /Users/noejalabert/airflow_venv/lib/python3.11/site-packages/airflow/example_dags/example_sla_dag.py took 0.082 seconds
[2024-06-07T16:28:39.260+0200] {processor.py:161} INFO - Started process (PID=32769) to work on /Users/noejalabert/airflow_venv/lib/python3.11/site-packages/airflow/example_dags/example_sla_dag.py
[2024-06-07T16:28:39.260+0200] {processor.py:830} INFO - Processing file /Users/noejalabert/airflow_venv/lib/python3.11/site-packages/airflow/example_dags/example_sla_dag.py for tasks to queue
[2024-06-07T16:28:39.261+0200] {logging_mixin.py:188} INFO - [2024-06-07T16:28:39.261+0200] {dagbag.py:540} INFO - Filling up the DagBag from /Users/noejalabert/airflow_venv/lib/python3.11/site-packages/airflow/example_dags/example_sla_dag.py
[2024-06-07T16:28:39.278+0200] {processor.py:840} INFO - DAG(s) 'example_sla_dag' retrieved from /Users/noejalabert/airflow_venv/lib/python3.11/site-packages/airflow/example_dags/example_sla_dag.py
[2024-06-07T16:28:39.326+0200] {logging_mixin.py:188} INFO - [2024-06-07T16:28:39.326+0200] {dag.py:3096} INFO - Sync 1 DAGs
[2024-06-07T16:28:39.337+0200] {logging_mixin.py:188} INFO - [2024-06-07T16:28:39.337+0200] {dag.py:3954} INFO - Setting next_dagrun for example_sla_dag to 2024-06-07 14:26:00+00:00, run_after=2024-06-07 14:28:00+00:00
[2024-06-07T16:28:39.345+0200] {processor.py:183} INFO - Processing /Users/noejalabert/airflow_venv/lib/python3.11/site-packages/airflow/example_dags/example_sla_dag.py took 0.086 seconds
[2024-06-07T16:30:12.643+0200] {processor.py:161} INFO - Started process (PID=32847) to work on /Users/noejalabert/airflow_venv/lib/python3.11/site-packages/airflow/example_dags/example_sla_dag.py
[2024-06-07T16:30:12.644+0200] {processor.py:830} INFO - Processing file /Users/noejalabert/airflow_venv/lib/python3.11/site-packages/airflow/example_dags/example_sla_dag.py for tasks to queue
[2024-06-07T16:30:12.645+0200] {logging_mixin.py:188} INFO - [2024-06-07T16:30:12.645+0200] {dagbag.py:540} INFO - Filling up the DagBag from /Users/noejalabert/airflow_venv/lib/python3.11/site-packages/airflow/example_dags/example_sla_dag.py
[2024-06-07T16:30:12.673+0200] {processor.py:840} INFO - DAG(s) 'example_sla_dag' retrieved from /Users/noejalabert/airflow_venv/lib/python3.11/site-packages/airflow/example_dags/example_sla_dag.py
[2024-06-07T16:30:12.748+0200] {logging_mixin.py:188} INFO - [2024-06-07T16:30:12.748+0200] {dag.py:3096} INFO - Sync 1 DAGs
[2024-06-07T16:30:12.758+0200] {logging_mixin.py:188} INFO - [2024-06-07T16:30:12.757+0200] {dag.py:3954} INFO - Setting next_dagrun for example_sla_dag to 2024-06-07 14:28:00+00:00, run_after=2024-06-07 14:30:00+00:00
[2024-06-07T16:30:12.766+0200] {processor.py:183} INFO - Processing /Users/noejalabert/airflow_venv/lib/python3.11/site-packages/airflow/example_dags/example_sla_dag.py took 0.126 seconds
[2024-06-07T16:31:47.200+0200] {processor.py:161} INFO - Started process (PID=32937) to work on /Users/noejalabert/airflow_venv/lib/python3.11/site-packages/airflow/example_dags/example_sla_dag.py
[2024-06-07T16:31:47.202+0200] {processor.py:830} INFO - Processing file /Users/noejalabert/airflow_venv/lib/python3.11/site-packages/airflow/example_dags/example_sla_dag.py for tasks to queue
[2024-06-07T16:31:47.202+0200] {logging_mixin.py:188} INFO - [2024-06-07T16:31:47.202+0200] {dagbag.py:540} INFO - Filling up the DagBag from /Users/noejalabert/airflow_venv/lib/python3.11/site-packages/airflow/example_dags/example_sla_dag.py
[2024-06-07T16:31:47.220+0200] {processor.py:840} INFO - DAG(s) 'example_sla_dag' retrieved from /Users/noejalabert/airflow_venv/lib/python3.11/site-packages/airflow/example_dags/example_sla_dag.py
[2024-06-07T16:31:47.267+0200] {logging_mixin.py:188} INFO - [2024-06-07T16:31:47.266+0200] {dag.py:3096} INFO - Sync 1 DAGs
[2024-06-07T16:31:47.275+0200] {logging_mixin.py:188} INFO - [2024-06-07T16:31:47.275+0200] {dag.py:3954} INFO - Setting next_dagrun for example_sla_dag to 2024-06-07 14:28:00+00:00, run_after=2024-06-07 14:30:00+00:00
[2024-06-07T16:31:47.283+0200] {processor.py:183} INFO - Processing /Users/noejalabert/airflow_venv/lib/python3.11/site-packages/airflow/example_dags/example_sla_dag.py took 0.084 seconds
[2024-06-07T16:33:17.398+0200] {processor.py:161} INFO - Started process (PID=33020) to work on /Users/noejalabert/airflow_venv/lib/python3.11/site-packages/airflow/example_dags/example_sla_dag.py
[2024-06-07T16:33:17.399+0200] {processor.py:830} INFO - Processing file /Users/noejalabert/airflow_venv/lib/python3.11/site-packages/airflow/example_dags/example_sla_dag.py for tasks to queue
[2024-06-07T16:33:17.400+0200] {logging_mixin.py:188} INFO - [2024-06-07T16:33:17.400+0200] {dagbag.py:540} INFO - Filling up the DagBag from /Users/noejalabert/airflow_venv/lib/python3.11/site-packages/airflow/example_dags/example_sla_dag.py
[2024-06-07T16:33:17.418+0200] {processor.py:840} INFO - DAG(s) 'example_sla_dag' retrieved from /Users/noejalabert/airflow_venv/lib/python3.11/site-packages/airflow/example_dags/example_sla_dag.py
[2024-06-07T16:33:17.464+0200] {logging_mixin.py:188} INFO - [2024-06-07T16:33:17.464+0200] {dag.py:3096} INFO - Sync 1 DAGs
[2024-06-07T16:33:17.473+0200] {logging_mixin.py:188} INFO - [2024-06-07T16:33:17.473+0200] {dag.py:3954} INFO - Setting next_dagrun for example_sla_dag to 2024-06-07 14:30:00+00:00, run_after=2024-06-07 14:32:00+00:00
[2024-06-07T16:33:17.481+0200] {processor.py:183} INFO - Processing /Users/noejalabert/airflow_venv/lib/python3.11/site-packages/airflow/example_dags/example_sla_dag.py took 0.084 seconds
[2024-06-07T16:34:57.074+0200] {processor.py:161} INFO - Started process (PID=33112) to work on /Users/noejalabert/airflow_venv/lib/python3.11/site-packages/airflow/example_dags/example_sla_dag.py
[2024-06-07T16:34:57.076+0200] {processor.py:830} INFO - Processing file /Users/noejalabert/airflow_venv/lib/python3.11/site-packages/airflow/example_dags/example_sla_dag.py for tasks to queue
[2024-06-07T16:34:57.076+0200] {logging_mixin.py:188} INFO - [2024-06-07T16:34:57.076+0200] {dagbag.py:540} INFO - Filling up the DagBag from /Users/noejalabert/airflow_venv/lib/python3.11/site-packages/airflow/example_dags/example_sla_dag.py
[2024-06-07T16:34:57.095+0200] {processor.py:840} INFO - DAG(s) 'example_sla_dag' retrieved from /Users/noejalabert/airflow_venv/lib/python3.11/site-packages/airflow/example_dags/example_sla_dag.py
[2024-06-07T16:34:57.151+0200] {logging_mixin.py:188} INFO - [2024-06-07T16:34:57.151+0200] {dag.py:3096} INFO - Sync 1 DAGs
[2024-06-07T16:34:57.160+0200] {logging_mixin.py:188} INFO - [2024-06-07T16:34:57.160+0200] {dag.py:3954} INFO - Setting next_dagrun for example_sla_dag to 2024-06-07 14:32:00+00:00, run_after=2024-06-07 14:34:00+00:00
[2024-06-07T16:34:57.168+0200] {processor.py:183} INFO - Processing /Users/noejalabert/airflow_venv/lib/python3.11/site-packages/airflow/example_dags/example_sla_dag.py took 0.096 seconds
[2024-06-07T16:36:49.210+0200] {processor.py:161} INFO - Started process (PID=33269) to work on /Users/noejalabert/airflow_venv/lib/python3.11/site-packages/airflow/example_dags/example_sla_dag.py
[2024-06-07T16:36:49.211+0200] {processor.py:830} INFO - Processing file /Users/noejalabert/airflow_venv/lib/python3.11/site-packages/airflow/example_dags/example_sla_dag.py for tasks to queue
[2024-06-07T16:36:49.212+0200] {logging_mixin.py:188} INFO - [2024-06-07T16:36:49.211+0200] {dagbag.py:540} INFO - Filling up the DagBag from /Users/noejalabert/airflow_venv/lib/python3.11/site-packages/airflow/example_dags/example_sla_dag.py
[2024-06-07T16:36:49.230+0200] {processor.py:840} INFO - DAG(s) 'example_sla_dag' retrieved from /Users/noejalabert/airflow_venv/lib/python3.11/site-packages/airflow/example_dags/example_sla_dag.py
[2024-06-07T16:36:49.283+0200] {logging_mixin.py:188} INFO - [2024-06-07T16:36:49.283+0200] {dag.py:3096} INFO - Sync 1 DAGs
[2024-06-07T16:36:49.293+0200] {logging_mixin.py:188} INFO - [2024-06-07T16:36:49.293+0200] {dag.py:3954} INFO - Setting next_dagrun for example_sla_dag to 2024-06-07 14:34:00+00:00, run_after=2024-06-07 14:36:00+00:00
[2024-06-07T16:36:49.302+0200] {processor.py:183} INFO - Processing /Users/noejalabert/airflow_venv/lib/python3.11/site-packages/airflow/example_dags/example_sla_dag.py took 0.094 seconds
[2024-06-07T16:38:27.962+0200] {processor.py:161} INFO - Started process (PID=33376) to work on /Users/noejalabert/airflow_venv/lib/python3.11/site-packages/airflow/example_dags/example_sla_dag.py
[2024-06-07T16:38:27.963+0200] {processor.py:830} INFO - Processing file /Users/noejalabert/airflow_venv/lib/python3.11/site-packages/airflow/example_dags/example_sla_dag.py for tasks to queue
[2024-06-07T16:38:27.964+0200] {logging_mixin.py:188} INFO - [2024-06-07T16:38:27.964+0200] {dagbag.py:540} INFO - Filling up the DagBag from /Users/noejalabert/airflow_venv/lib/python3.11/site-packages/airflow/example_dags/example_sla_dag.py
[2024-06-07T16:38:27.987+0200] {processor.py:840} INFO - DAG(s) 'example_sla_dag' retrieved from /Users/noejalabert/airflow_venv/lib/python3.11/site-packages/airflow/example_dags/example_sla_dag.py
[2024-06-07T16:38:28.039+0200] {logging_mixin.py:188} INFO - [2024-06-07T16:38:28.039+0200] {dag.py:3096} INFO - Sync 1 DAGs
[2024-06-07T16:38:28.049+0200] {logging_mixin.py:188} INFO - [2024-06-07T16:38:28.049+0200] {dag.py:3954} INFO - Setting next_dagrun for example_sla_dag to 2024-06-07 14:36:00+00:00, run_after=2024-06-07 14:38:00+00:00
[2024-06-07T16:38:28.057+0200] {processor.py:183} INFO - Processing /Users/noejalabert/airflow_venv/lib/python3.11/site-packages/airflow/example_dags/example_sla_dag.py took 0.097 seconds
[2024-06-07T16:40:08.753+0200] {processor.py:161} INFO - Started process (PID=33493) to work on /Users/noejalabert/airflow_venv/lib/python3.11/site-packages/airflow/example_dags/example_sla_dag.py
[2024-06-07T16:40:08.754+0200] {processor.py:830} INFO - Processing file /Users/noejalabert/airflow_venv/lib/python3.11/site-packages/airflow/example_dags/example_sla_dag.py for tasks to queue
[2024-06-07T16:40:08.754+0200] {logging_mixin.py:188} INFO - [2024-06-07T16:40:08.754+0200] {dagbag.py:540} INFO - Filling up the DagBag from /Users/noejalabert/airflow_venv/lib/python3.11/site-packages/airflow/example_dags/example_sla_dag.py
[2024-06-07T16:40:08.776+0200] {processor.py:840} INFO - DAG(s) 'example_sla_dag' retrieved from /Users/noejalabert/airflow_venv/lib/python3.11/site-packages/airflow/example_dags/example_sla_dag.py
[2024-06-07T16:40:08.828+0200] {logging_mixin.py:188} INFO - [2024-06-07T16:40:08.828+0200] {dag.py:3096} INFO - Sync 1 DAGs
[2024-06-07T16:40:08.840+0200] {logging_mixin.py:188} INFO - [2024-06-07T16:40:08.840+0200] {dag.py:3954} INFO - Setting next_dagrun for example_sla_dag to 2024-06-07 14:38:00+00:00, run_after=2024-06-07 14:40:00+00:00
[2024-06-07T16:40:08.848+0200] {processor.py:183} INFO - Processing /Users/noejalabert/airflow_venv/lib/python3.11/site-packages/airflow/example_dags/example_sla_dag.py took 0.097 seconds
[2024-06-07T16:41:49.856+0200] {processor.py:161} INFO - Started process (PID=33616) to work on /Users/noejalabert/airflow_venv/lib/python3.11/site-packages/airflow/example_dags/example_sla_dag.py
[2024-06-07T16:41:49.858+0200] {processor.py:830} INFO - Processing file /Users/noejalabert/airflow_venv/lib/python3.11/site-packages/airflow/example_dags/example_sla_dag.py for tasks to queue
[2024-06-07T16:41:49.858+0200] {logging_mixin.py:188} INFO - [2024-06-07T16:41:49.858+0200] {dagbag.py:540} INFO - Filling up the DagBag from /Users/noejalabert/airflow_venv/lib/python3.11/site-packages/airflow/example_dags/example_sla_dag.py
[2024-06-07T16:41:49.877+0200] {processor.py:840} INFO - DAG(s) 'example_sla_dag' retrieved from /Users/noejalabert/airflow_venv/lib/python3.11/site-packages/airflow/example_dags/example_sla_dag.py
[2024-06-07T16:41:49.928+0200] {logging_mixin.py:188} INFO - [2024-06-07T16:41:49.927+0200] {dag.py:3096} INFO - Sync 1 DAGs
[2024-06-07T16:41:49.937+0200] {logging_mixin.py:188} INFO - [2024-06-07T16:41:49.937+0200] {dag.py:3954} INFO - Setting next_dagrun for example_sla_dag to 2024-06-07 14:38:00+00:00, run_after=2024-06-07 14:40:00+00:00
[2024-06-07T16:41:49.945+0200] {processor.py:183} INFO - Processing /Users/noejalabert/airflow_venv/lib/python3.11/site-packages/airflow/example_dags/example_sla_dag.py took 0.090 seconds
[2024-06-07T16:43:28.252+0200] {processor.py:161} INFO - Started process (PID=33728) to work on /Users/noejalabert/airflow_venv/lib/python3.11/site-packages/airflow/example_dags/example_sla_dag.py
[2024-06-07T16:43:28.254+0200] {processor.py:830} INFO - Processing file /Users/noejalabert/airflow_venv/lib/python3.11/site-packages/airflow/example_dags/example_sla_dag.py for tasks to queue
[2024-06-07T16:43:28.254+0200] {logging_mixin.py:188} INFO - [2024-06-07T16:43:28.254+0200] {dagbag.py:540} INFO - Filling up the DagBag from /Users/noejalabert/airflow_venv/lib/python3.11/site-packages/airflow/example_dags/example_sla_dag.py
[2024-06-07T16:43:28.274+0200] {processor.py:840} INFO - DAG(s) 'example_sla_dag' retrieved from /Users/noejalabert/airflow_venv/lib/python3.11/site-packages/airflow/example_dags/example_sla_dag.py
[2024-06-07T16:43:28.325+0200] {logging_mixin.py:188} INFO - [2024-06-07T16:43:28.324+0200] {dag.py:3096} INFO - Sync 1 DAGs
[2024-06-07T16:43:28.335+0200] {logging_mixin.py:188} INFO - [2024-06-07T16:43:28.335+0200] {dag.py:3954} INFO - Setting next_dagrun for example_sla_dag to 2024-06-07 14:40:00+00:00, run_after=2024-06-07 14:42:00+00:00
[2024-06-07T16:43:28.343+0200] {processor.py:183} INFO - Processing /Users/noejalabert/airflow_venv/lib/python3.11/site-packages/airflow/example_dags/example_sla_dag.py took 0.093 seconds
[2024-06-07T16:45:08.879+0200] {processor.py:161} INFO - Started process (PID=33825) to work on /Users/noejalabert/airflow_venv/lib/python3.11/site-packages/airflow/example_dags/example_sla_dag.py
[2024-06-07T16:45:08.882+0200] {processor.py:830} INFO - Processing file /Users/noejalabert/airflow_venv/lib/python3.11/site-packages/airflow/example_dags/example_sla_dag.py for tasks to queue
[2024-06-07T16:45:08.882+0200] {logging_mixin.py:188} INFO - [2024-06-07T16:45:08.882+0200] {dagbag.py:540} INFO - Filling up the DagBag from /Users/noejalabert/airflow_venv/lib/python3.11/site-packages/airflow/example_dags/example_sla_dag.py
[2024-06-07T16:45:08.905+0200] {processor.py:840} INFO - DAG(s) 'example_sla_dag' retrieved from /Users/noejalabert/airflow_venv/lib/python3.11/site-packages/airflow/example_dags/example_sla_dag.py
[2024-06-07T16:45:08.988+0200] {logging_mixin.py:188} INFO - [2024-06-07T16:45:08.988+0200] {dag.py:3096} INFO - Sync 1 DAGs
[2024-06-07T16:45:09.004+0200] {logging_mixin.py:188} INFO - [2024-06-07T16:45:09.004+0200] {dag.py:3954} INFO - Setting next_dagrun for example_sla_dag to 2024-06-07 14:42:00+00:00, run_after=2024-06-07 14:44:00+00:00
[2024-06-07T16:45:09.027+0200] {processor.py:183} INFO - Processing /Users/noejalabert/airflow_venv/lib/python3.11/site-packages/airflow/example_dags/example_sla_dag.py took 0.150 seconds
[2024-06-07T16:46:53.978+0200] {processor.py:161} INFO - Started process (PID=33948) to work on /Users/noejalabert/airflow_venv/lib/python3.11/site-packages/airflow/example_dags/example_sla_dag.py
[2024-06-07T16:46:53.979+0200] {processor.py:830} INFO - Processing file /Users/noejalabert/airflow_venv/lib/python3.11/site-packages/airflow/example_dags/example_sla_dag.py for tasks to queue
[2024-06-07T16:46:53.980+0200] {logging_mixin.py:188} INFO - [2024-06-07T16:46:53.980+0200] {dagbag.py:540} INFO - Filling up the DagBag from /Users/noejalabert/airflow_venv/lib/python3.11/site-packages/airflow/example_dags/example_sla_dag.py
[2024-06-07T16:46:54.002+0200] {processor.py:840} INFO - DAG(s) 'example_sla_dag' retrieved from /Users/noejalabert/airflow_venv/lib/python3.11/site-packages/airflow/example_dags/example_sla_dag.py
[2024-06-07T16:46:54.056+0200] {logging_mixin.py:188} INFO - [2024-06-07T16:46:54.056+0200] {dag.py:3096} INFO - Sync 1 DAGs
[2024-06-07T16:46:54.067+0200] {logging_mixin.py:188} INFO - [2024-06-07T16:46:54.066+0200] {dag.py:3954} INFO - Setting next_dagrun for example_sla_dag to 2024-06-07 14:44:00+00:00, run_after=2024-06-07 14:46:00+00:00
[2024-06-07T16:46:54.078+0200] {processor.py:183} INFO - Processing /Users/noejalabert/airflow_venv/lib/python3.11/site-packages/airflow/example_dags/example_sla_dag.py took 0.102 seconds
[2024-06-07T16:48:37.746+0200] {processor.py:161} INFO - Started process (PID=34071) to work on /Users/noejalabert/airflow_venv/lib/python3.11/site-packages/airflow/example_dags/example_sla_dag.py
[2024-06-07T16:48:37.748+0200] {processor.py:830} INFO - Processing file /Users/noejalabert/airflow_venv/lib/python3.11/site-packages/airflow/example_dags/example_sla_dag.py for tasks to queue
[2024-06-07T16:48:37.748+0200] {logging_mixin.py:188} INFO - [2024-06-07T16:48:37.748+0200] {dagbag.py:540} INFO - Filling up the DagBag from /Users/noejalabert/airflow_venv/lib/python3.11/site-packages/airflow/example_dags/example_sla_dag.py
[2024-06-07T16:48:37.771+0200] {processor.py:840} INFO - DAG(s) 'example_sla_dag' retrieved from /Users/noejalabert/airflow_venv/lib/python3.11/site-packages/airflow/example_dags/example_sla_dag.py
[2024-06-07T16:48:37.826+0200] {logging_mixin.py:188} INFO - [2024-06-07T16:48:37.826+0200] {dag.py:3096} INFO - Sync 1 DAGs
[2024-06-07T16:48:37.836+0200] {logging_mixin.py:188} INFO - [2024-06-07T16:48:37.835+0200] {dag.py:3954} INFO - Setting next_dagrun for example_sla_dag to 2024-06-07 14:46:00+00:00, run_after=2024-06-07 14:48:00+00:00
[2024-06-07T16:48:37.845+0200] {processor.py:183} INFO - Processing /Users/noejalabert/airflow_venv/lib/python3.11/site-packages/airflow/example_dags/example_sla_dag.py took 0.101 seconds
[2024-06-07T16:50:25.494+0200] {processor.py:161} INFO - Started process (PID=34208) to work on /Users/noejalabert/airflow_venv/lib/python3.11/site-packages/airflow/example_dags/example_sla_dag.py
[2024-06-07T16:50:25.495+0200] {processor.py:830} INFO - Processing file /Users/noejalabert/airflow_venv/lib/python3.11/site-packages/airflow/example_dags/example_sla_dag.py for tasks to queue
[2024-06-07T16:50:25.495+0200] {logging_mixin.py:188} INFO - [2024-06-07T16:50:25.495+0200] {dagbag.py:540} INFO - Filling up the DagBag from /Users/noejalabert/airflow_venv/lib/python3.11/site-packages/airflow/example_dags/example_sla_dag.py
[2024-06-07T16:50:25.515+0200] {processor.py:840} INFO - DAG(s) 'example_sla_dag' retrieved from /Users/noejalabert/airflow_venv/lib/python3.11/site-packages/airflow/example_dags/example_sla_dag.py
[2024-06-07T16:50:25.566+0200] {logging_mixin.py:188} INFO - [2024-06-07T16:50:25.565+0200] {dag.py:3096} INFO - Sync 1 DAGs
[2024-06-07T16:50:25.576+0200] {logging_mixin.py:188} INFO - [2024-06-07T16:50:25.576+0200] {dag.py:3954} INFO - Setting next_dagrun for example_sla_dag to 2024-06-07 14:48:00+00:00, run_after=2024-06-07 14:50:00+00:00
[2024-06-07T16:50:25.584+0200] {processor.py:183} INFO - Processing /Users/noejalabert/airflow_venv/lib/python3.11/site-packages/airflow/example_dags/example_sla_dag.py took 0.092 seconds
[2024-06-07T16:52:07.946+0200] {processor.py:161} INFO - Started process (PID=34310) to work on /Users/noejalabert/airflow_venv/lib/python3.11/site-packages/airflow/example_dags/example_sla_dag.py
[2024-06-07T16:52:07.948+0200] {processor.py:830} INFO - Processing file /Users/noejalabert/airflow_venv/lib/python3.11/site-packages/airflow/example_dags/example_sla_dag.py for tasks to queue
[2024-06-07T16:52:07.948+0200] {logging_mixin.py:188} INFO - [2024-06-07T16:52:07.948+0200] {dagbag.py:540} INFO - Filling up the DagBag from /Users/noejalabert/airflow_venv/lib/python3.11/site-packages/airflow/example_dags/example_sla_dag.py
[2024-06-07T16:52:07.969+0200] {processor.py:840} INFO - DAG(s) 'example_sla_dag' retrieved from /Users/noejalabert/airflow_venv/lib/python3.11/site-packages/airflow/example_dags/example_sla_dag.py
[2024-06-07T16:52:08.022+0200] {logging_mixin.py:188} INFO - [2024-06-07T16:52:08.021+0200] {dag.py:3096} INFO - Sync 1 DAGs
[2024-06-07T16:52:08.032+0200] {logging_mixin.py:188} INFO - [2024-06-07T16:52:08.032+0200] {dag.py:3954} INFO - Setting next_dagrun for example_sla_dag to 2024-06-07 14:50:00+00:00, run_after=2024-06-07 14:52:00+00:00
[2024-06-07T16:52:08.041+0200] {processor.py:183} INFO - Processing /Users/noejalabert/airflow_venv/lib/python3.11/site-packages/airflow/example_dags/example_sla_dag.py took 0.096 seconds
[2024-06-07T16:53:47.195+0200] {processor.py:161} INFO - Started process (PID=34431) to work on /Users/noejalabert/airflow_venv/lib/python3.11/site-packages/airflow/example_dags/example_sla_dag.py
[2024-06-07T16:53:47.197+0200] {processor.py:830} INFO - Processing file /Users/noejalabert/airflow_venv/lib/python3.11/site-packages/airflow/example_dags/example_sla_dag.py for tasks to queue
[2024-06-07T16:53:47.198+0200] {logging_mixin.py:188} INFO - [2024-06-07T16:53:47.197+0200] {dagbag.py:540} INFO - Filling up the DagBag from /Users/noejalabert/airflow_venv/lib/python3.11/site-packages/airflow/example_dags/example_sla_dag.py
[2024-06-07T16:53:47.217+0200] {processor.py:840} INFO - DAG(s) 'example_sla_dag' retrieved from /Users/noejalabert/airflow_venv/lib/python3.11/site-packages/airflow/example_dags/example_sla_dag.py
[2024-06-07T16:53:47.273+0200] {logging_mixin.py:188} INFO - [2024-06-07T16:53:47.273+0200] {dag.py:3096} INFO - Sync 1 DAGs
[2024-06-07T16:53:47.282+0200] {logging_mixin.py:188} INFO - [2024-06-07T16:53:47.282+0200] {dag.py:3954} INFO - Setting next_dagrun for example_sla_dag to 2024-06-07 14:50:00+00:00, run_after=2024-06-07 14:52:00+00:00
[2024-06-07T16:53:47.290+0200] {processor.py:183} INFO - Processing /Users/noejalabert/airflow_venv/lib/python3.11/site-packages/airflow/example_dags/example_sla_dag.py took 0.096 seconds
[2024-06-07T16:55:22.141+0200] {processor.py:161} INFO - Started process (PID=34532) to work on /Users/noejalabert/airflow_venv/lib/python3.11/site-packages/airflow/example_dags/example_sla_dag.py
[2024-06-07T16:55:22.142+0200] {processor.py:830} INFO - Processing file /Users/noejalabert/airflow_venv/lib/python3.11/site-packages/airflow/example_dags/example_sla_dag.py for tasks to queue
[2024-06-07T16:55:22.142+0200] {logging_mixin.py:188} INFO - [2024-06-07T16:55:22.142+0200] {dagbag.py:540} INFO - Filling up the DagBag from /Users/noejalabert/airflow_venv/lib/python3.11/site-packages/airflow/example_dags/example_sla_dag.py
[2024-06-07T16:55:22.159+0200] {processor.py:840} INFO - DAG(s) 'example_sla_dag' retrieved from /Users/noejalabert/airflow_venv/lib/python3.11/site-packages/airflow/example_dags/example_sla_dag.py
[2024-06-07T16:55:22.205+0200] {logging_mixin.py:188} INFO - [2024-06-07T16:55:22.205+0200] {dag.py:3096} INFO - Sync 1 DAGs
[2024-06-07T16:55:22.214+0200] {logging_mixin.py:188} INFO - [2024-06-07T16:55:22.214+0200] {dag.py:3954} INFO - Setting next_dagrun for example_sla_dag to 2024-06-07 14:52:00+00:00, run_after=2024-06-07 14:54:00+00:00
[2024-06-07T16:55:22.222+0200] {processor.py:183} INFO - Processing /Users/noejalabert/airflow_venv/lib/python3.11/site-packages/airflow/example_dags/example_sla_dag.py took 0.082 seconds
[2024-06-07T16:56:59.058+0200] {processor.py:161} INFO - Started process (PID=34726) to work on /Users/noejalabert/airflow_venv/lib/python3.11/site-packages/airflow/example_dags/example_sla_dag.py
[2024-06-07T16:56:59.059+0200] {processor.py:830} INFO - Processing file /Users/noejalabert/airflow_venv/lib/python3.11/site-packages/airflow/example_dags/example_sla_dag.py for tasks to queue
[2024-06-07T16:56:59.059+0200] {logging_mixin.py:188} INFO - [2024-06-07T16:56:59.059+0200] {dagbag.py:540} INFO - Filling up the DagBag from /Users/noejalabert/airflow_venv/lib/python3.11/site-packages/airflow/example_dags/example_sla_dag.py
[2024-06-07T16:56:59.077+0200] {processor.py:840} INFO - DAG(s) 'example_sla_dag' retrieved from /Users/noejalabert/airflow_venv/lib/python3.11/site-packages/airflow/example_dags/example_sla_dag.py
[2024-06-07T16:56:59.129+0200] {logging_mixin.py:188} INFO - [2024-06-07T16:56:59.129+0200] {dag.py:3096} INFO - Sync 1 DAGs
[2024-06-07T16:56:59.140+0200] {logging_mixin.py:188} INFO - [2024-06-07T16:56:59.140+0200] {dag.py:3954} INFO - Setting next_dagrun for example_sla_dag to 2024-06-07 14:54:00+00:00, run_after=2024-06-07 14:56:00+00:00
[2024-06-07T16:56:59.148+0200] {processor.py:183} INFO - Processing /Users/noejalabert/airflow_venv/lib/python3.11/site-packages/airflow/example_dags/example_sla_dag.py took 0.091 seconds
[2024-06-07T16:58:34.329+0200] {processor.py:161} INFO - Started process (PID=34964) to work on /Users/noejalabert/airflow_venv/lib/python3.11/site-packages/airflow/example_dags/example_sla_dag.py
[2024-06-07T16:58:34.330+0200] {processor.py:830} INFO - Processing file /Users/noejalabert/airflow_venv/lib/python3.11/site-packages/airflow/example_dags/example_sla_dag.py for tasks to queue
[2024-06-07T16:58:34.330+0200] {logging_mixin.py:188} INFO - [2024-06-07T16:58:34.330+0200] {dagbag.py:540} INFO - Filling up the DagBag from /Users/noejalabert/airflow_venv/lib/python3.11/site-packages/airflow/example_dags/example_sla_dag.py
[2024-06-07T16:58:34.369+0200] {processor.py:840} INFO - DAG(s) 'example_sla_dag' retrieved from /Users/noejalabert/airflow_venv/lib/python3.11/site-packages/airflow/example_dags/example_sla_dag.py
[2024-06-07T16:58:34.432+0200] {logging_mixin.py:188} INFO - [2024-06-07T16:58:34.431+0200] {dag.py:3096} INFO - Sync 1 DAGs
[2024-06-07T16:58:34.441+0200] {logging_mixin.py:188} INFO - [2024-06-07T16:58:34.441+0200] {dag.py:3954} INFO - Setting next_dagrun for example_sla_dag to 2024-06-07 14:56:00+00:00, run_after=2024-06-07 14:58:00+00:00
[2024-06-07T16:58:34.449+0200] {processor.py:183} INFO - Processing /Users/noejalabert/airflow_venv/lib/python3.11/site-packages/airflow/example_dags/example_sla_dag.py took 0.122 seconds
[2024-06-07T17:00:10.340+0200] {processor.py:161} INFO - Started process (PID=35100) to work on /Users/noejalabert/airflow_venv/lib/python3.11/site-packages/airflow/example_dags/example_sla_dag.py
[2024-06-07T17:00:10.341+0200] {processor.py:830} INFO - Processing file /Users/noejalabert/airflow_venv/lib/python3.11/site-packages/airflow/example_dags/example_sla_dag.py for tasks to queue
[2024-06-07T17:00:10.341+0200] {logging_mixin.py:188} INFO - [2024-06-07T17:00:10.341+0200] {dagbag.py:540} INFO - Filling up the DagBag from /Users/noejalabert/airflow_venv/lib/python3.11/site-packages/airflow/example_dags/example_sla_dag.py
[2024-06-07T17:00:10.359+0200] {processor.py:840} INFO - DAG(s) 'example_sla_dag' retrieved from /Users/noejalabert/airflow_venv/lib/python3.11/site-packages/airflow/example_dags/example_sla_dag.py
[2024-06-07T17:00:10.406+0200] {logging_mixin.py:188} INFO - [2024-06-07T17:00:10.406+0200] {dag.py:3096} INFO - Sync 1 DAGs
[2024-06-07T17:00:10.415+0200] {logging_mixin.py:188} INFO - [2024-06-07T17:00:10.415+0200] {dag.py:3954} INFO - Setting next_dagrun for example_sla_dag to 2024-06-07 14:58:00+00:00, run_after=2024-06-07 15:00:00+00:00
[2024-06-07T17:00:10.422+0200] {processor.py:183} INFO - Processing /Users/noejalabert/airflow_venv/lib/python3.11/site-packages/airflow/example_dags/example_sla_dag.py took 0.084 seconds
[2024-06-07T17:01:46.834+0200] {processor.py:161} INFO - Started process (PID=35207) to work on /Users/noejalabert/airflow_venv/lib/python3.11/site-packages/airflow/example_dags/example_sla_dag.py
[2024-06-07T17:01:46.835+0200] {processor.py:830} INFO - Processing file /Users/noejalabert/airflow_venv/lib/python3.11/site-packages/airflow/example_dags/example_sla_dag.py for tasks to queue
[2024-06-07T17:01:46.835+0200] {logging_mixin.py:188} INFO - [2024-06-07T17:01:46.835+0200] {dagbag.py:540} INFO - Filling up the DagBag from /Users/noejalabert/airflow_venv/lib/python3.11/site-packages/airflow/example_dags/example_sla_dag.py
[2024-06-07T17:01:46.854+0200] {processor.py:840} INFO - DAG(s) 'example_sla_dag' retrieved from /Users/noejalabert/airflow_venv/lib/python3.11/site-packages/airflow/example_dags/example_sla_dag.py
[2024-06-07T17:01:46.901+0200] {logging_mixin.py:188} INFO - [2024-06-07T17:01:46.900+0200] {dag.py:3096} INFO - Sync 1 DAGs
[2024-06-07T17:01:46.909+0200] {logging_mixin.py:188} INFO - [2024-06-07T17:01:46.909+0200] {dag.py:3954} INFO - Setting next_dagrun for example_sla_dag to 2024-06-07 14:58:00+00:00, run_after=2024-06-07 15:00:00+00:00
[2024-06-07T17:01:46.916+0200] {processor.py:183} INFO - Processing /Users/noejalabert/airflow_venv/lib/python3.11/site-packages/airflow/example_dags/example_sla_dag.py took 0.084 seconds
[2024-06-07T17:03:24.608+0200] {processor.py:161} INFO - Started process (PID=35306) to work on /Users/noejalabert/airflow_venv/lib/python3.11/site-packages/airflow/example_dags/example_sla_dag.py
[2024-06-07T17:03:24.608+0200] {processor.py:830} INFO - Processing file /Users/noejalabert/airflow_venv/lib/python3.11/site-packages/airflow/example_dags/example_sla_dag.py for tasks to queue
[2024-06-07T17:03:24.609+0200] {logging_mixin.py:188} INFO - [2024-06-07T17:03:24.609+0200] {dagbag.py:540} INFO - Filling up the DagBag from /Users/noejalabert/airflow_venv/lib/python3.11/site-packages/airflow/example_dags/example_sla_dag.py
[2024-06-07T17:03:24.627+0200] {processor.py:840} INFO - DAG(s) 'example_sla_dag' retrieved from /Users/noejalabert/airflow_venv/lib/python3.11/site-packages/airflow/example_dags/example_sla_dag.py
[2024-06-07T17:03:24.674+0200] {logging_mixin.py:188} INFO - [2024-06-07T17:03:24.674+0200] {dag.py:3096} INFO - Sync 1 DAGs
[2024-06-07T17:03:24.683+0200] {logging_mixin.py:188} INFO - [2024-06-07T17:03:24.683+0200] {dag.py:3954} INFO - Setting next_dagrun for example_sla_dag to 2024-06-07 15:00:00+00:00, run_after=2024-06-07 15:02:00+00:00
[2024-06-07T17:03:24.691+0200] {processor.py:183} INFO - Processing /Users/noejalabert/airflow_venv/lib/python3.11/site-packages/airflow/example_dags/example_sla_dag.py took 0.085 seconds
[2024-06-07T17:05:03.968+0200] {processor.py:161} INFO - Started process (PID=35453) to work on /Users/noejalabert/airflow_venv/lib/python3.11/site-packages/airflow/example_dags/example_sla_dag.py
[2024-06-07T17:05:03.970+0200] {processor.py:830} INFO - Processing file /Users/noejalabert/airflow_venv/lib/python3.11/site-packages/airflow/example_dags/example_sla_dag.py for tasks to queue
[2024-06-07T17:05:03.970+0200] {logging_mixin.py:188} INFO - [2024-06-07T17:05:03.970+0200] {dagbag.py:540} INFO - Filling up the DagBag from /Users/noejalabert/airflow_venv/lib/python3.11/site-packages/airflow/example_dags/example_sla_dag.py
[2024-06-07T17:05:03.988+0200] {processor.py:840} INFO - DAG(s) 'example_sla_dag' retrieved from /Users/noejalabert/airflow_venv/lib/python3.11/site-packages/airflow/example_dags/example_sla_dag.py
[2024-06-07T17:05:04.035+0200] {logging_mixin.py:188} INFO - [2024-06-07T17:05:04.034+0200] {dag.py:3096} INFO - Sync 1 DAGs
[2024-06-07T17:05:04.043+0200] {logging_mixin.py:188} INFO - [2024-06-07T17:05:04.043+0200] {dag.py:3954} INFO - Setting next_dagrun for example_sla_dag to 2024-06-07 15:02:00+00:00, run_after=2024-06-07 15:04:00+00:00
[2024-06-07T17:05:04.050+0200] {processor.py:183} INFO - Processing /Users/noejalabert/airflow_venv/lib/python3.11/site-packages/airflow/example_dags/example_sla_dag.py took 0.083 seconds
[2024-06-07T17:06:39.587+0200] {processor.py:161} INFO - Started process (PID=35546) to work on /Users/noejalabert/airflow_venv/lib/python3.11/site-packages/airflow/example_dags/example_sla_dag.py
[2024-06-07T17:06:39.588+0200] {processor.py:830} INFO - Processing file /Users/noejalabert/airflow_venv/lib/python3.11/site-packages/airflow/example_dags/example_sla_dag.py for tasks to queue
[2024-06-07T17:06:39.588+0200] {logging_mixin.py:188} INFO - [2024-06-07T17:06:39.588+0200] {dagbag.py:540} INFO - Filling up the DagBag from /Users/noejalabert/airflow_venv/lib/python3.11/site-packages/airflow/example_dags/example_sla_dag.py
[2024-06-07T17:06:39.609+0200] {processor.py:840} INFO - DAG(s) 'example_sla_dag' retrieved from /Users/noejalabert/airflow_venv/lib/python3.11/site-packages/airflow/example_dags/example_sla_dag.py
[2024-06-07T17:06:39.656+0200] {logging_mixin.py:188} INFO - [2024-06-07T17:06:39.656+0200] {dag.py:3096} INFO - Sync 1 DAGs
[2024-06-07T17:06:39.665+0200] {logging_mixin.py:188} INFO - [2024-06-07T17:06:39.665+0200] {dag.py:3954} INFO - Setting next_dagrun for example_sla_dag to 2024-06-07 15:04:00+00:00, run_after=2024-06-07 15:06:00+00:00
[2024-06-07T17:06:39.673+0200] {processor.py:183} INFO - Processing /Users/noejalabert/airflow_venv/lib/python3.11/site-packages/airflow/example_dags/example_sla_dag.py took 0.087 seconds
[2024-06-07T17:08:18.059+0200] {processor.py:161} INFO - Started process (PID=35654) to work on /Users/noejalabert/airflow_venv/lib/python3.11/site-packages/airflow/example_dags/example_sla_dag.py
[2024-06-07T17:08:18.060+0200] {processor.py:830} INFO - Processing file /Users/noejalabert/airflow_venv/lib/python3.11/site-packages/airflow/example_dags/example_sla_dag.py for tasks to queue
[2024-06-07T17:08:18.060+0200] {logging_mixin.py:188} INFO - [2024-06-07T17:08:18.060+0200] {dagbag.py:540} INFO - Filling up the DagBag from /Users/noejalabert/airflow_venv/lib/python3.11/site-packages/airflow/example_dags/example_sla_dag.py
[2024-06-07T17:08:18.078+0200] {processor.py:840} INFO - DAG(s) 'example_sla_dag' retrieved from /Users/noejalabert/airflow_venv/lib/python3.11/site-packages/airflow/example_dags/example_sla_dag.py
[2024-06-07T17:08:18.127+0200] {logging_mixin.py:188} INFO - [2024-06-07T17:08:18.127+0200] {dag.py:3096} INFO - Sync 1 DAGs
[2024-06-07T17:08:18.136+0200] {logging_mixin.py:188} INFO - [2024-06-07T17:08:18.136+0200] {dag.py:3954} INFO - Setting next_dagrun for example_sla_dag to 2024-06-07 15:06:00+00:00, run_after=2024-06-07 15:08:00+00:00
[2024-06-07T17:08:18.144+0200] {processor.py:183} INFO - Processing /Users/noejalabert/airflow_venv/lib/python3.11/site-packages/airflow/example_dags/example_sla_dag.py took 0.086 seconds
[2024-06-07T17:09:51.800+0200] {processor.py:161} INFO - Started process (PID=35753) to work on /Users/noejalabert/airflow_venv/lib/python3.11/site-packages/airflow/example_dags/example_sla_dag.py
[2024-06-07T17:09:51.801+0200] {processor.py:830} INFO - Processing file /Users/noejalabert/airflow_venv/lib/python3.11/site-packages/airflow/example_dags/example_sla_dag.py for tasks to queue
[2024-06-07T17:09:51.802+0200] {logging_mixin.py:188} INFO - [2024-06-07T17:09:51.802+0200] {dagbag.py:540} INFO - Filling up the DagBag from /Users/noejalabert/airflow_venv/lib/python3.11/site-packages/airflow/example_dags/example_sla_dag.py
[2024-06-07T17:09:51.820+0200] {processor.py:840} INFO - DAG(s) 'example_sla_dag' retrieved from /Users/noejalabert/airflow_venv/lib/python3.11/site-packages/airflow/example_dags/example_sla_dag.py
[2024-06-07T17:09:51.870+0200] {logging_mixin.py:188} INFO - [2024-06-07T17:09:51.870+0200] {dag.py:3096} INFO - Sync 1 DAGs
[2024-06-07T17:09:51.879+0200] {logging_mixin.py:188} INFO - [2024-06-07T17:09:51.879+0200] {dag.py:3954} INFO - Setting next_dagrun for example_sla_dag to 2024-06-07 15:06:00+00:00, run_after=2024-06-07 15:08:00+00:00
[2024-06-07T17:09:51.887+0200] {processor.py:183} INFO - Processing /Users/noejalabert/airflow_venv/lib/python3.11/site-packages/airflow/example_dags/example_sla_dag.py took 0.088 seconds
[2024-06-07T17:11:26.811+0200] {processor.py:161} INFO - Started process (PID=35854) to work on /Users/noejalabert/airflow_venv/lib/python3.11/site-packages/airflow/example_dags/example_sla_dag.py
[2024-06-07T17:11:26.813+0200] {processor.py:830} INFO - Processing file /Users/noejalabert/airflow_venv/lib/python3.11/site-packages/airflow/example_dags/example_sla_dag.py for tasks to queue
[2024-06-07T17:11:26.813+0200] {logging_mixin.py:188} INFO - [2024-06-07T17:11:26.813+0200] {dagbag.py:540} INFO - Filling up the DagBag from /Users/noejalabert/airflow_venv/lib/python3.11/site-packages/airflow/example_dags/example_sla_dag.py
[2024-06-07T17:11:26.831+0200] {processor.py:840} INFO - DAG(s) 'example_sla_dag' retrieved from /Users/noejalabert/airflow_venv/lib/python3.11/site-packages/airflow/example_dags/example_sla_dag.py
[2024-06-07T17:11:26.877+0200] {logging_mixin.py:188} INFO - [2024-06-07T17:11:26.877+0200] {dag.py:3096} INFO - Sync 1 DAGs
[2024-06-07T17:11:26.886+0200] {logging_mixin.py:188} INFO - [2024-06-07T17:11:26.885+0200] {dag.py:3954} INFO - Setting next_dagrun for example_sla_dag to 2024-06-07 15:08:00+00:00, run_after=2024-06-07 15:10:00+00:00
[2024-06-07T17:11:26.893+0200] {processor.py:183} INFO - Processing /Users/noejalabert/airflow_venv/lib/python3.11/site-packages/airflow/example_dags/example_sla_dag.py took 0.083 seconds
[2024-06-07T17:13:00.548+0200] {processor.py:161} INFO - Started process (PID=35994) to work on /Users/noejalabert/airflow_venv/lib/python3.11/site-packages/airflow/example_dags/example_sla_dag.py
[2024-06-07T17:13:00.548+0200] {processor.py:830} INFO - Processing file /Users/noejalabert/airflow_venv/lib/python3.11/site-packages/airflow/example_dags/example_sla_dag.py for tasks to queue
[2024-06-07T17:13:00.548+0200] {logging_mixin.py:188} INFO - [2024-06-07T17:13:00.548+0200] {dagbag.py:540} INFO - Filling up the DagBag from /Users/noejalabert/airflow_venv/lib/python3.11/site-packages/airflow/example_dags/example_sla_dag.py
[2024-06-07T17:13:00.567+0200] {processor.py:840} INFO - DAG(s) 'example_sla_dag' retrieved from /Users/noejalabert/airflow_venv/lib/python3.11/site-packages/airflow/example_dags/example_sla_dag.py
[2024-06-07T17:13:00.615+0200] {logging_mixin.py:188} INFO - [2024-06-07T17:13:00.615+0200] {dag.py:3096} INFO - Sync 1 DAGs
[2024-06-07T17:13:00.624+0200] {logging_mixin.py:188} INFO - [2024-06-07T17:13:00.624+0200] {dag.py:3954} INFO - Setting next_dagrun for example_sla_dag to 2024-06-07 15:10:00+00:00, run_after=2024-06-07 15:12:00+00:00
[2024-06-07T17:13:00.635+0200] {processor.py:183} INFO - Processing /Users/noejalabert/airflow_venv/lib/python3.11/site-packages/airflow/example_dags/example_sla_dag.py took 0.089 seconds
[2024-06-07T17:14:37.324+0200] {processor.py:161} INFO - Started process (PID=36136) to work on /Users/noejalabert/airflow_venv/lib/python3.11/site-packages/airflow/example_dags/example_sla_dag.py
[2024-06-07T17:14:37.325+0200] {processor.py:830} INFO - Processing file /Users/noejalabert/airflow_venv/lib/python3.11/site-packages/airflow/example_dags/example_sla_dag.py for tasks to queue
[2024-06-07T17:14:37.325+0200] {logging_mixin.py:188} INFO - [2024-06-07T17:14:37.325+0200] {dagbag.py:540} INFO - Filling up the DagBag from /Users/noejalabert/airflow_venv/lib/python3.11/site-packages/airflow/example_dags/example_sla_dag.py
[2024-06-07T17:14:37.343+0200] {processor.py:840} INFO - DAG(s) 'example_sla_dag' retrieved from /Users/noejalabert/airflow_venv/lib/python3.11/site-packages/airflow/example_dags/example_sla_dag.py
[2024-06-07T17:14:37.389+0200] {logging_mixin.py:188} INFO - [2024-06-07T17:14:37.389+0200] {dag.py:3096} INFO - Sync 1 DAGs
[2024-06-07T17:14:37.398+0200] {logging_mixin.py:188} INFO - [2024-06-07T17:14:37.398+0200] {dag.py:3954} INFO - Setting next_dagrun for example_sla_dag to 2024-06-07 15:12:00+00:00, run_after=2024-06-07 15:14:00+00:00
[2024-06-07T17:14:37.406+0200] {processor.py:183} INFO - Processing /Users/noejalabert/airflow_venv/lib/python3.11/site-packages/airflow/example_dags/example_sla_dag.py took 0.083 seconds
[2024-06-07T17:16:11.553+0200] {processor.py:161} INFO - Started process (PID=36475) to work on /Users/noejalabert/airflow_venv/lib/python3.11/site-packages/airflow/example_dags/example_sla_dag.py
[2024-06-07T17:16:11.555+0200] {processor.py:830} INFO - Processing file /Users/noejalabert/airflow_venv/lib/python3.11/site-packages/airflow/example_dags/example_sla_dag.py for tasks to queue
[2024-06-07T17:16:11.556+0200] {logging_mixin.py:188} INFO - [2024-06-07T17:16:11.556+0200] {dagbag.py:540} INFO - Filling up the DagBag from /Users/noejalabert/airflow_venv/lib/python3.11/site-packages/airflow/example_dags/example_sla_dag.py
[2024-06-07T17:16:11.574+0200] {processor.py:840} INFO - DAG(s) 'example_sla_dag' retrieved from /Users/noejalabert/airflow_venv/lib/python3.11/site-packages/airflow/example_dags/example_sla_dag.py
[2024-06-07T17:16:11.621+0200] {logging_mixin.py:188} INFO - [2024-06-07T17:16:11.621+0200] {dag.py:3096} INFO - Sync 1 DAGs
[2024-06-07T17:16:11.630+0200] {logging_mixin.py:188} INFO - [2024-06-07T17:16:11.630+0200] {dag.py:3954} INFO - Setting next_dagrun for example_sla_dag to 2024-06-07 15:14:00+00:00, run_after=2024-06-07 15:16:00+00:00
[2024-06-07T17:16:11.638+0200] {processor.py:183} INFO - Processing /Users/noejalabert/airflow_venv/lib/python3.11/site-packages/airflow/example_dags/example_sla_dag.py took 0.086 seconds
[2024-06-07T17:17:47.392+0200] {processor.py:161} INFO - Started process (PID=36804) to work on /Users/noejalabert/airflow_venv/lib/python3.11/site-packages/airflow/example_dags/example_sla_dag.py
[2024-06-07T17:17:47.393+0200] {processor.py:830} INFO - Processing file /Users/noejalabert/airflow_venv/lib/python3.11/site-packages/airflow/example_dags/example_sla_dag.py for tasks to queue
[2024-06-07T17:17:47.393+0200] {logging_mixin.py:188} INFO - [2024-06-07T17:17:47.393+0200] {dagbag.py:540} INFO - Filling up the DagBag from /Users/noejalabert/airflow_venv/lib/python3.11/site-packages/airflow/example_dags/example_sla_dag.py
[2024-06-07T17:17:47.411+0200] {processor.py:840} INFO - DAG(s) 'example_sla_dag' retrieved from /Users/noejalabert/airflow_venv/lib/python3.11/site-packages/airflow/example_dags/example_sla_dag.py
[2024-06-07T17:17:47.456+0200] {logging_mixin.py:188} INFO - [2024-06-07T17:17:47.456+0200] {dag.py:3096} INFO - Sync 1 DAGs
[2024-06-07T17:17:47.465+0200] {logging_mixin.py:188} INFO - [2024-06-07T17:17:47.465+0200] {dag.py:3954} INFO - Setting next_dagrun for example_sla_dag to 2024-06-07 15:14:00+00:00, run_after=2024-06-07 15:16:00+00:00
[2024-06-07T17:17:47.472+0200] {processor.py:183} INFO - Processing /Users/noejalabert/airflow_venv/lib/python3.11/site-packages/airflow/example_dags/example_sla_dag.py took 0.081 seconds
