[2024-06-07T16:10:46.715+0200] {processor.py:161} INFO - Started process (PID=31740) to work on /Users/noejalabert/airflow_venv/lib/python3.11/site-packages/airflow/example_dags/example_branch_python_dop_operator_3.py
[2024-06-07T16:10:46.716+0200] {processor.py:830} INFO - Processing file /Users/noejalabert/airflow_venv/lib/python3.11/site-packages/airflow/example_dags/example_branch_python_dop_operator_3.py for tasks to queue
[2024-06-07T16:10:46.716+0200] {logging_mixin.py:188} INFO - [2024-06-07T16:10:46.716+0200] {dagbag.py:540} INFO - Filling up the DagBag from /Users/noejalabert/airflow_venv/lib/python3.11/site-packages/airflow/example_dags/example_branch_python_dop_operator_3.py
[2024-06-07T16:10:46.734+0200] {processor.py:840} INFO - DAG(s) 'example_branch_dop_operator_v3' retrieved from /Users/noejalabert/airflow_venv/lib/python3.11/site-packages/airflow/example_dags/example_branch_python_dop_operator_3.py
[2024-06-07T16:10:46.815+0200] {logging_mixin.py:188} INFO - [2024-06-07T16:10:46.815+0200] {dag.py:3096} INFO - Sync 1 DAGs
[2024-06-07T16:10:46.850+0200] {logging_mixin.py:188} INFO - [2024-06-07T16:10:46.850+0200] {dag.py:3954} INFO - Setting next_dagrun for example_branch_dop_operator_v3 to 2024-06-07 14:09:00+00:00, run_after=2024-06-07 14:10:00+00:00
[2024-06-07T16:10:46.858+0200] {processor.py:183} INFO - Processing /Users/noejalabert/airflow_venv/lib/python3.11/site-packages/airflow/example_dags/example_branch_python_dop_operator_3.py took 0.145 seconds
[2024-06-07T16:12:28.336+0200] {processor.py:161} INFO - Started process (PID=31830) to work on /Users/noejalabert/airflow_venv/lib/python3.11/site-packages/airflow/example_dags/example_branch_python_dop_operator_3.py
[2024-06-07T16:12:28.338+0200] {processor.py:830} INFO - Processing file /Users/noejalabert/airflow_venv/lib/python3.11/site-packages/airflow/example_dags/example_branch_python_dop_operator_3.py for tasks to queue
[2024-06-07T16:12:28.338+0200] {logging_mixin.py:188} INFO - [2024-06-07T16:12:28.338+0200] {dagbag.py:540} INFO - Filling up the DagBag from /Users/noejalabert/airflow_venv/lib/python3.11/site-packages/airflow/example_dags/example_branch_python_dop_operator_3.py
[2024-06-07T16:12:28.356+0200] {processor.py:840} INFO - DAG(s) 'example_branch_dop_operator_v3' retrieved from /Users/noejalabert/airflow_venv/lib/python3.11/site-packages/airflow/example_dags/example_branch_python_dop_operator_3.py
[2024-06-07T16:12:28.405+0200] {logging_mixin.py:188} INFO - [2024-06-07T16:12:28.405+0200] {dag.py:3096} INFO - Sync 1 DAGs
[2024-06-07T16:12:28.415+0200] {logging_mixin.py:188} INFO - [2024-06-07T16:12:28.415+0200] {dag.py:3954} INFO - Setting next_dagrun for example_branch_dop_operator_v3 to 2024-06-07 14:11:00+00:00, run_after=2024-06-07 14:12:00+00:00
[2024-06-07T16:12:28.425+0200] {processor.py:183} INFO - Processing /Users/noejalabert/airflow_venv/lib/python3.11/site-packages/airflow/example_dags/example_branch_python_dop_operator_3.py took 0.091 seconds
[2024-06-07T16:14:00.956+0200] {processor.py:161} INFO - Started process (PID=31910) to work on /Users/noejalabert/airflow_venv/lib/python3.11/site-packages/airflow/example_dags/example_branch_python_dop_operator_3.py
[2024-06-07T16:14:00.958+0200] {processor.py:830} INFO - Processing file /Users/noejalabert/airflow_venv/lib/python3.11/site-packages/airflow/example_dags/example_branch_python_dop_operator_3.py for tasks to queue
[2024-06-07T16:14:00.958+0200] {logging_mixin.py:188} INFO - [2024-06-07T16:14:00.958+0200] {dagbag.py:540} INFO - Filling up the DagBag from /Users/noejalabert/airflow_venv/lib/python3.11/site-packages/airflow/example_dags/example_branch_python_dop_operator_3.py
[2024-06-07T16:14:00.977+0200] {processor.py:840} INFO - DAG(s) 'example_branch_dop_operator_v3' retrieved from /Users/noejalabert/airflow_venv/lib/python3.11/site-packages/airflow/example_dags/example_branch_python_dop_operator_3.py
[2024-06-07T16:14:01.024+0200] {logging_mixin.py:188} INFO - [2024-06-07T16:14:01.024+0200] {dag.py:3096} INFO - Sync 1 DAGs
[2024-06-07T16:14:01.032+0200] {logging_mixin.py:188} INFO - [2024-06-07T16:14:01.032+0200] {dag.py:3954} INFO - Setting next_dagrun for example_branch_dop_operator_v3 to 2024-06-07 14:13:00+00:00, run_after=2024-06-07 14:14:00+00:00
[2024-06-07T16:14:01.041+0200] {processor.py:183} INFO - Processing /Users/noejalabert/airflow_venv/lib/python3.11/site-packages/airflow/example_dags/example_branch_python_dop_operator_3.py took 0.086 seconds
[2024-06-07T16:15:33.959+0200] {processor.py:161} INFO - Started process (PID=31994) to work on /Users/noejalabert/airflow_venv/lib/python3.11/site-packages/airflow/example_dags/example_branch_python_dop_operator_3.py
[2024-06-07T16:15:33.960+0200] {processor.py:830} INFO - Processing file /Users/noejalabert/airflow_venv/lib/python3.11/site-packages/airflow/example_dags/example_branch_python_dop_operator_3.py for tasks to queue
[2024-06-07T16:15:33.961+0200] {logging_mixin.py:188} INFO - [2024-06-07T16:15:33.961+0200] {dagbag.py:540} INFO - Filling up the DagBag from /Users/noejalabert/airflow_venv/lib/python3.11/site-packages/airflow/example_dags/example_branch_python_dop_operator_3.py
[2024-06-07T16:15:33.979+0200] {processor.py:840} INFO - DAG(s) 'example_branch_dop_operator_v3' retrieved from /Users/noejalabert/airflow_venv/lib/python3.11/site-packages/airflow/example_dags/example_branch_python_dop_operator_3.py
[2024-06-07T16:15:34.027+0200] {logging_mixin.py:188} INFO - [2024-06-07T16:15:34.027+0200] {dag.py:3096} INFO - Sync 1 DAGs
[2024-06-07T16:15:34.037+0200] {logging_mixin.py:188} INFO - [2024-06-07T16:15:34.037+0200] {dag.py:3954} INFO - Setting next_dagrun for example_branch_dop_operator_v3 to 2024-06-07 14:14:00+00:00, run_after=2024-06-07 14:15:00+00:00
[2024-06-07T16:15:34.045+0200] {processor.py:183} INFO - Processing /Users/noejalabert/airflow_venv/lib/python3.11/site-packages/airflow/example_dags/example_branch_python_dop_operator_3.py took 0.087 seconds
[2024-06-07T16:17:06.352+0200] {processor.py:161} INFO - Started process (PID=32065) to work on /Users/noejalabert/airflow_venv/lib/python3.11/site-packages/airflow/example_dags/example_branch_python_dop_operator_3.py
[2024-06-07T16:17:06.353+0200] {processor.py:830} INFO - Processing file /Users/noejalabert/airflow_venv/lib/python3.11/site-packages/airflow/example_dags/example_branch_python_dop_operator_3.py for tasks to queue
[2024-06-07T16:17:06.353+0200] {logging_mixin.py:188} INFO - [2024-06-07T16:17:06.353+0200] {dagbag.py:540} INFO - Filling up the DagBag from /Users/noejalabert/airflow_venv/lib/python3.11/site-packages/airflow/example_dags/example_branch_python_dop_operator_3.py
[2024-06-07T16:17:06.372+0200] {processor.py:840} INFO - DAG(s) 'example_branch_dop_operator_v3' retrieved from /Users/noejalabert/airflow_venv/lib/python3.11/site-packages/airflow/example_dags/example_branch_python_dop_operator_3.py
[2024-06-07T16:17:06.417+0200] {logging_mixin.py:188} INFO - [2024-06-07T16:17:06.417+0200] {dag.py:3096} INFO - Sync 1 DAGs
[2024-06-07T16:17:06.426+0200] {logging_mixin.py:188} INFO - [2024-06-07T16:17:06.426+0200] {dag.py:3954} INFO - Setting next_dagrun for example_branch_dop_operator_v3 to 2024-06-07 14:16:00+00:00, run_after=2024-06-07 14:17:00+00:00
[2024-06-07T16:17:06.435+0200] {processor.py:183} INFO - Processing /Users/noejalabert/airflow_venv/lib/python3.11/site-packages/airflow/example_dags/example_branch_python_dop_operator_3.py took 0.084 seconds
[2024-06-07T16:18:39.102+0200] {processor.py:161} INFO - Started process (PID=32155) to work on /Users/noejalabert/airflow_venv/lib/python3.11/site-packages/airflow/example_dags/example_branch_python_dop_operator_3.py
[2024-06-07T16:18:39.103+0200] {processor.py:830} INFO - Processing file /Users/noejalabert/airflow_venv/lib/python3.11/site-packages/airflow/example_dags/example_branch_python_dop_operator_3.py for tasks to queue
[2024-06-07T16:18:39.104+0200] {logging_mixin.py:188} INFO - [2024-06-07T16:18:39.103+0200] {dagbag.py:540} INFO - Filling up the DagBag from /Users/noejalabert/airflow_venv/lib/python3.11/site-packages/airflow/example_dags/example_branch_python_dop_operator_3.py
[2024-06-07T16:18:39.122+0200] {processor.py:840} INFO - DAG(s) 'example_branch_dop_operator_v3' retrieved from /Users/noejalabert/airflow_venv/lib/python3.11/site-packages/airflow/example_dags/example_branch_python_dop_operator_3.py
[2024-06-07T16:18:39.169+0200] {logging_mixin.py:188} INFO - [2024-06-07T16:18:39.169+0200] {dag.py:3096} INFO - Sync 1 DAGs
[2024-06-07T16:18:39.179+0200] {logging_mixin.py:188} INFO - [2024-06-07T16:18:39.179+0200] {dag.py:3954} INFO - Setting next_dagrun for example_branch_dop_operator_v3 to 2024-06-07 14:17:00+00:00, run_after=2024-06-07 14:18:00+00:00
[2024-06-07T16:18:39.187+0200] {processor.py:183} INFO - Processing /Users/noejalabert/airflow_venv/lib/python3.11/site-packages/airflow/example_dags/example_branch_python_dop_operator_3.py took 0.087 seconds
[2024-06-07T16:20:07.482+0200] {processor.py:161} INFO - Started process (PID=32227) to work on /Users/noejalabert/airflow_venv/lib/python3.11/site-packages/airflow/example_dags/example_branch_python_dop_operator_3.py
[2024-06-07T16:20:07.483+0200] {processor.py:830} INFO - Processing file /Users/noejalabert/airflow_venv/lib/python3.11/site-packages/airflow/example_dags/example_branch_python_dop_operator_3.py for tasks to queue
[2024-06-07T16:20:07.483+0200] {logging_mixin.py:188} INFO - [2024-06-07T16:20:07.483+0200] {dagbag.py:540} INFO - Filling up the DagBag from /Users/noejalabert/airflow_venv/lib/python3.11/site-packages/airflow/example_dags/example_branch_python_dop_operator_3.py
[2024-06-07T16:20:07.502+0200] {processor.py:840} INFO - DAG(s) 'example_branch_dop_operator_v3' retrieved from /Users/noejalabert/airflow_venv/lib/python3.11/site-packages/airflow/example_dags/example_branch_python_dop_operator_3.py
[2024-06-07T16:20:07.553+0200] {logging_mixin.py:188} INFO - [2024-06-07T16:20:07.553+0200] {dag.py:3096} INFO - Sync 1 DAGs
[2024-06-07T16:20:07.563+0200] {logging_mixin.py:188} INFO - [2024-06-07T16:20:07.563+0200] {dag.py:3954} INFO - Setting next_dagrun for example_branch_dop_operator_v3 to 2024-06-07 14:19:00+00:00, run_after=2024-06-07 14:20:00+00:00
[2024-06-07T16:20:07.572+0200] {processor.py:183} INFO - Processing /Users/noejalabert/airflow_venv/lib/python3.11/site-packages/airflow/example_dags/example_branch_python_dop_operator_3.py took 0.092 seconds
[2024-06-07T16:21:41.224+0200] {processor.py:161} INFO - Started process (PID=32314) to work on /Users/noejalabert/airflow_venv/lib/python3.11/site-packages/airflow/example_dags/example_branch_python_dop_operator_3.py
[2024-06-07T16:21:41.226+0200] {processor.py:830} INFO - Processing file /Users/noejalabert/airflow_venv/lib/python3.11/site-packages/airflow/example_dags/example_branch_python_dop_operator_3.py for tasks to queue
[2024-06-07T16:21:41.226+0200] {logging_mixin.py:188} INFO - [2024-06-07T16:21:41.226+0200] {dagbag.py:540} INFO - Filling up the DagBag from /Users/noejalabert/airflow_venv/lib/python3.11/site-packages/airflow/example_dags/example_branch_python_dop_operator_3.py
[2024-06-07T16:21:41.244+0200] {processor.py:840} INFO - DAG(s) 'example_branch_dop_operator_v3' retrieved from /Users/noejalabert/airflow_venv/lib/python3.11/site-packages/airflow/example_dags/example_branch_python_dop_operator_3.py
[2024-06-07T16:21:41.290+0200] {logging_mixin.py:188} INFO - [2024-06-07T16:21:41.290+0200] {dag.py:3096} INFO - Sync 1 DAGs
[2024-06-07T16:21:41.299+0200] {logging_mixin.py:188} INFO - [2024-06-07T16:21:41.299+0200] {dag.py:3954} INFO - Setting next_dagrun for example_branch_dop_operator_v3 to 2024-06-07 14:20:00+00:00, run_after=2024-06-07 14:21:00+00:00
[2024-06-07T16:21:41.307+0200] {processor.py:183} INFO - Processing /Users/noejalabert/airflow_venv/lib/python3.11/site-packages/airflow/example_dags/example_branch_python_dop_operator_3.py took 0.085 seconds
[2024-06-07T16:23:17.618+0200] {processor.py:161} INFO - Started process (PID=32394) to work on /Users/noejalabert/airflow_venv/lib/python3.11/site-packages/airflow/example_dags/example_branch_python_dop_operator_3.py
[2024-06-07T16:23:17.622+0200] {processor.py:830} INFO - Processing file /Users/noejalabert/airflow_venv/lib/python3.11/site-packages/airflow/example_dags/example_branch_python_dop_operator_3.py for tasks to queue
[2024-06-07T16:23:17.622+0200] {logging_mixin.py:188} INFO - [2024-06-07T16:23:17.622+0200] {dagbag.py:540} INFO - Filling up the DagBag from /Users/noejalabert/airflow_venv/lib/python3.11/site-packages/airflow/example_dags/example_branch_python_dop_operator_3.py
[2024-06-07T16:23:17.644+0200] {processor.py:840} INFO - DAG(s) 'example_branch_dop_operator_v3' retrieved from /Users/noejalabert/airflow_venv/lib/python3.11/site-packages/airflow/example_dags/example_branch_python_dop_operator_3.py
[2024-06-07T16:23:17.695+0200] {logging_mixin.py:188} INFO - [2024-06-07T16:23:17.694+0200] {dag.py:3096} INFO - Sync 1 DAGs
[2024-06-07T16:23:17.705+0200] {logging_mixin.py:188} INFO - [2024-06-07T16:23:17.705+0200] {dag.py:3954} INFO - Setting next_dagrun for example_branch_dop_operator_v3 to 2024-06-07 14:22:00+00:00, run_after=2024-06-07 14:23:00+00:00
[2024-06-07T16:23:17.715+0200] {processor.py:183} INFO - Processing /Users/noejalabert/airflow_venv/lib/python3.11/site-packages/airflow/example_dags/example_branch_python_dop_operator_3.py took 0.098 seconds
[2024-06-07T16:24:50.246+0200] {processor.py:161} INFO - Started process (PID=32468) to work on /Users/noejalabert/airflow_venv/lib/python3.11/site-packages/airflow/example_dags/example_branch_python_dop_operator_3.py
[2024-06-07T16:24:50.247+0200] {processor.py:830} INFO - Processing file /Users/noejalabert/airflow_venv/lib/python3.11/site-packages/airflow/example_dags/example_branch_python_dop_operator_3.py for tasks to queue
[2024-06-07T16:24:50.247+0200] {logging_mixin.py:188} INFO - [2024-06-07T16:24:50.247+0200] {dagbag.py:540} INFO - Filling up the DagBag from /Users/noejalabert/airflow_venv/lib/python3.11/site-packages/airflow/example_dags/example_branch_python_dop_operator_3.py
[2024-06-07T16:24:50.266+0200] {processor.py:840} INFO - DAG(s) 'example_branch_dop_operator_v3' retrieved from /Users/noejalabert/airflow_venv/lib/python3.11/site-packages/airflow/example_dags/example_branch_python_dop_operator_3.py
[2024-06-07T16:24:50.317+0200] {logging_mixin.py:188} INFO - [2024-06-07T16:24:50.317+0200] {dag.py:3096} INFO - Sync 1 DAGs
[2024-06-07T16:24:50.326+0200] {logging_mixin.py:188} INFO - [2024-06-07T16:24:50.326+0200] {dag.py:3954} INFO - Setting next_dagrun for example_branch_dop_operator_v3 to 2024-06-07 14:23:00+00:00, run_after=2024-06-07 14:24:00+00:00
[2024-06-07T16:24:50.335+0200] {processor.py:183} INFO - Processing /Users/noejalabert/airflow_venv/lib/python3.11/site-packages/airflow/example_dags/example_branch_python_dop_operator_3.py took 0.090 seconds
[2024-06-07T16:26:24.111+0200] {processor.py:161} INFO - Started process (PID=32633) to work on /Users/noejalabert/airflow_venv/lib/python3.11/site-packages/airflow/example_dags/example_branch_python_dop_operator_3.py
[2024-06-07T16:26:24.112+0200] {processor.py:830} INFO - Processing file /Users/noejalabert/airflow_venv/lib/python3.11/site-packages/airflow/example_dags/example_branch_python_dop_operator_3.py for tasks to queue
[2024-06-07T16:26:24.112+0200] {logging_mixin.py:188} INFO - [2024-06-07T16:26:24.112+0200] {dagbag.py:540} INFO - Filling up the DagBag from /Users/noejalabert/airflow_venv/lib/python3.11/site-packages/airflow/example_dags/example_branch_python_dop_operator_3.py
[2024-06-07T16:26:24.130+0200] {processor.py:840} INFO - DAG(s) 'example_branch_dop_operator_v3' retrieved from /Users/noejalabert/airflow_venv/lib/python3.11/site-packages/airflow/example_dags/example_branch_python_dop_operator_3.py
[2024-06-07T16:26:24.179+0200] {logging_mixin.py:188} INFO - [2024-06-07T16:26:24.179+0200] {dag.py:3096} INFO - Sync 1 DAGs
[2024-06-07T16:26:24.190+0200] {logging_mixin.py:188} INFO - [2024-06-07T16:26:24.190+0200] {dag.py:3954} INFO - Setting next_dagrun for example_branch_dop_operator_v3 to 2024-06-07 14:25:00+00:00, run_after=2024-06-07 14:26:00+00:00
[2024-06-07T16:26:24.202+0200] {processor.py:183} INFO - Processing /Users/noejalabert/airflow_venv/lib/python3.11/site-packages/airflow/example_dags/example_branch_python_dop_operator_3.py took 0.093 seconds
[2024-06-07T16:27:51.055+0200] {processor.py:161} INFO - Started process (PID=32722) to work on /Users/noejalabert/airflow_venv/lib/python3.11/site-packages/airflow/example_dags/example_branch_python_dop_operator_3.py
[2024-06-07T16:27:51.056+0200] {processor.py:830} INFO - Processing file /Users/noejalabert/airflow_venv/lib/python3.11/site-packages/airflow/example_dags/example_branch_python_dop_operator_3.py for tasks to queue
[2024-06-07T16:27:51.056+0200] {logging_mixin.py:188} INFO - [2024-06-07T16:27:51.056+0200] {dagbag.py:540} INFO - Filling up the DagBag from /Users/noejalabert/airflow_venv/lib/python3.11/site-packages/airflow/example_dags/example_branch_python_dop_operator_3.py
[2024-06-07T16:27:51.074+0200] {processor.py:840} INFO - DAG(s) 'example_branch_dop_operator_v3' retrieved from /Users/noejalabert/airflow_venv/lib/python3.11/site-packages/airflow/example_dags/example_branch_python_dop_operator_3.py
[2024-06-07T16:27:51.119+0200] {logging_mixin.py:188} INFO - [2024-06-07T16:27:51.119+0200] {dag.py:3096} INFO - Sync 1 DAGs
[2024-06-07T16:27:51.128+0200] {logging_mixin.py:188} INFO - [2024-06-07T16:27:51.128+0200] {dag.py:3954} INFO - Setting next_dagrun for example_branch_dop_operator_v3 to 2024-06-07 14:26:00+00:00, run_after=2024-06-07 14:27:00+00:00
[2024-06-07T16:27:51.136+0200] {processor.py:183} INFO - Processing /Users/noejalabert/airflow_venv/lib/python3.11/site-packages/airflow/example_dags/example_branch_python_dop_operator_3.py took 0.083 seconds
[2024-06-07T16:29:23.726+0200] {processor.py:161} INFO - Started process (PID=32803) to work on /Users/noejalabert/airflow_venv/lib/python3.11/site-packages/airflow/example_dags/example_branch_python_dop_operator_3.py
[2024-06-07T16:29:23.727+0200] {processor.py:830} INFO - Processing file /Users/noejalabert/airflow_venv/lib/python3.11/site-packages/airflow/example_dags/example_branch_python_dop_operator_3.py for tasks to queue
[2024-06-07T16:29:23.728+0200] {logging_mixin.py:188} INFO - [2024-06-07T16:29:23.728+0200] {dagbag.py:540} INFO - Filling up the DagBag from /Users/noejalabert/airflow_venv/lib/python3.11/site-packages/airflow/example_dags/example_branch_python_dop_operator_3.py
[2024-06-07T16:29:23.749+0200] {processor.py:840} INFO - DAG(s) 'example_branch_dop_operator_v3' retrieved from /Users/noejalabert/airflow_venv/lib/python3.11/site-packages/airflow/example_dags/example_branch_python_dop_operator_3.py
[2024-06-07T16:29:23.796+0200] {logging_mixin.py:188} INFO - [2024-06-07T16:29:23.796+0200] {dag.py:3096} INFO - Sync 1 DAGs
[2024-06-07T16:29:23.804+0200] {logging_mixin.py:188} INFO - [2024-06-07T16:29:23.804+0200] {dag.py:3954} INFO - Setting next_dagrun for example_branch_dop_operator_v3 to 2024-06-07 14:28:00+00:00, run_after=2024-06-07 14:29:00+00:00
[2024-06-07T16:29:23.813+0200] {processor.py:183} INFO - Processing /Users/noejalabert/airflow_venv/lib/python3.11/site-packages/airflow/example_dags/example_branch_python_dop_operator_3.py took 0.088 seconds
[2024-06-07T16:30:59.412+0200] {processor.py:161} INFO - Started process (PID=32892) to work on /Users/noejalabert/airflow_venv/lib/python3.11/site-packages/airflow/example_dags/example_branch_python_dop_operator_3.py
[2024-06-07T16:30:59.413+0200] {processor.py:830} INFO - Processing file /Users/noejalabert/airflow_venv/lib/python3.11/site-packages/airflow/example_dags/example_branch_python_dop_operator_3.py for tasks to queue
[2024-06-07T16:30:59.413+0200] {logging_mixin.py:188} INFO - [2024-06-07T16:30:59.413+0200] {dagbag.py:540} INFO - Filling up the DagBag from /Users/noejalabert/airflow_venv/lib/python3.11/site-packages/airflow/example_dags/example_branch_python_dop_operator_3.py
[2024-06-07T16:30:59.432+0200] {processor.py:840} INFO - DAG(s) 'example_branch_dop_operator_v3' retrieved from /Users/noejalabert/airflow_venv/lib/python3.11/site-packages/airflow/example_dags/example_branch_python_dop_operator_3.py
[2024-06-07T16:30:59.478+0200] {logging_mixin.py:188} INFO - [2024-06-07T16:30:59.478+0200] {dag.py:3096} INFO - Sync 1 DAGs
[2024-06-07T16:30:59.487+0200] {logging_mixin.py:188} INFO - [2024-06-07T16:30:59.487+0200] {dag.py:3954} INFO - Setting next_dagrun for example_branch_dop_operator_v3 to 2024-06-07 14:29:00+00:00, run_after=2024-06-07 14:30:00+00:00
[2024-06-07T16:30:59.495+0200] {processor.py:183} INFO - Processing /Users/noejalabert/airflow_venv/lib/python3.11/site-packages/airflow/example_dags/example_branch_python_dop_operator_3.py took 0.085 seconds
[2024-06-07T16:32:29.220+0200] {processor.py:161} INFO - Started process (PID=32971) to work on /Users/noejalabert/airflow_venv/lib/python3.11/site-packages/airflow/example_dags/example_branch_python_dop_operator_3.py
[2024-06-07T16:32:29.222+0200] {processor.py:830} INFO - Processing file /Users/noejalabert/airflow_venv/lib/python3.11/site-packages/airflow/example_dags/example_branch_python_dop_operator_3.py for tasks to queue
[2024-06-07T16:32:29.222+0200] {logging_mixin.py:188} INFO - [2024-06-07T16:32:29.222+0200] {dagbag.py:540} INFO - Filling up the DagBag from /Users/noejalabert/airflow_venv/lib/python3.11/site-packages/airflow/example_dags/example_branch_python_dop_operator_3.py
[2024-06-07T16:32:29.239+0200] {processor.py:840} INFO - DAG(s) 'example_branch_dop_operator_v3' retrieved from /Users/noejalabert/airflow_venv/lib/python3.11/site-packages/airflow/example_dags/example_branch_python_dop_operator_3.py
[2024-06-07T16:32:29.285+0200] {logging_mixin.py:188} INFO - [2024-06-07T16:32:29.285+0200] {dag.py:3096} INFO - Sync 1 DAGs
[2024-06-07T16:32:29.293+0200] {logging_mixin.py:188} INFO - [2024-06-07T16:32:29.293+0200] {dag.py:3954} INFO - Setting next_dagrun for example_branch_dop_operator_v3 to 2024-06-07 14:31:00+00:00, run_after=2024-06-07 14:32:00+00:00
[2024-06-07T16:32:29.302+0200] {processor.py:183} INFO - Processing /Users/noejalabert/airflow_venv/lib/python3.11/site-packages/airflow/example_dags/example_branch_python_dop_operator_3.py took 0.083 seconds
[2024-06-07T16:34:03.533+0200] {processor.py:161} INFO - Started process (PID=33058) to work on /Users/noejalabert/airflow_venv/lib/python3.11/site-packages/airflow/example_dags/example_branch_python_dop_operator_3.py
[2024-06-07T16:34:03.535+0200] {processor.py:830} INFO - Processing file /Users/noejalabert/airflow_venv/lib/python3.11/site-packages/airflow/example_dags/example_branch_python_dop_operator_3.py for tasks to queue
[2024-06-07T16:34:03.535+0200] {logging_mixin.py:188} INFO - [2024-06-07T16:34:03.535+0200] {dagbag.py:540} INFO - Filling up the DagBag from /Users/noejalabert/airflow_venv/lib/python3.11/site-packages/airflow/example_dags/example_branch_python_dop_operator_3.py
[2024-06-07T16:34:03.557+0200] {processor.py:840} INFO - DAG(s) 'example_branch_dop_operator_v3' retrieved from /Users/noejalabert/airflow_venv/lib/python3.11/site-packages/airflow/example_dags/example_branch_python_dop_operator_3.py
[2024-06-07T16:34:03.613+0200] {logging_mixin.py:188} INFO - [2024-06-07T16:34:03.613+0200] {dag.py:3096} INFO - Sync 1 DAGs
[2024-06-07T16:34:03.626+0200] {logging_mixin.py:188} INFO - [2024-06-07T16:34:03.626+0200] {dag.py:3954} INFO - Setting next_dagrun for example_branch_dop_operator_v3 to 2024-06-07 14:33:00+00:00, run_after=2024-06-07 14:34:00+00:00
[2024-06-07T16:34:03.635+0200] {processor.py:183} INFO - Processing /Users/noejalabert/airflow_venv/lib/python3.11/site-packages/airflow/example_dags/example_branch_python_dop_operator_3.py took 0.104 seconds
[2024-06-07T16:35:50.029+0200] {processor.py:161} INFO - Started process (PID=33181) to work on /Users/noejalabert/airflow_venv/lib/python3.11/site-packages/airflow/example_dags/example_branch_python_dop_operator_3.py
[2024-06-07T16:35:50.030+0200] {processor.py:830} INFO - Processing file /Users/noejalabert/airflow_venv/lib/python3.11/site-packages/airflow/example_dags/example_branch_python_dop_operator_3.py for tasks to queue
[2024-06-07T16:35:50.030+0200] {logging_mixin.py:188} INFO - [2024-06-07T16:35:50.030+0200] {dagbag.py:540} INFO - Filling up the DagBag from /Users/noejalabert/airflow_venv/lib/python3.11/site-packages/airflow/example_dags/example_branch_python_dop_operator_3.py
[2024-06-07T16:35:50.051+0200] {processor.py:840} INFO - DAG(s) 'example_branch_dop_operator_v3' retrieved from /Users/noejalabert/airflow_venv/lib/python3.11/site-packages/airflow/example_dags/example_branch_python_dop_operator_3.py
[2024-06-07T16:35:50.104+0200] {logging_mixin.py:188} INFO - [2024-06-07T16:35:50.104+0200] {dag.py:3096} INFO - Sync 1 DAGs
[2024-06-07T16:35:50.114+0200] {logging_mixin.py:188} INFO - [2024-06-07T16:35:50.114+0200] {dag.py:3954} INFO - Setting next_dagrun for example_branch_dop_operator_v3 to 2024-06-07 14:34:00+00:00, run_after=2024-06-07 14:35:00+00:00
[2024-06-07T16:35:50.127+0200] {processor.py:183} INFO - Processing /Users/noejalabert/airflow_venv/lib/python3.11/site-packages/airflow/example_dags/example_branch_python_dop_operator_3.py took 0.099 seconds
[2024-06-07T16:37:35.074+0200] {processor.py:161} INFO - Started process (PID=33313) to work on /Users/noejalabert/airflow_venv/lib/python3.11/site-packages/airflow/example_dags/example_branch_python_dop_operator_3.py
[2024-06-07T16:37:35.075+0200] {processor.py:830} INFO - Processing file /Users/noejalabert/airflow_venv/lib/python3.11/site-packages/airflow/example_dags/example_branch_python_dop_operator_3.py for tasks to queue
[2024-06-07T16:37:35.075+0200] {logging_mixin.py:188} INFO - [2024-06-07T16:37:35.075+0200] {dagbag.py:540} INFO - Filling up the DagBag from /Users/noejalabert/airflow_venv/lib/python3.11/site-packages/airflow/example_dags/example_branch_python_dop_operator_3.py
[2024-06-07T16:37:35.098+0200] {processor.py:840} INFO - DAG(s) 'example_branch_dop_operator_v3' retrieved from /Users/noejalabert/airflow_venv/lib/python3.11/site-packages/airflow/example_dags/example_branch_python_dop_operator_3.py
[2024-06-07T16:37:35.158+0200] {logging_mixin.py:188} INFO - [2024-06-07T16:37:35.158+0200] {dag.py:3096} INFO - Sync 1 DAGs
[2024-06-07T16:37:35.168+0200] {logging_mixin.py:188} INFO - [2024-06-07T16:37:35.167+0200] {dag.py:3954} INFO - Setting next_dagrun for example_branch_dop_operator_v3 to 2024-06-07 14:36:00+00:00, run_after=2024-06-07 14:37:00+00:00
[2024-06-07T16:37:35.178+0200] {processor.py:183} INFO - Processing /Users/noejalabert/airflow_venv/lib/python3.11/site-packages/airflow/example_dags/example_branch_python_dop_operator_3.py took 0.106 seconds
[2024-06-07T16:39:14.928+0200] {processor.py:161} INFO - Started process (PID=33421) to work on /Users/noejalabert/airflow_venv/lib/python3.11/site-packages/airflow/example_dags/example_branch_python_dop_operator_3.py
[2024-06-07T16:39:14.930+0200] {processor.py:830} INFO - Processing file /Users/noejalabert/airflow_venv/lib/python3.11/site-packages/airflow/example_dags/example_branch_python_dop_operator_3.py for tasks to queue
[2024-06-07T16:39:14.930+0200] {logging_mixin.py:188} INFO - [2024-06-07T16:39:14.930+0200] {dagbag.py:540} INFO - Filling up the DagBag from /Users/noejalabert/airflow_venv/lib/python3.11/site-packages/airflow/example_dags/example_branch_python_dop_operator_3.py
[2024-06-07T16:39:14.954+0200] {processor.py:840} INFO - DAG(s) 'example_branch_dop_operator_v3' retrieved from /Users/noejalabert/airflow_venv/lib/python3.11/site-packages/airflow/example_dags/example_branch_python_dop_operator_3.py
[2024-06-07T16:39:15.015+0200] {logging_mixin.py:188} INFO - [2024-06-07T16:39:15.015+0200] {dag.py:3096} INFO - Sync 1 DAGs
[2024-06-07T16:39:15.025+0200] {logging_mixin.py:188} INFO - [2024-06-07T16:39:15.025+0200] {dag.py:3954} INFO - Setting next_dagrun for example_branch_dop_operator_v3 to 2024-06-07 14:38:00+00:00, run_after=2024-06-07 14:39:00+00:00
[2024-06-07T16:39:15.035+0200] {processor.py:183} INFO - Processing /Users/noejalabert/airflow_venv/lib/python3.11/site-packages/airflow/example_dags/example_branch_python_dop_operator_3.py took 0.108 seconds
[2024-06-07T16:40:56.747+0200] {processor.py:161} INFO - Started process (PID=33537) to work on /Users/noejalabert/airflow_venv/lib/python3.11/site-packages/airflow/example_dags/example_branch_python_dop_operator_3.py
[2024-06-07T16:40:56.748+0200] {processor.py:830} INFO - Processing file /Users/noejalabert/airflow_venv/lib/python3.11/site-packages/airflow/example_dags/example_branch_python_dop_operator_3.py for tasks to queue
[2024-06-07T16:40:56.748+0200] {logging_mixin.py:188} INFO - [2024-06-07T16:40:56.748+0200] {dagbag.py:540} INFO - Filling up the DagBag from /Users/noejalabert/airflow_venv/lib/python3.11/site-packages/airflow/example_dags/example_branch_python_dop_operator_3.py
[2024-06-07T16:40:56.770+0200] {processor.py:840} INFO - DAG(s) 'example_branch_dop_operator_v3' retrieved from /Users/noejalabert/airflow_venv/lib/python3.11/site-packages/airflow/example_dags/example_branch_python_dop_operator_3.py
[2024-06-07T16:40:56.829+0200] {logging_mixin.py:188} INFO - [2024-06-07T16:40:56.829+0200] {dag.py:3096} INFO - Sync 1 DAGs
[2024-06-07T16:40:56.838+0200] {logging_mixin.py:188} INFO - [2024-06-07T16:40:56.838+0200] {dag.py:3954} INFO - Setting next_dagrun for example_branch_dop_operator_v3 to 2024-06-07 14:39:00+00:00, run_after=2024-06-07 14:40:00+00:00
[2024-06-07T16:40:56.847+0200] {processor.py:183} INFO - Processing /Users/noejalabert/airflow_venv/lib/python3.11/site-packages/airflow/example_dags/example_branch_python_dop_operator_3.py took 0.102 seconds
[2024-06-07T16:42:37.276+0200] {processor.py:161} INFO - Started process (PID=33671) to work on /Users/noejalabert/airflow_venv/lib/python3.11/site-packages/airflow/example_dags/example_branch_python_dop_operator_3.py
[2024-06-07T16:42:37.277+0200] {processor.py:830} INFO - Processing file /Users/noejalabert/airflow_venv/lib/python3.11/site-packages/airflow/example_dags/example_branch_python_dop_operator_3.py for tasks to queue
[2024-06-07T16:42:37.277+0200] {logging_mixin.py:188} INFO - [2024-06-07T16:42:37.277+0200] {dagbag.py:540} INFO - Filling up the DagBag from /Users/noejalabert/airflow_venv/lib/python3.11/site-packages/airflow/example_dags/example_branch_python_dop_operator_3.py
[2024-06-07T16:42:37.385+0200] {processor.py:840} INFO - DAG(s) 'example_branch_dop_operator_v3' retrieved from /Users/noejalabert/airflow_venv/lib/python3.11/site-packages/airflow/example_dags/example_branch_python_dop_operator_3.py
[2024-06-07T16:42:37.455+0200] {logging_mixin.py:188} INFO - [2024-06-07T16:42:37.455+0200] {dag.py:3096} INFO - Sync 1 DAGs
[2024-06-07T16:42:37.465+0200] {logging_mixin.py:188} INFO - [2024-06-07T16:42:37.465+0200] {dag.py:3954} INFO - Setting next_dagrun for example_branch_dop_operator_v3 to 2024-06-07 14:41:00+00:00, run_after=2024-06-07 14:42:00+00:00
[2024-06-07T16:42:37.477+0200] {processor.py:183} INFO - Processing /Users/noejalabert/airflow_venv/lib/python3.11/site-packages/airflow/example_dags/example_branch_python_dop_operator_3.py took 0.202 seconds
[2024-06-07T16:44:15.417+0200] {processor.py:161} INFO - Started process (PID=33773) to work on /Users/noejalabert/airflow_venv/lib/python3.11/site-packages/airflow/example_dags/example_branch_python_dop_operator_3.py
[2024-06-07T16:44:15.418+0200] {processor.py:830} INFO - Processing file /Users/noejalabert/airflow_venv/lib/python3.11/site-packages/airflow/example_dags/example_branch_python_dop_operator_3.py for tasks to queue
[2024-06-07T16:44:15.418+0200] {logging_mixin.py:188} INFO - [2024-06-07T16:44:15.418+0200] {dagbag.py:540} INFO - Filling up the DagBag from /Users/noejalabert/airflow_venv/lib/python3.11/site-packages/airflow/example_dags/example_branch_python_dop_operator_3.py
[2024-06-07T16:44:15.438+0200] {processor.py:840} INFO - DAG(s) 'example_branch_dop_operator_v3' retrieved from /Users/noejalabert/airflow_venv/lib/python3.11/site-packages/airflow/example_dags/example_branch_python_dop_operator_3.py
[2024-06-07T16:44:15.491+0200] {logging_mixin.py:188} INFO - [2024-06-07T16:44:15.490+0200] {dag.py:3096} INFO - Sync 1 DAGs
[2024-06-07T16:44:15.500+0200] {logging_mixin.py:188} INFO - [2024-06-07T16:44:15.500+0200] {dag.py:3954} INFO - Setting next_dagrun for example_branch_dop_operator_v3 to 2024-06-07 14:43:00+00:00, run_after=2024-06-07 14:44:00+00:00
[2024-06-07T16:44:15.509+0200] {processor.py:183} INFO - Processing /Users/noejalabert/airflow_venv/lib/python3.11/site-packages/airflow/example_dags/example_branch_python_dop_operator_3.py took 0.094 seconds
[2024-06-07T16:45:58.772+0200] {processor.py:161} INFO - Started process (PID=33895) to work on /Users/noejalabert/airflow_venv/lib/python3.11/site-packages/airflow/example_dags/example_branch_python_dop_operator_3.py
[2024-06-07T16:45:58.774+0200] {processor.py:830} INFO - Processing file /Users/noejalabert/airflow_venv/lib/python3.11/site-packages/airflow/example_dags/example_branch_python_dop_operator_3.py for tasks to queue
[2024-06-07T16:45:58.774+0200] {logging_mixin.py:188} INFO - [2024-06-07T16:45:58.774+0200] {dagbag.py:540} INFO - Filling up the DagBag from /Users/noejalabert/airflow_venv/lib/python3.11/site-packages/airflow/example_dags/example_branch_python_dop_operator_3.py
[2024-06-07T16:45:58.795+0200] {processor.py:840} INFO - DAG(s) 'example_branch_dop_operator_v3' retrieved from /Users/noejalabert/airflow_venv/lib/python3.11/site-packages/airflow/example_dags/example_branch_python_dop_operator_3.py
[2024-06-07T16:45:58.853+0200] {logging_mixin.py:188} INFO - [2024-06-07T16:45:58.853+0200] {dag.py:3096} INFO - Sync 1 DAGs
[2024-06-07T16:45:58.864+0200] {logging_mixin.py:188} INFO - [2024-06-07T16:45:58.864+0200] {dag.py:3954} INFO - Setting next_dagrun for example_branch_dop_operator_v3 to 2024-06-07 14:44:00+00:00, run_after=2024-06-07 14:45:00+00:00
[2024-06-07T16:45:58.876+0200] {processor.py:183} INFO - Processing /Users/noejalabert/airflow_venv/lib/python3.11/site-packages/airflow/example_dags/example_branch_python_dop_operator_3.py took 0.107 seconds
[2024-06-07T16:47:42.827+0200] {processor.py:161} INFO - Started process (PID=34002) to work on /Users/noejalabert/airflow_venv/lib/python3.11/site-packages/airflow/example_dags/example_branch_python_dop_operator_3.py
[2024-06-07T16:47:42.829+0200] {processor.py:830} INFO - Processing file /Users/noejalabert/airflow_venv/lib/python3.11/site-packages/airflow/example_dags/example_branch_python_dop_operator_3.py for tasks to queue
[2024-06-07T16:47:42.829+0200] {logging_mixin.py:188} INFO - [2024-06-07T16:47:42.829+0200] {dagbag.py:540} INFO - Filling up the DagBag from /Users/noejalabert/airflow_venv/lib/python3.11/site-packages/airflow/example_dags/example_branch_python_dop_operator_3.py
[2024-06-07T16:47:42.851+0200] {processor.py:840} INFO - DAG(s) 'example_branch_dop_operator_v3' retrieved from /Users/noejalabert/airflow_venv/lib/python3.11/site-packages/airflow/example_dags/example_branch_python_dop_operator_3.py
[2024-06-07T16:47:42.906+0200] {logging_mixin.py:188} INFO - [2024-06-07T16:47:42.906+0200] {dag.py:3096} INFO - Sync 1 DAGs
[2024-06-07T16:47:42.916+0200] {logging_mixin.py:188} INFO - [2024-06-07T16:47:42.916+0200] {dag.py:3954} INFO - Setting next_dagrun for example_branch_dop_operator_v3 to 2024-06-07 14:46:00+00:00, run_after=2024-06-07 14:47:00+00:00
[2024-06-07T16:47:42.927+0200] {processor.py:183} INFO - Processing /Users/noejalabert/airflow_venv/lib/python3.11/site-packages/airflow/example_dags/example_branch_python_dop_operator_3.py took 0.102 seconds
[2024-06-07T16:49:27.104+0200] {processor.py:161} INFO - Started process (PID=34154) to work on /Users/noejalabert/airflow_venv/lib/python3.11/site-packages/airflow/example_dags/example_branch_python_dop_operator_3.py
[2024-06-07T16:49:27.104+0200] {processor.py:830} INFO - Processing file /Users/noejalabert/airflow_venv/lib/python3.11/site-packages/airflow/example_dags/example_branch_python_dop_operator_3.py for tasks to queue
[2024-06-07T16:49:27.105+0200] {logging_mixin.py:188} INFO - [2024-06-07T16:49:27.105+0200] {dagbag.py:540} INFO - Filling up the DagBag from /Users/noejalabert/airflow_venv/lib/python3.11/site-packages/airflow/example_dags/example_branch_python_dop_operator_3.py
[2024-06-07T16:49:27.125+0200] {processor.py:840} INFO - DAG(s) 'example_branch_dop_operator_v3' retrieved from /Users/noejalabert/airflow_venv/lib/python3.11/site-packages/airflow/example_dags/example_branch_python_dop_operator_3.py
[2024-06-07T16:49:27.174+0200] {logging_mixin.py:188} INFO - [2024-06-07T16:49:27.173+0200] {dag.py:3096} INFO - Sync 1 DAGs
[2024-06-07T16:49:27.186+0200] {logging_mixin.py:188} INFO - [2024-06-07T16:49:27.186+0200] {dag.py:3954} INFO - Setting next_dagrun for example_branch_dop_operator_v3 to 2024-06-07 14:48:00+00:00, run_after=2024-06-07 14:49:00+00:00
[2024-06-07T16:49:27.195+0200] {processor.py:183} INFO - Processing /Users/noejalabert/airflow_venv/lib/python3.11/site-packages/airflow/example_dags/example_branch_python_dop_operator_3.py took 0.093 seconds
[2024-06-07T16:51:10.604+0200] {processor.py:161} INFO - Started process (PID=34260) to work on /Users/noejalabert/airflow_venv/lib/python3.11/site-packages/airflow/example_dags/example_branch_python_dop_operator_3.py
[2024-06-07T16:51:10.604+0200] {processor.py:830} INFO - Processing file /Users/noejalabert/airflow_venv/lib/python3.11/site-packages/airflow/example_dags/example_branch_python_dop_operator_3.py for tasks to queue
[2024-06-07T16:51:10.605+0200] {logging_mixin.py:188} INFO - [2024-06-07T16:51:10.605+0200] {dagbag.py:540} INFO - Filling up the DagBag from /Users/noejalabert/airflow_venv/lib/python3.11/site-packages/airflow/example_dags/example_branch_python_dop_operator_3.py
[2024-06-07T16:51:10.624+0200] {processor.py:840} INFO - DAG(s) 'example_branch_dop_operator_v3' retrieved from /Users/noejalabert/airflow_venv/lib/python3.11/site-packages/airflow/example_dags/example_branch_python_dop_operator_3.py
[2024-06-07T16:51:10.675+0200] {logging_mixin.py:188} INFO - [2024-06-07T16:51:10.675+0200] {dag.py:3096} INFO - Sync 1 DAGs
[2024-06-07T16:51:10.685+0200] {logging_mixin.py:188} INFO - [2024-06-07T16:51:10.685+0200] {dag.py:3954} INFO - Setting next_dagrun for example_branch_dop_operator_v3 to 2024-06-07 14:50:00+00:00, run_after=2024-06-07 14:51:00+00:00
[2024-06-07T16:51:10.695+0200] {processor.py:183} INFO - Processing /Users/noejalabert/airflow_venv/lib/python3.11/site-packages/airflow/example_dags/example_branch_python_dop_operator_3.py took 0.094 seconds
[2024-06-07T16:52:54.787+0200] {processor.py:161} INFO - Started process (PID=34365) to work on /Users/noejalabert/airflow_venv/lib/python3.11/site-packages/airflow/example_dags/example_branch_python_dop_operator_3.py
[2024-06-07T16:52:54.788+0200] {processor.py:830} INFO - Processing file /Users/noejalabert/airflow_venv/lib/python3.11/site-packages/airflow/example_dags/example_branch_python_dop_operator_3.py for tasks to queue
[2024-06-07T16:52:54.788+0200] {logging_mixin.py:188} INFO - [2024-06-07T16:52:54.788+0200] {dagbag.py:540} INFO - Filling up the DagBag from /Users/noejalabert/airflow_venv/lib/python3.11/site-packages/airflow/example_dags/example_branch_python_dop_operator_3.py
[2024-06-07T16:52:54.806+0200] {processor.py:840} INFO - DAG(s) 'example_branch_dop_operator_v3' retrieved from /Users/noejalabert/airflow_venv/lib/python3.11/site-packages/airflow/example_dags/example_branch_python_dop_operator_3.py
[2024-06-07T16:52:54.856+0200] {logging_mixin.py:188} INFO - [2024-06-07T16:52:54.855+0200] {dag.py:3096} INFO - Sync 1 DAGs
[2024-06-07T16:52:54.864+0200] {logging_mixin.py:188} INFO - [2024-06-07T16:52:54.864+0200] {dag.py:3954} INFO - Setting next_dagrun for example_branch_dop_operator_v3 to 2024-06-07 14:51:00+00:00, run_after=2024-06-07 14:52:00+00:00
[2024-06-07T16:52:54.873+0200] {processor.py:183} INFO - Processing /Users/noejalabert/airflow_venv/lib/python3.11/site-packages/airflow/example_dags/example_branch_python_dop_operator_3.py took 0.087 seconds
[2024-06-07T16:54:31.999+0200] {processor.py:161} INFO - Started process (PID=34473) to work on /Users/noejalabert/airflow_venv/lib/python3.11/site-packages/airflow/example_dags/example_branch_python_dop_operator_3.py
[2024-06-07T16:54:32.000+0200] {processor.py:830} INFO - Processing file /Users/noejalabert/airflow_venv/lib/python3.11/site-packages/airflow/example_dags/example_branch_python_dop_operator_3.py for tasks to queue
[2024-06-07T16:54:32.001+0200] {logging_mixin.py:188} INFO - [2024-06-07T16:54:32.000+0200] {dagbag.py:540} INFO - Filling up the DagBag from /Users/noejalabert/airflow_venv/lib/python3.11/site-packages/airflow/example_dags/example_branch_python_dop_operator_3.py
[2024-06-07T16:54:32.018+0200] {processor.py:840} INFO - DAG(s) 'example_branch_dop_operator_v3' retrieved from /Users/noejalabert/airflow_venv/lib/python3.11/site-packages/airflow/example_dags/example_branch_python_dop_operator_3.py
[2024-06-07T16:54:32.064+0200] {logging_mixin.py:188} INFO - [2024-06-07T16:54:32.064+0200] {dag.py:3096} INFO - Sync 1 DAGs
[2024-06-07T16:54:32.073+0200] {logging_mixin.py:188} INFO - [2024-06-07T16:54:32.073+0200] {dag.py:3954} INFO - Setting next_dagrun for example_branch_dop_operator_v3 to 2024-06-07 14:53:00+00:00, run_after=2024-06-07 14:54:00+00:00
[2024-06-07T16:54:32.082+0200] {processor.py:183} INFO - Processing /Users/noejalabert/airflow_venv/lib/python3.11/site-packages/airflow/example_dags/example_branch_python_dop_operator_3.py took 0.085 seconds
[2024-06-07T16:56:07.988+0200] {processor.py:161} INFO - Started process (PID=34586) to work on /Users/noejalabert/airflow_venv/lib/python3.11/site-packages/airflow/example_dags/example_branch_python_dop_operator_3.py
[2024-06-07T16:56:07.989+0200] {processor.py:830} INFO - Processing file /Users/noejalabert/airflow_venv/lib/python3.11/site-packages/airflow/example_dags/example_branch_python_dop_operator_3.py for tasks to queue
[2024-06-07T16:56:07.989+0200] {logging_mixin.py:188} INFO - [2024-06-07T16:56:07.989+0200] {dagbag.py:540} INFO - Filling up the DagBag from /Users/noejalabert/airflow_venv/lib/python3.11/site-packages/airflow/example_dags/example_branch_python_dop_operator_3.py
[2024-06-07T16:56:08.021+0200] {processor.py:840} INFO - DAG(s) 'example_branch_dop_operator_v3' retrieved from /Users/noejalabert/airflow_venv/lib/python3.11/site-packages/airflow/example_dags/example_branch_python_dop_operator_3.py
[2024-06-07T16:56:08.074+0200] {logging_mixin.py:188} INFO - [2024-06-07T16:56:08.074+0200] {dag.py:3096} INFO - Sync 1 DAGs
[2024-06-07T16:56:08.084+0200] {logging_mixin.py:188} INFO - [2024-06-07T16:56:08.083+0200] {dag.py:3954} INFO - Setting next_dagrun for example_branch_dop_operator_v3 to 2024-06-07 14:55:00+00:00, run_after=2024-06-07 14:56:00+00:00
[2024-06-07T16:56:08.093+0200] {processor.py:183} INFO - Processing /Users/noejalabert/airflow_venv/lib/python3.11/site-packages/airflow/example_dags/example_branch_python_dop_operator_3.py took 0.108 seconds
