[2024-06-07T16:10:06.168+0200] {processor.py:161} INFO - Started process (PID=31701) to work on /Users/noejalabert/airflow_venv/lib/python3.11/site-packages/airflow/example_dags/example_short_circuit_decorator.py
[2024-06-07T16:10:06.168+0200] {processor.py:830} INFO - Processing file /Users/noejalabert/airflow_venv/lib/python3.11/site-packages/airflow/example_dags/example_short_circuit_decorator.py for tasks to queue
[2024-06-07T16:10:06.169+0200] {logging_mixin.py:188} INFO - [2024-06-07T16:10:06.169+0200] {dagbag.py:540} INFO - Filling up the DagBag from /Users/noejalabert/airflow_venv/lib/python3.11/site-packages/airflow/example_dags/example_short_circuit_decorator.py
[2024-06-07T16:10:06.188+0200] {processor.py:840} INFO - DAG(s) 'example_short_circuit_decorator' retrieved from /Users/noejalabert/airflow_venv/lib/python3.11/site-packages/airflow/example_dags/example_short_circuit_decorator.py
[2024-06-07T16:10:06.273+0200] {logging_mixin.py:188} INFO - [2024-06-07T16:10:06.273+0200] {dag.py:3096} INFO - Sync 1 DAGs
[2024-06-07T16:10:06.307+0200] {logging_mixin.py:188} INFO - [2024-06-07T16:10:06.307+0200] {dag.py:3954} INFO - Setting next_dagrun for example_short_circuit_decorator to 2024-06-06 00:00:00+00:00, run_after=2024-06-07 00:00:00+00:00
[2024-06-07T16:10:06.315+0200] {processor.py:183} INFO - Processing /Users/noejalabert/airflow_venv/lib/python3.11/site-packages/airflow/example_dags/example_short_circuit_decorator.py took 0.149 seconds
[2024-06-07T16:11:44.136+0200] {processor.py:161} INFO - Started process (PID=31783) to work on /Users/noejalabert/airflow_venv/lib/python3.11/site-packages/airflow/example_dags/example_short_circuit_decorator.py
[2024-06-07T16:11:44.138+0200] {processor.py:830} INFO - Processing file /Users/noejalabert/airflow_venv/lib/python3.11/site-packages/airflow/example_dags/example_short_circuit_decorator.py for tasks to queue
[2024-06-07T16:11:44.138+0200] {logging_mixin.py:188} INFO - [2024-06-07T16:11:44.138+0200] {dagbag.py:540} INFO - Filling up the DagBag from /Users/noejalabert/airflow_venv/lib/python3.11/site-packages/airflow/example_dags/example_short_circuit_decorator.py
[2024-06-07T16:11:44.156+0200] {processor.py:840} INFO - DAG(s) 'example_short_circuit_decorator' retrieved from /Users/noejalabert/airflow_venv/lib/python3.11/site-packages/airflow/example_dags/example_short_circuit_decorator.py
[2024-06-07T16:11:44.202+0200] {logging_mixin.py:188} INFO - [2024-06-07T16:11:44.202+0200] {dag.py:3096} INFO - Sync 1 DAGs
[2024-06-07T16:11:44.209+0200] {logging_mixin.py:188} INFO - [2024-06-07T16:11:44.209+0200] {dag.py:3954} INFO - Setting next_dagrun for example_short_circuit_decorator to 2024-06-06 00:00:00+00:00, run_after=2024-06-07 00:00:00+00:00
[2024-06-07T16:11:44.218+0200] {processor.py:183} INFO - Processing /Users/noejalabert/airflow_venv/lib/python3.11/site-packages/airflow/example_dags/example_short_circuit_decorator.py took 0.084 seconds
[2024-06-07T16:13:20.962+0200] {processor.py:161} INFO - Started process (PID=31875) to work on /Users/noejalabert/airflow_venv/lib/python3.11/site-packages/airflow/example_dags/example_short_circuit_decorator.py
[2024-06-07T16:13:20.963+0200] {processor.py:830} INFO - Processing file /Users/noejalabert/airflow_venv/lib/python3.11/site-packages/airflow/example_dags/example_short_circuit_decorator.py for tasks to queue
[2024-06-07T16:13:20.964+0200] {logging_mixin.py:188} INFO - [2024-06-07T16:13:20.963+0200] {dagbag.py:540} INFO - Filling up the DagBag from /Users/noejalabert/airflow_venv/lib/python3.11/site-packages/airflow/example_dags/example_short_circuit_decorator.py
[2024-06-07T16:13:20.985+0200] {processor.py:840} INFO - DAG(s) 'example_short_circuit_decorator' retrieved from /Users/noejalabert/airflow_venv/lib/python3.11/site-packages/airflow/example_dags/example_short_circuit_decorator.py
[2024-06-07T16:13:21.037+0200] {logging_mixin.py:188} INFO - [2024-06-07T16:13:21.037+0200] {dag.py:3096} INFO - Sync 1 DAGs
[2024-06-07T16:13:21.045+0200] {logging_mixin.py:188} INFO - [2024-06-07T16:13:21.044+0200] {dag.py:3954} INFO - Setting next_dagrun for example_short_circuit_decorator to 2024-06-06 00:00:00+00:00, run_after=2024-06-07 00:00:00+00:00
[2024-06-07T16:13:21.053+0200] {processor.py:183} INFO - Processing /Users/noejalabert/airflow_venv/lib/python3.11/site-packages/airflow/example_dags/example_short_circuit_decorator.py took 0.093 seconds
[2024-06-07T16:14:54.055+0200] {processor.py:161} INFO - Started process (PID=31963) to work on /Users/noejalabert/airflow_venv/lib/python3.11/site-packages/airflow/example_dags/example_short_circuit_decorator.py
[2024-06-07T16:14:54.056+0200] {processor.py:830} INFO - Processing file /Users/noejalabert/airflow_venv/lib/python3.11/site-packages/airflow/example_dags/example_short_circuit_decorator.py for tasks to queue
[2024-06-07T16:14:54.057+0200] {logging_mixin.py:188} INFO - [2024-06-07T16:14:54.057+0200] {dagbag.py:540} INFO - Filling up the DagBag from /Users/noejalabert/airflow_venv/lib/python3.11/site-packages/airflow/example_dags/example_short_circuit_decorator.py
[2024-06-07T16:14:54.075+0200] {processor.py:840} INFO - DAG(s) 'example_short_circuit_decorator' retrieved from /Users/noejalabert/airflow_venv/lib/python3.11/site-packages/airflow/example_dags/example_short_circuit_decorator.py
[2024-06-07T16:14:54.122+0200] {logging_mixin.py:188} INFO - [2024-06-07T16:14:54.122+0200] {dag.py:3096} INFO - Sync 1 DAGs
[2024-06-07T16:14:54.129+0200] {logging_mixin.py:188} INFO - [2024-06-07T16:14:54.129+0200] {dag.py:3954} INFO - Setting next_dagrun for example_short_circuit_decorator to 2024-06-06 00:00:00+00:00, run_after=2024-06-07 00:00:00+00:00
[2024-06-07T16:14:54.137+0200] {processor.py:183} INFO - Processing /Users/noejalabert/airflow_venv/lib/python3.11/site-packages/airflow/example_dags/example_short_circuit_decorator.py took 0.084 seconds
[2024-06-07T16:16:26.500+0200] {processor.py:161} INFO - Started process (PID=32033) to work on /Users/noejalabert/airflow_venv/lib/python3.11/site-packages/airflow/example_dags/example_short_circuit_decorator.py
[2024-06-07T16:16:26.501+0200] {processor.py:830} INFO - Processing file /Users/noejalabert/airflow_venv/lib/python3.11/site-packages/airflow/example_dags/example_short_circuit_decorator.py for tasks to queue
[2024-06-07T16:16:26.501+0200] {logging_mixin.py:188} INFO - [2024-06-07T16:16:26.501+0200] {dagbag.py:540} INFO - Filling up the DagBag from /Users/noejalabert/airflow_venv/lib/python3.11/site-packages/airflow/example_dags/example_short_circuit_decorator.py
[2024-06-07T16:16:26.521+0200] {processor.py:840} INFO - DAG(s) 'example_short_circuit_decorator' retrieved from /Users/noejalabert/airflow_venv/lib/python3.11/site-packages/airflow/example_dags/example_short_circuit_decorator.py
[2024-06-07T16:16:26.576+0200] {logging_mixin.py:188} INFO - [2024-06-07T16:16:26.576+0200] {dag.py:3096} INFO - Sync 1 DAGs
[2024-06-07T16:16:26.585+0200] {logging_mixin.py:188} INFO - [2024-06-07T16:16:26.585+0200] {dag.py:3954} INFO - Setting next_dagrun for example_short_circuit_decorator to 2024-06-06 00:00:00+00:00, run_after=2024-06-07 00:00:00+00:00
[2024-06-07T16:16:26.598+0200] {processor.py:183} INFO - Processing /Users/noejalabert/airflow_venv/lib/python3.11/site-packages/airflow/example_dags/example_short_circuit_decorator.py took 0.100 seconds
[2024-06-07T16:18:00.143+0200] {processor.py:161} INFO - Started process (PID=32118) to work on /Users/noejalabert/airflow_venv/lib/python3.11/site-packages/airflow/example_dags/example_short_circuit_decorator.py
[2024-06-07T16:18:00.144+0200] {processor.py:830} INFO - Processing file /Users/noejalabert/airflow_venv/lib/python3.11/site-packages/airflow/example_dags/example_short_circuit_decorator.py for tasks to queue
[2024-06-07T16:18:00.145+0200] {logging_mixin.py:188} INFO - [2024-06-07T16:18:00.145+0200] {dagbag.py:540} INFO - Filling up the DagBag from /Users/noejalabert/airflow_venv/lib/python3.11/site-packages/airflow/example_dags/example_short_circuit_decorator.py
[2024-06-07T16:18:00.162+0200] {processor.py:840} INFO - DAG(s) 'example_short_circuit_decorator' retrieved from /Users/noejalabert/airflow_venv/lib/python3.11/site-packages/airflow/example_dags/example_short_circuit_decorator.py
[2024-06-07T16:18:00.211+0200] {logging_mixin.py:188} INFO - [2024-06-07T16:18:00.210+0200] {dag.py:3096} INFO - Sync 1 DAGs
[2024-06-07T16:18:00.217+0200] {logging_mixin.py:188} INFO - [2024-06-07T16:18:00.217+0200] {dag.py:3954} INFO - Setting next_dagrun for example_short_circuit_decorator to 2024-06-06 00:00:00+00:00, run_after=2024-06-07 00:00:00+00:00
[2024-06-07T16:18:00.226+0200] {processor.py:183} INFO - Processing /Users/noejalabert/airflow_venv/lib/python3.11/site-packages/airflow/example_dags/example_short_circuit_decorator.py took 0.084 seconds
[2024-06-07T16:19:30.233+0200] {processor.py:161} INFO - Started process (PID=32196) to work on /Users/noejalabert/airflow_venv/lib/python3.11/site-packages/airflow/example_dags/example_short_circuit_decorator.py
[2024-06-07T16:19:30.234+0200] {processor.py:830} INFO - Processing file /Users/noejalabert/airflow_venv/lib/python3.11/site-packages/airflow/example_dags/example_short_circuit_decorator.py for tasks to queue
[2024-06-07T16:19:30.235+0200] {logging_mixin.py:188} INFO - [2024-06-07T16:19:30.234+0200] {dagbag.py:540} INFO - Filling up the DagBag from /Users/noejalabert/airflow_venv/lib/python3.11/site-packages/airflow/example_dags/example_short_circuit_decorator.py
[2024-06-07T16:19:30.252+0200] {processor.py:840} INFO - DAG(s) 'example_short_circuit_decorator' retrieved from /Users/noejalabert/airflow_venv/lib/python3.11/site-packages/airflow/example_dags/example_short_circuit_decorator.py
[2024-06-07T16:19:30.299+0200] {logging_mixin.py:188} INFO - [2024-06-07T16:19:30.299+0200] {dag.py:3096} INFO - Sync 1 DAGs
[2024-06-07T16:19:30.306+0200] {logging_mixin.py:188} INFO - [2024-06-07T16:19:30.305+0200] {dag.py:3954} INFO - Setting next_dagrun for example_short_circuit_decorator to 2024-06-06 00:00:00+00:00, run_after=2024-06-07 00:00:00+00:00
[2024-06-07T16:19:30.314+0200] {processor.py:183} INFO - Processing /Users/noejalabert/airflow_venv/lib/python3.11/site-packages/airflow/example_dags/example_short_circuit_decorator.py took 0.082 seconds
[2024-06-07T16:21:03.108+0200] {processor.py:161} INFO - Started process (PID=32277) to work on /Users/noejalabert/airflow_venv/lib/python3.11/site-packages/airflow/example_dags/example_short_circuit_decorator.py
[2024-06-07T16:21:03.110+0200] {processor.py:830} INFO - Processing file /Users/noejalabert/airflow_venv/lib/python3.11/site-packages/airflow/example_dags/example_short_circuit_decorator.py for tasks to queue
[2024-06-07T16:21:03.110+0200] {logging_mixin.py:188} INFO - [2024-06-07T16:21:03.110+0200] {dagbag.py:540} INFO - Filling up the DagBag from /Users/noejalabert/airflow_venv/lib/python3.11/site-packages/airflow/example_dags/example_short_circuit_decorator.py
[2024-06-07T16:21:03.128+0200] {processor.py:840} INFO - DAG(s) 'example_short_circuit_decorator' retrieved from /Users/noejalabert/airflow_venv/lib/python3.11/site-packages/airflow/example_dags/example_short_circuit_decorator.py
[2024-06-07T16:21:03.175+0200] {logging_mixin.py:188} INFO - [2024-06-07T16:21:03.175+0200] {dag.py:3096} INFO - Sync 1 DAGs
[2024-06-07T16:21:03.182+0200] {logging_mixin.py:188} INFO - [2024-06-07T16:21:03.182+0200] {dag.py:3954} INFO - Setting next_dagrun for example_short_circuit_decorator to 2024-06-06 00:00:00+00:00, run_after=2024-06-07 00:00:00+00:00
[2024-06-07T16:21:03.191+0200] {processor.py:183} INFO - Processing /Users/noejalabert/airflow_venv/lib/python3.11/site-packages/airflow/example_dags/example_short_circuit_decorator.py took 0.083 seconds
[2024-06-07T16:22:36.438+0200] {processor.py:161} INFO - Started process (PID=32365) to work on /Users/noejalabert/airflow_venv/lib/python3.11/site-packages/airflow/example_dags/example_short_circuit_decorator.py
[2024-06-07T16:22:36.440+0200] {processor.py:830} INFO - Processing file /Users/noejalabert/airflow_venv/lib/python3.11/site-packages/airflow/example_dags/example_short_circuit_decorator.py for tasks to queue
[2024-06-07T16:22:36.440+0200] {logging_mixin.py:188} INFO - [2024-06-07T16:22:36.440+0200] {dagbag.py:540} INFO - Filling up the DagBag from /Users/noejalabert/airflow_venv/lib/python3.11/site-packages/airflow/example_dags/example_short_circuit_decorator.py
[2024-06-07T16:22:36.460+0200] {processor.py:840} INFO - DAG(s) 'example_short_circuit_decorator' retrieved from /Users/noejalabert/airflow_venv/lib/python3.11/site-packages/airflow/example_dags/example_short_circuit_decorator.py
[2024-06-07T16:22:36.511+0200] {logging_mixin.py:188} INFO - [2024-06-07T16:22:36.511+0200] {dag.py:3096} INFO - Sync 1 DAGs
[2024-06-07T16:22:36.518+0200] {logging_mixin.py:188} INFO - [2024-06-07T16:22:36.518+0200] {dag.py:3954} INFO - Setting next_dagrun for example_short_circuit_decorator to 2024-06-06 00:00:00+00:00, run_after=2024-06-07 00:00:00+00:00
[2024-06-07T16:22:36.527+0200] {processor.py:183} INFO - Processing /Users/noejalabert/airflow_venv/lib/python3.11/site-packages/airflow/example_dags/example_short_circuit_decorator.py took 0.090 seconds
[2024-06-07T16:24:11.941+0200] {processor.py:161} INFO - Started process (PID=32438) to work on /Users/noejalabert/airflow_venv/lib/python3.11/site-packages/airflow/example_dags/example_short_circuit_decorator.py
[2024-06-07T16:24:11.942+0200] {processor.py:830} INFO - Processing file /Users/noejalabert/airflow_venv/lib/python3.11/site-packages/airflow/example_dags/example_short_circuit_decorator.py for tasks to queue
[2024-06-07T16:24:11.942+0200] {logging_mixin.py:188} INFO - [2024-06-07T16:24:11.942+0200] {dagbag.py:540} INFO - Filling up the DagBag from /Users/noejalabert/airflow_venv/lib/python3.11/site-packages/airflow/example_dags/example_short_circuit_decorator.py
[2024-06-07T16:24:11.960+0200] {processor.py:840} INFO - DAG(s) 'example_short_circuit_decorator' retrieved from /Users/noejalabert/airflow_venv/lib/python3.11/site-packages/airflow/example_dags/example_short_circuit_decorator.py
[2024-06-07T16:24:12.007+0200] {logging_mixin.py:188} INFO - [2024-06-07T16:24:12.007+0200] {dag.py:3096} INFO - Sync 1 DAGs
[2024-06-07T16:24:12.014+0200] {logging_mixin.py:188} INFO - [2024-06-07T16:24:12.014+0200] {dag.py:3954} INFO - Setting next_dagrun for example_short_circuit_decorator to 2024-06-06 00:00:00+00:00, run_after=2024-06-07 00:00:00+00:00
[2024-06-07T16:24:12.022+0200] {processor.py:183} INFO - Processing /Users/noejalabert/airflow_venv/lib/python3.11/site-packages/airflow/example_dags/example_short_circuit_decorator.py took 0.083 seconds
[2024-06-07T16:25:44.126+0200] {processor.py:161} INFO - Started process (PID=32527) to work on /Users/noejalabert/airflow_venv/lib/python3.11/site-packages/airflow/example_dags/example_short_circuit_decorator.py
[2024-06-07T16:25:44.127+0200] {processor.py:830} INFO - Processing file /Users/noejalabert/airflow_venv/lib/python3.11/site-packages/airflow/example_dags/example_short_circuit_decorator.py for tasks to queue
[2024-06-07T16:25:44.127+0200] {logging_mixin.py:188} INFO - [2024-06-07T16:25:44.127+0200] {dagbag.py:540} INFO - Filling up the DagBag from /Users/noejalabert/airflow_venv/lib/python3.11/site-packages/airflow/example_dags/example_short_circuit_decorator.py
[2024-06-07T16:25:44.147+0200] {processor.py:840} INFO - DAG(s) 'example_short_circuit_decorator' retrieved from /Users/noejalabert/airflow_venv/lib/python3.11/site-packages/airflow/example_dags/example_short_circuit_decorator.py
[2024-06-07T16:25:44.204+0200] {logging_mixin.py:188} INFO - [2024-06-07T16:25:44.204+0200] {dag.py:3096} INFO - Sync 1 DAGs
[2024-06-07T16:25:44.212+0200] {logging_mixin.py:188} INFO - [2024-06-07T16:25:44.212+0200] {dag.py:3954} INFO - Setting next_dagrun for example_short_circuit_decorator to 2024-06-06 00:00:00+00:00, run_after=2024-06-07 00:00:00+00:00
[2024-06-07T16:25:44.222+0200] {processor.py:183} INFO - Processing /Users/noejalabert/airflow_venv/lib/python3.11/site-packages/airflow/example_dags/example_short_circuit_decorator.py took 0.098 seconds
[2024-06-07T16:27:15.302+0200] {processor.py:161} INFO - Started process (PID=32684) to work on /Users/noejalabert/airflow_venv/lib/python3.11/site-packages/airflow/example_dags/example_short_circuit_decorator.py
[2024-06-07T16:27:15.303+0200] {processor.py:830} INFO - Processing file /Users/noejalabert/airflow_venv/lib/python3.11/site-packages/airflow/example_dags/example_short_circuit_decorator.py for tasks to queue
[2024-06-07T16:27:15.303+0200] {logging_mixin.py:188} INFO - [2024-06-07T16:27:15.303+0200] {dagbag.py:540} INFO - Filling up the DagBag from /Users/noejalabert/airflow_venv/lib/python3.11/site-packages/airflow/example_dags/example_short_circuit_decorator.py
[2024-06-07T16:27:15.321+0200] {processor.py:840} INFO - DAG(s) 'example_short_circuit_decorator' retrieved from /Users/noejalabert/airflow_venv/lib/python3.11/site-packages/airflow/example_dags/example_short_circuit_decorator.py
[2024-06-07T16:27:15.369+0200] {logging_mixin.py:188} INFO - [2024-06-07T16:27:15.369+0200] {dag.py:3096} INFO - Sync 1 DAGs
[2024-06-07T16:27:15.375+0200] {logging_mixin.py:188} INFO - [2024-06-07T16:27:15.375+0200] {dag.py:3954} INFO - Setting next_dagrun for example_short_circuit_decorator to 2024-06-06 00:00:00+00:00, run_after=2024-06-07 00:00:00+00:00
[2024-06-07T16:27:15.384+0200] {processor.py:183} INFO - Processing /Users/noejalabert/airflow_venv/lib/python3.11/site-packages/airflow/example_dags/example_short_circuit_decorator.py took 0.083 seconds
[2024-06-07T16:28:44.862+0200] {processor.py:161} INFO - Started process (PID=32774) to work on /Users/noejalabert/airflow_venv/lib/python3.11/site-packages/airflow/example_dags/example_short_circuit_decorator.py
[2024-06-07T16:28:44.864+0200] {processor.py:830} INFO - Processing file /Users/noejalabert/airflow_venv/lib/python3.11/site-packages/airflow/example_dags/example_short_circuit_decorator.py for tasks to queue
[2024-06-07T16:28:44.864+0200] {logging_mixin.py:188} INFO - [2024-06-07T16:28:44.864+0200] {dagbag.py:540} INFO - Filling up the DagBag from /Users/noejalabert/airflow_venv/lib/python3.11/site-packages/airflow/example_dags/example_short_circuit_decorator.py
[2024-06-07T16:28:44.882+0200] {processor.py:840} INFO - DAG(s) 'example_short_circuit_decorator' retrieved from /Users/noejalabert/airflow_venv/lib/python3.11/site-packages/airflow/example_dags/example_short_circuit_decorator.py
[2024-06-07T16:28:44.929+0200] {logging_mixin.py:188} INFO - [2024-06-07T16:28:44.929+0200] {dag.py:3096} INFO - Sync 1 DAGs
[2024-06-07T16:28:44.936+0200] {logging_mixin.py:188} INFO - [2024-06-07T16:28:44.936+0200] {dag.py:3954} INFO - Setting next_dagrun for example_short_circuit_decorator to 2024-06-06 00:00:00+00:00, run_after=2024-06-07 00:00:00+00:00
[2024-06-07T16:28:44.945+0200] {processor.py:183} INFO - Processing /Users/noejalabert/airflow_venv/lib/python3.11/site-packages/airflow/example_dags/example_short_circuit_decorator.py took 0.084 seconds
[2024-06-07T16:30:17.716+0200] {processor.py:161} INFO - Started process (PID=32854) to work on /Users/noejalabert/airflow_venv/lib/python3.11/site-packages/airflow/example_dags/example_short_circuit_decorator.py
[2024-06-07T16:30:17.717+0200] {processor.py:830} INFO - Processing file /Users/noejalabert/airflow_venv/lib/python3.11/site-packages/airflow/example_dags/example_short_circuit_decorator.py for tasks to queue
[2024-06-07T16:30:17.718+0200] {logging_mixin.py:188} INFO - [2024-06-07T16:30:17.718+0200] {dagbag.py:540} INFO - Filling up the DagBag from /Users/noejalabert/airflow_venv/lib/python3.11/site-packages/airflow/example_dags/example_short_circuit_decorator.py
[2024-06-07T16:30:17.736+0200] {processor.py:840} INFO - DAG(s) 'example_short_circuit_decorator' retrieved from /Users/noejalabert/airflow_venv/lib/python3.11/site-packages/airflow/example_dags/example_short_circuit_decorator.py
[2024-06-07T16:30:17.786+0200] {logging_mixin.py:188} INFO - [2024-06-07T16:30:17.786+0200] {dag.py:3096} INFO - Sync 1 DAGs
[2024-06-07T16:30:17.793+0200] {logging_mixin.py:188} INFO - [2024-06-07T16:30:17.793+0200] {dag.py:3954} INFO - Setting next_dagrun for example_short_circuit_decorator to 2024-06-06 00:00:00+00:00, run_after=2024-06-07 00:00:00+00:00
[2024-06-07T16:30:17.801+0200] {processor.py:183} INFO - Processing /Users/noejalabert/airflow_venv/lib/python3.11/site-packages/airflow/example_dags/example_short_circuit_decorator.py took 0.087 seconds
[2024-06-07T16:31:52.799+0200] {processor.py:161} INFO - Started process (PID=32940) to work on /Users/noejalabert/airflow_venv/lib/python3.11/site-packages/airflow/example_dags/example_short_circuit_decorator.py
[2024-06-07T16:31:52.800+0200] {processor.py:830} INFO - Processing file /Users/noejalabert/airflow_venv/lib/python3.11/site-packages/airflow/example_dags/example_short_circuit_decorator.py for tasks to queue
[2024-06-07T16:31:52.800+0200] {logging_mixin.py:188} INFO - [2024-06-07T16:31:52.800+0200] {dagbag.py:540} INFO - Filling up the DagBag from /Users/noejalabert/airflow_venv/lib/python3.11/site-packages/airflow/example_dags/example_short_circuit_decorator.py
[2024-06-07T16:31:52.818+0200] {processor.py:840} INFO - DAG(s) 'example_short_circuit_decorator' retrieved from /Users/noejalabert/airflow_venv/lib/python3.11/site-packages/airflow/example_dags/example_short_circuit_decorator.py
[2024-06-07T16:31:52.865+0200] {logging_mixin.py:188} INFO - [2024-06-07T16:31:52.865+0200] {dag.py:3096} INFO - Sync 1 DAGs
[2024-06-07T16:31:52.872+0200] {logging_mixin.py:188} INFO - [2024-06-07T16:31:52.872+0200] {dag.py:3954} INFO - Setting next_dagrun for example_short_circuit_decorator to 2024-06-06 00:00:00+00:00, run_after=2024-06-07 00:00:00+00:00
[2024-06-07T16:31:52.880+0200] {processor.py:183} INFO - Processing /Users/noejalabert/airflow_venv/lib/python3.11/site-packages/airflow/example_dags/example_short_circuit_decorator.py took 0.082 seconds
[2024-06-07T16:33:22.745+0200] {processor.py:161} INFO - Started process (PID=33023) to work on /Users/noejalabert/airflow_venv/lib/python3.11/site-packages/airflow/example_dags/example_short_circuit_decorator.py
[2024-06-07T16:33:22.747+0200] {processor.py:830} INFO - Processing file /Users/noejalabert/airflow_venv/lib/python3.11/site-packages/airflow/example_dags/example_short_circuit_decorator.py for tasks to queue
[2024-06-07T16:33:22.747+0200] {logging_mixin.py:188} INFO - [2024-06-07T16:33:22.747+0200] {dagbag.py:540} INFO - Filling up the DagBag from /Users/noejalabert/airflow_venv/lib/python3.11/site-packages/airflow/example_dags/example_short_circuit_decorator.py
[2024-06-07T16:33:22.765+0200] {processor.py:840} INFO - DAG(s) 'example_short_circuit_decorator' retrieved from /Users/noejalabert/airflow_venv/lib/python3.11/site-packages/airflow/example_dags/example_short_circuit_decorator.py
[2024-06-07T16:33:22.812+0200] {logging_mixin.py:188} INFO - [2024-06-07T16:33:22.812+0200] {dag.py:3096} INFO - Sync 1 DAGs
[2024-06-07T16:33:22.819+0200] {logging_mixin.py:188} INFO - [2024-06-07T16:33:22.818+0200] {dag.py:3954} INFO - Setting next_dagrun for example_short_circuit_decorator to 2024-06-06 00:00:00+00:00, run_after=2024-06-07 00:00:00+00:00
[2024-06-07T16:33:22.827+0200] {processor.py:183} INFO - Processing /Users/noejalabert/airflow_venv/lib/python3.11/site-packages/airflow/example_dags/example_short_circuit_decorator.py took 0.083 seconds
[2024-06-07T16:35:03.052+0200] {processor.py:161} INFO - Started process (PID=33121) to work on /Users/noejalabert/airflow_venv/lib/python3.11/site-packages/airflow/example_dags/example_short_circuit_decorator.py
[2024-06-07T16:35:03.053+0200] {processor.py:830} INFO - Processing file /Users/noejalabert/airflow_venv/lib/python3.11/site-packages/airflow/example_dags/example_short_circuit_decorator.py for tasks to queue
[2024-06-07T16:35:03.054+0200] {logging_mixin.py:188} INFO - [2024-06-07T16:35:03.054+0200] {dagbag.py:540} INFO - Filling up the DagBag from /Users/noejalabert/airflow_venv/lib/python3.11/site-packages/airflow/example_dags/example_short_circuit_decorator.py
[2024-06-07T16:35:03.073+0200] {processor.py:840} INFO - DAG(s) 'example_short_circuit_decorator' retrieved from /Users/noejalabert/airflow_venv/lib/python3.11/site-packages/airflow/example_dags/example_short_circuit_decorator.py
[2024-06-07T16:35:03.126+0200] {logging_mixin.py:188} INFO - [2024-06-07T16:35:03.126+0200] {dag.py:3096} INFO - Sync 1 DAGs
[2024-06-07T16:35:03.134+0200] {logging_mixin.py:188} INFO - [2024-06-07T16:35:03.134+0200] {dag.py:3954} INFO - Setting next_dagrun for example_short_circuit_decorator to 2024-06-06 00:00:00+00:00, run_after=2024-06-07 00:00:00+00:00
[2024-06-07T16:35:03.144+0200] {processor.py:183} INFO - Processing /Users/noejalabert/airflow_venv/lib/python3.11/site-packages/airflow/example_dags/example_short_circuit_decorator.py took 0.093 seconds
[2024-06-07T16:36:55.141+0200] {processor.py:161} INFO - Started process (PID=33274) to work on /Users/noejalabert/airflow_venv/lib/python3.11/site-packages/airflow/example_dags/example_short_circuit_decorator.py
[2024-06-07T16:36:55.142+0200] {processor.py:830} INFO - Processing file /Users/noejalabert/airflow_venv/lib/python3.11/site-packages/airflow/example_dags/example_short_circuit_decorator.py for tasks to queue
[2024-06-07T16:36:55.142+0200] {logging_mixin.py:188} INFO - [2024-06-07T16:36:55.142+0200] {dagbag.py:540} INFO - Filling up the DagBag from /Users/noejalabert/airflow_venv/lib/python3.11/site-packages/airflow/example_dags/example_short_circuit_decorator.py
[2024-06-07T16:36:55.165+0200] {processor.py:840} INFO - DAG(s) 'example_short_circuit_decorator' retrieved from /Users/noejalabert/airflow_venv/lib/python3.11/site-packages/airflow/example_dags/example_short_circuit_decorator.py
[2024-06-07T16:36:55.218+0200] {logging_mixin.py:188} INFO - [2024-06-07T16:36:55.218+0200] {dag.py:3096} INFO - Sync 1 DAGs
[2024-06-07T16:36:55.226+0200] {logging_mixin.py:188} INFO - [2024-06-07T16:36:55.226+0200] {dag.py:3954} INFO - Setting next_dagrun for example_short_circuit_decorator to 2024-06-06 00:00:00+00:00, run_after=2024-06-07 00:00:00+00:00
[2024-06-07T16:36:55.236+0200] {processor.py:183} INFO - Processing /Users/noejalabert/airflow_venv/lib/python3.11/site-packages/airflow/example_dags/example_short_circuit_decorator.py took 0.097 seconds
[2024-06-07T16:38:32.044+0200] {processor.py:161} INFO - Started process (PID=33379) to work on /Users/noejalabert/airflow_venv/lib/python3.11/site-packages/airflow/example_dags/example_short_circuit_decorator.py
[2024-06-07T16:38:32.044+0200] {processor.py:830} INFO - Processing file /Users/noejalabert/airflow_venv/lib/python3.11/site-packages/airflow/example_dags/example_short_circuit_decorator.py for tasks to queue
[2024-06-07T16:38:32.045+0200] {logging_mixin.py:188} INFO - [2024-06-07T16:38:32.045+0200] {dagbag.py:540} INFO - Filling up the DagBag from /Users/noejalabert/airflow_venv/lib/python3.11/site-packages/airflow/example_dags/example_short_circuit_decorator.py
[2024-06-07T16:38:32.065+0200] {processor.py:840} INFO - DAG(s) 'example_short_circuit_decorator' retrieved from /Users/noejalabert/airflow_venv/lib/python3.11/site-packages/airflow/example_dags/example_short_circuit_decorator.py
[2024-06-07T16:38:32.202+0200] {logging_mixin.py:188} INFO - [2024-06-07T16:38:32.202+0200] {dag.py:3096} INFO - Sync 1 DAGs
[2024-06-07T16:38:32.219+0200] {logging_mixin.py:188} INFO - [2024-06-07T16:38:32.219+0200] {dag.py:3954} INFO - Setting next_dagrun for example_short_circuit_decorator to 2024-06-06 00:00:00+00:00, run_after=2024-06-07 00:00:00+00:00
[2024-06-07T16:38:32.232+0200] {processor.py:183} INFO - Processing /Users/noejalabert/airflow_venv/lib/python3.11/site-packages/airflow/example_dags/example_short_circuit_decorator.py took 0.191 seconds
[2024-06-07T16:40:14.802+0200] {processor.py:161} INFO - Started process (PID=33496) to work on /Users/noejalabert/airflow_venv/lib/python3.11/site-packages/airflow/example_dags/example_short_circuit_decorator.py
[2024-06-07T16:40:14.803+0200] {processor.py:830} INFO - Processing file /Users/noejalabert/airflow_venv/lib/python3.11/site-packages/airflow/example_dags/example_short_circuit_decorator.py for tasks to queue
[2024-06-07T16:40:14.804+0200] {logging_mixin.py:188} INFO - [2024-06-07T16:40:14.803+0200] {dagbag.py:540} INFO - Filling up the DagBag from /Users/noejalabert/airflow_venv/lib/python3.11/site-packages/airflow/example_dags/example_short_circuit_decorator.py
[2024-06-07T16:40:14.824+0200] {processor.py:840} INFO - DAG(s) 'example_short_circuit_decorator' retrieved from /Users/noejalabert/airflow_venv/lib/python3.11/site-packages/airflow/example_dags/example_short_circuit_decorator.py
[2024-06-07T16:40:14.880+0200] {logging_mixin.py:188} INFO - [2024-06-07T16:40:14.880+0200] {dag.py:3096} INFO - Sync 1 DAGs
[2024-06-07T16:40:14.888+0200] {logging_mixin.py:188} INFO - [2024-06-07T16:40:14.888+0200] {dag.py:3954} INFO - Setting next_dagrun for example_short_circuit_decorator to 2024-06-06 00:00:00+00:00, run_after=2024-06-07 00:00:00+00:00
[2024-06-07T16:40:14.899+0200] {processor.py:183} INFO - Processing /Users/noejalabert/airflow_venv/lib/python3.11/site-packages/airflow/example_dags/example_short_circuit_decorator.py took 0.100 seconds
[2024-06-07T16:41:55.813+0200] {processor.py:161} INFO - Started process (PID=33621) to work on /Users/noejalabert/airflow_venv/lib/python3.11/site-packages/airflow/example_dags/example_short_circuit_decorator.py
[2024-06-07T16:41:55.813+0200] {processor.py:830} INFO - Processing file /Users/noejalabert/airflow_venv/lib/python3.11/site-packages/airflow/example_dags/example_short_circuit_decorator.py for tasks to queue
[2024-06-07T16:41:55.814+0200] {logging_mixin.py:188} INFO - [2024-06-07T16:41:55.814+0200] {dagbag.py:540} INFO - Filling up the DagBag from /Users/noejalabert/airflow_venv/lib/python3.11/site-packages/airflow/example_dags/example_short_circuit_decorator.py
[2024-06-07T16:41:55.834+0200] {processor.py:840} INFO - DAG(s) 'example_short_circuit_decorator' retrieved from /Users/noejalabert/airflow_venv/lib/python3.11/site-packages/airflow/example_dags/example_short_circuit_decorator.py
[2024-06-07T16:41:55.888+0200] {logging_mixin.py:188} INFO - [2024-06-07T16:41:55.888+0200] {dag.py:3096} INFO - Sync 1 DAGs
[2024-06-07T16:41:55.896+0200] {logging_mixin.py:188} INFO - [2024-06-07T16:41:55.896+0200] {dag.py:3954} INFO - Setting next_dagrun for example_short_circuit_decorator to 2024-06-06 00:00:00+00:00, run_after=2024-06-07 00:00:00+00:00
[2024-06-07T16:41:55.906+0200] {processor.py:183} INFO - Processing /Users/noejalabert/airflow_venv/lib/python3.11/site-packages/airflow/example_dags/example_short_circuit_decorator.py took 0.094 seconds
[2024-06-07T16:43:34.006+0200] {processor.py:161} INFO - Started process (PID=33732) to work on /Users/noejalabert/airflow_venv/lib/python3.11/site-packages/airflow/example_dags/example_short_circuit_decorator.py
[2024-06-07T16:43:34.007+0200] {processor.py:830} INFO - Processing file /Users/noejalabert/airflow_venv/lib/python3.11/site-packages/airflow/example_dags/example_short_circuit_decorator.py for tasks to queue
[2024-06-07T16:43:34.008+0200] {logging_mixin.py:188} INFO - [2024-06-07T16:43:34.008+0200] {dagbag.py:540} INFO - Filling up the DagBag from /Users/noejalabert/airflow_venv/lib/python3.11/site-packages/airflow/example_dags/example_short_circuit_decorator.py
[2024-06-07T16:43:34.027+0200] {processor.py:840} INFO - DAG(s) 'example_short_circuit_decorator' retrieved from /Users/noejalabert/airflow_venv/lib/python3.11/site-packages/airflow/example_dags/example_short_circuit_decorator.py
[2024-06-07T16:43:34.079+0200] {logging_mixin.py:188} INFO - [2024-06-07T16:43:34.079+0200] {dag.py:3096} INFO - Sync 1 DAGs
[2024-06-07T16:43:34.087+0200] {logging_mixin.py:188} INFO - [2024-06-07T16:43:34.087+0200] {dag.py:3954} INFO - Setting next_dagrun for example_short_circuit_decorator to 2024-06-06 00:00:00+00:00, run_after=2024-06-07 00:00:00+00:00
[2024-06-07T16:43:34.097+0200] {processor.py:183} INFO - Processing /Users/noejalabert/airflow_venv/lib/python3.11/site-packages/airflow/example_dags/example_short_circuit_decorator.py took 0.092 seconds
[2024-06-07T16:45:15.109+0200] {processor.py:161} INFO - Started process (PID=33832) to work on /Users/noejalabert/airflow_venv/lib/python3.11/site-packages/airflow/example_dags/example_short_circuit_decorator.py
[2024-06-07T16:45:15.110+0200] {processor.py:830} INFO - Processing file /Users/noejalabert/airflow_venv/lib/python3.11/site-packages/airflow/example_dags/example_short_circuit_decorator.py for tasks to queue
[2024-06-07T16:45:15.110+0200] {logging_mixin.py:188} INFO - [2024-06-07T16:45:15.110+0200] {dagbag.py:540} INFO - Filling up the DagBag from /Users/noejalabert/airflow_venv/lib/python3.11/site-packages/airflow/example_dags/example_short_circuit_decorator.py
[2024-06-07T16:45:15.132+0200] {processor.py:840} INFO - DAG(s) 'example_short_circuit_decorator' retrieved from /Users/noejalabert/airflow_venv/lib/python3.11/site-packages/airflow/example_dags/example_short_circuit_decorator.py
[2024-06-07T16:45:15.190+0200] {logging_mixin.py:188} INFO - [2024-06-07T16:45:15.190+0200] {dag.py:3096} INFO - Sync 1 DAGs
[2024-06-07T16:45:15.198+0200] {logging_mixin.py:188} INFO - [2024-06-07T16:45:15.197+0200] {dag.py:3954} INFO - Setting next_dagrun for example_short_circuit_decorator to 2024-06-06 00:00:00+00:00, run_after=2024-06-07 00:00:00+00:00
[2024-06-07T16:45:15.207+0200] {processor.py:183} INFO - Processing /Users/noejalabert/airflow_venv/lib/python3.11/site-packages/airflow/example_dags/example_short_circuit_decorator.py took 0.100 seconds
[2024-06-07T16:46:59.930+0200] {processor.py:161} INFO - Started process (PID=33955) to work on /Users/noejalabert/airflow_venv/lib/python3.11/site-packages/airflow/example_dags/example_short_circuit_decorator.py
[2024-06-07T16:46:59.930+0200] {processor.py:830} INFO - Processing file /Users/noejalabert/airflow_venv/lib/python3.11/site-packages/airflow/example_dags/example_short_circuit_decorator.py for tasks to queue
[2024-06-07T16:46:59.931+0200] {logging_mixin.py:188} INFO - [2024-06-07T16:46:59.931+0200] {dagbag.py:540} INFO - Filling up the DagBag from /Users/noejalabert/airflow_venv/lib/python3.11/site-packages/airflow/example_dags/example_short_circuit_decorator.py
[2024-06-07T16:46:59.952+0200] {processor.py:840} INFO - DAG(s) 'example_short_circuit_decorator' retrieved from /Users/noejalabert/airflow_venv/lib/python3.11/site-packages/airflow/example_dags/example_short_circuit_decorator.py
[2024-06-07T16:47:00.014+0200] {logging_mixin.py:188} INFO - [2024-06-07T16:47:00.014+0200] {dag.py:3096} INFO - Sync 1 DAGs
[2024-06-07T16:47:00.023+0200] {logging_mixin.py:188} INFO - [2024-06-07T16:47:00.023+0200] {dag.py:3954} INFO - Setting next_dagrun for example_short_circuit_decorator to 2024-06-06 00:00:00+00:00, run_after=2024-06-07 00:00:00+00:00
[2024-06-07T16:47:00.034+0200] {processor.py:183} INFO - Processing /Users/noejalabert/airflow_venv/lib/python3.11/site-packages/airflow/example_dags/example_short_circuit_decorator.py took 0.106 seconds
[2024-06-07T16:48:45.205+0200] {processor.py:161} INFO - Started process (PID=34111) to work on /Users/noejalabert/airflow_venv/lib/python3.11/site-packages/airflow/example_dags/example_short_circuit_decorator.py
[2024-06-07T16:48:45.206+0200] {processor.py:830} INFO - Processing file /Users/noejalabert/airflow_venv/lib/python3.11/site-packages/airflow/example_dags/example_short_circuit_decorator.py for tasks to queue
[2024-06-07T16:48:45.207+0200] {logging_mixin.py:188} INFO - [2024-06-07T16:48:45.207+0200] {dagbag.py:540} INFO - Filling up the DagBag from /Users/noejalabert/airflow_venv/lib/python3.11/site-packages/airflow/example_dags/example_short_circuit_decorator.py
[2024-06-07T16:48:45.229+0200] {processor.py:840} INFO - DAG(s) 'example_short_circuit_decorator' retrieved from /Users/noejalabert/airflow_venv/lib/python3.11/site-packages/airflow/example_dags/example_short_circuit_decorator.py
[2024-06-07T16:48:45.285+0200] {logging_mixin.py:188} INFO - [2024-06-07T16:48:45.285+0200] {dag.py:3096} INFO - Sync 1 DAGs
[2024-06-07T16:48:45.296+0200] {logging_mixin.py:188} INFO - [2024-06-07T16:48:45.295+0200] {dag.py:3954} INFO - Setting next_dagrun for example_short_circuit_decorator to 2024-06-06 00:00:00+00:00, run_after=2024-06-07 00:00:00+00:00
[2024-06-07T16:48:45.306+0200] {processor.py:183} INFO - Processing /Users/noejalabert/airflow_venv/lib/python3.11/site-packages/airflow/example_dags/example_short_circuit_decorator.py took 0.103 seconds
[2024-06-07T16:50:30.925+0200] {processor.py:161} INFO - Started process (PID=34214) to work on /Users/noejalabert/airflow_venv/lib/python3.11/site-packages/airflow/example_dags/example_short_circuit_decorator.py
[2024-06-07T16:50:30.926+0200] {processor.py:830} INFO - Processing file /Users/noejalabert/airflow_venv/lib/python3.11/site-packages/airflow/example_dags/example_short_circuit_decorator.py for tasks to queue
[2024-06-07T16:50:30.927+0200] {logging_mixin.py:188} INFO - [2024-06-07T16:50:30.927+0200] {dagbag.py:540} INFO - Filling up the DagBag from /Users/noejalabert/airflow_venv/lib/python3.11/site-packages/airflow/example_dags/example_short_circuit_decorator.py
[2024-06-07T16:50:30.948+0200] {processor.py:840} INFO - DAG(s) 'example_short_circuit_decorator' retrieved from /Users/noejalabert/airflow_venv/lib/python3.11/site-packages/airflow/example_dags/example_short_circuit_decorator.py
[2024-06-07T16:50:30.999+0200] {logging_mixin.py:188} INFO - [2024-06-07T16:50:30.999+0200] {dag.py:3096} INFO - Sync 1 DAGs
[2024-06-07T16:50:31.008+0200] {logging_mixin.py:188} INFO - [2024-06-07T16:50:31.008+0200] {dag.py:3954} INFO - Setting next_dagrun for example_short_circuit_decorator to 2024-06-06 00:00:00+00:00, run_after=2024-06-07 00:00:00+00:00
[2024-06-07T16:50:31.017+0200] {processor.py:183} INFO - Processing /Users/noejalabert/airflow_venv/lib/python3.11/site-packages/airflow/example_dags/example_short_circuit_decorator.py took 0.093 seconds
[2024-06-07T16:52:14.056+0200] {processor.py:161} INFO - Started process (PID=34316) to work on /Users/noejalabert/airflow_venv/lib/python3.11/site-packages/airflow/example_dags/example_short_circuit_decorator.py
[2024-06-07T16:52:14.057+0200] {processor.py:830} INFO - Processing file /Users/noejalabert/airflow_venv/lib/python3.11/site-packages/airflow/example_dags/example_short_circuit_decorator.py for tasks to queue
[2024-06-07T16:52:14.058+0200] {logging_mixin.py:188} INFO - [2024-06-07T16:52:14.058+0200] {dagbag.py:540} INFO - Filling up the DagBag from /Users/noejalabert/airflow_venv/lib/python3.11/site-packages/airflow/example_dags/example_short_circuit_decorator.py
[2024-06-07T16:52:14.078+0200] {processor.py:840} INFO - DAG(s) 'example_short_circuit_decorator' retrieved from /Users/noejalabert/airflow_venv/lib/python3.11/site-packages/airflow/example_dags/example_short_circuit_decorator.py
[2024-06-07T16:52:14.135+0200] {logging_mixin.py:188} INFO - [2024-06-07T16:52:14.135+0200] {dag.py:3096} INFO - Sync 1 DAGs
[2024-06-07T16:52:14.145+0200] {logging_mixin.py:188} INFO - [2024-06-07T16:52:14.145+0200] {dag.py:3954} INFO - Setting next_dagrun for example_short_circuit_decorator to 2024-06-06 00:00:00+00:00, run_after=2024-06-07 00:00:00+00:00
[2024-06-07T16:52:14.157+0200] {processor.py:183} INFO - Processing /Users/noejalabert/airflow_venv/lib/python3.11/site-packages/airflow/example_dags/example_short_circuit_decorator.py took 0.102 seconds
[2024-06-07T16:53:52.966+0200] {processor.py:161} INFO - Started process (PID=34438) to work on /Users/noejalabert/airflow_venv/lib/python3.11/site-packages/airflow/example_dags/example_short_circuit_decorator.py
[2024-06-07T16:53:52.967+0200] {processor.py:830} INFO - Processing file /Users/noejalabert/airflow_venv/lib/python3.11/site-packages/airflow/example_dags/example_short_circuit_decorator.py for tasks to queue
[2024-06-07T16:53:52.968+0200] {logging_mixin.py:188} INFO - [2024-06-07T16:53:52.968+0200] {dagbag.py:540} INFO - Filling up the DagBag from /Users/noejalabert/airflow_venv/lib/python3.11/site-packages/airflow/example_dags/example_short_circuit_decorator.py
[2024-06-07T16:53:52.987+0200] {processor.py:840} INFO - DAG(s) 'example_short_circuit_decorator' retrieved from /Users/noejalabert/airflow_venv/lib/python3.11/site-packages/airflow/example_dags/example_short_circuit_decorator.py
[2024-06-07T16:53:53.036+0200] {logging_mixin.py:188} INFO - [2024-06-07T16:53:53.036+0200] {dag.py:3096} INFO - Sync 1 DAGs
[2024-06-07T16:53:53.043+0200] {logging_mixin.py:188} INFO - [2024-06-07T16:53:53.043+0200] {dag.py:3954} INFO - Setting next_dagrun for example_short_circuit_decorator to 2024-06-06 00:00:00+00:00, run_after=2024-06-07 00:00:00+00:00
[2024-06-07T16:53:53.052+0200] {processor.py:183} INFO - Processing /Users/noejalabert/airflow_venv/lib/python3.11/site-packages/airflow/example_dags/example_short_circuit_decorator.py took 0.087 seconds
[2024-06-07T16:55:27.601+0200] {processor.py:161} INFO - Started process (PID=34537) to work on /Users/noejalabert/airflow_venv/lib/python3.11/site-packages/airflow/example_dags/example_short_circuit_decorator.py
[2024-06-07T16:55:27.602+0200] {processor.py:830} INFO - Processing file /Users/noejalabert/airflow_venv/lib/python3.11/site-packages/airflow/example_dags/example_short_circuit_decorator.py for tasks to queue
[2024-06-07T16:55:27.603+0200] {logging_mixin.py:188} INFO - [2024-06-07T16:55:27.602+0200] {dagbag.py:540} INFO - Filling up the DagBag from /Users/noejalabert/airflow_venv/lib/python3.11/site-packages/airflow/example_dags/example_short_circuit_decorator.py
[2024-06-07T16:55:27.621+0200] {processor.py:840} INFO - DAG(s) 'example_short_circuit_decorator' retrieved from /Users/noejalabert/airflow_venv/lib/python3.11/site-packages/airflow/example_dags/example_short_circuit_decorator.py
[2024-06-07T16:55:27.668+0200] {logging_mixin.py:188} INFO - [2024-06-07T16:55:27.668+0200] {dag.py:3096} INFO - Sync 1 DAGs
[2024-06-07T16:55:27.675+0200] {logging_mixin.py:188} INFO - [2024-06-07T16:55:27.675+0200] {dag.py:3954} INFO - Setting next_dagrun for example_short_circuit_decorator to 2024-06-06 00:00:00+00:00, run_after=2024-06-07 00:00:00+00:00
[2024-06-07T16:55:27.683+0200] {processor.py:183} INFO - Processing /Users/noejalabert/airflow_venv/lib/python3.11/site-packages/airflow/example_dags/example_short_circuit_decorator.py took 0.084 seconds
[2024-06-07T16:57:04.599+0200] {processor.py:161} INFO - Started process (PID=34741) to work on /Users/noejalabert/airflow_venv/lib/python3.11/site-packages/airflow/example_dags/example_short_circuit_decorator.py
[2024-06-07T16:57:04.599+0200] {processor.py:830} INFO - Processing file /Users/noejalabert/airflow_venv/lib/python3.11/site-packages/airflow/example_dags/example_short_circuit_decorator.py for tasks to queue
[2024-06-07T16:57:04.599+0200] {logging_mixin.py:188} INFO - [2024-06-07T16:57:04.599+0200] {dagbag.py:540} INFO - Filling up the DagBag from /Users/noejalabert/airflow_venv/lib/python3.11/site-packages/airflow/example_dags/example_short_circuit_decorator.py
[2024-06-07T16:57:04.618+0200] {processor.py:840} INFO - DAG(s) 'example_short_circuit_decorator' retrieved from /Users/noejalabert/airflow_venv/lib/python3.11/site-packages/airflow/example_dags/example_short_circuit_decorator.py
[2024-06-07T16:57:04.665+0200] {logging_mixin.py:188} INFO - [2024-06-07T16:57:04.665+0200] {dag.py:3096} INFO - Sync 1 DAGs
[2024-06-07T16:57:04.672+0200] {logging_mixin.py:188} INFO - [2024-06-07T16:57:04.672+0200] {dag.py:3954} INFO - Setting next_dagrun for example_short_circuit_decorator to 2024-06-06 00:00:00+00:00, run_after=2024-06-07 00:00:00+00:00
[2024-06-07T16:57:04.680+0200] {processor.py:183} INFO - Processing /Users/noejalabert/airflow_venv/lib/python3.11/site-packages/airflow/example_dags/example_short_circuit_decorator.py took 0.083 seconds
[2024-06-07T16:58:39.096+0200] {processor.py:161} INFO - Started process (PID=34988) to work on /Users/noejalabert/airflow_venv/lib/python3.11/site-packages/airflow/example_dags/example_short_circuit_decorator.py
[2024-06-07T16:58:39.097+0200] {processor.py:830} INFO - Processing file /Users/noejalabert/airflow_venv/lib/python3.11/site-packages/airflow/example_dags/example_short_circuit_decorator.py for tasks to queue
[2024-06-07T16:58:39.097+0200] {logging_mixin.py:188} INFO - [2024-06-07T16:58:39.097+0200] {dagbag.py:540} INFO - Filling up the DagBag from /Users/noejalabert/airflow_venv/lib/python3.11/site-packages/airflow/example_dags/example_short_circuit_decorator.py
[2024-06-07T16:58:39.117+0200] {processor.py:840} INFO - DAG(s) 'example_short_circuit_decorator' retrieved from /Users/noejalabert/airflow_venv/lib/python3.11/site-packages/airflow/example_dags/example_short_circuit_decorator.py
[2024-06-07T16:58:39.166+0200] {logging_mixin.py:188} INFO - [2024-06-07T16:58:39.165+0200] {dag.py:3096} INFO - Sync 1 DAGs
[2024-06-07T16:58:39.173+0200] {logging_mixin.py:188} INFO - [2024-06-07T16:58:39.172+0200] {dag.py:3954} INFO - Setting next_dagrun for example_short_circuit_decorator to 2024-06-06 00:00:00+00:00, run_after=2024-06-07 00:00:00+00:00
[2024-06-07T16:58:39.182+0200] {processor.py:183} INFO - Processing /Users/noejalabert/airflow_venv/lib/python3.11/site-packages/airflow/example_dags/example_short_circuit_decorator.py took 0.087 seconds
[2024-06-07T17:00:15.617+0200] {processor.py:161} INFO - Started process (PID=35103) to work on /Users/noejalabert/airflow_venv/lib/python3.11/site-packages/airflow/example_dags/example_short_circuit_decorator.py
[2024-06-07T17:00:15.619+0200] {processor.py:830} INFO - Processing file /Users/noejalabert/airflow_venv/lib/python3.11/site-packages/airflow/example_dags/example_short_circuit_decorator.py for tasks to queue
[2024-06-07T17:00:15.619+0200] {logging_mixin.py:188} INFO - [2024-06-07T17:00:15.619+0200] {dagbag.py:540} INFO - Filling up the DagBag from /Users/noejalabert/airflow_venv/lib/python3.11/site-packages/airflow/example_dags/example_short_circuit_decorator.py
[2024-06-07T17:00:15.637+0200] {processor.py:840} INFO - DAG(s) 'example_short_circuit_decorator' retrieved from /Users/noejalabert/airflow_venv/lib/python3.11/site-packages/airflow/example_dags/example_short_circuit_decorator.py
[2024-06-07T17:00:15.685+0200] {logging_mixin.py:188} INFO - [2024-06-07T17:00:15.684+0200] {dag.py:3096} INFO - Sync 1 DAGs
[2024-06-07T17:00:15.691+0200] {logging_mixin.py:188} INFO - [2024-06-07T17:00:15.691+0200] {dag.py:3954} INFO - Setting next_dagrun for example_short_circuit_decorator to 2024-06-06 00:00:00+00:00, run_after=2024-06-07 00:00:00+00:00
[2024-06-07T17:00:15.700+0200] {processor.py:183} INFO - Processing /Users/noejalabert/airflow_venv/lib/python3.11/site-packages/airflow/example_dags/example_short_circuit_decorator.py took 0.084 seconds
[2024-06-07T17:01:51.587+0200] {processor.py:161} INFO - Started process (PID=35214) to work on /Users/noejalabert/airflow_venv/lib/python3.11/site-packages/airflow/example_dags/example_short_circuit_decorator.py
[2024-06-07T17:01:51.588+0200] {processor.py:830} INFO - Processing file /Users/noejalabert/airflow_venv/lib/python3.11/site-packages/airflow/example_dags/example_short_circuit_decorator.py for tasks to queue
[2024-06-07T17:01:51.589+0200] {logging_mixin.py:188} INFO - [2024-06-07T17:01:51.588+0200] {dagbag.py:540} INFO - Filling up the DagBag from /Users/noejalabert/airflow_venv/lib/python3.11/site-packages/airflow/example_dags/example_short_circuit_decorator.py
[2024-06-07T17:01:51.606+0200] {processor.py:840} INFO - DAG(s) 'example_short_circuit_decorator' retrieved from /Users/noejalabert/airflow_venv/lib/python3.11/site-packages/airflow/example_dags/example_short_circuit_decorator.py
[2024-06-07T17:01:51.654+0200] {logging_mixin.py:188} INFO - [2024-06-07T17:01:51.654+0200] {dag.py:3096} INFO - Sync 1 DAGs
[2024-06-07T17:01:51.661+0200] {logging_mixin.py:188} INFO - [2024-06-07T17:01:51.661+0200] {dag.py:3954} INFO - Setting next_dagrun for example_short_circuit_decorator to 2024-06-06 00:00:00+00:00, run_after=2024-06-07 00:00:00+00:00
[2024-06-07T17:01:51.672+0200] {processor.py:183} INFO - Processing /Users/noejalabert/airflow_venv/lib/python3.11/site-packages/airflow/example_dags/example_short_circuit_decorator.py took 0.086 seconds
[2024-06-07T17:03:30.326+0200] {processor.py:161} INFO - Started process (PID=35314) to work on /Users/noejalabert/airflow_venv/lib/python3.11/site-packages/airflow/example_dags/example_short_circuit_decorator.py
[2024-06-07T17:03:30.327+0200] {processor.py:830} INFO - Processing file /Users/noejalabert/airflow_venv/lib/python3.11/site-packages/airflow/example_dags/example_short_circuit_decorator.py for tasks to queue
[2024-06-07T17:03:30.327+0200] {logging_mixin.py:188} INFO - [2024-06-07T17:03:30.327+0200] {dagbag.py:540} INFO - Filling up the DagBag from /Users/noejalabert/airflow_venv/lib/python3.11/site-packages/airflow/example_dags/example_short_circuit_decorator.py
[2024-06-07T17:03:30.345+0200] {processor.py:840} INFO - DAG(s) 'example_short_circuit_decorator' retrieved from /Users/noejalabert/airflow_venv/lib/python3.11/site-packages/airflow/example_dags/example_short_circuit_decorator.py
[2024-06-07T17:03:30.396+0200] {logging_mixin.py:188} INFO - [2024-06-07T17:03:30.396+0200] {dag.py:3096} INFO - Sync 1 DAGs
[2024-06-07T17:03:30.405+0200] {logging_mixin.py:188} INFO - [2024-06-07T17:03:30.404+0200] {dag.py:3954} INFO - Setting next_dagrun for example_short_circuit_decorator to 2024-06-06 00:00:00+00:00, run_after=2024-06-07 00:00:00+00:00
[2024-06-07T17:03:30.413+0200] {processor.py:183} INFO - Processing /Users/noejalabert/airflow_venv/lib/python3.11/site-packages/airflow/example_dags/example_short_circuit_decorator.py took 0.089 seconds
[2024-06-07T17:05:09.265+0200] {processor.py:161} INFO - Started process (PID=35460) to work on /Users/noejalabert/airflow_venv/lib/python3.11/site-packages/airflow/example_dags/example_short_circuit_decorator.py
[2024-06-07T17:05:09.266+0200] {processor.py:830} INFO - Processing file /Users/noejalabert/airflow_venv/lib/python3.11/site-packages/airflow/example_dags/example_short_circuit_decorator.py for tasks to queue
[2024-06-07T17:05:09.266+0200] {logging_mixin.py:188} INFO - [2024-06-07T17:05:09.266+0200] {dagbag.py:540} INFO - Filling up the DagBag from /Users/noejalabert/airflow_venv/lib/python3.11/site-packages/airflow/example_dags/example_short_circuit_decorator.py
[2024-06-07T17:05:09.285+0200] {processor.py:840} INFO - DAG(s) 'example_short_circuit_decorator' retrieved from /Users/noejalabert/airflow_venv/lib/python3.11/site-packages/airflow/example_dags/example_short_circuit_decorator.py
[2024-06-07T17:05:09.334+0200] {logging_mixin.py:188} INFO - [2024-06-07T17:05:09.334+0200] {dag.py:3096} INFO - Sync 1 DAGs
[2024-06-07T17:05:09.341+0200] {logging_mixin.py:188} INFO - [2024-06-07T17:05:09.340+0200] {dag.py:3954} INFO - Setting next_dagrun for example_short_circuit_decorator to 2024-06-06 00:00:00+00:00, run_after=2024-06-07 00:00:00+00:00
[2024-06-07T17:05:09.349+0200] {processor.py:183} INFO - Processing /Users/noejalabert/airflow_venv/lib/python3.11/site-packages/airflow/example_dags/example_short_circuit_decorator.py took 0.086 seconds
[2024-06-07T17:06:44.772+0200] {processor.py:161} INFO - Started process (PID=35549) to work on /Users/noejalabert/airflow_venv/lib/python3.11/site-packages/airflow/example_dags/example_short_circuit_decorator.py
[2024-06-07T17:06:44.772+0200] {processor.py:830} INFO - Processing file /Users/noejalabert/airflow_venv/lib/python3.11/site-packages/airflow/example_dags/example_short_circuit_decorator.py for tasks to queue
[2024-06-07T17:06:44.773+0200] {logging_mixin.py:188} INFO - [2024-06-07T17:06:44.773+0200] {dagbag.py:540} INFO - Filling up the DagBag from /Users/noejalabert/airflow_venv/lib/python3.11/site-packages/airflow/example_dags/example_short_circuit_decorator.py
[2024-06-07T17:06:44.791+0200] {processor.py:840} INFO - DAG(s) 'example_short_circuit_decorator' retrieved from /Users/noejalabert/airflow_venv/lib/python3.11/site-packages/airflow/example_dags/example_short_circuit_decorator.py
[2024-06-07T17:06:44.839+0200] {logging_mixin.py:188} INFO - [2024-06-07T17:06:44.839+0200] {dag.py:3096} INFO - Sync 1 DAGs
[2024-06-07T17:06:44.846+0200] {logging_mixin.py:188} INFO - [2024-06-07T17:06:44.846+0200] {dag.py:3954} INFO - Setting next_dagrun for example_short_circuit_decorator to 2024-06-06 00:00:00+00:00, run_after=2024-06-07 00:00:00+00:00
[2024-06-07T17:06:44.854+0200] {processor.py:183} INFO - Processing /Users/noejalabert/airflow_venv/lib/python3.11/site-packages/airflow/example_dags/example_short_circuit_decorator.py took 0.084 seconds
[2024-06-07T17:08:22.455+0200] {processor.py:161} INFO - Started process (PID=35657) to work on /Users/noejalabert/airflow_venv/lib/python3.11/site-packages/airflow/example_dags/example_short_circuit_decorator.py
[2024-06-07T17:08:22.456+0200] {processor.py:830} INFO - Processing file /Users/noejalabert/airflow_venv/lib/python3.11/site-packages/airflow/example_dags/example_short_circuit_decorator.py for tasks to queue
[2024-06-07T17:08:22.457+0200] {logging_mixin.py:188} INFO - [2024-06-07T17:08:22.456+0200] {dagbag.py:540} INFO - Filling up the DagBag from /Users/noejalabert/airflow_venv/lib/python3.11/site-packages/airflow/example_dags/example_short_circuit_decorator.py
[2024-06-07T17:08:22.477+0200] {processor.py:840} INFO - DAG(s) 'example_short_circuit_decorator' retrieved from /Users/noejalabert/airflow_venv/lib/python3.11/site-packages/airflow/example_dags/example_short_circuit_decorator.py
[2024-06-07T17:08:22.531+0200] {logging_mixin.py:188} INFO - [2024-06-07T17:08:22.531+0200] {dag.py:3096} INFO - Sync 1 DAGs
[2024-06-07T17:08:22.540+0200] {logging_mixin.py:188} INFO - [2024-06-07T17:08:22.540+0200] {dag.py:3954} INFO - Setting next_dagrun for example_short_circuit_decorator to 2024-06-06 00:00:00+00:00, run_after=2024-06-07 00:00:00+00:00
[2024-06-07T17:08:22.550+0200] {processor.py:183} INFO - Processing /Users/noejalabert/airflow_venv/lib/python3.11/site-packages/airflow/example_dags/example_short_circuit_decorator.py took 0.097 seconds
[2024-06-07T17:09:55.068+0200] {processor.py:161} INFO - Started process (PID=35756) to work on /Users/noejalabert/airflow_venv/lib/python3.11/site-packages/airflow/example_dags/example_short_circuit_decorator.py
[2024-06-07T17:09:55.069+0200] {processor.py:830} INFO - Processing file /Users/noejalabert/airflow_venv/lib/python3.11/site-packages/airflow/example_dags/example_short_circuit_decorator.py for tasks to queue
[2024-06-07T17:09:55.070+0200] {logging_mixin.py:188} INFO - [2024-06-07T17:09:55.070+0200] {dagbag.py:540} INFO - Filling up the DagBag from /Users/noejalabert/airflow_venv/lib/python3.11/site-packages/airflow/example_dags/example_short_circuit_decorator.py
[2024-06-07T17:09:55.090+0200] {processor.py:840} INFO - DAG(s) 'example_short_circuit_decorator' retrieved from /Users/noejalabert/airflow_venv/lib/python3.11/site-packages/airflow/example_dags/example_short_circuit_decorator.py
[2024-06-07T17:09:55.139+0200] {logging_mixin.py:188} INFO - [2024-06-07T17:09:55.139+0200] {dag.py:3096} INFO - Sync 1 DAGs
[2024-06-07T17:09:55.146+0200] {logging_mixin.py:188} INFO - [2024-06-07T17:09:55.146+0200] {dag.py:3954} INFO - Setting next_dagrun for example_short_circuit_decorator to 2024-06-06 00:00:00+00:00, run_after=2024-06-07 00:00:00+00:00
[2024-06-07T17:09:55.204+0200] {processor.py:183} INFO - Processing /Users/noejalabert/airflow_venv/lib/python3.11/site-packages/airflow/example_dags/example_short_circuit_decorator.py took 0.137 seconds
[2024-06-07T17:11:30.761+0200] {processor.py:161} INFO - Started process (PID=35859) to work on /Users/noejalabert/airflow_venv/lib/python3.11/site-packages/airflow/example_dags/example_short_circuit_decorator.py
[2024-06-07T17:11:30.762+0200] {processor.py:830} INFO - Processing file /Users/noejalabert/airflow_venv/lib/python3.11/site-packages/airflow/example_dags/example_short_circuit_decorator.py for tasks to queue
[2024-06-07T17:11:30.762+0200] {logging_mixin.py:188} INFO - [2024-06-07T17:11:30.762+0200] {dagbag.py:540} INFO - Filling up the DagBag from /Users/noejalabert/airflow_venv/lib/python3.11/site-packages/airflow/example_dags/example_short_circuit_decorator.py
[2024-06-07T17:11:30.781+0200] {processor.py:840} INFO - DAG(s) 'example_short_circuit_decorator' retrieved from /Users/noejalabert/airflow_venv/lib/python3.11/site-packages/airflow/example_dags/example_short_circuit_decorator.py
[2024-06-07T17:11:30.829+0200] {logging_mixin.py:188} INFO - [2024-06-07T17:11:30.829+0200] {dag.py:3096} INFO - Sync 1 DAGs
[2024-06-07T17:11:30.836+0200] {logging_mixin.py:188} INFO - [2024-06-07T17:11:30.836+0200] {dag.py:3954} INFO - Setting next_dagrun for example_short_circuit_decorator to 2024-06-06 00:00:00+00:00, run_after=2024-06-07 00:00:00+00:00
[2024-06-07T17:11:30.844+0200] {processor.py:183} INFO - Processing /Users/noejalabert/airflow_venv/lib/python3.11/site-packages/airflow/example_dags/example_short_circuit_decorator.py took 0.085 seconds
[2024-06-07T17:13:06.478+0200] {processor.py:161} INFO - Started process (PID=36020) to work on /Users/noejalabert/airflow_venv/lib/python3.11/site-packages/airflow/example_dags/example_short_circuit_decorator.py
[2024-06-07T17:13:06.479+0200] {processor.py:830} INFO - Processing file /Users/noejalabert/airflow_venv/lib/python3.11/site-packages/airflow/example_dags/example_short_circuit_decorator.py for tasks to queue
[2024-06-07T17:13:06.479+0200] {logging_mixin.py:188} INFO - [2024-06-07T17:13:06.479+0200] {dagbag.py:540} INFO - Filling up the DagBag from /Users/noejalabert/airflow_venv/lib/python3.11/site-packages/airflow/example_dags/example_short_circuit_decorator.py
[2024-06-07T17:13:06.498+0200] {processor.py:840} INFO - DAG(s) 'example_short_circuit_decorator' retrieved from /Users/noejalabert/airflow_venv/lib/python3.11/site-packages/airflow/example_dags/example_short_circuit_decorator.py
[2024-06-07T17:13:06.557+0200] {logging_mixin.py:188} INFO - [2024-06-07T17:13:06.557+0200] {dag.py:3096} INFO - Sync 1 DAGs
[2024-06-07T17:13:06.564+0200] {logging_mixin.py:188} INFO - [2024-06-07T17:13:06.564+0200] {dag.py:3954} INFO - Setting next_dagrun for example_short_circuit_decorator to 2024-06-06 00:00:00+00:00, run_after=2024-06-07 00:00:00+00:00
[2024-06-07T17:13:06.573+0200] {processor.py:183} INFO - Processing /Users/noejalabert/airflow_venv/lib/python3.11/site-packages/airflow/example_dags/example_short_circuit_decorator.py took 0.096 seconds
[2024-06-07T17:14:43.037+0200] {processor.py:161} INFO - Started process (PID=36141) to work on /Users/noejalabert/airflow_venv/lib/python3.11/site-packages/airflow/example_dags/example_short_circuit_decorator.py
[2024-06-07T17:14:43.038+0200] {processor.py:830} INFO - Processing file /Users/noejalabert/airflow_venv/lib/python3.11/site-packages/airflow/example_dags/example_short_circuit_decorator.py for tasks to queue
[2024-06-07T17:14:43.039+0200] {logging_mixin.py:188} INFO - [2024-06-07T17:14:43.038+0200] {dagbag.py:540} INFO - Filling up the DagBag from /Users/noejalabert/airflow_venv/lib/python3.11/site-packages/airflow/example_dags/example_short_circuit_decorator.py
[2024-06-07T17:14:43.090+0200] {processor.py:840} INFO - DAG(s) 'example_short_circuit_decorator' retrieved from /Users/noejalabert/airflow_venv/lib/python3.11/site-packages/airflow/example_dags/example_short_circuit_decorator.py
[2024-06-07T17:14:43.157+0200] {logging_mixin.py:188} INFO - [2024-06-07T17:14:43.157+0200] {dag.py:3096} INFO - Sync 1 DAGs
[2024-06-07T17:14:43.164+0200] {logging_mixin.py:188} INFO - [2024-06-07T17:14:43.164+0200] {dag.py:3954} INFO - Setting next_dagrun for example_short_circuit_decorator to 2024-06-06 00:00:00+00:00, run_after=2024-06-07 00:00:00+00:00
[2024-06-07T17:14:43.173+0200] {processor.py:183} INFO - Processing /Users/noejalabert/airflow_venv/lib/python3.11/site-packages/airflow/example_dags/example_short_circuit_decorator.py took 0.139 seconds
[2024-06-07T17:16:16.201+0200] {processor.py:161} INFO - Started process (PID=36483) to work on /Users/noejalabert/airflow_venv/lib/python3.11/site-packages/airflow/example_dags/example_short_circuit_decorator.py
[2024-06-07T17:16:16.202+0200] {processor.py:830} INFO - Processing file /Users/noejalabert/airflow_venv/lib/python3.11/site-packages/airflow/example_dags/example_short_circuit_decorator.py for tasks to queue
[2024-06-07T17:16:16.202+0200] {logging_mixin.py:188} INFO - [2024-06-07T17:16:16.202+0200] {dagbag.py:540} INFO - Filling up the DagBag from /Users/noejalabert/airflow_venv/lib/python3.11/site-packages/airflow/example_dags/example_short_circuit_decorator.py
[2024-06-07T17:16:16.220+0200] {processor.py:840} INFO - DAG(s) 'example_short_circuit_decorator' retrieved from /Users/noejalabert/airflow_venv/lib/python3.11/site-packages/airflow/example_dags/example_short_circuit_decorator.py
[2024-06-07T17:16:16.273+0200] {logging_mixin.py:188} INFO - [2024-06-07T17:16:16.272+0200] {dag.py:3096} INFO - Sync 1 DAGs
[2024-06-07T17:16:16.280+0200] {logging_mixin.py:188} INFO - [2024-06-07T17:16:16.280+0200] {dag.py:3954} INFO - Setting next_dagrun for example_short_circuit_decorator to 2024-06-06 00:00:00+00:00, run_after=2024-06-07 00:00:00+00:00
[2024-06-07T17:16:16.289+0200] {processor.py:183} INFO - Processing /Users/noejalabert/airflow_venv/lib/python3.11/site-packages/airflow/example_dags/example_short_circuit_decorator.py took 0.089 seconds
[2024-06-07T17:17:52.803+0200] {processor.py:161} INFO - Started process (PID=36809) to work on /Users/noejalabert/airflow_venv/lib/python3.11/site-packages/airflow/example_dags/example_short_circuit_decorator.py
[2024-06-07T17:17:52.804+0200] {processor.py:830} INFO - Processing file /Users/noejalabert/airflow_venv/lib/python3.11/site-packages/airflow/example_dags/example_short_circuit_decorator.py for tasks to queue
[2024-06-07T17:17:52.804+0200] {logging_mixin.py:188} INFO - [2024-06-07T17:17:52.804+0200] {dagbag.py:540} INFO - Filling up the DagBag from /Users/noejalabert/airflow_venv/lib/python3.11/site-packages/airflow/example_dags/example_short_circuit_decorator.py
[2024-06-07T17:17:52.840+0200] {processor.py:840} INFO - DAG(s) 'example_short_circuit_decorator' retrieved from /Users/noejalabert/airflow_venv/lib/python3.11/site-packages/airflow/example_dags/example_short_circuit_decorator.py
[2024-06-07T17:17:52.941+0200] {logging_mixin.py:188} INFO - [2024-06-07T17:17:52.940+0200] {dag.py:3096} INFO - Sync 1 DAGs
[2024-06-07T17:17:52.956+0200] {logging_mixin.py:188} INFO - [2024-06-07T17:17:52.956+0200] {dag.py:3954} INFO - Setting next_dagrun for example_short_circuit_decorator to 2024-06-06 00:00:00+00:00, run_after=2024-06-07 00:00:00+00:00
[2024-06-07T17:17:52.975+0200] {processor.py:183} INFO - Processing /Users/noejalabert/airflow_venv/lib/python3.11/site-packages/airflow/example_dags/example_short_circuit_decorator.py took 0.174 seconds
