[2024-06-07T16:10:38.770+0200] {processor.py:161} INFO - Started process (PID=31732) to work on /Users/noejalabert/airflow_venv/lib/python3.11/site-packages/airflow/example_dags/example_display_name.py
[2024-06-07T16:10:38.771+0200] {processor.py:830} INFO - Processing file /Users/noejalabert/airflow_venv/lib/python3.11/site-packages/airflow/example_dags/example_display_name.py for tasks to queue
[2024-06-07T16:10:38.771+0200] {logging_mixin.py:188} INFO - [2024-06-07T16:10:38.771+0200] {dagbag.py:540} INFO - Filling up the DagBag from /Users/noejalabert/airflow_venv/lib/python3.11/site-packages/airflow/example_dags/example_display_name.py
[2024-06-07T16:10:38.789+0200] {processor.py:840} INFO - DAG(s) 'example_display_name' retrieved from /Users/noejalabert/airflow_venv/lib/python3.11/site-packages/airflow/example_dags/example_display_name.py
[2024-06-07T16:10:38.876+0200] {logging_mixin.py:188} INFO - [2024-06-07T16:10:38.875+0200] {dag.py:3096} INFO - Sync 1 DAGs
[2024-06-07T16:10:38.910+0200] {logging_mixin.py:188} INFO - [2024-06-07T16:10:38.910+0200] {dag.py:3954} INFO - Setting next_dagrun for example_display_name to None, run_after=None
[2024-06-07T16:10:38.923+0200] {processor.py:183} INFO - Processing /Users/noejalabert/airflow_venv/lib/python3.11/site-packages/airflow/example_dags/example_display_name.py took 0.154 seconds
[2024-06-07T16:12:20.606+0200] {processor.py:161} INFO - Started process (PID=31826) to work on /Users/noejalabert/airflow_venv/lib/python3.11/site-packages/airflow/example_dags/example_display_name.py
[2024-06-07T16:12:20.607+0200] {processor.py:830} INFO - Processing file /Users/noejalabert/airflow_venv/lib/python3.11/site-packages/airflow/example_dags/example_display_name.py for tasks to queue
[2024-06-07T16:12:20.607+0200] {logging_mixin.py:188} INFO - [2024-06-07T16:12:20.607+0200] {dagbag.py:540} INFO - Filling up the DagBag from /Users/noejalabert/airflow_venv/lib/python3.11/site-packages/airflow/example_dags/example_display_name.py
[2024-06-07T16:12:20.625+0200] {processor.py:840} INFO - DAG(s) 'example_display_name' retrieved from /Users/noejalabert/airflow_venv/lib/python3.11/site-packages/airflow/example_dags/example_display_name.py
[2024-06-07T16:12:20.671+0200] {logging_mixin.py:188} INFO - [2024-06-07T16:12:20.671+0200] {dag.py:3096} INFO - Sync 1 DAGs
[2024-06-07T16:12:20.675+0200] {logging_mixin.py:188} INFO - [2024-06-07T16:12:20.675+0200] {dag.py:3954} INFO - Setting next_dagrun for example_display_name to None, run_after=None
[2024-06-07T16:12:20.683+0200] {processor.py:183} INFO - Processing /Users/noejalabert/airflow_venv/lib/python3.11/site-packages/airflow/example_dags/example_display_name.py took 0.078 seconds
[2024-06-07T16:13:53.230+0200] {processor.py:161} INFO - Started process (PID=31906) to work on /Users/noejalabert/airflow_venv/lib/python3.11/site-packages/airflow/example_dags/example_display_name.py
[2024-06-07T16:13:53.231+0200] {processor.py:830} INFO - Processing file /Users/noejalabert/airflow_venv/lib/python3.11/site-packages/airflow/example_dags/example_display_name.py for tasks to queue
[2024-06-07T16:13:53.231+0200] {logging_mixin.py:188} INFO - [2024-06-07T16:13:53.231+0200] {dagbag.py:540} INFO - Filling up the DagBag from /Users/noejalabert/airflow_venv/lib/python3.11/site-packages/airflow/example_dags/example_display_name.py
[2024-06-07T16:13:53.248+0200] {processor.py:840} INFO - DAG(s) 'example_display_name' retrieved from /Users/noejalabert/airflow_venv/lib/python3.11/site-packages/airflow/example_dags/example_display_name.py
[2024-06-07T16:13:53.294+0200] {logging_mixin.py:188} INFO - [2024-06-07T16:13:53.294+0200] {dag.py:3096} INFO - Sync 1 DAGs
[2024-06-07T16:13:53.298+0200] {logging_mixin.py:188} INFO - [2024-06-07T16:13:53.298+0200] {dag.py:3954} INFO - Setting next_dagrun for example_display_name to None, run_after=None
[2024-06-07T16:13:53.306+0200] {processor.py:183} INFO - Processing /Users/noejalabert/airflow_venv/lib/python3.11/site-packages/airflow/example_dags/example_display_name.py took 0.078 seconds
[2024-06-07T16:15:27.032+0200] {processor.py:161} INFO - Started process (PID=31988) to work on /Users/noejalabert/airflow_venv/lib/python3.11/site-packages/airflow/example_dags/example_display_name.py
[2024-06-07T16:15:27.033+0200] {processor.py:830} INFO - Processing file /Users/noejalabert/airflow_venv/lib/python3.11/site-packages/airflow/example_dags/example_display_name.py for tasks to queue
[2024-06-07T16:15:27.033+0200] {logging_mixin.py:188} INFO - [2024-06-07T16:15:27.033+0200] {dagbag.py:540} INFO - Filling up the DagBag from /Users/noejalabert/airflow_venv/lib/python3.11/site-packages/airflow/example_dags/example_display_name.py
[2024-06-07T16:15:27.051+0200] {processor.py:840} INFO - DAG(s) 'example_display_name' retrieved from /Users/noejalabert/airflow_venv/lib/python3.11/site-packages/airflow/example_dags/example_display_name.py
[2024-06-07T16:15:27.099+0200] {logging_mixin.py:188} INFO - [2024-06-07T16:15:27.099+0200] {dag.py:3096} INFO - Sync 1 DAGs
[2024-06-07T16:15:27.103+0200] {logging_mixin.py:188} INFO - [2024-06-07T16:15:27.103+0200] {dag.py:3954} INFO - Setting next_dagrun for example_display_name to None, run_after=None
[2024-06-07T16:15:27.112+0200] {processor.py:183} INFO - Processing /Users/noejalabert/airflow_venv/lib/python3.11/site-packages/airflow/example_dags/example_display_name.py took 0.082 seconds
[2024-06-07T16:16:59.235+0200] {processor.py:161} INFO - Started process (PID=32061) to work on /Users/noejalabert/airflow_venv/lib/python3.11/site-packages/airflow/example_dags/example_display_name.py
[2024-06-07T16:16:59.235+0200] {processor.py:830} INFO - Processing file /Users/noejalabert/airflow_venv/lib/python3.11/site-packages/airflow/example_dags/example_display_name.py for tasks to queue
[2024-06-07T16:16:59.236+0200] {logging_mixin.py:188} INFO - [2024-06-07T16:16:59.236+0200] {dagbag.py:540} INFO - Filling up the DagBag from /Users/noejalabert/airflow_venv/lib/python3.11/site-packages/airflow/example_dags/example_display_name.py
[2024-06-07T16:16:59.257+0200] {processor.py:840} INFO - DAG(s) 'example_display_name' retrieved from /Users/noejalabert/airflow_venv/lib/python3.11/site-packages/airflow/example_dags/example_display_name.py
[2024-06-07T16:16:59.306+0200] {logging_mixin.py:188} INFO - [2024-06-07T16:16:59.306+0200] {dag.py:3096} INFO - Sync 1 DAGs
[2024-06-07T16:16:59.310+0200] {logging_mixin.py:188} INFO - [2024-06-07T16:16:59.310+0200] {dag.py:3954} INFO - Setting next_dagrun for example_display_name to None, run_after=None
[2024-06-07T16:16:59.318+0200] {processor.py:183} INFO - Processing /Users/noejalabert/airflow_venv/lib/python3.11/site-packages/airflow/example_dags/example_display_name.py took 0.085 seconds
[2024-06-07T16:18:31.936+0200] {processor.py:161} INFO - Started process (PID=32148) to work on /Users/noejalabert/airflow_venv/lib/python3.11/site-packages/airflow/example_dags/example_display_name.py
[2024-06-07T16:18:31.937+0200] {processor.py:830} INFO - Processing file /Users/noejalabert/airflow_venv/lib/python3.11/site-packages/airflow/example_dags/example_display_name.py for tasks to queue
[2024-06-07T16:18:31.938+0200] {logging_mixin.py:188} INFO - [2024-06-07T16:18:31.938+0200] {dagbag.py:540} INFO - Filling up the DagBag from /Users/noejalabert/airflow_venv/lib/python3.11/site-packages/airflow/example_dags/example_display_name.py
[2024-06-07T16:18:31.956+0200] {processor.py:840} INFO - DAG(s) 'example_display_name' retrieved from /Users/noejalabert/airflow_venv/lib/python3.11/site-packages/airflow/example_dags/example_display_name.py
[2024-06-07T16:18:32.004+0200] {logging_mixin.py:188} INFO - [2024-06-07T16:18:32.004+0200] {dag.py:3096} INFO - Sync 1 DAGs
[2024-06-07T16:18:32.008+0200] {logging_mixin.py:188} INFO - [2024-06-07T16:18:32.008+0200] {dag.py:3954} INFO - Setting next_dagrun for example_display_name to None, run_after=None
[2024-06-07T16:18:32.016+0200] {processor.py:183} INFO - Processing /Users/noejalabert/airflow_venv/lib/python3.11/site-packages/airflow/example_dags/example_display_name.py took 0.081 seconds
[2024-06-07T16:20:00.216+0200] {processor.py:161} INFO - Started process (PID=32223) to work on /Users/noejalabert/airflow_venv/lib/python3.11/site-packages/airflow/example_dags/example_display_name.py
[2024-06-07T16:20:00.218+0200] {processor.py:830} INFO - Processing file /Users/noejalabert/airflow_venv/lib/python3.11/site-packages/airflow/example_dags/example_display_name.py for tasks to queue
[2024-06-07T16:20:00.218+0200] {logging_mixin.py:188} INFO - [2024-06-07T16:20:00.218+0200] {dagbag.py:540} INFO - Filling up the DagBag from /Users/noejalabert/airflow_venv/lib/python3.11/site-packages/airflow/example_dags/example_display_name.py
[2024-06-07T16:20:00.236+0200] {processor.py:840} INFO - DAG(s) 'example_display_name' retrieved from /Users/noejalabert/airflow_venv/lib/python3.11/site-packages/airflow/example_dags/example_display_name.py
[2024-06-07T16:20:00.283+0200] {logging_mixin.py:188} INFO - [2024-06-07T16:20:00.283+0200] {dag.py:3096} INFO - Sync 1 DAGs
[2024-06-07T16:20:00.287+0200] {logging_mixin.py:188} INFO - [2024-06-07T16:20:00.287+0200] {dag.py:3954} INFO - Setting next_dagrun for example_display_name to None, run_after=None
[2024-06-07T16:20:00.295+0200] {processor.py:183} INFO - Processing /Users/noejalabert/airflow_venv/lib/python3.11/site-packages/airflow/example_dags/example_display_name.py took 0.080 seconds
[2024-06-07T16:21:33.431+0200] {processor.py:161} INFO - Started process (PID=32310) to work on /Users/noejalabert/airflow_venv/lib/python3.11/site-packages/airflow/example_dags/example_display_name.py
[2024-06-07T16:21:33.432+0200] {processor.py:830} INFO - Processing file /Users/noejalabert/airflow_venv/lib/python3.11/site-packages/airflow/example_dags/example_display_name.py for tasks to queue
[2024-06-07T16:21:33.432+0200] {logging_mixin.py:188} INFO - [2024-06-07T16:21:33.432+0200] {dagbag.py:540} INFO - Filling up the DagBag from /Users/noejalabert/airflow_venv/lib/python3.11/site-packages/airflow/example_dags/example_display_name.py
[2024-06-07T16:21:33.449+0200] {processor.py:840} INFO - DAG(s) 'example_display_name' retrieved from /Users/noejalabert/airflow_venv/lib/python3.11/site-packages/airflow/example_dags/example_display_name.py
[2024-06-07T16:21:33.494+0200] {logging_mixin.py:188} INFO - [2024-06-07T16:21:33.493+0200] {dag.py:3096} INFO - Sync 1 DAGs
[2024-06-07T16:21:33.497+0200] {logging_mixin.py:188} INFO - [2024-06-07T16:21:33.497+0200] {dag.py:3954} INFO - Setting next_dagrun for example_display_name to None, run_after=None
[2024-06-07T16:21:33.505+0200] {processor.py:183} INFO - Processing /Users/noejalabert/airflow_venv/lib/python3.11/site-packages/airflow/example_dags/example_display_name.py took 0.076 seconds
[2024-06-07T16:23:09.722+0200] {processor.py:161} INFO - Started process (PID=32387) to work on /Users/noejalabert/airflow_venv/lib/python3.11/site-packages/airflow/example_dags/example_display_name.py
[2024-06-07T16:23:09.724+0200] {processor.py:830} INFO - Processing file /Users/noejalabert/airflow_venv/lib/python3.11/site-packages/airflow/example_dags/example_display_name.py for tasks to queue
[2024-06-07T16:23:09.724+0200] {logging_mixin.py:188} INFO - [2024-06-07T16:23:09.724+0200] {dagbag.py:540} INFO - Filling up the DagBag from /Users/noejalabert/airflow_venv/lib/python3.11/site-packages/airflow/example_dags/example_display_name.py
[2024-06-07T16:23:09.753+0200] {processor.py:840} INFO - DAG(s) 'example_display_name' retrieved from /Users/noejalabert/airflow_venv/lib/python3.11/site-packages/airflow/example_dags/example_display_name.py
[2024-06-07T16:23:09.803+0200] {logging_mixin.py:188} INFO - [2024-06-07T16:23:09.803+0200] {dag.py:3096} INFO - Sync 1 DAGs
[2024-06-07T16:23:09.810+0200] {logging_mixin.py:188} INFO - [2024-06-07T16:23:09.810+0200] {dag.py:3954} INFO - Setting next_dagrun for example_display_name to None, run_after=None
[2024-06-07T16:23:09.820+0200] {processor.py:183} INFO - Processing /Users/noejalabert/airflow_venv/lib/python3.11/site-packages/airflow/example_dags/example_display_name.py took 0.100 seconds
[2024-06-07T16:24:43.339+0200] {processor.py:161} INFO - Started process (PID=32464) to work on /Users/noejalabert/airflow_venv/lib/python3.11/site-packages/airflow/example_dags/example_display_name.py
[2024-06-07T16:24:43.340+0200] {processor.py:830} INFO - Processing file /Users/noejalabert/airflow_venv/lib/python3.11/site-packages/airflow/example_dags/example_display_name.py for tasks to queue
[2024-06-07T16:24:43.340+0200] {logging_mixin.py:188} INFO - [2024-06-07T16:24:43.340+0200] {dagbag.py:540} INFO - Filling up the DagBag from /Users/noejalabert/airflow_venv/lib/python3.11/site-packages/airflow/example_dags/example_display_name.py
[2024-06-07T16:24:43.358+0200] {processor.py:840} INFO - DAG(s) 'example_display_name' retrieved from /Users/noejalabert/airflow_venv/lib/python3.11/site-packages/airflow/example_dags/example_display_name.py
[2024-06-07T16:24:43.405+0200] {logging_mixin.py:188} INFO - [2024-06-07T16:24:43.405+0200] {dag.py:3096} INFO - Sync 1 DAGs
[2024-06-07T16:24:43.409+0200] {logging_mixin.py:188} INFO - [2024-06-07T16:24:43.409+0200] {dag.py:3954} INFO - Setting next_dagrun for example_display_name to None, run_after=None
[2024-06-07T16:24:43.417+0200] {processor.py:183} INFO - Processing /Users/noejalabert/airflow_venv/lib/python3.11/site-packages/airflow/example_dags/example_display_name.py took 0.080 seconds
[2024-06-07T16:26:17.260+0200] {processor.py:161} INFO - Started process (PID=32563) to work on /Users/noejalabert/airflow_venv/lib/python3.11/site-packages/airflow/example_dags/example_display_name.py
[2024-06-07T16:26:17.261+0200] {processor.py:830} INFO - Processing file /Users/noejalabert/airflow_venv/lib/python3.11/site-packages/airflow/example_dags/example_display_name.py for tasks to queue
[2024-06-07T16:26:17.261+0200] {logging_mixin.py:188} INFO - [2024-06-07T16:26:17.261+0200] {dagbag.py:540} INFO - Filling up the DagBag from /Users/noejalabert/airflow_venv/lib/python3.11/site-packages/airflow/example_dags/example_display_name.py
[2024-06-07T16:26:17.278+0200] {processor.py:840} INFO - DAG(s) 'example_display_name' retrieved from /Users/noejalabert/airflow_venv/lib/python3.11/site-packages/airflow/example_dags/example_display_name.py
[2024-06-07T16:26:17.325+0200] {logging_mixin.py:188} INFO - [2024-06-07T16:26:17.325+0200] {dag.py:3096} INFO - Sync 1 DAGs
[2024-06-07T16:26:17.329+0200] {logging_mixin.py:188} INFO - [2024-06-07T16:26:17.329+0200] {dag.py:3954} INFO - Setting next_dagrun for example_display_name to None, run_after=None
[2024-06-07T16:26:17.336+0200] {processor.py:183} INFO - Processing /Users/noejalabert/airflow_venv/lib/python3.11/site-packages/airflow/example_dags/example_display_name.py took 0.078 seconds
[2024-06-07T16:27:45.220+0200] {processor.py:161} INFO - Started process (PID=32714) to work on /Users/noejalabert/airflow_venv/lib/python3.11/site-packages/airflow/example_dags/example_display_name.py
[2024-06-07T16:27:45.221+0200] {processor.py:830} INFO - Processing file /Users/noejalabert/airflow_venv/lib/python3.11/site-packages/airflow/example_dags/example_display_name.py for tasks to queue
[2024-06-07T16:27:45.221+0200] {logging_mixin.py:188} INFO - [2024-06-07T16:27:45.221+0200] {dagbag.py:540} INFO - Filling up the DagBag from /Users/noejalabert/airflow_venv/lib/python3.11/site-packages/airflow/example_dags/example_display_name.py
[2024-06-07T16:27:45.237+0200] {processor.py:840} INFO - DAG(s) 'example_display_name' retrieved from /Users/noejalabert/airflow_venv/lib/python3.11/site-packages/airflow/example_dags/example_display_name.py
[2024-06-07T16:27:45.284+0200] {logging_mixin.py:188} INFO - [2024-06-07T16:27:45.284+0200] {dag.py:3096} INFO - Sync 1 DAGs
[2024-06-07T16:27:45.288+0200] {logging_mixin.py:188} INFO - [2024-06-07T16:27:45.288+0200] {dag.py:3954} INFO - Setting next_dagrun for example_display_name to None, run_after=None
[2024-06-07T16:27:45.296+0200] {processor.py:183} INFO - Processing /Users/noejalabert/airflow_venv/lib/python3.11/site-packages/airflow/example_dags/example_display_name.py took 0.078 seconds
[2024-06-07T16:29:16.247+0200] {processor.py:161} INFO - Started process (PID=32799) to work on /Users/noejalabert/airflow_venv/lib/python3.11/site-packages/airflow/example_dags/example_display_name.py
[2024-06-07T16:29:16.248+0200] {processor.py:830} INFO - Processing file /Users/noejalabert/airflow_venv/lib/python3.11/site-packages/airflow/example_dags/example_display_name.py for tasks to queue
[2024-06-07T16:29:16.248+0200] {logging_mixin.py:188} INFO - [2024-06-07T16:29:16.248+0200] {dagbag.py:540} INFO - Filling up the DagBag from /Users/noejalabert/airflow_venv/lib/python3.11/site-packages/airflow/example_dags/example_display_name.py
[2024-06-07T16:29:16.265+0200] {processor.py:840} INFO - DAG(s) 'example_display_name' retrieved from /Users/noejalabert/airflow_venv/lib/python3.11/site-packages/airflow/example_dags/example_display_name.py
[2024-06-07T16:29:16.312+0200] {logging_mixin.py:188} INFO - [2024-06-07T16:29:16.312+0200] {dag.py:3096} INFO - Sync 1 DAGs
[2024-06-07T16:29:16.316+0200] {logging_mixin.py:188} INFO - [2024-06-07T16:29:16.316+0200] {dag.py:3954} INFO - Setting next_dagrun for example_display_name to None, run_after=None
[2024-06-07T16:29:16.324+0200] {processor.py:183} INFO - Processing /Users/noejalabert/airflow_venv/lib/python3.11/site-packages/airflow/example_dags/example_display_name.py took 0.079 seconds
[2024-06-07T16:30:51.703+0200] {processor.py:161} INFO - Started process (PID=32888) to work on /Users/noejalabert/airflow_venv/lib/python3.11/site-packages/airflow/example_dags/example_display_name.py
[2024-06-07T16:30:51.704+0200] {processor.py:830} INFO - Processing file /Users/noejalabert/airflow_venv/lib/python3.11/site-packages/airflow/example_dags/example_display_name.py for tasks to queue
[2024-06-07T16:30:51.704+0200] {logging_mixin.py:188} INFO - [2024-06-07T16:30:51.704+0200] {dagbag.py:540} INFO - Filling up the DagBag from /Users/noejalabert/airflow_venv/lib/python3.11/site-packages/airflow/example_dags/example_display_name.py
[2024-06-07T16:30:51.721+0200] {processor.py:840} INFO - DAG(s) 'example_display_name' retrieved from /Users/noejalabert/airflow_venv/lib/python3.11/site-packages/airflow/example_dags/example_display_name.py
[2024-06-07T16:30:51.776+0200] {logging_mixin.py:188} INFO - [2024-06-07T16:30:51.776+0200] {dag.py:3096} INFO - Sync 1 DAGs
[2024-06-07T16:30:51.781+0200] {logging_mixin.py:188} INFO - [2024-06-07T16:30:51.781+0200] {dag.py:3954} INFO - Setting next_dagrun for example_display_name to None, run_after=None
[2024-06-07T16:30:51.790+0200] {processor.py:183} INFO - Processing /Users/noejalabert/airflow_venv/lib/python3.11/site-packages/airflow/example_dags/example_display_name.py took 0.089 seconds
[2024-06-07T16:32:23.401+0200] {processor.py:161} INFO - Started process (PID=32966) to work on /Users/noejalabert/airflow_venv/lib/python3.11/site-packages/airflow/example_dags/example_display_name.py
[2024-06-07T16:32:23.403+0200] {processor.py:830} INFO - Processing file /Users/noejalabert/airflow_venv/lib/python3.11/site-packages/airflow/example_dags/example_display_name.py for tasks to queue
[2024-06-07T16:32:23.403+0200] {logging_mixin.py:188} INFO - [2024-06-07T16:32:23.403+0200] {dagbag.py:540} INFO - Filling up the DagBag from /Users/noejalabert/airflow_venv/lib/python3.11/site-packages/airflow/example_dags/example_display_name.py
[2024-06-07T16:32:23.419+0200] {processor.py:840} INFO - DAG(s) 'example_display_name' retrieved from /Users/noejalabert/airflow_venv/lib/python3.11/site-packages/airflow/example_dags/example_display_name.py
[2024-06-07T16:32:23.465+0200] {logging_mixin.py:188} INFO - [2024-06-07T16:32:23.465+0200] {dag.py:3096} INFO - Sync 1 DAGs
[2024-06-07T16:32:23.469+0200] {logging_mixin.py:188} INFO - [2024-06-07T16:32:23.469+0200] {dag.py:3954} INFO - Setting next_dagrun for example_display_name to None, run_after=None
[2024-06-07T16:32:23.476+0200] {processor.py:183} INFO - Processing /Users/noejalabert/airflow_venv/lib/python3.11/site-packages/airflow/example_dags/example_display_name.py took 0.077 seconds
[2024-06-07T16:33:55.349+0200] {processor.py:161} INFO - Started process (PID=33051) to work on /Users/noejalabert/airflow_venv/lib/python3.11/site-packages/airflow/example_dags/example_display_name.py
[2024-06-07T16:33:55.351+0200] {processor.py:830} INFO - Processing file /Users/noejalabert/airflow_venv/lib/python3.11/site-packages/airflow/example_dags/example_display_name.py for tasks to queue
[2024-06-07T16:33:55.351+0200] {logging_mixin.py:188} INFO - [2024-06-07T16:33:55.351+0200] {dagbag.py:540} INFO - Filling up the DagBag from /Users/noejalabert/airflow_venv/lib/python3.11/site-packages/airflow/example_dags/example_display_name.py
[2024-06-07T16:33:55.370+0200] {processor.py:840} INFO - DAG(s) 'example_display_name' retrieved from /Users/noejalabert/airflow_venv/lib/python3.11/site-packages/airflow/example_dags/example_display_name.py
[2024-06-07T16:33:55.427+0200] {logging_mixin.py:188} INFO - [2024-06-07T16:33:55.426+0200] {dag.py:3096} INFO - Sync 1 DAGs
[2024-06-07T16:33:55.431+0200] {logging_mixin.py:188} INFO - [2024-06-07T16:33:55.431+0200] {dag.py:3954} INFO - Setting next_dagrun for example_display_name to None, run_after=None
[2024-06-07T16:33:55.441+0200] {processor.py:183} INFO - Processing /Users/noejalabert/airflow_venv/lib/python3.11/site-packages/airflow/example_dags/example_display_name.py took 0.094 seconds
[2024-06-07T16:35:41.875+0200] {processor.py:161} INFO - Started process (PID=33175) to work on /Users/noejalabert/airflow_venv/lib/python3.11/site-packages/airflow/example_dags/example_display_name.py
[2024-06-07T16:35:41.877+0200] {processor.py:830} INFO - Processing file /Users/noejalabert/airflow_venv/lib/python3.11/site-packages/airflow/example_dags/example_display_name.py for tasks to queue
[2024-06-07T16:35:41.877+0200] {logging_mixin.py:188} INFO - [2024-06-07T16:35:41.877+0200] {dagbag.py:540} INFO - Filling up the DagBag from /Users/noejalabert/airflow_venv/lib/python3.11/site-packages/airflow/example_dags/example_display_name.py
[2024-06-07T16:35:41.895+0200] {processor.py:840} INFO - DAG(s) 'example_display_name' retrieved from /Users/noejalabert/airflow_venv/lib/python3.11/site-packages/airflow/example_dags/example_display_name.py
[2024-06-07T16:35:41.945+0200] {logging_mixin.py:188} INFO - [2024-06-07T16:35:41.945+0200] {dag.py:3096} INFO - Sync 1 DAGs
[2024-06-07T16:35:41.950+0200] {logging_mixin.py:188} INFO - [2024-06-07T16:35:41.949+0200] {dag.py:3954} INFO - Setting next_dagrun for example_display_name to None, run_after=None
[2024-06-07T16:35:41.958+0200] {processor.py:183} INFO - Processing /Users/noejalabert/airflow_venv/lib/python3.11/site-packages/airflow/example_dags/example_display_name.py took 0.084 seconds
[2024-06-07T16:37:28.130+0200] {processor.py:161} INFO - Started process (PID=33304) to work on /Users/noejalabert/airflow_venv/lib/python3.11/site-packages/airflow/example_dags/example_display_name.py
[2024-06-07T16:37:28.131+0200] {processor.py:830} INFO - Processing file /Users/noejalabert/airflow_venv/lib/python3.11/site-packages/airflow/example_dags/example_display_name.py for tasks to queue
[2024-06-07T16:37:28.132+0200] {logging_mixin.py:188} INFO - [2024-06-07T16:37:28.132+0200] {dagbag.py:540} INFO - Filling up the DagBag from /Users/noejalabert/airflow_venv/lib/python3.11/site-packages/airflow/example_dags/example_display_name.py
[2024-06-07T16:37:28.150+0200] {processor.py:840} INFO - DAG(s) 'example_display_name' retrieved from /Users/noejalabert/airflow_venv/lib/python3.11/site-packages/airflow/example_dags/example_display_name.py
[2024-06-07T16:37:28.201+0200] {logging_mixin.py:188} INFO - [2024-06-07T16:37:28.200+0200] {dag.py:3096} INFO - Sync 1 DAGs
[2024-06-07T16:37:28.205+0200] {logging_mixin.py:188} INFO - [2024-06-07T16:37:28.205+0200] {dag.py:3954} INFO - Setting next_dagrun for example_display_name to None, run_after=None
[2024-06-07T16:37:28.213+0200] {processor.py:183} INFO - Processing /Users/noejalabert/airflow_venv/lib/python3.11/site-packages/airflow/example_dags/example_display_name.py took 0.085 seconds
[2024-06-07T16:39:06.702+0200] {processor.py:161} INFO - Started process (PID=33415) to work on /Users/noejalabert/airflow_venv/lib/python3.11/site-packages/airflow/example_dags/example_display_name.py
[2024-06-07T16:39:06.703+0200] {processor.py:830} INFO - Processing file /Users/noejalabert/airflow_venv/lib/python3.11/site-packages/airflow/example_dags/example_display_name.py for tasks to queue
[2024-06-07T16:39:06.703+0200] {logging_mixin.py:188} INFO - [2024-06-07T16:39:06.703+0200] {dagbag.py:540} INFO - Filling up the DagBag from /Users/noejalabert/airflow_venv/lib/python3.11/site-packages/airflow/example_dags/example_display_name.py
[2024-06-07T16:39:06.725+0200] {processor.py:840} INFO - DAG(s) 'example_display_name' retrieved from /Users/noejalabert/airflow_venv/lib/python3.11/site-packages/airflow/example_dags/example_display_name.py
[2024-06-07T16:39:06.780+0200] {logging_mixin.py:188} INFO - [2024-06-07T16:39:06.780+0200] {dag.py:3096} INFO - Sync 1 DAGs
[2024-06-07T16:39:06.785+0200] {logging_mixin.py:188} INFO - [2024-06-07T16:39:06.785+0200] {dag.py:3954} INFO - Setting next_dagrun for example_display_name to None, run_after=None
[2024-06-07T16:39:06.796+0200] {processor.py:183} INFO - Processing /Users/noejalabert/airflow_venv/lib/python3.11/site-packages/airflow/example_dags/example_display_name.py took 0.096 seconds
[2024-06-07T16:40:48.789+0200] {processor.py:161} INFO - Started process (PID=33531) to work on /Users/noejalabert/airflow_venv/lib/python3.11/site-packages/airflow/example_dags/example_display_name.py
[2024-06-07T16:40:48.790+0200] {processor.py:830} INFO - Processing file /Users/noejalabert/airflow_venv/lib/python3.11/site-packages/airflow/example_dags/example_display_name.py for tasks to queue
[2024-06-07T16:40:48.790+0200] {logging_mixin.py:188} INFO - [2024-06-07T16:40:48.790+0200] {dagbag.py:540} INFO - Filling up the DagBag from /Users/noejalabert/airflow_venv/lib/python3.11/site-packages/airflow/example_dags/example_display_name.py
[2024-06-07T16:40:48.809+0200] {processor.py:840} INFO - DAG(s) 'example_display_name' retrieved from /Users/noejalabert/airflow_venv/lib/python3.11/site-packages/airflow/example_dags/example_display_name.py
[2024-06-07T16:40:48.865+0200] {logging_mixin.py:188} INFO - [2024-06-07T16:40:48.865+0200] {dag.py:3096} INFO - Sync 1 DAGs
[2024-06-07T16:40:48.870+0200] {logging_mixin.py:188} INFO - [2024-06-07T16:40:48.870+0200] {dag.py:3954} INFO - Setting next_dagrun for example_display_name to None, run_after=None
[2024-06-07T16:40:48.879+0200] {processor.py:183} INFO - Processing /Users/noejalabert/airflow_venv/lib/python3.11/site-packages/airflow/example_dags/example_display_name.py took 0.092 seconds
[2024-06-07T16:42:29.162+0200] {processor.py:161} INFO - Started process (PID=33662) to work on /Users/noejalabert/airflow_venv/lib/python3.11/site-packages/airflow/example_dags/example_display_name.py
[2024-06-07T16:42:29.164+0200] {processor.py:830} INFO - Processing file /Users/noejalabert/airflow_venv/lib/python3.11/site-packages/airflow/example_dags/example_display_name.py for tasks to queue
[2024-06-07T16:42:29.165+0200] {logging_mixin.py:188} INFO - [2024-06-07T16:42:29.165+0200] {dagbag.py:540} INFO - Filling up the DagBag from /Users/noejalabert/airflow_venv/lib/python3.11/site-packages/airflow/example_dags/example_display_name.py
[2024-06-07T16:42:29.194+0200] {processor.py:840} INFO - DAG(s) 'example_display_name' retrieved from /Users/noejalabert/airflow_venv/lib/python3.11/site-packages/airflow/example_dags/example_display_name.py
[2024-06-07T16:42:29.261+0200] {logging_mixin.py:188} INFO - [2024-06-07T16:42:29.261+0200] {dag.py:3096} INFO - Sync 1 DAGs
[2024-06-07T16:42:29.266+0200] {logging_mixin.py:188} INFO - [2024-06-07T16:42:29.266+0200] {dag.py:3954} INFO - Setting next_dagrun for example_display_name to None, run_after=None
[2024-06-07T16:42:29.277+0200] {processor.py:183} INFO - Processing /Users/noejalabert/airflow_venv/lib/python3.11/site-packages/airflow/example_dags/example_display_name.py took 0.117 seconds
[2024-06-07T16:44:07.035+0200] {processor.py:161} INFO - Started process (PID=33763) to work on /Users/noejalabert/airflow_venv/lib/python3.11/site-packages/airflow/example_dags/example_display_name.py
[2024-06-07T16:44:07.036+0200] {processor.py:830} INFO - Processing file /Users/noejalabert/airflow_venv/lib/python3.11/site-packages/airflow/example_dags/example_display_name.py for tasks to queue
[2024-06-07T16:44:07.036+0200] {logging_mixin.py:188} INFO - [2024-06-07T16:44:07.036+0200] {dagbag.py:540} INFO - Filling up the DagBag from /Users/noejalabert/airflow_venv/lib/python3.11/site-packages/airflow/example_dags/example_display_name.py
[2024-06-07T16:44:07.069+0200] {processor.py:840} INFO - DAG(s) 'example_display_name' retrieved from /Users/noejalabert/airflow_venv/lib/python3.11/site-packages/airflow/example_dags/example_display_name.py
[2024-06-07T16:44:07.224+0200] {logging_mixin.py:188} INFO - [2024-06-07T16:44:07.223+0200] {dag.py:3096} INFO - Sync 1 DAGs
[2024-06-07T16:44:07.228+0200] {logging_mixin.py:188} INFO - [2024-06-07T16:44:07.228+0200] {dag.py:3954} INFO - Setting next_dagrun for example_display_name to None, run_after=None
[2024-06-07T16:44:07.236+0200] {processor.py:183} INFO - Processing /Users/noejalabert/airflow_venv/lib/python3.11/site-packages/airflow/example_dags/example_display_name.py took 0.203 seconds
[2024-06-07T16:45:50.578+0200] {processor.py:161} INFO - Started process (PID=33884) to work on /Users/noejalabert/airflow_venv/lib/python3.11/site-packages/airflow/example_dags/example_display_name.py
[2024-06-07T16:45:50.579+0200] {processor.py:830} INFO - Processing file /Users/noejalabert/airflow_venv/lib/python3.11/site-packages/airflow/example_dags/example_display_name.py for tasks to queue
[2024-06-07T16:45:50.580+0200] {logging_mixin.py:188} INFO - [2024-06-07T16:45:50.579+0200] {dagbag.py:540} INFO - Filling up the DagBag from /Users/noejalabert/airflow_venv/lib/python3.11/site-packages/airflow/example_dags/example_display_name.py
[2024-06-07T16:45:50.599+0200] {processor.py:840} INFO - DAG(s) 'example_display_name' retrieved from /Users/noejalabert/airflow_venv/lib/python3.11/site-packages/airflow/example_dags/example_display_name.py
[2024-06-07T16:45:50.703+0200] {logging_mixin.py:188} INFO - [2024-06-07T16:45:50.702+0200] {dag.py:3096} INFO - Sync 1 DAGs
[2024-06-07T16:45:50.709+0200] {logging_mixin.py:188} INFO - [2024-06-07T16:45:50.709+0200] {dag.py:3954} INFO - Setting next_dagrun for example_display_name to None, run_after=None
[2024-06-07T16:45:50.721+0200] {processor.py:183} INFO - Processing /Users/noejalabert/airflow_venv/lib/python3.11/site-packages/airflow/example_dags/example_display_name.py took 0.144 seconds
[2024-06-07T16:47:34.311+0200] {processor.py:161} INFO - Started process (PID=33991) to work on /Users/noejalabert/airflow_venv/lib/python3.11/site-packages/airflow/example_dags/example_display_name.py
[2024-06-07T16:47:34.312+0200] {processor.py:830} INFO - Processing file /Users/noejalabert/airflow_venv/lib/python3.11/site-packages/airflow/example_dags/example_display_name.py for tasks to queue
[2024-06-07T16:47:34.312+0200] {logging_mixin.py:188} INFO - [2024-06-07T16:47:34.312+0200] {dagbag.py:540} INFO - Filling up the DagBag from /Users/noejalabert/airflow_venv/lib/python3.11/site-packages/airflow/example_dags/example_display_name.py
[2024-06-07T16:47:34.353+0200] {processor.py:840} INFO - DAG(s) 'example_display_name' retrieved from /Users/noejalabert/airflow_venv/lib/python3.11/site-packages/airflow/example_dags/example_display_name.py
[2024-06-07T16:47:34.441+0200] {logging_mixin.py:188} INFO - [2024-06-07T16:47:34.441+0200] {dag.py:3096} INFO - Sync 1 DAGs
[2024-06-07T16:47:34.446+0200] {logging_mixin.py:188} INFO - [2024-06-07T16:47:34.446+0200] {dag.py:3954} INFO - Setting next_dagrun for example_display_name to None, run_after=None
[2024-06-07T16:47:34.456+0200] {processor.py:183} INFO - Processing /Users/noejalabert/airflow_venv/lib/python3.11/site-packages/airflow/example_dags/example_display_name.py took 0.147 seconds
[2024-06-07T16:49:20.328+0200] {processor.py:161} INFO - Started process (PID=34150) to work on /Users/noejalabert/airflow_venv/lib/python3.11/site-packages/airflow/example_dags/example_display_name.py
[2024-06-07T16:49:20.329+0200] {processor.py:830} INFO - Processing file /Users/noejalabert/airflow_venv/lib/python3.11/site-packages/airflow/example_dags/example_display_name.py for tasks to queue
[2024-06-07T16:49:20.330+0200] {logging_mixin.py:188} INFO - [2024-06-07T16:49:20.329+0200] {dagbag.py:540} INFO - Filling up the DagBag from /Users/noejalabert/airflow_venv/lib/python3.11/site-packages/airflow/example_dags/example_display_name.py
[2024-06-07T16:49:20.350+0200] {processor.py:840} INFO - DAG(s) 'example_display_name' retrieved from /Users/noejalabert/airflow_venv/lib/python3.11/site-packages/airflow/example_dags/example_display_name.py
[2024-06-07T16:49:20.400+0200] {logging_mixin.py:188} INFO - [2024-06-07T16:49:20.400+0200] {dag.py:3096} INFO - Sync 1 DAGs
[2024-06-07T16:49:20.404+0200] {logging_mixin.py:188} INFO - [2024-06-07T16:49:20.404+0200] {dag.py:3954} INFO - Setting next_dagrun for example_display_name to None, run_after=None
[2024-06-07T16:49:20.414+0200] {processor.py:183} INFO - Processing /Users/noejalabert/airflow_venv/lib/python3.11/site-packages/airflow/example_dags/example_display_name.py took 0.087 seconds
[2024-06-07T16:51:03.654+0200] {processor.py:161} INFO - Started process (PID=34248) to work on /Users/noejalabert/airflow_venv/lib/python3.11/site-packages/airflow/example_dags/example_display_name.py
[2024-06-07T16:51:03.655+0200] {processor.py:830} INFO - Processing file /Users/noejalabert/airflow_venv/lib/python3.11/site-packages/airflow/example_dags/example_display_name.py for tasks to queue
[2024-06-07T16:51:03.656+0200] {logging_mixin.py:188} INFO - [2024-06-07T16:51:03.656+0200] {dagbag.py:540} INFO - Filling up the DagBag from /Users/noejalabert/airflow_venv/lib/python3.11/site-packages/airflow/example_dags/example_display_name.py
[2024-06-07T16:51:03.674+0200] {processor.py:840} INFO - DAG(s) 'example_display_name' retrieved from /Users/noejalabert/airflow_venv/lib/python3.11/site-packages/airflow/example_dags/example_display_name.py
[2024-06-07T16:51:03.723+0200] {logging_mixin.py:188} INFO - [2024-06-07T16:51:03.723+0200] {dag.py:3096} INFO - Sync 1 DAGs
[2024-06-07T16:51:03.728+0200] {logging_mixin.py:188} INFO - [2024-06-07T16:51:03.728+0200] {dag.py:3954} INFO - Setting next_dagrun for example_display_name to None, run_after=None
[2024-06-07T16:51:03.737+0200] {processor.py:183} INFO - Processing /Users/noejalabert/airflow_venv/lib/python3.11/site-packages/airflow/example_dags/example_display_name.py took 0.084 seconds
[2024-06-07T16:52:46.680+0200] {processor.py:161} INFO - Started process (PID=34354) to work on /Users/noejalabert/airflow_venv/lib/python3.11/site-packages/airflow/example_dags/example_display_name.py
[2024-06-07T16:52:46.681+0200] {processor.py:830} INFO - Processing file /Users/noejalabert/airflow_venv/lib/python3.11/site-packages/airflow/example_dags/example_display_name.py for tasks to queue
[2024-06-07T16:52:46.681+0200] {logging_mixin.py:188} INFO - [2024-06-07T16:52:46.681+0200] {dagbag.py:540} INFO - Filling up the DagBag from /Users/noejalabert/airflow_venv/lib/python3.11/site-packages/airflow/example_dags/example_display_name.py
[2024-06-07T16:52:46.701+0200] {processor.py:840} INFO - DAG(s) 'example_display_name' retrieved from /Users/noejalabert/airflow_venv/lib/python3.11/site-packages/airflow/example_dags/example_display_name.py
[2024-06-07T16:52:46.752+0200] {logging_mixin.py:188} INFO - [2024-06-07T16:52:46.751+0200] {dag.py:3096} INFO - Sync 1 DAGs
[2024-06-07T16:52:46.756+0200] {logging_mixin.py:188} INFO - [2024-06-07T16:52:46.756+0200] {dag.py:3954} INFO - Setting next_dagrun for example_display_name to None, run_after=None
[2024-06-07T16:52:46.764+0200] {processor.py:183} INFO - Processing /Users/noejalabert/airflow_venv/lib/python3.11/site-packages/airflow/example_dags/example_display_name.py took 0.086 seconds
[2024-06-07T16:54:24.695+0200] {processor.py:161} INFO - Started process (PID=34466) to work on /Users/noejalabert/airflow_venv/lib/python3.11/site-packages/airflow/example_dags/example_display_name.py
[2024-06-07T16:54:24.696+0200] {processor.py:830} INFO - Processing file /Users/noejalabert/airflow_venv/lib/python3.11/site-packages/airflow/example_dags/example_display_name.py for tasks to queue
[2024-06-07T16:54:24.696+0200] {logging_mixin.py:188} INFO - [2024-06-07T16:54:24.696+0200] {dagbag.py:540} INFO - Filling up the DagBag from /Users/noejalabert/airflow_venv/lib/python3.11/site-packages/airflow/example_dags/example_display_name.py
[2024-06-07T16:54:24.716+0200] {processor.py:840} INFO - DAG(s) 'example_display_name' retrieved from /Users/noejalabert/airflow_venv/lib/python3.11/site-packages/airflow/example_dags/example_display_name.py
[2024-06-07T16:54:24.766+0200] {logging_mixin.py:188} INFO - [2024-06-07T16:54:24.766+0200] {dag.py:3096} INFO - Sync 1 DAGs
[2024-06-07T16:54:24.770+0200] {logging_mixin.py:188} INFO - [2024-06-07T16:54:24.770+0200] {dag.py:3954} INFO - Setting next_dagrun for example_display_name to None, run_after=None
[2024-06-07T16:54:24.779+0200] {processor.py:183} INFO - Processing /Users/noejalabert/airflow_venv/lib/python3.11/site-packages/airflow/example_dags/example_display_name.py took 0.086 seconds
[2024-06-07T16:55:59.618+0200] {processor.py:161} INFO - Started process (PID=34577) to work on /Users/noejalabert/airflow_venv/lib/python3.11/site-packages/airflow/example_dags/example_display_name.py
[2024-06-07T16:55:59.618+0200] {processor.py:830} INFO - Processing file /Users/noejalabert/airflow_venv/lib/python3.11/site-packages/airflow/example_dags/example_display_name.py for tasks to queue
[2024-06-07T16:55:59.619+0200] {logging_mixin.py:188} INFO - [2024-06-07T16:55:59.619+0200] {dagbag.py:540} INFO - Filling up the DagBag from /Users/noejalabert/airflow_venv/lib/python3.11/site-packages/airflow/example_dags/example_display_name.py
[2024-06-07T16:55:59.639+0200] {processor.py:840} INFO - DAG(s) 'example_display_name' retrieved from /Users/noejalabert/airflow_venv/lib/python3.11/site-packages/airflow/example_dags/example_display_name.py
[2024-06-07T16:55:59.703+0200] {logging_mixin.py:188} INFO - [2024-06-07T16:55:59.703+0200] {dag.py:3096} INFO - Sync 1 DAGs
[2024-06-07T16:55:59.708+0200] {logging_mixin.py:188} INFO - [2024-06-07T16:55:59.708+0200] {dag.py:3954} INFO - Setting next_dagrun for example_display_name to None, run_after=None
[2024-06-07T16:55:59.716+0200] {processor.py:183} INFO - Processing /Users/noejalabert/airflow_venv/lib/python3.11/site-packages/airflow/example_dags/example_display_name.py took 0.100 seconds
[2024-06-07T16:57:35.634+0200] {processor.py:161} INFO - Started process (PID=34877) to work on /Users/noejalabert/airflow_venv/lib/python3.11/site-packages/airflow/example_dags/example_display_name.py
[2024-06-07T16:57:35.635+0200] {processor.py:830} INFO - Processing file /Users/noejalabert/airflow_venv/lib/python3.11/site-packages/airflow/example_dags/example_display_name.py for tasks to queue
[2024-06-07T16:57:35.635+0200] {logging_mixin.py:188} INFO - [2024-06-07T16:57:35.635+0200] {dagbag.py:540} INFO - Filling up the DagBag from /Users/noejalabert/airflow_venv/lib/python3.11/site-packages/airflow/example_dags/example_display_name.py
[2024-06-07T16:57:35.652+0200] {processor.py:840} INFO - DAG(s) 'example_display_name' retrieved from /Users/noejalabert/airflow_venv/lib/python3.11/site-packages/airflow/example_dags/example_display_name.py
[2024-06-07T16:57:35.697+0200] {logging_mixin.py:188} INFO - [2024-06-07T16:57:35.697+0200] {dag.py:3096} INFO - Sync 1 DAGs
[2024-06-07T16:57:35.701+0200] {logging_mixin.py:188} INFO - [2024-06-07T16:57:35.701+0200] {dag.py:3954} INFO - Setting next_dagrun for example_display_name to None, run_after=None
[2024-06-07T16:57:35.709+0200] {processor.py:183} INFO - Processing /Users/noejalabert/airflow_venv/lib/python3.11/site-packages/airflow/example_dags/example_display_name.py took 0.077 seconds
[2024-06-07T16:59:11.548+0200] {processor.py:161} INFO - Started process (PID=35036) to work on /Users/noejalabert/airflow_venv/lib/python3.11/site-packages/airflow/example_dags/example_display_name.py
[2024-06-07T16:59:11.549+0200] {processor.py:830} INFO - Processing file /Users/noejalabert/airflow_venv/lib/python3.11/site-packages/airflow/example_dags/example_display_name.py for tasks to queue
[2024-06-07T16:59:11.550+0200] {logging_mixin.py:188} INFO - [2024-06-07T16:59:11.549+0200] {dagbag.py:540} INFO - Filling up the DagBag from /Users/noejalabert/airflow_venv/lib/python3.11/site-packages/airflow/example_dags/example_display_name.py
[2024-06-07T16:59:11.570+0200] {processor.py:840} INFO - DAG(s) 'example_display_name' retrieved from /Users/noejalabert/airflow_venv/lib/python3.11/site-packages/airflow/example_dags/example_display_name.py
[2024-06-07T16:59:11.619+0200] {logging_mixin.py:188} INFO - [2024-06-07T16:59:11.619+0200] {dag.py:3096} INFO - Sync 1 DAGs
[2024-06-07T16:59:11.623+0200] {logging_mixin.py:188} INFO - [2024-06-07T16:59:11.623+0200] {dag.py:3954} INFO - Setting next_dagrun for example_display_name to None, run_after=None
[2024-06-07T16:59:11.648+0200] {processor.py:183} INFO - Processing /Users/noejalabert/airflow_venv/lib/python3.11/site-packages/airflow/example_dags/example_display_name.py took 0.102 seconds
[2024-06-07T17:00:47.127+0200] {processor.py:161} INFO - Started process (PID=35141) to work on /Users/noejalabert/airflow_venv/lib/python3.11/site-packages/airflow/example_dags/example_display_name.py
[2024-06-07T17:00:47.128+0200] {processor.py:830} INFO - Processing file /Users/noejalabert/airflow_venv/lib/python3.11/site-packages/airflow/example_dags/example_display_name.py for tasks to queue
[2024-06-07T17:00:47.128+0200] {logging_mixin.py:188} INFO - [2024-06-07T17:00:47.128+0200] {dagbag.py:540} INFO - Filling up the DagBag from /Users/noejalabert/airflow_venv/lib/python3.11/site-packages/airflow/example_dags/example_display_name.py
[2024-06-07T17:00:47.148+0200] {processor.py:840} INFO - DAG(s) 'example_display_name' retrieved from /Users/noejalabert/airflow_venv/lib/python3.11/site-packages/airflow/example_dags/example_display_name.py
[2024-06-07T17:00:47.197+0200] {logging_mixin.py:188} INFO - [2024-06-07T17:00:47.197+0200] {dag.py:3096} INFO - Sync 1 DAGs
[2024-06-07T17:00:47.202+0200] {logging_mixin.py:188} INFO - [2024-06-07T17:00:47.201+0200] {dag.py:3954} INFO - Setting next_dagrun for example_display_name to None, run_after=None
[2024-06-07T17:00:47.209+0200] {processor.py:183} INFO - Processing /Users/noejalabert/airflow_venv/lib/python3.11/site-packages/airflow/example_dags/example_display_name.py took 0.085 seconds
[2024-06-07T17:02:23.589+0200] {processor.py:161} INFO - Started process (PID=35242) to work on /Users/noejalabert/airflow_venv/lib/python3.11/site-packages/airflow/example_dags/example_display_name.py
[2024-06-07T17:02:23.591+0200] {processor.py:830} INFO - Processing file /Users/noejalabert/airflow_venv/lib/python3.11/site-packages/airflow/example_dags/example_display_name.py for tasks to queue
[2024-06-07T17:02:23.591+0200] {logging_mixin.py:188} INFO - [2024-06-07T17:02:23.591+0200] {dagbag.py:540} INFO - Filling up the DagBag from /Users/noejalabert/airflow_venv/lib/python3.11/site-packages/airflow/example_dags/example_display_name.py
[2024-06-07T17:02:23.609+0200] {processor.py:840} INFO - DAG(s) 'example_display_name' retrieved from /Users/noejalabert/airflow_venv/lib/python3.11/site-packages/airflow/example_dags/example_display_name.py
[2024-06-07T17:02:23.657+0200] {logging_mixin.py:188} INFO - [2024-06-07T17:02:23.656+0200] {dag.py:3096} INFO - Sync 1 DAGs
[2024-06-07T17:02:23.661+0200] {logging_mixin.py:188} INFO - [2024-06-07T17:02:23.661+0200] {dag.py:3954} INFO - Setting next_dagrun for example_display_name to None, run_after=None
[2024-06-07T17:02:23.669+0200] {processor.py:183} INFO - Processing /Users/noejalabert/airflow_venv/lib/python3.11/site-packages/airflow/example_dags/example_display_name.py took 0.081 seconds
[2024-06-07T17:04:02.252+0200] {processor.py:161} INFO - Started process (PID=35371) to work on /Users/noejalabert/airflow_venv/lib/python3.11/site-packages/airflow/example_dags/example_display_name.py
[2024-06-07T17:04:02.252+0200] {processor.py:830} INFO - Processing file /Users/noejalabert/airflow_venv/lib/python3.11/site-packages/airflow/example_dags/example_display_name.py for tasks to queue
[2024-06-07T17:04:02.253+0200] {logging_mixin.py:188} INFO - [2024-06-07T17:04:02.253+0200] {dagbag.py:540} INFO - Filling up the DagBag from /Users/noejalabert/airflow_venv/lib/python3.11/site-packages/airflow/example_dags/example_display_name.py
[2024-06-07T17:04:02.270+0200] {processor.py:840} INFO - DAG(s) 'example_display_name' retrieved from /Users/noejalabert/airflow_venv/lib/python3.11/site-packages/airflow/example_dags/example_display_name.py
[2024-06-07T17:04:02.316+0200] {logging_mixin.py:188} INFO - [2024-06-07T17:04:02.316+0200] {dag.py:3096} INFO - Sync 1 DAGs
[2024-06-07T17:04:02.320+0200] {logging_mixin.py:188} INFO - [2024-06-07T17:04:02.320+0200] {dag.py:3954} INFO - Setting next_dagrun for example_display_name to None, run_after=None
[2024-06-07T17:04:02.327+0200] {processor.py:183} INFO - Processing /Users/noejalabert/airflow_venv/lib/python3.11/site-packages/airflow/example_dags/example_display_name.py took 0.077 seconds
[2024-06-07T17:05:41.058+0200] {processor.py:161} INFO - Started process (PID=35489) to work on /Users/noejalabert/airflow_venv/lib/python3.11/site-packages/airflow/example_dags/example_display_name.py
[2024-06-07T17:05:41.060+0200] {processor.py:830} INFO - Processing file /Users/noejalabert/airflow_venv/lib/python3.11/site-packages/airflow/example_dags/example_display_name.py for tasks to queue
[2024-06-07T17:05:41.060+0200] {logging_mixin.py:188} INFO - [2024-06-07T17:05:41.060+0200] {dagbag.py:540} INFO - Filling up the DagBag from /Users/noejalabert/airflow_venv/lib/python3.11/site-packages/airflow/example_dags/example_display_name.py
[2024-06-07T17:05:41.076+0200] {processor.py:840} INFO - DAG(s) 'example_display_name' retrieved from /Users/noejalabert/airflow_venv/lib/python3.11/site-packages/airflow/example_dags/example_display_name.py
[2024-06-07T17:05:41.123+0200] {logging_mixin.py:188} INFO - [2024-06-07T17:05:41.123+0200] {dag.py:3096} INFO - Sync 1 DAGs
[2024-06-07T17:05:41.127+0200] {logging_mixin.py:188} INFO - [2024-06-07T17:05:41.127+0200] {dag.py:3954} INFO - Setting next_dagrun for example_display_name to None, run_after=None
[2024-06-07T17:05:41.134+0200] {processor.py:183} INFO - Processing /Users/noejalabert/airflow_venv/lib/python3.11/site-packages/airflow/example_dags/example_display_name.py took 0.077 seconds
[2024-06-07T17:07:17.950+0200] {processor.py:161} INFO - Started process (PID=35584) to work on /Users/noejalabert/airflow_venv/lib/python3.11/site-packages/airflow/example_dags/example_display_name.py
[2024-06-07T17:07:17.952+0200] {processor.py:830} INFO - Processing file /Users/noejalabert/airflow_venv/lib/python3.11/site-packages/airflow/example_dags/example_display_name.py for tasks to queue
[2024-06-07T17:07:17.952+0200] {logging_mixin.py:188} INFO - [2024-06-07T17:07:17.952+0200] {dagbag.py:540} INFO - Filling up the DagBag from /Users/noejalabert/airflow_venv/lib/python3.11/site-packages/airflow/example_dags/example_display_name.py
[2024-06-07T17:07:17.969+0200] {processor.py:840} INFO - DAG(s) 'example_display_name' retrieved from /Users/noejalabert/airflow_venv/lib/python3.11/site-packages/airflow/example_dags/example_display_name.py
[2024-06-07T17:07:18.015+0200] {logging_mixin.py:188} INFO - [2024-06-07T17:07:18.015+0200] {dag.py:3096} INFO - Sync 1 DAGs
[2024-06-07T17:07:18.019+0200] {logging_mixin.py:188} INFO - [2024-06-07T17:07:18.019+0200] {dag.py:3954} INFO - Setting next_dagrun for example_display_name to None, run_after=None
[2024-06-07T17:07:18.027+0200] {processor.py:183} INFO - Processing /Users/noejalabert/airflow_venv/lib/python3.11/site-packages/airflow/example_dags/example_display_name.py took 0.078 seconds
[2024-06-07T17:08:53.935+0200] {processor.py:161} INFO - Started process (PID=35695) to work on /Users/noejalabert/airflow_venv/lib/python3.11/site-packages/airflow/example_dags/example_display_name.py
[2024-06-07T17:08:53.937+0200] {processor.py:830} INFO - Processing file /Users/noejalabert/airflow_venv/lib/python3.11/site-packages/airflow/example_dags/example_display_name.py for tasks to queue
[2024-06-07T17:08:53.938+0200] {logging_mixin.py:188} INFO - [2024-06-07T17:08:53.938+0200] {dagbag.py:540} INFO - Filling up the DagBag from /Users/noejalabert/airflow_venv/lib/python3.11/site-packages/airflow/example_dags/example_display_name.py
[2024-06-07T17:08:53.955+0200] {processor.py:840} INFO - DAG(s) 'example_display_name' retrieved from /Users/noejalabert/airflow_venv/lib/python3.11/site-packages/airflow/example_dags/example_display_name.py
[2024-06-07T17:08:54.006+0200] {logging_mixin.py:188} INFO - [2024-06-07T17:08:54.006+0200] {dag.py:3096} INFO - Sync 1 DAGs
[2024-06-07T17:08:54.010+0200] {logging_mixin.py:188} INFO - [2024-06-07T17:08:54.010+0200] {dag.py:3954} INFO - Setting next_dagrun for example_display_name to None, run_after=None
[2024-06-07T17:08:54.018+0200] {processor.py:183} INFO - Processing /Users/noejalabert/airflow_venv/lib/python3.11/site-packages/airflow/example_dags/example_display_name.py took 0.084 seconds
[2024-06-07T17:10:27.643+0200] {processor.py:161} INFO - Started process (PID=35786) to work on /Users/noejalabert/airflow_venv/lib/python3.11/site-packages/airflow/example_dags/example_display_name.py
[2024-06-07T17:10:27.643+0200] {processor.py:830} INFO - Processing file /Users/noejalabert/airflow_venv/lib/python3.11/site-packages/airflow/example_dags/example_display_name.py for tasks to queue
[2024-06-07T17:10:27.644+0200] {logging_mixin.py:188} INFO - [2024-06-07T17:10:27.644+0200] {dagbag.py:540} INFO - Filling up the DagBag from /Users/noejalabert/airflow_venv/lib/python3.11/site-packages/airflow/example_dags/example_display_name.py
[2024-06-07T17:10:27.661+0200] {processor.py:840} INFO - DAG(s) 'example_display_name' retrieved from /Users/noejalabert/airflow_venv/lib/python3.11/site-packages/airflow/example_dags/example_display_name.py
[2024-06-07T17:10:27.707+0200] {logging_mixin.py:188} INFO - [2024-06-07T17:10:27.707+0200] {dag.py:3096} INFO - Sync 1 DAGs
[2024-06-07T17:10:27.711+0200] {logging_mixin.py:188} INFO - [2024-06-07T17:10:27.711+0200] {dag.py:3954} INFO - Setting next_dagrun for example_display_name to None, run_after=None
[2024-06-07T17:10:27.719+0200] {processor.py:183} INFO - Processing /Users/noejalabert/airflow_venv/lib/python3.11/site-packages/airflow/example_dags/example_display_name.py took 0.078 seconds
[2024-06-07T17:12:01.630+0200] {processor.py:161} INFO - Started process (PID=35904) to work on /Users/noejalabert/airflow_venv/lib/python3.11/site-packages/airflow/example_dags/example_display_name.py
[2024-06-07T17:12:01.631+0200] {processor.py:830} INFO - Processing file /Users/noejalabert/airflow_venv/lib/python3.11/site-packages/airflow/example_dags/example_display_name.py for tasks to queue
[2024-06-07T17:12:01.631+0200] {logging_mixin.py:188} INFO - [2024-06-07T17:12:01.631+0200] {dagbag.py:540} INFO - Filling up the DagBag from /Users/noejalabert/airflow_venv/lib/python3.11/site-packages/airflow/example_dags/example_display_name.py
[2024-06-07T17:12:01.648+0200] {processor.py:840} INFO - DAG(s) 'example_display_name' retrieved from /Users/noejalabert/airflow_venv/lib/python3.11/site-packages/airflow/example_dags/example_display_name.py
[2024-06-07T17:12:01.693+0200] {logging_mixin.py:188} INFO - [2024-06-07T17:12:01.693+0200] {dag.py:3096} INFO - Sync 1 DAGs
[2024-06-07T17:12:01.697+0200] {logging_mixin.py:188} INFO - [2024-06-07T17:12:01.697+0200] {dag.py:3954} INFO - Setting next_dagrun for example_display_name to None, run_after=None
[2024-06-07T17:12:01.705+0200] {processor.py:183} INFO - Processing /Users/noejalabert/airflow_venv/lib/python3.11/site-packages/airflow/example_dags/example_display_name.py took 0.076 seconds
[2024-06-07T17:13:39.740+0200] {processor.py:161} INFO - Started process (PID=36073) to work on /Users/noejalabert/airflow_venv/lib/python3.11/site-packages/airflow/example_dags/example_display_name.py
[2024-06-07T17:13:39.741+0200] {processor.py:830} INFO - Processing file /Users/noejalabert/airflow_venv/lib/python3.11/site-packages/airflow/example_dags/example_display_name.py for tasks to queue
[2024-06-07T17:13:39.742+0200] {logging_mixin.py:188} INFO - [2024-06-07T17:13:39.742+0200] {dagbag.py:540} INFO - Filling up the DagBag from /Users/noejalabert/airflow_venv/lib/python3.11/site-packages/airflow/example_dags/example_display_name.py
[2024-06-07T17:13:39.759+0200] {processor.py:840} INFO - DAG(s) 'example_display_name' retrieved from /Users/noejalabert/airflow_venv/lib/python3.11/site-packages/airflow/example_dags/example_display_name.py
[2024-06-07T17:13:39.804+0200] {logging_mixin.py:188} INFO - [2024-06-07T17:13:39.804+0200] {dag.py:3096} INFO - Sync 1 DAGs
[2024-06-07T17:13:39.808+0200] {logging_mixin.py:188} INFO - [2024-06-07T17:13:39.808+0200] {dag.py:3954} INFO - Setting next_dagrun for example_display_name to None, run_after=None
[2024-06-07T17:13:39.816+0200] {processor.py:183} INFO - Processing /Users/noejalabert/airflow_venv/lib/python3.11/site-packages/airflow/example_dags/example_display_name.py took 0.077 seconds
[2024-06-07T17:15:15.506+0200] {processor.py:161} INFO - Started process (PID=36229) to work on /Users/noejalabert/airflow_venv/lib/python3.11/site-packages/airflow/example_dags/example_display_name.py
[2024-06-07T17:15:15.507+0200] {processor.py:830} INFO - Processing file /Users/noejalabert/airflow_venv/lib/python3.11/site-packages/airflow/example_dags/example_display_name.py for tasks to queue
[2024-06-07T17:15:15.507+0200] {logging_mixin.py:188} INFO - [2024-06-07T17:15:15.507+0200] {dagbag.py:540} INFO - Filling up the DagBag from /Users/noejalabert/airflow_venv/lib/python3.11/site-packages/airflow/example_dags/example_display_name.py
[2024-06-07T17:15:15.528+0200] {processor.py:840} INFO - DAG(s) 'example_display_name' retrieved from /Users/noejalabert/airflow_venv/lib/python3.11/site-packages/airflow/example_dags/example_display_name.py
[2024-06-07T17:15:15.576+0200] {logging_mixin.py:188} INFO - [2024-06-07T17:15:15.575+0200] {dag.py:3096} INFO - Sync 1 DAGs
[2024-06-07T17:15:15.580+0200] {logging_mixin.py:188} INFO - [2024-06-07T17:15:15.580+0200] {dag.py:3954} INFO - Setting next_dagrun for example_display_name to None, run_after=None
[2024-06-07T17:15:15.588+0200] {processor.py:183} INFO - Processing /Users/noejalabert/airflow_venv/lib/python3.11/site-packages/airflow/example_dags/example_display_name.py took 0.083 seconds
