[2024-06-07T16:10:19.964+0200] {processor.py:161} INFO - Started process (PID=31709) to work on /Users/noejalabert/airflow_venv/lib/python3.11/site-packages/airflow/example_dags/example_params_ui_tutorial.py
[2024-06-07T16:10:19.964+0200] {processor.py:830} INFO - Processing file /Users/noejalabert/airflow_venv/lib/python3.11/site-packages/airflow/example_dags/example_params_ui_tutorial.py for tasks to queue
[2024-06-07T16:10:19.965+0200] {logging_mixin.py:188} INFO - [2024-06-07T16:10:19.965+0200] {dagbag.py:540} INFO - Filling up the DagBag from /Users/noejalabert/airflow_venv/lib/python3.11/site-packages/airflow/example_dags/example_params_ui_tutorial.py
[2024-06-07T16:10:19.984+0200] {processor.py:840} INFO - DAG(s) 'example_params_ui_tutorial' retrieved from /Users/noejalabert/airflow_venv/lib/python3.11/site-packages/airflow/example_dags/example_params_ui_tutorial.py
[2024-06-07T16:10:20.101+0200] {logging_mixin.py:188} INFO - [2024-06-07T16:10:20.101+0200] {dag.py:3096} INFO - Sync 1 DAGs
[2024-06-07T16:10:20.105+0200] {logging_mixin.py:188} INFO - [2024-06-07T16:10:20.105+0200] {dag.py:3954} INFO - Setting next_dagrun for example_params_ui_tutorial to None, run_after=None
[2024-06-07T16:10:20.113+0200] {processor.py:183} INFO - Processing /Users/noejalabert/airflow_venv/lib/python3.11/site-packages/airflow/example_dags/example_params_ui_tutorial.py took 0.151 seconds
[2024-06-07T16:12:03.779+0200] {processor.py:161} INFO - Started process (PID=31813) to work on /Users/noejalabert/airflow_venv/lib/python3.11/site-packages/airflow/example_dags/example_params_ui_tutorial.py
[2024-06-07T16:12:03.780+0200] {processor.py:830} INFO - Processing file /Users/noejalabert/airflow_venv/lib/python3.11/site-packages/airflow/example_dags/example_params_ui_tutorial.py for tasks to queue
[2024-06-07T16:12:03.780+0200] {logging_mixin.py:188} INFO - [2024-06-07T16:12:03.780+0200] {dagbag.py:540} INFO - Filling up the DagBag from /Users/noejalabert/airflow_venv/lib/python3.11/site-packages/airflow/example_dags/example_params_ui_tutorial.py
[2024-06-07T16:12:03.798+0200] {processor.py:840} INFO - DAG(s) 'example_params_ui_tutorial' retrieved from /Users/noejalabert/airflow_venv/lib/python3.11/site-packages/airflow/example_dags/example_params_ui_tutorial.py
[2024-06-07T16:12:03.855+0200] {logging_mixin.py:188} INFO - [2024-06-07T16:12:03.855+0200] {dag.py:3096} INFO - Sync 1 DAGs
[2024-06-07T16:12:03.859+0200] {logging_mixin.py:188} INFO - [2024-06-07T16:12:03.859+0200] {dag.py:3954} INFO - Setting next_dagrun for example_params_ui_tutorial to None, run_after=None
[2024-06-07T16:12:03.867+0200] {processor.py:183} INFO - Processing /Users/noejalabert/airflow_venv/lib/python3.11/site-packages/airflow/example_dags/example_params_ui_tutorial.py took 0.089 seconds
[2024-06-07T16:13:35.463+0200] {processor.py:161} INFO - Started process (PID=31889) to work on /Users/noejalabert/airflow_venv/lib/python3.11/site-packages/airflow/example_dags/example_params_ui_tutorial.py
[2024-06-07T16:13:35.464+0200] {processor.py:830} INFO - Processing file /Users/noejalabert/airflow_venv/lib/python3.11/site-packages/airflow/example_dags/example_params_ui_tutorial.py for tasks to queue
[2024-06-07T16:13:35.464+0200] {logging_mixin.py:188} INFO - [2024-06-07T16:13:35.464+0200] {dagbag.py:540} INFO - Filling up the DagBag from /Users/noejalabert/airflow_venv/lib/python3.11/site-packages/airflow/example_dags/example_params_ui_tutorial.py
[2024-06-07T16:13:35.483+0200] {processor.py:840} INFO - DAG(s) 'example_params_ui_tutorial' retrieved from /Users/noejalabert/airflow_venv/lib/python3.11/site-packages/airflow/example_dags/example_params_ui_tutorial.py
[2024-06-07T16:13:35.540+0200] {logging_mixin.py:188} INFO - [2024-06-07T16:13:35.540+0200] {dag.py:3096} INFO - Sync 1 DAGs
[2024-06-07T16:13:35.544+0200] {logging_mixin.py:188} INFO - [2024-06-07T16:13:35.544+0200] {dag.py:3954} INFO - Setting next_dagrun for example_params_ui_tutorial to None, run_after=None
[2024-06-07T16:13:35.553+0200] {processor.py:183} INFO - Processing /Users/noejalabert/airflow_venv/lib/python3.11/site-packages/airflow/example_dags/example_params_ui_tutorial.py took 0.092 seconds
[2024-06-07T16:15:08.073+0200] {processor.py:161} INFO - Started process (PID=31973) to work on /Users/noejalabert/airflow_venv/lib/python3.11/site-packages/airflow/example_dags/example_params_ui_tutorial.py
[2024-06-07T16:15:08.073+0200] {processor.py:830} INFO - Processing file /Users/noejalabert/airflow_venv/lib/python3.11/site-packages/airflow/example_dags/example_params_ui_tutorial.py for tasks to queue
[2024-06-07T16:15:08.074+0200] {logging_mixin.py:188} INFO - [2024-06-07T16:15:08.074+0200] {dagbag.py:540} INFO - Filling up the DagBag from /Users/noejalabert/airflow_venv/lib/python3.11/site-packages/airflow/example_dags/example_params_ui_tutorial.py
[2024-06-07T16:15:08.095+0200] {processor.py:840} INFO - DAG(s) 'example_params_ui_tutorial' retrieved from /Users/noejalabert/airflow_venv/lib/python3.11/site-packages/airflow/example_dags/example_params_ui_tutorial.py
[2024-06-07T16:15:08.159+0200] {logging_mixin.py:188} INFO - [2024-06-07T16:15:08.159+0200] {dag.py:3096} INFO - Sync 1 DAGs
[2024-06-07T16:15:08.163+0200] {logging_mixin.py:188} INFO - [2024-06-07T16:15:08.163+0200] {dag.py:3954} INFO - Setting next_dagrun for example_params_ui_tutorial to None, run_after=None
[2024-06-07T16:15:08.171+0200] {processor.py:183} INFO - Processing /Users/noejalabert/airflow_venv/lib/python3.11/site-packages/airflow/example_dags/example_params_ui_tutorial.py took 0.100 seconds
[2024-06-07T16:16:41.951+0200] {processor.py:161} INFO - Started process (PID=32045) to work on /Users/noejalabert/airflow_venv/lib/python3.11/site-packages/airflow/example_dags/example_params_ui_tutorial.py
[2024-06-07T16:16:41.952+0200] {processor.py:830} INFO - Processing file /Users/noejalabert/airflow_venv/lib/python3.11/site-packages/airflow/example_dags/example_params_ui_tutorial.py for tasks to queue
[2024-06-07T16:16:41.952+0200] {logging_mixin.py:188} INFO - [2024-06-07T16:16:41.952+0200] {dagbag.py:540} INFO - Filling up the DagBag from /Users/noejalabert/airflow_venv/lib/python3.11/site-packages/airflow/example_dags/example_params_ui_tutorial.py
[2024-06-07T16:16:41.972+0200] {processor.py:840} INFO - DAG(s) 'example_params_ui_tutorial' retrieved from /Users/noejalabert/airflow_venv/lib/python3.11/site-packages/airflow/example_dags/example_params_ui_tutorial.py
[2024-06-07T16:16:42.029+0200] {logging_mixin.py:188} INFO - [2024-06-07T16:16:42.029+0200] {dag.py:3096} INFO - Sync 1 DAGs
[2024-06-07T16:16:42.034+0200] {logging_mixin.py:188} INFO - [2024-06-07T16:16:42.033+0200] {dag.py:3954} INFO - Setting next_dagrun for example_params_ui_tutorial to None, run_after=None
[2024-06-07T16:16:42.042+0200] {processor.py:183} INFO - Processing /Users/noejalabert/airflow_venv/lib/python3.11/site-packages/airflow/example_dags/example_params_ui_tutorial.py took 0.092 seconds
[2024-06-07T16:18:14.779+0200] {processor.py:161} INFO - Started process (PID=32128) to work on /Users/noejalabert/airflow_venv/lib/python3.11/site-packages/airflow/example_dags/example_params_ui_tutorial.py
[2024-06-07T16:18:14.780+0200] {processor.py:830} INFO - Processing file /Users/noejalabert/airflow_venv/lib/python3.11/site-packages/airflow/example_dags/example_params_ui_tutorial.py for tasks to queue
[2024-06-07T16:18:14.780+0200] {logging_mixin.py:188} INFO - [2024-06-07T16:18:14.780+0200] {dagbag.py:540} INFO - Filling up the DagBag from /Users/noejalabert/airflow_venv/lib/python3.11/site-packages/airflow/example_dags/example_params_ui_tutorial.py
[2024-06-07T16:18:14.800+0200] {processor.py:840} INFO - DAG(s) 'example_params_ui_tutorial' retrieved from /Users/noejalabert/airflow_venv/lib/python3.11/site-packages/airflow/example_dags/example_params_ui_tutorial.py
[2024-06-07T16:18:14.861+0200] {logging_mixin.py:188} INFO - [2024-06-07T16:18:14.861+0200] {dag.py:3096} INFO - Sync 1 DAGs
[2024-06-07T16:18:14.865+0200] {logging_mixin.py:188} INFO - [2024-06-07T16:18:14.865+0200] {dag.py:3954} INFO - Setting next_dagrun for example_params_ui_tutorial to None, run_after=None
[2024-06-07T16:18:14.873+0200] {processor.py:183} INFO - Processing /Users/noejalabert/airflow_venv/lib/python3.11/site-packages/airflow/example_dags/example_params_ui_tutorial.py took 0.096 seconds
[2024-06-07T16:19:45.123+0200] {processor.py:161} INFO - Started process (PID=32211) to work on /Users/noejalabert/airflow_venv/lib/python3.11/site-packages/airflow/example_dags/example_params_ui_tutorial.py
[2024-06-07T16:19:45.124+0200] {processor.py:830} INFO - Processing file /Users/noejalabert/airflow_venv/lib/python3.11/site-packages/airflow/example_dags/example_params_ui_tutorial.py for tasks to queue
[2024-06-07T16:19:45.124+0200] {logging_mixin.py:188} INFO - [2024-06-07T16:19:45.124+0200] {dagbag.py:540} INFO - Filling up the DagBag from /Users/noejalabert/airflow_venv/lib/python3.11/site-packages/airflow/example_dags/example_params_ui_tutorial.py
[2024-06-07T16:19:45.143+0200] {processor.py:840} INFO - DAG(s) 'example_params_ui_tutorial' retrieved from /Users/noejalabert/airflow_venv/lib/python3.11/site-packages/airflow/example_dags/example_params_ui_tutorial.py
[2024-06-07T16:19:45.209+0200] {logging_mixin.py:188} INFO - [2024-06-07T16:19:45.208+0200] {dag.py:3096} INFO - Sync 1 DAGs
[2024-06-07T16:19:45.213+0200] {logging_mixin.py:188} INFO - [2024-06-07T16:19:45.213+0200] {dag.py:3954} INFO - Setting next_dagrun for example_params_ui_tutorial to None, run_after=None
[2024-06-07T16:19:45.221+0200] {processor.py:183} INFO - Processing /Users/noejalabert/airflow_venv/lib/python3.11/site-packages/airflow/example_dags/example_params_ui_tutorial.py took 0.099 seconds
[2024-06-07T16:21:15.695+0200] {processor.py:161} INFO - Started process (PID=32287) to work on /Users/noejalabert/airflow_venv/lib/python3.11/site-packages/airflow/example_dags/example_params_ui_tutorial.py
[2024-06-07T16:21:15.696+0200] {processor.py:830} INFO - Processing file /Users/noejalabert/airflow_venv/lib/python3.11/site-packages/airflow/example_dags/example_params_ui_tutorial.py for tasks to queue
[2024-06-07T16:21:15.697+0200] {logging_mixin.py:188} INFO - [2024-06-07T16:21:15.696+0200] {dagbag.py:540} INFO - Filling up the DagBag from /Users/noejalabert/airflow_venv/lib/python3.11/site-packages/airflow/example_dags/example_params_ui_tutorial.py
[2024-06-07T16:21:15.715+0200] {processor.py:840} INFO - DAG(s) 'example_params_ui_tutorial' retrieved from /Users/noejalabert/airflow_venv/lib/python3.11/site-packages/airflow/example_dags/example_params_ui_tutorial.py
[2024-06-07T16:21:15.774+0200] {logging_mixin.py:188} INFO - [2024-06-07T16:21:15.774+0200] {dag.py:3096} INFO - Sync 1 DAGs
[2024-06-07T16:21:15.778+0200] {logging_mixin.py:188} INFO - [2024-06-07T16:21:15.778+0200] {dag.py:3954} INFO - Setting next_dagrun for example_params_ui_tutorial to None, run_after=None
[2024-06-07T16:21:15.786+0200] {processor.py:183} INFO - Processing /Users/noejalabert/airflow_venv/lib/python3.11/site-packages/airflow/example_dags/example_params_ui_tutorial.py took 0.092 seconds
[2024-06-07T16:22:50.573+0200] {processor.py:161} INFO - Started process (PID=32375) to work on /Users/noejalabert/airflow_venv/lib/python3.11/site-packages/airflow/example_dags/example_params_ui_tutorial.py
[2024-06-07T16:22:50.573+0200] {processor.py:830} INFO - Processing file /Users/noejalabert/airflow_venv/lib/python3.11/site-packages/airflow/example_dags/example_params_ui_tutorial.py for tasks to queue
[2024-06-07T16:22:50.574+0200] {logging_mixin.py:188} INFO - [2024-06-07T16:22:50.574+0200] {dagbag.py:540} INFO - Filling up the DagBag from /Users/noejalabert/airflow_venv/lib/python3.11/site-packages/airflow/example_dags/example_params_ui_tutorial.py
[2024-06-07T16:22:50.596+0200] {processor.py:840} INFO - DAG(s) 'example_params_ui_tutorial' retrieved from /Users/noejalabert/airflow_venv/lib/python3.11/site-packages/airflow/example_dags/example_params_ui_tutorial.py
[2024-06-07T16:22:50.663+0200] {logging_mixin.py:188} INFO - [2024-06-07T16:22:50.662+0200] {dag.py:3096} INFO - Sync 1 DAGs
[2024-06-07T16:22:50.667+0200] {logging_mixin.py:188} INFO - [2024-06-07T16:22:50.667+0200] {dag.py:3954} INFO - Setting next_dagrun for example_params_ui_tutorial to None, run_after=None
[2024-06-07T16:22:50.677+0200] {processor.py:183} INFO - Processing /Users/noejalabert/airflow_venv/lib/python3.11/site-packages/airflow/example_dags/example_params_ui_tutorial.py took 0.106 seconds
[2024-06-07T16:24:24.804+0200] {processor.py:161} INFO - Started process (PID=32446) to work on /Users/noejalabert/airflow_venv/lib/python3.11/site-packages/airflow/example_dags/example_params_ui_tutorial.py
[2024-06-07T16:24:24.805+0200] {processor.py:830} INFO - Processing file /Users/noejalabert/airflow_venv/lib/python3.11/site-packages/airflow/example_dags/example_params_ui_tutorial.py for tasks to queue
[2024-06-07T16:24:24.806+0200] {logging_mixin.py:188} INFO - [2024-06-07T16:24:24.805+0200] {dagbag.py:540} INFO - Filling up the DagBag from /Users/noejalabert/airflow_venv/lib/python3.11/site-packages/airflow/example_dags/example_params_ui_tutorial.py
[2024-06-07T16:24:24.831+0200] {processor.py:840} INFO - DAG(s) 'example_params_ui_tutorial' retrieved from /Users/noejalabert/airflow_venv/lib/python3.11/site-packages/airflow/example_dags/example_params_ui_tutorial.py
[2024-06-07T16:24:24.899+0200] {logging_mixin.py:188} INFO - [2024-06-07T16:24:24.898+0200] {dag.py:3096} INFO - Sync 1 DAGs
[2024-06-07T16:24:24.904+0200] {logging_mixin.py:188} INFO - [2024-06-07T16:24:24.903+0200] {dag.py:3954} INFO - Setting next_dagrun for example_params_ui_tutorial to None, run_after=None
[2024-06-07T16:24:24.912+0200] {processor.py:183} INFO - Processing /Users/noejalabert/airflow_venv/lib/python3.11/site-packages/airflow/example_dags/example_params_ui_tutorial.py took 0.112 seconds
[2024-06-07T16:25:58.818+0200] {processor.py:161} INFO - Started process (PID=32548) to work on /Users/noejalabert/airflow_venv/lib/python3.11/site-packages/airflow/example_dags/example_params_ui_tutorial.py
[2024-06-07T16:25:58.820+0200] {processor.py:830} INFO - Processing file /Users/noejalabert/airflow_venv/lib/python3.11/site-packages/airflow/example_dags/example_params_ui_tutorial.py for tasks to queue
[2024-06-07T16:25:58.820+0200] {logging_mixin.py:188} INFO - [2024-06-07T16:25:58.820+0200] {dagbag.py:540} INFO - Filling up the DagBag from /Users/noejalabert/airflow_venv/lib/python3.11/site-packages/airflow/example_dags/example_params_ui_tutorial.py
[2024-06-07T16:25:58.840+0200] {processor.py:840} INFO - DAG(s) 'example_params_ui_tutorial' retrieved from /Users/noejalabert/airflow_venv/lib/python3.11/site-packages/airflow/example_dags/example_params_ui_tutorial.py
[2024-06-07T16:25:58.897+0200] {logging_mixin.py:188} INFO - [2024-06-07T16:25:58.897+0200] {dag.py:3096} INFO - Sync 1 DAGs
[2024-06-07T16:25:58.901+0200] {logging_mixin.py:188} INFO - [2024-06-07T16:25:58.901+0200] {dag.py:3954} INFO - Setting next_dagrun for example_params_ui_tutorial to None, run_after=None
[2024-06-07T16:25:58.908+0200] {processor.py:183} INFO - Processing /Users/noejalabert/airflow_venv/lib/python3.11/site-packages/airflow/example_dags/example_params_ui_tutorial.py took 0.092 seconds
[2024-06-07T16:27:27.438+0200] {processor.py:161} INFO - Started process (PID=32697) to work on /Users/noejalabert/airflow_venv/lib/python3.11/site-packages/airflow/example_dags/example_params_ui_tutorial.py
[2024-06-07T16:27:27.439+0200] {processor.py:830} INFO - Processing file /Users/noejalabert/airflow_venv/lib/python3.11/site-packages/airflow/example_dags/example_params_ui_tutorial.py for tasks to queue
[2024-06-07T16:27:27.440+0200] {logging_mixin.py:188} INFO - [2024-06-07T16:27:27.439+0200] {dagbag.py:540} INFO - Filling up the DagBag from /Users/noejalabert/airflow_venv/lib/python3.11/site-packages/airflow/example_dags/example_params_ui_tutorial.py
[2024-06-07T16:27:27.459+0200] {processor.py:840} INFO - DAG(s) 'example_params_ui_tutorial' retrieved from /Users/noejalabert/airflow_venv/lib/python3.11/site-packages/airflow/example_dags/example_params_ui_tutorial.py
[2024-06-07T16:27:27.516+0200] {logging_mixin.py:188} INFO - [2024-06-07T16:27:27.516+0200] {dag.py:3096} INFO - Sync 1 DAGs
[2024-06-07T16:27:27.520+0200] {logging_mixin.py:188} INFO - [2024-06-07T16:27:27.520+0200] {dag.py:3954} INFO - Setting next_dagrun for example_params_ui_tutorial to None, run_after=None
[2024-06-07T16:27:27.528+0200] {processor.py:183} INFO - Processing /Users/noejalabert/airflow_venv/lib/python3.11/site-packages/airflow/example_dags/example_params_ui_tutorial.py took 0.092 seconds
[2024-06-07T16:28:59.496+0200] {processor.py:161} INFO - Started process (PID=32786) to work on /Users/noejalabert/airflow_venv/lib/python3.11/site-packages/airflow/example_dags/example_params_ui_tutorial.py
[2024-06-07T16:28:59.498+0200] {processor.py:830} INFO - Processing file /Users/noejalabert/airflow_venv/lib/python3.11/site-packages/airflow/example_dags/example_params_ui_tutorial.py for tasks to queue
[2024-06-07T16:28:59.498+0200] {logging_mixin.py:188} INFO - [2024-06-07T16:28:59.498+0200] {dagbag.py:540} INFO - Filling up the DagBag from /Users/noejalabert/airflow_venv/lib/python3.11/site-packages/airflow/example_dags/example_params_ui_tutorial.py
[2024-06-07T16:28:59.516+0200] {processor.py:840} INFO - DAG(s) 'example_params_ui_tutorial' retrieved from /Users/noejalabert/airflow_venv/lib/python3.11/site-packages/airflow/example_dags/example_params_ui_tutorial.py
[2024-06-07T16:28:59.574+0200] {logging_mixin.py:188} INFO - [2024-06-07T16:28:59.573+0200] {dag.py:3096} INFO - Sync 1 DAGs
[2024-06-07T16:28:59.578+0200] {logging_mixin.py:188} INFO - [2024-06-07T16:28:59.578+0200] {dag.py:3954} INFO - Setting next_dagrun for example_params_ui_tutorial to None, run_after=None
[2024-06-07T16:28:59.585+0200] {processor.py:183} INFO - Processing /Users/noejalabert/airflow_venv/lib/python3.11/site-packages/airflow/example_dags/example_params_ui_tutorial.py took 0.090 seconds
[2024-06-07T16:30:32.516+0200] {processor.py:161} INFO - Started process (PID=32870) to work on /Users/noejalabert/airflow_venv/lib/python3.11/site-packages/airflow/example_dags/example_params_ui_tutorial.py
[2024-06-07T16:30:32.516+0200] {processor.py:830} INFO - Processing file /Users/noejalabert/airflow_venv/lib/python3.11/site-packages/airflow/example_dags/example_params_ui_tutorial.py for tasks to queue
[2024-06-07T16:30:32.517+0200] {logging_mixin.py:188} INFO - [2024-06-07T16:30:32.517+0200] {dagbag.py:540} INFO - Filling up the DagBag from /Users/noejalabert/airflow_venv/lib/python3.11/site-packages/airflow/example_dags/example_params_ui_tutorial.py
[2024-06-07T16:30:32.536+0200] {processor.py:840} INFO - DAG(s) 'example_params_ui_tutorial' retrieved from /Users/noejalabert/airflow_venv/lib/python3.11/site-packages/airflow/example_dags/example_params_ui_tutorial.py
[2024-06-07T16:30:32.595+0200] {logging_mixin.py:188} INFO - [2024-06-07T16:30:32.595+0200] {dag.py:3096} INFO - Sync 1 DAGs
[2024-06-07T16:30:32.599+0200] {logging_mixin.py:188} INFO - [2024-06-07T16:30:32.599+0200] {dag.py:3954} INFO - Setting next_dagrun for example_params_ui_tutorial to None, run_after=None
[2024-06-07T16:30:32.607+0200] {processor.py:183} INFO - Processing /Users/noejalabert/airflow_venv/lib/python3.11/site-packages/airflow/example_dags/example_params_ui_tutorial.py took 0.092 seconds
[2024-06-07T16:32:06.967+0200] {processor.py:161} INFO - Started process (PID=32951) to work on /Users/noejalabert/airflow_venv/lib/python3.11/site-packages/airflow/example_dags/example_params_ui_tutorial.py
[2024-06-07T16:32:06.968+0200] {processor.py:830} INFO - Processing file /Users/noejalabert/airflow_venv/lib/python3.11/site-packages/airflow/example_dags/example_params_ui_tutorial.py for tasks to queue
[2024-06-07T16:32:06.969+0200] {logging_mixin.py:188} INFO - [2024-06-07T16:32:06.968+0200] {dagbag.py:540} INFO - Filling up the DagBag from /Users/noejalabert/airflow_venv/lib/python3.11/site-packages/airflow/example_dags/example_params_ui_tutorial.py
[2024-06-07T16:32:06.989+0200] {processor.py:840} INFO - DAG(s) 'example_params_ui_tutorial' retrieved from /Users/noejalabert/airflow_venv/lib/python3.11/site-packages/airflow/example_dags/example_params_ui_tutorial.py
[2024-06-07T16:32:07.050+0200] {logging_mixin.py:188} INFO - [2024-06-07T16:32:07.050+0200] {dag.py:3096} INFO - Sync 1 DAGs
[2024-06-07T16:32:07.054+0200] {logging_mixin.py:188} INFO - [2024-06-07T16:32:07.054+0200] {dag.py:3954} INFO - Setting next_dagrun for example_params_ui_tutorial to None, run_after=None
[2024-06-07T16:32:07.062+0200] {processor.py:183} INFO - Processing /Users/noejalabert/airflow_venv/lib/python3.11/site-packages/airflow/example_dags/example_params_ui_tutorial.py took 0.096 seconds
[2024-06-07T16:33:36.141+0200] {processor.py:161} INFO - Started process (PID=33035) to work on /Users/noejalabert/airflow_venv/lib/python3.11/site-packages/airflow/example_dags/example_params_ui_tutorial.py
[2024-06-07T16:33:36.142+0200] {processor.py:830} INFO - Processing file /Users/noejalabert/airflow_venv/lib/python3.11/site-packages/airflow/example_dags/example_params_ui_tutorial.py for tasks to queue
[2024-06-07T16:33:36.142+0200] {logging_mixin.py:188} INFO - [2024-06-07T16:33:36.142+0200] {dagbag.py:540} INFO - Filling up the DagBag from /Users/noejalabert/airflow_venv/lib/python3.11/site-packages/airflow/example_dags/example_params_ui_tutorial.py
[2024-06-07T16:33:36.161+0200] {processor.py:840} INFO - DAG(s) 'example_params_ui_tutorial' retrieved from /Users/noejalabert/airflow_venv/lib/python3.11/site-packages/airflow/example_dags/example_params_ui_tutorial.py
[2024-06-07T16:33:36.226+0200] {logging_mixin.py:188} INFO - [2024-06-07T16:33:36.226+0200] {dag.py:3096} INFO - Sync 1 DAGs
[2024-06-07T16:33:36.231+0200] {logging_mixin.py:188} INFO - [2024-06-07T16:33:36.231+0200] {dag.py:3954} INFO - Setting next_dagrun for example_params_ui_tutorial to None, run_after=None
[2024-06-07T16:33:36.239+0200] {processor.py:183} INFO - Processing /Users/noejalabert/airflow_venv/lib/python3.11/site-packages/airflow/example_dags/example_params_ui_tutorial.py took 0.100 seconds
[2024-06-07T16:35:20.963+0200] {processor.py:161} INFO - Started process (PID=33148) to work on /Users/noejalabert/airflow_venv/lib/python3.11/site-packages/airflow/example_dags/example_params_ui_tutorial.py
[2024-06-07T16:35:20.964+0200] {processor.py:830} INFO - Processing file /Users/noejalabert/airflow_venv/lib/python3.11/site-packages/airflow/example_dags/example_params_ui_tutorial.py for tasks to queue
[2024-06-07T16:35:20.964+0200] {logging_mixin.py:188} INFO - [2024-06-07T16:35:20.964+0200] {dagbag.py:540} INFO - Filling up the DagBag from /Users/noejalabert/airflow_venv/lib/python3.11/site-packages/airflow/example_dags/example_params_ui_tutorial.py
[2024-06-07T16:35:20.991+0200] {processor.py:840} INFO - DAG(s) 'example_params_ui_tutorial' retrieved from /Users/noejalabert/airflow_venv/lib/python3.11/site-packages/airflow/example_dags/example_params_ui_tutorial.py
[2024-06-07T16:35:21.073+0200] {logging_mixin.py:188} INFO - [2024-06-07T16:35:21.073+0200] {dag.py:3096} INFO - Sync 1 DAGs
[2024-06-07T16:35:21.079+0200] {logging_mixin.py:188} INFO - [2024-06-07T16:35:21.079+0200] {dag.py:3954} INFO - Setting next_dagrun for example_params_ui_tutorial to None, run_after=None
[2024-06-07T16:35:21.092+0200] {processor.py:183} INFO - Processing /Users/noejalabert/airflow_venv/lib/python3.11/site-packages/airflow/example_dags/example_params_ui_tutorial.py took 0.130 seconds
[2024-06-07T16:37:09.122+0200] {processor.py:161} INFO - Started process (PID=33288) to work on /Users/noejalabert/airflow_venv/lib/python3.11/site-packages/airflow/example_dags/example_params_ui_tutorial.py
[2024-06-07T16:37:09.123+0200] {processor.py:830} INFO - Processing file /Users/noejalabert/airflow_venv/lib/python3.11/site-packages/airflow/example_dags/example_params_ui_tutorial.py for tasks to queue
[2024-06-07T16:37:09.123+0200] {logging_mixin.py:188} INFO - [2024-06-07T16:37:09.123+0200] {dagbag.py:540} INFO - Filling up the DagBag from /Users/noejalabert/airflow_venv/lib/python3.11/site-packages/airflow/example_dags/example_params_ui_tutorial.py
[2024-06-07T16:37:09.145+0200] {processor.py:840} INFO - DAG(s) 'example_params_ui_tutorial' retrieved from /Users/noejalabert/airflow_venv/lib/python3.11/site-packages/airflow/example_dags/example_params_ui_tutorial.py
[2024-06-07T16:37:09.208+0200] {logging_mixin.py:188} INFO - [2024-06-07T16:37:09.208+0200] {dag.py:3096} INFO - Sync 1 DAGs
[2024-06-07T16:37:09.213+0200] {logging_mixin.py:188} INFO - [2024-06-07T16:37:09.213+0200] {dag.py:3954} INFO - Setting next_dagrun for example_params_ui_tutorial to None, run_after=None
[2024-06-07T16:37:09.221+0200] {processor.py:183} INFO - Processing /Users/noejalabert/airflow_venv/lib/python3.11/site-packages/airflow/example_dags/example_params_ui_tutorial.py took 0.101 seconds
[2024-06-07T16:38:46.998+0200] {processor.py:161} INFO - Started process (PID=33397) to work on /Users/noejalabert/airflow_venv/lib/python3.11/site-packages/airflow/example_dags/example_params_ui_tutorial.py
[2024-06-07T16:38:46.999+0200] {processor.py:830} INFO - Processing file /Users/noejalabert/airflow_venv/lib/python3.11/site-packages/airflow/example_dags/example_params_ui_tutorial.py for tasks to queue
[2024-06-07T16:38:47.000+0200] {logging_mixin.py:188} INFO - [2024-06-07T16:38:46.999+0200] {dagbag.py:540} INFO - Filling up the DagBag from /Users/noejalabert/airflow_venv/lib/python3.11/site-packages/airflow/example_dags/example_params_ui_tutorial.py
[2024-06-07T16:38:47.020+0200] {processor.py:840} INFO - DAG(s) 'example_params_ui_tutorial' retrieved from /Users/noejalabert/airflow_venv/lib/python3.11/site-packages/airflow/example_dags/example_params_ui_tutorial.py
[2024-06-07T16:38:47.084+0200] {logging_mixin.py:188} INFO - [2024-06-07T16:38:47.084+0200] {dag.py:3096} INFO - Sync 1 DAGs
[2024-06-07T16:38:47.089+0200] {logging_mixin.py:188} INFO - [2024-06-07T16:38:47.089+0200] {dag.py:3954} INFO - Setting next_dagrun for example_params_ui_tutorial to None, run_after=None
[2024-06-07T16:38:47.098+0200] {processor.py:183} INFO - Processing /Users/noejalabert/airflow_venv/lib/python3.11/site-packages/airflow/example_dags/example_params_ui_tutorial.py took 0.101 seconds
[2024-06-07T16:40:29.006+0200] {processor.py:161} INFO - Started process (PID=33513) to work on /Users/noejalabert/airflow_venv/lib/python3.11/site-packages/airflow/example_dags/example_params_ui_tutorial.py
[2024-06-07T16:40:29.006+0200] {processor.py:830} INFO - Processing file /Users/noejalabert/airflow_venv/lib/python3.11/site-packages/airflow/example_dags/example_params_ui_tutorial.py for tasks to queue
[2024-06-07T16:40:29.007+0200] {logging_mixin.py:188} INFO - [2024-06-07T16:40:29.007+0200] {dagbag.py:540} INFO - Filling up the DagBag from /Users/noejalabert/airflow_venv/lib/python3.11/site-packages/airflow/example_dags/example_params_ui_tutorial.py
[2024-06-07T16:40:29.030+0200] {processor.py:840} INFO - DAG(s) 'example_params_ui_tutorial' retrieved from /Users/noejalabert/airflow_venv/lib/python3.11/site-packages/airflow/example_dags/example_params_ui_tutorial.py
[2024-06-07T16:40:29.094+0200] {logging_mixin.py:188} INFO - [2024-06-07T16:40:29.094+0200] {dag.py:3096} INFO - Sync 1 DAGs
[2024-06-07T16:40:29.098+0200] {logging_mixin.py:188} INFO - [2024-06-07T16:40:29.098+0200] {dag.py:3954} INFO - Setting next_dagrun for example_params_ui_tutorial to None, run_after=None
[2024-06-07T16:40:29.108+0200] {processor.py:183} INFO - Processing /Users/noejalabert/airflow_venv/lib/python3.11/site-packages/airflow/example_dags/example_params_ui_tutorial.py took 0.104 seconds
[2024-06-07T16:42:10.183+0200] {processor.py:161} INFO - Started process (PID=33643) to work on /Users/noejalabert/airflow_venv/lib/python3.11/site-packages/airflow/example_dags/example_params_ui_tutorial.py
[2024-06-07T16:42:10.184+0200] {processor.py:830} INFO - Processing file /Users/noejalabert/airflow_venv/lib/python3.11/site-packages/airflow/example_dags/example_params_ui_tutorial.py for tasks to queue
[2024-06-07T16:42:10.185+0200] {logging_mixin.py:188} INFO - [2024-06-07T16:42:10.185+0200] {dagbag.py:540} INFO - Filling up the DagBag from /Users/noejalabert/airflow_venv/lib/python3.11/site-packages/airflow/example_dags/example_params_ui_tutorial.py
[2024-06-07T16:42:10.206+0200] {processor.py:840} INFO - DAG(s) 'example_params_ui_tutorial' retrieved from /Users/noejalabert/airflow_venv/lib/python3.11/site-packages/airflow/example_dags/example_params_ui_tutorial.py
[2024-06-07T16:42:10.272+0200] {logging_mixin.py:188} INFO - [2024-06-07T16:42:10.272+0200] {dag.py:3096} INFO - Sync 1 DAGs
[2024-06-07T16:42:10.277+0200] {logging_mixin.py:188} INFO - [2024-06-07T16:42:10.277+0200] {dag.py:3954} INFO - Setting next_dagrun for example_params_ui_tutorial to None, run_after=None
[2024-06-07T16:42:10.285+0200] {processor.py:183} INFO - Processing /Users/noejalabert/airflow_venv/lib/python3.11/site-packages/airflow/example_dags/example_params_ui_tutorial.py took 0.104 seconds
[2024-06-07T16:43:48.056+0200] {processor.py:161} INFO - Started process (PID=33748) to work on /Users/noejalabert/airflow_venv/lib/python3.11/site-packages/airflow/example_dags/example_params_ui_tutorial.py
[2024-06-07T16:43:48.057+0200] {processor.py:830} INFO - Processing file /Users/noejalabert/airflow_venv/lib/python3.11/site-packages/airflow/example_dags/example_params_ui_tutorial.py for tasks to queue
[2024-06-07T16:43:48.058+0200] {logging_mixin.py:188} INFO - [2024-06-07T16:43:48.058+0200] {dagbag.py:540} INFO - Filling up the DagBag from /Users/noejalabert/airflow_venv/lib/python3.11/site-packages/airflow/example_dags/example_params_ui_tutorial.py
[2024-06-07T16:43:48.079+0200] {processor.py:840} INFO - DAG(s) 'example_params_ui_tutorial' retrieved from /Users/noejalabert/airflow_venv/lib/python3.11/site-packages/airflow/example_dags/example_params_ui_tutorial.py
[2024-06-07T16:43:48.144+0200] {logging_mixin.py:188} INFO - [2024-06-07T16:43:48.144+0200] {dag.py:3096} INFO - Sync 1 DAGs
[2024-06-07T16:43:48.148+0200] {logging_mixin.py:188} INFO - [2024-06-07T16:43:48.148+0200] {dag.py:3954} INFO - Setting next_dagrun for example_params_ui_tutorial to None, run_after=None
[2024-06-07T16:43:48.156+0200] {processor.py:183} INFO - Processing /Users/noejalabert/airflow_venv/lib/python3.11/site-packages/airflow/example_dags/example_params_ui_tutorial.py took 0.102 seconds
[2024-06-07T16:45:31.369+0200] {processor.py:161} INFO - Started process (PID=33859) to work on /Users/noejalabert/airflow_venv/lib/python3.11/site-packages/airflow/example_dags/example_params_ui_tutorial.py
[2024-06-07T16:45:31.371+0200] {processor.py:830} INFO - Processing file /Users/noejalabert/airflow_venv/lib/python3.11/site-packages/airflow/example_dags/example_params_ui_tutorial.py for tasks to queue
[2024-06-07T16:45:31.371+0200] {logging_mixin.py:188} INFO - [2024-06-07T16:45:31.371+0200] {dagbag.py:540} INFO - Filling up the DagBag from /Users/noejalabert/airflow_venv/lib/python3.11/site-packages/airflow/example_dags/example_params_ui_tutorial.py
[2024-06-07T16:45:31.397+0200] {processor.py:840} INFO - DAG(s) 'example_params_ui_tutorial' retrieved from /Users/noejalabert/airflow_venv/lib/python3.11/site-packages/airflow/example_dags/example_params_ui_tutorial.py
[2024-06-07T16:45:31.464+0200] {logging_mixin.py:188} INFO - [2024-06-07T16:45:31.464+0200] {dag.py:3096} INFO - Sync 1 DAGs
[2024-06-07T16:45:31.468+0200] {logging_mixin.py:188} INFO - [2024-06-07T16:45:31.468+0200] {dag.py:3954} INFO - Setting next_dagrun for example_params_ui_tutorial to None, run_after=None
[2024-06-07T16:45:31.478+0200] {processor.py:183} INFO - Processing /Users/noejalabert/airflow_venv/lib/python3.11/site-packages/airflow/example_dags/example_params_ui_tutorial.py took 0.110 seconds
[2024-06-07T16:47:15.951+0200] {processor.py:161} INFO - Started process (PID=33970) to work on /Users/noejalabert/airflow_venv/lib/python3.11/site-packages/airflow/example_dags/example_params_ui_tutorial.py
[2024-06-07T16:47:15.952+0200] {processor.py:830} INFO - Processing file /Users/noejalabert/airflow_venv/lib/python3.11/site-packages/airflow/example_dags/example_params_ui_tutorial.py for tasks to queue
[2024-06-07T16:47:15.952+0200] {logging_mixin.py:188} INFO - [2024-06-07T16:47:15.952+0200] {dagbag.py:540} INFO - Filling up the DagBag from /Users/noejalabert/airflow_venv/lib/python3.11/site-packages/airflow/example_dags/example_params_ui_tutorial.py
[2024-06-07T16:47:15.975+0200] {processor.py:840} INFO - DAG(s) 'example_params_ui_tutorial' retrieved from /Users/noejalabert/airflow_venv/lib/python3.11/site-packages/airflow/example_dags/example_params_ui_tutorial.py
[2024-06-07T16:47:16.048+0200] {logging_mixin.py:188} INFO - [2024-06-07T16:47:16.047+0200] {dag.py:3096} INFO - Sync 1 DAGs
[2024-06-07T16:47:16.053+0200] {logging_mixin.py:188} INFO - [2024-06-07T16:47:16.053+0200] {dag.py:3954} INFO - Setting next_dagrun for example_params_ui_tutorial to None, run_after=None
[2024-06-07T16:47:16.061+0200] {processor.py:183} INFO - Processing /Users/noejalabert/airflow_venv/lib/python3.11/site-packages/airflow/example_dags/example_params_ui_tutorial.py took 0.111 seconds
[2024-06-07T16:49:01.592+0200] {processor.py:161} INFO - Started process (PID=34130) to work on /Users/noejalabert/airflow_venv/lib/python3.11/site-packages/airflow/example_dags/example_params_ui_tutorial.py
[2024-06-07T16:49:01.593+0200] {processor.py:830} INFO - Processing file /Users/noejalabert/airflow_venv/lib/python3.11/site-packages/airflow/example_dags/example_params_ui_tutorial.py for tasks to queue
[2024-06-07T16:49:01.593+0200] {logging_mixin.py:188} INFO - [2024-06-07T16:49:01.593+0200] {dagbag.py:540} INFO - Filling up the DagBag from /Users/noejalabert/airflow_venv/lib/python3.11/site-packages/airflow/example_dags/example_params_ui_tutorial.py
[2024-06-07T16:49:01.617+0200] {processor.py:840} INFO - DAG(s) 'example_params_ui_tutorial' retrieved from /Users/noejalabert/airflow_venv/lib/python3.11/site-packages/airflow/example_dags/example_params_ui_tutorial.py
[2024-06-07T16:49:01.687+0200] {logging_mixin.py:188} INFO - [2024-06-07T16:49:01.687+0200] {dag.py:3096} INFO - Sync 1 DAGs
[2024-06-07T16:49:01.692+0200] {logging_mixin.py:188} INFO - [2024-06-07T16:49:01.692+0200] {dag.py:3954} INFO - Setting next_dagrun for example_params_ui_tutorial to None, run_after=None
[2024-06-07T16:49:01.702+0200] {processor.py:183} INFO - Processing /Users/noejalabert/airflow_venv/lib/python3.11/site-packages/airflow/example_dags/example_params_ui_tutorial.py took 0.112 seconds
[2024-06-07T16:50:45.354+0200] {processor.py:161} INFO - Started process (PID=34226) to work on /Users/noejalabert/airflow_venv/lib/python3.11/site-packages/airflow/example_dags/example_params_ui_tutorial.py
[2024-06-07T16:50:45.355+0200] {processor.py:830} INFO - Processing file /Users/noejalabert/airflow_venv/lib/python3.11/site-packages/airflow/example_dags/example_params_ui_tutorial.py for tasks to queue
[2024-06-07T16:50:45.356+0200] {logging_mixin.py:188} INFO - [2024-06-07T16:50:45.356+0200] {dagbag.py:540} INFO - Filling up the DagBag from /Users/noejalabert/airflow_venv/lib/python3.11/site-packages/airflow/example_dags/example_params_ui_tutorial.py
[2024-06-07T16:50:45.377+0200] {processor.py:840} INFO - DAG(s) 'example_params_ui_tutorial' retrieved from /Users/noejalabert/airflow_venv/lib/python3.11/site-packages/airflow/example_dags/example_params_ui_tutorial.py
[2024-06-07T16:50:45.441+0200] {logging_mixin.py:188} INFO - [2024-06-07T16:50:45.441+0200] {dag.py:3096} INFO - Sync 1 DAGs
[2024-06-07T16:50:45.446+0200] {logging_mixin.py:188} INFO - [2024-06-07T16:50:45.445+0200] {dag.py:3954} INFO - Setting next_dagrun for example_params_ui_tutorial to None, run_after=None
[2024-06-07T16:50:45.454+0200] {processor.py:183} INFO - Processing /Users/noejalabert/airflow_venv/lib/python3.11/site-packages/airflow/example_dags/example_params_ui_tutorial.py took 0.101 seconds
[2024-06-07T16:52:28.113+0200] {processor.py:161} INFO - Started process (PID=34332) to work on /Users/noejalabert/airflow_venv/lib/python3.11/site-packages/airflow/example_dags/example_params_ui_tutorial.py
[2024-06-07T16:52:28.114+0200] {processor.py:830} INFO - Processing file /Users/noejalabert/airflow_venv/lib/python3.11/site-packages/airflow/example_dags/example_params_ui_tutorial.py for tasks to queue
[2024-06-07T16:52:28.114+0200] {logging_mixin.py:188} INFO - [2024-06-07T16:52:28.114+0200] {dagbag.py:540} INFO - Filling up the DagBag from /Users/noejalabert/airflow_venv/lib/python3.11/site-packages/airflow/example_dags/example_params_ui_tutorial.py
[2024-06-07T16:52:28.135+0200] {processor.py:840} INFO - DAG(s) 'example_params_ui_tutorial' retrieved from /Users/noejalabert/airflow_venv/lib/python3.11/site-packages/airflow/example_dags/example_params_ui_tutorial.py
[2024-06-07T16:52:28.197+0200] {logging_mixin.py:188} INFO - [2024-06-07T16:52:28.197+0200] {dag.py:3096} INFO - Sync 1 DAGs
[2024-06-07T16:52:28.201+0200] {logging_mixin.py:188} INFO - [2024-06-07T16:52:28.201+0200] {dag.py:3954} INFO - Setting next_dagrun for example_params_ui_tutorial to None, run_after=None
[2024-06-07T16:52:28.209+0200] {processor.py:183} INFO - Processing /Users/noejalabert/airflow_venv/lib/python3.11/site-packages/airflow/example_dags/example_params_ui_tutorial.py took 0.098 seconds
[2024-06-07T16:54:06.918+0200] {processor.py:161} INFO - Started process (PID=34450) to work on /Users/noejalabert/airflow_venv/lib/python3.11/site-packages/airflow/example_dags/example_params_ui_tutorial.py
[2024-06-07T16:54:06.919+0200] {processor.py:830} INFO - Processing file /Users/noejalabert/airflow_venv/lib/python3.11/site-packages/airflow/example_dags/example_params_ui_tutorial.py for tasks to queue
[2024-06-07T16:54:06.919+0200] {logging_mixin.py:188} INFO - [2024-06-07T16:54:06.919+0200] {dagbag.py:540} INFO - Filling up the DagBag from /Users/noejalabert/airflow_venv/lib/python3.11/site-packages/airflow/example_dags/example_params_ui_tutorial.py
[2024-06-07T16:54:06.938+0200] {processor.py:840} INFO - DAG(s) 'example_params_ui_tutorial' retrieved from /Users/noejalabert/airflow_venv/lib/python3.11/site-packages/airflow/example_dags/example_params_ui_tutorial.py
[2024-06-07T16:54:06.995+0200] {logging_mixin.py:188} INFO - [2024-06-07T16:54:06.995+0200] {dag.py:3096} INFO - Sync 1 DAGs
[2024-06-07T16:54:07.000+0200] {logging_mixin.py:188} INFO - [2024-06-07T16:54:06.999+0200] {dag.py:3954} INFO - Setting next_dagrun for example_params_ui_tutorial to None, run_after=None
[2024-06-07T16:54:07.007+0200] {processor.py:183} INFO - Processing /Users/noejalabert/airflow_venv/lib/python3.11/site-packages/airflow/example_dags/example_params_ui_tutorial.py took 0.091 seconds
[2024-06-07T16:55:42.769+0200] {processor.py:161} INFO - Started process (PID=34561) to work on /Users/noejalabert/airflow_venv/lib/python3.11/site-packages/airflow/example_dags/example_params_ui_tutorial.py
[2024-06-07T16:55:42.770+0200] {processor.py:830} INFO - Processing file /Users/noejalabert/airflow_venv/lib/python3.11/site-packages/airflow/example_dags/example_params_ui_tutorial.py for tasks to queue
[2024-06-07T16:55:42.770+0200] {logging_mixin.py:188} INFO - [2024-06-07T16:55:42.770+0200] {dagbag.py:540} INFO - Filling up the DagBag from /Users/noejalabert/airflow_venv/lib/python3.11/site-packages/airflow/example_dags/example_params_ui_tutorial.py
[2024-06-07T16:55:42.790+0200] {processor.py:840} INFO - DAG(s) 'example_params_ui_tutorial' retrieved from /Users/noejalabert/airflow_venv/lib/python3.11/site-packages/airflow/example_dags/example_params_ui_tutorial.py
[2024-06-07T16:55:42.848+0200] {logging_mixin.py:188} INFO - [2024-06-07T16:55:42.848+0200] {dag.py:3096} INFO - Sync 1 DAGs
[2024-06-07T16:55:42.853+0200] {logging_mixin.py:188} INFO - [2024-06-07T16:55:42.853+0200] {dag.py:3954} INFO - Setting next_dagrun for example_params_ui_tutorial to None, run_after=None
[2024-06-07T16:55:42.861+0200] {processor.py:183} INFO - Processing /Users/noejalabert/airflow_venv/lib/python3.11/site-packages/airflow/example_dags/example_params_ui_tutorial.py took 0.093 seconds
