[2024-06-07T16:09:43.376+0200] {processor.py:161} INFO - Started process (PID=31679) to work on /Users/noejalabert/airflow_venv/lib/python3.11/site-packages/airflow/example_dags/tutorial.py
[2024-06-07T16:09:43.376+0200] {processor.py:830} INFO - Processing file /Users/noejalabert/airflow_venv/lib/python3.11/site-packages/airflow/example_dags/tutorial.py for tasks to queue
[2024-06-07T16:09:43.377+0200] {logging_mixin.py:188} INFO - [2024-06-07T16:09:43.376+0200] {dagbag.py:540} INFO - Filling up the DagBag from /Users/noejalabert/airflow_venv/lib/python3.11/site-packages/airflow/example_dags/tutorial.py
[2024-06-07T16:09:43.380+0200] {processor.py:840} INFO - DAG(s) 'tutorial' retrieved from /Users/noejalabert/airflow_venv/lib/python3.11/site-packages/airflow/example_dags/tutorial.py
[2024-06-07T16:09:43.463+0200] {logging_mixin.py:188} INFO - [2024-06-07T16:09:43.462+0200] {dag.py:3096} INFO - Sync 1 DAGs
[2024-06-07T16:09:43.472+0200] {logging_mixin.py:188} INFO - [2024-06-07T16:09:43.472+0200] {dag.py:3954} INFO - Setting next_dagrun for tutorial to 2024-06-06 00:00:00+00:00, run_after=2024-06-07 00:00:00+00:00
[2024-06-07T16:09:43.480+0200] {processor.py:183} INFO - Processing /Users/noejalabert/airflow_venv/lib/python3.11/site-packages/airflow/example_dags/tutorial.py took 0.106 seconds
[2024-06-07T16:11:22.642+0200] {processor.py:161} INFO - Started process (PID=31768) to work on /Users/noejalabert/airflow_venv/lib/python3.11/site-packages/airflow/example_dags/tutorial.py
[2024-06-07T16:11:22.644+0200] {processor.py:830} INFO - Processing file /Users/noejalabert/airflow_venv/lib/python3.11/site-packages/airflow/example_dags/tutorial.py for tasks to queue
[2024-06-07T16:11:22.644+0200] {logging_mixin.py:188} INFO - [2024-06-07T16:11:22.644+0200] {dagbag.py:540} INFO - Filling up the DagBag from /Users/noejalabert/airflow_venv/lib/python3.11/site-packages/airflow/example_dags/tutorial.py
[2024-06-07T16:11:22.647+0200] {processor.py:840} INFO - DAG(s) 'tutorial' retrieved from /Users/noejalabert/airflow_venv/lib/python3.11/site-packages/airflow/example_dags/tutorial.py
[2024-06-07T16:11:22.696+0200] {logging_mixin.py:188} INFO - [2024-06-07T16:11:22.695+0200] {dag.py:3096} INFO - Sync 1 DAGs
[2024-06-07T16:11:22.704+0200] {logging_mixin.py:188} INFO - [2024-06-07T16:11:22.704+0200] {dag.py:3954} INFO - Setting next_dagrun for tutorial to 2024-06-06 00:00:00+00:00, run_after=2024-06-07 00:00:00+00:00
[2024-06-07T16:11:22.711+0200] {processor.py:183} INFO - Processing /Users/noejalabert/airflow_venv/lib/python3.11/site-packages/airflow/example_dags/tutorial.py took 0.071 seconds
[2024-06-07T16:13:01.201+0200] {processor.py:161} INFO - Started process (PID=31861) to work on /Users/noejalabert/airflow_venv/lib/python3.11/site-packages/airflow/example_dags/tutorial.py
[2024-06-07T16:13:01.203+0200] {processor.py:830} INFO - Processing file /Users/noejalabert/airflow_venv/lib/python3.11/site-packages/airflow/example_dags/tutorial.py for tasks to queue
[2024-06-07T16:13:01.203+0200] {logging_mixin.py:188} INFO - [2024-06-07T16:13:01.203+0200] {dagbag.py:540} INFO - Filling up the DagBag from /Users/noejalabert/airflow_venv/lib/python3.11/site-packages/airflow/example_dags/tutorial.py
[2024-06-07T16:13:01.207+0200] {processor.py:840} INFO - DAG(s) 'tutorial' retrieved from /Users/noejalabert/airflow_venv/lib/python3.11/site-packages/airflow/example_dags/tutorial.py
[2024-06-07T16:13:01.255+0200] {logging_mixin.py:188} INFO - [2024-06-07T16:13:01.255+0200] {dag.py:3096} INFO - Sync 1 DAGs
[2024-06-07T16:13:01.263+0200] {logging_mixin.py:188} INFO - [2024-06-07T16:13:01.263+0200] {dag.py:3954} INFO - Setting next_dagrun for tutorial to 2024-06-06 00:00:00+00:00, run_after=2024-06-07 00:00:00+00:00
[2024-06-07T16:13:01.271+0200] {processor.py:183} INFO - Processing /Users/noejalabert/airflow_venv/lib/python3.11/site-packages/airflow/example_dags/tutorial.py took 0.071 seconds
[2024-06-07T16:14:32.364+0200] {processor.py:161} INFO - Started process (PID=31946) to work on /Users/noejalabert/airflow_venv/lib/python3.11/site-packages/airflow/example_dags/tutorial.py
[2024-06-07T16:14:32.364+0200] {processor.py:830} INFO - Processing file /Users/noejalabert/airflow_venv/lib/python3.11/site-packages/airflow/example_dags/tutorial.py for tasks to queue
[2024-06-07T16:14:32.365+0200] {logging_mixin.py:188} INFO - [2024-06-07T16:14:32.365+0200] {dagbag.py:540} INFO - Filling up the DagBag from /Users/noejalabert/airflow_venv/lib/python3.11/site-packages/airflow/example_dags/tutorial.py
[2024-06-07T16:14:32.368+0200] {processor.py:840} INFO - DAG(s) 'tutorial' retrieved from /Users/noejalabert/airflow_venv/lib/python3.11/site-packages/airflow/example_dags/tutorial.py
[2024-06-07T16:14:32.416+0200] {logging_mixin.py:188} INFO - [2024-06-07T16:14:32.416+0200] {dag.py:3096} INFO - Sync 1 DAGs
[2024-06-07T16:14:32.424+0200] {logging_mixin.py:188} INFO - [2024-06-07T16:14:32.424+0200] {dag.py:3954} INFO - Setting next_dagrun for tutorial to 2024-06-06 00:00:00+00:00, run_after=2024-06-07 00:00:00+00:00
[2024-06-07T16:14:32.431+0200] {processor.py:183} INFO - Processing /Users/noejalabert/airflow_venv/lib/python3.11/site-packages/airflow/example_dags/tutorial.py took 0.069 seconds
[2024-06-07T16:16:05.480+0200] {processor.py:161} INFO - Started process (PID=32017) to work on /Users/noejalabert/airflow_venv/lib/python3.11/site-packages/airflow/example_dags/tutorial.py
[2024-06-07T16:16:05.482+0200] {processor.py:830} INFO - Processing file /Users/noejalabert/airflow_venv/lib/python3.11/site-packages/airflow/example_dags/tutorial.py for tasks to queue
[2024-06-07T16:16:05.482+0200] {logging_mixin.py:188} INFO - [2024-06-07T16:16:05.482+0200] {dagbag.py:540} INFO - Filling up the DagBag from /Users/noejalabert/airflow_venv/lib/python3.11/site-packages/airflow/example_dags/tutorial.py
[2024-06-07T16:16:05.486+0200] {processor.py:840} INFO - DAG(s) 'tutorial' retrieved from /Users/noejalabert/airflow_venv/lib/python3.11/site-packages/airflow/example_dags/tutorial.py
[2024-06-07T16:16:05.539+0200] {logging_mixin.py:188} INFO - [2024-06-07T16:16:05.539+0200] {dag.py:3096} INFO - Sync 1 DAGs
[2024-06-07T16:16:05.547+0200] {logging_mixin.py:188} INFO - [2024-06-07T16:16:05.547+0200] {dag.py:3954} INFO - Setting next_dagrun for tutorial to 2024-06-06 00:00:00+00:00, run_after=2024-06-07 00:00:00+00:00
[2024-06-07T16:16:05.556+0200] {processor.py:183} INFO - Processing /Users/noejalabert/airflow_venv/lib/python3.11/site-packages/airflow/example_dags/tutorial.py took 0.077 seconds
[2024-06-07T16:17:38.513+0200] {processor.py:161} INFO - Started process (PID=32104) to work on /Users/noejalabert/airflow_venv/lib/python3.11/site-packages/airflow/example_dags/tutorial.py
[2024-06-07T16:17:38.514+0200] {processor.py:830} INFO - Processing file /Users/noejalabert/airflow_venv/lib/python3.11/site-packages/airflow/example_dags/tutorial.py for tasks to queue
[2024-06-07T16:17:38.514+0200] {logging_mixin.py:188} INFO - [2024-06-07T16:17:38.514+0200] {dagbag.py:540} INFO - Filling up the DagBag from /Users/noejalabert/airflow_venv/lib/python3.11/site-packages/airflow/example_dags/tutorial.py
[2024-06-07T16:17:38.519+0200] {processor.py:840} INFO - DAG(s) 'tutorial' retrieved from /Users/noejalabert/airflow_venv/lib/python3.11/site-packages/airflow/example_dags/tutorial.py
[2024-06-07T16:17:38.568+0200] {logging_mixin.py:188} INFO - [2024-06-07T16:17:38.568+0200] {dag.py:3096} INFO - Sync 1 DAGs
[2024-06-07T16:17:38.576+0200] {logging_mixin.py:188} INFO - [2024-06-07T16:17:38.576+0200] {dag.py:3954} INFO - Setting next_dagrun for tutorial to 2024-06-06 00:00:00+00:00, run_after=2024-06-07 00:00:00+00:00
[2024-06-07T16:17:38.584+0200] {processor.py:183} INFO - Processing /Users/noejalabert/airflow_venv/lib/python3.11/site-packages/airflow/example_dags/tutorial.py took 0.073 seconds
[2024-06-07T16:19:10.977+0200] {processor.py:161} INFO - Started process (PID=32180) to work on /Users/noejalabert/airflow_venv/lib/python3.11/site-packages/airflow/example_dags/tutorial.py
[2024-06-07T16:19:10.978+0200] {processor.py:830} INFO - Processing file /Users/noejalabert/airflow_venv/lib/python3.11/site-packages/airflow/example_dags/tutorial.py for tasks to queue
[2024-06-07T16:19:10.978+0200] {logging_mixin.py:188} INFO - [2024-06-07T16:19:10.978+0200] {dagbag.py:540} INFO - Filling up the DagBag from /Users/noejalabert/airflow_venv/lib/python3.11/site-packages/airflow/example_dags/tutorial.py
[2024-06-07T16:19:10.982+0200] {processor.py:840} INFO - DAG(s) 'tutorial' retrieved from /Users/noejalabert/airflow_venv/lib/python3.11/site-packages/airflow/example_dags/tutorial.py
[2024-06-07T16:19:11.030+0200] {logging_mixin.py:188} INFO - [2024-06-07T16:19:11.030+0200] {dag.py:3096} INFO - Sync 1 DAGs
[2024-06-07T16:19:11.039+0200] {logging_mixin.py:188} INFO - [2024-06-07T16:19:11.038+0200] {dag.py:3954} INFO - Setting next_dagrun for tutorial to 2024-06-06 00:00:00+00:00, run_after=2024-06-07 00:00:00+00:00
[2024-06-07T16:19:11.046+0200] {processor.py:183} INFO - Processing /Users/noejalabert/airflow_venv/lib/python3.11/site-packages/airflow/example_dags/tutorial.py took 0.071 seconds
[2024-06-07T16:20:41.422+0200] {processor.py:161} INFO - Started process (PID=32262) to work on /Users/noejalabert/airflow_venv/lib/python3.11/site-packages/airflow/example_dags/tutorial.py
[2024-06-07T16:20:41.423+0200] {processor.py:830} INFO - Processing file /Users/noejalabert/airflow_venv/lib/python3.11/site-packages/airflow/example_dags/tutorial.py for tasks to queue
[2024-06-07T16:20:41.424+0200] {logging_mixin.py:188} INFO - [2024-06-07T16:20:41.423+0200] {dagbag.py:540} INFO - Filling up the DagBag from /Users/noejalabert/airflow_venv/lib/python3.11/site-packages/airflow/example_dags/tutorial.py
[2024-06-07T16:20:41.428+0200] {processor.py:840} INFO - DAG(s) 'tutorial' retrieved from /Users/noejalabert/airflow_venv/lib/python3.11/site-packages/airflow/example_dags/tutorial.py
[2024-06-07T16:20:41.482+0200] {logging_mixin.py:188} INFO - [2024-06-07T16:20:41.482+0200] {dag.py:3096} INFO - Sync 1 DAGs
[2024-06-07T16:20:41.491+0200] {logging_mixin.py:188} INFO - [2024-06-07T16:20:41.491+0200] {dag.py:3954} INFO - Setting next_dagrun for tutorial to 2024-06-06 00:00:00+00:00, run_after=2024-06-07 00:00:00+00:00
[2024-06-07T16:20:41.499+0200] {processor.py:183} INFO - Processing /Users/noejalabert/airflow_venv/lib/python3.11/site-packages/airflow/example_dags/tutorial.py took 0.078 seconds
[2024-06-07T16:22:12.768+0200] {processor.py:161} INFO - Started process (PID=32338) to work on /Users/noejalabert/airflow_venv/lib/python3.11/site-packages/airflow/example_dags/tutorial.py
[2024-06-07T16:22:12.769+0200] {processor.py:830} INFO - Processing file /Users/noejalabert/airflow_venv/lib/python3.11/site-packages/airflow/example_dags/tutorial.py for tasks to queue
[2024-06-07T16:22:12.769+0200] {logging_mixin.py:188} INFO - [2024-06-07T16:22:12.769+0200] {dagbag.py:540} INFO - Filling up the DagBag from /Users/noejalabert/airflow_venv/lib/python3.11/site-packages/airflow/example_dags/tutorial.py
[2024-06-07T16:22:12.773+0200] {processor.py:840} INFO - DAG(s) 'tutorial' retrieved from /Users/noejalabert/airflow_venv/lib/python3.11/site-packages/airflow/example_dags/tutorial.py
[2024-06-07T16:22:12.831+0200] {logging_mixin.py:188} INFO - [2024-06-07T16:22:12.831+0200] {dag.py:3096} INFO - Sync 1 DAGs
[2024-06-07T16:22:12.839+0200] {logging_mixin.py:188} INFO - [2024-06-07T16:22:12.839+0200] {dag.py:3954} INFO - Setting next_dagrun for tutorial to 2024-06-06 00:00:00+00:00, run_after=2024-06-07 00:00:00+00:00
[2024-06-07T16:22:12.848+0200] {processor.py:183} INFO - Processing /Users/noejalabert/airflow_venv/lib/python3.11/site-packages/airflow/example_dags/tutorial.py took 0.082 seconds
[2024-06-07T16:23:51.305+0200] {processor.py:161} INFO - Started process (PID=32421) to work on /Users/noejalabert/airflow_venv/lib/python3.11/site-packages/airflow/example_dags/tutorial.py
[2024-06-07T16:23:51.306+0200] {processor.py:830} INFO - Processing file /Users/noejalabert/airflow_venv/lib/python3.11/site-packages/airflow/example_dags/tutorial.py for tasks to queue
[2024-06-07T16:23:51.306+0200] {logging_mixin.py:188} INFO - [2024-06-07T16:23:51.306+0200] {dagbag.py:540} INFO - Filling up the DagBag from /Users/noejalabert/airflow_venv/lib/python3.11/site-packages/airflow/example_dags/tutorial.py
[2024-06-07T16:23:51.309+0200] {processor.py:840} INFO - DAG(s) 'tutorial' retrieved from /Users/noejalabert/airflow_venv/lib/python3.11/site-packages/airflow/example_dags/tutorial.py
[2024-06-07T16:23:51.357+0200] {logging_mixin.py:188} INFO - [2024-06-07T16:23:51.357+0200] {dag.py:3096} INFO - Sync 1 DAGs
[2024-06-07T16:23:51.365+0200] {logging_mixin.py:188} INFO - [2024-06-07T16:23:51.365+0200] {dag.py:3954} INFO - Setting next_dagrun for tutorial to 2024-06-06 00:00:00+00:00, run_after=2024-06-07 00:00:00+00:00
[2024-06-07T16:23:51.372+0200] {processor.py:183} INFO - Processing /Users/noejalabert/airflow_venv/lib/python3.11/site-packages/airflow/example_dags/tutorial.py took 0.069 seconds
[2024-06-07T16:25:23.220+0200] {processor.py:161} INFO - Started process (PID=32492) to work on /Users/noejalabert/airflow_venv/lib/python3.11/site-packages/airflow/example_dags/tutorial.py
[2024-06-07T16:25:23.221+0200] {processor.py:830} INFO - Processing file /Users/noejalabert/airflow_venv/lib/python3.11/site-packages/airflow/example_dags/tutorial.py for tasks to queue
[2024-06-07T16:25:23.221+0200] {logging_mixin.py:188} INFO - [2024-06-07T16:25:23.221+0200] {dagbag.py:540} INFO - Filling up the DagBag from /Users/noejalabert/airflow_venv/lib/python3.11/site-packages/airflow/example_dags/tutorial.py
[2024-06-07T16:25:23.224+0200] {processor.py:840} INFO - DAG(s) 'tutorial' retrieved from /Users/noejalabert/airflow_venv/lib/python3.11/site-packages/airflow/example_dags/tutorial.py
[2024-06-07T16:25:23.272+0200] {logging_mixin.py:188} INFO - [2024-06-07T16:25:23.272+0200] {dag.py:3096} INFO - Sync 1 DAGs
[2024-06-07T16:25:23.280+0200] {logging_mixin.py:188} INFO - [2024-06-07T16:25:23.280+0200] {dag.py:3954} INFO - Setting next_dagrun for tutorial to 2024-06-06 00:00:00+00:00, run_after=2024-06-07 00:00:00+00:00
[2024-06-07T16:25:23.287+0200] {processor.py:183} INFO - Processing /Users/noejalabert/airflow_venv/lib/python3.11/site-packages/airflow/example_dags/tutorial.py took 0.069 seconds
[2024-06-07T16:26:54.603+0200] {processor.py:161} INFO - Started process (PID=32667) to work on /Users/noejalabert/airflow_venv/lib/python3.11/site-packages/airflow/example_dags/tutorial.py
[2024-06-07T16:26:54.604+0200] {processor.py:830} INFO - Processing file /Users/noejalabert/airflow_venv/lib/python3.11/site-packages/airflow/example_dags/tutorial.py for tasks to queue
[2024-06-07T16:26:54.605+0200] {logging_mixin.py:188} INFO - [2024-06-07T16:26:54.605+0200] {dagbag.py:540} INFO - Filling up the DagBag from /Users/noejalabert/airflow_venv/lib/python3.11/site-packages/airflow/example_dags/tutorial.py
[2024-06-07T16:26:54.608+0200] {processor.py:840} INFO - DAG(s) 'tutorial' retrieved from /Users/noejalabert/airflow_venv/lib/python3.11/site-packages/airflow/example_dags/tutorial.py
[2024-06-07T16:26:54.656+0200] {logging_mixin.py:188} INFO - [2024-06-07T16:26:54.656+0200] {dag.py:3096} INFO - Sync 1 DAGs
[2024-06-07T16:26:54.664+0200] {logging_mixin.py:188} INFO - [2024-06-07T16:26:54.664+0200] {dag.py:3954} INFO - Setting next_dagrun for tutorial to 2024-06-06 00:00:00+00:00, run_after=2024-06-07 00:00:00+00:00
[2024-06-07T16:26:54.672+0200] {processor.py:183} INFO - Processing /Users/noejalabert/airflow_venv/lib/python3.11/site-packages/airflow/example_dags/tutorial.py took 0.070 seconds
[2024-06-07T16:28:23.955+0200] {processor.py:161} INFO - Started process (PID=32744) to work on /Users/noejalabert/airflow_venv/lib/python3.11/site-packages/airflow/example_dags/tutorial.py
[2024-06-07T16:28:23.957+0200] {processor.py:830} INFO - Processing file /Users/noejalabert/airflow_venv/lib/python3.11/site-packages/airflow/example_dags/tutorial.py for tasks to queue
[2024-06-07T16:28:23.957+0200] {logging_mixin.py:188} INFO - [2024-06-07T16:28:23.957+0200] {dagbag.py:540} INFO - Filling up the DagBag from /Users/noejalabert/airflow_venv/lib/python3.11/site-packages/airflow/example_dags/tutorial.py
[2024-06-07T16:28:23.960+0200] {processor.py:840} INFO - DAG(s) 'tutorial' retrieved from /Users/noejalabert/airflow_venv/lib/python3.11/site-packages/airflow/example_dags/tutorial.py
[2024-06-07T16:28:24.007+0200] {logging_mixin.py:188} INFO - [2024-06-07T16:28:24.007+0200] {dag.py:3096} INFO - Sync 1 DAGs
[2024-06-07T16:28:24.014+0200] {logging_mixin.py:188} INFO - [2024-06-07T16:28:24.014+0200] {dag.py:3954} INFO - Setting next_dagrun for tutorial to 2024-06-06 00:00:00+00:00, run_after=2024-06-07 00:00:00+00:00
[2024-06-07T16:28:24.022+0200] {processor.py:183} INFO - Processing /Users/noejalabert/airflow_venv/lib/python3.11/site-packages/airflow/example_dags/tutorial.py took 0.068 seconds
[2024-06-07T16:29:56.095+0200] {processor.py:161} INFO - Started process (PID=32830) to work on /Users/noejalabert/airflow_venv/lib/python3.11/site-packages/airflow/example_dags/tutorial.py
[2024-06-07T16:29:56.095+0200] {processor.py:830} INFO - Processing file /Users/noejalabert/airflow_venv/lib/python3.11/site-packages/airflow/example_dags/tutorial.py for tasks to queue
[2024-06-07T16:29:56.095+0200] {logging_mixin.py:188} INFO - [2024-06-07T16:29:56.095+0200] {dagbag.py:540} INFO - Filling up the DagBag from /Users/noejalabert/airflow_venv/lib/python3.11/site-packages/airflow/example_dags/tutorial.py
[2024-06-07T16:29:56.099+0200] {processor.py:840} INFO - DAG(s) 'tutorial' retrieved from /Users/noejalabert/airflow_venv/lib/python3.11/site-packages/airflow/example_dags/tutorial.py
[2024-06-07T16:29:56.148+0200] {logging_mixin.py:188} INFO - [2024-06-07T16:29:56.148+0200] {dag.py:3096} INFO - Sync 1 DAGs
[2024-06-07T16:29:56.156+0200] {logging_mixin.py:188} INFO - [2024-06-07T16:29:56.156+0200] {dag.py:3954} INFO - Setting next_dagrun for tutorial to 2024-06-06 00:00:00+00:00, run_after=2024-06-07 00:00:00+00:00
[2024-06-07T16:29:56.163+0200] {processor.py:183} INFO - Processing /Users/noejalabert/airflow_venv/lib/python3.11/site-packages/airflow/example_dags/tutorial.py took 0.071 seconds
[2024-06-07T16:31:30.716+0200] {processor.py:161} INFO - Started process (PID=32925) to work on /Users/noejalabert/airflow_venv/lib/python3.11/site-packages/airflow/example_dags/tutorial.py
[2024-06-07T16:31:30.717+0200] {processor.py:830} INFO - Processing file /Users/noejalabert/airflow_venv/lib/python3.11/site-packages/airflow/example_dags/tutorial.py for tasks to queue
[2024-06-07T16:31:30.718+0200] {logging_mixin.py:188} INFO - [2024-06-07T16:31:30.718+0200] {dagbag.py:540} INFO - Filling up the DagBag from /Users/noejalabert/airflow_venv/lib/python3.11/site-packages/airflow/example_dags/tutorial.py
[2024-06-07T16:31:30.721+0200] {processor.py:840} INFO - DAG(s) 'tutorial' retrieved from /Users/noejalabert/airflow_venv/lib/python3.11/site-packages/airflow/example_dags/tutorial.py
[2024-06-07T16:31:30.769+0200] {logging_mixin.py:188} INFO - [2024-06-07T16:31:30.769+0200] {dag.py:3096} INFO - Sync 1 DAGs
[2024-06-07T16:31:30.777+0200] {logging_mixin.py:188} INFO - [2024-06-07T16:31:30.776+0200] {dag.py:3954} INFO - Setting next_dagrun for tutorial to 2024-06-06 00:00:00+00:00, run_after=2024-06-07 00:00:00+00:00
[2024-06-07T16:31:30.784+0200] {processor.py:183} INFO - Processing /Users/noejalabert/airflow_venv/lib/python3.11/site-packages/airflow/example_dags/tutorial.py took 0.069 seconds
[2024-06-07T16:33:00.977+0200] {processor.py:161} INFO - Started process (PID=33005) to work on /Users/noejalabert/airflow_venv/lib/python3.11/site-packages/airflow/example_dags/tutorial.py
[2024-06-07T16:33:00.978+0200] {processor.py:830} INFO - Processing file /Users/noejalabert/airflow_venv/lib/python3.11/site-packages/airflow/example_dags/tutorial.py for tasks to queue
[2024-06-07T16:33:00.979+0200] {logging_mixin.py:188} INFO - [2024-06-07T16:33:00.978+0200] {dagbag.py:540} INFO - Filling up the DagBag from /Users/noejalabert/airflow_venv/lib/python3.11/site-packages/airflow/example_dags/tutorial.py
[2024-06-07T16:33:00.982+0200] {processor.py:840} INFO - DAG(s) 'tutorial' retrieved from /Users/noejalabert/airflow_venv/lib/python3.11/site-packages/airflow/example_dags/tutorial.py
[2024-06-07T16:33:01.030+0200] {logging_mixin.py:188} INFO - [2024-06-07T16:33:01.030+0200] {dag.py:3096} INFO - Sync 1 DAGs
[2024-06-07T16:33:01.038+0200] {logging_mixin.py:188} INFO - [2024-06-07T16:33:01.038+0200] {dag.py:3954} INFO - Setting next_dagrun for tutorial to 2024-06-06 00:00:00+00:00, run_after=2024-06-07 00:00:00+00:00
[2024-06-07T16:33:01.045+0200] {processor.py:183} INFO - Processing /Users/noejalabert/airflow_venv/lib/python3.11/site-packages/airflow/example_dags/tutorial.py took 0.070 seconds
[2024-06-07T16:34:41.196+0200] {processor.py:161} INFO - Started process (PID=33094) to work on /Users/noejalabert/airflow_venv/lib/python3.11/site-packages/airflow/example_dags/tutorial.py
[2024-06-07T16:34:41.197+0200] {processor.py:830} INFO - Processing file /Users/noejalabert/airflow_venv/lib/python3.11/site-packages/airflow/example_dags/tutorial.py for tasks to queue
[2024-06-07T16:34:41.197+0200] {logging_mixin.py:188} INFO - [2024-06-07T16:34:41.197+0200] {dagbag.py:540} INFO - Filling up the DagBag from /Users/noejalabert/airflow_venv/lib/python3.11/site-packages/airflow/example_dags/tutorial.py
[2024-06-07T16:34:41.201+0200] {processor.py:840} INFO - DAG(s) 'tutorial' retrieved from /Users/noejalabert/airflow_venv/lib/python3.11/site-packages/airflow/example_dags/tutorial.py
[2024-06-07T16:34:41.254+0200] {logging_mixin.py:188} INFO - [2024-06-07T16:34:41.254+0200] {dag.py:3096} INFO - Sync 1 DAGs
[2024-06-07T16:34:41.264+0200] {logging_mixin.py:188} INFO - [2024-06-07T16:34:41.264+0200] {dag.py:3954} INFO - Setting next_dagrun for tutorial to 2024-06-06 00:00:00+00:00, run_after=2024-06-07 00:00:00+00:00
[2024-06-07T16:34:41.272+0200] {processor.py:183} INFO - Processing /Users/noejalabert/airflow_venv/lib/python3.11/site-packages/airflow/example_dags/tutorial.py took 0.078 seconds
[2024-06-07T16:36:31.438+0200] {processor.py:161} INFO - Started process (PID=33248) to work on /Users/noejalabert/airflow_venv/lib/python3.11/site-packages/airflow/example_dags/tutorial.py
[2024-06-07T16:36:31.439+0200] {processor.py:830} INFO - Processing file /Users/noejalabert/airflow_venv/lib/python3.11/site-packages/airflow/example_dags/tutorial.py for tasks to queue
[2024-06-07T16:36:31.440+0200] {logging_mixin.py:188} INFO - [2024-06-07T16:36:31.439+0200] {dagbag.py:540} INFO - Filling up the DagBag from /Users/noejalabert/airflow_venv/lib/python3.11/site-packages/airflow/example_dags/tutorial.py
[2024-06-07T16:36:31.443+0200] {processor.py:840} INFO - DAG(s) 'tutorial' retrieved from /Users/noejalabert/airflow_venv/lib/python3.11/site-packages/airflow/example_dags/tutorial.py
[2024-06-07T16:36:31.496+0200] {logging_mixin.py:188} INFO - [2024-06-07T16:36:31.496+0200] {dag.py:3096} INFO - Sync 1 DAGs
[2024-06-07T16:36:31.505+0200] {logging_mixin.py:188} INFO - [2024-06-07T16:36:31.505+0200] {dag.py:3954} INFO - Setting next_dagrun for tutorial to 2024-06-06 00:00:00+00:00, run_after=2024-06-07 00:00:00+00:00
[2024-06-07T16:36:31.513+0200] {processor.py:183} INFO - Processing /Users/noejalabert/airflow_venv/lib/python3.11/site-packages/airflow/example_dags/tutorial.py took 0.077 seconds
[2024-06-07T16:38:12.143+0200] {processor.py:161} INFO - Started process (PID=33361) to work on /Users/noejalabert/airflow_venv/lib/python3.11/site-packages/airflow/example_dags/tutorial.py
[2024-06-07T16:38:12.144+0200] {processor.py:830} INFO - Processing file /Users/noejalabert/airflow_venv/lib/python3.11/site-packages/airflow/example_dags/tutorial.py for tasks to queue
[2024-06-07T16:38:12.144+0200] {logging_mixin.py:188} INFO - [2024-06-07T16:38:12.144+0200] {dagbag.py:540} INFO - Filling up the DagBag from /Users/noejalabert/airflow_venv/lib/python3.11/site-packages/airflow/example_dags/tutorial.py
[2024-06-07T16:38:12.149+0200] {processor.py:840} INFO - DAG(s) 'tutorial' retrieved from /Users/noejalabert/airflow_venv/lib/python3.11/site-packages/airflow/example_dags/tutorial.py
[2024-06-07T16:38:12.204+0200] {logging_mixin.py:188} INFO - [2024-06-07T16:38:12.203+0200] {dag.py:3096} INFO - Sync 1 DAGs
[2024-06-07T16:38:12.216+0200] {logging_mixin.py:188} INFO - [2024-06-07T16:38:12.216+0200] {dag.py:3954} INFO - Setting next_dagrun for tutorial to 2024-06-06 00:00:00+00:00, run_after=2024-06-07 00:00:00+00:00
[2024-06-07T16:38:12.224+0200] {processor.py:183} INFO - Processing /Users/noejalabert/airflow_venv/lib/python3.11/site-packages/airflow/example_dags/tutorial.py took 0.083 seconds
[2024-06-07T16:39:51.560+0200] {processor.py:161} INFO - Started process (PID=33462) to work on /Users/noejalabert/airflow_venv/lib/python3.11/site-packages/airflow/example_dags/tutorial.py
[2024-06-07T16:39:51.561+0200] {processor.py:830} INFO - Processing file /Users/noejalabert/airflow_venv/lib/python3.11/site-packages/airflow/example_dags/tutorial.py for tasks to queue
[2024-06-07T16:39:51.561+0200] {logging_mixin.py:188} INFO - [2024-06-07T16:39:51.561+0200] {dagbag.py:540} INFO - Filling up the DagBag from /Users/noejalabert/airflow_venv/lib/python3.11/site-packages/airflow/example_dags/tutorial.py
[2024-06-07T16:39:51.565+0200] {processor.py:840} INFO - DAG(s) 'tutorial' retrieved from /Users/noejalabert/airflow_venv/lib/python3.11/site-packages/airflow/example_dags/tutorial.py
[2024-06-07T16:39:51.617+0200] {logging_mixin.py:188} INFO - [2024-06-07T16:39:51.617+0200] {dag.py:3096} INFO - Sync 1 DAGs
[2024-06-07T16:39:51.627+0200] {logging_mixin.py:188} INFO - [2024-06-07T16:39:51.627+0200] {dag.py:3954} INFO - Setting next_dagrun for tutorial to 2024-06-06 00:00:00+00:00, run_after=2024-06-07 00:00:00+00:00
[2024-06-07T16:39:51.635+0200] {processor.py:183} INFO - Processing /Users/noejalabert/airflow_venv/lib/python3.11/site-packages/airflow/example_dags/tutorial.py took 0.077 seconds
[2024-06-07T16:41:32.060+0200] {processor.py:161} INFO - Started process (PID=33577) to work on /Users/noejalabert/airflow_venv/lib/python3.11/site-packages/airflow/example_dags/tutorial.py
[2024-06-07T16:41:32.061+0200] {processor.py:830} INFO - Processing file /Users/noejalabert/airflow_venv/lib/python3.11/site-packages/airflow/example_dags/tutorial.py for tasks to queue
[2024-06-07T16:41:32.061+0200] {logging_mixin.py:188} INFO - [2024-06-07T16:41:32.061+0200] {dagbag.py:540} INFO - Filling up the DagBag from /Users/noejalabert/airflow_venv/lib/python3.11/site-packages/airflow/example_dags/tutorial.py
[2024-06-07T16:41:32.064+0200] {processor.py:840} INFO - DAG(s) 'tutorial' retrieved from /Users/noejalabert/airflow_venv/lib/python3.11/site-packages/airflow/example_dags/tutorial.py
[2024-06-07T16:41:32.119+0200] {logging_mixin.py:188} INFO - [2024-06-07T16:41:32.119+0200] {dag.py:3096} INFO - Sync 1 DAGs
[2024-06-07T16:41:32.128+0200] {logging_mixin.py:188} INFO - [2024-06-07T16:41:32.128+0200] {dag.py:3954} INFO - Setting next_dagrun for tutorial to 2024-06-06 00:00:00+00:00, run_after=2024-06-07 00:00:00+00:00
[2024-06-07T16:41:32.136+0200] {processor.py:183} INFO - Processing /Users/noejalabert/airflow_venv/lib/python3.11/site-packages/airflow/example_dags/tutorial.py took 0.078 seconds
[2024-06-07T16:43:14.053+0200] {processor.py:161} INFO - Started process (PID=33713) to work on /Users/noejalabert/airflow_venv/lib/python3.11/site-packages/airflow/example_dags/tutorial.py
[2024-06-07T16:43:14.054+0200] {processor.py:830} INFO - Processing file /Users/noejalabert/airflow_venv/lib/python3.11/site-packages/airflow/example_dags/tutorial.py for tasks to queue
[2024-06-07T16:43:14.054+0200] {logging_mixin.py:188} INFO - [2024-06-07T16:43:14.054+0200] {dagbag.py:540} INFO - Filling up the DagBag from /Users/noejalabert/airflow_venv/lib/python3.11/site-packages/airflow/example_dags/tutorial.py
[2024-06-07T16:43:14.058+0200] {processor.py:840} INFO - DAG(s) 'tutorial' retrieved from /Users/noejalabert/airflow_venv/lib/python3.11/site-packages/airflow/example_dags/tutorial.py
[2024-06-07T16:43:14.115+0200] {logging_mixin.py:188} INFO - [2024-06-07T16:43:14.115+0200] {dag.py:3096} INFO - Sync 1 DAGs
[2024-06-07T16:43:14.124+0200] {logging_mixin.py:188} INFO - [2024-06-07T16:43:14.124+0200] {dag.py:3954} INFO - Setting next_dagrun for tutorial to 2024-06-06 00:00:00+00:00, run_after=2024-06-07 00:00:00+00:00
[2024-06-07T16:43:14.133+0200] {processor.py:183} INFO - Processing /Users/noejalabert/airflow_venv/lib/python3.11/site-packages/airflow/example_dags/tutorial.py took 0.081 seconds
[2024-06-07T16:44:51.463+0200] {processor.py:161} INFO - Started process (PID=33809) to work on /Users/noejalabert/airflow_venv/lib/python3.11/site-packages/airflow/example_dags/tutorial.py
[2024-06-07T16:44:51.465+0200] {processor.py:830} INFO - Processing file /Users/noejalabert/airflow_venv/lib/python3.11/site-packages/airflow/example_dags/tutorial.py for tasks to queue
[2024-06-07T16:44:51.465+0200] {logging_mixin.py:188} INFO - [2024-06-07T16:44:51.465+0200] {dagbag.py:540} INFO - Filling up the DagBag from /Users/noejalabert/airflow_venv/lib/python3.11/site-packages/airflow/example_dags/tutorial.py
[2024-06-07T16:44:51.468+0200] {processor.py:840} INFO - DAG(s) 'tutorial' retrieved from /Users/noejalabert/airflow_venv/lib/python3.11/site-packages/airflow/example_dags/tutorial.py
[2024-06-07T16:44:51.521+0200] {logging_mixin.py:188} INFO - [2024-06-07T16:44:51.521+0200] {dag.py:3096} INFO - Sync 1 DAGs
[2024-06-07T16:44:51.533+0200] {logging_mixin.py:188} INFO - [2024-06-07T16:44:51.533+0200] {dag.py:3954} INFO - Setting next_dagrun for tutorial to 2024-06-06 00:00:00+00:00, run_after=2024-06-07 00:00:00+00:00
[2024-06-07T16:44:51.544+0200] {processor.py:183} INFO - Processing /Users/noejalabert/airflow_venv/lib/python3.11/site-packages/airflow/example_dags/tutorial.py took 0.082 seconds
[2024-06-07T16:46:35.861+0200] {processor.py:161} INFO - Started process (PID=33930) to work on /Users/noejalabert/airflow_venv/lib/python3.11/site-packages/airflow/example_dags/tutorial.py
[2024-06-07T16:46:35.862+0200] {processor.py:830} INFO - Processing file /Users/noejalabert/airflow_venv/lib/python3.11/site-packages/airflow/example_dags/tutorial.py for tasks to queue
[2024-06-07T16:46:35.863+0200] {logging_mixin.py:188} INFO - [2024-06-07T16:46:35.863+0200] {dagbag.py:540} INFO - Filling up the DagBag from /Users/noejalabert/airflow_venv/lib/python3.11/site-packages/airflow/example_dags/tutorial.py
[2024-06-07T16:46:35.867+0200] {processor.py:840} INFO - DAG(s) 'tutorial' retrieved from /Users/noejalabert/airflow_venv/lib/python3.11/site-packages/airflow/example_dags/tutorial.py
[2024-06-07T16:46:35.926+0200] {logging_mixin.py:188} INFO - [2024-06-07T16:46:35.926+0200] {dag.py:3096} INFO - Sync 1 DAGs
[2024-06-07T16:46:35.935+0200] {logging_mixin.py:188} INFO - [2024-06-07T16:46:35.935+0200] {dag.py:3954} INFO - Setting next_dagrun for tutorial to 2024-06-06 00:00:00+00:00, run_after=2024-06-07 00:00:00+00:00
[2024-06-07T16:46:35.944+0200] {processor.py:183} INFO - Processing /Users/noejalabert/airflow_venv/lib/python3.11/site-packages/airflow/example_dags/tutorial.py took 0.084 seconds
[2024-06-07T16:48:20.290+0200] {processor.py:161} INFO - Started process (PID=34052) to work on /Users/noejalabert/airflow_venv/lib/python3.11/site-packages/airflow/example_dags/tutorial.py
[2024-06-07T16:48:20.291+0200] {processor.py:830} INFO - Processing file /Users/noejalabert/airflow_venv/lib/python3.11/site-packages/airflow/example_dags/tutorial.py for tasks to queue
[2024-06-07T16:48:20.291+0200] {logging_mixin.py:188} INFO - [2024-06-07T16:48:20.291+0200] {dagbag.py:540} INFO - Filling up the DagBag from /Users/noejalabert/airflow_venv/lib/python3.11/site-packages/airflow/example_dags/tutorial.py
[2024-06-07T16:48:20.296+0200] {processor.py:840} INFO - DAG(s) 'tutorial' retrieved from /Users/noejalabert/airflow_venv/lib/python3.11/site-packages/airflow/example_dags/tutorial.py
[2024-06-07T16:48:20.354+0200] {logging_mixin.py:188} INFO - [2024-06-07T16:48:20.353+0200] {dag.py:3096} INFO - Sync 1 DAGs
[2024-06-07T16:48:20.364+0200] {logging_mixin.py:188} INFO - [2024-06-07T16:48:20.364+0200] {dag.py:3954} INFO - Setting next_dagrun for tutorial to 2024-06-06 00:00:00+00:00, run_after=2024-06-07 00:00:00+00:00
[2024-06-07T16:48:20.373+0200] {processor.py:183} INFO - Processing /Users/noejalabert/airflow_venv/lib/python3.11/site-packages/airflow/example_dags/tutorial.py took 0.084 seconds
[2024-06-07T16:50:07.548+0200] {processor.py:161} INFO - Started process (PID=34191) to work on /Users/noejalabert/airflow_venv/lib/python3.11/site-packages/airflow/example_dags/tutorial.py
[2024-06-07T16:50:07.550+0200] {processor.py:830} INFO - Processing file /Users/noejalabert/airflow_venv/lib/python3.11/site-packages/airflow/example_dags/tutorial.py for tasks to queue
[2024-06-07T16:50:07.550+0200] {logging_mixin.py:188} INFO - [2024-06-07T16:50:07.550+0200] {dagbag.py:540} INFO - Filling up the DagBag from /Users/noejalabert/airflow_venv/lib/python3.11/site-packages/airflow/example_dags/tutorial.py
[2024-06-07T16:50:07.554+0200] {processor.py:840} INFO - DAG(s) 'tutorial' retrieved from /Users/noejalabert/airflow_venv/lib/python3.11/site-packages/airflow/example_dags/tutorial.py
[2024-06-07T16:50:07.613+0200] {logging_mixin.py:188} INFO - [2024-06-07T16:50:07.613+0200] {dag.py:3096} INFO - Sync 1 DAGs
[2024-06-07T16:50:07.622+0200] {logging_mixin.py:188} INFO - [2024-06-07T16:50:07.622+0200] {dag.py:3954} INFO - Setting next_dagrun for tutorial to 2024-06-06 00:00:00+00:00, run_after=2024-06-07 00:00:00+00:00
[2024-06-07T16:50:07.634+0200] {processor.py:183} INFO - Processing /Users/noejalabert/airflow_venv/lib/python3.11/site-packages/airflow/example_dags/tutorial.py took 0.088 seconds
[2024-06-07T16:51:50.838+0200] {processor.py:161} INFO - Started process (PID=34295) to work on /Users/noejalabert/airflow_venv/lib/python3.11/site-packages/airflow/example_dags/tutorial.py
[2024-06-07T16:51:50.839+0200] {processor.py:830} INFO - Processing file /Users/noejalabert/airflow_venv/lib/python3.11/site-packages/airflow/example_dags/tutorial.py for tasks to queue
[2024-06-07T16:51:50.839+0200] {logging_mixin.py:188} INFO - [2024-06-07T16:51:50.839+0200] {dagbag.py:540} INFO - Filling up the DagBag from /Users/noejalabert/airflow_venv/lib/python3.11/site-packages/airflow/example_dags/tutorial.py
[2024-06-07T16:51:50.843+0200] {processor.py:840} INFO - DAG(s) 'tutorial' retrieved from /Users/noejalabert/airflow_venv/lib/python3.11/site-packages/airflow/example_dags/tutorial.py
[2024-06-07T16:51:50.916+0200] {logging_mixin.py:188} INFO - [2024-06-07T16:51:50.916+0200] {dag.py:3096} INFO - Sync 1 DAGs
[2024-06-07T16:51:50.925+0200] {logging_mixin.py:188} INFO - [2024-06-07T16:51:50.925+0200] {dag.py:3954} INFO - Setting next_dagrun for tutorial to 2024-06-06 00:00:00+00:00, run_after=2024-06-07 00:00:00+00:00
[2024-06-07T16:51:50.933+0200] {processor.py:183} INFO - Processing /Users/noejalabert/airflow_venv/lib/python3.11/site-packages/airflow/example_dags/tutorial.py took 0.097 seconds
[2024-06-07T16:53:31.112+0200] {processor.py:161} INFO - Started process (PID=34407) to work on /Users/noejalabert/airflow_venv/lib/python3.11/site-packages/airflow/example_dags/tutorial.py
[2024-06-07T16:53:31.113+0200] {processor.py:830} INFO - Processing file /Users/noejalabert/airflow_venv/lib/python3.11/site-packages/airflow/example_dags/tutorial.py for tasks to queue
[2024-06-07T16:53:31.113+0200] {logging_mixin.py:188} INFO - [2024-06-07T16:53:31.113+0200] {dagbag.py:540} INFO - Filling up the DagBag from /Users/noejalabert/airflow_venv/lib/python3.11/site-packages/airflow/example_dags/tutorial.py
[2024-06-07T16:53:31.117+0200] {processor.py:840} INFO - DAG(s) 'tutorial' retrieved from /Users/noejalabert/airflow_venv/lib/python3.11/site-packages/airflow/example_dags/tutorial.py
[2024-06-07T16:53:31.164+0200] {logging_mixin.py:188} INFO - [2024-06-07T16:53:31.164+0200] {dag.py:3096} INFO - Sync 1 DAGs
[2024-06-07T16:53:31.173+0200] {logging_mixin.py:188} INFO - [2024-06-07T16:53:31.172+0200] {dag.py:3954} INFO - Setting next_dagrun for tutorial to 2024-06-06 00:00:00+00:00, run_after=2024-06-07 00:00:00+00:00
[2024-06-07T16:53:31.180+0200] {processor.py:183} INFO - Processing /Users/noejalabert/airflow_venv/lib/python3.11/site-packages/airflow/example_dags/tutorial.py took 0.069 seconds
[2024-06-07T16:55:06.102+0200] {processor.py:161} INFO - Started process (PID=34517) to work on /Users/noejalabert/airflow_venv/lib/python3.11/site-packages/airflow/example_dags/tutorial.py
[2024-06-07T16:55:06.103+0200] {processor.py:830} INFO - Processing file /Users/noejalabert/airflow_venv/lib/python3.11/site-packages/airflow/example_dags/tutorial.py for tasks to queue
[2024-06-07T16:55:06.104+0200] {logging_mixin.py:188} INFO - [2024-06-07T16:55:06.104+0200] {dagbag.py:540} INFO - Filling up the DagBag from /Users/noejalabert/airflow_venv/lib/python3.11/site-packages/airflow/example_dags/tutorial.py
[2024-06-07T16:55:06.107+0200] {processor.py:840} INFO - DAG(s) 'tutorial' retrieved from /Users/noejalabert/airflow_venv/lib/python3.11/site-packages/airflow/example_dags/tutorial.py
[2024-06-07T16:55:06.155+0200] {logging_mixin.py:188} INFO - [2024-06-07T16:55:06.155+0200] {dag.py:3096} INFO - Sync 1 DAGs
[2024-06-07T16:55:06.162+0200] {logging_mixin.py:188} INFO - [2024-06-07T16:55:06.162+0200] {dag.py:3954} INFO - Setting next_dagrun for tutorial to 2024-06-06 00:00:00+00:00, run_after=2024-06-07 00:00:00+00:00
[2024-06-07T16:55:06.170+0200] {processor.py:183} INFO - Processing /Users/noejalabert/airflow_venv/lib/python3.11/site-packages/airflow/example_dags/tutorial.py took 0.069 seconds
[2024-06-07T16:56:43.750+0200] {processor.py:161} INFO - Started process (PID=34616) to work on /Users/noejalabert/airflow_venv/lib/python3.11/site-packages/airflow/example_dags/tutorial.py
[2024-06-07T16:56:43.751+0200] {processor.py:830} INFO - Processing file /Users/noejalabert/airflow_venv/lib/python3.11/site-packages/airflow/example_dags/tutorial.py for tasks to queue
[2024-06-07T16:56:43.751+0200] {logging_mixin.py:188} INFO - [2024-06-07T16:56:43.751+0200] {dagbag.py:540} INFO - Filling up the DagBag from /Users/noejalabert/airflow_venv/lib/python3.11/site-packages/airflow/example_dags/tutorial.py
[2024-06-07T16:56:43.755+0200] {processor.py:840} INFO - DAG(s) 'tutorial' retrieved from /Users/noejalabert/airflow_venv/lib/python3.11/site-packages/airflow/example_dags/tutorial.py
[2024-06-07T16:56:43.807+0200] {logging_mixin.py:188} INFO - [2024-06-07T16:56:43.807+0200] {dag.py:3096} INFO - Sync 1 DAGs
[2024-06-07T16:56:43.815+0200] {logging_mixin.py:188} INFO - [2024-06-07T16:56:43.815+0200] {dag.py:3954} INFO - Setting next_dagrun for tutorial to 2024-06-06 00:00:00+00:00, run_after=2024-06-07 00:00:00+00:00
[2024-06-07T16:56:43.823+0200] {processor.py:183} INFO - Processing /Users/noejalabert/airflow_venv/lib/python3.11/site-packages/airflow/example_dags/tutorial.py took 0.075 seconds
