[2024-06-07T16:09:38.640+0200] {processor.py:161} INFO - Started process (PID=31676) to work on /Users/noejalabert/airflow_venv/lib/python3.11/site-packages/airflow/example_dags/tutorial_taskflow_api.py
[2024-06-07T16:09:38.641+0200] {processor.py:830} INFO - Processing file /Users/noejalabert/airflow_venv/lib/python3.11/site-packages/airflow/example_dags/tutorial_taskflow_api.py for tasks to queue
[2024-06-07T16:09:38.641+0200] {logging_mixin.py:188} INFO - [2024-06-07T16:09:38.641+0200] {dagbag.py:540} INFO - Filling up the DagBag from /Users/noejalabert/airflow_venv/lib/python3.11/site-packages/airflow/example_dags/tutorial_taskflow_api.py
[2024-06-07T16:09:38.658+0200] {processor.py:840} INFO - DAG(s) 'tutorial_taskflow_api' retrieved from /Users/noejalabert/airflow_venv/lib/python3.11/site-packages/airflow/example_dags/tutorial_taskflow_api.py
[2024-06-07T16:09:38.765+0200] {logging_mixin.py:188} INFO - [2024-06-07T16:09:38.765+0200] {dag.py:3096} INFO - Sync 1 DAGs
[2024-06-07T16:09:38.795+0200] {logging_mixin.py:188} INFO - [2024-06-07T16:09:38.795+0200] {dag.py:3954} INFO - Setting next_dagrun for tutorial_taskflow_api to None, run_after=None
[2024-06-07T16:09:38.803+0200] {processor.py:183} INFO - Processing /Users/noejalabert/airflow_venv/lib/python3.11/site-packages/airflow/example_dags/tutorial_taskflow_api.py took 0.165 seconds
[2024-06-07T16:11:17.624+0200] {processor.py:161} INFO - Started process (PID=31765) to work on /Users/noejalabert/airflow_venv/lib/python3.11/site-packages/airflow/example_dags/tutorial_taskflow_api.py
[2024-06-07T16:11:17.625+0200] {processor.py:830} INFO - Processing file /Users/noejalabert/airflow_venv/lib/python3.11/site-packages/airflow/example_dags/tutorial_taskflow_api.py for tasks to queue
[2024-06-07T16:11:17.625+0200] {logging_mixin.py:188} INFO - [2024-06-07T16:11:17.625+0200] {dagbag.py:540} INFO - Filling up the DagBag from /Users/noejalabert/airflow_venv/lib/python3.11/site-packages/airflow/example_dags/tutorial_taskflow_api.py
[2024-06-07T16:11:17.642+0200] {processor.py:840} INFO - DAG(s) 'tutorial_taskflow_api' retrieved from /Users/noejalabert/airflow_venv/lib/python3.11/site-packages/airflow/example_dags/tutorial_taskflow_api.py
[2024-06-07T16:11:17.687+0200] {logging_mixin.py:188} INFO - [2024-06-07T16:11:17.687+0200] {dag.py:3096} INFO - Sync 1 DAGs
[2024-06-07T16:11:17.691+0200] {logging_mixin.py:188} INFO - [2024-06-07T16:11:17.691+0200] {dag.py:3954} INFO - Setting next_dagrun for tutorial_taskflow_api to None, run_after=None
[2024-06-07T16:11:17.699+0200] {processor.py:183} INFO - Processing /Users/noejalabert/airflow_venv/lib/python3.11/site-packages/airflow/example_dags/tutorial_taskflow_api.py took 0.076 seconds
[2024-06-07T16:12:55.847+0200] {processor.py:161} INFO - Started process (PID=31856) to work on /Users/noejalabert/airflow_venv/lib/python3.11/site-packages/airflow/example_dags/tutorial_taskflow_api.py
[2024-06-07T16:12:55.849+0200] {processor.py:830} INFO - Processing file /Users/noejalabert/airflow_venv/lib/python3.11/site-packages/airflow/example_dags/tutorial_taskflow_api.py for tasks to queue
[2024-06-07T16:12:55.849+0200] {logging_mixin.py:188} INFO - [2024-06-07T16:12:55.849+0200] {dagbag.py:540} INFO - Filling up the DagBag from /Users/noejalabert/airflow_venv/lib/python3.11/site-packages/airflow/example_dags/tutorial_taskflow_api.py
[2024-06-07T16:12:55.867+0200] {processor.py:840} INFO - DAG(s) 'tutorial_taskflow_api' retrieved from /Users/noejalabert/airflow_venv/lib/python3.11/site-packages/airflow/example_dags/tutorial_taskflow_api.py
[2024-06-07T16:12:55.922+0200] {logging_mixin.py:188} INFO - [2024-06-07T16:12:55.922+0200] {dag.py:3096} INFO - Sync 1 DAGs
[2024-06-07T16:12:55.928+0200] {logging_mixin.py:188} INFO - [2024-06-07T16:12:55.928+0200] {dag.py:3954} INFO - Setting next_dagrun for tutorial_taskflow_api to None, run_after=None
[2024-06-07T16:12:55.937+0200] {processor.py:183} INFO - Processing /Users/noejalabert/airflow_venv/lib/python3.11/site-packages/airflow/example_dags/tutorial_taskflow_api.py took 0.091 seconds
[2024-06-07T16:14:26.574+0200] {processor.py:161} INFO - Started process (PID=31942) to work on /Users/noejalabert/airflow_venv/lib/python3.11/site-packages/airflow/example_dags/tutorial_taskflow_api.py
[2024-06-07T16:14:26.574+0200] {processor.py:830} INFO - Processing file /Users/noejalabert/airflow_venv/lib/python3.11/site-packages/airflow/example_dags/tutorial_taskflow_api.py for tasks to queue
[2024-06-07T16:14:26.575+0200] {logging_mixin.py:188} INFO - [2024-06-07T16:14:26.574+0200] {dagbag.py:540} INFO - Filling up the DagBag from /Users/noejalabert/airflow_venv/lib/python3.11/site-packages/airflow/example_dags/tutorial_taskflow_api.py
[2024-06-07T16:14:26.595+0200] {processor.py:840} INFO - DAG(s) 'tutorial_taskflow_api' retrieved from /Users/noejalabert/airflow_venv/lib/python3.11/site-packages/airflow/example_dags/tutorial_taskflow_api.py
[2024-06-07T16:14:26.656+0200] {logging_mixin.py:188} INFO - [2024-06-07T16:14:26.655+0200] {dag.py:3096} INFO - Sync 1 DAGs
[2024-06-07T16:14:26.660+0200] {logging_mixin.py:188} INFO - [2024-06-07T16:14:26.660+0200] {dag.py:3954} INFO - Setting next_dagrun for tutorial_taskflow_api to None, run_after=None
[2024-06-07T16:14:26.668+0200] {processor.py:183} INFO - Processing /Users/noejalabert/airflow_venv/lib/python3.11/site-packages/airflow/example_dags/tutorial_taskflow_api.py took 0.096 seconds
[2024-06-07T16:15:59.774+0200] {processor.py:161} INFO - Started process (PID=32014) to work on /Users/noejalabert/airflow_venv/lib/python3.11/site-packages/airflow/example_dags/tutorial_taskflow_api.py
[2024-06-07T16:15:59.776+0200] {processor.py:830} INFO - Processing file /Users/noejalabert/airflow_venv/lib/python3.11/site-packages/airflow/example_dags/tutorial_taskflow_api.py for tasks to queue
[2024-06-07T16:15:59.776+0200] {logging_mixin.py:188} INFO - [2024-06-07T16:15:59.776+0200] {dagbag.py:540} INFO - Filling up the DagBag from /Users/noejalabert/airflow_venv/lib/python3.11/site-packages/airflow/example_dags/tutorial_taskflow_api.py
[2024-06-07T16:15:59.795+0200] {processor.py:840} INFO - DAG(s) 'tutorial_taskflow_api' retrieved from /Users/noejalabert/airflow_venv/lib/python3.11/site-packages/airflow/example_dags/tutorial_taskflow_api.py
[2024-06-07T16:15:59.847+0200] {logging_mixin.py:188} INFO - [2024-06-07T16:15:59.846+0200] {dag.py:3096} INFO - Sync 1 DAGs
[2024-06-07T16:15:59.861+0200] {logging_mixin.py:188} INFO - [2024-06-07T16:15:59.861+0200] {dag.py:3954} INFO - Setting next_dagrun for tutorial_taskflow_api to None, run_after=None
[2024-06-07T16:15:59.870+0200] {processor.py:183} INFO - Processing /Users/noejalabert/airflow_venv/lib/python3.11/site-packages/airflow/example_dags/tutorial_taskflow_api.py took 0.097 seconds
[2024-06-07T16:17:32.990+0200] {processor.py:161} INFO - Started process (PID=32099) to work on /Users/noejalabert/airflow_venv/lib/python3.11/site-packages/airflow/example_dags/tutorial_taskflow_api.py
[2024-06-07T16:17:32.991+0200] {processor.py:830} INFO - Processing file /Users/noejalabert/airflow_venv/lib/python3.11/site-packages/airflow/example_dags/tutorial_taskflow_api.py for tasks to queue
[2024-06-07T16:17:32.992+0200] {logging_mixin.py:188} INFO - [2024-06-07T16:17:32.992+0200] {dagbag.py:540} INFO - Filling up the DagBag from /Users/noejalabert/airflow_venv/lib/python3.11/site-packages/airflow/example_dags/tutorial_taskflow_api.py
[2024-06-07T16:17:33.011+0200] {processor.py:840} INFO - DAG(s) 'tutorial_taskflow_api' retrieved from /Users/noejalabert/airflow_venv/lib/python3.11/site-packages/airflow/example_dags/tutorial_taskflow_api.py
[2024-06-07T16:17:33.066+0200] {logging_mixin.py:188} INFO - [2024-06-07T16:17:33.066+0200] {dag.py:3096} INFO - Sync 1 DAGs
[2024-06-07T16:17:33.070+0200] {logging_mixin.py:188} INFO - [2024-06-07T16:17:33.070+0200] {dag.py:3954} INFO - Setting next_dagrun for tutorial_taskflow_api to None, run_after=None
[2024-06-07T16:17:33.078+0200] {processor.py:183} INFO - Processing /Users/noejalabert/airflow_venv/lib/python3.11/site-packages/airflow/example_dags/tutorial_taskflow_api.py took 0.089 seconds
[2024-06-07T16:19:05.748+0200] {processor.py:161} INFO - Started process (PID=32175) to work on /Users/noejalabert/airflow_venv/lib/python3.11/site-packages/airflow/example_dags/tutorial_taskflow_api.py
[2024-06-07T16:19:05.750+0200] {processor.py:830} INFO - Processing file /Users/noejalabert/airflow_venv/lib/python3.11/site-packages/airflow/example_dags/tutorial_taskflow_api.py for tasks to queue
[2024-06-07T16:19:05.750+0200] {logging_mixin.py:188} INFO - [2024-06-07T16:19:05.750+0200] {dagbag.py:540} INFO - Filling up the DagBag from /Users/noejalabert/airflow_venv/lib/python3.11/site-packages/airflow/example_dags/tutorial_taskflow_api.py
[2024-06-07T16:19:05.768+0200] {processor.py:840} INFO - DAG(s) 'tutorial_taskflow_api' retrieved from /Users/noejalabert/airflow_venv/lib/python3.11/site-packages/airflow/example_dags/tutorial_taskflow_api.py
[2024-06-07T16:19:05.815+0200] {logging_mixin.py:188} INFO - [2024-06-07T16:19:05.815+0200] {dag.py:3096} INFO - Sync 1 DAGs
[2024-06-07T16:19:05.819+0200] {logging_mixin.py:188} INFO - [2024-06-07T16:19:05.819+0200] {dag.py:3954} INFO - Setting next_dagrun for tutorial_taskflow_api to None, run_after=None
[2024-06-07T16:19:05.827+0200] {processor.py:183} INFO - Processing /Users/noejalabert/airflow_venv/lib/python3.11/site-packages/airflow/example_dags/tutorial_taskflow_api.py took 0.080 seconds
[2024-06-07T16:20:36.004+0200] {processor.py:161} INFO - Started process (PID=32256) to work on /Users/noejalabert/airflow_venv/lib/python3.11/site-packages/airflow/example_dags/tutorial_taskflow_api.py
[2024-06-07T16:20:36.006+0200] {processor.py:830} INFO - Processing file /Users/noejalabert/airflow_venv/lib/python3.11/site-packages/airflow/example_dags/tutorial_taskflow_api.py for tasks to queue
[2024-06-07T16:20:36.006+0200] {logging_mixin.py:188} INFO - [2024-06-07T16:20:36.006+0200] {dagbag.py:540} INFO - Filling up the DagBag from /Users/noejalabert/airflow_venv/lib/python3.11/site-packages/airflow/example_dags/tutorial_taskflow_api.py
[2024-06-07T16:20:36.026+0200] {processor.py:840} INFO - DAG(s) 'tutorial_taskflow_api' retrieved from /Users/noejalabert/airflow_venv/lib/python3.11/site-packages/airflow/example_dags/tutorial_taskflow_api.py
[2024-06-07T16:20:36.079+0200] {logging_mixin.py:188} INFO - [2024-06-07T16:20:36.079+0200] {dag.py:3096} INFO - Sync 1 DAGs
[2024-06-07T16:20:36.083+0200] {logging_mixin.py:188} INFO - [2024-06-07T16:20:36.083+0200] {dag.py:3954} INFO - Setting next_dagrun for tutorial_taskflow_api to None, run_after=None
[2024-06-07T16:20:36.091+0200] {processor.py:183} INFO - Processing /Users/noejalabert/airflow_venv/lib/python3.11/site-packages/airflow/example_dags/tutorial_taskflow_api.py took 0.088 seconds
[2024-06-07T16:22:07.796+0200] {processor.py:161} INFO - Started process (PID=32333) to work on /Users/noejalabert/airflow_venv/lib/python3.11/site-packages/airflow/example_dags/tutorial_taskflow_api.py
[2024-06-07T16:22:07.797+0200] {processor.py:830} INFO - Processing file /Users/noejalabert/airflow_venv/lib/python3.11/site-packages/airflow/example_dags/tutorial_taskflow_api.py for tasks to queue
[2024-06-07T16:22:07.798+0200] {logging_mixin.py:188} INFO - [2024-06-07T16:22:07.798+0200] {dagbag.py:540} INFO - Filling up the DagBag from /Users/noejalabert/airflow_venv/lib/python3.11/site-packages/airflow/example_dags/tutorial_taskflow_api.py
[2024-06-07T16:22:07.817+0200] {processor.py:840} INFO - DAG(s) 'tutorial_taskflow_api' retrieved from /Users/noejalabert/airflow_venv/lib/python3.11/site-packages/airflow/example_dags/tutorial_taskflow_api.py
[2024-06-07T16:22:07.872+0200] {logging_mixin.py:188} INFO - [2024-06-07T16:22:07.871+0200] {dag.py:3096} INFO - Sync 1 DAGs
[2024-06-07T16:22:07.876+0200] {logging_mixin.py:188} INFO - [2024-06-07T16:22:07.876+0200] {dag.py:3954} INFO - Setting next_dagrun for tutorial_taskflow_api to None, run_after=None
[2024-06-07T16:22:07.884+0200] {processor.py:183} INFO - Processing /Users/noejalabert/airflow_venv/lib/python3.11/site-packages/airflow/example_dags/tutorial_taskflow_api.py took 0.089 seconds
[2024-06-07T16:23:45.674+0200] {processor.py:161} INFO - Started process (PID=32418) to work on /Users/noejalabert/airflow_venv/lib/python3.11/site-packages/airflow/example_dags/tutorial_taskflow_api.py
[2024-06-07T16:23:45.675+0200] {processor.py:830} INFO - Processing file /Users/noejalabert/airflow_venv/lib/python3.11/site-packages/airflow/example_dags/tutorial_taskflow_api.py for tasks to queue
[2024-06-07T16:23:45.675+0200] {logging_mixin.py:188} INFO - [2024-06-07T16:23:45.675+0200] {dagbag.py:540} INFO - Filling up the DagBag from /Users/noejalabert/airflow_venv/lib/python3.11/site-packages/airflow/example_dags/tutorial_taskflow_api.py
[2024-06-07T16:23:45.693+0200] {processor.py:840} INFO - DAG(s) 'tutorial_taskflow_api' retrieved from /Users/noejalabert/airflow_venv/lib/python3.11/site-packages/airflow/example_dags/tutorial_taskflow_api.py
[2024-06-07T16:23:45.739+0200] {logging_mixin.py:188} INFO - [2024-06-07T16:23:45.739+0200] {dag.py:3096} INFO - Sync 1 DAGs
[2024-06-07T16:23:45.743+0200] {logging_mixin.py:188} INFO - [2024-06-07T16:23:45.743+0200] {dag.py:3954} INFO - Setting next_dagrun for tutorial_taskflow_api to None, run_after=None
[2024-06-07T16:23:45.750+0200] {processor.py:183} INFO - Processing /Users/noejalabert/airflow_venv/lib/python3.11/site-packages/airflow/example_dags/tutorial_taskflow_api.py took 0.078 seconds
[2024-06-07T16:25:18.170+0200] {processor.py:161} INFO - Started process (PID=32487) to work on /Users/noejalabert/airflow_venv/lib/python3.11/site-packages/airflow/example_dags/tutorial_taskflow_api.py
[2024-06-07T16:25:18.170+0200] {processor.py:830} INFO - Processing file /Users/noejalabert/airflow_venv/lib/python3.11/site-packages/airflow/example_dags/tutorial_taskflow_api.py for tasks to queue
[2024-06-07T16:25:18.171+0200] {logging_mixin.py:188} INFO - [2024-06-07T16:25:18.171+0200] {dagbag.py:540} INFO - Filling up the DagBag from /Users/noejalabert/airflow_venv/lib/python3.11/site-packages/airflow/example_dags/tutorial_taskflow_api.py
[2024-06-07T16:25:18.187+0200] {processor.py:840} INFO - DAG(s) 'tutorial_taskflow_api' retrieved from /Users/noejalabert/airflow_venv/lib/python3.11/site-packages/airflow/example_dags/tutorial_taskflow_api.py
[2024-06-07T16:25:18.266+0200] {logging_mixin.py:188} INFO - [2024-06-07T16:25:18.266+0200] {dag.py:3096} INFO - Sync 1 DAGs
[2024-06-07T16:25:18.273+0200] {logging_mixin.py:188} INFO - [2024-06-07T16:25:18.273+0200] {dag.py:3954} INFO - Setting next_dagrun for tutorial_taskflow_api to None, run_after=None
[2024-06-07T16:25:18.283+0200] {processor.py:183} INFO - Processing /Users/noejalabert/airflow_venv/lib/python3.11/site-packages/airflow/example_dags/tutorial_taskflow_api.py took 0.115 seconds
[2024-06-07T16:26:48.977+0200] {processor.py:161} INFO - Started process (PID=32664) to work on /Users/noejalabert/airflow_venv/lib/python3.11/site-packages/airflow/example_dags/tutorial_taskflow_api.py
[2024-06-07T16:26:48.979+0200] {processor.py:830} INFO - Processing file /Users/noejalabert/airflow_venv/lib/python3.11/site-packages/airflow/example_dags/tutorial_taskflow_api.py for tasks to queue
[2024-06-07T16:26:48.979+0200] {logging_mixin.py:188} INFO - [2024-06-07T16:26:48.979+0200] {dagbag.py:540} INFO - Filling up the DagBag from /Users/noejalabert/airflow_venv/lib/python3.11/site-packages/airflow/example_dags/tutorial_taskflow_api.py
[2024-06-07T16:26:48.996+0200] {processor.py:840} INFO - DAG(s) 'tutorial_taskflow_api' retrieved from /Users/noejalabert/airflow_venv/lib/python3.11/site-packages/airflow/example_dags/tutorial_taskflow_api.py
[2024-06-07T16:26:49.042+0200] {logging_mixin.py:188} INFO - [2024-06-07T16:26:49.042+0200] {dag.py:3096} INFO - Sync 1 DAGs
[2024-06-07T16:26:49.046+0200] {logging_mixin.py:188} INFO - [2024-06-07T16:26:49.046+0200] {dag.py:3954} INFO - Setting next_dagrun for tutorial_taskflow_api to None, run_after=None
[2024-06-07T16:26:49.054+0200] {processor.py:183} INFO - Processing /Users/noejalabert/airflow_venv/lib/python3.11/site-packages/airflow/example_dags/tutorial_taskflow_api.py took 0.079 seconds
[2024-06-07T16:28:18.544+0200] {processor.py:161} INFO - Started process (PID=32741) to work on /Users/noejalabert/airflow_venv/lib/python3.11/site-packages/airflow/example_dags/tutorial_taskflow_api.py
[2024-06-07T16:28:18.545+0200] {processor.py:830} INFO - Processing file /Users/noejalabert/airflow_venv/lib/python3.11/site-packages/airflow/example_dags/tutorial_taskflow_api.py for tasks to queue
[2024-06-07T16:28:18.546+0200] {logging_mixin.py:188} INFO - [2024-06-07T16:28:18.546+0200] {dagbag.py:540} INFO - Filling up the DagBag from /Users/noejalabert/airflow_venv/lib/python3.11/site-packages/airflow/example_dags/tutorial_taskflow_api.py
[2024-06-07T16:28:18.563+0200] {processor.py:840} INFO - DAG(s) 'tutorial_taskflow_api' retrieved from /Users/noejalabert/airflow_venv/lib/python3.11/site-packages/airflow/example_dags/tutorial_taskflow_api.py
[2024-06-07T16:28:18.609+0200] {logging_mixin.py:188} INFO - [2024-06-07T16:28:18.609+0200] {dag.py:3096} INFO - Sync 1 DAGs
[2024-06-07T16:28:18.613+0200] {logging_mixin.py:188} INFO - [2024-06-07T16:28:18.613+0200] {dag.py:3954} INFO - Setting next_dagrun for tutorial_taskflow_api to None, run_after=None
[2024-06-07T16:28:18.621+0200] {processor.py:183} INFO - Processing /Users/noejalabert/airflow_venv/lib/python3.11/site-packages/airflow/example_dags/tutorial_taskflow_api.py took 0.078 seconds
[2024-06-07T16:29:50.476+0200] {processor.py:161} INFO - Started process (PID=32827) to work on /Users/noejalabert/airflow_venv/lib/python3.11/site-packages/airflow/example_dags/tutorial_taskflow_api.py
[2024-06-07T16:29:50.477+0200] {processor.py:830} INFO - Processing file /Users/noejalabert/airflow_venv/lib/python3.11/site-packages/airflow/example_dags/tutorial_taskflow_api.py for tasks to queue
[2024-06-07T16:29:50.477+0200] {logging_mixin.py:188} INFO - [2024-06-07T16:29:50.477+0200] {dagbag.py:540} INFO - Filling up the DagBag from /Users/noejalabert/airflow_venv/lib/python3.11/site-packages/airflow/example_dags/tutorial_taskflow_api.py
[2024-06-07T16:29:50.494+0200] {processor.py:840} INFO - DAG(s) 'tutorial_taskflow_api' retrieved from /Users/noejalabert/airflow_venv/lib/python3.11/site-packages/airflow/example_dags/tutorial_taskflow_api.py
[2024-06-07T16:29:50.540+0200] {logging_mixin.py:188} INFO - [2024-06-07T16:29:50.540+0200] {dag.py:3096} INFO - Sync 1 DAGs
[2024-06-07T16:29:50.544+0200] {logging_mixin.py:188} INFO - [2024-06-07T16:29:50.544+0200] {dag.py:3954} INFO - Setting next_dagrun for tutorial_taskflow_api to None, run_after=None
[2024-06-07T16:29:50.552+0200] {processor.py:183} INFO - Processing /Users/noejalabert/airflow_venv/lib/python3.11/site-packages/airflow/example_dags/tutorial_taskflow_api.py took 0.082 seconds
[2024-06-07T16:31:25.544+0200] {processor.py:161} INFO - Started process (PID=32919) to work on /Users/noejalabert/airflow_venv/lib/python3.11/site-packages/airflow/example_dags/tutorial_taskflow_api.py
[2024-06-07T16:31:25.546+0200] {processor.py:830} INFO - Processing file /Users/noejalabert/airflow_venv/lib/python3.11/site-packages/airflow/example_dags/tutorial_taskflow_api.py for tasks to queue
[2024-06-07T16:31:25.546+0200] {logging_mixin.py:188} INFO - [2024-06-07T16:31:25.546+0200] {dagbag.py:540} INFO - Filling up the DagBag from /Users/noejalabert/airflow_venv/lib/python3.11/site-packages/airflow/example_dags/tutorial_taskflow_api.py
[2024-06-07T16:31:25.563+0200] {processor.py:840} INFO - DAG(s) 'tutorial_taskflow_api' retrieved from /Users/noejalabert/airflow_venv/lib/python3.11/site-packages/airflow/example_dags/tutorial_taskflow_api.py
[2024-06-07T16:31:25.610+0200] {logging_mixin.py:188} INFO - [2024-06-07T16:31:25.610+0200] {dag.py:3096} INFO - Sync 1 DAGs
[2024-06-07T16:31:25.614+0200] {logging_mixin.py:188} INFO - [2024-06-07T16:31:25.614+0200] {dag.py:3954} INFO - Setting next_dagrun for tutorial_taskflow_api to None, run_after=None
[2024-06-07T16:31:25.622+0200] {processor.py:183} INFO - Processing /Users/noejalabert/airflow_venv/lib/python3.11/site-packages/airflow/example_dags/tutorial_taskflow_api.py took 0.079 seconds
[2024-06-07T16:32:57.291+0200] {processor.py:161} INFO - Started process (PID=33002) to work on /Users/noejalabert/airflow_venv/lib/python3.11/site-packages/airflow/example_dags/tutorial_taskflow_api.py
[2024-06-07T16:32:57.293+0200] {processor.py:830} INFO - Processing file /Users/noejalabert/airflow_venv/lib/python3.11/site-packages/airflow/example_dags/tutorial_taskflow_api.py for tasks to queue
[2024-06-07T16:32:57.293+0200] {logging_mixin.py:188} INFO - [2024-06-07T16:32:57.293+0200] {dagbag.py:540} INFO - Filling up the DagBag from /Users/noejalabert/airflow_venv/lib/python3.11/site-packages/airflow/example_dags/tutorial_taskflow_api.py
[2024-06-07T16:32:57.309+0200] {processor.py:840} INFO - DAG(s) 'tutorial_taskflow_api' retrieved from /Users/noejalabert/airflow_venv/lib/python3.11/site-packages/airflow/example_dags/tutorial_taskflow_api.py
[2024-06-07T16:32:57.355+0200] {logging_mixin.py:188} INFO - [2024-06-07T16:32:57.355+0200] {dag.py:3096} INFO - Sync 1 DAGs
[2024-06-07T16:32:57.359+0200] {logging_mixin.py:188} INFO - [2024-06-07T16:32:57.359+0200] {dag.py:3954} INFO - Setting next_dagrun for tutorial_taskflow_api to None, run_after=None
[2024-06-07T16:32:57.366+0200] {processor.py:183} INFO - Processing /Users/noejalabert/airflow_venv/lib/python3.11/site-packages/airflow/example_dags/tutorial_taskflow_api.py took 0.077 seconds
[2024-06-07T16:34:35.146+0200] {processor.py:161} INFO - Started process (PID=33089) to work on /Users/noejalabert/airflow_venv/lib/python3.11/site-packages/airflow/example_dags/tutorial_taskflow_api.py
[2024-06-07T16:34:35.147+0200] {processor.py:830} INFO - Processing file /Users/noejalabert/airflow_venv/lib/python3.11/site-packages/airflow/example_dags/tutorial_taskflow_api.py for tasks to queue
[2024-06-07T16:34:35.148+0200] {logging_mixin.py:188} INFO - [2024-06-07T16:34:35.147+0200] {dagbag.py:540} INFO - Filling up the DagBag from /Users/noejalabert/airflow_venv/lib/python3.11/site-packages/airflow/example_dags/tutorial_taskflow_api.py
[2024-06-07T16:34:35.177+0200] {processor.py:840} INFO - DAG(s) 'tutorial_taskflow_api' retrieved from /Users/noejalabert/airflow_venv/lib/python3.11/site-packages/airflow/example_dags/tutorial_taskflow_api.py
[2024-06-07T16:34:35.241+0200] {logging_mixin.py:188} INFO - [2024-06-07T16:34:35.241+0200] {dag.py:3096} INFO - Sync 1 DAGs
[2024-06-07T16:34:35.246+0200] {logging_mixin.py:188} INFO - [2024-06-07T16:34:35.246+0200] {dag.py:3954} INFO - Setting next_dagrun for tutorial_taskflow_api to None, run_after=None
[2024-06-07T16:34:35.256+0200] {processor.py:183} INFO - Processing /Users/noejalabert/airflow_venv/lib/python3.11/site-packages/airflow/example_dags/tutorial_taskflow_api.py took 0.112 seconds
[2024-06-07T16:36:25.497+0200] {processor.py:161} INFO - Started process (PID=33238) to work on /Users/noejalabert/airflow_venv/lib/python3.11/site-packages/airflow/example_dags/tutorial_taskflow_api.py
[2024-06-07T16:36:25.498+0200] {processor.py:830} INFO - Processing file /Users/noejalabert/airflow_venv/lib/python3.11/site-packages/airflow/example_dags/tutorial_taskflow_api.py for tasks to queue
[2024-06-07T16:36:25.498+0200] {logging_mixin.py:188} INFO - [2024-06-07T16:36:25.498+0200] {dagbag.py:540} INFO - Filling up the DagBag from /Users/noejalabert/airflow_venv/lib/python3.11/site-packages/airflow/example_dags/tutorial_taskflow_api.py
[2024-06-07T16:36:25.533+0200] {processor.py:840} INFO - DAG(s) 'tutorial_taskflow_api' retrieved from /Users/noejalabert/airflow_venv/lib/python3.11/site-packages/airflow/example_dags/tutorial_taskflow_api.py
[2024-06-07T16:36:25.600+0200] {logging_mixin.py:188} INFO - [2024-06-07T16:36:25.600+0200] {dag.py:3096} INFO - Sync 1 DAGs
[2024-06-07T16:36:25.605+0200] {logging_mixin.py:188} INFO - [2024-06-07T16:36:25.605+0200] {dag.py:3954} INFO - Setting next_dagrun for tutorial_taskflow_api to None, run_after=None
[2024-06-07T16:36:25.623+0200] {processor.py:183} INFO - Processing /Users/noejalabert/airflow_venv/lib/python3.11/site-packages/airflow/example_dags/tutorial_taskflow_api.py took 0.127 seconds
[2024-06-07T16:38:06.142+0200] {processor.py:161} INFO - Started process (PID=33354) to work on /Users/noejalabert/airflow_venv/lib/python3.11/site-packages/airflow/example_dags/tutorial_taskflow_api.py
[2024-06-07T16:38:06.143+0200] {processor.py:830} INFO - Processing file /Users/noejalabert/airflow_venv/lib/python3.11/site-packages/airflow/example_dags/tutorial_taskflow_api.py for tasks to queue
[2024-06-07T16:38:06.143+0200] {logging_mixin.py:188} INFO - [2024-06-07T16:38:06.143+0200] {dagbag.py:540} INFO - Filling up the DagBag from /Users/noejalabert/airflow_venv/lib/python3.11/site-packages/airflow/example_dags/tutorial_taskflow_api.py
[2024-06-07T16:38:06.162+0200] {processor.py:840} INFO - DAG(s) 'tutorial_taskflow_api' retrieved from /Users/noejalabert/airflow_venv/lib/python3.11/site-packages/airflow/example_dags/tutorial_taskflow_api.py
[2024-06-07T16:38:06.221+0200] {logging_mixin.py:188} INFO - [2024-06-07T16:38:06.221+0200] {dag.py:3096} INFO - Sync 1 DAGs
[2024-06-07T16:38:06.225+0200] {logging_mixin.py:188} INFO - [2024-06-07T16:38:06.225+0200] {dag.py:3954} INFO - Setting next_dagrun for tutorial_taskflow_api to None, run_after=None
[2024-06-07T16:38:06.233+0200] {processor.py:183} INFO - Processing /Users/noejalabert/airflow_venv/lib/python3.11/site-packages/airflow/example_dags/tutorial_taskflow_api.py took 0.092 seconds
[2024-06-07T16:39:45.932+0200] {processor.py:161} INFO - Started process (PID=33453) to work on /Users/noejalabert/airflow_venv/lib/python3.11/site-packages/airflow/example_dags/tutorial_taskflow_api.py
[2024-06-07T16:39:45.933+0200] {processor.py:830} INFO - Processing file /Users/noejalabert/airflow_venv/lib/python3.11/site-packages/airflow/example_dags/tutorial_taskflow_api.py for tasks to queue
[2024-06-07T16:39:45.933+0200] {logging_mixin.py:188} INFO - [2024-06-07T16:39:45.933+0200] {dagbag.py:540} INFO - Filling up the DagBag from /Users/noejalabert/airflow_venv/lib/python3.11/site-packages/airflow/example_dags/tutorial_taskflow_api.py
[2024-06-07T16:39:45.954+0200] {processor.py:840} INFO - DAG(s) 'tutorial_taskflow_api' retrieved from /Users/noejalabert/airflow_venv/lib/python3.11/site-packages/airflow/example_dags/tutorial_taskflow_api.py
[2024-06-07T16:39:46.014+0200] {logging_mixin.py:188} INFO - [2024-06-07T16:39:46.014+0200] {dag.py:3096} INFO - Sync 1 DAGs
[2024-06-07T16:39:46.019+0200] {logging_mixin.py:188} INFO - [2024-06-07T16:39:46.019+0200] {dag.py:3954} INFO - Setting next_dagrun for tutorial_taskflow_api to None, run_after=None
[2024-06-07T16:39:46.028+0200] {processor.py:183} INFO - Processing /Users/noejalabert/airflow_venv/lib/python3.11/site-packages/airflow/example_dags/tutorial_taskflow_api.py took 0.097 seconds
[2024-06-07T16:41:26.859+0200] {processor.py:161} INFO - Started process (PID=33572) to work on /Users/noejalabert/airflow_venv/lib/python3.11/site-packages/airflow/example_dags/tutorial_taskflow_api.py
[2024-06-07T16:41:26.861+0200] {processor.py:830} INFO - Processing file /Users/noejalabert/airflow_venv/lib/python3.11/site-packages/airflow/example_dags/tutorial_taskflow_api.py for tasks to queue
[2024-06-07T16:41:26.861+0200] {logging_mixin.py:188} INFO - [2024-06-07T16:41:26.861+0200] {dagbag.py:540} INFO - Filling up the DagBag from /Users/noejalabert/airflow_venv/lib/python3.11/site-packages/airflow/example_dags/tutorial_taskflow_api.py
[2024-06-07T16:41:26.880+0200] {processor.py:840} INFO - DAG(s) 'tutorial_taskflow_api' retrieved from /Users/noejalabert/airflow_venv/lib/python3.11/site-packages/airflow/example_dags/tutorial_taskflow_api.py
[2024-06-07T16:41:26.930+0200] {logging_mixin.py:188} INFO - [2024-06-07T16:41:26.930+0200] {dag.py:3096} INFO - Sync 1 DAGs
[2024-06-07T16:41:26.935+0200] {logging_mixin.py:188} INFO - [2024-06-07T16:41:26.935+0200] {dag.py:3954} INFO - Setting next_dagrun for tutorial_taskflow_api to None, run_after=None
[2024-06-07T16:41:26.944+0200] {processor.py:183} INFO - Processing /Users/noejalabert/airflow_venv/lib/python3.11/site-packages/airflow/example_dags/tutorial_taskflow_api.py took 0.086 seconds
[2024-06-07T16:43:08.838+0200] {processor.py:161} INFO - Started process (PID=33708) to work on /Users/noejalabert/airflow_venv/lib/python3.11/site-packages/airflow/example_dags/tutorial_taskflow_api.py
[2024-06-07T16:43:08.839+0200] {processor.py:830} INFO - Processing file /Users/noejalabert/airflow_venv/lib/python3.11/site-packages/airflow/example_dags/tutorial_taskflow_api.py for tasks to queue
[2024-06-07T16:43:08.839+0200] {logging_mixin.py:188} INFO - [2024-06-07T16:43:08.839+0200] {dagbag.py:540} INFO - Filling up the DagBag from /Users/noejalabert/airflow_venv/lib/python3.11/site-packages/airflow/example_dags/tutorial_taskflow_api.py
[2024-06-07T16:43:08.860+0200] {processor.py:840} INFO - DAG(s) 'tutorial_taskflow_api' retrieved from /Users/noejalabert/airflow_venv/lib/python3.11/site-packages/airflow/example_dags/tutorial_taskflow_api.py
[2024-06-07T16:43:08.913+0200] {logging_mixin.py:188} INFO - [2024-06-07T16:43:08.913+0200] {dag.py:3096} INFO - Sync 1 DAGs
[2024-06-07T16:43:08.917+0200] {logging_mixin.py:188} INFO - [2024-06-07T16:43:08.917+0200] {dag.py:3954} INFO - Setting next_dagrun for tutorial_taskflow_api to None, run_after=None
[2024-06-07T16:43:08.927+0200] {processor.py:183} INFO - Processing /Users/noejalabert/airflow_venv/lib/python3.11/site-packages/airflow/example_dags/tutorial_taskflow_api.py took 0.091 seconds
[2024-06-07T16:44:45.372+0200] {processor.py:161} INFO - Started process (PID=33804) to work on /Users/noejalabert/airflow_venv/lib/python3.11/site-packages/airflow/example_dags/tutorial_taskflow_api.py
[2024-06-07T16:44:45.373+0200] {processor.py:830} INFO - Processing file /Users/noejalabert/airflow_venv/lib/python3.11/site-packages/airflow/example_dags/tutorial_taskflow_api.py for tasks to queue
[2024-06-07T16:44:45.374+0200] {logging_mixin.py:188} INFO - [2024-06-07T16:44:45.374+0200] {dagbag.py:540} INFO - Filling up the DagBag from /Users/noejalabert/airflow_venv/lib/python3.11/site-packages/airflow/example_dags/tutorial_taskflow_api.py
[2024-06-07T16:44:45.395+0200] {processor.py:840} INFO - DAG(s) 'tutorial_taskflow_api' retrieved from /Users/noejalabert/airflow_venv/lib/python3.11/site-packages/airflow/example_dags/tutorial_taskflow_api.py
[2024-06-07T16:44:45.455+0200] {logging_mixin.py:188} INFO - [2024-06-07T16:44:45.455+0200] {dag.py:3096} INFO - Sync 1 DAGs
[2024-06-07T16:44:45.460+0200] {logging_mixin.py:188} INFO - [2024-06-07T16:44:45.460+0200] {dag.py:3954} INFO - Setting next_dagrun for tutorial_taskflow_api to None, run_after=None
[2024-06-07T16:44:45.469+0200] {processor.py:183} INFO - Processing /Users/noejalabert/airflow_venv/lib/python3.11/site-packages/airflow/example_dags/tutorial_taskflow_api.py took 0.098 seconds
[2024-06-07T16:46:30.734+0200] {processor.py:161} INFO - Started process (PID=33927) to work on /Users/noejalabert/airflow_venv/lib/python3.11/site-packages/airflow/example_dags/tutorial_taskflow_api.py
[2024-06-07T16:46:30.735+0200] {processor.py:830} INFO - Processing file /Users/noejalabert/airflow_venv/lib/python3.11/site-packages/airflow/example_dags/tutorial_taskflow_api.py for tasks to queue
[2024-06-07T16:46:30.736+0200] {logging_mixin.py:188} INFO - [2024-06-07T16:46:30.735+0200] {dagbag.py:540} INFO - Filling up the DagBag from /Users/noejalabert/airflow_venv/lib/python3.11/site-packages/airflow/example_dags/tutorial_taskflow_api.py
[2024-06-07T16:46:30.756+0200] {processor.py:840} INFO - DAG(s) 'tutorial_taskflow_api' retrieved from /Users/noejalabert/airflow_venv/lib/python3.11/site-packages/airflow/example_dags/tutorial_taskflow_api.py
[2024-06-07T16:46:30.821+0200] {logging_mixin.py:188} INFO - [2024-06-07T16:46:30.820+0200] {dag.py:3096} INFO - Sync 1 DAGs
[2024-06-07T16:46:30.825+0200] {logging_mixin.py:188} INFO - [2024-06-07T16:46:30.825+0200] {dag.py:3954} INFO - Setting next_dagrun for tutorial_taskflow_api to None, run_after=None
[2024-06-07T16:46:30.834+0200] {processor.py:183} INFO - Processing /Users/noejalabert/airflow_venv/lib/python3.11/site-packages/airflow/example_dags/tutorial_taskflow_api.py took 0.100 seconds
[2024-06-07T16:48:14.127+0200] {processor.py:161} INFO - Started process (PID=34042) to work on /Users/noejalabert/airflow_venv/lib/python3.11/site-packages/airflow/example_dags/tutorial_taskflow_api.py
[2024-06-07T16:48:14.128+0200] {processor.py:830} INFO - Processing file /Users/noejalabert/airflow_venv/lib/python3.11/site-packages/airflow/example_dags/tutorial_taskflow_api.py for tasks to queue
[2024-06-07T16:48:14.128+0200] {logging_mixin.py:188} INFO - [2024-06-07T16:48:14.128+0200] {dagbag.py:540} INFO - Filling up the DagBag from /Users/noejalabert/airflow_venv/lib/python3.11/site-packages/airflow/example_dags/tutorial_taskflow_api.py
[2024-06-07T16:48:14.152+0200] {processor.py:840} INFO - DAG(s) 'tutorial_taskflow_api' retrieved from /Users/noejalabert/airflow_venv/lib/python3.11/site-packages/airflow/example_dags/tutorial_taskflow_api.py
[2024-06-07T16:48:14.242+0200] {logging_mixin.py:188} INFO - [2024-06-07T16:48:14.242+0200] {dag.py:3096} INFO - Sync 1 DAGs
[2024-06-07T16:48:14.250+0200] {logging_mixin.py:188} INFO - [2024-06-07T16:48:14.250+0200] {dag.py:3954} INFO - Setting next_dagrun for tutorial_taskflow_api to None, run_after=None
[2024-06-07T16:48:14.270+0200] {processor.py:183} INFO - Processing /Users/noejalabert/airflow_venv/lib/python3.11/site-packages/airflow/example_dags/tutorial_taskflow_api.py took 0.144 seconds
[2024-06-07T16:50:01.467+0200] {processor.py:161} INFO - Started process (PID=34188) to work on /Users/noejalabert/airflow_venv/lib/python3.11/site-packages/airflow/example_dags/tutorial_taskflow_api.py
[2024-06-07T16:50:01.468+0200] {processor.py:830} INFO - Processing file /Users/noejalabert/airflow_venv/lib/python3.11/site-packages/airflow/example_dags/tutorial_taskflow_api.py for tasks to queue
[2024-06-07T16:50:01.468+0200] {logging_mixin.py:188} INFO - [2024-06-07T16:50:01.468+0200] {dagbag.py:540} INFO - Filling up the DagBag from /Users/noejalabert/airflow_venv/lib/python3.11/site-packages/airflow/example_dags/tutorial_taskflow_api.py
[2024-06-07T16:50:01.486+0200] {processor.py:840} INFO - DAG(s) 'tutorial_taskflow_api' retrieved from /Users/noejalabert/airflow_venv/lib/python3.11/site-packages/airflow/example_dags/tutorial_taskflow_api.py
[2024-06-07T16:50:01.546+0200] {logging_mixin.py:188} INFO - [2024-06-07T16:50:01.546+0200] {dag.py:3096} INFO - Sync 1 DAGs
[2024-06-07T16:50:01.550+0200] {logging_mixin.py:188} INFO - [2024-06-07T16:50:01.550+0200] {dag.py:3954} INFO - Setting next_dagrun for tutorial_taskflow_api to None, run_after=None
[2024-06-07T16:50:01.558+0200] {processor.py:183} INFO - Processing /Users/noejalabert/airflow_venv/lib/python3.11/site-packages/airflow/example_dags/tutorial_taskflow_api.py took 0.093 seconds
[2024-06-07T16:51:45.701+0200] {processor.py:161} INFO - Started process (PID=34290) to work on /Users/noejalabert/airflow_venv/lib/python3.11/site-packages/airflow/example_dags/tutorial_taskflow_api.py
[2024-06-07T16:51:45.703+0200] {processor.py:830} INFO - Processing file /Users/noejalabert/airflow_venv/lib/python3.11/site-packages/airflow/example_dags/tutorial_taskflow_api.py for tasks to queue
[2024-06-07T16:51:45.703+0200] {logging_mixin.py:188} INFO - [2024-06-07T16:51:45.703+0200] {dagbag.py:540} INFO - Filling up the DagBag from /Users/noejalabert/airflow_venv/lib/python3.11/site-packages/airflow/example_dags/tutorial_taskflow_api.py
[2024-06-07T16:51:45.726+0200] {processor.py:840} INFO - DAG(s) 'tutorial_taskflow_api' retrieved from /Users/noejalabert/airflow_venv/lib/python3.11/site-packages/airflow/example_dags/tutorial_taskflow_api.py
[2024-06-07T16:51:45.791+0200] {logging_mixin.py:188} INFO - [2024-06-07T16:51:45.791+0200] {dag.py:3096} INFO - Sync 1 DAGs
[2024-06-07T16:51:45.795+0200] {logging_mixin.py:188} INFO - [2024-06-07T16:51:45.795+0200] {dag.py:3954} INFO - Setting next_dagrun for tutorial_taskflow_api to None, run_after=None
[2024-06-07T16:51:45.804+0200] {processor.py:183} INFO - Processing /Users/noejalabert/airflow_venv/lib/python3.11/site-packages/airflow/example_dags/tutorial_taskflow_api.py took 0.104 seconds
[2024-06-07T16:53:25.444+0200] {processor.py:161} INFO - Started process (PID=34402) to work on /Users/noejalabert/airflow_venv/lib/python3.11/site-packages/airflow/example_dags/tutorial_taskflow_api.py
[2024-06-07T16:53:25.445+0200] {processor.py:830} INFO - Processing file /Users/noejalabert/airflow_venv/lib/python3.11/site-packages/airflow/example_dags/tutorial_taskflow_api.py for tasks to queue
[2024-06-07T16:53:25.445+0200] {logging_mixin.py:188} INFO - [2024-06-07T16:53:25.445+0200] {dagbag.py:540} INFO - Filling up the DagBag from /Users/noejalabert/airflow_venv/lib/python3.11/site-packages/airflow/example_dags/tutorial_taskflow_api.py
[2024-06-07T16:53:25.462+0200] {processor.py:840} INFO - DAG(s) 'tutorial_taskflow_api' retrieved from /Users/noejalabert/airflow_venv/lib/python3.11/site-packages/airflow/example_dags/tutorial_taskflow_api.py
[2024-06-07T16:53:25.510+0200] {logging_mixin.py:188} INFO - [2024-06-07T16:53:25.510+0200] {dag.py:3096} INFO - Sync 1 DAGs
[2024-06-07T16:53:25.514+0200] {logging_mixin.py:188} INFO - [2024-06-07T16:53:25.514+0200] {dag.py:3954} INFO - Setting next_dagrun for tutorial_taskflow_api to None, run_after=None
[2024-06-07T16:53:25.521+0200] {processor.py:183} INFO - Processing /Users/noejalabert/airflow_venv/lib/python3.11/site-packages/airflow/example_dags/tutorial_taskflow_api.py took 0.079 seconds
[2024-06-07T16:55:00.413+0200] {processor.py:161} INFO - Started process (PID=34508) to work on /Users/noejalabert/airflow_venv/lib/python3.11/site-packages/airflow/example_dags/tutorial_taskflow_api.py
[2024-06-07T16:55:00.414+0200] {processor.py:830} INFO - Processing file /Users/noejalabert/airflow_venv/lib/python3.11/site-packages/airflow/example_dags/tutorial_taskflow_api.py for tasks to queue
[2024-06-07T16:55:00.415+0200] {logging_mixin.py:188} INFO - [2024-06-07T16:55:00.415+0200] {dagbag.py:540} INFO - Filling up the DagBag from /Users/noejalabert/airflow_venv/lib/python3.11/site-packages/airflow/example_dags/tutorial_taskflow_api.py
[2024-06-07T16:55:00.432+0200] {processor.py:840} INFO - DAG(s) 'tutorial_taskflow_api' retrieved from /Users/noejalabert/airflow_venv/lib/python3.11/site-packages/airflow/example_dags/tutorial_taskflow_api.py
[2024-06-07T16:55:00.484+0200] {logging_mixin.py:188} INFO - [2024-06-07T16:55:00.484+0200] {dag.py:3096} INFO - Sync 1 DAGs
[2024-06-07T16:55:00.488+0200] {logging_mixin.py:188} INFO - [2024-06-07T16:55:00.488+0200] {dag.py:3954} INFO - Setting next_dagrun for tutorial_taskflow_api to None, run_after=None
[2024-06-07T16:55:00.496+0200] {processor.py:183} INFO - Processing /Users/noejalabert/airflow_venv/lib/python3.11/site-packages/airflow/example_dags/tutorial_taskflow_api.py took 0.084 seconds
[2024-06-07T16:56:37.766+0200] {processor.py:161} INFO - Started process (PID=34613) to work on /Users/noejalabert/airflow_venv/lib/python3.11/site-packages/airflow/example_dags/tutorial_taskflow_api.py
[2024-06-07T16:56:37.767+0200] {processor.py:830} INFO - Processing file /Users/noejalabert/airflow_venv/lib/python3.11/site-packages/airflow/example_dags/tutorial_taskflow_api.py for tasks to queue
[2024-06-07T16:56:37.767+0200] {logging_mixin.py:188} INFO - [2024-06-07T16:56:37.767+0200] {dagbag.py:540} INFO - Filling up the DagBag from /Users/noejalabert/airflow_venv/lib/python3.11/site-packages/airflow/example_dags/tutorial_taskflow_api.py
[2024-06-07T16:56:37.786+0200] {processor.py:840} INFO - DAG(s) 'tutorial_taskflow_api' retrieved from /Users/noejalabert/airflow_venv/lib/python3.11/site-packages/airflow/example_dags/tutorial_taskflow_api.py
[2024-06-07T16:56:37.841+0200] {logging_mixin.py:188} INFO - [2024-06-07T16:56:37.841+0200] {dag.py:3096} INFO - Sync 1 DAGs
[2024-06-07T16:56:37.845+0200] {logging_mixin.py:188} INFO - [2024-06-07T16:56:37.845+0200] {dag.py:3954} INFO - Setting next_dagrun for tutorial_taskflow_api to None, run_after=None
[2024-06-07T16:56:37.853+0200] {processor.py:183} INFO - Processing /Users/noejalabert/airflow_venv/lib/python3.11/site-packages/airflow/example_dags/tutorial_taskflow_api.py took 0.088 seconds
