[2024-06-07T16:09:42.259+0200] {processor.py:161} INFO - Started process (PID=31678) to work on /Users/noejalabert/airflow_venv/lib/python3.11/site-packages/airflow/example_dags/tutorial_dag.py
[2024-06-07T16:09:42.260+0200] {processor.py:830} INFO - Processing file /Users/noejalabert/airflow_venv/lib/python3.11/site-packages/airflow/example_dags/tutorial_dag.py for tasks to queue
[2024-06-07T16:09:42.260+0200] {logging_mixin.py:188} INFO - [2024-06-07T16:09:42.260+0200] {dagbag.py:540} INFO - Filling up the DagBag from /Users/noejalabert/airflow_venv/lib/python3.11/site-packages/airflow/example_dags/tutorial_dag.py
[2024-06-07T16:09:42.273+0200] {processor.py:840} INFO - DAG(s) 'tutorial_dag' retrieved from /Users/noejalabert/airflow_venv/lib/python3.11/site-packages/airflow/example_dags/tutorial_dag.py
[2024-06-07T16:09:42.357+0200] {logging_mixin.py:188} INFO - [2024-06-07T16:09:42.357+0200] {dag.py:3096} INFO - Sync 1 DAGs
[2024-06-07T16:09:42.388+0200] {logging_mixin.py:188} INFO - [2024-06-07T16:09:42.388+0200] {dag.py:3954} INFO - Setting next_dagrun for tutorial_dag to None, run_after=None
[2024-06-07T16:09:42.396+0200] {processor.py:183} INFO - Processing /Users/noejalabert/airflow_venv/lib/python3.11/site-packages/airflow/example_dags/tutorial_dag.py took 0.138 seconds
[2024-06-07T16:11:20.769+0200] {processor.py:161} INFO - Started process (PID=31767) to work on /Users/noejalabert/airflow_venv/lib/python3.11/site-packages/airflow/example_dags/tutorial_dag.py
[2024-06-07T16:11:20.770+0200] {processor.py:830} INFO - Processing file /Users/noejalabert/airflow_venv/lib/python3.11/site-packages/airflow/example_dags/tutorial_dag.py for tasks to queue
[2024-06-07T16:11:20.770+0200] {logging_mixin.py:188} INFO - [2024-06-07T16:11:20.770+0200] {dagbag.py:540} INFO - Filling up the DagBag from /Users/noejalabert/airflow_venv/lib/python3.11/site-packages/airflow/example_dags/tutorial_dag.py
[2024-06-07T16:11:20.782+0200] {processor.py:840} INFO - DAG(s) 'tutorial_dag' retrieved from /Users/noejalabert/airflow_venv/lib/python3.11/site-packages/airflow/example_dags/tutorial_dag.py
[2024-06-07T16:11:20.828+0200] {logging_mixin.py:188} INFO - [2024-06-07T16:11:20.828+0200] {dag.py:3096} INFO - Sync 1 DAGs
[2024-06-07T16:11:20.832+0200] {logging_mixin.py:188} INFO - [2024-06-07T16:11:20.832+0200] {dag.py:3954} INFO - Setting next_dagrun for tutorial_dag to None, run_after=None
[2024-06-07T16:11:20.840+0200] {processor.py:183} INFO - Processing /Users/noejalabert/airflow_venv/lib/python3.11/site-packages/airflow/example_dags/tutorial_dag.py took 0.073 seconds
[2024-06-07T16:12:59.345+0200] {processor.py:161} INFO - Started process (PID=31858) to work on /Users/noejalabert/airflow_venv/lib/python3.11/site-packages/airflow/example_dags/tutorial_dag.py
[2024-06-07T16:12:59.346+0200] {processor.py:830} INFO - Processing file /Users/noejalabert/airflow_venv/lib/python3.11/site-packages/airflow/example_dags/tutorial_dag.py for tasks to queue
[2024-06-07T16:12:59.346+0200] {logging_mixin.py:188} INFO - [2024-06-07T16:12:59.346+0200] {dagbag.py:540} INFO - Filling up the DagBag from /Users/noejalabert/airflow_venv/lib/python3.11/site-packages/airflow/example_dags/tutorial_dag.py
[2024-06-07T16:12:59.358+0200] {processor.py:840} INFO - DAG(s) 'tutorial_dag' retrieved from /Users/noejalabert/airflow_venv/lib/python3.11/site-packages/airflow/example_dags/tutorial_dag.py
[2024-06-07T16:12:59.405+0200] {logging_mixin.py:188} INFO - [2024-06-07T16:12:59.404+0200] {dag.py:3096} INFO - Sync 1 DAGs
[2024-06-07T16:12:59.409+0200] {logging_mixin.py:188} INFO - [2024-06-07T16:12:59.408+0200] {dag.py:3954} INFO - Setting next_dagrun for tutorial_dag to None, run_after=None
[2024-06-07T16:12:59.420+0200] {processor.py:183} INFO - Processing /Users/noejalabert/airflow_venv/lib/python3.11/site-packages/airflow/example_dags/tutorial_dag.py took 0.076 seconds
[2024-06-07T16:14:30.490+0200] {processor.py:161} INFO - Started process (PID=31945) to work on /Users/noejalabert/airflow_venv/lib/python3.11/site-packages/airflow/example_dags/tutorial_dag.py
[2024-06-07T16:14:30.493+0200] {processor.py:830} INFO - Processing file /Users/noejalabert/airflow_venv/lib/python3.11/site-packages/airflow/example_dags/tutorial_dag.py for tasks to queue
[2024-06-07T16:14:30.493+0200] {logging_mixin.py:188} INFO - [2024-06-07T16:14:30.493+0200] {dagbag.py:540} INFO - Filling up the DagBag from /Users/noejalabert/airflow_venv/lib/python3.11/site-packages/airflow/example_dags/tutorial_dag.py
[2024-06-07T16:14:30.506+0200] {processor.py:840} INFO - DAG(s) 'tutorial_dag' retrieved from /Users/noejalabert/airflow_venv/lib/python3.11/site-packages/airflow/example_dags/tutorial_dag.py
[2024-06-07T16:14:30.552+0200] {logging_mixin.py:188} INFO - [2024-06-07T16:14:30.552+0200] {dag.py:3096} INFO - Sync 1 DAGs
[2024-06-07T16:14:30.556+0200] {logging_mixin.py:188} INFO - [2024-06-07T16:14:30.556+0200] {dag.py:3954} INFO - Setting next_dagrun for tutorial_dag to None, run_after=None
[2024-06-07T16:14:30.564+0200] {processor.py:183} INFO - Processing /Users/noejalabert/airflow_venv/lib/python3.11/site-packages/airflow/example_dags/tutorial_dag.py took 0.075 seconds
[2024-06-07T16:16:03.576+0200] {processor.py:161} INFO - Started process (PID=32016) to work on /Users/noejalabert/airflow_venv/lib/python3.11/site-packages/airflow/example_dags/tutorial_dag.py
[2024-06-07T16:16:03.577+0200] {processor.py:830} INFO - Processing file /Users/noejalabert/airflow_venv/lib/python3.11/site-packages/airflow/example_dags/tutorial_dag.py for tasks to queue
[2024-06-07T16:16:03.578+0200] {logging_mixin.py:188} INFO - [2024-06-07T16:16:03.577+0200] {dagbag.py:540} INFO - Filling up the DagBag from /Users/noejalabert/airflow_venv/lib/python3.11/site-packages/airflow/example_dags/tutorial_dag.py
[2024-06-07T16:16:03.592+0200] {processor.py:840} INFO - DAG(s) 'tutorial_dag' retrieved from /Users/noejalabert/airflow_venv/lib/python3.11/site-packages/airflow/example_dags/tutorial_dag.py
[2024-06-07T16:16:03.641+0200] {logging_mixin.py:188} INFO - [2024-06-07T16:16:03.641+0200] {dag.py:3096} INFO - Sync 1 DAGs
[2024-06-07T16:16:03.645+0200] {logging_mixin.py:188} INFO - [2024-06-07T16:16:03.645+0200] {dag.py:3954} INFO - Setting next_dagrun for tutorial_dag to None, run_after=None
[2024-06-07T16:16:03.653+0200] {processor.py:183} INFO - Processing /Users/noejalabert/airflow_venv/lib/python3.11/site-packages/airflow/example_dags/tutorial_dag.py took 0.079 seconds
[2024-06-07T16:17:36.638+0200] {processor.py:161} INFO - Started process (PID=32103) to work on /Users/noejalabert/airflow_venv/lib/python3.11/site-packages/airflow/example_dags/tutorial_dag.py
[2024-06-07T16:17:36.640+0200] {processor.py:830} INFO - Processing file /Users/noejalabert/airflow_venv/lib/python3.11/site-packages/airflow/example_dags/tutorial_dag.py for tasks to queue
[2024-06-07T16:17:36.640+0200] {logging_mixin.py:188} INFO - [2024-06-07T16:17:36.640+0200] {dagbag.py:540} INFO - Filling up the DagBag from /Users/noejalabert/airflow_venv/lib/python3.11/site-packages/airflow/example_dags/tutorial_dag.py
[2024-06-07T16:17:36.653+0200] {processor.py:840} INFO - DAG(s) 'tutorial_dag' retrieved from /Users/noejalabert/airflow_venv/lib/python3.11/site-packages/airflow/example_dags/tutorial_dag.py
[2024-06-07T16:17:36.702+0200] {logging_mixin.py:188} INFO - [2024-06-07T16:17:36.702+0200] {dag.py:3096} INFO - Sync 1 DAGs
[2024-06-07T16:17:36.706+0200] {logging_mixin.py:188} INFO - [2024-06-07T16:17:36.706+0200] {dag.py:3954} INFO - Setting next_dagrun for tutorial_dag to None, run_after=None
[2024-06-07T16:17:36.714+0200] {processor.py:183} INFO - Processing /Users/noejalabert/airflow_venv/lib/python3.11/site-packages/airflow/example_dags/tutorial_dag.py took 0.078 seconds
[2024-06-07T16:19:09.184+0200] {processor.py:161} INFO - Started process (PID=32179) to work on /Users/noejalabert/airflow_venv/lib/python3.11/site-packages/airflow/example_dags/tutorial_dag.py
[2024-06-07T16:19:09.185+0200] {processor.py:830} INFO - Processing file /Users/noejalabert/airflow_venv/lib/python3.11/site-packages/airflow/example_dags/tutorial_dag.py for tasks to queue
[2024-06-07T16:19:09.185+0200] {logging_mixin.py:188} INFO - [2024-06-07T16:19:09.185+0200] {dagbag.py:540} INFO - Filling up the DagBag from /Users/noejalabert/airflow_venv/lib/python3.11/site-packages/airflow/example_dags/tutorial_dag.py
[2024-06-07T16:19:09.197+0200] {processor.py:840} INFO - DAG(s) 'tutorial_dag' retrieved from /Users/noejalabert/airflow_venv/lib/python3.11/site-packages/airflow/example_dags/tutorial_dag.py
[2024-06-07T16:19:09.243+0200] {logging_mixin.py:188} INFO - [2024-06-07T16:19:09.242+0200] {dag.py:3096} INFO - Sync 1 DAGs
[2024-06-07T16:19:09.247+0200] {logging_mixin.py:188} INFO - [2024-06-07T16:19:09.246+0200] {dag.py:3954} INFO - Setting next_dagrun for tutorial_dag to None, run_after=None
[2024-06-07T16:19:09.254+0200] {processor.py:183} INFO - Processing /Users/noejalabert/airflow_venv/lib/python3.11/site-packages/airflow/example_dags/tutorial_dag.py took 0.072 seconds
[2024-06-07T16:20:39.423+0200] {processor.py:161} INFO - Started process (PID=32258) to work on /Users/noejalabert/airflow_venv/lib/python3.11/site-packages/airflow/example_dags/tutorial_dag.py
[2024-06-07T16:20:39.423+0200] {processor.py:830} INFO - Processing file /Users/noejalabert/airflow_venv/lib/python3.11/site-packages/airflow/example_dags/tutorial_dag.py for tasks to queue
[2024-06-07T16:20:39.424+0200] {logging_mixin.py:188} INFO - [2024-06-07T16:20:39.424+0200] {dagbag.py:540} INFO - Filling up the DagBag from /Users/noejalabert/airflow_venv/lib/python3.11/site-packages/airflow/example_dags/tutorial_dag.py
[2024-06-07T16:20:39.438+0200] {processor.py:840} INFO - DAG(s) 'tutorial_dag' retrieved from /Users/noejalabert/airflow_venv/lib/python3.11/site-packages/airflow/example_dags/tutorial_dag.py
[2024-06-07T16:20:39.491+0200] {logging_mixin.py:188} INFO - [2024-06-07T16:20:39.491+0200] {dag.py:3096} INFO - Sync 1 DAGs
[2024-06-07T16:20:39.496+0200] {logging_mixin.py:188} INFO - [2024-06-07T16:20:39.496+0200] {dag.py:3954} INFO - Setting next_dagrun for tutorial_dag to None, run_after=None
[2024-06-07T16:20:39.506+0200] {processor.py:183} INFO - Processing /Users/noejalabert/airflow_venv/lib/python3.11/site-packages/airflow/example_dags/tutorial_dag.py took 0.084 seconds
[2024-06-07T16:22:11.587+0200] {processor.py:161} INFO - Started process (PID=32337) to work on /Users/noejalabert/airflow_venv/lib/python3.11/site-packages/airflow/example_dags/tutorial_dag.py
[2024-06-07T16:22:11.588+0200] {processor.py:830} INFO - Processing file /Users/noejalabert/airflow_venv/lib/python3.11/site-packages/airflow/example_dags/tutorial_dag.py for tasks to queue
[2024-06-07T16:22:11.588+0200] {logging_mixin.py:188} INFO - [2024-06-07T16:22:11.588+0200] {dagbag.py:540} INFO - Filling up the DagBag from /Users/noejalabert/airflow_venv/lib/python3.11/site-packages/airflow/example_dags/tutorial_dag.py
[2024-06-07T16:22:11.601+0200] {processor.py:840} INFO - DAG(s) 'tutorial_dag' retrieved from /Users/noejalabert/airflow_venv/lib/python3.11/site-packages/airflow/example_dags/tutorial_dag.py
[2024-06-07T16:22:11.647+0200] {logging_mixin.py:188} INFO - [2024-06-07T16:22:11.647+0200] {dag.py:3096} INFO - Sync 1 DAGs
[2024-06-07T16:22:11.651+0200] {logging_mixin.py:188} INFO - [2024-06-07T16:22:11.651+0200] {dag.py:3954} INFO - Setting next_dagrun for tutorial_dag to None, run_after=None
[2024-06-07T16:22:11.659+0200] {processor.py:183} INFO - Processing /Users/noejalabert/airflow_venv/lib/python3.11/site-packages/airflow/example_dags/tutorial_dag.py took 0.074 seconds
[2024-06-07T16:23:49.435+0200] {processor.py:161} INFO - Started process (PID=32420) to work on /Users/noejalabert/airflow_venv/lib/python3.11/site-packages/airflow/example_dags/tutorial_dag.py
[2024-06-07T16:23:49.437+0200] {processor.py:830} INFO - Processing file /Users/noejalabert/airflow_venv/lib/python3.11/site-packages/airflow/example_dags/tutorial_dag.py for tasks to queue
[2024-06-07T16:23:49.437+0200] {logging_mixin.py:188} INFO - [2024-06-07T16:23:49.437+0200] {dagbag.py:540} INFO - Filling up the DagBag from /Users/noejalabert/airflow_venv/lib/python3.11/site-packages/airflow/example_dags/tutorial_dag.py
[2024-06-07T16:23:49.449+0200] {processor.py:840} INFO - DAG(s) 'tutorial_dag' retrieved from /Users/noejalabert/airflow_venv/lib/python3.11/site-packages/airflow/example_dags/tutorial_dag.py
[2024-06-07T16:23:49.496+0200] {logging_mixin.py:188} INFO - [2024-06-07T16:23:49.496+0200] {dag.py:3096} INFO - Sync 1 DAGs
[2024-06-07T16:23:49.500+0200] {logging_mixin.py:188} INFO - [2024-06-07T16:23:49.500+0200] {dag.py:3954} INFO - Setting next_dagrun for tutorial_dag to None, run_after=None
[2024-06-07T16:23:49.508+0200] {processor.py:183} INFO - Processing /Users/noejalabert/airflow_venv/lib/python3.11/site-packages/airflow/example_dags/tutorial_dag.py took 0.074 seconds
[2024-06-07T16:25:21.363+0200] {processor.py:161} INFO - Started process (PID=32491) to work on /Users/noejalabert/airflow_venv/lib/python3.11/site-packages/airflow/example_dags/tutorial_dag.py
[2024-06-07T16:25:21.364+0200] {processor.py:830} INFO - Processing file /Users/noejalabert/airflow_venv/lib/python3.11/site-packages/airflow/example_dags/tutorial_dag.py for tasks to queue
[2024-06-07T16:25:21.364+0200] {logging_mixin.py:188} INFO - [2024-06-07T16:25:21.364+0200] {dagbag.py:540} INFO - Filling up the DagBag from /Users/noejalabert/airflow_venv/lib/python3.11/site-packages/airflow/example_dags/tutorial_dag.py
[2024-06-07T16:25:21.376+0200] {processor.py:840} INFO - DAG(s) 'tutorial_dag' retrieved from /Users/noejalabert/airflow_venv/lib/python3.11/site-packages/airflow/example_dags/tutorial_dag.py
[2024-06-07T16:25:21.422+0200] {logging_mixin.py:188} INFO - [2024-06-07T16:25:21.422+0200] {dag.py:3096} INFO - Sync 1 DAGs
[2024-06-07T16:25:21.426+0200] {logging_mixin.py:188} INFO - [2024-06-07T16:25:21.426+0200] {dag.py:3954} INFO - Setting next_dagrun for tutorial_dag to None, run_after=None
[2024-06-07T16:25:21.433+0200] {processor.py:183} INFO - Processing /Users/noejalabert/airflow_venv/lib/python3.11/site-packages/airflow/example_dags/tutorial_dag.py took 0.072 seconds
[2024-06-07T16:26:52.744+0200] {processor.py:161} INFO - Started process (PID=32666) to work on /Users/noejalabert/airflow_venv/lib/python3.11/site-packages/airflow/example_dags/tutorial_dag.py
[2024-06-07T16:26:52.745+0200] {processor.py:830} INFO - Processing file /Users/noejalabert/airflow_venv/lib/python3.11/site-packages/airflow/example_dags/tutorial_dag.py for tasks to queue
[2024-06-07T16:26:52.745+0200] {logging_mixin.py:188} INFO - [2024-06-07T16:26:52.745+0200] {dagbag.py:540} INFO - Filling up the DagBag from /Users/noejalabert/airflow_venv/lib/python3.11/site-packages/airflow/example_dags/tutorial_dag.py
[2024-06-07T16:26:52.757+0200] {processor.py:840} INFO - DAG(s) 'tutorial_dag' retrieved from /Users/noejalabert/airflow_venv/lib/python3.11/site-packages/airflow/example_dags/tutorial_dag.py
[2024-06-07T16:26:52.803+0200] {logging_mixin.py:188} INFO - [2024-06-07T16:26:52.802+0200] {dag.py:3096} INFO - Sync 1 DAGs
[2024-06-07T16:26:52.807+0200] {logging_mixin.py:188} INFO - [2024-06-07T16:26:52.806+0200] {dag.py:3954} INFO - Setting next_dagrun for tutorial_dag to None, run_after=None
[2024-06-07T16:26:52.814+0200] {processor.py:183} INFO - Processing /Users/noejalabert/airflow_venv/lib/python3.11/site-packages/airflow/example_dags/tutorial_dag.py took 0.072 seconds
[2024-06-07T16:28:22.090+0200] {processor.py:161} INFO - Started process (PID=32743) to work on /Users/noejalabert/airflow_venv/lib/python3.11/site-packages/airflow/example_dags/tutorial_dag.py
[2024-06-07T16:28:22.091+0200] {processor.py:830} INFO - Processing file /Users/noejalabert/airflow_venv/lib/python3.11/site-packages/airflow/example_dags/tutorial_dag.py for tasks to queue
[2024-06-07T16:28:22.092+0200] {logging_mixin.py:188} INFO - [2024-06-07T16:28:22.092+0200] {dagbag.py:540} INFO - Filling up the DagBag from /Users/noejalabert/airflow_venv/lib/python3.11/site-packages/airflow/example_dags/tutorial_dag.py
[2024-06-07T16:28:22.104+0200] {processor.py:840} INFO - DAG(s) 'tutorial_dag' retrieved from /Users/noejalabert/airflow_venv/lib/python3.11/site-packages/airflow/example_dags/tutorial_dag.py
[2024-06-07T16:28:22.151+0200] {logging_mixin.py:188} INFO - [2024-06-07T16:28:22.151+0200] {dag.py:3096} INFO - Sync 1 DAGs
[2024-06-07T16:28:22.155+0200] {logging_mixin.py:188} INFO - [2024-06-07T16:28:22.155+0200] {dag.py:3954} INFO - Setting next_dagrun for tutorial_dag to None, run_after=None
[2024-06-07T16:28:22.163+0200] {processor.py:183} INFO - Processing /Users/noejalabert/airflow_venv/lib/python3.11/site-packages/airflow/example_dags/tutorial_dag.py took 0.074 seconds
[2024-06-07T16:29:54.228+0200] {processor.py:161} INFO - Started process (PID=32829) to work on /Users/noejalabert/airflow_venv/lib/python3.11/site-packages/airflow/example_dags/tutorial_dag.py
[2024-06-07T16:29:54.228+0200] {processor.py:830} INFO - Processing file /Users/noejalabert/airflow_venv/lib/python3.11/site-packages/airflow/example_dags/tutorial_dag.py for tasks to queue
[2024-06-07T16:29:54.229+0200] {logging_mixin.py:188} INFO - [2024-06-07T16:29:54.228+0200] {dagbag.py:540} INFO - Filling up the DagBag from /Users/noejalabert/airflow_venv/lib/python3.11/site-packages/airflow/example_dags/tutorial_dag.py
[2024-06-07T16:29:54.240+0200] {processor.py:840} INFO - DAG(s) 'tutorial_dag' retrieved from /Users/noejalabert/airflow_venv/lib/python3.11/site-packages/airflow/example_dags/tutorial_dag.py
[2024-06-07T16:29:54.286+0200] {logging_mixin.py:188} INFO - [2024-06-07T16:29:54.286+0200] {dag.py:3096} INFO - Sync 1 DAGs
[2024-06-07T16:29:54.290+0200] {logging_mixin.py:188} INFO - [2024-06-07T16:29:54.290+0200] {dag.py:3954} INFO - Setting next_dagrun for tutorial_dag to None, run_after=None
[2024-06-07T16:29:54.298+0200] {processor.py:183} INFO - Processing /Users/noejalabert/airflow_venv/lib/python3.11/site-packages/airflow/example_dags/tutorial_dag.py took 0.072 seconds
[2024-06-07T16:31:28.870+0200] {processor.py:161} INFO - Started process (PID=32923) to work on /Users/noejalabert/airflow_venv/lib/python3.11/site-packages/airflow/example_dags/tutorial_dag.py
[2024-06-07T16:31:28.872+0200] {processor.py:830} INFO - Processing file /Users/noejalabert/airflow_venv/lib/python3.11/site-packages/airflow/example_dags/tutorial_dag.py for tasks to queue
[2024-06-07T16:31:28.872+0200] {logging_mixin.py:188} INFO - [2024-06-07T16:31:28.872+0200] {dagbag.py:540} INFO - Filling up the DagBag from /Users/noejalabert/airflow_venv/lib/python3.11/site-packages/airflow/example_dags/tutorial_dag.py
[2024-06-07T16:31:28.884+0200] {processor.py:840} INFO - DAG(s) 'tutorial_dag' retrieved from /Users/noejalabert/airflow_venv/lib/python3.11/site-packages/airflow/example_dags/tutorial_dag.py
[2024-06-07T16:31:28.933+0200] {logging_mixin.py:188} INFO - [2024-06-07T16:31:28.932+0200] {dag.py:3096} INFO - Sync 1 DAGs
[2024-06-07T16:31:28.940+0200] {logging_mixin.py:188} INFO - [2024-06-07T16:31:28.940+0200] {dag.py:3954} INFO - Setting next_dagrun for tutorial_dag to None, run_after=None
[2024-06-07T16:31:28.950+0200] {processor.py:183} INFO - Processing /Users/noejalabert/airflow_venv/lib/python3.11/site-packages/airflow/example_dags/tutorial_dag.py took 0.082 seconds
[2024-06-07T16:32:59.104+0200] {processor.py:161} INFO - Started process (PID=33004) to work on /Users/noejalabert/airflow_venv/lib/python3.11/site-packages/airflow/example_dags/tutorial_dag.py
[2024-06-07T16:32:59.105+0200] {processor.py:830} INFO - Processing file /Users/noejalabert/airflow_venv/lib/python3.11/site-packages/airflow/example_dags/tutorial_dag.py for tasks to queue
[2024-06-07T16:32:59.106+0200] {logging_mixin.py:188} INFO - [2024-06-07T16:32:59.105+0200] {dagbag.py:540} INFO - Filling up the DagBag from /Users/noejalabert/airflow_venv/lib/python3.11/site-packages/airflow/example_dags/tutorial_dag.py
[2024-06-07T16:32:59.118+0200] {processor.py:840} INFO - DAG(s) 'tutorial_dag' retrieved from /Users/noejalabert/airflow_venv/lib/python3.11/site-packages/airflow/example_dags/tutorial_dag.py
[2024-06-07T16:32:59.163+0200] {logging_mixin.py:188} INFO - [2024-06-07T16:32:59.163+0200] {dag.py:3096} INFO - Sync 1 DAGs
[2024-06-07T16:32:59.167+0200] {logging_mixin.py:188} INFO - [2024-06-07T16:32:59.167+0200] {dag.py:3954} INFO - Setting next_dagrun for tutorial_dag to None, run_after=None
[2024-06-07T16:32:59.175+0200] {processor.py:183} INFO - Processing /Users/noejalabert/airflow_venv/lib/python3.11/site-packages/airflow/example_dags/tutorial_dag.py took 0.076 seconds
[2024-06-07T16:34:39.215+0200] {processor.py:161} INFO - Started process (PID=33092) to work on /Users/noejalabert/airflow_venv/lib/python3.11/site-packages/airflow/example_dags/tutorial_dag.py
[2024-06-07T16:34:39.216+0200] {processor.py:830} INFO - Processing file /Users/noejalabert/airflow_venv/lib/python3.11/site-packages/airflow/example_dags/tutorial_dag.py for tasks to queue
[2024-06-07T16:34:39.216+0200] {logging_mixin.py:188} INFO - [2024-06-07T16:34:39.216+0200] {dagbag.py:540} INFO - Filling up the DagBag from /Users/noejalabert/airflow_venv/lib/python3.11/site-packages/airflow/example_dags/tutorial_dag.py
[2024-06-07T16:34:39.232+0200] {processor.py:840} INFO - DAG(s) 'tutorial_dag' retrieved from /Users/noejalabert/airflow_venv/lib/python3.11/site-packages/airflow/example_dags/tutorial_dag.py
[2024-06-07T16:34:39.283+0200] {logging_mixin.py:188} INFO - [2024-06-07T16:34:39.283+0200] {dag.py:3096} INFO - Sync 1 DAGs
[2024-06-07T16:34:39.288+0200] {logging_mixin.py:188} INFO - [2024-06-07T16:34:39.288+0200] {dag.py:3954} INFO - Setting next_dagrun for tutorial_dag to None, run_after=None
[2024-06-07T16:34:39.297+0200] {processor.py:183} INFO - Processing /Users/noejalabert/airflow_venv/lib/python3.11/site-packages/airflow/example_dags/tutorial_dag.py took 0.084 seconds
[2024-06-07T16:36:29.494+0200] {processor.py:161} INFO - Started process (PID=33247) to work on /Users/noejalabert/airflow_venv/lib/python3.11/site-packages/airflow/example_dags/tutorial_dag.py
[2024-06-07T16:36:29.495+0200] {processor.py:830} INFO - Processing file /Users/noejalabert/airflow_venv/lib/python3.11/site-packages/airflow/example_dags/tutorial_dag.py for tasks to queue
[2024-06-07T16:36:29.495+0200] {logging_mixin.py:188} INFO - [2024-06-07T16:36:29.495+0200] {dagbag.py:540} INFO - Filling up the DagBag from /Users/noejalabert/airflow_venv/lib/python3.11/site-packages/airflow/example_dags/tutorial_dag.py
[2024-06-07T16:36:29.508+0200] {processor.py:840} INFO - DAG(s) 'tutorial_dag' retrieved from /Users/noejalabert/airflow_venv/lib/python3.11/site-packages/airflow/example_dags/tutorial_dag.py
[2024-06-07T16:36:29.560+0200] {logging_mixin.py:188} INFO - [2024-06-07T16:36:29.560+0200] {dag.py:3096} INFO - Sync 1 DAGs
[2024-06-07T16:36:29.564+0200] {logging_mixin.py:188} INFO - [2024-06-07T16:36:29.564+0200] {dag.py:3954} INFO - Setting next_dagrun for tutorial_dag to None, run_after=None
[2024-06-07T16:36:29.572+0200] {processor.py:183} INFO - Processing /Users/noejalabert/airflow_venv/lib/python3.11/site-packages/airflow/example_dags/tutorial_dag.py took 0.080 seconds
[2024-06-07T16:38:10.303+0200] {processor.py:161} INFO - Started process (PID=33360) to work on /Users/noejalabert/airflow_venv/lib/python3.11/site-packages/airflow/example_dags/tutorial_dag.py
[2024-06-07T16:38:10.304+0200] {processor.py:830} INFO - Processing file /Users/noejalabert/airflow_venv/lib/python3.11/site-packages/airflow/example_dags/tutorial_dag.py for tasks to queue
[2024-06-07T16:38:10.305+0200] {logging_mixin.py:188} INFO - [2024-06-07T16:38:10.304+0200] {dagbag.py:540} INFO - Filling up the DagBag from /Users/noejalabert/airflow_venv/lib/python3.11/site-packages/airflow/example_dags/tutorial_dag.py
[2024-06-07T16:38:10.319+0200] {processor.py:840} INFO - DAG(s) 'tutorial_dag' retrieved from /Users/noejalabert/airflow_venv/lib/python3.11/site-packages/airflow/example_dags/tutorial_dag.py
[2024-06-07T16:38:10.374+0200] {logging_mixin.py:188} INFO - [2024-06-07T16:38:10.374+0200] {dag.py:3096} INFO - Sync 1 DAGs
[2024-06-07T16:38:10.379+0200] {logging_mixin.py:188} INFO - [2024-06-07T16:38:10.379+0200] {dag.py:3954} INFO - Setting next_dagrun for tutorial_dag to None, run_after=None
[2024-06-07T16:38:10.386+0200] {processor.py:183} INFO - Processing /Users/noejalabert/airflow_venv/lib/python3.11/site-packages/airflow/example_dags/tutorial_dag.py took 0.084 seconds
[2024-06-07T16:39:49.627+0200] {processor.py:161} INFO - Started process (PID=33459) to work on /Users/noejalabert/airflow_venv/lib/python3.11/site-packages/airflow/example_dags/tutorial_dag.py
[2024-06-07T16:39:49.628+0200] {processor.py:830} INFO - Processing file /Users/noejalabert/airflow_venv/lib/python3.11/site-packages/airflow/example_dags/tutorial_dag.py for tasks to queue
[2024-06-07T16:39:49.629+0200] {logging_mixin.py:188} INFO - [2024-06-07T16:39:49.629+0200] {dagbag.py:540} INFO - Filling up the DagBag from /Users/noejalabert/airflow_venv/lib/python3.11/site-packages/airflow/example_dags/tutorial_dag.py
[2024-06-07T16:39:49.642+0200] {processor.py:840} INFO - DAG(s) 'tutorial_dag' retrieved from /Users/noejalabert/airflow_venv/lib/python3.11/site-packages/airflow/example_dags/tutorial_dag.py
[2024-06-07T16:39:49.693+0200] {logging_mixin.py:188} INFO - [2024-06-07T16:39:49.693+0200] {dag.py:3096} INFO - Sync 1 DAGs
[2024-06-07T16:39:49.697+0200] {logging_mixin.py:188} INFO - [2024-06-07T16:39:49.697+0200] {dag.py:3954} INFO - Setting next_dagrun for tutorial_dag to None, run_after=None
[2024-06-07T16:39:49.706+0200] {processor.py:183} INFO - Processing /Users/noejalabert/airflow_venv/lib/python3.11/site-packages/airflow/example_dags/tutorial_dag.py took 0.080 seconds
[2024-06-07T16:41:30.391+0200] {processor.py:161} INFO - Started process (PID=33576) to work on /Users/noejalabert/airflow_venv/lib/python3.11/site-packages/airflow/example_dags/tutorial_dag.py
[2024-06-07T16:41:30.392+0200] {processor.py:830} INFO - Processing file /Users/noejalabert/airflow_venv/lib/python3.11/site-packages/airflow/example_dags/tutorial_dag.py for tasks to queue
[2024-06-07T16:41:30.392+0200] {logging_mixin.py:188} INFO - [2024-06-07T16:41:30.392+0200] {dagbag.py:540} INFO - Filling up the DagBag from /Users/noejalabert/airflow_venv/lib/python3.11/site-packages/airflow/example_dags/tutorial_dag.py
[2024-06-07T16:41:30.406+0200] {processor.py:840} INFO - DAG(s) 'tutorial_dag' retrieved from /Users/noejalabert/airflow_venv/lib/python3.11/site-packages/airflow/example_dags/tutorial_dag.py
[2024-06-07T16:41:30.458+0200] {logging_mixin.py:188} INFO - [2024-06-07T16:41:30.457+0200] {dag.py:3096} INFO - Sync 1 DAGs
[2024-06-07T16:41:30.462+0200] {logging_mixin.py:188} INFO - [2024-06-07T16:41:30.462+0200] {dag.py:3954} INFO - Setting next_dagrun for tutorial_dag to None, run_after=None
[2024-06-07T16:41:30.471+0200] {processor.py:183} INFO - Processing /Users/noejalabert/airflow_venv/lib/python3.11/site-packages/airflow/example_dags/tutorial_dag.py took 0.082 seconds
[2024-06-07T16:43:12.106+0200] {processor.py:161} INFO - Started process (PID=33712) to work on /Users/noejalabert/airflow_venv/lib/python3.11/site-packages/airflow/example_dags/tutorial_dag.py
[2024-06-07T16:43:12.107+0200] {processor.py:830} INFO - Processing file /Users/noejalabert/airflow_venv/lib/python3.11/site-packages/airflow/example_dags/tutorial_dag.py for tasks to queue
[2024-06-07T16:43:12.108+0200] {logging_mixin.py:188} INFO - [2024-06-07T16:43:12.107+0200] {dagbag.py:540} INFO - Filling up the DagBag from /Users/noejalabert/airflow_venv/lib/python3.11/site-packages/airflow/example_dags/tutorial_dag.py
[2024-06-07T16:43:12.122+0200] {processor.py:840} INFO - DAG(s) 'tutorial_dag' retrieved from /Users/noejalabert/airflow_venv/lib/python3.11/site-packages/airflow/example_dags/tutorial_dag.py
[2024-06-07T16:43:12.172+0200] {logging_mixin.py:188} INFO - [2024-06-07T16:43:12.172+0200] {dag.py:3096} INFO - Sync 1 DAGs
[2024-06-07T16:43:12.177+0200] {logging_mixin.py:188} INFO - [2024-06-07T16:43:12.177+0200] {dag.py:3954} INFO - Setting next_dagrun for tutorial_dag to None, run_after=None
[2024-06-07T16:43:12.185+0200] {processor.py:183} INFO - Processing /Users/noejalabert/airflow_venv/lib/python3.11/site-packages/airflow/example_dags/tutorial_dag.py took 0.080 seconds
[2024-06-07T16:44:49.655+0200] {processor.py:161} INFO - Started process (PID=33808) to work on /Users/noejalabert/airflow_venv/lib/python3.11/site-packages/airflow/example_dags/tutorial_dag.py
[2024-06-07T16:44:49.656+0200] {processor.py:830} INFO - Processing file /Users/noejalabert/airflow_venv/lib/python3.11/site-packages/airflow/example_dags/tutorial_dag.py for tasks to queue
[2024-06-07T16:44:49.657+0200] {logging_mixin.py:188} INFO - [2024-06-07T16:44:49.657+0200] {dagbag.py:540} INFO - Filling up the DagBag from /Users/noejalabert/airflow_venv/lib/python3.11/site-packages/airflow/example_dags/tutorial_dag.py
[2024-06-07T16:44:49.672+0200] {processor.py:840} INFO - DAG(s) 'tutorial_dag' retrieved from /Users/noejalabert/airflow_venv/lib/python3.11/site-packages/airflow/example_dags/tutorial_dag.py
[2024-06-07T16:44:49.725+0200] {logging_mixin.py:188} INFO - [2024-06-07T16:44:49.725+0200] {dag.py:3096} INFO - Sync 1 DAGs
[2024-06-07T16:44:49.730+0200] {logging_mixin.py:188} INFO - [2024-06-07T16:44:49.729+0200] {dag.py:3954} INFO - Setting next_dagrun for tutorial_dag to None, run_after=None
[2024-06-07T16:44:49.741+0200] {processor.py:183} INFO - Processing /Users/noejalabert/airflow_venv/lib/python3.11/site-packages/airflow/example_dags/tutorial_dag.py took 0.087 seconds
[2024-06-07T16:46:34.739+0200] {processor.py:161} INFO - Started process (PID=33929) to work on /Users/noejalabert/airflow_venv/lib/python3.11/site-packages/airflow/example_dags/tutorial_dag.py
[2024-06-07T16:46:34.740+0200] {processor.py:830} INFO - Processing file /Users/noejalabert/airflow_venv/lib/python3.11/site-packages/airflow/example_dags/tutorial_dag.py for tasks to queue
[2024-06-07T16:46:34.741+0200] {logging_mixin.py:188} INFO - [2024-06-07T16:46:34.741+0200] {dagbag.py:540} INFO - Filling up the DagBag from /Users/noejalabert/airflow_venv/lib/python3.11/site-packages/airflow/example_dags/tutorial_dag.py
[2024-06-07T16:46:34.754+0200] {processor.py:840} INFO - DAG(s) 'tutorial_dag' retrieved from /Users/noejalabert/airflow_venv/lib/python3.11/site-packages/airflow/example_dags/tutorial_dag.py
[2024-06-07T16:46:34.807+0200] {logging_mixin.py:188} INFO - [2024-06-07T16:46:34.806+0200] {dag.py:3096} INFO - Sync 1 DAGs
[2024-06-07T16:46:34.812+0200] {logging_mixin.py:188} INFO - [2024-06-07T16:46:34.812+0200] {dag.py:3954} INFO - Setting next_dagrun for tutorial_dag to None, run_after=None
[2024-06-07T16:46:34.821+0200] {processor.py:183} INFO - Processing /Users/noejalabert/airflow_venv/lib/python3.11/site-packages/airflow/example_dags/tutorial_dag.py took 0.084 seconds
[2024-06-07T16:48:18.612+0200] {processor.py:161} INFO - Started process (PID=34051) to work on /Users/noejalabert/airflow_venv/lib/python3.11/site-packages/airflow/example_dags/tutorial_dag.py
[2024-06-07T16:48:18.613+0200] {processor.py:830} INFO - Processing file /Users/noejalabert/airflow_venv/lib/python3.11/site-packages/airflow/example_dags/tutorial_dag.py for tasks to queue
[2024-06-07T16:48:18.613+0200] {logging_mixin.py:188} INFO - [2024-06-07T16:48:18.613+0200] {dagbag.py:540} INFO - Filling up the DagBag from /Users/noejalabert/airflow_venv/lib/python3.11/site-packages/airflow/example_dags/tutorial_dag.py
[2024-06-07T16:48:18.628+0200] {processor.py:840} INFO - DAG(s) 'tutorial_dag' retrieved from /Users/noejalabert/airflow_venv/lib/python3.11/site-packages/airflow/example_dags/tutorial_dag.py
[2024-06-07T16:48:18.699+0200] {logging_mixin.py:188} INFO - [2024-06-07T16:48:18.698+0200] {dag.py:3096} INFO - Sync 1 DAGs
[2024-06-07T16:48:18.703+0200] {logging_mixin.py:188} INFO - [2024-06-07T16:48:18.703+0200] {dag.py:3954} INFO - Setting next_dagrun for tutorial_dag to None, run_after=None
[2024-06-07T16:48:18.714+0200] {processor.py:183} INFO - Processing /Users/noejalabert/airflow_venv/lib/python3.11/site-packages/airflow/example_dags/tutorial_dag.py took 0.104 seconds
[2024-06-07T16:50:05.475+0200] {processor.py:161} INFO - Started process (PID=34190) to work on /Users/noejalabert/airflow_venv/lib/python3.11/site-packages/airflow/example_dags/tutorial_dag.py
[2024-06-07T16:50:05.477+0200] {processor.py:830} INFO - Processing file /Users/noejalabert/airflow_venv/lib/python3.11/site-packages/airflow/example_dags/tutorial_dag.py for tasks to queue
[2024-06-07T16:50:05.477+0200] {logging_mixin.py:188} INFO - [2024-06-07T16:50:05.477+0200] {dagbag.py:540} INFO - Filling up the DagBag from /Users/noejalabert/airflow_venv/lib/python3.11/site-packages/airflow/example_dags/tutorial_dag.py
[2024-06-07T16:50:05.490+0200] {processor.py:840} INFO - DAG(s) 'tutorial_dag' retrieved from /Users/noejalabert/airflow_venv/lib/python3.11/site-packages/airflow/example_dags/tutorial_dag.py
[2024-06-07T16:50:05.545+0200] {logging_mixin.py:188} INFO - [2024-06-07T16:50:05.545+0200] {dag.py:3096} INFO - Sync 1 DAGs
[2024-06-07T16:50:05.549+0200] {logging_mixin.py:188} INFO - [2024-06-07T16:50:05.549+0200] {dag.py:3954} INFO - Setting next_dagrun for tutorial_dag to None, run_after=None
[2024-06-07T16:50:05.558+0200] {processor.py:183} INFO - Processing /Users/noejalabert/airflow_venv/lib/python3.11/site-packages/airflow/example_dags/tutorial_dag.py took 0.085 seconds
[2024-06-07T16:51:48.898+0200] {processor.py:161} INFO - Started process (PID=34294) to work on /Users/noejalabert/airflow_venv/lib/python3.11/site-packages/airflow/example_dags/tutorial_dag.py
[2024-06-07T16:51:48.899+0200] {processor.py:830} INFO - Processing file /Users/noejalabert/airflow_venv/lib/python3.11/site-packages/airflow/example_dags/tutorial_dag.py for tasks to queue
[2024-06-07T16:51:48.900+0200] {logging_mixin.py:188} INFO - [2024-06-07T16:51:48.900+0200] {dagbag.py:540} INFO - Filling up the DagBag from /Users/noejalabert/airflow_venv/lib/python3.11/site-packages/airflow/example_dags/tutorial_dag.py
[2024-06-07T16:51:48.913+0200] {processor.py:840} INFO - DAG(s) 'tutorial_dag' retrieved from /Users/noejalabert/airflow_venv/lib/python3.11/site-packages/airflow/example_dags/tutorial_dag.py
[2024-06-07T16:51:48.964+0200] {logging_mixin.py:188} INFO - [2024-06-07T16:51:48.964+0200] {dag.py:3096} INFO - Sync 1 DAGs
[2024-06-07T16:51:48.969+0200] {logging_mixin.py:188} INFO - [2024-06-07T16:51:48.969+0200] {dag.py:3954} INFO - Setting next_dagrun for tutorial_dag to None, run_after=None
[2024-06-07T16:51:48.977+0200] {processor.py:183} INFO - Processing /Users/noejalabert/airflow_venv/lib/python3.11/site-packages/airflow/example_dags/tutorial_dag.py took 0.081 seconds
[2024-06-07T16:53:29.222+0200] {processor.py:161} INFO - Started process (PID=34406) to work on /Users/noejalabert/airflow_venv/lib/python3.11/site-packages/airflow/example_dags/tutorial_dag.py
[2024-06-07T16:53:29.223+0200] {processor.py:830} INFO - Processing file /Users/noejalabert/airflow_venv/lib/python3.11/site-packages/airflow/example_dags/tutorial_dag.py for tasks to queue
[2024-06-07T16:53:29.224+0200] {logging_mixin.py:188} INFO - [2024-06-07T16:53:29.224+0200] {dagbag.py:540} INFO - Filling up the DagBag from /Users/noejalabert/airflow_venv/lib/python3.11/site-packages/airflow/example_dags/tutorial_dag.py
[2024-06-07T16:53:29.236+0200] {processor.py:840} INFO - DAG(s) 'tutorial_dag' retrieved from /Users/noejalabert/airflow_venv/lib/python3.11/site-packages/airflow/example_dags/tutorial_dag.py
[2024-06-07T16:53:29.282+0200] {logging_mixin.py:188} INFO - [2024-06-07T16:53:29.281+0200] {dag.py:3096} INFO - Sync 1 DAGs
[2024-06-07T16:53:29.286+0200] {logging_mixin.py:188} INFO - [2024-06-07T16:53:29.286+0200] {dag.py:3954} INFO - Setting next_dagrun for tutorial_dag to None, run_after=None
[2024-06-07T16:53:29.293+0200] {processor.py:183} INFO - Processing /Users/noejalabert/airflow_venv/lib/python3.11/site-packages/airflow/example_dags/tutorial_dag.py took 0.073 seconds
[2024-06-07T16:55:04.221+0200] {processor.py:161} INFO - Started process (PID=34516) to work on /Users/noejalabert/airflow_venv/lib/python3.11/site-packages/airflow/example_dags/tutorial_dag.py
[2024-06-07T16:55:04.221+0200] {processor.py:830} INFO - Processing file /Users/noejalabert/airflow_venv/lib/python3.11/site-packages/airflow/example_dags/tutorial_dag.py for tasks to queue
[2024-06-07T16:55:04.222+0200] {logging_mixin.py:188} INFO - [2024-06-07T16:55:04.222+0200] {dagbag.py:540} INFO - Filling up the DagBag from /Users/noejalabert/airflow_venv/lib/python3.11/site-packages/airflow/example_dags/tutorial_dag.py
[2024-06-07T16:55:04.234+0200] {processor.py:840} INFO - DAG(s) 'tutorial_dag' retrieved from /Users/noejalabert/airflow_venv/lib/python3.11/site-packages/airflow/example_dags/tutorial_dag.py
[2024-06-07T16:55:04.283+0200] {logging_mixin.py:188} INFO - [2024-06-07T16:55:04.283+0200] {dag.py:3096} INFO - Sync 1 DAGs
[2024-06-07T16:55:04.288+0200] {logging_mixin.py:188} INFO - [2024-06-07T16:55:04.288+0200] {dag.py:3954} INFO - Setting next_dagrun for tutorial_dag to None, run_after=None
[2024-06-07T16:55:04.302+0200] {processor.py:183} INFO - Processing /Users/noejalabert/airflow_venv/lib/python3.11/site-packages/airflow/example_dags/tutorial_dag.py took 0.083 seconds
[2024-06-07T16:56:41.673+0200] {processor.py:161} INFO - Started process (PID=34615) to work on /Users/noejalabert/airflow_venv/lib/python3.11/site-packages/airflow/example_dags/tutorial_dag.py
[2024-06-07T16:56:41.675+0200] {processor.py:830} INFO - Processing file /Users/noejalabert/airflow_venv/lib/python3.11/site-packages/airflow/example_dags/tutorial_dag.py for tasks to queue
[2024-06-07T16:56:41.675+0200] {logging_mixin.py:188} INFO - [2024-06-07T16:56:41.675+0200] {dagbag.py:540} INFO - Filling up the DagBag from /Users/noejalabert/airflow_venv/lib/python3.11/site-packages/airflow/example_dags/tutorial_dag.py
[2024-06-07T16:56:41.687+0200] {processor.py:840} INFO - DAG(s) 'tutorial_dag' retrieved from /Users/noejalabert/airflow_venv/lib/python3.11/site-packages/airflow/example_dags/tutorial_dag.py
[2024-06-07T16:56:41.753+0200] {logging_mixin.py:188} INFO - [2024-06-07T16:56:41.752+0200] {dag.py:3096} INFO - Sync 1 DAGs
[2024-06-07T16:56:41.757+0200] {logging_mixin.py:188} INFO - [2024-06-07T16:56:41.757+0200] {dag.py:3954} INFO - Setting next_dagrun for tutorial_dag to None, run_after=None
[2024-06-07T16:56:41.765+0200] {processor.py:183} INFO - Processing /Users/noejalabert/airflow_venv/lib/python3.11/site-packages/airflow/example_dags/tutorial_dag.py took 0.093 seconds
