[2024-06-07T16:09:27.778+0200] {processor.py:161} INFO - Started process (PID=31657) to work on /Users/noejalabert/airflow_venv/lib/python3.11/site-packages/airflow/example_dags/subdags/subdag.py
[2024-06-07T16:09:27.779+0200] {processor.py:830} INFO - Processing file /Users/noejalabert/airflow_venv/lib/python3.11/site-packages/airflow/example_dags/subdags/subdag.py for tasks to queue
[2024-06-07T16:09:27.779+0200] {logging_mixin.py:188} INFO - [2024-06-07T16:09:27.779+0200] {dagbag.py:540} INFO - Filling up the DagBag from /Users/noejalabert/airflow_venv/lib/python3.11/site-packages/airflow/example_dags/subdags/subdag.py
[2024-06-07T16:09:27.780+0200] {processor.py:842} WARNING - No viable dags retrieved from /Users/noejalabert/airflow_venv/lib/python3.11/site-packages/airflow/example_dags/subdags/subdag.py
[2024-06-07T16:09:27.815+0200] {processor.py:183} INFO - Processing /Users/noejalabert/airflow_venv/lib/python3.11/site-packages/airflow/example_dags/subdags/subdag.py took 0.038 seconds
[2024-06-07T16:11:08.311+0200] {processor.py:161} INFO - Started process (PID=31756) to work on /Users/noejalabert/airflow_venv/lib/python3.11/site-packages/airflow/example_dags/subdags/subdag.py
[2024-06-07T16:11:08.312+0200] {processor.py:830} INFO - Processing file /Users/noejalabert/airflow_venv/lib/python3.11/site-packages/airflow/example_dags/subdags/subdag.py for tasks to queue
[2024-06-07T16:11:08.313+0200] {logging_mixin.py:188} INFO - [2024-06-07T16:11:08.313+0200] {dagbag.py:540} INFO - Filling up the DagBag from /Users/noejalabert/airflow_venv/lib/python3.11/site-packages/airflow/example_dags/subdags/subdag.py
[2024-06-07T16:11:08.314+0200] {processor.py:842} WARNING - No viable dags retrieved from /Users/noejalabert/airflow_venv/lib/python3.11/site-packages/airflow/example_dags/subdags/subdag.py
[2024-06-07T16:11:08.354+0200] {processor.py:183} INFO - Processing /Users/noejalabert/airflow_venv/lib/python3.11/site-packages/airflow/example_dags/subdags/subdag.py took 0.044 seconds
[2024-06-07T16:12:44.870+0200] {processor.py:161} INFO - Started process (PID=31844) to work on /Users/noejalabert/airflow_venv/lib/python3.11/site-packages/airflow/example_dags/subdags/subdag.py
[2024-06-07T16:12:44.871+0200] {processor.py:830} INFO - Processing file /Users/noejalabert/airflow_venv/lib/python3.11/site-packages/airflow/example_dags/subdags/subdag.py for tasks to queue
[2024-06-07T16:12:44.872+0200] {logging_mixin.py:188} INFO - [2024-06-07T16:12:44.872+0200] {dagbag.py:540} INFO - Filling up the DagBag from /Users/noejalabert/airflow_venv/lib/python3.11/site-packages/airflow/example_dags/subdags/subdag.py
[2024-06-07T16:12:44.873+0200] {processor.py:842} WARNING - No viable dags retrieved from /Users/noejalabert/airflow_venv/lib/python3.11/site-packages/airflow/example_dags/subdags/subdag.py
[2024-06-07T16:12:44.909+0200] {processor.py:183} INFO - Processing /Users/noejalabert/airflow_venv/lib/python3.11/site-packages/airflow/example_dags/subdags/subdag.py took 0.040 seconds
[2024-06-07T16:14:16.398+0200] {processor.py:161} INFO - Started process (PID=31933) to work on /Users/noejalabert/airflow_venv/lib/python3.11/site-packages/airflow/example_dags/subdags/subdag.py
[2024-06-07T16:14:16.399+0200] {processor.py:830} INFO - Processing file /Users/noejalabert/airflow_venv/lib/python3.11/site-packages/airflow/example_dags/subdags/subdag.py for tasks to queue
[2024-06-07T16:14:16.399+0200] {logging_mixin.py:188} INFO - [2024-06-07T16:14:16.399+0200] {dagbag.py:540} INFO - Filling up the DagBag from /Users/noejalabert/airflow_venv/lib/python3.11/site-packages/airflow/example_dags/subdags/subdag.py
[2024-06-07T16:14:16.400+0200] {processor.py:842} WARNING - No viable dags retrieved from /Users/noejalabert/airflow_venv/lib/python3.11/site-packages/airflow/example_dags/subdags/subdag.py
[2024-06-07T16:14:16.436+0200] {processor.py:183} INFO - Processing /Users/noejalabert/airflow_venv/lib/python3.11/site-packages/airflow/example_dags/subdags/subdag.py took 0.039 seconds
[2024-06-07T16:15:49.818+0200] {processor.py:161} INFO - Started process (PID=32005) to work on /Users/noejalabert/airflow_venv/lib/python3.11/site-packages/airflow/example_dags/subdags/subdag.py
[2024-06-07T16:15:49.819+0200] {processor.py:830} INFO - Processing file /Users/noejalabert/airflow_venv/lib/python3.11/site-packages/airflow/example_dags/subdags/subdag.py for tasks to queue
[2024-06-07T16:15:49.820+0200] {logging_mixin.py:188} INFO - [2024-06-07T16:15:49.820+0200] {dagbag.py:540} INFO - Filling up the DagBag from /Users/noejalabert/airflow_venv/lib/python3.11/site-packages/airflow/example_dags/subdags/subdag.py
[2024-06-07T16:15:49.821+0200] {processor.py:842} WARNING - No viable dags retrieved from /Users/noejalabert/airflow_venv/lib/python3.11/site-packages/airflow/example_dags/subdags/subdag.py
[2024-06-07T16:15:49.863+0200] {processor.py:183} INFO - Processing /Users/noejalabert/airflow_venv/lib/python3.11/site-packages/airflow/example_dags/subdags/subdag.py took 0.046 seconds
[2024-06-07T16:17:23.072+0200] {processor.py:161} INFO - Started process (PID=32086) to work on /Users/noejalabert/airflow_venv/lib/python3.11/site-packages/airflow/example_dags/subdags/subdag.py
[2024-06-07T16:17:23.073+0200] {processor.py:830} INFO - Processing file /Users/noejalabert/airflow_venv/lib/python3.11/site-packages/airflow/example_dags/subdags/subdag.py for tasks to queue
[2024-06-07T16:17:23.074+0200] {logging_mixin.py:188} INFO - [2024-06-07T16:17:23.074+0200] {dagbag.py:540} INFO - Filling up the DagBag from /Users/noejalabert/airflow_venv/lib/python3.11/site-packages/airflow/example_dags/subdags/subdag.py
[2024-06-07T16:17:23.075+0200] {processor.py:842} WARNING - No viable dags retrieved from /Users/noejalabert/airflow_venv/lib/python3.11/site-packages/airflow/example_dags/subdags/subdag.py
[2024-06-07T16:17:23.115+0200] {processor.py:183} INFO - Processing /Users/noejalabert/airflow_venv/lib/python3.11/site-packages/airflow/example_dags/subdags/subdag.py took 0.045 seconds
[2024-06-07T16:18:55.915+0200] {processor.py:161} INFO - Started process (PID=32167) to work on /Users/noejalabert/airflow_venv/lib/python3.11/site-packages/airflow/example_dags/subdags/subdag.py
[2024-06-07T16:18:55.917+0200] {processor.py:830} INFO - Processing file /Users/noejalabert/airflow_venv/lib/python3.11/site-packages/airflow/example_dags/subdags/subdag.py for tasks to queue
[2024-06-07T16:18:55.917+0200] {logging_mixin.py:188} INFO - [2024-06-07T16:18:55.917+0200] {dagbag.py:540} INFO - Filling up the DagBag from /Users/noejalabert/airflow_venv/lib/python3.11/site-packages/airflow/example_dags/subdags/subdag.py
[2024-06-07T16:18:55.918+0200] {processor.py:842} WARNING - No viable dags retrieved from /Users/noejalabert/airflow_venv/lib/python3.11/site-packages/airflow/example_dags/subdags/subdag.py
[2024-06-07T16:18:55.957+0200] {processor.py:183} INFO - Processing /Users/noejalabert/airflow_venv/lib/python3.11/site-packages/airflow/example_dags/subdags/subdag.py took 0.043 seconds
[2024-06-07T16:20:24.468+0200] {processor.py:161} INFO - Started process (PID=32247) to work on /Users/noejalabert/airflow_venv/lib/python3.11/site-packages/airflow/example_dags/subdags/subdag.py
[2024-06-07T16:20:24.469+0200] {processor.py:830} INFO - Processing file /Users/noejalabert/airflow_venv/lib/python3.11/site-packages/airflow/example_dags/subdags/subdag.py for tasks to queue
[2024-06-07T16:20:24.469+0200] {logging_mixin.py:188} INFO - [2024-06-07T16:20:24.469+0200] {dagbag.py:540} INFO - Filling up the DagBag from /Users/noejalabert/airflow_venv/lib/python3.11/site-packages/airflow/example_dags/subdags/subdag.py
[2024-06-07T16:20:24.470+0200] {processor.py:842} WARNING - No viable dags retrieved from /Users/noejalabert/airflow_venv/lib/python3.11/site-packages/airflow/example_dags/subdags/subdag.py
[2024-06-07T16:20:24.508+0200] {processor.py:183} INFO - Processing /Users/noejalabert/airflow_venv/lib/python3.11/site-packages/airflow/example_dags/subdags/subdag.py took 0.042 seconds
[2024-06-07T16:21:56.938+0200] {processor.py:161} INFO - Started process (PID=32327) to work on /Users/noejalabert/airflow_venv/lib/python3.11/site-packages/airflow/example_dags/subdags/subdag.py
[2024-06-07T16:21:56.939+0200] {processor.py:830} INFO - Processing file /Users/noejalabert/airflow_venv/lib/python3.11/site-packages/airflow/example_dags/subdags/subdag.py for tasks to queue
[2024-06-07T16:21:56.940+0200] {logging_mixin.py:188} INFO - [2024-06-07T16:21:56.939+0200] {dagbag.py:540} INFO - Filling up the DagBag from /Users/noejalabert/airflow_venv/lib/python3.11/site-packages/airflow/example_dags/subdags/subdag.py
[2024-06-07T16:21:56.941+0200] {processor.py:842} WARNING - No viable dags retrieved from /Users/noejalabert/airflow_venv/lib/python3.11/site-packages/airflow/example_dags/subdags/subdag.py
[2024-06-07T16:21:56.976+0200] {processor.py:183} INFO - Processing /Users/noejalabert/airflow_venv/lib/python3.11/site-packages/airflow/example_dags/subdags/subdag.py took 0.039 seconds
[2024-06-07T16:23:34.184+0200] {processor.py:161} INFO - Started process (PID=32410) to work on /Users/noejalabert/airflow_venv/lib/python3.11/site-packages/airflow/example_dags/subdags/subdag.py
[2024-06-07T16:23:34.185+0200] {processor.py:830} INFO - Processing file /Users/noejalabert/airflow_venv/lib/python3.11/site-packages/airflow/example_dags/subdags/subdag.py for tasks to queue
[2024-06-07T16:23:34.186+0200] {logging_mixin.py:188} INFO - [2024-06-07T16:23:34.185+0200] {dagbag.py:540} INFO - Filling up the DagBag from /Users/noejalabert/airflow_venv/lib/python3.11/site-packages/airflow/example_dags/subdags/subdag.py
[2024-06-07T16:23:34.187+0200] {processor.py:842} WARNING - No viable dags retrieved from /Users/noejalabert/airflow_venv/lib/python3.11/site-packages/airflow/example_dags/subdags/subdag.py
[2024-06-07T16:23:34.223+0200] {processor.py:183} INFO - Processing /Users/noejalabert/airflow_venv/lib/python3.11/site-packages/airflow/example_dags/subdags/subdag.py took 0.040 seconds
[2024-06-07T16:25:07.375+0200] {processor.py:161} INFO - Started process (PID=32479) to work on /Users/noejalabert/airflow_venv/lib/python3.11/site-packages/airflow/example_dags/subdags/subdag.py
[2024-06-07T16:25:07.376+0200] {processor.py:830} INFO - Processing file /Users/noejalabert/airflow_venv/lib/python3.11/site-packages/airflow/example_dags/subdags/subdag.py for tasks to queue
[2024-06-07T16:25:07.376+0200] {logging_mixin.py:188} INFO - [2024-06-07T16:25:07.376+0200] {dagbag.py:540} INFO - Filling up the DagBag from /Users/noejalabert/airflow_venv/lib/python3.11/site-packages/airflow/example_dags/subdags/subdag.py
[2024-06-07T16:25:07.377+0200] {processor.py:842} WARNING - No viable dags retrieved from /Users/noejalabert/airflow_venv/lib/python3.11/site-packages/airflow/example_dags/subdags/subdag.py
[2024-06-07T16:25:07.412+0200] {processor.py:183} INFO - Processing /Users/noejalabert/airflow_venv/lib/python3.11/site-packages/airflow/example_dags/subdags/subdag.py took 0.038 seconds
[2024-06-07T16:26:40.018+0200] {processor.py:161} INFO - Started process (PID=32654) to work on /Users/noejalabert/airflow_venv/lib/python3.11/site-packages/airflow/example_dags/subdags/subdag.py
[2024-06-07T16:26:40.020+0200] {processor.py:830} INFO - Processing file /Users/noejalabert/airflow_venv/lib/python3.11/site-packages/airflow/example_dags/subdags/subdag.py for tasks to queue
[2024-06-07T16:26:40.020+0200] {logging_mixin.py:188} INFO - [2024-06-07T16:26:40.020+0200] {dagbag.py:540} INFO - Filling up the DagBag from /Users/noejalabert/airflow_venv/lib/python3.11/site-packages/airflow/example_dags/subdags/subdag.py
[2024-06-07T16:26:40.021+0200] {processor.py:842} WARNING - No viable dags retrieved from /Users/noejalabert/airflow_venv/lib/python3.11/site-packages/airflow/example_dags/subdags/subdag.py
[2024-06-07T16:26:40.059+0200] {processor.py:183} INFO - Processing /Users/noejalabert/airflow_venv/lib/python3.11/site-packages/airflow/example_dags/subdags/subdag.py took 0.042 seconds
[2024-06-07T16:28:07.111+0200] {processor.py:161} INFO - Started process (PID=32733) to work on /Users/noejalabert/airflow_venv/lib/python3.11/site-packages/airflow/example_dags/subdags/subdag.py
[2024-06-07T16:28:07.112+0200] {processor.py:830} INFO - Processing file /Users/noejalabert/airflow_venv/lib/python3.11/site-packages/airflow/example_dags/subdags/subdag.py for tasks to queue
[2024-06-07T16:28:07.112+0200] {logging_mixin.py:188} INFO - [2024-06-07T16:28:07.112+0200] {dagbag.py:540} INFO - Filling up the DagBag from /Users/noejalabert/airflow_venv/lib/python3.11/site-packages/airflow/example_dags/subdags/subdag.py
[2024-06-07T16:28:07.113+0200] {processor.py:842} WARNING - No viable dags retrieved from /Users/noejalabert/airflow_venv/lib/python3.11/site-packages/airflow/example_dags/subdags/subdag.py
[2024-06-07T16:28:07.148+0200] {processor.py:183} INFO - Processing /Users/noejalabert/airflow_venv/lib/python3.11/site-packages/airflow/example_dags/subdags/subdag.py took 0.039 seconds
[2024-06-07T16:29:40.607+0200] {processor.py:161} INFO - Started process (PID=32817) to work on /Users/noejalabert/airflow_venv/lib/python3.11/site-packages/airflow/example_dags/subdags/subdag.py
[2024-06-07T16:29:40.608+0200] {processor.py:830} INFO - Processing file /Users/noejalabert/airflow_venv/lib/python3.11/site-packages/airflow/example_dags/subdags/subdag.py for tasks to queue
[2024-06-07T16:29:40.608+0200] {logging_mixin.py:188} INFO - [2024-06-07T16:29:40.608+0200] {dagbag.py:540} INFO - Filling up the DagBag from /Users/noejalabert/airflow_venv/lib/python3.11/site-packages/airflow/example_dags/subdags/subdag.py
[2024-06-07T16:29:40.609+0200] {processor.py:842} WARNING - No viable dags retrieved from /Users/noejalabert/airflow_venv/lib/python3.11/site-packages/airflow/example_dags/subdags/subdag.py
[2024-06-07T16:29:40.644+0200] {processor.py:183} INFO - Processing /Users/noejalabert/airflow_venv/lib/python3.11/site-packages/airflow/example_dags/subdags/subdag.py took 0.038 seconds
[2024-06-07T16:31:15.046+0200] {processor.py:161} INFO - Started process (PID=32909) to work on /Users/noejalabert/airflow_venv/lib/python3.11/site-packages/airflow/example_dags/subdags/subdag.py
[2024-06-07T16:31:15.047+0200] {processor.py:830} INFO - Processing file /Users/noejalabert/airflow_venv/lib/python3.11/site-packages/airflow/example_dags/subdags/subdag.py for tasks to queue
[2024-06-07T16:31:15.047+0200] {logging_mixin.py:188} INFO - [2024-06-07T16:31:15.047+0200] {dagbag.py:540} INFO - Filling up the DagBag from /Users/noejalabert/airflow_venv/lib/python3.11/site-packages/airflow/example_dags/subdags/subdag.py
[2024-06-07T16:31:15.048+0200] {processor.py:842} WARNING - No viable dags retrieved from /Users/noejalabert/airflow_venv/lib/python3.11/site-packages/airflow/example_dags/subdags/subdag.py
[2024-06-07T16:31:15.084+0200] {processor.py:183} INFO - Processing /Users/noejalabert/airflow_venv/lib/python3.11/site-packages/airflow/example_dags/subdags/subdag.py took 0.039 seconds
[2024-06-07T16:32:46.024+0200] {processor.py:161} INFO - Started process (PID=32985) to work on /Users/noejalabert/airflow_venv/lib/python3.11/site-packages/airflow/example_dags/subdags/subdag.py
[2024-06-07T16:32:46.025+0200] {processor.py:830} INFO - Processing file /Users/noejalabert/airflow_venv/lib/python3.11/site-packages/airflow/example_dags/subdags/subdag.py for tasks to queue
[2024-06-07T16:32:46.026+0200] {logging_mixin.py:188} INFO - [2024-06-07T16:32:46.025+0200] {dagbag.py:540} INFO - Filling up the DagBag from /Users/noejalabert/airflow_venv/lib/python3.11/site-packages/airflow/example_dags/subdags/subdag.py
[2024-06-07T16:32:46.027+0200] {processor.py:842} WARNING - No viable dags retrieved from /Users/noejalabert/airflow_venv/lib/python3.11/site-packages/airflow/example_dags/subdags/subdag.py
[2024-06-07T16:32:46.062+0200] {processor.py:183} INFO - Processing /Users/noejalabert/airflow_venv/lib/python3.11/site-packages/airflow/example_dags/subdags/subdag.py took 0.039 seconds
[2024-06-07T16:34:23.956+0200] {processor.py:161} INFO - Started process (PID=33072) to work on /Users/noejalabert/airflow_venv/lib/python3.11/site-packages/airflow/example_dags/subdags/subdag.py
[2024-06-07T16:34:23.957+0200] {processor.py:830} INFO - Processing file /Users/noejalabert/airflow_venv/lib/python3.11/site-packages/airflow/example_dags/subdags/subdag.py for tasks to queue
[2024-06-07T16:34:23.958+0200] {logging_mixin.py:188} INFO - [2024-06-07T16:34:23.958+0200] {dagbag.py:540} INFO - Filling up the DagBag from /Users/noejalabert/airflow_venv/lib/python3.11/site-packages/airflow/example_dags/subdags/subdag.py
[2024-06-07T16:34:23.959+0200] {processor.py:842} WARNING - No viable dags retrieved from /Users/noejalabert/airflow_venv/lib/python3.11/site-packages/airflow/example_dags/subdags/subdag.py
[2024-06-07T16:34:24.115+0200] {processor.py:183} INFO - Processing /Users/noejalabert/airflow_venv/lib/python3.11/site-packages/airflow/example_dags/subdags/subdag.py took 0.160 seconds
[2024-06-07T16:36:11.786+0200] {processor.py:161} INFO - Started process (PID=33220) to work on /Users/noejalabert/airflow_venv/lib/python3.11/site-packages/airflow/example_dags/subdags/subdag.py
[2024-06-07T16:36:11.787+0200] {processor.py:830} INFO - Processing file /Users/noejalabert/airflow_venv/lib/python3.11/site-packages/airflow/example_dags/subdags/subdag.py for tasks to queue
[2024-06-07T16:36:11.788+0200] {logging_mixin.py:188} INFO - [2024-06-07T16:36:11.788+0200] {dagbag.py:540} INFO - Filling up the DagBag from /Users/noejalabert/airflow_venv/lib/python3.11/site-packages/airflow/example_dags/subdags/subdag.py
[2024-06-07T16:36:11.792+0200] {processor.py:842} WARNING - No viable dags retrieved from /Users/noejalabert/airflow_venv/lib/python3.11/site-packages/airflow/example_dags/subdags/subdag.py
[2024-06-07T16:36:11.915+0200] {processor.py:183} INFO - Processing /Users/noejalabert/airflow_venv/lib/python3.11/site-packages/airflow/example_dags/subdags/subdag.py took 0.138 seconds
[2024-06-07T16:37:54.736+0200] {processor.py:161} INFO - Started process (PID=33343) to work on /Users/noejalabert/airflow_venv/lib/python3.11/site-packages/airflow/example_dags/subdags/subdag.py
[2024-06-07T16:37:54.736+0200] {processor.py:830} INFO - Processing file /Users/noejalabert/airflow_venv/lib/python3.11/site-packages/airflow/example_dags/subdags/subdag.py for tasks to queue
[2024-06-07T16:37:54.737+0200] {logging_mixin.py:188} INFO - [2024-06-07T16:37:54.737+0200] {dagbag.py:540} INFO - Filling up the DagBag from /Users/noejalabert/airflow_venv/lib/python3.11/site-packages/airflow/example_dags/subdags/subdag.py
[2024-06-07T16:37:54.738+0200] {processor.py:842} WARNING - No viable dags retrieved from /Users/noejalabert/airflow_venv/lib/python3.11/site-packages/airflow/example_dags/subdags/subdag.py
[2024-06-07T16:37:54.778+0200] {processor.py:183} INFO - Processing /Users/noejalabert/airflow_venv/lib/python3.11/site-packages/airflow/example_dags/subdags/subdag.py took 0.044 seconds
[2024-06-07T16:39:34.186+0200] {processor.py:161} INFO - Started process (PID=33443) to work on /Users/noejalabert/airflow_venv/lib/python3.11/site-packages/airflow/example_dags/subdags/subdag.py
[2024-06-07T16:39:34.187+0200] {processor.py:830} INFO - Processing file /Users/noejalabert/airflow_venv/lib/python3.11/site-packages/airflow/example_dags/subdags/subdag.py for tasks to queue
[2024-06-07T16:39:34.188+0200] {logging_mixin.py:188} INFO - [2024-06-07T16:39:34.187+0200] {dagbag.py:540} INFO - Filling up the DagBag from /Users/noejalabert/airflow_venv/lib/python3.11/site-packages/airflow/example_dags/subdags/subdag.py
[2024-06-07T16:39:34.189+0200] {processor.py:842} WARNING - No viable dags retrieved from /Users/noejalabert/airflow_venv/lib/python3.11/site-packages/airflow/example_dags/subdags/subdag.py
[2024-06-07T16:39:34.229+0200] {processor.py:183} INFO - Processing /Users/noejalabert/airflow_venv/lib/python3.11/site-packages/airflow/example_dags/subdags/subdag.py took 0.045 seconds
[2024-06-07T16:41:14.840+0200] {processor.py:161} INFO - Started process (PID=33558) to work on /Users/noejalabert/airflow_venv/lib/python3.11/site-packages/airflow/example_dags/subdags/subdag.py
[2024-06-07T16:41:14.841+0200] {processor.py:830} INFO - Processing file /Users/noejalabert/airflow_venv/lib/python3.11/site-packages/airflow/example_dags/subdags/subdag.py for tasks to queue
[2024-06-07T16:41:14.842+0200] {logging_mixin.py:188} INFO - [2024-06-07T16:41:14.842+0200] {dagbag.py:540} INFO - Filling up the DagBag from /Users/noejalabert/airflow_venv/lib/python3.11/site-packages/airflow/example_dags/subdags/subdag.py
[2024-06-07T16:41:14.843+0200] {processor.py:842} WARNING - No viable dags retrieved from /Users/noejalabert/airflow_venv/lib/python3.11/site-packages/airflow/example_dags/subdags/subdag.py
[2024-06-07T16:41:14.881+0200] {processor.py:183} INFO - Processing /Users/noejalabert/airflow_venv/lib/python3.11/site-packages/airflow/example_dags/subdags/subdag.py took 0.043 seconds
[2024-06-07T16:42:56.713+0200] {processor.py:161} INFO - Started process (PID=33692) to work on /Users/noejalabert/airflow_venv/lib/python3.11/site-packages/airflow/example_dags/subdags/subdag.py
[2024-06-07T16:42:56.714+0200] {processor.py:830} INFO - Processing file /Users/noejalabert/airflow_venv/lib/python3.11/site-packages/airflow/example_dags/subdags/subdag.py for tasks to queue
[2024-06-07T16:42:56.715+0200] {logging_mixin.py:188} INFO - [2024-06-07T16:42:56.715+0200] {dagbag.py:540} INFO - Filling up the DagBag from /Users/noejalabert/airflow_venv/lib/python3.11/site-packages/airflow/example_dags/subdags/subdag.py
[2024-06-07T16:42:56.717+0200] {processor.py:842} WARNING - No viable dags retrieved from /Users/noejalabert/airflow_venv/lib/python3.11/site-packages/airflow/example_dags/subdags/subdag.py
[2024-06-07T16:42:56.755+0200] {processor.py:183} INFO - Processing /Users/noejalabert/airflow_venv/lib/python3.11/site-packages/airflow/example_dags/subdags/subdag.py took 0.044 seconds
[2024-06-07T16:44:35.056+0200] {processor.py:161} INFO - Started process (PID=33793) to work on /Users/noejalabert/airflow_venv/lib/python3.11/site-packages/airflow/example_dags/subdags/subdag.py
[2024-06-07T16:44:35.057+0200] {processor.py:830} INFO - Processing file /Users/noejalabert/airflow_venv/lib/python3.11/site-packages/airflow/example_dags/subdags/subdag.py for tasks to queue
[2024-06-07T16:44:35.057+0200] {logging_mixin.py:188} INFO - [2024-06-07T16:44:35.057+0200] {dagbag.py:540} INFO - Filling up the DagBag from /Users/noejalabert/airflow_venv/lib/python3.11/site-packages/airflow/example_dags/subdags/subdag.py
[2024-06-07T16:44:35.059+0200] {processor.py:842} WARNING - No viable dags retrieved from /Users/noejalabert/airflow_venv/lib/python3.11/site-packages/airflow/example_dags/subdags/subdag.py
[2024-06-07T16:44:35.099+0200] {processor.py:183} INFO - Processing /Users/noejalabert/airflow_venv/lib/python3.11/site-packages/airflow/example_dags/subdags/subdag.py took 0.044 seconds
[2024-06-07T16:46:18.610+0200] {processor.py:161} INFO - Started process (PID=33915) to work on /Users/noejalabert/airflow_venv/lib/python3.11/site-packages/airflow/example_dags/subdags/subdag.py
[2024-06-07T16:46:18.612+0200] {processor.py:830} INFO - Processing file /Users/noejalabert/airflow_venv/lib/python3.11/site-packages/airflow/example_dags/subdags/subdag.py for tasks to queue
[2024-06-07T16:46:18.612+0200] {logging_mixin.py:188} INFO - [2024-06-07T16:46:18.612+0200] {dagbag.py:540} INFO - Filling up the DagBag from /Users/noejalabert/airflow_venv/lib/python3.11/site-packages/airflow/example_dags/subdags/subdag.py
[2024-06-07T16:46:18.614+0200] {processor.py:842} WARNING - No viable dags retrieved from /Users/noejalabert/airflow_venv/lib/python3.11/site-packages/airflow/example_dags/subdags/subdag.py
[2024-06-07T16:46:18.654+0200] {processor.py:183} INFO - Processing /Users/noejalabert/airflow_venv/lib/python3.11/site-packages/airflow/example_dags/subdags/subdag.py took 0.045 seconds
[2024-06-07T16:48:02.055+0200] {processor.py:161} INFO - Started process (PID=34022) to work on /Users/noejalabert/airflow_venv/lib/python3.11/site-packages/airflow/example_dags/subdags/subdag.py
[2024-06-07T16:48:02.056+0200] {processor.py:830} INFO - Processing file /Users/noejalabert/airflow_venv/lib/python3.11/site-packages/airflow/example_dags/subdags/subdag.py for tasks to queue
[2024-06-07T16:48:02.057+0200] {logging_mixin.py:188} INFO - [2024-06-07T16:48:02.057+0200] {dagbag.py:540} INFO - Filling up the DagBag from /Users/noejalabert/airflow_venv/lib/python3.11/site-packages/airflow/example_dags/subdags/subdag.py
[2024-06-07T16:48:02.058+0200] {processor.py:842} WARNING - No viable dags retrieved from /Users/noejalabert/airflow_venv/lib/python3.11/site-packages/airflow/example_dags/subdags/subdag.py
[2024-06-07T16:48:02.104+0200] {processor.py:183} INFO - Processing /Users/noejalabert/airflow_venv/lib/python3.11/site-packages/airflow/example_dags/subdags/subdag.py took 0.051 seconds
[2024-06-07T16:49:48.936+0200] {processor.py:161} INFO - Started process (PID=34177) to work on /Users/noejalabert/airflow_venv/lib/python3.11/site-packages/airflow/example_dags/subdags/subdag.py
[2024-06-07T16:49:48.937+0200] {processor.py:830} INFO - Processing file /Users/noejalabert/airflow_venv/lib/python3.11/site-packages/airflow/example_dags/subdags/subdag.py for tasks to queue
[2024-06-07T16:49:48.938+0200] {logging_mixin.py:188} INFO - [2024-06-07T16:49:48.937+0200] {dagbag.py:540} INFO - Filling up the DagBag from /Users/noejalabert/airflow_venv/lib/python3.11/site-packages/airflow/example_dags/subdags/subdag.py
[2024-06-07T16:49:48.939+0200] {processor.py:842} WARNING - No viable dags retrieved from /Users/noejalabert/airflow_venv/lib/python3.11/site-packages/airflow/example_dags/subdags/subdag.py
[2024-06-07T16:49:48.979+0200] {processor.py:183} INFO - Processing /Users/noejalabert/airflow_venv/lib/python3.11/site-packages/airflow/example_dags/subdags/subdag.py took 0.045 seconds
[2024-06-07T16:51:34.546+0200] {processor.py:161} INFO - Started process (PID=34278) to work on /Users/noejalabert/airflow_venv/lib/python3.11/site-packages/airflow/example_dags/subdags/subdag.py
[2024-06-07T16:51:34.548+0200] {processor.py:830} INFO - Processing file /Users/noejalabert/airflow_venv/lib/python3.11/site-packages/airflow/example_dags/subdags/subdag.py for tasks to queue
[2024-06-07T16:51:34.548+0200] {logging_mixin.py:188} INFO - [2024-06-07T16:51:34.548+0200] {dagbag.py:540} INFO - Filling up the DagBag from /Users/noejalabert/airflow_venv/lib/python3.11/site-packages/airflow/example_dags/subdags/subdag.py
[2024-06-07T16:51:34.550+0200] {processor.py:842} WARNING - No viable dags retrieved from /Users/noejalabert/airflow_venv/lib/python3.11/site-packages/airflow/example_dags/subdags/subdag.py
[2024-06-07T16:51:34.588+0200] {processor.py:183} INFO - Processing /Users/noejalabert/airflow_venv/lib/python3.11/site-packages/airflow/example_dags/subdags/subdag.py took 0.043 seconds
[2024-06-07T16:53:14.884+0200] {processor.py:161} INFO - Started process (PID=34380) to work on /Users/noejalabert/airflow_venv/lib/python3.11/site-packages/airflow/example_dags/subdags/subdag.py
[2024-06-07T16:53:14.885+0200] {processor.py:830} INFO - Processing file /Users/noejalabert/airflow_venv/lib/python3.11/site-packages/airflow/example_dags/subdags/subdag.py for tasks to queue
[2024-06-07T16:53:14.885+0200] {logging_mixin.py:188} INFO - [2024-06-07T16:53:14.885+0200] {dagbag.py:540} INFO - Filling up the DagBag from /Users/noejalabert/airflow_venv/lib/python3.11/site-packages/airflow/example_dags/subdags/subdag.py
[2024-06-07T16:53:14.886+0200] {processor.py:842} WARNING - No viable dags retrieved from /Users/noejalabert/airflow_venv/lib/python3.11/site-packages/airflow/example_dags/subdags/subdag.py
[2024-06-07T16:53:14.922+0200] {processor.py:183} INFO - Processing /Users/noejalabert/airflow_venv/lib/python3.11/site-packages/airflow/example_dags/subdags/subdag.py took 0.040 seconds
[2024-06-07T16:54:51.419+0200] {processor.py:161} INFO - Started process (PID=34494) to work on /Users/noejalabert/airflow_venv/lib/python3.11/site-packages/airflow/example_dags/subdags/subdag.py
[2024-06-07T16:54:51.420+0200] {processor.py:830} INFO - Processing file /Users/noejalabert/airflow_venv/lib/python3.11/site-packages/airflow/example_dags/subdags/subdag.py for tasks to queue
[2024-06-07T16:54:51.420+0200] {logging_mixin.py:188} INFO - [2024-06-07T16:54:51.420+0200] {dagbag.py:540} INFO - Filling up the DagBag from /Users/noejalabert/airflow_venv/lib/python3.11/site-packages/airflow/example_dags/subdags/subdag.py
[2024-06-07T16:54:51.421+0200] {processor.py:842} WARNING - No viable dags retrieved from /Users/noejalabert/airflow_venv/lib/python3.11/site-packages/airflow/example_dags/subdags/subdag.py
[2024-06-07T16:54:51.457+0200] {processor.py:183} INFO - Processing /Users/noejalabert/airflow_venv/lib/python3.11/site-packages/airflow/example_dags/subdags/subdag.py took 0.039 seconds
[2024-06-07T16:56:26.946+0200] {processor.py:161} INFO - Started process (PID=34603) to work on /Users/noejalabert/airflow_venv/lib/python3.11/site-packages/airflow/example_dags/subdags/subdag.py
[2024-06-07T16:56:26.947+0200] {processor.py:830} INFO - Processing file /Users/noejalabert/airflow_venv/lib/python3.11/site-packages/airflow/example_dags/subdags/subdag.py for tasks to queue
[2024-06-07T16:56:26.947+0200] {logging_mixin.py:188} INFO - [2024-06-07T16:56:26.947+0200] {dagbag.py:540} INFO - Filling up the DagBag from /Users/noejalabert/airflow_venv/lib/python3.11/site-packages/airflow/example_dags/subdags/subdag.py
[2024-06-07T16:56:26.949+0200] {processor.py:842} WARNING - No viable dags retrieved from /Users/noejalabert/airflow_venv/lib/python3.11/site-packages/airflow/example_dags/subdags/subdag.py
[2024-06-07T16:56:26.983+0200] {processor.py:183} INFO - Processing /Users/noejalabert/airflow_venv/lib/python3.11/site-packages/airflow/example_dags/subdags/subdag.py took 0.039 seconds
[2024-06-07T16:58:02.484+0200] {processor.py:161} INFO - Started process (PID=34918) to work on /Users/noejalabert/airflow_venv/lib/python3.11/site-packages/airflow/example_dags/subdags/subdag.py
[2024-06-07T16:58:02.485+0200] {processor.py:830} INFO - Processing file /Users/noejalabert/airflow_venv/lib/python3.11/site-packages/airflow/example_dags/subdags/subdag.py for tasks to queue
[2024-06-07T16:58:02.485+0200] {logging_mixin.py:188} INFO - [2024-06-07T16:58:02.485+0200] {dagbag.py:540} INFO - Filling up the DagBag from /Users/noejalabert/airflow_venv/lib/python3.11/site-packages/airflow/example_dags/subdags/subdag.py
[2024-06-07T16:58:02.487+0200] {processor.py:842} WARNING - No viable dags retrieved from /Users/noejalabert/airflow_venv/lib/python3.11/site-packages/airflow/example_dags/subdags/subdag.py
[2024-06-07T16:58:02.524+0200] {processor.py:183} INFO - Processing /Users/noejalabert/airflow_venv/lib/python3.11/site-packages/airflow/example_dags/subdags/subdag.py took 0.042 seconds
[2024-06-07T16:59:39.599+0200] {processor.py:161} INFO - Started process (PID=35069) to work on /Users/noejalabert/airflow_venv/lib/python3.11/site-packages/airflow/example_dags/subdags/subdag.py
[2024-06-07T16:59:39.600+0200] {processor.py:830} INFO - Processing file /Users/noejalabert/airflow_venv/lib/python3.11/site-packages/airflow/example_dags/subdags/subdag.py for tasks to queue
[2024-06-07T16:59:39.600+0200] {logging_mixin.py:188} INFO - [2024-06-07T16:59:39.600+0200] {dagbag.py:540} INFO - Filling up the DagBag from /Users/noejalabert/airflow_venv/lib/python3.11/site-packages/airflow/example_dags/subdags/subdag.py
[2024-06-07T16:59:39.601+0200] {processor.py:842} WARNING - No viable dags retrieved from /Users/noejalabert/airflow_venv/lib/python3.11/site-packages/airflow/example_dags/subdags/subdag.py
[2024-06-07T16:59:39.636+0200] {processor.py:183} INFO - Processing /Users/noejalabert/airflow_venv/lib/python3.11/site-packages/airflow/example_dags/subdags/subdag.py took 0.039 seconds
[2024-06-07T17:01:15.398+0200] {processor.py:161} INFO - Started process (PID=35170) to work on /Users/noejalabert/airflow_venv/lib/python3.11/site-packages/airflow/example_dags/subdags/subdag.py
[2024-06-07T17:01:15.399+0200] {processor.py:830} INFO - Processing file /Users/noejalabert/airflow_venv/lib/python3.11/site-packages/airflow/example_dags/subdags/subdag.py for tasks to queue
[2024-06-07T17:01:15.399+0200] {logging_mixin.py:188} INFO - [2024-06-07T17:01:15.399+0200] {dagbag.py:540} INFO - Filling up the DagBag from /Users/noejalabert/airflow_venv/lib/python3.11/site-packages/airflow/example_dags/subdags/subdag.py
[2024-06-07T17:01:15.401+0200] {processor.py:842} WARNING - No viable dags retrieved from /Users/noejalabert/airflow_venv/lib/python3.11/site-packages/airflow/example_dags/subdags/subdag.py
[2024-06-07T17:01:15.436+0200] {processor.py:183} INFO - Processing /Users/noejalabert/airflow_venv/lib/python3.11/site-packages/airflow/example_dags/subdags/subdag.py took 0.039 seconds
[2024-06-07T17:02:51.738+0200] {processor.py:161} INFO - Started process (PID=35276) to work on /Users/noejalabert/airflow_venv/lib/python3.11/site-packages/airflow/example_dags/subdags/subdag.py
[2024-06-07T17:02:51.739+0200] {processor.py:830} INFO - Processing file /Users/noejalabert/airflow_venv/lib/python3.11/site-packages/airflow/example_dags/subdags/subdag.py for tasks to queue
[2024-06-07T17:02:51.740+0200] {logging_mixin.py:188} INFO - [2024-06-07T17:02:51.740+0200] {dagbag.py:540} INFO - Filling up the DagBag from /Users/noejalabert/airflow_venv/lib/python3.11/site-packages/airflow/example_dags/subdags/subdag.py
[2024-06-07T17:02:51.741+0200] {processor.py:842} WARNING - No viable dags retrieved from /Users/noejalabert/airflow_venv/lib/python3.11/site-packages/airflow/example_dags/subdags/subdag.py
[2024-06-07T17:02:51.776+0200] {processor.py:183} INFO - Processing /Users/noejalabert/airflow_venv/lib/python3.11/site-packages/airflow/example_dags/subdags/subdag.py took 0.039 seconds
[2024-06-07T17:04:32.325+0200] {processor.py:161} INFO - Started process (PID=35410) to work on /Users/noejalabert/airflow_venv/lib/python3.11/site-packages/airflow/example_dags/subdags/subdag.py
[2024-06-07T17:04:32.326+0200] {processor.py:830} INFO - Processing file /Users/noejalabert/airflow_venv/lib/python3.11/site-packages/airflow/example_dags/subdags/subdag.py for tasks to queue
[2024-06-07T17:04:32.326+0200] {logging_mixin.py:188} INFO - [2024-06-07T17:04:32.326+0200] {dagbag.py:540} INFO - Filling up the DagBag from /Users/noejalabert/airflow_venv/lib/python3.11/site-packages/airflow/example_dags/subdags/subdag.py
[2024-06-07T17:04:32.327+0200] {processor.py:842} WARNING - No viable dags retrieved from /Users/noejalabert/airflow_venv/lib/python3.11/site-packages/airflow/example_dags/subdags/subdag.py
[2024-06-07T17:04:32.363+0200] {processor.py:183} INFO - Processing /Users/noejalabert/airflow_venv/lib/python3.11/site-packages/airflow/example_dags/subdags/subdag.py took 0.040 seconds
[2024-06-07T17:06:07.701+0200] {processor.py:161} INFO - Started process (PID=35513) to work on /Users/noejalabert/airflow_venv/lib/python3.11/site-packages/airflow/example_dags/subdags/subdag.py
[2024-06-07T17:06:07.701+0200] {processor.py:830} INFO - Processing file /Users/noejalabert/airflow_venv/lib/python3.11/site-packages/airflow/example_dags/subdags/subdag.py for tasks to queue
[2024-06-07T17:06:07.702+0200] {logging_mixin.py:188} INFO - [2024-06-07T17:06:07.701+0200] {dagbag.py:540} INFO - Filling up the DagBag from /Users/noejalabert/airflow_venv/lib/python3.11/site-packages/airflow/example_dags/subdags/subdag.py
[2024-06-07T17:06:07.703+0200] {processor.py:842} WARNING - No viable dags retrieved from /Users/noejalabert/airflow_venv/lib/python3.11/site-packages/airflow/example_dags/subdags/subdag.py
[2024-06-07T17:06:07.739+0200] {processor.py:183} INFO - Processing /Users/noejalabert/airflow_venv/lib/python3.11/site-packages/airflow/example_dags/subdags/subdag.py took 0.039 seconds
[2024-06-07T17:07:45.278+0200] {processor.py:161} INFO - Started process (PID=35625) to work on /Users/noejalabert/airflow_venv/lib/python3.11/site-packages/airflow/example_dags/subdags/subdag.py
[2024-06-07T17:07:45.280+0200] {processor.py:830} INFO - Processing file /Users/noejalabert/airflow_venv/lib/python3.11/site-packages/airflow/example_dags/subdags/subdag.py for tasks to queue
[2024-06-07T17:07:45.280+0200] {logging_mixin.py:188} INFO - [2024-06-07T17:07:45.280+0200] {dagbag.py:540} INFO - Filling up the DagBag from /Users/noejalabert/airflow_venv/lib/python3.11/site-packages/airflow/example_dags/subdags/subdag.py
[2024-06-07T17:07:45.281+0200] {processor.py:842} WARNING - No viable dags retrieved from /Users/noejalabert/airflow_venv/lib/python3.11/site-packages/airflow/example_dags/subdags/subdag.py
[2024-06-07T17:07:45.318+0200] {processor.py:183} INFO - Processing /Users/noejalabert/airflow_venv/lib/python3.11/site-packages/airflow/example_dags/subdags/subdag.py took 0.041 seconds
[2024-06-07T17:09:21.155+0200] {processor.py:161} INFO - Started process (PID=35723) to work on /Users/noejalabert/airflow_venv/lib/python3.11/site-packages/airflow/example_dags/subdags/subdag.py
[2024-06-07T17:09:21.156+0200] {processor.py:830} INFO - Processing file /Users/noejalabert/airflow_venv/lib/python3.11/site-packages/airflow/example_dags/subdags/subdag.py for tasks to queue
[2024-06-07T17:09:21.156+0200] {logging_mixin.py:188} INFO - [2024-06-07T17:09:21.156+0200] {dagbag.py:540} INFO - Filling up the DagBag from /Users/noejalabert/airflow_venv/lib/python3.11/site-packages/airflow/example_dags/subdags/subdag.py
[2024-06-07T17:09:21.157+0200] {processor.py:842} WARNING - No viable dags retrieved from /Users/noejalabert/airflow_venv/lib/python3.11/site-packages/airflow/example_dags/subdags/subdag.py
[2024-06-07T17:09:21.194+0200] {processor.py:183} INFO - Processing /Users/noejalabert/airflow_venv/lib/python3.11/site-packages/airflow/example_dags/subdags/subdag.py took 0.040 seconds
[2024-06-07T17:10:55.591+0200] {processor.py:161} INFO - Started process (PID=35825) to work on /Users/noejalabert/airflow_venv/lib/python3.11/site-packages/airflow/example_dags/subdags/subdag.py
[2024-06-07T17:10:55.593+0200] {processor.py:830} INFO - Processing file /Users/noejalabert/airflow_venv/lib/python3.11/site-packages/airflow/example_dags/subdags/subdag.py for tasks to queue
[2024-06-07T17:10:55.593+0200] {logging_mixin.py:188} INFO - [2024-06-07T17:10:55.593+0200] {dagbag.py:540} INFO - Filling up the DagBag from /Users/noejalabert/airflow_venv/lib/python3.11/site-packages/airflow/example_dags/subdags/subdag.py
[2024-06-07T17:10:55.594+0200] {processor.py:842} WARNING - No viable dags retrieved from /Users/noejalabert/airflow_venv/lib/python3.11/site-packages/airflow/example_dags/subdags/subdag.py
[2024-06-07T17:10:55.630+0200] {processor.py:183} INFO - Processing /Users/noejalabert/airflow_venv/lib/python3.11/site-packages/airflow/example_dags/subdags/subdag.py took 0.040 seconds
[2024-06-07T17:12:28.820+0200] {processor.py:161} INFO - Started process (PID=35929) to work on /Users/noejalabert/airflow_venv/lib/python3.11/site-packages/airflow/example_dags/subdags/subdag.py
[2024-06-07T17:12:28.821+0200] {processor.py:830} INFO - Processing file /Users/noejalabert/airflow_venv/lib/python3.11/site-packages/airflow/example_dags/subdags/subdag.py for tasks to queue
[2024-06-07T17:12:28.821+0200] {logging_mixin.py:188} INFO - [2024-06-07T17:12:28.821+0200] {dagbag.py:540} INFO - Filling up the DagBag from /Users/noejalabert/airflow_venv/lib/python3.11/site-packages/airflow/example_dags/subdags/subdag.py
[2024-06-07T17:12:28.823+0200] {processor.py:842} WARNING - No viable dags retrieved from /Users/noejalabert/airflow_venv/lib/python3.11/site-packages/airflow/example_dags/subdags/subdag.py
[2024-06-07T17:12:28.858+0200] {processor.py:183} INFO - Processing /Users/noejalabert/airflow_venv/lib/python3.11/site-packages/airflow/example_dags/subdags/subdag.py took 0.039 seconds
[2024-06-07T17:14:05.761+0200] {processor.py:161} INFO - Started process (PID=36106) to work on /Users/noejalabert/airflow_venv/lib/python3.11/site-packages/airflow/example_dags/subdags/subdag.py
[2024-06-07T17:14:05.763+0200] {processor.py:830} INFO - Processing file /Users/noejalabert/airflow_venv/lib/python3.11/site-packages/airflow/example_dags/subdags/subdag.py for tasks to queue
[2024-06-07T17:14:05.763+0200] {logging_mixin.py:188} INFO - [2024-06-07T17:14:05.763+0200] {dagbag.py:540} INFO - Filling up the DagBag from /Users/noejalabert/airflow_venv/lib/python3.11/site-packages/airflow/example_dags/subdags/subdag.py
[2024-06-07T17:14:05.764+0200] {processor.py:842} WARNING - No viable dags retrieved from /Users/noejalabert/airflow_venv/lib/python3.11/site-packages/airflow/example_dags/subdags/subdag.py
[2024-06-07T17:14:05.799+0200] {processor.py:183} INFO - Processing /Users/noejalabert/airflow_venv/lib/python3.11/site-packages/airflow/example_dags/subdags/subdag.py took 0.040 seconds
[2024-06-07T17:15:38.618+0200] {processor.py:161} INFO - Started process (PID=36358) to work on /Users/noejalabert/airflow_venv/lib/python3.11/site-packages/airflow/example_dags/subdags/subdag.py
[2024-06-07T17:15:38.618+0200] {processor.py:830} INFO - Processing file /Users/noejalabert/airflow_venv/lib/python3.11/site-packages/airflow/example_dags/subdags/subdag.py for tasks to queue
[2024-06-07T17:15:38.619+0200] {logging_mixin.py:188} INFO - [2024-06-07T17:15:38.619+0200] {dagbag.py:540} INFO - Filling up the DagBag from /Users/noejalabert/airflow_venv/lib/python3.11/site-packages/airflow/example_dags/subdags/subdag.py
[2024-06-07T17:15:38.620+0200] {processor.py:842} WARNING - No viable dags retrieved from /Users/noejalabert/airflow_venv/lib/python3.11/site-packages/airflow/example_dags/subdags/subdag.py
[2024-06-07T17:15:38.656+0200] {processor.py:183} INFO - Processing /Users/noejalabert/airflow_venv/lib/python3.11/site-packages/airflow/example_dags/subdags/subdag.py took 0.040 seconds
