[2024-05-28T16:23:35.291+0200] {processor.py:161} INFO - Started process (PID=2257) to work on /Users/noejalabert/airflow_venv/lib/python3.11/site-packages/airflow/example_dags/example_subdag_operator.py
[2024-05-28T16:23:35.291+0200] {processor.py:830} INFO - Processing file /Users/noejalabert/airflow_venv/lib/python3.11/site-packages/airflow/example_dags/example_subdag_operator.py for tasks to queue
[2024-05-28T16:23:35.292+0200] {logging_mixin.py:188} INFO - [2024-05-28T16:23:35.292+0200] {dagbag.py:540} INFO - Filling up the DagBag from /Users/noejalabert/airflow_venv/lib/python3.11/site-packages/airflow/example_dags/example_subdag_operator.py
[2024-05-28T16:23:35.332+0200] {processor.py:840} INFO - DAG(s) 'example_subdag_operator.section-1', 'example_subdag_operator.section-2', 'example_subdag_operator' retrieved from /Users/noejalabert/airflow_venv/lib/python3.11/site-packages/airflow/example_dags/example_subdag_operator.py
[2024-05-28T16:23:35.385+0200] {logging_mixin.py:188} INFO - [2024-05-28T16:23:35.385+0200] {dag.py:3096} INFO - Sync 3 DAGs
[2024-05-28T16:23:35.392+0200] {logging_mixin.py:188} INFO - [2024-05-28T16:23:35.392+0200] {dag.py:3954} INFO - Setting next_dagrun for example_subdag_operator to 2022-01-01 00:00:00+00:00, run_after=2022-01-01 00:00:00+00:00
[2024-05-28T16:23:35.393+0200] {logging_mixin.py:188} INFO - [2024-05-28T16:23:35.393+0200] {dag.py:3954} INFO - Setting next_dagrun for example_subdag_operator.section-1 to None, run_after=None
[2024-05-28T16:23:35.393+0200] {logging_mixin.py:188} INFO - [2024-05-28T16:23:35.393+0200] {dag.py:3954} INFO - Setting next_dagrun for example_subdag_operator.section-2 to None, run_after=None
[2024-05-28T16:23:35.397+0200] {logging_mixin.py:188} INFO - [2024-05-28T16:23:35.397+0200] {dag.py:3096} INFO - Sync 2 DAGs
[2024-05-28T16:23:35.398+0200] {logging_mixin.py:188} INFO - [2024-05-28T16:23:35.398+0200] {dag.py:3954} INFO - Setting next_dagrun for example_subdag_operator.section-1 to None, run_after=None
[2024-05-28T16:23:35.398+0200] {logging_mixin.py:188} INFO - [2024-05-28T16:23:35.398+0200] {dag.py:3954} INFO - Setting next_dagrun for example_subdag_operator.section-2 to None, run_after=None
[2024-05-28T16:23:35.428+0200] {processor.py:183} INFO - Processing /Users/noejalabert/airflow_venv/lib/python3.11/site-packages/airflow/example_dags/example_subdag_operator.py took 0.138 seconds
[2024-05-28T16:27:37.868+0200] {processor.py:161} INFO - Started process (PID=2463) to work on /Users/noejalabert/airflow_venv/lib/python3.11/site-packages/airflow/example_dags/example_subdag_operator.py
[2024-05-28T16:27:37.869+0200] {processor.py:830} INFO - Processing file /Users/noejalabert/airflow_venv/lib/python3.11/site-packages/airflow/example_dags/example_subdag_operator.py for tasks to queue
[2024-05-28T16:27:37.869+0200] {logging_mixin.py:188} INFO - [2024-05-28T16:27:37.869+0200] {dagbag.py:540} INFO - Filling up the DagBag from /Users/noejalabert/airflow_venv/lib/python3.11/site-packages/airflow/example_dags/example_subdag_operator.py
[2024-05-28T16:27:37.908+0200] {processor.py:840} INFO - DAG(s) 'example_subdag_operator.section-1', 'example_subdag_operator.section-2', 'example_subdag_operator' retrieved from /Users/noejalabert/airflow_venv/lib/python3.11/site-packages/airflow/example_dags/example_subdag_operator.py
[2024-05-28T16:27:37.962+0200] {logging_mixin.py:188} INFO - [2024-05-28T16:27:37.962+0200] {dag.py:3096} INFO - Sync 3 DAGs
[2024-05-28T16:27:37.968+0200] {logging_mixin.py:188} INFO - [2024-05-28T16:27:37.968+0200] {dag.py:3954} INFO - Setting next_dagrun for example_subdag_operator to 2022-01-01 00:00:00+00:00, run_after=2022-01-01 00:00:00+00:00
[2024-05-28T16:27:37.969+0200] {logging_mixin.py:188} INFO - [2024-05-28T16:27:37.969+0200] {dag.py:3954} INFO - Setting next_dagrun for example_subdag_operator.section-1 to None, run_after=None
[2024-05-28T16:27:37.970+0200] {logging_mixin.py:188} INFO - [2024-05-28T16:27:37.970+0200] {dag.py:3954} INFO - Setting next_dagrun for example_subdag_operator.section-2 to None, run_after=None
[2024-05-28T16:27:37.973+0200] {logging_mixin.py:188} INFO - [2024-05-28T16:27:37.973+0200] {dag.py:3096} INFO - Sync 2 DAGs
[2024-05-28T16:27:37.975+0200] {logging_mixin.py:188} INFO - [2024-05-28T16:27:37.975+0200] {dag.py:3954} INFO - Setting next_dagrun for example_subdag_operator.section-1 to None, run_after=None
[2024-05-28T16:27:37.975+0200] {logging_mixin.py:188} INFO - [2024-05-28T16:27:37.975+0200] {dag.py:3954} INFO - Setting next_dagrun for example_subdag_operator.section-2 to None, run_after=None
[2024-05-28T16:27:38.004+0200] {processor.py:183} INFO - Processing /Users/noejalabert/airflow_venv/lib/python3.11/site-packages/airflow/example_dags/example_subdag_operator.py took 0.137 seconds
[2024-05-28T16:29:10.462+0200] {processor.py:161} INFO - Started process (PID=2556) to work on /Users/noejalabert/airflow_venv/lib/python3.11/site-packages/airflow/example_dags/example_subdag_operator.py
[2024-05-28T16:29:10.463+0200] {processor.py:830} INFO - Processing file /Users/noejalabert/airflow_venv/lib/python3.11/site-packages/airflow/example_dags/example_subdag_operator.py for tasks to queue
[2024-05-28T16:29:10.464+0200] {logging_mixin.py:188} INFO - [2024-05-28T16:29:10.463+0200] {dagbag.py:540} INFO - Filling up the DagBag from /Users/noejalabert/airflow_venv/lib/python3.11/site-packages/airflow/example_dags/example_subdag_operator.py
[2024-05-28T16:29:10.503+0200] {processor.py:840} INFO - DAG(s) 'example_subdag_operator.section-1', 'example_subdag_operator.section-2', 'example_subdag_operator' retrieved from /Users/noejalabert/airflow_venv/lib/python3.11/site-packages/airflow/example_dags/example_subdag_operator.py
[2024-05-28T16:29:10.523+0200] {logging_mixin.py:188} INFO - [2024-05-28T16:29:10.523+0200] {dag.py:3096} INFO - Sync 3 DAGs
[2024-05-28T16:29:10.531+0200] {logging_mixin.py:188} INFO - [2024-05-28T16:29:10.530+0200] {dag.py:3954} INFO - Setting next_dagrun for example_subdag_operator to 2022-01-01 00:00:00+00:00, run_after=2022-01-01 00:00:00+00:00
[2024-05-28T16:29:10.532+0200] {logging_mixin.py:188} INFO - [2024-05-28T16:29:10.532+0200] {dag.py:3954} INFO - Setting next_dagrun for example_subdag_operator.section-1 to None, run_after=None
[2024-05-28T16:29:10.532+0200] {logging_mixin.py:188} INFO - [2024-05-28T16:29:10.532+0200] {dag.py:3954} INFO - Setting next_dagrun for example_subdag_operator.section-2 to None, run_after=None
[2024-05-28T16:29:10.535+0200] {logging_mixin.py:188} INFO - [2024-05-28T16:29:10.534+0200] {dag.py:3096} INFO - Sync 2 DAGs
[2024-05-28T16:29:10.536+0200] {logging_mixin.py:188} INFO - [2024-05-28T16:29:10.536+0200] {dag.py:3954} INFO - Setting next_dagrun for example_subdag_operator.section-1 to None, run_after=None
[2024-05-28T16:29:10.536+0200] {logging_mixin.py:188} INFO - [2024-05-28T16:29:10.536+0200] {dag.py:3954} INFO - Setting next_dagrun for example_subdag_operator.section-2 to None, run_after=None
[2024-05-28T16:29:10.541+0200] {processor.py:183} INFO - Processing /Users/noejalabert/airflow_venv/lib/python3.11/site-packages/airflow/example_dags/example_subdag_operator.py took 0.081 seconds
[2024-05-28T16:30:35.097+0200] {processor.py:161} INFO - Started process (PID=2819) to work on /Users/noejalabert/airflow_venv/lib/python3.11/site-packages/airflow/example_dags/example_subdag_operator.py
[2024-05-28T16:30:35.098+0200] {processor.py:830} INFO - Processing file /Users/noejalabert/airflow_venv/lib/python3.11/site-packages/airflow/example_dags/example_subdag_operator.py for tasks to queue
[2024-05-28T16:30:35.098+0200] {logging_mixin.py:188} INFO - [2024-05-28T16:30:35.098+0200] {dagbag.py:540} INFO - Filling up the DagBag from /Users/noejalabert/airflow_venv/lib/python3.11/site-packages/airflow/example_dags/example_subdag_operator.py
[2024-05-28T16:30:35.143+0200] {processor.py:840} INFO - DAG(s) 'example_subdag_operator.section-1', 'example_subdag_operator.section-2', 'example_subdag_operator' retrieved from /Users/noejalabert/airflow_venv/lib/python3.11/site-packages/airflow/example_dags/example_subdag_operator.py
[2024-05-28T16:30:35.164+0200] {logging_mixin.py:188} INFO - [2024-05-28T16:30:35.164+0200] {dag.py:3096} INFO - Sync 3 DAGs
[2024-05-28T16:30:35.172+0200] {logging_mixin.py:188} INFO - [2024-05-28T16:30:35.172+0200] {dag.py:3954} INFO - Setting next_dagrun for example_subdag_operator to 2022-01-01 00:00:00+00:00, run_after=2022-01-01 00:00:00+00:00
[2024-05-28T16:30:35.173+0200] {logging_mixin.py:188} INFO - [2024-05-28T16:30:35.173+0200] {dag.py:3954} INFO - Setting next_dagrun for example_subdag_operator.section-1 to None, run_after=None
[2024-05-28T16:30:35.174+0200] {logging_mixin.py:188} INFO - [2024-05-28T16:30:35.174+0200] {dag.py:3954} INFO - Setting next_dagrun for example_subdag_operator.section-2 to None, run_after=None
[2024-05-28T16:30:35.176+0200] {logging_mixin.py:188} INFO - [2024-05-28T16:30:35.176+0200] {dag.py:3096} INFO - Sync 2 DAGs
[2024-05-28T16:30:35.178+0200] {logging_mixin.py:188} INFO - [2024-05-28T16:30:35.178+0200] {dag.py:3954} INFO - Setting next_dagrun for example_subdag_operator.section-1 to None, run_after=None
[2024-05-28T16:30:35.178+0200] {logging_mixin.py:188} INFO - [2024-05-28T16:30:35.178+0200] {dag.py:3954} INFO - Setting next_dagrun for example_subdag_operator.section-2 to None, run_after=None
[2024-05-28T16:30:35.183+0200] {processor.py:183} INFO - Processing /Users/noejalabert/airflow_venv/lib/python3.11/site-packages/airflow/example_dags/example_subdag_operator.py took 0.087 seconds
[2024-05-28T16:31:57.502+0200] {processor.py:161} INFO - Started process (PID=3076) to work on /Users/noejalabert/airflow_venv/lib/python3.11/site-packages/airflow/example_dags/example_subdag_operator.py
[2024-05-28T16:31:57.503+0200] {processor.py:830} INFO - Processing file /Users/noejalabert/airflow_venv/lib/python3.11/site-packages/airflow/example_dags/example_subdag_operator.py for tasks to queue
[2024-05-28T16:31:57.503+0200] {logging_mixin.py:188} INFO - [2024-05-28T16:31:57.503+0200] {dagbag.py:540} INFO - Filling up the DagBag from /Users/noejalabert/airflow_venv/lib/python3.11/site-packages/airflow/example_dags/example_subdag_operator.py
[2024-05-28T16:31:57.543+0200] {processor.py:840} INFO - DAG(s) 'example_subdag_operator.section-1', 'example_subdag_operator.section-2', 'example_subdag_operator' retrieved from /Users/noejalabert/airflow_venv/lib/python3.11/site-packages/airflow/example_dags/example_subdag_operator.py
[2024-05-28T16:31:57.565+0200] {logging_mixin.py:188} INFO - [2024-05-28T16:31:57.565+0200] {dag.py:3096} INFO - Sync 3 DAGs
[2024-05-28T16:31:57.573+0200] {logging_mixin.py:188} INFO - [2024-05-28T16:31:57.573+0200] {dag.py:3954} INFO - Setting next_dagrun for example_subdag_operator to 2022-01-01 00:00:00+00:00, run_after=2022-01-01 00:00:00+00:00
[2024-05-28T16:31:57.575+0200] {logging_mixin.py:188} INFO - [2024-05-28T16:31:57.575+0200] {dag.py:3954} INFO - Setting next_dagrun for example_subdag_operator.section-1 to None, run_after=None
[2024-05-28T16:31:57.575+0200] {logging_mixin.py:188} INFO - [2024-05-28T16:31:57.575+0200] {dag.py:3954} INFO - Setting next_dagrun for example_subdag_operator.section-2 to None, run_after=None
[2024-05-28T16:31:57.578+0200] {logging_mixin.py:188} INFO - [2024-05-28T16:31:57.578+0200] {dag.py:3096} INFO - Sync 2 DAGs
[2024-05-28T16:31:57.579+0200] {logging_mixin.py:188} INFO - [2024-05-28T16:31:57.579+0200] {dag.py:3954} INFO - Setting next_dagrun for example_subdag_operator.section-1 to None, run_after=None
[2024-05-28T16:31:57.579+0200] {logging_mixin.py:188} INFO - [2024-05-28T16:31:57.579+0200] {dag.py:3954} INFO - Setting next_dagrun for example_subdag_operator.section-2 to None, run_after=None
[2024-05-28T16:31:57.585+0200] {processor.py:183} INFO - Processing /Users/noejalabert/airflow_venv/lib/python3.11/site-packages/airflow/example_dags/example_subdag_operator.py took 0.085 seconds
[2024-05-28T16:33:21.494+0200] {processor.py:161} INFO - Started process (PID=3147) to work on /Users/noejalabert/airflow_venv/lib/python3.11/site-packages/airflow/example_dags/example_subdag_operator.py
[2024-05-28T16:33:21.495+0200] {processor.py:830} INFO - Processing file /Users/noejalabert/airflow_venv/lib/python3.11/site-packages/airflow/example_dags/example_subdag_operator.py for tasks to queue
[2024-05-28T16:33:21.495+0200] {logging_mixin.py:188} INFO - [2024-05-28T16:33:21.495+0200] {dagbag.py:540} INFO - Filling up the DagBag from /Users/noejalabert/airflow_venv/lib/python3.11/site-packages/airflow/example_dags/example_subdag_operator.py
[2024-05-28T16:33:21.535+0200] {processor.py:840} INFO - DAG(s) 'example_subdag_operator.section-1', 'example_subdag_operator.section-2', 'example_subdag_operator' retrieved from /Users/noejalabert/airflow_venv/lib/python3.11/site-packages/airflow/example_dags/example_subdag_operator.py
[2024-05-28T16:33:21.555+0200] {logging_mixin.py:188} INFO - [2024-05-28T16:33:21.555+0200] {dag.py:3096} INFO - Sync 3 DAGs
[2024-05-28T16:33:21.563+0200] {logging_mixin.py:188} INFO - [2024-05-28T16:33:21.563+0200] {dag.py:3954} INFO - Setting next_dagrun for example_subdag_operator to 2022-01-01 00:00:00+00:00, run_after=2022-01-01 00:00:00+00:00
[2024-05-28T16:33:21.564+0200] {logging_mixin.py:188} INFO - [2024-05-28T16:33:21.564+0200] {dag.py:3954} INFO - Setting next_dagrun for example_subdag_operator.section-1 to None, run_after=None
[2024-05-28T16:33:21.564+0200] {logging_mixin.py:188} INFO - [2024-05-28T16:33:21.564+0200] {dag.py:3954} INFO - Setting next_dagrun for example_subdag_operator.section-2 to None, run_after=None
[2024-05-28T16:33:21.567+0200] {logging_mixin.py:188} INFO - [2024-05-28T16:33:21.566+0200] {dag.py:3096} INFO - Sync 2 DAGs
[2024-05-28T16:33:21.568+0200] {logging_mixin.py:188} INFO - [2024-05-28T16:33:21.568+0200] {dag.py:3954} INFO - Setting next_dagrun for example_subdag_operator.section-1 to None, run_after=None
[2024-05-28T16:33:21.568+0200] {logging_mixin.py:188} INFO - [2024-05-28T16:33:21.568+0200] {dag.py:3954} INFO - Setting next_dagrun for example_subdag_operator.section-2 to None, run_after=None
[2024-05-28T16:33:21.573+0200] {processor.py:183} INFO - Processing /Users/noejalabert/airflow_venv/lib/python3.11/site-packages/airflow/example_dags/example_subdag_operator.py took 0.081 seconds
[2024-05-28T16:34:44.523+0200] {processor.py:161} INFO - Started process (PID=3270) to work on /Users/noejalabert/airflow_venv/lib/python3.11/site-packages/airflow/example_dags/example_subdag_operator.py
[2024-05-28T16:34:44.524+0200] {processor.py:830} INFO - Processing file /Users/noejalabert/airflow_venv/lib/python3.11/site-packages/airflow/example_dags/example_subdag_operator.py for tasks to queue
[2024-05-28T16:34:44.525+0200] {logging_mixin.py:188} INFO - [2024-05-28T16:34:44.524+0200] {dagbag.py:540} INFO - Filling up the DagBag from /Users/noejalabert/airflow_venv/lib/python3.11/site-packages/airflow/example_dags/example_subdag_operator.py
[2024-05-28T16:34:44.564+0200] {processor.py:840} INFO - DAG(s) 'example_subdag_operator.section-1', 'example_subdag_operator.section-2', 'example_subdag_operator' retrieved from /Users/noejalabert/airflow_venv/lib/python3.11/site-packages/airflow/example_dags/example_subdag_operator.py
[2024-05-28T16:34:44.585+0200] {logging_mixin.py:188} INFO - [2024-05-28T16:34:44.584+0200] {dag.py:3096} INFO - Sync 3 DAGs
[2024-05-28T16:34:44.592+0200] {logging_mixin.py:188} INFO - [2024-05-28T16:34:44.592+0200] {dag.py:3954} INFO - Setting next_dagrun for example_subdag_operator to 2022-01-01 00:00:00+00:00, run_after=2022-01-01 00:00:00+00:00
[2024-05-28T16:34:44.593+0200] {logging_mixin.py:188} INFO - [2024-05-28T16:34:44.593+0200] {dag.py:3954} INFO - Setting next_dagrun for example_subdag_operator.section-1 to None, run_after=None
[2024-05-28T16:34:44.594+0200] {logging_mixin.py:188} INFO - [2024-05-28T16:34:44.594+0200] {dag.py:3954} INFO - Setting next_dagrun for example_subdag_operator.section-2 to None, run_after=None
[2024-05-28T16:34:44.596+0200] {logging_mixin.py:188} INFO - [2024-05-28T16:34:44.596+0200] {dag.py:3096} INFO - Sync 2 DAGs
[2024-05-28T16:34:44.597+0200] {logging_mixin.py:188} INFO - [2024-05-28T16:34:44.597+0200] {dag.py:3954} INFO - Setting next_dagrun for example_subdag_operator.section-1 to None, run_after=None
[2024-05-28T16:34:44.598+0200] {logging_mixin.py:188} INFO - [2024-05-28T16:34:44.598+0200] {dag.py:3954} INFO - Setting next_dagrun for example_subdag_operator.section-2 to None, run_after=None
[2024-05-28T16:34:44.603+0200] {processor.py:183} INFO - Processing /Users/noejalabert/airflow_venv/lib/python3.11/site-packages/airflow/example_dags/example_subdag_operator.py took 0.081 seconds
[2024-05-28T16:36:09.915+0200] {processor.py:161} INFO - Started process (PID=3358) to work on /Users/noejalabert/airflow_venv/lib/python3.11/site-packages/airflow/example_dags/example_subdag_operator.py
[2024-05-28T16:36:09.916+0200] {processor.py:830} INFO - Processing file /Users/noejalabert/airflow_venv/lib/python3.11/site-packages/airflow/example_dags/example_subdag_operator.py for tasks to queue
[2024-05-28T16:36:09.916+0200] {logging_mixin.py:188} INFO - [2024-05-28T16:36:09.916+0200] {dagbag.py:540} INFO - Filling up the DagBag from /Users/noejalabert/airflow_venv/lib/python3.11/site-packages/airflow/example_dags/example_subdag_operator.py
[2024-05-28T16:36:09.956+0200] {processor.py:840} INFO - DAG(s) 'example_subdag_operator.section-1', 'example_subdag_operator.section-2', 'example_subdag_operator' retrieved from /Users/noejalabert/airflow_venv/lib/python3.11/site-packages/airflow/example_dags/example_subdag_operator.py
[2024-05-28T16:36:09.976+0200] {logging_mixin.py:188} INFO - [2024-05-28T16:36:09.976+0200] {dag.py:3096} INFO - Sync 3 DAGs
[2024-05-28T16:36:09.984+0200] {logging_mixin.py:188} INFO - [2024-05-28T16:36:09.984+0200] {dag.py:3954} INFO - Setting next_dagrun for example_subdag_operator to 2022-01-01 00:00:00+00:00, run_after=2022-01-01 00:00:00+00:00
[2024-05-28T16:36:09.985+0200] {logging_mixin.py:188} INFO - [2024-05-28T16:36:09.985+0200] {dag.py:3954} INFO - Setting next_dagrun for example_subdag_operator.section-1 to None, run_after=None
[2024-05-28T16:36:09.985+0200] {logging_mixin.py:188} INFO - [2024-05-28T16:36:09.985+0200] {dag.py:3954} INFO - Setting next_dagrun for example_subdag_operator.section-2 to None, run_after=None
[2024-05-28T16:36:09.988+0200] {logging_mixin.py:188} INFO - [2024-05-28T16:36:09.988+0200] {dag.py:3096} INFO - Sync 2 DAGs
[2024-05-28T16:36:09.989+0200] {logging_mixin.py:188} INFO - [2024-05-28T16:36:09.989+0200] {dag.py:3954} INFO - Setting next_dagrun for example_subdag_operator.section-1 to None, run_after=None
[2024-05-28T16:36:09.989+0200] {logging_mixin.py:188} INFO - [2024-05-28T16:36:09.989+0200] {dag.py:3954} INFO - Setting next_dagrun for example_subdag_operator.section-2 to None, run_after=None
[2024-05-28T16:36:09.994+0200] {processor.py:183} INFO - Processing /Users/noejalabert/airflow_venv/lib/python3.11/site-packages/airflow/example_dags/example_subdag_operator.py took 0.080 seconds
