[2024-05-28T16:23:46.187+0200] {processor.py:161} INFO - Started process (PID=2281) to work on /Users/noejalabert/airflow_venv/lib/python3.11/site-packages/airflow/example_dags/example_setup_teardown.py
[2024-05-28T16:23:46.187+0200] {processor.py:830} INFO - Processing file /Users/noejalabert/airflow_venv/lib/python3.11/site-packages/airflow/example_dags/example_setup_teardown.py for tasks to queue
[2024-05-28T16:23:46.187+0200] {logging_mixin.py:188} INFO - [2024-05-28T16:23:46.187+0200] {dagbag.py:540} INFO - Filling up the DagBag from /Users/noejalabert/airflow_venv/lib/python3.11/site-packages/airflow/example_dags/example_setup_teardown.py
[2024-05-28T16:23:46.192+0200] {processor.py:840} INFO - DAG(s) 'example_setup_teardown' retrieved from /Users/noejalabert/airflow_venv/lib/python3.11/site-packages/airflow/example_dags/example_setup_teardown.py
[2024-05-28T16:23:46.272+0200] {logging_mixin.py:188} INFO - [2024-05-28T16:23:46.272+0200] {dag.py:3096} INFO - Sync 1 DAGs
[2024-05-28T16:23:46.278+0200] {logging_mixin.py:188} INFO - [2024-05-28T16:23:46.278+0200] {dag.py:3954} INFO - Setting next_dagrun for example_setup_teardown to 2024-05-27 00:00:00+00:00, run_after=2024-05-28 00:00:00+00:00
[2024-05-28T16:23:46.286+0200] {processor.py:183} INFO - Processing /Users/noejalabert/airflow_venv/lib/python3.11/site-packages/airflow/example_dags/example_setup_teardown.py took 0.101 seconds
[2024-05-28T16:27:48.750+0200] {processor.py:161} INFO - Started process (PID=2471) to work on /Users/noejalabert/airflow_venv/lib/python3.11/site-packages/airflow/example_dags/example_setup_teardown.py
[2024-05-28T16:27:48.751+0200] {processor.py:830} INFO - Processing file /Users/noejalabert/airflow_venv/lib/python3.11/site-packages/airflow/example_dags/example_setup_teardown.py for tasks to queue
[2024-05-28T16:27:48.752+0200] {logging_mixin.py:188} INFO - [2024-05-28T16:27:48.752+0200] {dagbag.py:540} INFO - Filling up the DagBag from /Users/noejalabert/airflow_venv/lib/python3.11/site-packages/airflow/example_dags/example_setup_teardown.py
[2024-05-28T16:27:48.755+0200] {processor.py:840} INFO - DAG(s) 'example_setup_teardown' retrieved from /Users/noejalabert/airflow_venv/lib/python3.11/site-packages/airflow/example_dags/example_setup_teardown.py
[2024-05-28T16:27:48.837+0200] {logging_mixin.py:188} INFO - [2024-05-28T16:27:48.836+0200] {dag.py:3096} INFO - Sync 1 DAGs
[2024-05-28T16:27:48.843+0200] {logging_mixin.py:188} INFO - [2024-05-28T16:27:48.843+0200] {dag.py:3954} INFO - Setting next_dagrun for example_setup_teardown to 2024-05-27 00:00:00+00:00, run_after=2024-05-28 00:00:00+00:00
[2024-05-28T16:27:48.852+0200] {processor.py:183} INFO - Processing /Users/noejalabert/airflow_venv/lib/python3.11/site-packages/airflow/example_dags/example_setup_teardown.py took 0.103 seconds
[2024-05-28T16:29:21.999+0200] {processor.py:161} INFO - Started process (PID=2604) to work on /Users/noejalabert/airflow_venv/lib/python3.11/site-packages/airflow/example_dags/example_setup_teardown.py
[2024-05-28T16:29:22.000+0200] {processor.py:830} INFO - Processing file /Users/noejalabert/airflow_venv/lib/python3.11/site-packages/airflow/example_dags/example_setup_teardown.py for tasks to queue
[2024-05-28T16:29:22.000+0200] {logging_mixin.py:188} INFO - [2024-05-28T16:29:22.000+0200] {dagbag.py:540} INFO - Filling up the DagBag from /Users/noejalabert/airflow_venv/lib/python3.11/site-packages/airflow/example_dags/example_setup_teardown.py
[2024-05-28T16:29:22.005+0200] {processor.py:840} INFO - DAG(s) 'example_setup_teardown' retrieved from /Users/noejalabert/airflow_venv/lib/python3.11/site-packages/airflow/example_dags/example_setup_teardown.py
[2024-05-28T16:29:22.065+0200] {logging_mixin.py:188} INFO - [2024-05-28T16:29:22.065+0200] {dag.py:3096} INFO - Sync 1 DAGs
[2024-05-28T16:29:22.073+0200] {logging_mixin.py:188} INFO - [2024-05-28T16:29:22.073+0200] {dag.py:3954} INFO - Setting next_dagrun for example_setup_teardown to 2024-05-27 00:00:00+00:00, run_after=2024-05-28 00:00:00+00:00
[2024-05-28T16:29:22.081+0200] {processor.py:183} INFO - Processing /Users/noejalabert/airflow_venv/lib/python3.11/site-packages/airflow/example_dags/example_setup_teardown.py took 0.083 seconds
[2024-05-28T16:30:44.351+0200] {processor.py:161} INFO - Started process (PID=2843) to work on /Users/noejalabert/airflow_venv/lib/python3.11/site-packages/airflow/example_dags/example_setup_teardown.py
[2024-05-28T16:30:44.352+0200] {processor.py:830} INFO - Processing file /Users/noejalabert/airflow_venv/lib/python3.11/site-packages/airflow/example_dags/example_setup_teardown.py for tasks to queue
[2024-05-28T16:30:44.352+0200] {logging_mixin.py:188} INFO - [2024-05-28T16:30:44.352+0200] {dagbag.py:540} INFO - Filling up the DagBag from /Users/noejalabert/airflow_venv/lib/python3.11/site-packages/airflow/example_dags/example_setup_teardown.py
[2024-05-28T16:30:44.356+0200] {processor.py:840} INFO - DAG(s) 'example_setup_teardown' retrieved from /Users/noejalabert/airflow_venv/lib/python3.11/site-packages/airflow/example_dags/example_setup_teardown.py
[2024-05-28T16:30:44.403+0200] {logging_mixin.py:188} INFO - [2024-05-28T16:30:44.403+0200] {dag.py:3096} INFO - Sync 1 DAGs
[2024-05-28T16:30:44.411+0200] {logging_mixin.py:188} INFO - [2024-05-28T16:30:44.411+0200] {dag.py:3954} INFO - Setting next_dagrun for example_setup_teardown to 2024-05-27 00:00:00+00:00, run_after=2024-05-28 00:00:00+00:00
[2024-05-28T16:30:44.418+0200] {processor.py:183} INFO - Processing /Users/noejalabert/airflow_venv/lib/python3.11/site-packages/airflow/example_dags/example_setup_teardown.py took 0.068 seconds
[2024-05-28T16:32:06.943+0200] {processor.py:161} INFO - Started process (PID=3086) to work on /Users/noejalabert/airflow_venv/lib/python3.11/site-packages/airflow/example_dags/example_setup_teardown.py
[2024-05-28T16:32:06.945+0200] {processor.py:830} INFO - Processing file /Users/noejalabert/airflow_venv/lib/python3.11/site-packages/airflow/example_dags/example_setup_teardown.py for tasks to queue
[2024-05-28T16:32:06.945+0200] {logging_mixin.py:188} INFO - [2024-05-28T16:32:06.945+0200] {dagbag.py:540} INFO - Filling up the DagBag from /Users/noejalabert/airflow_venv/lib/python3.11/site-packages/airflow/example_dags/example_setup_teardown.py
[2024-05-28T16:32:06.948+0200] {processor.py:840} INFO - DAG(s) 'example_setup_teardown' retrieved from /Users/noejalabert/airflow_venv/lib/python3.11/site-packages/airflow/example_dags/example_setup_teardown.py
[2024-05-28T16:32:06.995+0200] {logging_mixin.py:188} INFO - [2024-05-28T16:32:06.995+0200] {dag.py:3096} INFO - Sync 1 DAGs
[2024-05-28T16:32:07.002+0200] {logging_mixin.py:188} INFO - [2024-05-28T16:32:07.002+0200] {dag.py:3954} INFO - Setting next_dagrun for example_setup_teardown to 2024-05-27 00:00:00+00:00, run_after=2024-05-28 00:00:00+00:00
[2024-05-28T16:32:07.010+0200] {processor.py:183} INFO - Processing /Users/noejalabert/airflow_venv/lib/python3.11/site-packages/airflow/example_dags/example_setup_teardown.py took 0.068 seconds
[2024-05-28T16:33:31.249+0200] {processor.py:161} INFO - Started process (PID=3156) to work on /Users/noejalabert/airflow_venv/lib/python3.11/site-packages/airflow/example_dags/example_setup_teardown.py
[2024-05-28T16:33:31.250+0200] {processor.py:830} INFO - Processing file /Users/noejalabert/airflow_venv/lib/python3.11/site-packages/airflow/example_dags/example_setup_teardown.py for tasks to queue
[2024-05-28T16:33:31.250+0200] {logging_mixin.py:188} INFO - [2024-05-28T16:33:31.250+0200] {dagbag.py:540} INFO - Filling up the DagBag from /Users/noejalabert/airflow_venv/lib/python3.11/site-packages/airflow/example_dags/example_setup_teardown.py
[2024-05-28T16:33:31.254+0200] {processor.py:840} INFO - DAG(s) 'example_setup_teardown' retrieved from /Users/noejalabert/airflow_venv/lib/python3.11/site-packages/airflow/example_dags/example_setup_teardown.py
[2024-05-28T16:33:31.300+0200] {logging_mixin.py:188} INFO - [2024-05-28T16:33:31.300+0200] {dag.py:3096} INFO - Sync 1 DAGs
[2024-05-28T16:33:31.307+0200] {logging_mixin.py:188} INFO - [2024-05-28T16:33:31.307+0200] {dag.py:3954} INFO - Setting next_dagrun for example_setup_teardown to 2024-05-27 00:00:00+00:00, run_after=2024-05-28 00:00:00+00:00
[2024-05-28T16:33:31.315+0200] {processor.py:183} INFO - Processing /Users/noejalabert/airflow_venv/lib/python3.11/site-packages/airflow/example_dags/example_setup_teardown.py took 0.067 seconds
[2024-05-28T16:34:55.195+0200] {processor.py:161} INFO - Started process (PID=3288) to work on /Users/noejalabert/airflow_venv/lib/python3.11/site-packages/airflow/example_dags/example_setup_teardown.py
[2024-05-28T16:34:55.196+0200] {processor.py:830} INFO - Processing file /Users/noejalabert/airflow_venv/lib/python3.11/site-packages/airflow/example_dags/example_setup_teardown.py for tasks to queue
[2024-05-28T16:34:55.196+0200] {logging_mixin.py:188} INFO - [2024-05-28T16:34:55.196+0200] {dagbag.py:540} INFO - Filling up the DagBag from /Users/noejalabert/airflow_venv/lib/python3.11/site-packages/airflow/example_dags/example_setup_teardown.py
[2024-05-28T16:34:55.200+0200] {processor.py:840} INFO - DAG(s) 'example_setup_teardown' retrieved from /Users/noejalabert/airflow_venv/lib/python3.11/site-packages/airflow/example_dags/example_setup_teardown.py
[2024-05-28T16:34:55.246+0200] {logging_mixin.py:188} INFO - [2024-05-28T16:34:55.246+0200] {dag.py:3096} INFO - Sync 1 DAGs
[2024-05-28T16:34:55.253+0200] {logging_mixin.py:188} INFO - [2024-05-28T16:34:55.253+0200] {dag.py:3954} INFO - Setting next_dagrun for example_setup_teardown to 2024-05-27 00:00:00+00:00, run_after=2024-05-28 00:00:00+00:00
[2024-05-28T16:34:55.261+0200] {processor.py:183} INFO - Processing /Users/noejalabert/airflow_venv/lib/python3.11/site-packages/airflow/example_dags/example_setup_teardown.py took 0.067 seconds
[2024-05-28T16:36:20.749+0200] {processor.py:161} INFO - Started process (PID=3366) to work on /Users/noejalabert/airflow_venv/lib/python3.11/site-packages/airflow/example_dags/example_setup_teardown.py
[2024-05-28T16:36:20.749+0200] {processor.py:830} INFO - Processing file /Users/noejalabert/airflow_venv/lib/python3.11/site-packages/airflow/example_dags/example_setup_teardown.py for tasks to queue
[2024-05-28T16:36:20.749+0200] {logging_mixin.py:188} INFO - [2024-05-28T16:36:20.749+0200] {dagbag.py:540} INFO - Filling up the DagBag from /Users/noejalabert/airflow_venv/lib/python3.11/site-packages/airflow/example_dags/example_setup_teardown.py
[2024-05-28T16:36:20.753+0200] {processor.py:840} INFO - DAG(s) 'example_setup_teardown' retrieved from /Users/noejalabert/airflow_venv/lib/python3.11/site-packages/airflow/example_dags/example_setup_teardown.py
[2024-05-28T16:36:20.799+0200] {logging_mixin.py:188} INFO - [2024-05-28T16:36:20.799+0200] {dag.py:3096} INFO - Sync 1 DAGs
[2024-05-28T16:36:20.806+0200] {logging_mixin.py:188} INFO - [2024-05-28T16:36:20.806+0200] {dag.py:3954} INFO - Setting next_dagrun for example_setup_teardown to 2024-05-27 00:00:00+00:00, run_after=2024-05-28 00:00:00+00:00
[2024-05-28T16:36:20.814+0200] {processor.py:183} INFO - Processing /Users/noejalabert/airflow_venv/lib/python3.11/site-packages/airflow/example_dags/example_setup_teardown.py took 0.067 seconds
