[2024-05-28T16:23:27.384+0200] {processor.py:161} INFO - Started process (PID=2252) to work on /Users/noejalabert/airflow_venv/lib/python3.11/site-packages/airflow/example_dags/example_trigger_controller_dag.py
[2024-05-28T16:23:27.385+0200] {processor.py:830} INFO - Processing file /Users/noejalabert/airflow_venv/lib/python3.11/site-packages/airflow/example_dags/example_trigger_controller_dag.py for tasks to queue
[2024-05-28T16:23:27.385+0200] {logging_mixin.py:188} INFO - [2024-05-28T16:23:27.385+0200] {dagbag.py:540} INFO - Filling up the DagBag from /Users/noejalabert/airflow_venv/lib/python3.11/site-packages/airflow/example_dags/example_trigger_controller_dag.py
[2024-05-28T16:23:27.390+0200] {processor.py:840} INFO - DAG(s) 'example_trigger_controller_dag' retrieved from /Users/noejalabert/airflow_venv/lib/python3.11/site-packages/airflow/example_dags/example_trigger_controller_dag.py
[2024-05-28T16:23:27.467+0200] {logging_mixin.py:188} INFO - [2024-05-28T16:23:27.466+0200] {dag.py:3096} INFO - Sync 1 DAGs
[2024-05-28T16:23:27.474+0200] {logging_mixin.py:188} INFO - [2024-05-28T16:23:27.474+0200] {dag.py:3954} INFO - Setting next_dagrun for example_trigger_controller_dag to 2021-01-01 00:00:00+00:00, run_after=2021-01-01 00:00:00+00:00
[2024-05-28T16:23:27.482+0200] {processor.py:183} INFO - Processing /Users/noejalabert/airflow_venv/lib/python3.11/site-packages/airflow/example_dags/example_trigger_controller_dag.py took 0.099 seconds
[2024-05-28T16:24:58.453+0200] {processor.py:161} INFO - Started process (PID=2352) to work on /Users/noejalabert/airflow_venv/lib/python3.11/site-packages/airflow/example_dags/example_trigger_controller_dag.py
[2024-05-28T16:24:58.455+0200] {processor.py:830} INFO - Processing file /Users/noejalabert/airflow_venv/lib/python3.11/site-packages/airflow/example_dags/example_trigger_controller_dag.py for tasks to queue
[2024-05-28T16:24:58.455+0200] {logging_mixin.py:188} INFO - [2024-05-28T16:24:58.455+0200] {dagbag.py:540} INFO - Filling up the DagBag from /Users/noejalabert/airflow_venv/lib/python3.11/site-packages/airflow/example_dags/example_trigger_controller_dag.py
[2024-05-28T16:24:58.459+0200] {processor.py:840} INFO - DAG(s) 'example_trigger_controller_dag' retrieved from /Users/noejalabert/airflow_venv/lib/python3.11/site-packages/airflow/example_dags/example_trigger_controller_dag.py
[2024-05-28T16:24:58.504+0200] {logging_mixin.py:188} INFO - [2024-05-28T16:24:58.503+0200] {dag.py:3096} INFO - Sync 1 DAGs
[2024-05-28T16:24:58.511+0200] {logging_mixin.py:188} INFO - [2024-05-28T16:24:58.511+0200] {dag.py:3954} INFO - Setting next_dagrun for example_trigger_controller_dag to 2021-01-01 00:00:00+00:00, run_after=2021-01-01 00:00:00+00:00
[2024-05-28T16:24:58.518+0200] {processor.py:183} INFO - Processing /Users/noejalabert/airflow_venv/lib/python3.11/site-packages/airflow/example_dags/example_trigger_controller_dag.py took 0.066 seconds
[2024-05-28T16:27:30.994+0200] {processor.py:161} INFO - Started process (PID=2457) to work on /Users/noejalabert/airflow_venv/lib/python3.11/site-packages/airflow/example_dags/example_trigger_controller_dag.py
[2024-05-28T16:27:30.995+0200] {processor.py:830} INFO - Processing file /Users/noejalabert/airflow_venv/lib/python3.11/site-packages/airflow/example_dags/example_trigger_controller_dag.py for tasks to queue
[2024-05-28T16:27:30.996+0200] {logging_mixin.py:188} INFO - [2024-05-28T16:27:30.996+0200] {dagbag.py:540} INFO - Filling up the DagBag from /Users/noejalabert/airflow_venv/lib/python3.11/site-packages/airflow/example_dags/example_trigger_controller_dag.py
[2024-05-28T16:27:31.000+0200] {processor.py:840} INFO - DAG(s) 'example_trigger_controller_dag' retrieved from /Users/noejalabert/airflow_venv/lib/python3.11/site-packages/airflow/example_dags/example_trigger_controller_dag.py
[2024-05-28T16:27:31.011+0200] {logging_mixin.py:188} INFO - [2024-05-28T16:27:31.011+0200] {dag.py:3096} INFO - Sync 1 DAGs
[2024-05-28T16:27:31.049+0200] {logging_mixin.py:188} INFO - [2024-05-28T16:27:31.049+0200] {dag.py:3954} INFO - Setting next_dagrun for example_trigger_controller_dag to 2021-01-01 00:00:00+00:00, run_after=2021-01-01 00:00:00+00:00
[2024-05-28T16:27:31.057+0200] {processor.py:183} INFO - Processing /Users/noejalabert/airflow_venv/lib/python3.11/site-packages/airflow/example_dags/example_trigger_controller_dag.py took 0.064 seconds
[2024-05-28T16:29:03.616+0200] {processor.py:161} INFO - Started process (PID=2550) to work on /Users/noejalabert/airflow_venv/lib/python3.11/site-packages/airflow/example_dags/example_trigger_controller_dag.py
[2024-05-28T16:29:03.617+0200] {processor.py:830} INFO - Processing file /Users/noejalabert/airflow_venv/lib/python3.11/site-packages/airflow/example_dags/example_trigger_controller_dag.py for tasks to queue
[2024-05-28T16:29:03.617+0200] {logging_mixin.py:188} INFO - [2024-05-28T16:29:03.617+0200] {dagbag.py:540} INFO - Filling up the DagBag from /Users/noejalabert/airflow_venv/lib/python3.11/site-packages/airflow/example_dags/example_trigger_controller_dag.py
[2024-05-28T16:29:03.622+0200] {processor.py:840} INFO - DAG(s) 'example_trigger_controller_dag' retrieved from /Users/noejalabert/airflow_venv/lib/python3.11/site-packages/airflow/example_dags/example_trigger_controller_dag.py
[2024-05-28T16:29:03.699+0200] {logging_mixin.py:188} INFO - [2024-05-28T16:29:03.699+0200] {dag.py:3096} INFO - Sync 1 DAGs
[2024-05-28T16:29:03.705+0200] {logging_mixin.py:188} INFO - [2024-05-28T16:29:03.705+0200] {dag.py:3954} INFO - Setting next_dagrun for example_trigger_controller_dag to 2021-01-01 00:00:00+00:00, run_after=2021-01-01 00:00:00+00:00
[2024-05-28T16:29:03.713+0200] {processor.py:183} INFO - Processing /Users/noejalabert/airflow_venv/lib/python3.11/site-packages/airflow/example_dags/example_trigger_controller_dag.py took 0.099 seconds
[2024-05-28T16:30:28.514+0200] {processor.py:161} INFO - Started process (PID=2799) to work on /Users/noejalabert/airflow_venv/lib/python3.11/site-packages/airflow/example_dags/example_trigger_controller_dag.py
[2024-05-28T16:30:28.516+0200] {processor.py:830} INFO - Processing file /Users/noejalabert/airflow_venv/lib/python3.11/site-packages/airflow/example_dags/example_trigger_controller_dag.py for tasks to queue
[2024-05-28T16:30:28.516+0200] {logging_mixin.py:188} INFO - [2024-05-28T16:30:28.516+0200] {dagbag.py:540} INFO - Filling up the DagBag from /Users/noejalabert/airflow_venv/lib/python3.11/site-packages/airflow/example_dags/example_trigger_controller_dag.py
[2024-05-28T16:30:28.521+0200] {processor.py:840} INFO - DAG(s) 'example_trigger_controller_dag' retrieved from /Users/noejalabert/airflow_venv/lib/python3.11/site-packages/airflow/example_dags/example_trigger_controller_dag.py
[2024-05-28T16:30:28.564+0200] {logging_mixin.py:188} INFO - [2024-05-28T16:30:28.564+0200] {dag.py:3096} INFO - Sync 1 DAGs
[2024-05-28T16:30:28.571+0200] {logging_mixin.py:188} INFO - [2024-05-28T16:30:28.571+0200] {dag.py:3954} INFO - Setting next_dagrun for example_trigger_controller_dag to 2021-01-01 00:00:00+00:00, run_after=2021-01-01 00:00:00+00:00
[2024-05-28T16:30:28.579+0200] {processor.py:183} INFO - Processing /Users/noejalabert/airflow_venv/lib/python3.11/site-packages/airflow/example_dags/example_trigger_controller_dag.py took 0.066 seconds
[2024-05-28T16:31:51.694+0200] {processor.py:161} INFO - Started process (PID=3069) to work on /Users/noejalabert/airflow_venv/lib/python3.11/site-packages/airflow/example_dags/example_trigger_controller_dag.py
[2024-05-28T16:31:51.694+0200] {processor.py:830} INFO - Processing file /Users/noejalabert/airflow_venv/lib/python3.11/site-packages/airflow/example_dags/example_trigger_controller_dag.py for tasks to queue
[2024-05-28T16:31:51.695+0200] {logging_mixin.py:188} INFO - [2024-05-28T16:31:51.694+0200] {dagbag.py:540} INFO - Filling up the DagBag from /Users/noejalabert/airflow_venv/lib/python3.11/site-packages/airflow/example_dags/example_trigger_controller_dag.py
[2024-05-28T16:31:51.699+0200] {processor.py:840} INFO - DAG(s) 'example_trigger_controller_dag' retrieved from /Users/noejalabert/airflow_venv/lib/python3.11/site-packages/airflow/example_dags/example_trigger_controller_dag.py
[2024-05-28T16:31:51.743+0200] {logging_mixin.py:188} INFO - [2024-05-28T16:31:51.743+0200] {dag.py:3096} INFO - Sync 1 DAGs
[2024-05-28T16:31:51.750+0200] {logging_mixin.py:188} INFO - [2024-05-28T16:31:51.750+0200] {dag.py:3954} INFO - Setting next_dagrun for example_trigger_controller_dag to 2021-01-01 00:00:00+00:00, run_after=2021-01-01 00:00:00+00:00
[2024-05-28T16:31:51.757+0200] {processor.py:183} INFO - Processing /Users/noejalabert/airflow_venv/lib/python3.11/site-packages/airflow/example_dags/example_trigger_controller_dag.py took 0.065 seconds
[2024-05-28T16:33:15.115+0200] {processor.py:161} INFO - Started process (PID=3141) to work on /Users/noejalabert/airflow_venv/lib/python3.11/site-packages/airflow/example_dags/example_trigger_controller_dag.py
[2024-05-28T16:33:15.117+0200] {processor.py:830} INFO - Processing file /Users/noejalabert/airflow_venv/lib/python3.11/site-packages/airflow/example_dags/example_trigger_controller_dag.py for tasks to queue
[2024-05-28T16:33:15.117+0200] {logging_mixin.py:188} INFO - [2024-05-28T16:33:15.117+0200] {dagbag.py:540} INFO - Filling up the DagBag from /Users/noejalabert/airflow_venv/lib/python3.11/site-packages/airflow/example_dags/example_trigger_controller_dag.py
[2024-05-28T16:33:15.122+0200] {processor.py:840} INFO - DAG(s) 'example_trigger_controller_dag' retrieved from /Users/noejalabert/airflow_venv/lib/python3.11/site-packages/airflow/example_dags/example_trigger_controller_dag.py
[2024-05-28T16:33:15.167+0200] {logging_mixin.py:188} INFO - [2024-05-28T16:33:15.167+0200] {dag.py:3096} INFO - Sync 1 DAGs
[2024-05-28T16:33:15.174+0200] {logging_mixin.py:188} INFO - [2024-05-28T16:33:15.174+0200] {dag.py:3954} INFO - Setting next_dagrun for example_trigger_controller_dag to 2021-01-01 00:00:00+00:00, run_after=2021-01-01 00:00:00+00:00
[2024-05-28T16:33:15.181+0200] {processor.py:183} INFO - Processing /Users/noejalabert/airflow_venv/lib/python3.11/site-packages/airflow/example_dags/example_trigger_controller_dag.py took 0.068 seconds
[2024-05-28T16:34:37.340+0200] {processor.py:161} INFO - Started process (PID=3261) to work on /Users/noejalabert/airflow_venv/lib/python3.11/site-packages/airflow/example_dags/example_trigger_controller_dag.py
[2024-05-28T16:34:37.342+0200] {processor.py:830} INFO - Processing file /Users/noejalabert/airflow_venv/lib/python3.11/site-packages/airflow/example_dags/example_trigger_controller_dag.py for tasks to queue
[2024-05-28T16:34:37.342+0200] {logging_mixin.py:188} INFO - [2024-05-28T16:34:37.342+0200] {dagbag.py:540} INFO - Filling up the DagBag from /Users/noejalabert/airflow_venv/lib/python3.11/site-packages/airflow/example_dags/example_trigger_controller_dag.py
[2024-05-28T16:34:37.347+0200] {processor.py:840} INFO - DAG(s) 'example_trigger_controller_dag' retrieved from /Users/noejalabert/airflow_venv/lib/python3.11/site-packages/airflow/example_dags/example_trigger_controller_dag.py
[2024-05-28T16:34:37.391+0200] {logging_mixin.py:188} INFO - [2024-05-28T16:34:37.391+0200] {dag.py:3096} INFO - Sync 1 DAGs
[2024-05-28T16:34:37.399+0200] {logging_mixin.py:188} INFO - [2024-05-28T16:34:37.398+0200] {dag.py:3954} INFO - Setting next_dagrun for example_trigger_controller_dag to 2021-01-01 00:00:00+00:00, run_after=2021-01-01 00:00:00+00:00
[2024-05-28T16:34:37.406+0200] {processor.py:183} INFO - Processing /Users/noejalabert/airflow_venv/lib/python3.11/site-packages/airflow/example_dags/example_trigger_controller_dag.py took 0.067 seconds
[2024-05-28T16:36:03.024+0200] {processor.py:161} INFO - Started process (PID=3352) to work on /Users/noejalabert/airflow_venv/lib/python3.11/site-packages/airflow/example_dags/example_trigger_controller_dag.py
[2024-05-28T16:36:03.026+0200] {processor.py:830} INFO - Processing file /Users/noejalabert/airflow_venv/lib/python3.11/site-packages/airflow/example_dags/example_trigger_controller_dag.py for tasks to queue
[2024-05-28T16:36:03.026+0200] {logging_mixin.py:188} INFO - [2024-05-28T16:36:03.026+0200] {dagbag.py:540} INFO - Filling up the DagBag from /Users/noejalabert/airflow_venv/lib/python3.11/site-packages/airflow/example_dags/example_trigger_controller_dag.py
[2024-05-28T16:36:03.030+0200] {processor.py:840} INFO - DAG(s) 'example_trigger_controller_dag' retrieved from /Users/noejalabert/airflow_venv/lib/python3.11/site-packages/airflow/example_dags/example_trigger_controller_dag.py
[2024-05-28T16:36:03.074+0200] {logging_mixin.py:188} INFO - [2024-05-28T16:36:03.074+0200] {dag.py:3096} INFO - Sync 1 DAGs
[2024-05-28T16:36:03.081+0200] {logging_mixin.py:188} INFO - [2024-05-28T16:36:03.081+0200] {dag.py:3954} INFO - Setting next_dagrun for example_trigger_controller_dag to 2021-01-01 00:00:00+00:00, run_after=2021-01-01 00:00:00+00:00
[2024-05-28T16:36:03.089+0200] {processor.py:183} INFO - Processing /Users/noejalabert/airflow_venv/lib/python3.11/site-packages/airflow/example_dags/example_trigger_controller_dag.py took 0.066 seconds
