[2024-05-28T16:24:33.085+0200] {processor.py:161} INFO - Started process (PID=2328) to work on /Users/noejalabert/airflow_venv/lib/python3.11/site-packages/airflow/example_dags/example_bash_operator.py
[2024-05-28T16:24:33.086+0200] {processor.py:830} INFO - Processing file /Users/noejalabert/airflow_venv/lib/python3.11/site-packages/airflow/example_dags/example_bash_operator.py for tasks to queue
[2024-05-28T16:24:33.086+0200] {logging_mixin.py:188} INFO - [2024-05-28T16:24:33.086+0200] {dagbag.py:540} INFO - Filling up the DagBag from /Users/noejalabert/airflow_venv/lib/python3.11/site-packages/airflow/example_dags/example_bash_operator.py
[2024-05-28T16:24:33.092+0200] {processor.py:840} INFO - DAG(s) 'example_bash_operator' retrieved from /Users/noejalabert/airflow_venv/lib/python3.11/site-packages/airflow/example_dags/example_bash_operator.py
[2024-05-28T16:24:33.175+0200] {logging_mixin.py:188} INFO - [2024-05-28T16:24:33.175+0200] {dag.py:3096} INFO - Sync 1 DAGs
[2024-05-28T16:24:33.182+0200] {logging_mixin.py:188} INFO - [2024-05-28T16:24:33.182+0200] {dag.py:3954} INFO - Setting next_dagrun for example_bash_operator to 2024-05-28 00:00:00+00:00, run_after=2024-05-29 00:00:00+00:00
[2024-05-28T16:24:33.190+0200] {processor.py:183} INFO - Processing /Users/noejalabert/airflow_venv/lib/python3.11/site-packages/airflow/example_dags/example_bash_operator.py took 0.106 seconds
[2024-05-28T16:28:35.741+0200] {processor.py:161} INFO - Started process (PID=2520) to work on /Users/noejalabert/airflow_venv/lib/python3.11/site-packages/airflow/example_dags/example_bash_operator.py
[2024-05-28T16:28:35.742+0200] {processor.py:830} INFO - Processing file /Users/noejalabert/airflow_venv/lib/python3.11/site-packages/airflow/example_dags/example_bash_operator.py for tasks to queue
[2024-05-28T16:28:35.743+0200] {logging_mixin.py:188} INFO - [2024-05-28T16:28:35.743+0200] {dagbag.py:540} INFO - Filling up the DagBag from /Users/noejalabert/airflow_venv/lib/python3.11/site-packages/airflow/example_dags/example_bash_operator.py
[2024-05-28T16:28:35.748+0200] {processor.py:840} INFO - DAG(s) 'example_bash_operator' retrieved from /Users/noejalabert/airflow_venv/lib/python3.11/site-packages/airflow/example_dags/example_bash_operator.py
[2024-05-28T16:28:35.831+0200] {logging_mixin.py:188} INFO - [2024-05-28T16:28:35.831+0200] {dag.py:3096} INFO - Sync 1 DAGs
[2024-05-28T16:28:35.838+0200] {logging_mixin.py:188} INFO - [2024-05-28T16:28:35.838+0200] {dag.py:3954} INFO - Setting next_dagrun for example_bash_operator to 2024-05-28 00:00:00+00:00, run_after=2024-05-29 00:00:00+00:00
[2024-05-28T16:28:35.847+0200] {processor.py:183} INFO - Processing /Users/noejalabert/airflow_venv/lib/python3.11/site-packages/airflow/example_dags/example_bash_operator.py took 0.107 seconds
[2024-05-28T16:31:24.171+0200] {processor.py:161} INFO - Started process (PID=2954) to work on /Users/noejalabert/airflow_venv/lib/python3.11/site-packages/airflow/example_dags/example_bash_operator.py
[2024-05-28T16:31:24.173+0200] {processor.py:830} INFO - Processing file /Users/noejalabert/airflow_venv/lib/python3.11/site-packages/airflow/example_dags/example_bash_operator.py for tasks to queue
[2024-05-28T16:31:24.173+0200] {logging_mixin.py:188} INFO - [2024-05-28T16:31:24.173+0200] {dagbag.py:540} INFO - Filling up the DagBag from /Users/noejalabert/airflow_venv/lib/python3.11/site-packages/airflow/example_dags/example_bash_operator.py
[2024-05-28T16:31:24.178+0200] {processor.py:840} INFO - DAG(s) 'example_bash_operator' retrieved from /Users/noejalabert/airflow_venv/lib/python3.11/site-packages/airflow/example_dags/example_bash_operator.py
[2024-05-28T16:31:24.227+0200] {logging_mixin.py:188} INFO - [2024-05-28T16:31:24.227+0200] {dag.py:3096} INFO - Sync 1 DAGs
[2024-05-28T16:31:24.235+0200] {logging_mixin.py:188} INFO - [2024-05-28T16:31:24.234+0200] {dag.py:3954} INFO - Setting next_dagrun for example_bash_operator to 2024-05-28 00:00:00+00:00, run_after=2024-05-29 00:00:00+00:00
[2024-05-28T16:31:24.242+0200] {processor.py:183} INFO - Processing /Users/noejalabert/airflow_venv/lib/python3.11/site-packages/airflow/example_dags/example_bash_operator.py took 0.072 seconds
[2024-05-28T16:34:10.081+0200] {processor.py:161} INFO - Started process (PID=3233) to work on /Users/noejalabert/airflow_venv/lib/python3.11/site-packages/airflow/example_dags/example_bash_operator.py
[2024-05-28T16:34:10.081+0200] {processor.py:830} INFO - Processing file /Users/noejalabert/airflow_venv/lib/python3.11/site-packages/airflow/example_dags/example_bash_operator.py for tasks to queue
[2024-05-28T16:34:10.081+0200] {logging_mixin.py:188} INFO - [2024-05-28T16:34:10.081+0200] {dagbag.py:540} INFO - Filling up the DagBag from /Users/noejalabert/airflow_venv/lib/python3.11/site-packages/airflow/example_dags/example_bash_operator.py
[2024-05-28T16:34:10.087+0200] {processor.py:840} INFO - DAG(s) 'example_bash_operator' retrieved from /Users/noejalabert/airflow_venv/lib/python3.11/site-packages/airflow/example_dags/example_bash_operator.py
[2024-05-28T16:34:10.138+0200] {logging_mixin.py:188} INFO - [2024-05-28T16:34:10.137+0200] {dag.py:3096} INFO - Sync 1 DAGs
[2024-05-28T16:34:10.156+0200] {logging_mixin.py:188} INFO - [2024-05-28T16:34:10.155+0200] {dag.py:3954} INFO - Setting next_dagrun for example_bash_operator to 2024-05-28 00:00:00+00:00, run_after=2024-05-29 00:00:00+00:00
[2024-05-28T16:34:10.166+0200] {processor.py:183} INFO - Processing /Users/noejalabert/airflow_venv/lib/python3.11/site-packages/airflow/example_dags/example_bash_operator.py took 0.087 seconds
