[2024-05-28T16:23:41.031+0200] {processor.py:161} INFO - Started process (PID=2275) to work on /Users/noejalabert/airflow_venv/lib/python3.11/site-packages/airflow/example_dags/example_short_circuit_operator.py
[2024-05-28T16:23:41.032+0200] {processor.py:830} INFO - Processing file /Users/noejalabert/airflow_venv/lib/python3.11/site-packages/airflow/example_dags/example_short_circuit_operator.py for tasks to queue
[2024-05-28T16:23:41.032+0200] {logging_mixin.py:188} INFO - [2024-05-28T16:23:41.032+0200] {dagbag.py:540} INFO - Filling up the DagBag from /Users/noejalabert/airflow_venv/lib/python3.11/site-packages/airflow/example_dags/example_short_circuit_operator.py
[2024-05-28T16:23:41.045+0200] {processor.py:840} INFO - DAG(s) 'example_short_circuit_operator' retrieved from /Users/noejalabert/airflow_venv/lib/python3.11/site-packages/airflow/example_dags/example_short_circuit_operator.py
[2024-05-28T16:23:41.125+0200] {logging_mixin.py:188} INFO - [2024-05-28T16:23:41.125+0200] {dag.py:3096} INFO - Sync 1 DAGs
[2024-05-28T16:23:41.158+0200] {logging_mixin.py:188} INFO - [2024-05-28T16:23:41.158+0200] {dag.py:3954} INFO - Setting next_dagrun for example_short_circuit_operator to 2024-05-27 00:00:00+00:00, run_after=2024-05-28 00:00:00+00:00
[2024-05-28T16:23:41.166+0200] {processor.py:183} INFO - Processing /Users/noejalabert/airflow_venv/lib/python3.11/site-packages/airflow/example_dags/example_short_circuit_operator.py took 0.136 seconds
[2024-05-28T16:27:43.468+0200] {processor.py:161} INFO - Started process (PID=2466) to work on /Users/noejalabert/airflow_venv/lib/python3.11/site-packages/airflow/example_dags/example_short_circuit_operator.py
[2024-05-28T16:27:43.469+0200] {processor.py:830} INFO - Processing file /Users/noejalabert/airflow_venv/lib/python3.11/site-packages/airflow/example_dags/example_short_circuit_operator.py for tasks to queue
[2024-05-28T16:27:43.469+0200] {logging_mixin.py:188} INFO - [2024-05-28T16:27:43.469+0200] {dagbag.py:540} INFO - Filling up the DagBag from /Users/noejalabert/airflow_venv/lib/python3.11/site-packages/airflow/example_dags/example_short_circuit_operator.py
[2024-05-28T16:27:43.481+0200] {processor.py:840} INFO - DAG(s) 'example_short_circuit_operator' retrieved from /Users/noejalabert/airflow_venv/lib/python3.11/site-packages/airflow/example_dags/example_short_circuit_operator.py
[2024-05-28T16:27:43.560+0200] {logging_mixin.py:188} INFO - [2024-05-28T16:27:43.560+0200] {dag.py:3096} INFO - Sync 1 DAGs
[2024-05-28T16:27:43.591+0200] {logging_mixin.py:188} INFO - [2024-05-28T16:27:43.591+0200] {dag.py:3954} INFO - Setting next_dagrun for example_short_circuit_operator to 2024-05-27 00:00:00+00:00, run_after=2024-05-28 00:00:00+00:00
[2024-05-28T16:27:43.599+0200] {processor.py:183} INFO - Processing /Users/noejalabert/airflow_venv/lib/python3.11/site-packages/airflow/example_dags/example_short_circuit_operator.py took 0.133 seconds
[2024-05-28T16:29:16.019+0200] {processor.py:161} INFO - Started process (PID=2559) to work on /Users/noejalabert/airflow_venv/lib/python3.11/site-packages/airflow/example_dags/example_short_circuit_operator.py
[2024-05-28T16:29:16.020+0200] {processor.py:830} INFO - Processing file /Users/noejalabert/airflow_venv/lib/python3.11/site-packages/airflow/example_dags/example_short_circuit_operator.py for tasks to queue
[2024-05-28T16:29:16.021+0200] {logging_mixin.py:188} INFO - [2024-05-28T16:29:16.020+0200] {dagbag.py:540} INFO - Filling up the DagBag from /Users/noejalabert/airflow_venv/lib/python3.11/site-packages/airflow/example_dags/example_short_circuit_operator.py
[2024-05-28T16:29:16.033+0200] {processor.py:840} INFO - DAG(s) 'example_short_circuit_operator' retrieved from /Users/noejalabert/airflow_venv/lib/python3.11/site-packages/airflow/example_dags/example_short_circuit_operator.py
[2024-05-28T16:29:16.089+0200] {logging_mixin.py:188} INFO - [2024-05-28T16:29:16.089+0200] {dag.py:3096} INFO - Sync 1 DAGs
[2024-05-28T16:29:16.096+0200] {logging_mixin.py:188} INFO - [2024-05-28T16:29:16.096+0200] {dag.py:3954} INFO - Setting next_dagrun for example_short_circuit_operator to 2024-05-27 00:00:00+00:00, run_after=2024-05-28 00:00:00+00:00
[2024-05-28T16:29:16.104+0200] {processor.py:183} INFO - Processing /Users/noejalabert/airflow_venv/lib/python3.11/site-packages/airflow/example_dags/example_short_circuit_operator.py took 0.087 seconds
[2024-05-28T16:30:39.747+0200] {processor.py:161} INFO - Started process (PID=2832) to work on /Users/noejalabert/airflow_venv/lib/python3.11/site-packages/airflow/example_dags/example_short_circuit_operator.py
[2024-05-28T16:30:39.748+0200] {processor.py:830} INFO - Processing file /Users/noejalabert/airflow_venv/lib/python3.11/site-packages/airflow/example_dags/example_short_circuit_operator.py for tasks to queue
[2024-05-28T16:30:39.748+0200] {logging_mixin.py:188} INFO - [2024-05-28T16:30:39.748+0200] {dagbag.py:540} INFO - Filling up the DagBag from /Users/noejalabert/airflow_venv/lib/python3.11/site-packages/airflow/example_dags/example_short_circuit_operator.py
[2024-05-28T16:30:39.760+0200] {processor.py:840} INFO - DAG(s) 'example_short_circuit_operator' retrieved from /Users/noejalabert/airflow_venv/lib/python3.11/site-packages/airflow/example_dags/example_short_circuit_operator.py
[2024-05-28T16:30:39.807+0200] {logging_mixin.py:188} INFO - [2024-05-28T16:30:39.807+0200] {dag.py:3096} INFO - Sync 1 DAGs
[2024-05-28T16:30:39.814+0200] {logging_mixin.py:188} INFO - [2024-05-28T16:30:39.813+0200] {dag.py:3954} INFO - Setting next_dagrun for example_short_circuit_operator to 2024-05-27 00:00:00+00:00, run_after=2024-05-28 00:00:00+00:00
[2024-05-28T16:30:39.821+0200] {processor.py:183} INFO - Processing /Users/noejalabert/airflow_venv/lib/python3.11/site-packages/airflow/example_dags/example_short_circuit_operator.py took 0.075 seconds
[2024-05-28T16:32:02.955+0200] {processor.py:161} INFO - Started process (PID=3081) to work on /Users/noejalabert/airflow_venv/lib/python3.11/site-packages/airflow/example_dags/example_short_circuit_operator.py
[2024-05-28T16:32:02.956+0200] {processor.py:830} INFO - Processing file /Users/noejalabert/airflow_venv/lib/python3.11/site-packages/airflow/example_dags/example_short_circuit_operator.py for tasks to queue
[2024-05-28T16:32:02.957+0200] {logging_mixin.py:188} INFO - [2024-05-28T16:32:02.957+0200] {dagbag.py:540} INFO - Filling up the DagBag from /Users/noejalabert/airflow_venv/lib/python3.11/site-packages/airflow/example_dags/example_short_circuit_operator.py
[2024-05-28T16:32:02.969+0200] {processor.py:840} INFO - DAG(s) 'example_short_circuit_operator' retrieved from /Users/noejalabert/airflow_venv/lib/python3.11/site-packages/airflow/example_dags/example_short_circuit_operator.py
[2024-05-28T16:32:03.016+0200] {logging_mixin.py:188} INFO - [2024-05-28T16:32:03.016+0200] {dag.py:3096} INFO - Sync 1 DAGs
[2024-05-28T16:32:03.023+0200] {logging_mixin.py:188} INFO - [2024-05-28T16:32:03.023+0200] {dag.py:3954} INFO - Setting next_dagrun for example_short_circuit_operator to 2024-05-27 00:00:00+00:00, run_after=2024-05-28 00:00:00+00:00
[2024-05-28T16:32:03.030+0200] {processor.py:183} INFO - Processing /Users/noejalabert/airflow_venv/lib/python3.11/site-packages/airflow/example_dags/example_short_circuit_operator.py took 0.077 seconds
[2024-05-28T16:33:26.239+0200] {processor.py:161} INFO - Started process (PID=3151) to work on /Users/noejalabert/airflow_venv/lib/python3.11/site-packages/airflow/example_dags/example_short_circuit_operator.py
[2024-05-28T16:33:26.241+0200] {processor.py:830} INFO - Processing file /Users/noejalabert/airflow_venv/lib/python3.11/site-packages/airflow/example_dags/example_short_circuit_operator.py for tasks to queue
[2024-05-28T16:33:26.241+0200] {logging_mixin.py:188} INFO - [2024-05-28T16:33:26.241+0200] {dagbag.py:540} INFO - Filling up the DagBag from /Users/noejalabert/airflow_venv/lib/python3.11/site-packages/airflow/example_dags/example_short_circuit_operator.py
[2024-05-28T16:33:26.253+0200] {processor.py:840} INFO - DAG(s) 'example_short_circuit_operator' retrieved from /Users/noejalabert/airflow_venv/lib/python3.11/site-packages/airflow/example_dags/example_short_circuit_operator.py
[2024-05-28T16:33:26.301+0200] {logging_mixin.py:188} INFO - [2024-05-28T16:33:26.300+0200] {dag.py:3096} INFO - Sync 1 DAGs
[2024-05-28T16:33:26.307+0200] {logging_mixin.py:188} INFO - [2024-05-28T16:33:26.307+0200] {dag.py:3954} INFO - Setting next_dagrun for example_short_circuit_operator to 2024-05-27 00:00:00+00:00, run_after=2024-05-28 00:00:00+00:00
[2024-05-28T16:33:26.315+0200] {processor.py:183} INFO - Processing /Users/noejalabert/airflow_venv/lib/python3.11/site-packages/airflow/example_dags/example_short_circuit_operator.py took 0.077 seconds
[2024-05-28T16:34:50.384+0200] {processor.py:161} INFO - Started process (PID=3284) to work on /Users/noejalabert/airflow_venv/lib/python3.11/site-packages/airflow/example_dags/example_short_circuit_operator.py
[2024-05-28T16:34:50.386+0200] {processor.py:830} INFO - Processing file /Users/noejalabert/airflow_venv/lib/python3.11/site-packages/airflow/example_dags/example_short_circuit_operator.py for tasks to queue
[2024-05-28T16:34:50.386+0200] {logging_mixin.py:188} INFO - [2024-05-28T16:34:50.386+0200] {dagbag.py:540} INFO - Filling up the DagBag from /Users/noejalabert/airflow_venv/lib/python3.11/site-packages/airflow/example_dags/example_short_circuit_operator.py
[2024-05-28T16:34:50.399+0200] {processor.py:840} INFO - DAG(s) 'example_short_circuit_operator' retrieved from /Users/noejalabert/airflow_venv/lib/python3.11/site-packages/airflow/example_dags/example_short_circuit_operator.py
[2024-05-28T16:34:50.446+0200] {logging_mixin.py:188} INFO - [2024-05-28T16:34:50.446+0200] {dag.py:3096} INFO - Sync 1 DAGs
[2024-05-28T16:34:50.452+0200] {logging_mixin.py:188} INFO - [2024-05-28T16:34:50.452+0200] {dag.py:3954} INFO - Setting next_dagrun for example_short_circuit_operator to 2024-05-27 00:00:00+00:00, run_after=2024-05-28 00:00:00+00:00
[2024-05-28T16:34:50.460+0200] {processor.py:183} INFO - Processing /Users/noejalabert/airflow_venv/lib/python3.11/site-packages/airflow/example_dags/example_short_circuit_operator.py took 0.077 seconds
[2024-05-28T16:36:15.481+0200] {processor.py:161} INFO - Started process (PID=3361) to work on /Users/noejalabert/airflow_venv/lib/python3.11/site-packages/airflow/example_dags/example_short_circuit_operator.py
[2024-05-28T16:36:15.481+0200] {processor.py:830} INFO - Processing file /Users/noejalabert/airflow_venv/lib/python3.11/site-packages/airflow/example_dags/example_short_circuit_operator.py for tasks to queue
[2024-05-28T16:36:15.482+0200] {logging_mixin.py:188} INFO - [2024-05-28T16:36:15.481+0200] {dagbag.py:540} INFO - Filling up the DagBag from /Users/noejalabert/airflow_venv/lib/python3.11/site-packages/airflow/example_dags/example_short_circuit_operator.py
[2024-05-28T16:36:15.494+0200] {processor.py:840} INFO - DAG(s) 'example_short_circuit_operator' retrieved from /Users/noejalabert/airflow_venv/lib/python3.11/site-packages/airflow/example_dags/example_short_circuit_operator.py
[2024-05-28T16:36:15.541+0200] {logging_mixin.py:188} INFO - [2024-05-28T16:36:15.540+0200] {dag.py:3096} INFO - Sync 1 DAGs
[2024-05-28T16:36:15.547+0200] {logging_mixin.py:188} INFO - [2024-05-28T16:36:15.547+0200] {dag.py:3954} INFO - Setting next_dagrun for example_short_circuit_operator to 2024-05-27 00:00:00+00:00, run_after=2024-05-28 00:00:00+00:00
[2024-05-28T16:36:15.555+0200] {processor.py:183} INFO - Processing /Users/noejalabert/airflow_venv/lib/python3.11/site-packages/airflow/example_dags/example_short_circuit_operator.py took 0.076 seconds
[2024-05-28T16:37:41.524+0200] {processor.py:161} INFO - Started process (PID=3724) to work on /Users/noejalabert/airflow_venv/lib/python3.11/site-packages/airflow/example_dags/example_short_circuit_operator.py
[2024-05-28T16:37:41.525+0200] {processor.py:830} INFO - Processing file /Users/noejalabert/airflow_venv/lib/python3.11/site-packages/airflow/example_dags/example_short_circuit_operator.py for tasks to queue
[2024-05-28T16:37:41.525+0200] {logging_mixin.py:188} INFO - [2024-05-28T16:37:41.525+0200] {dagbag.py:540} INFO - Filling up the DagBag from /Users/noejalabert/airflow_venv/lib/python3.11/site-packages/airflow/example_dags/example_short_circuit_operator.py
[2024-05-28T16:37:41.538+0200] {processor.py:840} INFO - DAG(s) 'example_short_circuit_operator' retrieved from /Users/noejalabert/airflow_venv/lib/python3.11/site-packages/airflow/example_dags/example_short_circuit_operator.py
[2024-05-28T16:37:41.586+0200] {logging_mixin.py:188} INFO - [2024-05-28T16:37:41.585+0200] {dag.py:3096} INFO - Sync 1 DAGs
[2024-05-28T16:37:41.592+0200] {logging_mixin.py:188} INFO - [2024-05-28T16:37:41.592+0200] {dag.py:3954} INFO - Setting next_dagrun for example_short_circuit_operator to 2024-05-27 00:00:00+00:00, run_after=2024-05-28 00:00:00+00:00
[2024-05-28T16:37:41.600+0200] {processor.py:183} INFO - Processing /Users/noejalabert/airflow_venv/lib/python3.11/site-packages/airflow/example_dags/example_short_circuit_operator.py took 0.077 seconds
[2024-05-28T16:39:07.373+0200] {processor.py:161} INFO - Started process (PID=3811) to work on /Users/noejalabert/airflow_venv/lib/python3.11/site-packages/airflow/example_dags/example_short_circuit_operator.py
[2024-05-28T16:39:07.374+0200] {processor.py:830} INFO - Processing file /Users/noejalabert/airflow_venv/lib/python3.11/site-packages/airflow/example_dags/example_short_circuit_operator.py for tasks to queue
[2024-05-28T16:39:07.374+0200] {logging_mixin.py:188} INFO - [2024-05-28T16:39:07.374+0200] {dagbag.py:540} INFO - Filling up the DagBag from /Users/noejalabert/airflow_venv/lib/python3.11/site-packages/airflow/example_dags/example_short_circuit_operator.py
[2024-05-28T16:39:07.386+0200] {processor.py:840} INFO - DAG(s) 'example_short_circuit_operator' retrieved from /Users/noejalabert/airflow_venv/lib/python3.11/site-packages/airflow/example_dags/example_short_circuit_operator.py
[2024-05-28T16:39:07.432+0200] {logging_mixin.py:188} INFO - [2024-05-28T16:39:07.432+0200] {dag.py:3096} INFO - Sync 1 DAGs
[2024-05-28T16:39:07.439+0200] {logging_mixin.py:188} INFO - [2024-05-28T16:39:07.439+0200] {dag.py:3954} INFO - Setting next_dagrun for example_short_circuit_operator to 2024-05-27 00:00:00+00:00, run_after=2024-05-28 00:00:00+00:00
[2024-05-28T16:39:07.447+0200] {processor.py:183} INFO - Processing /Users/noejalabert/airflow_venv/lib/python3.11/site-packages/airflow/example_dags/example_short_circuit_operator.py took 0.075 seconds
[2024-05-28T16:40:30.510+0200] {processor.py:161} INFO - Started process (PID=3899) to work on /Users/noejalabert/airflow_venv/lib/python3.11/site-packages/airflow/example_dags/example_short_circuit_operator.py
[2024-05-28T16:40:30.511+0200] {processor.py:830} INFO - Processing file /Users/noejalabert/airflow_venv/lib/python3.11/site-packages/airflow/example_dags/example_short_circuit_operator.py for tasks to queue
[2024-05-28T16:40:30.511+0200] {logging_mixin.py:188} INFO - [2024-05-28T16:40:30.511+0200] {dagbag.py:540} INFO - Filling up the DagBag from /Users/noejalabert/airflow_venv/lib/python3.11/site-packages/airflow/example_dags/example_short_circuit_operator.py
[2024-05-28T16:40:30.523+0200] {processor.py:840} INFO - DAG(s) 'example_short_circuit_operator' retrieved from /Users/noejalabert/airflow_venv/lib/python3.11/site-packages/airflow/example_dags/example_short_circuit_operator.py
[2024-05-28T16:40:30.569+0200] {logging_mixin.py:188} INFO - [2024-05-28T16:40:30.569+0200] {dag.py:3096} INFO - Sync 1 DAGs
[2024-05-28T16:40:30.576+0200] {logging_mixin.py:188} INFO - [2024-05-28T16:40:30.576+0200] {dag.py:3954} INFO - Setting next_dagrun for example_short_circuit_operator to 2024-05-27 00:00:00+00:00, run_after=2024-05-28 00:00:00+00:00
[2024-05-28T16:40:30.584+0200] {processor.py:183} INFO - Processing /Users/noejalabert/airflow_venv/lib/python3.11/site-packages/airflow/example_dags/example_short_circuit_operator.py took 0.075 seconds
[2024-05-28T16:41:55.435+0200] {processor.py:161} INFO - Started process (PID=3971) to work on /Users/noejalabert/airflow_venv/lib/python3.11/site-packages/airflow/example_dags/example_short_circuit_operator.py
[2024-05-28T16:41:55.436+0200] {processor.py:830} INFO - Processing file /Users/noejalabert/airflow_venv/lib/python3.11/site-packages/airflow/example_dags/example_short_circuit_operator.py for tasks to queue
[2024-05-28T16:41:55.436+0200] {logging_mixin.py:188} INFO - [2024-05-28T16:41:55.436+0200] {dagbag.py:540} INFO - Filling up the DagBag from /Users/noejalabert/airflow_venv/lib/python3.11/site-packages/airflow/example_dags/example_short_circuit_operator.py
[2024-05-28T16:41:55.448+0200] {processor.py:840} INFO - DAG(s) 'example_short_circuit_operator' retrieved from /Users/noejalabert/airflow_venv/lib/python3.11/site-packages/airflow/example_dags/example_short_circuit_operator.py
[2024-05-28T16:41:55.494+0200] {logging_mixin.py:188} INFO - [2024-05-28T16:41:55.494+0200] {dag.py:3096} INFO - Sync 1 DAGs
[2024-05-28T16:41:55.501+0200] {logging_mixin.py:188} INFO - [2024-05-28T16:41:55.501+0200] {dag.py:3954} INFO - Setting next_dagrun for example_short_circuit_operator to 2024-05-27 00:00:00+00:00, run_after=2024-05-28 00:00:00+00:00
[2024-05-28T16:41:55.509+0200] {processor.py:183} INFO - Processing /Users/noejalabert/airflow_venv/lib/python3.11/site-packages/airflow/example_dags/example_short_circuit_operator.py took 0.075 seconds
[2024-05-28T16:43:16.640+0200] {processor.py:161} INFO - Started process (PID=4056) to work on /Users/noejalabert/airflow_venv/lib/python3.11/site-packages/airflow/example_dags/example_short_circuit_operator.py
[2024-05-28T16:43:16.641+0200] {processor.py:830} INFO - Processing file /Users/noejalabert/airflow_venv/lib/python3.11/site-packages/airflow/example_dags/example_short_circuit_operator.py for tasks to queue
[2024-05-28T16:43:16.641+0200] {logging_mixin.py:188} INFO - [2024-05-28T16:43:16.641+0200] {dagbag.py:540} INFO - Filling up the DagBag from /Users/noejalabert/airflow_venv/lib/python3.11/site-packages/airflow/example_dags/example_short_circuit_operator.py
[2024-05-28T16:43:16.653+0200] {processor.py:840} INFO - DAG(s) 'example_short_circuit_operator' retrieved from /Users/noejalabert/airflow_venv/lib/python3.11/site-packages/airflow/example_dags/example_short_circuit_operator.py
[2024-05-28T16:43:16.700+0200] {logging_mixin.py:188} INFO - [2024-05-28T16:43:16.700+0200] {dag.py:3096} INFO - Sync 1 DAGs
[2024-05-28T16:43:16.707+0200] {logging_mixin.py:188} INFO - [2024-05-28T16:43:16.706+0200] {dag.py:3954} INFO - Setting next_dagrun for example_short_circuit_operator to 2024-05-27 00:00:00+00:00, run_after=2024-05-28 00:00:00+00:00
[2024-05-28T16:43:16.714+0200] {processor.py:183} INFO - Processing /Users/noejalabert/airflow_venv/lib/python3.11/site-packages/airflow/example_dags/example_short_circuit_operator.py took 0.075 seconds
[2024-05-28T16:44:42.498+0200] {processor.py:161} INFO - Started process (PID=4125) to work on /Users/noejalabert/airflow_venv/lib/python3.11/site-packages/airflow/example_dags/example_short_circuit_operator.py
[2024-05-28T16:44:42.499+0200] {processor.py:830} INFO - Processing file /Users/noejalabert/airflow_venv/lib/python3.11/site-packages/airflow/example_dags/example_short_circuit_operator.py for tasks to queue
[2024-05-28T16:44:42.499+0200] {logging_mixin.py:188} INFO - [2024-05-28T16:44:42.499+0200] {dagbag.py:540} INFO - Filling up the DagBag from /Users/noejalabert/airflow_venv/lib/python3.11/site-packages/airflow/example_dags/example_short_circuit_operator.py
[2024-05-28T16:44:42.511+0200] {processor.py:840} INFO - DAG(s) 'example_short_circuit_operator' retrieved from /Users/noejalabert/airflow_venv/lib/python3.11/site-packages/airflow/example_dags/example_short_circuit_operator.py
[2024-05-28T16:44:42.557+0200] {logging_mixin.py:188} INFO - [2024-05-28T16:44:42.557+0200] {dag.py:3096} INFO - Sync 1 DAGs
[2024-05-28T16:44:42.564+0200] {logging_mixin.py:188} INFO - [2024-05-28T16:44:42.564+0200] {dag.py:3954} INFO - Setting next_dagrun for example_short_circuit_operator to 2024-05-27 00:00:00+00:00, run_after=2024-05-28 00:00:00+00:00
[2024-05-28T16:44:42.571+0200] {processor.py:183} INFO - Processing /Users/noejalabert/airflow_venv/lib/python3.11/site-packages/airflow/example_dags/example_short_circuit_operator.py took 0.075 seconds
[2024-05-28T16:47:06.427+0200] {processor.py:161} INFO - Started process (PID=4213) to work on /Users/noejalabert/airflow_venv/lib/python3.11/site-packages/airflow/example_dags/example_short_circuit_operator.py
[2024-05-28T16:47:06.427+0200] {processor.py:830} INFO - Processing file /Users/noejalabert/airflow_venv/lib/python3.11/site-packages/airflow/example_dags/example_short_circuit_operator.py for tasks to queue
[2024-05-28T16:47:06.427+0200] {logging_mixin.py:188} INFO - [2024-05-28T16:47:06.427+0200] {dagbag.py:540} INFO - Filling up the DagBag from /Users/noejalabert/airflow_venv/lib/python3.11/site-packages/airflow/example_dags/example_short_circuit_operator.py
[2024-05-28T16:47:06.440+0200] {processor.py:840} INFO - DAG(s) 'example_short_circuit_operator' retrieved from /Users/noejalabert/airflow_venv/lib/python3.11/site-packages/airflow/example_dags/example_short_circuit_operator.py
[2024-05-28T16:47:06.487+0200] {logging_mixin.py:188} INFO - [2024-05-28T16:47:06.486+0200] {dag.py:3096} INFO - Sync 1 DAGs
[2024-05-28T16:47:06.493+0200] {logging_mixin.py:188} INFO - [2024-05-28T16:47:06.493+0200] {dag.py:3954} INFO - Setting next_dagrun for example_short_circuit_operator to 2024-05-27 00:00:00+00:00, run_after=2024-05-28 00:00:00+00:00
[2024-05-28T16:47:06.501+0200] {processor.py:183} INFO - Processing /Users/noejalabert/airflow_venv/lib/python3.11/site-packages/airflow/example_dags/example_short_circuit_operator.py took 0.075 seconds
[2024-05-28T16:48:29.802+0200] {processor.py:161} INFO - Started process (PID=4291) to work on /Users/noejalabert/airflow_venv/lib/python3.11/site-packages/airflow/example_dags/example_short_circuit_operator.py
[2024-05-28T16:48:29.803+0200] {processor.py:830} INFO - Processing file /Users/noejalabert/airflow_venv/lib/python3.11/site-packages/airflow/example_dags/example_short_circuit_operator.py for tasks to queue
[2024-05-28T16:48:29.803+0200] {logging_mixin.py:188} INFO - [2024-05-28T16:48:29.803+0200] {dagbag.py:540} INFO - Filling up the DagBag from /Users/noejalabert/airflow_venv/lib/python3.11/site-packages/airflow/example_dags/example_short_circuit_operator.py
[2024-05-28T16:48:29.816+0200] {processor.py:840} INFO - DAG(s) 'example_short_circuit_operator' retrieved from /Users/noejalabert/airflow_venv/lib/python3.11/site-packages/airflow/example_dags/example_short_circuit_operator.py
[2024-05-28T16:48:29.873+0200] {logging_mixin.py:188} INFO - [2024-05-28T16:48:29.873+0200] {dag.py:3096} INFO - Sync 1 DAGs
[2024-05-28T16:48:29.880+0200] {logging_mixin.py:188} INFO - [2024-05-28T16:48:29.880+0200] {dag.py:3954} INFO - Setting next_dagrun for example_short_circuit_operator to 2024-05-27 00:00:00+00:00, run_after=2024-05-28 00:00:00+00:00
[2024-05-28T16:48:29.888+0200] {processor.py:183} INFO - Processing /Users/noejalabert/airflow_venv/lib/python3.11/site-packages/airflow/example_dags/example_short_circuit_operator.py took 0.088 seconds
[2024-05-28T16:49:53.855+0200] {processor.py:161} INFO - Started process (PID=4388) to work on /Users/noejalabert/airflow_venv/lib/python3.11/site-packages/airflow/example_dags/example_short_circuit_operator.py
[2024-05-28T16:49:53.856+0200] {processor.py:830} INFO - Processing file /Users/noejalabert/airflow_venv/lib/python3.11/site-packages/airflow/example_dags/example_short_circuit_operator.py for tasks to queue
[2024-05-28T16:49:53.857+0200] {logging_mixin.py:188} INFO - [2024-05-28T16:49:53.856+0200] {dagbag.py:540} INFO - Filling up the DagBag from /Users/noejalabert/airflow_venv/lib/python3.11/site-packages/airflow/example_dags/example_short_circuit_operator.py
[2024-05-28T16:49:53.869+0200] {processor.py:840} INFO - DAG(s) 'example_short_circuit_operator' retrieved from /Users/noejalabert/airflow_venv/lib/python3.11/site-packages/airflow/example_dags/example_short_circuit_operator.py
[2024-05-28T16:49:53.916+0200] {logging_mixin.py:188} INFO - [2024-05-28T16:49:53.916+0200] {dag.py:3096} INFO - Sync 1 DAGs
[2024-05-28T16:49:53.923+0200] {logging_mixin.py:188} INFO - [2024-05-28T16:49:53.923+0200] {dag.py:3954} INFO - Setting next_dagrun for example_short_circuit_operator to 2024-05-27 00:00:00+00:00, run_after=2024-05-28 00:00:00+00:00
[2024-05-28T16:49:53.930+0200] {processor.py:183} INFO - Processing /Users/noejalabert/airflow_venv/lib/python3.11/site-packages/airflow/example_dags/example_short_circuit_operator.py took 0.077 seconds
[2024-05-28T16:51:13.332+0200] {processor.py:161} INFO - Started process (PID=4475) to work on /Users/noejalabert/airflow_venv/lib/python3.11/site-packages/airflow/example_dags/example_short_circuit_operator.py
[2024-05-28T16:51:13.333+0200] {processor.py:830} INFO - Processing file /Users/noejalabert/airflow_venv/lib/python3.11/site-packages/airflow/example_dags/example_short_circuit_operator.py for tasks to queue
[2024-05-28T16:51:13.333+0200] {logging_mixin.py:188} INFO - [2024-05-28T16:51:13.333+0200] {dagbag.py:540} INFO - Filling up the DagBag from /Users/noejalabert/airflow_venv/lib/python3.11/site-packages/airflow/example_dags/example_short_circuit_operator.py
[2024-05-28T16:51:13.346+0200] {processor.py:840} INFO - DAG(s) 'example_short_circuit_operator' retrieved from /Users/noejalabert/airflow_venv/lib/python3.11/site-packages/airflow/example_dags/example_short_circuit_operator.py
[2024-05-28T16:51:13.393+0200] {logging_mixin.py:188} INFO - [2024-05-28T16:51:13.393+0200] {dag.py:3096} INFO - Sync 1 DAGs
[2024-05-28T16:51:13.399+0200] {logging_mixin.py:188} INFO - [2024-05-28T16:51:13.399+0200] {dag.py:3954} INFO - Setting next_dagrun for example_short_circuit_operator to 2024-05-27 00:00:00+00:00, run_after=2024-05-28 00:00:00+00:00
[2024-05-28T16:51:13.407+0200] {processor.py:183} INFO - Processing /Users/noejalabert/airflow_venv/lib/python3.11/site-packages/airflow/example_dags/example_short_circuit_operator.py took 0.076 seconds
[2024-05-28T16:52:35.162+0200] {processor.py:161} INFO - Started process (PID=4731) to work on /Users/noejalabert/airflow_venv/lib/python3.11/site-packages/airflow/example_dags/example_short_circuit_operator.py
[2024-05-28T16:52:35.164+0200] {processor.py:830} INFO - Processing file /Users/noejalabert/airflow_venv/lib/python3.11/site-packages/airflow/example_dags/example_short_circuit_operator.py for tasks to queue
[2024-05-28T16:52:35.164+0200] {logging_mixin.py:188} INFO - [2024-05-28T16:52:35.164+0200] {dagbag.py:540} INFO - Filling up the DagBag from /Users/noejalabert/airflow_venv/lib/python3.11/site-packages/airflow/example_dags/example_short_circuit_operator.py
[2024-05-28T16:52:35.178+0200] {processor.py:840} INFO - DAG(s) 'example_short_circuit_operator' retrieved from /Users/noejalabert/airflow_venv/lib/python3.11/site-packages/airflow/example_dags/example_short_circuit_operator.py
[2024-05-28T16:52:35.233+0200] {logging_mixin.py:188} INFO - [2024-05-28T16:52:35.233+0200] {dag.py:3096} INFO - Sync 1 DAGs
[2024-05-28T16:52:35.240+0200] {logging_mixin.py:188} INFO - [2024-05-28T16:52:35.240+0200] {dag.py:3954} INFO - Setting next_dagrun for example_short_circuit_operator to 2024-05-27 00:00:00+00:00, run_after=2024-05-28 00:00:00+00:00
[2024-05-28T16:52:35.248+0200] {processor.py:183} INFO - Processing /Users/noejalabert/airflow_venv/lib/python3.11/site-packages/airflow/example_dags/example_short_circuit_operator.py took 0.088 seconds
[2024-05-28T16:53:59.454+0200] {processor.py:161} INFO - Started process (PID=5118) to work on /Users/noejalabert/airflow_venv/lib/python3.11/site-packages/airflow/example_dags/example_short_circuit_operator.py
[2024-05-28T16:53:59.455+0200] {processor.py:830} INFO - Processing file /Users/noejalabert/airflow_venv/lib/python3.11/site-packages/airflow/example_dags/example_short_circuit_operator.py for tasks to queue
[2024-05-28T16:53:59.455+0200] {logging_mixin.py:188} INFO - [2024-05-28T16:53:59.455+0200] {dagbag.py:540} INFO - Filling up the DagBag from /Users/noejalabert/airflow_venv/lib/python3.11/site-packages/airflow/example_dags/example_short_circuit_operator.py
[2024-05-28T16:53:59.468+0200] {processor.py:840} INFO - DAG(s) 'example_short_circuit_operator' retrieved from /Users/noejalabert/airflow_venv/lib/python3.11/site-packages/airflow/example_dags/example_short_circuit_operator.py
[2024-05-28T16:53:59.515+0200] {logging_mixin.py:188} INFO - [2024-05-28T16:53:59.515+0200] {dag.py:3096} INFO - Sync 1 DAGs
[2024-05-28T16:53:59.522+0200] {logging_mixin.py:188} INFO - [2024-05-28T16:53:59.522+0200] {dag.py:3954} INFO - Setting next_dagrun for example_short_circuit_operator to 2024-05-27 00:00:00+00:00, run_after=2024-05-28 00:00:00+00:00
[2024-05-28T16:53:59.530+0200] {processor.py:183} INFO - Processing /Users/noejalabert/airflow_venv/lib/python3.11/site-packages/airflow/example_dags/example_short_circuit_operator.py took 0.077 seconds
