[2024-05-28T16:24:04.694+0200] {processor.py:161} INFO - Started process (PID=2297) to work on /Users/noejalabert/airflow_venv/lib/python3.11/site-packages/airflow/example_dags/example_latest_only_with_trigger.py
[2024-05-28T16:24:04.695+0200] {processor.py:830} INFO - Processing file /Users/noejalabert/airflow_venv/lib/python3.11/site-packages/airflow/example_dags/example_latest_only_with_trigger.py for tasks to queue
[2024-05-28T16:24:04.695+0200] {logging_mixin.py:188} INFO - [2024-05-28T16:24:04.695+0200] {dagbag.py:540} INFO - Filling up the DagBag from /Users/noejalabert/airflow_venv/lib/python3.11/site-packages/airflow/example_dags/example_latest_only_with_trigger.py
[2024-05-28T16:24:04.699+0200] {processor.py:840} INFO - DAG(s) 'latest_only_with_trigger' retrieved from /Users/noejalabert/airflow_venv/lib/python3.11/site-packages/airflow/example_dags/example_latest_only_with_trigger.py
[2024-05-28T16:24:04.780+0200] {logging_mixin.py:188} INFO - [2024-05-28T16:24:04.780+0200] {dag.py:3096} INFO - Sync 1 DAGs
[2024-05-28T16:24:04.787+0200] {logging_mixin.py:188} INFO - [2024-05-28T16:24:04.787+0200] {dag.py:3954} INFO - Setting next_dagrun for latest_only_with_trigger to 2024-05-28 08:00:00+00:00, run_after=2024-05-28 12:00:00+00:00
[2024-05-28T16:24:04.795+0200] {processor.py:183} INFO - Processing /Users/noejalabert/airflow_venv/lib/python3.11/site-packages/airflow/example_dags/example_latest_only_with_trigger.py took 0.103 seconds
[2024-05-28T16:28:06.929+0200] {processor.py:161} INFO - Started process (PID=2485) to work on /Users/noejalabert/airflow_venv/lib/python3.11/site-packages/airflow/example_dags/example_latest_only_with_trigger.py
[2024-05-28T16:28:06.930+0200] {processor.py:830} INFO - Processing file /Users/noejalabert/airflow_venv/lib/python3.11/site-packages/airflow/example_dags/example_latest_only_with_trigger.py for tasks to queue
[2024-05-28T16:28:06.930+0200] {logging_mixin.py:188} INFO - [2024-05-28T16:28:06.930+0200] {dagbag.py:540} INFO - Filling up the DagBag from /Users/noejalabert/airflow_venv/lib/python3.11/site-packages/airflow/example_dags/example_latest_only_with_trigger.py
[2024-05-28T16:28:06.934+0200] {processor.py:840} INFO - DAG(s) 'latest_only_with_trigger' retrieved from /Users/noejalabert/airflow_venv/lib/python3.11/site-packages/airflow/example_dags/example_latest_only_with_trigger.py
[2024-05-28T16:28:07.014+0200] {logging_mixin.py:188} INFO - [2024-05-28T16:28:07.013+0200] {dag.py:3096} INFO - Sync 1 DAGs
[2024-05-28T16:28:07.020+0200] {logging_mixin.py:188} INFO - [2024-05-28T16:28:07.020+0200] {dag.py:3954} INFO - Setting next_dagrun for latest_only_with_trigger to 2024-05-28 08:00:00+00:00, run_after=2024-05-28 12:00:00+00:00
[2024-05-28T16:28:07.028+0200] {processor.py:183} INFO - Processing /Users/noejalabert/airflow_venv/lib/python3.11/site-packages/airflow/example_dags/example_latest_only_with_trigger.py took 0.101 seconds
[2024-05-28T16:29:38.845+0200] {processor.py:161} INFO - Started process (PID=2660) to work on /Users/noejalabert/airflow_venv/lib/python3.11/site-packages/airflow/example_dags/example_latest_only_with_trigger.py
[2024-05-28T16:29:38.847+0200] {processor.py:830} INFO - Processing file /Users/noejalabert/airflow_venv/lib/python3.11/site-packages/airflow/example_dags/example_latest_only_with_trigger.py for tasks to queue
[2024-05-28T16:29:38.847+0200] {logging_mixin.py:188} INFO - [2024-05-28T16:29:38.847+0200] {dagbag.py:540} INFO - Filling up the DagBag from /Users/noejalabert/airflow_venv/lib/python3.11/site-packages/airflow/example_dags/example_latest_only_with_trigger.py
[2024-05-28T16:29:38.851+0200] {processor.py:840} INFO - DAG(s) 'latest_only_with_trigger' retrieved from /Users/noejalabert/airflow_venv/lib/python3.11/site-packages/airflow/example_dags/example_latest_only_with_trigger.py
[2024-05-28T16:29:38.897+0200] {logging_mixin.py:188} INFO - [2024-05-28T16:29:38.897+0200] {dag.py:3096} INFO - Sync 1 DAGs
[2024-05-28T16:29:38.904+0200] {logging_mixin.py:188} INFO - [2024-05-28T16:29:38.904+0200] {dag.py:3954} INFO - Setting next_dagrun for latest_only_with_trigger to 2024-05-28 08:00:00+00:00, run_after=2024-05-28 12:00:00+00:00
[2024-05-28T16:29:38.912+0200] {processor.py:183} INFO - Processing /Users/noejalabert/airflow_venv/lib/python3.11/site-packages/airflow/example_dags/example_latest_only_with_trigger.py took 0.068 seconds
[2024-05-28T16:31:01.993+0200] {processor.py:161} INFO - Started process (PID=2896) to work on /Users/noejalabert/airflow_venv/lib/python3.11/site-packages/airflow/example_dags/example_latest_only_with_trigger.py
[2024-05-28T16:31:01.994+0200] {processor.py:830} INFO - Processing file /Users/noejalabert/airflow_venv/lib/python3.11/site-packages/airflow/example_dags/example_latest_only_with_trigger.py for tasks to queue
[2024-05-28T16:31:01.994+0200] {logging_mixin.py:188} INFO - [2024-05-28T16:31:01.994+0200] {dagbag.py:540} INFO - Filling up the DagBag from /Users/noejalabert/airflow_venv/lib/python3.11/site-packages/airflow/example_dags/example_latest_only_with_trigger.py
[2024-05-28T16:31:01.998+0200] {processor.py:840} INFO - DAG(s) 'latest_only_with_trigger' retrieved from /Users/noejalabert/airflow_venv/lib/python3.11/site-packages/airflow/example_dags/example_latest_only_with_trigger.py
[2024-05-28T16:31:02.046+0200] {logging_mixin.py:188} INFO - [2024-05-28T16:31:02.046+0200] {dag.py:3096} INFO - Sync 1 DAGs
[2024-05-28T16:31:02.053+0200] {logging_mixin.py:188} INFO - [2024-05-28T16:31:02.053+0200] {dag.py:3954} INFO - Setting next_dagrun for latest_only_with_trigger to 2024-05-28 08:00:00+00:00, run_after=2024-05-28 12:00:00+00:00
[2024-05-28T16:31:02.061+0200] {processor.py:183} INFO - Processing /Users/noejalabert/airflow_venv/lib/python3.11/site-packages/airflow/example_dags/example_latest_only_with_trigger.py took 0.069 seconds
[2024-05-28T16:32:25.244+0200] {processor.py:161} INFO - Started process (PID=3098) to work on /Users/noejalabert/airflow_venv/lib/python3.11/site-packages/airflow/example_dags/example_latest_only_with_trigger.py
[2024-05-28T16:32:25.246+0200] {processor.py:830} INFO - Processing file /Users/noejalabert/airflow_venv/lib/python3.11/site-packages/airflow/example_dags/example_latest_only_with_trigger.py for tasks to queue
[2024-05-28T16:32:25.246+0200] {logging_mixin.py:188} INFO - [2024-05-28T16:32:25.246+0200] {dagbag.py:540} INFO - Filling up the DagBag from /Users/noejalabert/airflow_venv/lib/python3.11/site-packages/airflow/example_dags/example_latest_only_with_trigger.py
[2024-05-28T16:32:25.250+0200] {processor.py:840} INFO - DAG(s) 'latest_only_with_trigger' retrieved from /Users/noejalabert/airflow_venv/lib/python3.11/site-packages/airflow/example_dags/example_latest_only_with_trigger.py
[2024-05-28T16:32:25.296+0200] {logging_mixin.py:188} INFO - [2024-05-28T16:32:25.296+0200] {dag.py:3096} INFO - Sync 1 DAGs
[2024-05-28T16:32:25.303+0200] {logging_mixin.py:188} INFO - [2024-05-28T16:32:25.303+0200] {dag.py:3954} INFO - Setting next_dagrun for latest_only_with_trigger to 2024-05-28 08:00:00+00:00, run_after=2024-05-28 12:00:00+00:00
[2024-05-28T16:32:25.310+0200] {processor.py:183} INFO - Processing /Users/noejalabert/airflow_venv/lib/python3.11/site-packages/airflow/example_dags/example_latest_only_with_trigger.py took 0.067 seconds
[2024-05-28T16:33:46.908+0200] {processor.py:161} INFO - Started process (PID=3171) to work on /Users/noejalabert/airflow_venv/lib/python3.11/site-packages/airflow/example_dags/example_latest_only_with_trigger.py
[2024-05-28T16:33:46.909+0200] {processor.py:830} INFO - Processing file /Users/noejalabert/airflow_venv/lib/python3.11/site-packages/airflow/example_dags/example_latest_only_with_trigger.py for tasks to queue
[2024-05-28T16:33:46.909+0200] {logging_mixin.py:188} INFO - [2024-05-28T16:33:46.909+0200] {dagbag.py:540} INFO - Filling up the DagBag from /Users/noejalabert/airflow_venv/lib/python3.11/site-packages/airflow/example_dags/example_latest_only_with_trigger.py
[2024-05-28T16:33:46.912+0200] {processor.py:840} INFO - DAG(s) 'latest_only_with_trigger' retrieved from /Users/noejalabert/airflow_venv/lib/python3.11/site-packages/airflow/example_dags/example_latest_only_with_trigger.py
[2024-05-28T16:33:46.960+0200] {logging_mixin.py:188} INFO - [2024-05-28T16:33:46.959+0200] {dag.py:3096} INFO - Sync 1 DAGs
[2024-05-28T16:33:46.967+0200] {logging_mixin.py:188} INFO - [2024-05-28T16:33:46.967+0200] {dag.py:3954} INFO - Setting next_dagrun for latest_only_with_trigger to 2024-05-28 08:00:00+00:00, run_after=2024-05-28 12:00:00+00:00
[2024-05-28T16:33:46.975+0200] {processor.py:183} INFO - Processing /Users/noejalabert/airflow_venv/lib/python3.11/site-packages/airflow/example_dags/example_latest_only_with_trigger.py took 0.068 seconds
[2024-05-28T16:35:12.723+0200] {processor.py:161} INFO - Started process (PID=3304) to work on /Users/noejalabert/airflow_venv/lib/python3.11/site-packages/airflow/example_dags/example_latest_only_with_trigger.py
[2024-05-28T16:35:12.724+0200] {processor.py:830} INFO - Processing file /Users/noejalabert/airflow_venv/lib/python3.11/site-packages/airflow/example_dags/example_latest_only_with_trigger.py for tasks to queue
[2024-05-28T16:35:12.725+0200] {logging_mixin.py:188} INFO - [2024-05-28T16:35:12.725+0200] {dagbag.py:540} INFO - Filling up the DagBag from /Users/noejalabert/airflow_venv/lib/python3.11/site-packages/airflow/example_dags/example_latest_only_with_trigger.py
[2024-05-28T16:35:12.728+0200] {processor.py:840} INFO - DAG(s) 'latest_only_with_trigger' retrieved from /Users/noejalabert/airflow_venv/lib/python3.11/site-packages/airflow/example_dags/example_latest_only_with_trigger.py
[2024-05-28T16:35:12.775+0200] {logging_mixin.py:188} INFO - [2024-05-28T16:35:12.775+0200] {dag.py:3096} INFO - Sync 1 DAGs
[2024-05-28T16:35:12.782+0200] {logging_mixin.py:188} INFO - [2024-05-28T16:35:12.782+0200] {dag.py:3954} INFO - Setting next_dagrun for latest_only_with_trigger to 2024-05-28 08:00:00+00:00, run_after=2024-05-28 12:00:00+00:00
[2024-05-28T16:35:12.789+0200] {processor.py:183} INFO - Processing /Users/noejalabert/airflow_venv/lib/python3.11/site-packages/airflow/example_dags/example_latest_only_with_trigger.py took 0.068 seconds
[2024-05-28T16:36:38.627+0200] {processor.py:161} INFO - Started process (PID=3399) to work on /Users/noejalabert/airflow_venv/lib/python3.11/site-packages/airflow/example_dags/example_latest_only_with_trigger.py
[2024-05-28T16:36:38.627+0200] {processor.py:830} INFO - Processing file /Users/noejalabert/airflow_venv/lib/python3.11/site-packages/airflow/example_dags/example_latest_only_with_trigger.py for tasks to queue
[2024-05-28T16:36:38.628+0200] {logging_mixin.py:188} INFO - [2024-05-28T16:36:38.628+0200] {dagbag.py:540} INFO - Filling up the DagBag from /Users/noejalabert/airflow_venv/lib/python3.11/site-packages/airflow/example_dags/example_latest_only_with_trigger.py
[2024-05-28T16:36:38.631+0200] {processor.py:840} INFO - DAG(s) 'latest_only_with_trigger' retrieved from /Users/noejalabert/airflow_venv/lib/python3.11/site-packages/airflow/example_dags/example_latest_only_with_trigger.py
[2024-05-28T16:36:38.678+0200] {logging_mixin.py:188} INFO - [2024-05-28T16:36:38.677+0200] {dag.py:3096} INFO - Sync 1 DAGs
[2024-05-28T16:36:38.685+0200] {logging_mixin.py:188} INFO - [2024-05-28T16:36:38.685+0200] {dag.py:3954} INFO - Setting next_dagrun for latest_only_with_trigger to 2024-05-28 08:00:00+00:00, run_after=2024-05-28 12:00:00+00:00
[2024-05-28T16:36:38.692+0200] {processor.py:183} INFO - Processing /Users/noejalabert/airflow_venv/lib/python3.11/site-packages/airflow/example_dags/example_latest_only_with_trigger.py took 0.067 seconds
