[2024-05-28T16:24:22.585+0200] {processor.py:161} INFO - Started process (PID=2313) to work on /Users/noejalabert/airflow_venv/lib/python3.11/site-packages/airflow/example_dags/example_branch_python_dop_operator_3.py
[2024-05-28T16:24:22.585+0200] {processor.py:830} INFO - Processing file /Users/noejalabert/airflow_venv/lib/python3.11/site-packages/airflow/example_dags/example_branch_python_dop_operator_3.py for tasks to queue
[2024-05-28T16:24:22.586+0200] {logging_mixin.py:188} INFO - [2024-05-28T16:24:22.586+0200] {dagbag.py:540} INFO - Filling up the DagBag from /Users/noejalabert/airflow_venv/lib/python3.11/site-packages/airflow/example_dags/example_branch_python_dop_operator_3.py
[2024-05-28T16:24:22.603+0200] {processor.py:840} INFO - DAG(s) 'example_branch_dop_operator_v3' retrieved from /Users/noejalabert/airflow_venv/lib/python3.11/site-packages/airflow/example_dags/example_branch_python_dop_operator_3.py
[2024-05-28T16:24:22.681+0200] {logging_mixin.py:188} INFO - [2024-05-28T16:24:22.681+0200] {dag.py:3096} INFO - Sync 1 DAGs
[2024-05-28T16:24:22.714+0200] {logging_mixin.py:188} INFO - [2024-05-28T16:24:22.714+0200] {dag.py:3954} INFO - Setting next_dagrun for example_branch_dop_operator_v3 to 2024-05-28 14:23:00+00:00, run_after=2024-05-28 14:24:00+00:00
[2024-05-28T16:24:22.722+0200] {processor.py:183} INFO - Processing /Users/noejalabert/airflow_venv/lib/python3.11/site-packages/airflow/example_dags/example_branch_python_dop_operator_3.py took 0.138 seconds
[2024-05-28T16:28:24.700+0200] {processor.py:161} INFO - Started process (PID=2500) to work on /Users/noejalabert/airflow_venv/lib/python3.11/site-packages/airflow/example_dags/example_branch_python_dop_operator_3.py
[2024-05-28T16:28:24.701+0200] {processor.py:830} INFO - Processing file /Users/noejalabert/airflow_venv/lib/python3.11/site-packages/airflow/example_dags/example_branch_python_dop_operator_3.py for tasks to queue
[2024-05-28T16:28:24.701+0200] {logging_mixin.py:188} INFO - [2024-05-28T16:28:24.701+0200] {dagbag.py:540} INFO - Filling up the DagBag from /Users/noejalabert/airflow_venv/lib/python3.11/site-packages/airflow/example_dags/example_branch_python_dop_operator_3.py
[2024-05-28T16:28:24.718+0200] {processor.py:840} INFO - DAG(s) 'example_branch_dop_operator_v3' retrieved from /Users/noejalabert/airflow_venv/lib/python3.11/site-packages/airflow/example_dags/example_branch_python_dop_operator_3.py
[2024-05-28T16:28:24.796+0200] {logging_mixin.py:188} INFO - [2024-05-28T16:28:24.796+0200] {dag.py:3096} INFO - Sync 1 DAGs
[2024-05-28T16:28:24.828+0200] {logging_mixin.py:188} INFO - [2024-05-28T16:28:24.828+0200] {dag.py:3954} INFO - Setting next_dagrun for example_branch_dop_operator_v3 to 2024-05-28 14:27:00+00:00, run_after=2024-05-28 14:28:00+00:00
[2024-05-28T16:28:24.836+0200] {processor.py:183} INFO - Processing /Users/noejalabert/airflow_venv/lib/python3.11/site-packages/airflow/example_dags/example_branch_python_dop_operator_3.py took 0.138 seconds
[2024-05-28T16:29:55.052+0200] {processor.py:161} INFO - Started process (PID=2705) to work on /Users/noejalabert/airflow_venv/lib/python3.11/site-packages/airflow/example_dags/example_branch_python_dop_operator_3.py
[2024-05-28T16:29:55.053+0200] {processor.py:830} INFO - Processing file /Users/noejalabert/airflow_venv/lib/python3.11/site-packages/airflow/example_dags/example_branch_python_dop_operator_3.py for tasks to queue
[2024-05-28T16:29:55.053+0200] {logging_mixin.py:188} INFO - [2024-05-28T16:29:55.053+0200] {dagbag.py:540} INFO - Filling up the DagBag from /Users/noejalabert/airflow_venv/lib/python3.11/site-packages/airflow/example_dags/example_branch_python_dop_operator_3.py
[2024-05-28T16:29:55.070+0200] {processor.py:840} INFO - DAG(s) 'example_branch_dop_operator_v3' retrieved from /Users/noejalabert/airflow_venv/lib/python3.11/site-packages/airflow/example_dags/example_branch_python_dop_operator_3.py
[2024-05-28T16:29:55.116+0200] {logging_mixin.py:188} INFO - [2024-05-28T16:29:55.116+0200] {dag.py:3096} INFO - Sync 1 DAGs
[2024-05-28T16:29:55.125+0200] {logging_mixin.py:188} INFO - [2024-05-28T16:29:55.125+0200] {dag.py:3954} INFO - Setting next_dagrun for example_branch_dop_operator_v3 to 2024-05-28 14:28:00+00:00, run_after=2024-05-28 14:29:00+00:00
[2024-05-28T16:29:55.134+0200] {processor.py:183} INFO - Processing /Users/noejalabert/airflow_venv/lib/python3.11/site-packages/airflow/example_dags/example_branch_python_dop_operator_3.py took 0.083 seconds
[2024-05-28T16:31:19.176+0200] {processor.py:161} INFO - Started process (PID=2942) to work on /Users/noejalabert/airflow_venv/lib/python3.11/site-packages/airflow/example_dags/example_branch_python_dop_operator_3.py
[2024-05-28T16:31:19.176+0200] {processor.py:830} INFO - Processing file /Users/noejalabert/airflow_venv/lib/python3.11/site-packages/airflow/example_dags/example_branch_python_dop_operator_3.py for tasks to queue
[2024-05-28T16:31:19.176+0200] {logging_mixin.py:188} INFO - [2024-05-28T16:31:19.176+0200] {dagbag.py:540} INFO - Filling up the DagBag from /Users/noejalabert/airflow_venv/lib/python3.11/site-packages/airflow/example_dags/example_branch_python_dop_operator_3.py
[2024-05-28T16:31:19.194+0200] {processor.py:840} INFO - DAG(s) 'example_branch_dop_operator_v3' retrieved from /Users/noejalabert/airflow_venv/lib/python3.11/site-packages/airflow/example_dags/example_branch_python_dop_operator_3.py
[2024-05-28T16:31:19.239+0200] {logging_mixin.py:188} INFO - [2024-05-28T16:31:19.239+0200] {dag.py:3096} INFO - Sync 1 DAGs
[2024-05-28T16:31:19.247+0200] {logging_mixin.py:188} INFO - [2024-05-28T16:31:19.247+0200] {dag.py:3954} INFO - Setting next_dagrun for example_branch_dop_operator_v3 to 2024-05-28 14:30:00+00:00, run_after=2024-05-28 14:31:00+00:00
[2024-05-28T16:31:19.256+0200] {processor.py:183} INFO - Processing /Users/noejalabert/airflow_venv/lib/python3.11/site-packages/airflow/example_dags/example_branch_python_dop_operator_3.py took 0.081 seconds
[2024-05-28T16:32:43.351+0200] {processor.py:161} INFO - Started process (PID=3114) to work on /Users/noejalabert/airflow_venv/lib/python3.11/site-packages/airflow/example_dags/example_branch_python_dop_operator_3.py
[2024-05-28T16:32:43.352+0200] {processor.py:830} INFO - Processing file /Users/noejalabert/airflow_venv/lib/python3.11/site-packages/airflow/example_dags/example_branch_python_dop_operator_3.py for tasks to queue
[2024-05-28T16:32:43.352+0200] {logging_mixin.py:188} INFO - [2024-05-28T16:32:43.352+0200] {dagbag.py:540} INFO - Filling up the DagBag from /Users/noejalabert/airflow_venv/lib/python3.11/site-packages/airflow/example_dags/example_branch_python_dop_operator_3.py
[2024-05-28T16:32:43.369+0200] {processor.py:840} INFO - DAG(s) 'example_branch_dop_operator_v3' retrieved from /Users/noejalabert/airflow_venv/lib/python3.11/site-packages/airflow/example_dags/example_branch_python_dop_operator_3.py
[2024-05-28T16:32:43.415+0200] {logging_mixin.py:188} INFO - [2024-05-28T16:32:43.414+0200] {dag.py:3096} INFO - Sync 1 DAGs
[2024-05-28T16:32:43.424+0200] {logging_mixin.py:188} INFO - [2024-05-28T16:32:43.424+0200] {dag.py:3954} INFO - Setting next_dagrun for example_branch_dop_operator_v3 to 2024-05-28 14:31:00+00:00, run_after=2024-05-28 14:32:00+00:00
[2024-05-28T16:32:43.432+0200] {processor.py:183} INFO - Processing /Users/noejalabert/airflow_venv/lib/python3.11/site-packages/airflow/example_dags/example_branch_python_dop_operator_3.py took 0.082 seconds
[2024-05-28T16:34:05.287+0200] {processor.py:161} INFO - Started process (PID=3228) to work on /Users/noejalabert/airflow_venv/lib/python3.11/site-packages/airflow/example_dags/example_branch_python_dop_operator_3.py
[2024-05-28T16:34:05.288+0200] {processor.py:830} INFO - Processing file /Users/noejalabert/airflow_venv/lib/python3.11/site-packages/airflow/example_dags/example_branch_python_dop_operator_3.py for tasks to queue
[2024-05-28T16:34:05.288+0200] {logging_mixin.py:188} INFO - [2024-05-28T16:34:05.288+0200] {dagbag.py:540} INFO - Filling up the DagBag from /Users/noejalabert/airflow_venv/lib/python3.11/site-packages/airflow/example_dags/example_branch_python_dop_operator_3.py
[2024-05-28T16:34:05.306+0200] {processor.py:840} INFO - DAG(s) 'example_branch_dop_operator_v3' retrieved from /Users/noejalabert/airflow_venv/lib/python3.11/site-packages/airflow/example_dags/example_branch_python_dop_operator_3.py
[2024-05-28T16:34:05.353+0200] {logging_mixin.py:188} INFO - [2024-05-28T16:34:05.353+0200] {dag.py:3096} INFO - Sync 1 DAGs
[2024-05-28T16:34:05.361+0200] {logging_mixin.py:188} INFO - [2024-05-28T16:34:05.361+0200] {dag.py:3954} INFO - Setting next_dagrun for example_branch_dop_operator_v3 to 2024-05-28 14:33:00+00:00, run_after=2024-05-28 14:34:00+00:00
[2024-05-28T16:34:05.370+0200] {processor.py:183} INFO - Processing /Users/noejalabert/airflow_venv/lib/python3.11/site-packages/airflow/example_dags/example_branch_python_dop_operator_3.py took 0.084 seconds
[2024-05-28T16:35:30.569+0200] {processor.py:161} INFO - Started process (PID=3320) to work on /Users/noejalabert/airflow_venv/lib/python3.11/site-packages/airflow/example_dags/example_branch_python_dop_operator_3.py
[2024-05-28T16:35:30.570+0200] {processor.py:830} INFO - Processing file /Users/noejalabert/airflow_venv/lib/python3.11/site-packages/airflow/example_dags/example_branch_python_dop_operator_3.py for tasks to queue
[2024-05-28T16:35:30.570+0200] {logging_mixin.py:188} INFO - [2024-05-28T16:35:30.570+0200] {dagbag.py:540} INFO - Filling up the DagBag from /Users/noejalabert/airflow_venv/lib/python3.11/site-packages/airflow/example_dags/example_branch_python_dop_operator_3.py
[2024-05-28T16:35:30.587+0200] {processor.py:840} INFO - DAG(s) 'example_branch_dop_operator_v3' retrieved from /Users/noejalabert/airflow_venv/lib/python3.11/site-packages/airflow/example_dags/example_branch_python_dop_operator_3.py
[2024-05-28T16:35:30.632+0200] {logging_mixin.py:188} INFO - [2024-05-28T16:35:30.632+0200] {dag.py:3096} INFO - Sync 1 DAGs
[2024-05-28T16:35:30.641+0200] {logging_mixin.py:188} INFO - [2024-05-28T16:35:30.640+0200] {dag.py:3954} INFO - Setting next_dagrun for example_branch_dop_operator_v3 to 2024-05-28 14:34:00+00:00, run_after=2024-05-28 14:35:00+00:00
[2024-05-28T16:35:30.649+0200] {processor.py:183} INFO - Processing /Users/noejalabert/airflow_venv/lib/python3.11/site-packages/airflow/example_dags/example_branch_python_dop_operator_3.py took 0.082 seconds
