[2024-05-28T16:24:13.494+0200] {processor.py:161} INFO - Started process (PID=2306) to work on /Users/noejalabert/airflow_venv/lib/python3.11/site-packages/airflow/example_dags/example_dynamic_task_mapping.py
[2024-05-28T16:24:13.495+0200] {processor.py:830} INFO - Processing file /Users/noejalabert/airflow_venv/lib/python3.11/site-packages/airflow/example_dags/example_dynamic_task_mapping.py for tasks to queue
[2024-05-28T16:24:13.495+0200] {logging_mixin.py:188} INFO - [2024-05-28T16:24:13.495+0200] {dagbag.py:540} INFO - Filling up the DagBag from /Users/noejalabert/airflow_venv/lib/python3.11/site-packages/airflow/example_dags/example_dynamic_task_mapping.py
[2024-05-28T16:24:13.510+0200] {processor.py:840} INFO - DAG(s) 'example_dynamic_task_mapping' retrieved from /Users/noejalabert/airflow_venv/lib/python3.11/site-packages/airflow/example_dags/example_dynamic_task_mapping.py
[2024-05-28T16:24:13.588+0200] {logging_mixin.py:188} INFO - [2024-05-28T16:24:13.588+0200] {dag.py:3096} INFO - Sync 1 DAGs
[2024-05-28T16:24:13.619+0200] {logging_mixin.py:188} INFO - [2024-05-28T16:24:13.618+0200] {dag.py:3954} INFO - Setting next_dagrun for example_dynamic_task_mapping to 2022-03-04 00:00:00+00:00, run_after=2022-03-05 00:00:00+00:00
[2024-05-28T16:24:13.626+0200] {processor.py:183} INFO - Processing /Users/noejalabert/airflow_venv/lib/python3.11/site-packages/airflow/example_dags/example_dynamic_task_mapping.py took 0.133 seconds
[2024-05-28T16:28:15.862+0200] {processor.py:161} INFO - Started process (PID=2491) to work on /Users/noejalabert/airflow_venv/lib/python3.11/site-packages/airflow/example_dags/example_dynamic_task_mapping.py
[2024-05-28T16:28:15.863+0200] {processor.py:830} INFO - Processing file /Users/noejalabert/airflow_venv/lib/python3.11/site-packages/airflow/example_dags/example_dynamic_task_mapping.py for tasks to queue
[2024-05-28T16:28:15.863+0200] {logging_mixin.py:188} INFO - [2024-05-28T16:28:15.863+0200] {dagbag.py:540} INFO - Filling up the DagBag from /Users/noejalabert/airflow_venv/lib/python3.11/site-packages/airflow/example_dags/example_dynamic_task_mapping.py
[2024-05-28T16:28:15.879+0200] {processor.py:840} INFO - DAG(s) 'example_dynamic_task_mapping' retrieved from /Users/noejalabert/airflow_venv/lib/python3.11/site-packages/airflow/example_dags/example_dynamic_task_mapping.py
[2024-05-28T16:28:15.957+0200] {logging_mixin.py:188} INFO - [2024-05-28T16:28:15.956+0200] {dag.py:3096} INFO - Sync 1 DAGs
[2024-05-28T16:28:15.987+0200] {logging_mixin.py:188} INFO - [2024-05-28T16:28:15.987+0200] {dag.py:3954} INFO - Setting next_dagrun for example_dynamic_task_mapping to 2022-03-04 00:00:00+00:00, run_after=2022-03-05 00:00:00+00:00
[2024-05-28T16:28:15.994+0200] {processor.py:183} INFO - Processing /Users/noejalabert/airflow_venv/lib/python3.11/site-packages/airflow/example_dags/example_dynamic_task_mapping.py took 0.134 seconds
[2024-05-28T16:29:46.053+0200] {processor.py:161} INFO - Started process (PID=2681) to work on /Users/noejalabert/airflow_venv/lib/python3.11/site-packages/airflow/example_dags/example_dynamic_task_mapping.py
[2024-05-28T16:29:46.054+0200] {processor.py:830} INFO - Processing file /Users/noejalabert/airflow_venv/lib/python3.11/site-packages/airflow/example_dags/example_dynamic_task_mapping.py for tasks to queue
[2024-05-28T16:29:46.054+0200] {logging_mixin.py:188} INFO - [2024-05-28T16:29:46.054+0200] {dagbag.py:540} INFO - Filling up the DagBag from /Users/noejalabert/airflow_venv/lib/python3.11/site-packages/airflow/example_dags/example_dynamic_task_mapping.py
[2024-05-28T16:29:46.070+0200] {processor.py:840} INFO - DAG(s) 'example_dynamic_task_mapping' retrieved from /Users/noejalabert/airflow_venv/lib/python3.11/site-packages/airflow/example_dags/example_dynamic_task_mapping.py
[2024-05-28T16:29:46.115+0200] {logging_mixin.py:188} INFO - [2024-05-28T16:29:46.115+0200] {dag.py:3096} INFO - Sync 1 DAGs
[2024-05-28T16:29:46.122+0200] {logging_mixin.py:188} INFO - [2024-05-28T16:29:46.121+0200] {dag.py:3954} INFO - Setting next_dagrun for example_dynamic_task_mapping to 2022-03-04 00:00:00+00:00, run_after=2022-03-05 00:00:00+00:00
[2024-05-28T16:29:46.130+0200] {processor.py:183} INFO - Processing /Users/noejalabert/airflow_venv/lib/python3.11/site-packages/airflow/example_dags/example_dynamic_task_mapping.py took 0.078 seconds
[2024-05-28T16:31:09.688+0200] {processor.py:161} INFO - Started process (PID=2915) to work on /Users/noejalabert/airflow_venv/lib/python3.11/site-packages/airflow/example_dags/example_dynamic_task_mapping.py
[2024-05-28T16:31:09.689+0200] {processor.py:830} INFO - Processing file /Users/noejalabert/airflow_venv/lib/python3.11/site-packages/airflow/example_dags/example_dynamic_task_mapping.py for tasks to queue
[2024-05-28T16:31:09.689+0200] {logging_mixin.py:188} INFO - [2024-05-28T16:31:09.689+0200] {dagbag.py:540} INFO - Filling up the DagBag from /Users/noejalabert/airflow_venv/lib/python3.11/site-packages/airflow/example_dags/example_dynamic_task_mapping.py
[2024-05-28T16:31:09.705+0200] {processor.py:840} INFO - DAG(s) 'example_dynamic_task_mapping' retrieved from /Users/noejalabert/airflow_venv/lib/python3.11/site-packages/airflow/example_dags/example_dynamic_task_mapping.py
[2024-05-28T16:31:09.750+0200] {logging_mixin.py:188} INFO - [2024-05-28T16:31:09.750+0200] {dag.py:3096} INFO - Sync 1 DAGs
[2024-05-28T16:31:09.757+0200] {logging_mixin.py:188} INFO - [2024-05-28T16:31:09.757+0200] {dag.py:3954} INFO - Setting next_dagrun for example_dynamic_task_mapping to 2022-03-04 00:00:00+00:00, run_after=2022-03-05 00:00:00+00:00
[2024-05-28T16:31:09.765+0200] {processor.py:183} INFO - Processing /Users/noejalabert/airflow_venv/lib/python3.11/site-packages/airflow/example_dags/example_dynamic_task_mapping.py took 0.078 seconds
[2024-05-28T16:32:33.961+0200] {processor.py:161} INFO - Started process (PID=3107) to work on /Users/noejalabert/airflow_venv/lib/python3.11/site-packages/airflow/example_dags/example_dynamic_task_mapping.py
[2024-05-28T16:32:33.962+0200] {processor.py:830} INFO - Processing file /Users/noejalabert/airflow_venv/lib/python3.11/site-packages/airflow/example_dags/example_dynamic_task_mapping.py for tasks to queue
[2024-05-28T16:32:33.963+0200] {logging_mixin.py:188} INFO - [2024-05-28T16:32:33.963+0200] {dagbag.py:540} INFO - Filling up the DagBag from /Users/noejalabert/airflow_venv/lib/python3.11/site-packages/airflow/example_dags/example_dynamic_task_mapping.py
[2024-05-28T16:32:33.978+0200] {processor.py:840} INFO - DAG(s) 'example_dynamic_task_mapping' retrieved from /Users/noejalabert/airflow_venv/lib/python3.11/site-packages/airflow/example_dags/example_dynamic_task_mapping.py
[2024-05-28T16:32:34.023+0200] {logging_mixin.py:188} INFO - [2024-05-28T16:32:34.023+0200] {dag.py:3096} INFO - Sync 1 DAGs
[2024-05-28T16:32:34.030+0200] {logging_mixin.py:188} INFO - [2024-05-28T16:32:34.030+0200] {dag.py:3954} INFO - Setting next_dagrun for example_dynamic_task_mapping to 2022-03-04 00:00:00+00:00, run_after=2022-03-05 00:00:00+00:00
[2024-05-28T16:32:34.038+0200] {processor.py:183} INFO - Processing /Users/noejalabert/airflow_venv/lib/python3.11/site-packages/airflow/example_dags/example_dynamic_task_mapping.py took 0.078 seconds
[2024-05-28T16:33:56.711+0200] {processor.py:161} INFO - Started process (PID=3212) to work on /Users/noejalabert/airflow_venv/lib/python3.11/site-packages/airflow/example_dags/example_dynamic_task_mapping.py
[2024-05-28T16:33:56.711+0200] {processor.py:830} INFO - Processing file /Users/noejalabert/airflow_venv/lib/python3.11/site-packages/airflow/example_dags/example_dynamic_task_mapping.py for tasks to queue
[2024-05-28T16:33:56.711+0200] {logging_mixin.py:188} INFO - [2024-05-28T16:33:56.711+0200] {dagbag.py:540} INFO - Filling up the DagBag from /Users/noejalabert/airflow_venv/lib/python3.11/site-packages/airflow/example_dags/example_dynamic_task_mapping.py
[2024-05-28T16:33:56.728+0200] {processor.py:840} INFO - DAG(s) 'example_dynamic_task_mapping' retrieved from /Users/noejalabert/airflow_venv/lib/python3.11/site-packages/airflow/example_dags/example_dynamic_task_mapping.py
[2024-05-28T16:33:56.774+0200] {logging_mixin.py:188} INFO - [2024-05-28T16:33:56.773+0200] {dag.py:3096} INFO - Sync 1 DAGs
[2024-05-28T16:33:56.780+0200] {logging_mixin.py:188} INFO - [2024-05-28T16:33:56.780+0200] {dag.py:3954} INFO - Setting next_dagrun for example_dynamic_task_mapping to 2022-03-04 00:00:00+00:00, run_after=2022-03-05 00:00:00+00:00
[2024-05-28T16:33:56.788+0200] {processor.py:183} INFO - Processing /Users/noejalabert/airflow_venv/lib/python3.11/site-packages/airflow/example_dags/example_dynamic_task_mapping.py took 0.079 seconds
[2024-05-28T16:35:21.847+0200] {processor.py:161} INFO - Started process (PID=3313) to work on /Users/noejalabert/airflow_venv/lib/python3.11/site-packages/airflow/example_dags/example_dynamic_task_mapping.py
[2024-05-28T16:35:21.848+0200] {processor.py:830} INFO - Processing file /Users/noejalabert/airflow_venv/lib/python3.11/site-packages/airflow/example_dags/example_dynamic_task_mapping.py for tasks to queue
[2024-05-28T16:35:21.848+0200] {logging_mixin.py:188} INFO - [2024-05-28T16:35:21.848+0200] {dagbag.py:540} INFO - Filling up the DagBag from /Users/noejalabert/airflow_venv/lib/python3.11/site-packages/airflow/example_dags/example_dynamic_task_mapping.py
[2024-05-28T16:35:21.864+0200] {processor.py:840} INFO - DAG(s) 'example_dynamic_task_mapping' retrieved from /Users/noejalabert/airflow_venv/lib/python3.11/site-packages/airflow/example_dags/example_dynamic_task_mapping.py
[2024-05-28T16:35:21.909+0200] {logging_mixin.py:188} INFO - [2024-05-28T16:35:21.909+0200] {dag.py:3096} INFO - Sync 1 DAGs
[2024-05-28T16:35:21.916+0200] {logging_mixin.py:188} INFO - [2024-05-28T16:35:21.916+0200] {dag.py:3954} INFO - Setting next_dagrun for example_dynamic_task_mapping to 2022-03-04 00:00:00+00:00, run_after=2022-03-05 00:00:00+00:00
[2024-05-28T16:35:21.924+0200] {processor.py:183} INFO - Processing /Users/noejalabert/airflow_venv/lib/python3.11/site-packages/airflow/example_dags/example_dynamic_task_mapping.py took 0.079 seconds
[2024-05-28T16:36:47.236+0200] {processor.py:161} INFO - Started process (PID=3451) to work on /Users/noejalabert/airflow_venv/lib/python3.11/site-packages/airflow/example_dags/example_dynamic_task_mapping.py
[2024-05-28T16:36:47.237+0200] {processor.py:830} INFO - Processing file /Users/noejalabert/airflow_venv/lib/python3.11/site-packages/airflow/example_dags/example_dynamic_task_mapping.py for tasks to queue
[2024-05-28T16:36:47.237+0200] {logging_mixin.py:188} INFO - [2024-05-28T16:36:47.237+0200] {dagbag.py:540} INFO - Filling up the DagBag from /Users/noejalabert/airflow_venv/lib/python3.11/site-packages/airflow/example_dags/example_dynamic_task_mapping.py
[2024-05-28T16:36:47.253+0200] {processor.py:840} INFO - DAG(s) 'example_dynamic_task_mapping' retrieved from /Users/noejalabert/airflow_venv/lib/python3.11/site-packages/airflow/example_dags/example_dynamic_task_mapping.py
[2024-05-28T16:36:47.298+0200] {logging_mixin.py:188} INFO - [2024-05-28T16:36:47.298+0200] {dag.py:3096} INFO - Sync 1 DAGs
[2024-05-28T16:36:47.305+0200] {logging_mixin.py:188} INFO - [2024-05-28T16:36:47.305+0200] {dag.py:3954} INFO - Setting next_dagrun for example_dynamic_task_mapping to 2022-03-04 00:00:00+00:00, run_after=2022-03-05 00:00:00+00:00
[2024-05-28T16:36:47.313+0200] {processor.py:183} INFO - Processing /Users/noejalabert/airflow_venv/lib/python3.11/site-packages/airflow/example_dags/example_dynamic_task_mapping.py took 0.079 seconds
