[2024-05-28T16:24:15.373+0200] {processor.py:161} INFO - Started process (PID=2307) to work on /Users/noejalabert/airflow_venv/lib/python3.11/site-packages/airflow/example_dags/example_display_name.py
[2024-05-28T16:24:15.373+0200] {processor.py:830} INFO - Processing file /Users/noejalabert/airflow_venv/lib/python3.11/site-packages/airflow/example_dags/example_display_name.py for tasks to queue
[2024-05-28T16:24:15.373+0200] {logging_mixin.py:188} INFO - [2024-05-28T16:24:15.373+0200] {dagbag.py:540} INFO - Filling up the DagBag from /Users/noejalabert/airflow_venv/lib/python3.11/site-packages/airflow/example_dags/example_display_name.py
[2024-05-28T16:24:15.389+0200] {processor.py:840} INFO - DAG(s) 'example_display_name' retrieved from /Users/noejalabert/airflow_venv/lib/python3.11/site-packages/airflow/example_dags/example_display_name.py
[2024-05-28T16:24:15.467+0200] {logging_mixin.py:188} INFO - [2024-05-28T16:24:15.467+0200] {dag.py:3096} INFO - Sync 1 DAGs
[2024-05-28T16:24:15.495+0200] {logging_mixin.py:188} INFO - [2024-05-28T16:24:15.494+0200] {dag.py:3954} INFO - Setting next_dagrun for example_display_name to None, run_after=None
[2024-05-28T16:24:15.502+0200] {processor.py:183} INFO - Processing /Users/noejalabert/airflow_venv/lib/python3.11/site-packages/airflow/example_dags/example_display_name.py took 0.131 seconds
[2024-05-28T16:28:18.029+0200] {processor.py:161} INFO - Started process (PID=2496) to work on /Users/noejalabert/airflow_venv/lib/python3.11/site-packages/airflow/example_dags/example_display_name.py
[2024-05-28T16:28:18.032+0200] {processor.py:830} INFO - Processing file /Users/noejalabert/airflow_venv/lib/python3.11/site-packages/airflow/example_dags/example_display_name.py for tasks to queue
[2024-05-28T16:28:18.032+0200] {logging_mixin.py:188} INFO - [2024-05-28T16:28:18.032+0200] {dagbag.py:540} INFO - Filling up the DagBag from /Users/noejalabert/airflow_venv/lib/python3.11/site-packages/airflow/example_dags/example_display_name.py
[2024-05-28T16:28:18.048+0200] {processor.py:840} INFO - DAG(s) 'example_display_name' retrieved from /Users/noejalabert/airflow_venv/lib/python3.11/site-packages/airflow/example_dags/example_display_name.py
[2024-05-28T16:28:18.126+0200] {logging_mixin.py:188} INFO - [2024-05-28T16:28:18.126+0200] {dag.py:3096} INFO - Sync 1 DAGs
[2024-05-28T16:28:18.154+0200] {logging_mixin.py:188} INFO - [2024-05-28T16:28:18.154+0200] {dag.py:3954} INFO - Setting next_dagrun for example_display_name to None, run_after=None
[2024-05-28T16:28:18.162+0200] {processor.py:183} INFO - Processing /Users/noejalabert/airflow_venv/lib/python3.11/site-packages/airflow/example_dags/example_display_name.py took 0.134 seconds
[2024-05-28T16:29:47.894+0200] {processor.py:161} INFO - Started process (PID=2688) to work on /Users/noejalabert/airflow_venv/lib/python3.11/site-packages/airflow/example_dags/example_display_name.py
[2024-05-28T16:29:47.896+0200] {processor.py:830} INFO - Processing file /Users/noejalabert/airflow_venv/lib/python3.11/site-packages/airflow/example_dags/example_display_name.py for tasks to queue
[2024-05-28T16:29:47.896+0200] {logging_mixin.py:188} INFO - [2024-05-28T16:29:47.896+0200] {dagbag.py:540} INFO - Filling up the DagBag from /Users/noejalabert/airflow_venv/lib/python3.11/site-packages/airflow/example_dags/example_display_name.py
[2024-05-28T16:29:47.912+0200] {processor.py:840} INFO - DAG(s) 'example_display_name' retrieved from /Users/noejalabert/airflow_venv/lib/python3.11/site-packages/airflow/example_dags/example_display_name.py
[2024-05-28T16:29:47.957+0200] {logging_mixin.py:188} INFO - [2024-05-28T16:29:47.956+0200] {dag.py:3096} INFO - Sync 1 DAGs
[2024-05-28T16:29:47.961+0200] {logging_mixin.py:188} INFO - [2024-05-28T16:29:47.960+0200] {dag.py:3954} INFO - Setting next_dagrun for example_display_name to None, run_after=None
[2024-05-28T16:29:47.968+0200] {processor.py:183} INFO - Processing /Users/noejalabert/airflow_venv/lib/python3.11/site-packages/airflow/example_dags/example_display_name.py took 0.075 seconds
[2024-05-28T16:31:11.532+0200] {processor.py:161} INFO - Started process (PID=2920) to work on /Users/noejalabert/airflow_venv/lib/python3.11/site-packages/airflow/example_dags/example_display_name.py
[2024-05-28T16:31:11.533+0200] {processor.py:830} INFO - Processing file /Users/noejalabert/airflow_venv/lib/python3.11/site-packages/airflow/example_dags/example_display_name.py for tasks to queue
[2024-05-28T16:31:11.533+0200] {logging_mixin.py:188} INFO - [2024-05-28T16:31:11.533+0200] {dagbag.py:540} INFO - Filling up the DagBag from /Users/noejalabert/airflow_venv/lib/python3.11/site-packages/airflow/example_dags/example_display_name.py
[2024-05-28T16:31:11.549+0200] {processor.py:840} INFO - DAG(s) 'example_display_name' retrieved from /Users/noejalabert/airflow_venv/lib/python3.11/site-packages/airflow/example_dags/example_display_name.py
[2024-05-28T16:31:11.595+0200] {logging_mixin.py:188} INFO - [2024-05-28T16:31:11.595+0200] {dag.py:3096} INFO - Sync 1 DAGs
[2024-05-28T16:31:11.599+0200] {logging_mixin.py:188} INFO - [2024-05-28T16:31:11.599+0200] {dag.py:3954} INFO - Setting next_dagrun for example_display_name to None, run_after=None
[2024-05-28T16:31:11.607+0200] {processor.py:183} INFO - Processing /Users/noejalabert/airflow_venv/lib/python3.11/site-packages/airflow/example_dags/example_display_name.py took 0.076 seconds
[2024-05-28T16:32:35.800+0200] {processor.py:161} INFO - Started process (PID=3108) to work on /Users/noejalabert/airflow_venv/lib/python3.11/site-packages/airflow/example_dags/example_display_name.py
[2024-05-28T16:32:35.801+0200] {processor.py:830} INFO - Processing file /Users/noejalabert/airflow_venv/lib/python3.11/site-packages/airflow/example_dags/example_display_name.py for tasks to queue
[2024-05-28T16:32:35.802+0200] {logging_mixin.py:188} INFO - [2024-05-28T16:32:35.802+0200] {dagbag.py:540} INFO - Filling up the DagBag from /Users/noejalabert/airflow_venv/lib/python3.11/site-packages/airflow/example_dags/example_display_name.py
[2024-05-28T16:32:35.817+0200] {processor.py:840} INFO - DAG(s) 'example_display_name' retrieved from /Users/noejalabert/airflow_venv/lib/python3.11/site-packages/airflow/example_dags/example_display_name.py
[2024-05-28T16:32:35.862+0200] {logging_mixin.py:188} INFO - [2024-05-28T16:32:35.862+0200] {dag.py:3096} INFO - Sync 1 DAGs
[2024-05-28T16:32:35.866+0200] {logging_mixin.py:188} INFO - [2024-05-28T16:32:35.866+0200] {dag.py:3954} INFO - Setting next_dagrun for example_display_name to None, run_after=None
[2024-05-28T16:32:35.874+0200] {processor.py:183} INFO - Processing /Users/noejalabert/airflow_venv/lib/python3.11/site-packages/airflow/example_dags/example_display_name.py took 0.075 seconds
[2024-05-28T16:33:58.601+0200] {processor.py:161} INFO - Started process (PID=3216) to work on /Users/noejalabert/airflow_venv/lib/python3.11/site-packages/airflow/example_dags/example_display_name.py
[2024-05-28T16:33:58.602+0200] {processor.py:830} INFO - Processing file /Users/noejalabert/airflow_venv/lib/python3.11/site-packages/airflow/example_dags/example_display_name.py for tasks to queue
[2024-05-28T16:33:58.602+0200] {logging_mixin.py:188} INFO - [2024-05-28T16:33:58.602+0200] {dagbag.py:540} INFO - Filling up the DagBag from /Users/noejalabert/airflow_venv/lib/python3.11/site-packages/airflow/example_dags/example_display_name.py
[2024-05-28T16:33:58.624+0200] {processor.py:840} INFO - DAG(s) 'example_display_name' retrieved from /Users/noejalabert/airflow_venv/lib/python3.11/site-packages/airflow/example_dags/example_display_name.py
[2024-05-28T16:33:58.674+0200] {logging_mixin.py:188} INFO - [2024-05-28T16:33:58.674+0200] {dag.py:3096} INFO - Sync 1 DAGs
[2024-05-28T16:33:58.678+0200] {logging_mixin.py:188} INFO - [2024-05-28T16:33:58.678+0200] {dag.py:3954} INFO - Setting next_dagrun for example_display_name to None, run_after=None
[2024-05-28T16:33:58.686+0200] {processor.py:183} INFO - Processing /Users/noejalabert/airflow_venv/lib/python3.11/site-packages/airflow/example_dags/example_display_name.py took 0.087 seconds
[2024-05-28T16:35:23.690+0200] {processor.py:161} INFO - Started process (PID=3314) to work on /Users/noejalabert/airflow_venv/lib/python3.11/site-packages/airflow/example_dags/example_display_name.py
[2024-05-28T16:35:23.692+0200] {processor.py:830} INFO - Processing file /Users/noejalabert/airflow_venv/lib/python3.11/site-packages/airflow/example_dags/example_display_name.py for tasks to queue
[2024-05-28T16:35:23.692+0200] {logging_mixin.py:188} INFO - [2024-05-28T16:35:23.692+0200] {dagbag.py:540} INFO - Filling up the DagBag from /Users/noejalabert/airflow_venv/lib/python3.11/site-packages/airflow/example_dags/example_display_name.py
[2024-05-28T16:35:23.708+0200] {processor.py:840} INFO - DAG(s) 'example_display_name' retrieved from /Users/noejalabert/airflow_venv/lib/python3.11/site-packages/airflow/example_dags/example_display_name.py
[2024-05-28T16:35:23.753+0200] {logging_mixin.py:188} INFO - [2024-05-28T16:35:23.752+0200] {dag.py:3096} INFO - Sync 1 DAGs
[2024-05-28T16:35:23.756+0200] {logging_mixin.py:188} INFO - [2024-05-28T16:35:23.756+0200] {dag.py:3954} INFO - Setting next_dagrun for example_display_name to None, run_after=None
[2024-05-28T16:35:23.764+0200] {processor.py:183} INFO - Processing /Users/noejalabert/airflow_venv/lib/python3.11/site-packages/airflow/example_dags/example_display_name.py took 0.075 seconds
[2024-05-28T16:36:49.120+0200] {processor.py:161} INFO - Started process (PID=3452) to work on /Users/noejalabert/airflow_venv/lib/python3.11/site-packages/airflow/example_dags/example_display_name.py
[2024-05-28T16:36:49.120+0200] {processor.py:830} INFO - Processing file /Users/noejalabert/airflow_venv/lib/python3.11/site-packages/airflow/example_dags/example_display_name.py for tasks to queue
[2024-05-28T16:36:49.121+0200] {logging_mixin.py:188} INFO - [2024-05-28T16:36:49.121+0200] {dagbag.py:540} INFO - Filling up the DagBag from /Users/noejalabert/airflow_venv/lib/python3.11/site-packages/airflow/example_dags/example_display_name.py
[2024-05-28T16:36:49.138+0200] {processor.py:840} INFO - DAG(s) 'example_display_name' retrieved from /Users/noejalabert/airflow_venv/lib/python3.11/site-packages/airflow/example_dags/example_display_name.py
[2024-05-28T16:36:49.185+0200] {logging_mixin.py:188} INFO - [2024-05-28T16:36:49.185+0200] {dag.py:3096} INFO - Sync 1 DAGs
[2024-05-28T16:36:49.189+0200] {logging_mixin.py:188} INFO - [2024-05-28T16:36:49.189+0200] {dag.py:3954} INFO - Setting next_dagrun for example_display_name to None, run_after=None
[2024-05-28T16:36:49.197+0200] {processor.py:183} INFO - Processing /Users/noejalabert/airflow_venv/lib/python3.11/site-packages/airflow/example_dags/example_display_name.py took 0.079 seconds
