[2024-05-28T16:24:09.855+0200] {processor.py:161} INFO - Started process (PID=2304) to work on /Users/noejalabert/airflow_venv/lib/python3.11/site-packages/airflow/example_dags/example_external_task_marker_dag.py
[2024-05-28T16:24:09.856+0200] {processor.py:830} INFO - Processing file /Users/noejalabert/airflow_venv/lib/python3.11/site-packages/airflow/example_dags/example_external_task_marker_dag.py for tasks to queue
[2024-05-28T16:24:09.856+0200] {logging_mixin.py:188} INFO - [2024-05-28T16:24:09.856+0200] {dagbag.py:540} INFO - Filling up the DagBag from /Users/noejalabert/airflow_venv/lib/python3.11/site-packages/airflow/example_dags/example_external_task_marker_dag.py
[2024-05-28T16:24:09.862+0200] {processor.py:840} INFO - DAG(s) 'example_external_task_marker_parent', 'example_external_task_marker_child' retrieved from /Users/noejalabert/airflow_venv/lib/python3.11/site-packages/airflow/example_dags/example_external_task_marker_dag.py
[2024-05-28T16:24:09.946+0200] {logging_mixin.py:188} INFO - [2024-05-28T16:24:09.946+0200] {dag.py:3096} INFO - Sync 2 DAGs
[2024-05-28T16:24:09.950+0200] {logging_mixin.py:188} INFO - [2024-05-28T16:24:09.950+0200] {dag.py:3954} INFO - Setting next_dagrun for example_external_task_marker_child to None, run_after=None
[2024-05-28T16:24:09.951+0200] {logging_mixin.py:188} INFO - [2024-05-28T16:24:09.951+0200] {dag.py:3954} INFO - Setting next_dagrun for example_external_task_marker_parent to None, run_after=None
[2024-05-28T16:24:09.958+0200] {processor.py:183} INFO - Processing /Users/noejalabert/airflow_venv/lib/python3.11/site-packages/airflow/example_dags/example_external_task_marker_dag.py took 0.104 seconds
[2024-05-28T16:28:12.105+0200] {processor.py:161} INFO - Started process (PID=2488) to work on /Users/noejalabert/airflow_venv/lib/python3.11/site-packages/airflow/example_dags/example_external_task_marker_dag.py
[2024-05-28T16:28:12.107+0200] {processor.py:830} INFO - Processing file /Users/noejalabert/airflow_venv/lib/python3.11/site-packages/airflow/example_dags/example_external_task_marker_dag.py for tasks to queue
[2024-05-28T16:28:12.107+0200] {logging_mixin.py:188} INFO - [2024-05-28T16:28:12.107+0200] {dagbag.py:540} INFO - Filling up the DagBag from /Users/noejalabert/airflow_venv/lib/python3.11/site-packages/airflow/example_dags/example_external_task_marker_dag.py
[2024-05-28T16:28:12.112+0200] {processor.py:840} INFO - DAG(s) 'example_external_task_marker_child', 'example_external_task_marker_parent' retrieved from /Users/noejalabert/airflow_venv/lib/python3.11/site-packages/airflow/example_dags/example_external_task_marker_dag.py
[2024-05-28T16:28:12.197+0200] {logging_mixin.py:188} INFO - [2024-05-28T16:28:12.196+0200] {dag.py:3096} INFO - Sync 2 DAGs
[2024-05-28T16:28:12.200+0200] {logging_mixin.py:188} INFO - [2024-05-28T16:28:12.200+0200] {dag.py:3954} INFO - Setting next_dagrun for example_external_task_marker_child to None, run_after=None
[2024-05-28T16:28:12.201+0200] {logging_mixin.py:188} INFO - [2024-05-28T16:28:12.201+0200] {dag.py:3954} INFO - Setting next_dagrun for example_external_task_marker_parent to None, run_after=None
[2024-05-28T16:28:12.209+0200] {processor.py:183} INFO - Processing /Users/noejalabert/airflow_venv/lib/python3.11/site-packages/airflow/example_dags/example_external_task_marker_dag.py took 0.105 seconds
[2024-05-28T16:29:42.878+0200] {processor.py:161} INFO - Started process (PID=2671) to work on /Users/noejalabert/airflow_venv/lib/python3.11/site-packages/airflow/example_dags/example_external_task_marker_dag.py
[2024-05-28T16:29:42.879+0200] {processor.py:830} INFO - Processing file /Users/noejalabert/airflow_venv/lib/python3.11/site-packages/airflow/example_dags/example_external_task_marker_dag.py for tasks to queue
[2024-05-28T16:29:42.879+0200] {logging_mixin.py:188} INFO - [2024-05-28T16:29:42.879+0200] {dagbag.py:540} INFO - Filling up the DagBag from /Users/noejalabert/airflow_venv/lib/python3.11/site-packages/airflow/example_dags/example_external_task_marker_dag.py
[2024-05-28T16:29:42.885+0200] {processor.py:840} INFO - DAG(s) 'example_external_task_marker_child', 'example_external_task_marker_parent' retrieved from /Users/noejalabert/airflow_venv/lib/python3.11/site-packages/airflow/example_dags/example_external_task_marker_dag.py
[2024-05-28T16:29:42.934+0200] {logging_mixin.py:188} INFO - [2024-05-28T16:29:42.934+0200] {dag.py:3096} INFO - Sync 2 DAGs
[2024-05-28T16:29:42.938+0200] {logging_mixin.py:188} INFO - [2024-05-28T16:29:42.938+0200] {dag.py:3954} INFO - Setting next_dagrun for example_external_task_marker_child to None, run_after=None
[2024-05-28T16:29:42.940+0200] {logging_mixin.py:188} INFO - [2024-05-28T16:29:42.939+0200] {dag.py:3954} INFO - Setting next_dagrun for example_external_task_marker_parent to None, run_after=None
[2024-05-28T16:29:42.959+0200] {processor.py:183} INFO - Processing /Users/noejalabert/airflow_venv/lib/python3.11/site-packages/airflow/example_dags/example_external_task_marker_dag.py took 0.082 seconds
[2024-05-28T16:31:06.097+0200] {processor.py:161} INFO - Started process (PID=2907) to work on /Users/noejalabert/airflow_venv/lib/python3.11/site-packages/airflow/example_dags/example_external_task_marker_dag.py
[2024-05-28T16:31:06.097+0200] {processor.py:830} INFO - Processing file /Users/noejalabert/airflow_venv/lib/python3.11/site-packages/airflow/example_dags/example_external_task_marker_dag.py for tasks to queue
[2024-05-28T16:31:06.097+0200] {logging_mixin.py:188} INFO - [2024-05-28T16:31:06.097+0200] {dagbag.py:540} INFO - Filling up the DagBag from /Users/noejalabert/airflow_venv/lib/python3.11/site-packages/airflow/example_dags/example_external_task_marker_dag.py
[2024-05-28T16:31:06.104+0200] {processor.py:840} INFO - DAG(s) 'example_external_task_marker_child', 'example_external_task_marker_parent' retrieved from /Users/noejalabert/airflow_venv/lib/python3.11/site-packages/airflow/example_dags/example_external_task_marker_dag.py
[2024-05-28T16:31:06.153+0200] {logging_mixin.py:188} INFO - [2024-05-28T16:31:06.152+0200] {dag.py:3096} INFO - Sync 2 DAGs
[2024-05-28T16:31:06.157+0200] {logging_mixin.py:188} INFO - [2024-05-28T16:31:06.157+0200] {dag.py:3954} INFO - Setting next_dagrun for example_external_task_marker_child to None, run_after=None
[2024-05-28T16:31:06.158+0200] {logging_mixin.py:188} INFO - [2024-05-28T16:31:06.158+0200] {dag.py:3954} INFO - Setting next_dagrun for example_external_task_marker_parent to None, run_after=None
[2024-05-28T16:31:06.165+0200] {processor.py:183} INFO - Processing /Users/noejalabert/airflow_venv/lib/python3.11/site-packages/airflow/example_dags/example_external_task_marker_dag.py took 0.070 seconds
[2024-05-28T16:32:30.708+0200] {processor.py:161} INFO - Started process (PID=3105) to work on /Users/noejalabert/airflow_venv/lib/python3.11/site-packages/airflow/example_dags/example_external_task_marker_dag.py
[2024-05-28T16:32:30.709+0200] {processor.py:830} INFO - Processing file /Users/noejalabert/airflow_venv/lib/python3.11/site-packages/airflow/example_dags/example_external_task_marker_dag.py for tasks to queue
[2024-05-28T16:32:30.710+0200] {logging_mixin.py:188} INFO - [2024-05-28T16:32:30.709+0200] {dagbag.py:540} INFO - Filling up the DagBag from /Users/noejalabert/airflow_venv/lib/python3.11/site-packages/airflow/example_dags/example_external_task_marker_dag.py
[2024-05-28T16:32:30.715+0200] {processor.py:840} INFO - DAG(s) 'example_external_task_marker_child', 'example_external_task_marker_parent' retrieved from /Users/noejalabert/airflow_venv/lib/python3.11/site-packages/airflow/example_dags/example_external_task_marker_dag.py
[2024-05-28T16:32:30.764+0200] {logging_mixin.py:188} INFO - [2024-05-28T16:32:30.764+0200] {dag.py:3096} INFO - Sync 2 DAGs
[2024-05-28T16:32:30.769+0200] {logging_mixin.py:188} INFO - [2024-05-28T16:32:30.769+0200] {dag.py:3954} INFO - Setting next_dagrun for example_external_task_marker_child to None, run_after=None
[2024-05-28T16:32:30.770+0200] {logging_mixin.py:188} INFO - [2024-05-28T16:32:30.770+0200] {dag.py:3954} INFO - Setting next_dagrun for example_external_task_marker_parent to None, run_after=None
[2024-05-28T16:32:30.777+0200] {processor.py:183} INFO - Processing /Users/noejalabert/airflow_venv/lib/python3.11/site-packages/airflow/example_dags/example_external_task_marker_dag.py took 0.070 seconds
[2024-05-28T16:33:52.479+0200] {processor.py:161} INFO - Started process (PID=3176) to work on /Users/noejalabert/airflow_venv/lib/python3.11/site-packages/airflow/example_dags/example_external_task_marker_dag.py
[2024-05-28T16:33:52.479+0200] {processor.py:830} INFO - Processing file /Users/noejalabert/airflow_venv/lib/python3.11/site-packages/airflow/example_dags/example_external_task_marker_dag.py for tasks to queue
[2024-05-28T16:33:52.479+0200] {logging_mixin.py:188} INFO - [2024-05-28T16:33:52.479+0200] {dagbag.py:540} INFO - Filling up the DagBag from /Users/noejalabert/airflow_venv/lib/python3.11/site-packages/airflow/example_dags/example_external_task_marker_dag.py
[2024-05-28T16:33:52.486+0200] {processor.py:840} INFO - DAG(s) 'example_external_task_marker_parent', 'example_external_task_marker_child' retrieved from /Users/noejalabert/airflow_venv/lib/python3.11/site-packages/airflow/example_dags/example_external_task_marker_dag.py
[2024-05-28T16:33:52.536+0200] {logging_mixin.py:188} INFO - [2024-05-28T16:33:52.536+0200] {dag.py:3096} INFO - Sync 2 DAGs
[2024-05-28T16:33:52.540+0200] {logging_mixin.py:188} INFO - [2024-05-28T16:33:52.540+0200] {dag.py:3954} INFO - Setting next_dagrun for example_external_task_marker_child to None, run_after=None
[2024-05-28T16:33:52.542+0200] {logging_mixin.py:188} INFO - [2024-05-28T16:33:52.541+0200] {dag.py:3954} INFO - Setting next_dagrun for example_external_task_marker_parent to None, run_after=None
[2024-05-28T16:33:52.549+0200] {processor.py:183} INFO - Processing /Users/noejalabert/airflow_venv/lib/python3.11/site-packages/airflow/example_dags/example_external_task_marker_dag.py took 0.071 seconds
[2024-05-28T16:35:18.126+0200] {processor.py:161} INFO - Started process (PID=3311) to work on /Users/noejalabert/airflow_venv/lib/python3.11/site-packages/airflow/example_dags/example_external_task_marker_dag.py
[2024-05-28T16:35:18.127+0200] {processor.py:830} INFO - Processing file /Users/noejalabert/airflow_venv/lib/python3.11/site-packages/airflow/example_dags/example_external_task_marker_dag.py for tasks to queue
[2024-05-28T16:35:18.127+0200] {logging_mixin.py:188} INFO - [2024-05-28T16:35:18.127+0200] {dagbag.py:540} INFO - Filling up the DagBag from /Users/noejalabert/airflow_venv/lib/python3.11/site-packages/airflow/example_dags/example_external_task_marker_dag.py
[2024-05-28T16:35:18.153+0200] {processor.py:840} INFO - DAG(s) 'example_external_task_marker_parent', 'example_external_task_marker_child' retrieved from /Users/noejalabert/airflow_venv/lib/python3.11/site-packages/airflow/example_dags/example_external_task_marker_dag.py
[2024-05-28T16:35:18.205+0200] {logging_mixin.py:188} INFO - [2024-05-28T16:35:18.204+0200] {dag.py:3096} INFO - Sync 2 DAGs
[2024-05-28T16:35:18.209+0200] {logging_mixin.py:188} INFO - [2024-05-28T16:35:18.209+0200] {dag.py:3954} INFO - Setting next_dagrun for example_external_task_marker_child to None, run_after=None
[2024-05-28T16:35:18.211+0200] {logging_mixin.py:188} INFO - [2024-05-28T16:35:18.210+0200] {dag.py:3954} INFO - Setting next_dagrun for example_external_task_marker_parent to None, run_after=None
[2024-05-28T16:35:18.217+0200] {processor.py:183} INFO - Processing /Users/noejalabert/airflow_venv/lib/python3.11/site-packages/airflow/example_dags/example_external_task_marker_dag.py took 0.093 seconds
[2024-05-28T16:36:43.960+0200] {processor.py:161} INFO - Started process (PID=3442) to work on /Users/noejalabert/airflow_venv/lib/python3.11/site-packages/airflow/example_dags/example_external_task_marker_dag.py
[2024-05-28T16:36:43.961+0200] {processor.py:830} INFO - Processing file /Users/noejalabert/airflow_venv/lib/python3.11/site-packages/airflow/example_dags/example_external_task_marker_dag.py for tasks to queue
[2024-05-28T16:36:43.961+0200] {logging_mixin.py:188} INFO - [2024-05-28T16:36:43.961+0200] {dagbag.py:540} INFO - Filling up the DagBag from /Users/noejalabert/airflow_venv/lib/python3.11/site-packages/airflow/example_dags/example_external_task_marker_dag.py
[2024-05-28T16:36:43.967+0200] {processor.py:840} INFO - DAG(s) 'example_external_task_marker_parent', 'example_external_task_marker_child' retrieved from /Users/noejalabert/airflow_venv/lib/python3.11/site-packages/airflow/example_dags/example_external_task_marker_dag.py
[2024-05-28T16:36:44.016+0200] {logging_mixin.py:188} INFO - [2024-05-28T16:36:44.016+0200] {dag.py:3096} INFO - Sync 2 DAGs
[2024-05-28T16:36:44.021+0200] {logging_mixin.py:188} INFO - [2024-05-28T16:36:44.021+0200] {dag.py:3954} INFO - Setting next_dagrun for example_external_task_marker_child to None, run_after=None
[2024-05-28T16:36:44.022+0200] {logging_mixin.py:188} INFO - [2024-05-28T16:36:44.022+0200] {dag.py:3954} INFO - Setting next_dagrun for example_external_task_marker_parent to None, run_after=None
[2024-05-28T16:36:44.029+0200] {processor.py:183} INFO - Processing /Users/noejalabert/airflow_venv/lib/python3.11/site-packages/airflow/example_dags/example_external_task_marker_dag.py took 0.070 seconds
