[2024-05-28T16:24:02.894+0200] {processor.py:161} INFO - Started process (PID=2292) to work on /Users/noejalabert/airflow_venv/lib/python3.11/site-packages/airflow/example_dags/example_local_kubernetes_executor.py
[2024-05-28T16:24:02.895+0200] {processor.py:830} INFO - Processing file /Users/noejalabert/airflow_venv/lib/python3.11/site-packages/airflow/example_dags/example_local_kubernetes_executor.py for tasks to queue
[2024-05-28T16:24:02.895+0200] {logging_mixin.py:188} INFO - [2024-05-28T16:24:02.895+0200] {dagbag.py:540} INFO - Filling up the DagBag from /Users/noejalabert/airflow_venv/lib/python3.11/site-packages/airflow/example_dags/example_local_kubernetes_executor.py
[2024-05-28T16:24:02.911+0200] {logging_mixin.py:188} INFO - [2024-05-28T16:24:02.911+0200] {example_local_kubernetes_executor.py:40} WARNING - Could not import DAGs in example_local_kubernetes_executor.py
Traceback (most recent call last):
  File "/Users/noejalabert/airflow_venv/lib/python3.11/site-packages/airflow/example_dags/example_local_kubernetes_executor.py", line 38, in <module>
    from kubernetes.client import models as k8s
ModuleNotFoundError: No module named 'kubernetes'
[2024-05-28T16:24:02.911+0200] {logging_mixin.py:188} INFO - [2024-05-28T16:24:02.911+0200] {example_local_kubernetes_executor.py:41} WARNING - Install Kubernetes dependencies with: pip install apache-airflow[cncf.kubernetes]
[2024-05-28T16:24:02.911+0200] {processor.py:842} WARNING - No viable dags retrieved from /Users/noejalabert/airflow_venv/lib/python3.11/site-packages/airflow/example_dags/example_local_kubernetes_executor.py
[2024-05-28T16:24:02.944+0200] {processor.py:183} INFO - Processing /Users/noejalabert/airflow_venv/lib/python3.11/site-packages/airflow/example_dags/example_local_kubernetes_executor.py took 0.052 seconds
[2024-05-28T16:28:05.148+0200] {processor.py:161} INFO - Started process (PID=2482) to work on /Users/noejalabert/airflow_venv/lib/python3.11/site-packages/airflow/example_dags/example_local_kubernetes_executor.py
[2024-05-28T16:28:05.149+0200] {processor.py:830} INFO - Processing file /Users/noejalabert/airflow_venv/lib/python3.11/site-packages/airflow/example_dags/example_local_kubernetes_executor.py for tasks to queue
[2024-05-28T16:28:05.150+0200] {logging_mixin.py:188} INFO - [2024-05-28T16:28:05.150+0200] {dagbag.py:540} INFO - Filling up the DagBag from /Users/noejalabert/airflow_venv/lib/python3.11/site-packages/airflow/example_dags/example_local_kubernetes_executor.py
[2024-05-28T16:28:05.164+0200] {logging_mixin.py:188} INFO - [2024-05-28T16:28:05.164+0200] {example_local_kubernetes_executor.py:40} WARNING - Could not import DAGs in example_local_kubernetes_executor.py
Traceback (most recent call last):
  File "/Users/noejalabert/airflow_venv/lib/python3.11/site-packages/airflow/example_dags/example_local_kubernetes_executor.py", line 38, in <module>
    from kubernetes.client import models as k8s
ModuleNotFoundError: No module named 'kubernetes'
[2024-05-28T16:28:05.164+0200] {logging_mixin.py:188} INFO - [2024-05-28T16:28:05.164+0200] {example_local_kubernetes_executor.py:41} WARNING - Install Kubernetes dependencies with: pip install apache-airflow[cncf.kubernetes]
[2024-05-28T16:28:05.164+0200] {processor.py:842} WARNING - No viable dags retrieved from /Users/noejalabert/airflow_venv/lib/python3.11/site-packages/airflow/example_dags/example_local_kubernetes_executor.py
[2024-05-28T16:28:05.197+0200] {processor.py:183} INFO - Processing /Users/noejalabert/airflow_venv/lib/python3.11/site-packages/airflow/example_dags/example_local_kubernetes_executor.py took 0.051 seconds
[2024-05-28T16:29:37.058+0200] {processor.py:161} INFO - Started process (PID=2659) to work on /Users/noejalabert/airflow_venv/lib/python3.11/site-packages/airflow/example_dags/example_local_kubernetes_executor.py
[2024-05-28T16:29:37.059+0200] {processor.py:830} INFO - Processing file /Users/noejalabert/airflow_venv/lib/python3.11/site-packages/airflow/example_dags/example_local_kubernetes_executor.py for tasks to queue
[2024-05-28T16:29:37.059+0200] {logging_mixin.py:188} INFO - [2024-05-28T16:29:37.059+0200] {dagbag.py:540} INFO - Filling up the DagBag from /Users/noejalabert/airflow_venv/lib/python3.11/site-packages/airflow/example_dags/example_local_kubernetes_executor.py
[2024-05-28T16:29:37.075+0200] {logging_mixin.py:188} INFO - [2024-05-28T16:29:37.074+0200] {example_local_kubernetes_executor.py:40} WARNING - Could not import DAGs in example_local_kubernetes_executor.py
Traceback (most recent call last):
  File "/Users/noejalabert/airflow_venv/lib/python3.11/site-packages/airflow/example_dags/example_local_kubernetes_executor.py", line 38, in <module>
    from kubernetes.client import models as k8s
ModuleNotFoundError: No module named 'kubernetes'
[2024-05-28T16:29:37.075+0200] {logging_mixin.py:188} INFO - [2024-05-28T16:29:37.075+0200] {example_local_kubernetes_executor.py:41} WARNING - Install Kubernetes dependencies with: pip install apache-airflow[cncf.kubernetes]
[2024-05-28T16:29:37.075+0200] {processor.py:842} WARNING - No viable dags retrieved from /Users/noejalabert/airflow_venv/lib/python3.11/site-packages/airflow/example_dags/example_local_kubernetes_executor.py
[2024-05-28T16:29:37.108+0200] {processor.py:183} INFO - Processing /Users/noejalabert/airflow_venv/lib/python3.11/site-packages/airflow/example_dags/example_local_kubernetes_executor.py took 0.051 seconds
[2024-05-28T16:31:00.184+0200] {processor.py:161} INFO - Started process (PID=2891) to work on /Users/noejalabert/airflow_venv/lib/python3.11/site-packages/airflow/example_dags/example_local_kubernetes_executor.py
[2024-05-28T16:31:00.185+0200] {processor.py:830} INFO - Processing file /Users/noejalabert/airflow_venv/lib/python3.11/site-packages/airflow/example_dags/example_local_kubernetes_executor.py for tasks to queue
[2024-05-28T16:31:00.185+0200] {logging_mixin.py:188} INFO - [2024-05-28T16:31:00.185+0200] {dagbag.py:540} INFO - Filling up the DagBag from /Users/noejalabert/airflow_venv/lib/python3.11/site-packages/airflow/example_dags/example_local_kubernetes_executor.py
[2024-05-28T16:31:00.200+0200] {logging_mixin.py:188} INFO - [2024-05-28T16:31:00.200+0200] {example_local_kubernetes_executor.py:40} WARNING - Could not import DAGs in example_local_kubernetes_executor.py
Traceback (most recent call last):
  File "/Users/noejalabert/airflow_venv/lib/python3.11/site-packages/airflow/example_dags/example_local_kubernetes_executor.py", line 38, in <module>
    from kubernetes.client import models as k8s
ModuleNotFoundError: No module named 'kubernetes'
[2024-05-28T16:31:00.201+0200] {logging_mixin.py:188} INFO - [2024-05-28T16:31:00.201+0200] {example_local_kubernetes_executor.py:41} WARNING - Install Kubernetes dependencies with: pip install apache-airflow[cncf.kubernetes]
[2024-05-28T16:31:00.201+0200] {processor.py:842} WARNING - No viable dags retrieved from /Users/noejalabert/airflow_venv/lib/python3.11/site-packages/airflow/example_dags/example_local_kubernetes_executor.py
[2024-05-28T16:31:00.234+0200] {processor.py:183} INFO - Processing /Users/noejalabert/airflow_venv/lib/python3.11/site-packages/airflow/example_dags/example_local_kubernetes_executor.py took 0.051 seconds
[2024-05-28T16:32:23.665+0200] {processor.py:161} INFO - Started process (PID=3097) to work on /Users/noejalabert/airflow_venv/lib/python3.11/site-packages/airflow/example_dags/example_local_kubernetes_executor.py
[2024-05-28T16:32:23.666+0200] {processor.py:830} INFO - Processing file /Users/noejalabert/airflow_venv/lib/python3.11/site-packages/airflow/example_dags/example_local_kubernetes_executor.py for tasks to queue
[2024-05-28T16:32:23.667+0200] {logging_mixin.py:188} INFO - [2024-05-28T16:32:23.667+0200] {dagbag.py:540} INFO - Filling up the DagBag from /Users/noejalabert/airflow_venv/lib/python3.11/site-packages/airflow/example_dags/example_local_kubernetes_executor.py
[2024-05-28T16:32:23.681+0200] {logging_mixin.py:188} INFO - [2024-05-28T16:32:23.681+0200] {example_local_kubernetes_executor.py:40} WARNING - Could not import DAGs in example_local_kubernetes_executor.py
Traceback (most recent call last):
  File "/Users/noejalabert/airflow_venv/lib/python3.11/site-packages/airflow/example_dags/example_local_kubernetes_executor.py", line 38, in <module>
    from kubernetes.client import models as k8s
ModuleNotFoundError: No module named 'kubernetes'
[2024-05-28T16:32:23.682+0200] {logging_mixin.py:188} INFO - [2024-05-28T16:32:23.681+0200] {example_local_kubernetes_executor.py:41} WARNING - Install Kubernetes dependencies with: pip install apache-airflow[cncf.kubernetes]
[2024-05-28T16:32:23.682+0200] {processor.py:842} WARNING - No viable dags retrieved from /Users/noejalabert/airflow_venv/lib/python3.11/site-packages/airflow/example_dags/example_local_kubernetes_executor.py
[2024-05-28T16:32:23.715+0200] {processor.py:183} INFO - Processing /Users/noejalabert/airflow_venv/lib/python3.11/site-packages/airflow/example_dags/example_local_kubernetes_executor.py took 0.051 seconds
[2024-05-28T16:33:45.043+0200] {processor.py:161} INFO - Started process (PID=3167) to work on /Users/noejalabert/airflow_venv/lib/python3.11/site-packages/airflow/example_dags/example_local_kubernetes_executor.py
[2024-05-28T16:33:45.043+0200] {processor.py:830} INFO - Processing file /Users/noejalabert/airflow_venv/lib/python3.11/site-packages/airflow/example_dags/example_local_kubernetes_executor.py for tasks to queue
[2024-05-28T16:33:45.043+0200] {logging_mixin.py:188} INFO - [2024-05-28T16:33:45.043+0200] {dagbag.py:540} INFO - Filling up the DagBag from /Users/noejalabert/airflow_venv/lib/python3.11/site-packages/airflow/example_dags/example_local_kubernetes_executor.py
[2024-05-28T16:33:45.058+0200] {logging_mixin.py:188} INFO - [2024-05-28T16:33:45.058+0200] {example_local_kubernetes_executor.py:40} WARNING - Could not import DAGs in example_local_kubernetes_executor.py
Traceback (most recent call last):
  File "/Users/noejalabert/airflow_venv/lib/python3.11/site-packages/airflow/example_dags/example_local_kubernetes_executor.py", line 38, in <module>
    from kubernetes.client import models as k8s
ModuleNotFoundError: No module named 'kubernetes'
[2024-05-28T16:33:45.058+0200] {logging_mixin.py:188} INFO - [2024-05-28T16:33:45.058+0200] {example_local_kubernetes_executor.py:41} WARNING - Install Kubernetes dependencies with: pip install apache-airflow[cncf.kubernetes]
[2024-05-28T16:33:45.059+0200] {processor.py:842} WARNING - No viable dags retrieved from /Users/noejalabert/airflow_venv/lib/python3.11/site-packages/airflow/example_dags/example_local_kubernetes_executor.py
[2024-05-28T16:33:45.093+0200] {processor.py:183} INFO - Processing /Users/noejalabert/airflow_venv/lib/python3.11/site-packages/airflow/example_dags/example_local_kubernetes_executor.py took 0.052 seconds
[2024-05-28T16:35:10.913+0200] {processor.py:161} INFO - Started process (PID=3303) to work on /Users/noejalabert/airflow_venv/lib/python3.11/site-packages/airflow/example_dags/example_local_kubernetes_executor.py
[2024-05-28T16:35:10.914+0200] {processor.py:830} INFO - Processing file /Users/noejalabert/airflow_venv/lib/python3.11/site-packages/airflow/example_dags/example_local_kubernetes_executor.py for tasks to queue
[2024-05-28T16:35:10.915+0200] {logging_mixin.py:188} INFO - [2024-05-28T16:35:10.915+0200] {dagbag.py:540} INFO - Filling up the DagBag from /Users/noejalabert/airflow_venv/lib/python3.11/site-packages/airflow/example_dags/example_local_kubernetes_executor.py
[2024-05-28T16:35:10.930+0200] {logging_mixin.py:188} INFO - [2024-05-28T16:35:10.930+0200] {example_local_kubernetes_executor.py:40} WARNING - Could not import DAGs in example_local_kubernetes_executor.py
Traceback (most recent call last):
  File "/Users/noejalabert/airflow_venv/lib/python3.11/site-packages/airflow/example_dags/example_local_kubernetes_executor.py", line 38, in <module>
    from kubernetes.client import models as k8s
ModuleNotFoundError: No module named 'kubernetes'
[2024-05-28T16:35:10.931+0200] {logging_mixin.py:188} INFO - [2024-05-28T16:35:10.931+0200] {example_local_kubernetes_executor.py:41} WARNING - Install Kubernetes dependencies with: pip install apache-airflow[cncf.kubernetes]
[2024-05-28T16:35:10.931+0200] {processor.py:842} WARNING - No viable dags retrieved from /Users/noejalabert/airflow_venv/lib/python3.11/site-packages/airflow/example_dags/example_local_kubernetes_executor.py
[2024-05-28T16:35:10.965+0200] {processor.py:183} INFO - Processing /Users/noejalabert/airflow_venv/lib/python3.11/site-packages/airflow/example_dags/example_local_kubernetes_executor.py took 0.053 seconds
[2024-05-28T16:36:36.814+0200] {processor.py:161} INFO - Started process (PID=3398) to work on /Users/noejalabert/airflow_venv/lib/python3.11/site-packages/airflow/example_dags/example_local_kubernetes_executor.py
[2024-05-28T16:36:36.815+0200] {processor.py:830} INFO - Processing file /Users/noejalabert/airflow_venv/lib/python3.11/site-packages/airflow/example_dags/example_local_kubernetes_executor.py for tasks to queue
[2024-05-28T16:36:36.815+0200] {logging_mixin.py:188} INFO - [2024-05-28T16:36:36.815+0200] {dagbag.py:540} INFO - Filling up the DagBag from /Users/noejalabert/airflow_venv/lib/python3.11/site-packages/airflow/example_dags/example_local_kubernetes_executor.py
[2024-05-28T16:36:36.830+0200] {logging_mixin.py:188} INFO - [2024-05-28T16:36:36.830+0200] {example_local_kubernetes_executor.py:40} WARNING - Could not import DAGs in example_local_kubernetes_executor.py
Traceback (most recent call last):
  File "/Users/noejalabert/airflow_venv/lib/python3.11/site-packages/airflow/example_dags/example_local_kubernetes_executor.py", line 38, in <module>
    from kubernetes.client import models as k8s
ModuleNotFoundError: No module named 'kubernetes'
[2024-05-28T16:36:36.830+0200] {logging_mixin.py:188} INFO - [2024-05-28T16:36:36.830+0200] {example_local_kubernetes_executor.py:41} WARNING - Install Kubernetes dependencies with: pip install apache-airflow[cncf.kubernetes]
[2024-05-28T16:36:36.830+0200] {processor.py:842} WARNING - No viable dags retrieved from /Users/noejalabert/airflow_venv/lib/python3.11/site-packages/airflow/example_dags/example_local_kubernetes_executor.py
[2024-05-28T16:36:36.863+0200] {processor.py:183} INFO - Processing /Users/noejalabert/airflow_venv/lib/python3.11/site-packages/airflow/example_dags/example_local_kubernetes_executor.py took 0.050 seconds
