[2024-05-28T16:24:28.078+0200] {processor.py:161} INFO - Started process (PID=2318) to work on /Users/noejalabert/airflow_venv/lib/python3.11/site-packages/airflow/example_dags/example_branch_labels.py
[2024-05-28T16:24:28.078+0200] {processor.py:830} INFO - Processing file /Users/noejalabert/airflow_venv/lib/python3.11/site-packages/airflow/example_dags/example_branch_labels.py for tasks to queue
[2024-05-28T16:24:28.079+0200] {logging_mixin.py:188} INFO - [2024-05-28T16:24:28.078+0200] {dagbag.py:540} INFO - Filling up the DagBag from /Users/noejalabert/airflow_venv/lib/python3.11/site-packages/airflow/example_dags/example_branch_labels.py
[2024-05-28T16:24:28.083+0200] {processor.py:840} INFO - DAG(s) 'example_branch_labels' retrieved from /Users/noejalabert/airflow_venv/lib/python3.11/site-packages/airflow/example_dags/example_branch_labels.py
[2024-05-28T16:24:28.171+0200] {logging_mixin.py:188} INFO - [2024-05-28T16:24:28.171+0200] {dag.py:3096} INFO - Sync 1 DAGs
[2024-05-28T16:24:28.178+0200] {logging_mixin.py:188} INFO - [2024-05-28T16:24:28.178+0200] {dag.py:3954} INFO - Setting next_dagrun for example_branch_labels to 2024-05-27 00:00:00+00:00, run_after=2024-05-28 00:00:00+00:00
[2024-05-28T16:24:28.186+0200] {processor.py:183} INFO - Processing /Users/noejalabert/airflow_venv/lib/python3.11/site-packages/airflow/example_dags/example_branch_labels.py took 0.110 seconds
[2024-05-28T16:28:30.172+0200] {processor.py:161} INFO - Started process (PID=2505) to work on /Users/noejalabert/airflow_venv/lib/python3.11/site-packages/airflow/example_dags/example_branch_labels.py
[2024-05-28T16:28:30.173+0200] {processor.py:830} INFO - Processing file /Users/noejalabert/airflow_venv/lib/python3.11/site-packages/airflow/example_dags/example_branch_labels.py for tasks to queue
[2024-05-28T16:28:30.174+0200] {logging_mixin.py:188} INFO - [2024-05-28T16:28:30.173+0200] {dagbag.py:540} INFO - Filling up the DagBag from /Users/noejalabert/airflow_venv/lib/python3.11/site-packages/airflow/example_dags/example_branch_labels.py
[2024-05-28T16:28:30.177+0200] {processor.py:840} INFO - DAG(s) 'example_branch_labels' retrieved from /Users/noejalabert/airflow_venv/lib/python3.11/site-packages/airflow/example_dags/example_branch_labels.py
[2024-05-28T16:28:30.257+0200] {logging_mixin.py:188} INFO - [2024-05-28T16:28:30.257+0200] {dag.py:3096} INFO - Sync 1 DAGs
[2024-05-28T16:28:30.264+0200] {logging_mixin.py:188} INFO - [2024-05-28T16:28:30.264+0200] {dag.py:3954} INFO - Setting next_dagrun for example_branch_labels to 2024-05-27 00:00:00+00:00, run_after=2024-05-28 00:00:00+00:00
[2024-05-28T16:28:30.272+0200] {processor.py:183} INFO - Processing /Users/noejalabert/airflow_venv/lib/python3.11/site-packages/airflow/example_dags/example_branch_labels.py took 0.101 seconds
[2024-05-28T16:30:00.521+0200] {processor.py:161} INFO - Started process (PID=2722) to work on /Users/noejalabert/airflow_venv/lib/python3.11/site-packages/airflow/example_dags/example_branch_labels.py
[2024-05-28T16:30:00.522+0200] {processor.py:830} INFO - Processing file /Users/noejalabert/airflow_venv/lib/python3.11/site-packages/airflow/example_dags/example_branch_labels.py for tasks to queue
[2024-05-28T16:30:00.522+0200] {logging_mixin.py:188} INFO - [2024-05-28T16:30:00.522+0200] {dagbag.py:540} INFO - Filling up the DagBag from /Users/noejalabert/airflow_venv/lib/python3.11/site-packages/airflow/example_dags/example_branch_labels.py
[2024-05-28T16:30:00.526+0200] {processor.py:840} INFO - DAG(s) 'example_branch_labels' retrieved from /Users/noejalabert/airflow_venv/lib/python3.11/site-packages/airflow/example_dags/example_branch_labels.py
[2024-05-28T16:30:00.573+0200] {logging_mixin.py:188} INFO - [2024-05-28T16:30:00.572+0200] {dag.py:3096} INFO - Sync 1 DAGs
[2024-05-28T16:30:00.580+0200] {logging_mixin.py:188} INFO - [2024-05-28T16:30:00.580+0200] {dag.py:3954} INFO - Setting next_dagrun for example_branch_labels to 2024-05-27 00:00:00+00:00, run_after=2024-05-28 00:00:00+00:00
[2024-05-28T16:30:00.588+0200] {processor.py:183} INFO - Processing /Users/noejalabert/airflow_venv/lib/python3.11/site-packages/airflow/example_dags/example_branch_labels.py took 0.068 seconds
[2024-05-28T16:32:48.442+0200] {processor.py:161} INFO - Started process (PID=3119) to work on /Users/noejalabert/airflow_venv/lib/python3.11/site-packages/airflow/example_dags/example_branch_labels.py
[2024-05-28T16:32:48.443+0200] {processor.py:830} INFO - Processing file /Users/noejalabert/airflow_venv/lib/python3.11/site-packages/airflow/example_dags/example_branch_labels.py for tasks to queue
[2024-05-28T16:32:48.443+0200] {logging_mixin.py:188} INFO - [2024-05-28T16:32:48.443+0200] {dagbag.py:540} INFO - Filling up the DagBag from /Users/noejalabert/airflow_venv/lib/python3.11/site-packages/airflow/example_dags/example_branch_labels.py
[2024-05-28T16:32:48.447+0200] {processor.py:840} INFO - DAG(s) 'example_branch_labels' retrieved from /Users/noejalabert/airflow_venv/lib/python3.11/site-packages/airflow/example_dags/example_branch_labels.py
[2024-05-28T16:32:48.494+0200] {logging_mixin.py:188} INFO - [2024-05-28T16:32:48.493+0200] {dag.py:3096} INFO - Sync 1 DAGs
[2024-05-28T16:32:48.501+0200] {logging_mixin.py:188} INFO - [2024-05-28T16:32:48.501+0200] {dag.py:3954} INFO - Setting next_dagrun for example_branch_labels to 2024-05-27 00:00:00+00:00, run_after=2024-05-28 00:00:00+00:00
[2024-05-28T16:32:48.509+0200] {processor.py:183} INFO - Processing /Users/noejalabert/airflow_venv/lib/python3.11/site-packages/airflow/example_dags/example_branch_labels.py took 0.068 seconds
[2024-05-28T16:35:36.001+0200] {processor.py:161} INFO - Started process (PID=3325) to work on /Users/noejalabert/airflow_venv/lib/python3.11/site-packages/airflow/example_dags/example_branch_labels.py
[2024-05-28T16:35:36.002+0200] {processor.py:830} INFO - Processing file /Users/noejalabert/airflow_venv/lib/python3.11/site-packages/airflow/example_dags/example_branch_labels.py for tasks to queue
[2024-05-28T16:35:36.002+0200] {logging_mixin.py:188} INFO - [2024-05-28T16:35:36.002+0200] {dagbag.py:540} INFO - Filling up the DagBag from /Users/noejalabert/airflow_venv/lib/python3.11/site-packages/airflow/example_dags/example_branch_labels.py
[2024-05-28T16:35:36.006+0200] {processor.py:840} INFO - DAG(s) 'example_branch_labels' retrieved from /Users/noejalabert/airflow_venv/lib/python3.11/site-packages/airflow/example_dags/example_branch_labels.py
[2024-05-28T16:35:36.053+0200] {logging_mixin.py:188} INFO - [2024-05-28T16:35:36.053+0200] {dag.py:3096} INFO - Sync 1 DAGs
[2024-05-28T16:35:36.061+0200] {logging_mixin.py:188} INFO - [2024-05-28T16:35:36.061+0200] {dag.py:3954} INFO - Setting next_dagrun for example_branch_labels to 2024-05-27 00:00:00+00:00, run_after=2024-05-28 00:00:00+00:00
[2024-05-28T16:35:36.068+0200] {processor.py:183} INFO - Processing /Users/noejalabert/airflow_venv/lib/python3.11/site-packages/airflow/example_dags/example_branch_labels.py took 0.069 seconds
[2024-05-28T16:38:27.205+0200] {processor.py:161} INFO - Started process (PID=3767) to work on /Users/noejalabert/airflow_venv/lib/python3.11/site-packages/airflow/example_dags/example_branch_labels.py
[2024-05-28T16:38:27.207+0200] {processor.py:830} INFO - Processing file /Users/noejalabert/airflow_venv/lib/python3.11/site-packages/airflow/example_dags/example_branch_labels.py for tasks to queue
[2024-05-28T16:38:27.207+0200] {logging_mixin.py:188} INFO - [2024-05-28T16:38:27.207+0200] {dagbag.py:540} INFO - Filling up the DagBag from /Users/noejalabert/airflow_venv/lib/python3.11/site-packages/airflow/example_dags/example_branch_labels.py
[2024-05-28T16:38:27.211+0200] {processor.py:840} INFO - DAG(s) 'example_branch_labels' retrieved from /Users/noejalabert/airflow_venv/lib/python3.11/site-packages/airflow/example_dags/example_branch_labels.py
[2024-05-28T16:38:27.258+0200] {logging_mixin.py:188} INFO - [2024-05-28T16:38:27.258+0200] {dag.py:3096} INFO - Sync 1 DAGs
[2024-05-28T16:38:27.266+0200] {logging_mixin.py:188} INFO - [2024-05-28T16:38:27.266+0200] {dag.py:3954} INFO - Setting next_dagrun for example_branch_labels to 2024-05-27 00:00:00+00:00, run_after=2024-05-28 00:00:00+00:00
[2024-05-28T16:38:27.274+0200] {processor.py:183} INFO - Processing /Users/noejalabert/airflow_venv/lib/python3.11/site-packages/airflow/example_dags/example_branch_labels.py took 0.069 seconds
[2024-05-28T16:41:16.273+0200] {processor.py:161} INFO - Started process (PID=3935) to work on /Users/noejalabert/airflow_venv/lib/python3.11/site-packages/airflow/example_dags/example_branch_labels.py
[2024-05-28T16:41:16.273+0200] {processor.py:830} INFO - Processing file /Users/noejalabert/airflow_venv/lib/python3.11/site-packages/airflow/example_dags/example_branch_labels.py for tasks to queue
[2024-05-28T16:41:16.273+0200] {logging_mixin.py:188} INFO - [2024-05-28T16:41:16.273+0200] {dagbag.py:540} INFO - Filling up the DagBag from /Users/noejalabert/airflow_venv/lib/python3.11/site-packages/airflow/example_dags/example_branch_labels.py
[2024-05-28T16:41:16.278+0200] {processor.py:840} INFO - DAG(s) 'example_branch_labels' retrieved from /Users/noejalabert/airflow_venv/lib/python3.11/site-packages/airflow/example_dags/example_branch_labels.py
[2024-05-28T16:41:16.325+0200] {logging_mixin.py:188} INFO - [2024-05-28T16:41:16.324+0200] {dag.py:3096} INFO - Sync 1 DAGs
[2024-05-28T16:41:16.332+0200] {logging_mixin.py:188} INFO - [2024-05-28T16:41:16.332+0200] {dag.py:3954} INFO - Setting next_dagrun for example_branch_labels to 2024-05-27 00:00:00+00:00, run_after=2024-05-28 00:00:00+00:00
[2024-05-28T16:41:16.339+0200] {processor.py:183} INFO - Processing /Users/noejalabert/airflow_venv/lib/python3.11/site-packages/airflow/example_dags/example_branch_labels.py took 0.068 seconds
[2024-05-28T16:44:03.118+0200] {processor.py:161} INFO - Started process (PID=4093) to work on /Users/noejalabert/airflow_venv/lib/python3.11/site-packages/airflow/example_dags/example_branch_labels.py
[2024-05-28T16:44:03.118+0200] {processor.py:830} INFO - Processing file /Users/noejalabert/airflow_venv/lib/python3.11/site-packages/airflow/example_dags/example_branch_labels.py for tasks to queue
[2024-05-28T16:44:03.119+0200] {logging_mixin.py:188} INFO - [2024-05-28T16:44:03.119+0200] {dagbag.py:540} INFO - Filling up the DagBag from /Users/noejalabert/airflow_venv/lib/python3.11/site-packages/airflow/example_dags/example_branch_labels.py
[2024-05-28T16:44:03.122+0200] {processor.py:840} INFO - DAG(s) 'example_branch_labels' retrieved from /Users/noejalabert/airflow_venv/lib/python3.11/site-packages/airflow/example_dags/example_branch_labels.py
[2024-05-28T16:44:03.170+0200] {logging_mixin.py:188} INFO - [2024-05-28T16:44:03.170+0200] {dag.py:3096} INFO - Sync 1 DAGs
[2024-05-28T16:44:03.178+0200] {logging_mixin.py:188} INFO - [2024-05-28T16:44:03.178+0200] {dag.py:3954} INFO - Setting next_dagrun for example_branch_labels to 2024-05-27 00:00:00+00:00, run_after=2024-05-28 00:00:00+00:00
[2024-05-28T16:44:03.185+0200] {processor.py:183} INFO - Processing /Users/noejalabert/airflow_venv/lib/python3.11/site-packages/airflow/example_dags/example_branch_labels.py took 0.069 seconds
[2024-05-28T16:47:51.208+0200] {processor.py:161} INFO - Started process (PID=4256) to work on /Users/noejalabert/airflow_venv/lib/python3.11/site-packages/airflow/example_dags/example_branch_labels.py
[2024-05-28T16:47:51.209+0200] {processor.py:830} INFO - Processing file /Users/noejalabert/airflow_venv/lib/python3.11/site-packages/airflow/example_dags/example_branch_labels.py for tasks to queue
[2024-05-28T16:47:51.209+0200] {logging_mixin.py:188} INFO - [2024-05-28T16:47:51.209+0200] {dagbag.py:540} INFO - Filling up the DagBag from /Users/noejalabert/airflow_venv/lib/python3.11/site-packages/airflow/example_dags/example_branch_labels.py
[2024-05-28T16:47:51.213+0200] {processor.py:840} INFO - DAG(s) 'example_branch_labels' retrieved from /Users/noejalabert/airflow_venv/lib/python3.11/site-packages/airflow/example_dags/example_branch_labels.py
[2024-05-28T16:47:51.259+0200] {logging_mixin.py:188} INFO - [2024-05-28T16:47:51.259+0200] {dag.py:3096} INFO - Sync 1 DAGs
[2024-05-28T16:47:51.267+0200] {logging_mixin.py:188} INFO - [2024-05-28T16:47:51.267+0200] {dag.py:3954} INFO - Setting next_dagrun for example_branch_labels to 2024-05-27 00:00:00+00:00, run_after=2024-05-28 00:00:00+00:00
[2024-05-28T16:47:51.275+0200] {processor.py:183} INFO - Processing /Users/noejalabert/airflow_venv/lib/python3.11/site-packages/airflow/example_dags/example_branch_labels.py took 0.069 seconds
[2024-05-28T16:50:34.643+0200] {processor.py:161} INFO - Started process (PID=4430) to work on /Users/noejalabert/airflow_venv/lib/python3.11/site-packages/airflow/example_dags/example_branch_labels.py
[2024-05-28T16:50:34.645+0200] {processor.py:830} INFO - Processing file /Users/noejalabert/airflow_venv/lib/python3.11/site-packages/airflow/example_dags/example_branch_labels.py for tasks to queue
[2024-05-28T16:50:34.645+0200] {logging_mixin.py:188} INFO - [2024-05-28T16:50:34.645+0200] {dagbag.py:540} INFO - Filling up the DagBag from /Users/noejalabert/airflow_venv/lib/python3.11/site-packages/airflow/example_dags/example_branch_labels.py
[2024-05-28T16:50:34.649+0200] {processor.py:840} INFO - DAG(s) 'example_branch_labels' retrieved from /Users/noejalabert/airflow_venv/lib/python3.11/site-packages/airflow/example_dags/example_branch_labels.py
[2024-05-28T16:50:34.697+0200] {logging_mixin.py:188} INFO - [2024-05-28T16:50:34.697+0200] {dag.py:3096} INFO - Sync 1 DAGs
[2024-05-28T16:50:34.705+0200] {logging_mixin.py:188} INFO - [2024-05-28T16:50:34.705+0200] {dag.py:3954} INFO - Setting next_dagrun for example_branch_labels to 2024-05-27 00:00:00+00:00, run_after=2024-05-28 00:00:00+00:00
[2024-05-28T16:50:34.712+0200] {processor.py:183} INFO - Processing /Users/noejalabert/airflow_venv/lib/python3.11/site-packages/airflow/example_dags/example_branch_labels.py took 0.070 seconds
[2024-05-28T16:53:18.436+0200] {processor.py:161} INFO - Started process (PID=4946) to work on /Users/noejalabert/airflow_venv/lib/python3.11/site-packages/airflow/example_dags/example_branch_labels.py
[2024-05-28T16:53:18.437+0200] {processor.py:830} INFO - Processing file /Users/noejalabert/airflow_venv/lib/python3.11/site-packages/airflow/example_dags/example_branch_labels.py for tasks to queue
[2024-05-28T16:53:18.437+0200] {logging_mixin.py:188} INFO - [2024-05-28T16:53:18.437+0200] {dagbag.py:540} INFO - Filling up the DagBag from /Users/noejalabert/airflow_venv/lib/python3.11/site-packages/airflow/example_dags/example_branch_labels.py
[2024-05-28T16:53:18.441+0200] {processor.py:840} INFO - DAG(s) 'example_branch_labels' retrieved from /Users/noejalabert/airflow_venv/lib/python3.11/site-packages/airflow/example_dags/example_branch_labels.py
[2024-05-28T16:53:18.489+0200] {logging_mixin.py:188} INFO - [2024-05-28T16:53:18.489+0200] {dag.py:3096} INFO - Sync 1 DAGs
[2024-05-28T16:53:18.497+0200] {logging_mixin.py:188} INFO - [2024-05-28T16:53:18.497+0200] {dag.py:3954} INFO - Setting next_dagrun for example_branch_labels to 2024-05-27 00:00:00+00:00, run_after=2024-05-28 00:00:00+00:00
[2024-05-28T16:53:18.504+0200] {processor.py:183} INFO - Processing /Users/noejalabert/airflow_venv/lib/python3.11/site-packages/airflow/example_dags/example_branch_labels.py took 0.070 seconds
[2024-05-28T16:56:04.677+0200] {processor.py:161} INFO - Started process (PID=5289) to work on /Users/noejalabert/airflow_venv/lib/python3.11/site-packages/airflow/example_dags/example_branch_labels.py
[2024-05-28T16:56:04.678+0200] {processor.py:830} INFO - Processing file /Users/noejalabert/airflow_venv/lib/python3.11/site-packages/airflow/example_dags/example_branch_labels.py for tasks to queue
[2024-05-28T16:56:04.678+0200] {logging_mixin.py:188} INFO - [2024-05-28T16:56:04.678+0200] {dagbag.py:540} INFO - Filling up the DagBag from /Users/noejalabert/airflow_venv/lib/python3.11/site-packages/airflow/example_dags/example_branch_labels.py
[2024-05-28T16:56:04.683+0200] {processor.py:840} INFO - DAG(s) 'example_branch_labels' retrieved from /Users/noejalabert/airflow_venv/lib/python3.11/site-packages/airflow/example_dags/example_branch_labels.py
[2024-05-28T16:56:04.732+0200] {logging_mixin.py:188} INFO - [2024-05-28T16:56:04.732+0200] {dag.py:3096} INFO - Sync 1 DAGs
[2024-05-28T16:56:04.740+0200] {logging_mixin.py:188} INFO - [2024-05-28T16:56:04.740+0200] {dag.py:3954} INFO - Setting next_dagrun for example_branch_labels to 2024-05-27 00:00:00+00:00, run_after=2024-05-28 00:00:00+00:00
[2024-05-28T16:56:04.748+0200] {processor.py:183} INFO - Processing /Users/noejalabert/airflow_venv/lib/python3.11/site-packages/airflow/example_dags/example_branch_labels.py took 0.072 seconds
[2024-05-28T16:58:57.863+0200] {processor.py:161} INFO - Started process (PID=5606) to work on /Users/noejalabert/airflow_venv/lib/python3.11/site-packages/airflow/example_dags/example_branch_labels.py
[2024-05-28T16:58:57.864+0200] {processor.py:830} INFO - Processing file /Users/noejalabert/airflow_venv/lib/python3.11/site-packages/airflow/example_dags/example_branch_labels.py for tasks to queue
[2024-05-28T16:58:57.864+0200] {logging_mixin.py:188} INFO - [2024-05-28T16:58:57.864+0200] {dagbag.py:540} INFO - Filling up the DagBag from /Users/noejalabert/airflow_venv/lib/python3.11/site-packages/airflow/example_dags/example_branch_labels.py
[2024-05-28T16:58:57.868+0200] {processor.py:840} INFO - DAG(s) 'example_branch_labels' retrieved from /Users/noejalabert/airflow_venv/lib/python3.11/site-packages/airflow/example_dags/example_branch_labels.py
[2024-05-28T16:58:57.914+0200] {logging_mixin.py:188} INFO - [2024-05-28T16:58:57.914+0200] {dag.py:3096} INFO - Sync 1 DAGs
[2024-05-28T16:58:57.922+0200] {logging_mixin.py:188} INFO - [2024-05-28T16:58:57.922+0200] {dag.py:3954} INFO - Setting next_dagrun for example_branch_labels to 2024-05-27 00:00:00+00:00, run_after=2024-05-28 00:00:00+00:00
[2024-05-28T16:58:57.930+0200] {processor.py:183} INFO - Processing /Users/noejalabert/airflow_venv/lib/python3.11/site-packages/airflow/example_dags/example_branch_labels.py took 0.068 seconds
[2024-05-28T17:01:50.534+0200] {processor.py:161} INFO - Started process (PID=6211) to work on /Users/noejalabert/airflow_venv/lib/python3.11/site-packages/airflow/example_dags/example_branch_labels.py
[2024-05-28T17:01:50.534+0200] {processor.py:830} INFO - Processing file /Users/noejalabert/airflow_venv/lib/python3.11/site-packages/airflow/example_dags/example_branch_labels.py for tasks to queue
[2024-05-28T17:01:50.534+0200] {logging_mixin.py:188} INFO - [2024-05-28T17:01:50.534+0200] {dagbag.py:540} INFO - Filling up the DagBag from /Users/noejalabert/airflow_venv/lib/python3.11/site-packages/airflow/example_dags/example_branch_labels.py
[2024-05-28T17:01:50.539+0200] {processor.py:840} INFO - DAG(s) 'example_branch_labels' retrieved from /Users/noejalabert/airflow_venv/lib/python3.11/site-packages/airflow/example_dags/example_branch_labels.py
[2024-05-28T17:01:50.586+0200] {logging_mixin.py:188} INFO - [2024-05-28T17:01:50.586+0200] {dag.py:3096} INFO - Sync 1 DAGs
[2024-05-28T17:01:50.594+0200] {logging_mixin.py:188} INFO - [2024-05-28T17:01:50.594+0200] {dag.py:3954} INFO - Setting next_dagrun for example_branch_labels to 2024-05-27 00:00:00+00:00, run_after=2024-05-28 00:00:00+00:00
[2024-05-28T17:01:50.601+0200] {processor.py:183} INFO - Processing /Users/noejalabert/airflow_venv/lib/python3.11/site-packages/airflow/example_dags/example_branch_labels.py took 0.069 seconds
[2024-05-28T17:04:33.004+0200] {processor.py:161} INFO - Started process (PID=6380) to work on /Users/noejalabert/airflow_venv/lib/python3.11/site-packages/airflow/example_dags/example_branch_labels.py
[2024-05-28T17:04:33.005+0200] {processor.py:830} INFO - Processing file /Users/noejalabert/airflow_venv/lib/python3.11/site-packages/airflow/example_dags/example_branch_labels.py for tasks to queue
[2024-05-28T17:04:33.005+0200] {logging_mixin.py:188} INFO - [2024-05-28T17:04:33.005+0200] {dagbag.py:540} INFO - Filling up the DagBag from /Users/noejalabert/airflow_venv/lib/python3.11/site-packages/airflow/example_dags/example_branch_labels.py
[2024-05-28T17:04:33.009+0200] {processor.py:840} INFO - DAG(s) 'example_branch_labels' retrieved from /Users/noejalabert/airflow_venv/lib/python3.11/site-packages/airflow/example_dags/example_branch_labels.py
[2024-05-28T17:04:33.056+0200] {logging_mixin.py:188} INFO - [2024-05-28T17:04:33.056+0200] {dag.py:3096} INFO - Sync 1 DAGs
[2024-05-28T17:04:33.063+0200] {logging_mixin.py:188} INFO - [2024-05-28T17:04:33.063+0200] {dag.py:3954} INFO - Setting next_dagrun for example_branch_labels to 2024-05-27 00:00:00+00:00, run_after=2024-05-28 00:00:00+00:00
[2024-05-28T17:04:33.071+0200] {processor.py:183} INFO - Processing /Users/noejalabert/airflow_venv/lib/python3.11/site-packages/airflow/example_dags/example_branch_labels.py took 0.068 seconds
[2024-05-28T17:08:48.249+0200] {processor.py:161} INFO - Started process (PID=6501) to work on /Users/noejalabert/airflow_venv/lib/python3.11/site-packages/airflow/example_dags/example_branch_labels.py
[2024-05-28T17:08:48.251+0200] {processor.py:830} INFO - Processing file /Users/noejalabert/airflow_venv/lib/python3.11/site-packages/airflow/example_dags/example_branch_labels.py for tasks to queue
[2024-05-28T17:08:48.251+0200] {logging_mixin.py:188} INFO - [2024-05-28T17:08:48.251+0200] {dagbag.py:540} INFO - Filling up the DagBag from /Users/noejalabert/airflow_venv/lib/python3.11/site-packages/airflow/example_dags/example_branch_labels.py
[2024-05-28T17:08:48.255+0200] {processor.py:840} INFO - DAG(s) 'example_branch_labels' retrieved from /Users/noejalabert/airflow_venv/lib/python3.11/site-packages/airflow/example_dags/example_branch_labels.py
[2024-05-28T17:08:48.302+0200] {logging_mixin.py:188} INFO - [2024-05-28T17:08:48.302+0200] {dag.py:3096} INFO - Sync 1 DAGs
[2024-05-28T17:08:48.310+0200] {logging_mixin.py:188} INFO - [2024-05-28T17:08:48.309+0200] {dag.py:3954} INFO - Setting next_dagrun for example_branch_labels to 2024-05-27 00:00:00+00:00, run_after=2024-05-28 00:00:00+00:00
[2024-05-28T17:08:48.317+0200] {processor.py:183} INFO - Processing /Users/noejalabert/airflow_venv/lib/python3.11/site-packages/airflow/example_dags/example_branch_labels.py took 0.069 seconds
[2024-05-28T17:46:42.911+0200] {processor.py:161} INFO - Started process (PID=6662) to work on /Users/noejalabert/airflow_venv/lib/python3.11/site-packages/airflow/example_dags/example_branch_labels.py
[2024-05-28T17:46:42.913+0200] {processor.py:830} INFO - Processing file /Users/noejalabert/airflow_venv/lib/python3.11/site-packages/airflow/example_dags/example_branch_labels.py for tasks to queue
[2024-05-28T17:46:42.913+0200] {logging_mixin.py:188} INFO - [2024-05-28T17:46:42.913+0200] {dagbag.py:540} INFO - Filling up the DagBag from /Users/noejalabert/airflow_venv/lib/python3.11/site-packages/airflow/example_dags/example_branch_labels.py
[2024-05-28T17:46:42.917+0200] {processor.py:840} INFO - DAG(s) 'example_branch_labels' retrieved from /Users/noejalabert/airflow_venv/lib/python3.11/site-packages/airflow/example_dags/example_branch_labels.py
[2024-05-28T17:46:42.962+0200] {logging_mixin.py:188} INFO - [2024-05-28T17:46:42.962+0200] {dag.py:3096} INFO - Sync 1 DAGs
[2024-05-28T17:46:42.970+0200] {logging_mixin.py:188} INFO - [2024-05-28T17:46:42.969+0200] {dag.py:3954} INFO - Setting next_dagrun for example_branch_labels to 2024-05-27 00:00:00+00:00, run_after=2024-05-28 00:00:00+00:00
[2024-05-28T17:46:42.977+0200] {processor.py:183} INFO - Processing /Users/noejalabert/airflow_venv/lib/python3.11/site-packages/airflow/example_dags/example_branch_labels.py took 0.067 seconds
[2024-05-28T17:58:18.991+0200] {processor.py:161} INFO - Started process (PID=6807) to work on /Users/noejalabert/airflow_venv/lib/python3.11/site-packages/airflow/example_dags/example_branch_labels.py
[2024-05-28T17:58:18.992+0200] {processor.py:830} INFO - Processing file /Users/noejalabert/airflow_venv/lib/python3.11/site-packages/airflow/example_dags/example_branch_labels.py for tasks to queue
[2024-05-28T17:58:18.992+0200] {logging_mixin.py:188} INFO - [2024-05-28T17:58:18.992+0200] {dagbag.py:540} INFO - Filling up the DagBag from /Users/noejalabert/airflow_venv/lib/python3.11/site-packages/airflow/example_dags/example_branch_labels.py
[2024-05-28T17:58:18.996+0200] {processor.py:840} INFO - DAG(s) 'example_branch_labels' retrieved from /Users/noejalabert/airflow_venv/lib/python3.11/site-packages/airflow/example_dags/example_branch_labels.py
[2024-05-28T17:58:19.042+0200] {logging_mixin.py:188} INFO - [2024-05-28T17:58:19.042+0200] {dag.py:3096} INFO - Sync 1 DAGs
[2024-05-28T17:58:19.049+0200] {logging_mixin.py:188} INFO - [2024-05-28T17:58:19.049+0200] {dag.py:3954} INFO - Setting next_dagrun for example_branch_labels to 2024-05-27 00:00:00+00:00, run_after=2024-05-28 00:00:00+00:00
[2024-05-28T17:58:19.057+0200] {processor.py:183} INFO - Processing /Users/noejalabert/airflow_venv/lib/python3.11/site-packages/airflow/example_dags/example_branch_labels.py took 0.066 seconds
[2024-05-28T18:20:45.544+0200] {processor.py:161} INFO - Started process (PID=6977) to work on /Users/noejalabert/airflow_venv/lib/python3.11/site-packages/airflow/example_dags/example_branch_labels.py
[2024-05-28T18:20:45.545+0200] {processor.py:830} INFO - Processing file /Users/noejalabert/airflow_venv/lib/python3.11/site-packages/airflow/example_dags/example_branch_labels.py for tasks to queue
[2024-05-28T18:20:45.545+0200] {logging_mixin.py:188} INFO - [2024-05-28T18:20:45.545+0200] {dagbag.py:540} INFO - Filling up the DagBag from /Users/noejalabert/airflow_venv/lib/python3.11/site-packages/airflow/example_dags/example_branch_labels.py
[2024-05-28T18:20:45.549+0200] {processor.py:840} INFO - DAG(s) 'example_branch_labels' retrieved from /Users/noejalabert/airflow_venv/lib/python3.11/site-packages/airflow/example_dags/example_branch_labels.py
[2024-05-28T18:20:45.598+0200] {logging_mixin.py:188} INFO - [2024-05-28T18:20:45.597+0200] {dag.py:3096} INFO - Sync 1 DAGs
[2024-05-28T18:20:45.606+0200] {logging_mixin.py:188} INFO - [2024-05-28T18:20:45.605+0200] {dag.py:3954} INFO - Setting next_dagrun for example_branch_labels to 2024-05-27 00:00:00+00:00, run_after=2024-05-28 00:00:00+00:00
[2024-05-28T18:20:45.613+0200] {processor.py:183} INFO - Processing /Users/noejalabert/airflow_venv/lib/python3.11/site-packages/airflow/example_dags/example_branch_labels.py took 0.070 seconds
[2024-05-28T18:23:38.017+0200] {processor.py:161} INFO - Started process (PID=7345) to work on /Users/noejalabert/airflow_venv/lib/python3.11/site-packages/airflow/example_dags/example_branch_labels.py
[2024-05-28T18:23:38.018+0200] {processor.py:830} INFO - Processing file /Users/noejalabert/airflow_venv/lib/python3.11/site-packages/airflow/example_dags/example_branch_labels.py for tasks to queue
[2024-05-28T18:23:38.018+0200] {logging_mixin.py:188} INFO - [2024-05-28T18:23:38.018+0200] {dagbag.py:540} INFO - Filling up the DagBag from /Users/noejalabert/airflow_venv/lib/python3.11/site-packages/airflow/example_dags/example_branch_labels.py
[2024-05-28T18:23:38.023+0200] {processor.py:840} INFO - DAG(s) 'example_branch_labels' retrieved from /Users/noejalabert/airflow_venv/lib/python3.11/site-packages/airflow/example_dags/example_branch_labels.py
[2024-05-28T18:23:38.070+0200] {logging_mixin.py:188} INFO - [2024-05-28T18:23:38.070+0200] {dag.py:3096} INFO - Sync 1 DAGs
[2024-05-28T18:23:38.078+0200] {logging_mixin.py:188} INFO - [2024-05-28T18:23:38.077+0200] {dag.py:3954} INFO - Setting next_dagrun for example_branch_labels to 2024-05-27 00:00:00+00:00, run_after=2024-05-28 00:00:00+00:00
[2024-05-28T18:23:38.085+0200] {processor.py:183} INFO - Processing /Users/noejalabert/airflow_venv/lib/python3.11/site-packages/airflow/example_dags/example_branch_labels.py took 0.069 seconds
[2024-05-28T18:26:20.663+0200] {processor.py:161} INFO - Started process (PID=7498) to work on /Users/noejalabert/airflow_venv/lib/python3.11/site-packages/airflow/example_dags/example_branch_labels.py
[2024-05-28T18:26:20.663+0200] {processor.py:830} INFO - Processing file /Users/noejalabert/airflow_venv/lib/python3.11/site-packages/airflow/example_dags/example_branch_labels.py for tasks to queue
[2024-05-28T18:26:20.663+0200] {logging_mixin.py:188} INFO - [2024-05-28T18:26:20.663+0200] {dagbag.py:540} INFO - Filling up the DagBag from /Users/noejalabert/airflow_venv/lib/python3.11/site-packages/airflow/example_dags/example_branch_labels.py
[2024-05-28T18:26:20.667+0200] {processor.py:840} INFO - DAG(s) 'example_branch_labels' retrieved from /Users/noejalabert/airflow_venv/lib/python3.11/site-packages/airflow/example_dags/example_branch_labels.py
[2024-05-28T18:26:20.714+0200] {logging_mixin.py:188} INFO - [2024-05-28T18:26:20.714+0200] {dag.py:3096} INFO - Sync 1 DAGs
[2024-05-28T18:26:20.721+0200] {logging_mixin.py:188} INFO - [2024-05-28T18:26:20.721+0200] {dag.py:3954} INFO - Setting next_dagrun for example_branch_labels to 2024-05-27 00:00:00+00:00, run_after=2024-05-28 00:00:00+00:00
[2024-05-28T18:26:20.729+0200] {processor.py:183} INFO - Processing /Users/noejalabert/airflow_venv/lib/python3.11/site-packages/airflow/example_dags/example_branch_labels.py took 0.068 seconds
[2024-05-28T18:29:05.572+0200] {processor.py:161} INFO - Started process (PID=7641) to work on /Users/noejalabert/airflow_venv/lib/python3.11/site-packages/airflow/example_dags/example_branch_labels.py
[2024-05-28T18:29:05.574+0200] {processor.py:830} INFO - Processing file /Users/noejalabert/airflow_venv/lib/python3.11/site-packages/airflow/example_dags/example_branch_labels.py for tasks to queue
[2024-05-28T18:29:05.574+0200] {logging_mixin.py:188} INFO - [2024-05-28T18:29:05.574+0200] {dagbag.py:540} INFO - Filling up the DagBag from /Users/noejalabert/airflow_venv/lib/python3.11/site-packages/airflow/example_dags/example_branch_labels.py
[2024-05-28T18:29:05.578+0200] {processor.py:840} INFO - DAG(s) 'example_branch_labels' retrieved from /Users/noejalabert/airflow_venv/lib/python3.11/site-packages/airflow/example_dags/example_branch_labels.py
[2024-05-28T18:29:05.625+0200] {logging_mixin.py:188} INFO - [2024-05-28T18:29:05.625+0200] {dag.py:3096} INFO - Sync 1 DAGs
[2024-05-28T18:29:05.633+0200] {logging_mixin.py:188} INFO - [2024-05-28T18:29:05.633+0200] {dag.py:3954} INFO - Setting next_dagrun for example_branch_labels to 2024-05-27 00:00:00+00:00, run_after=2024-05-28 00:00:00+00:00
[2024-05-28T18:29:05.640+0200] {processor.py:183} INFO - Processing /Users/noejalabert/airflow_venv/lib/python3.11/site-packages/airflow/example_dags/example_branch_labels.py took 0.069 seconds
[2024-05-28T18:55:12.562+0200] {processor.py:161} INFO - Started process (PID=7873) to work on /Users/noejalabert/airflow_venv/lib/python3.11/site-packages/airflow/example_dags/example_branch_labels.py
[2024-05-28T18:55:12.564+0200] {processor.py:830} INFO - Processing file /Users/noejalabert/airflow_venv/lib/python3.11/site-packages/airflow/example_dags/example_branch_labels.py for tasks to queue
[2024-05-28T18:55:12.564+0200] {logging_mixin.py:188} INFO - [2024-05-28T18:55:12.564+0200] {dagbag.py:540} INFO - Filling up the DagBag from /Users/noejalabert/airflow_venv/lib/python3.11/site-packages/airflow/example_dags/example_branch_labels.py
[2024-05-28T18:55:12.568+0200] {processor.py:840} INFO - DAG(s) 'example_branch_labels' retrieved from /Users/noejalabert/airflow_venv/lib/python3.11/site-packages/airflow/example_dags/example_branch_labels.py
[2024-05-28T18:55:12.615+0200] {logging_mixin.py:188} INFO - [2024-05-28T18:55:12.614+0200] {dag.py:3096} INFO - Sync 1 DAGs
[2024-05-28T18:55:12.622+0200] {logging_mixin.py:188} INFO - [2024-05-28T18:55:12.622+0200] {dag.py:3954} INFO - Setting next_dagrun for example_branch_labels to 2024-05-27 00:00:00+00:00, run_after=2024-05-28 00:00:00+00:00
[2024-05-28T18:55:12.630+0200] {processor.py:183} INFO - Processing /Users/noejalabert/airflow_venv/lib/python3.11/site-packages/airflow/example_dags/example_branch_labels.py took 0.068 seconds
[2024-05-28T18:57:57.158+0200] {processor.py:161} INFO - Started process (PID=8024) to work on /Users/noejalabert/airflow_venv/lib/python3.11/site-packages/airflow/example_dags/example_branch_labels.py
[2024-05-28T18:57:57.159+0200] {processor.py:830} INFO - Processing file /Users/noejalabert/airflow_venv/lib/python3.11/site-packages/airflow/example_dags/example_branch_labels.py for tasks to queue
[2024-05-28T18:57:57.159+0200] {logging_mixin.py:188} INFO - [2024-05-28T18:57:57.159+0200] {dagbag.py:540} INFO - Filling up the DagBag from /Users/noejalabert/airflow_venv/lib/python3.11/site-packages/airflow/example_dags/example_branch_labels.py
[2024-05-28T18:57:57.163+0200] {processor.py:840} INFO - DAG(s) 'example_branch_labels' retrieved from /Users/noejalabert/airflow_venv/lib/python3.11/site-packages/airflow/example_dags/example_branch_labels.py
[2024-05-28T18:57:57.209+0200] {logging_mixin.py:188} INFO - [2024-05-28T18:57:57.209+0200] {dag.py:3096} INFO - Sync 1 DAGs
[2024-05-28T18:57:57.217+0200] {logging_mixin.py:188} INFO - [2024-05-28T18:57:57.217+0200] {dag.py:3954} INFO - Setting next_dagrun for example_branch_labels to 2024-05-27 00:00:00+00:00, run_after=2024-05-28 00:00:00+00:00
[2024-05-28T18:57:57.224+0200] {processor.py:183} INFO - Processing /Users/noejalabert/airflow_venv/lib/python3.11/site-packages/airflow/example_dags/example_branch_labels.py took 0.067 seconds
[2024-05-28T19:00:47.824+0200] {processor.py:161} INFO - Started process (PID=8171) to work on /Users/noejalabert/airflow_venv/lib/python3.11/site-packages/airflow/example_dags/example_branch_labels.py
[2024-05-28T19:00:47.825+0200] {processor.py:830} INFO - Processing file /Users/noejalabert/airflow_venv/lib/python3.11/site-packages/airflow/example_dags/example_branch_labels.py for tasks to queue
[2024-05-28T19:00:47.825+0200] {logging_mixin.py:188} INFO - [2024-05-28T19:00:47.825+0200] {dagbag.py:540} INFO - Filling up the DagBag from /Users/noejalabert/airflow_venv/lib/python3.11/site-packages/airflow/example_dags/example_branch_labels.py
[2024-05-28T19:00:47.829+0200] {processor.py:840} INFO - DAG(s) 'example_branch_labels' retrieved from /Users/noejalabert/airflow_venv/lib/python3.11/site-packages/airflow/example_dags/example_branch_labels.py
[2024-05-28T19:00:47.876+0200] {logging_mixin.py:188} INFO - [2024-05-28T19:00:47.875+0200] {dag.py:3096} INFO - Sync 1 DAGs
[2024-05-28T19:00:47.883+0200] {logging_mixin.py:188} INFO - [2024-05-28T19:00:47.883+0200] {dag.py:3954} INFO - Setting next_dagrun for example_branch_labels to 2024-05-27 00:00:00+00:00, run_after=2024-05-28 00:00:00+00:00
[2024-05-28T19:00:47.891+0200] {processor.py:183} INFO - Processing /Users/noejalabert/airflow_venv/lib/python3.11/site-packages/airflow/example_dags/example_branch_labels.py took 0.068 seconds
[2024-05-28T19:03:32.222+0200] {processor.py:161} INFO - Started process (PID=8340) to work on /Users/noejalabert/airflow_venv/lib/python3.11/site-packages/airflow/example_dags/example_branch_labels.py
[2024-05-28T19:03:32.223+0200] {processor.py:830} INFO - Processing file /Users/noejalabert/airflow_venv/lib/python3.11/site-packages/airflow/example_dags/example_branch_labels.py for tasks to queue
[2024-05-28T19:03:32.223+0200] {logging_mixin.py:188} INFO - [2024-05-28T19:03:32.223+0200] {dagbag.py:540} INFO - Filling up the DagBag from /Users/noejalabert/airflow_venv/lib/python3.11/site-packages/airflow/example_dags/example_branch_labels.py
[2024-05-28T19:03:32.227+0200] {processor.py:840} INFO - DAG(s) 'example_branch_labels' retrieved from /Users/noejalabert/airflow_venv/lib/python3.11/site-packages/airflow/example_dags/example_branch_labels.py
[2024-05-28T19:03:32.274+0200] {logging_mixin.py:188} INFO - [2024-05-28T19:03:32.274+0200] {dag.py:3096} INFO - Sync 1 DAGs
[2024-05-28T19:03:32.281+0200] {logging_mixin.py:188} INFO - [2024-05-28T19:03:32.281+0200] {dag.py:3954} INFO - Setting next_dagrun for example_branch_labels to 2024-05-27 00:00:00+00:00, run_after=2024-05-28 00:00:00+00:00
[2024-05-28T19:03:32.289+0200] {processor.py:183} INFO - Processing /Users/noejalabert/airflow_venv/lib/python3.11/site-packages/airflow/example_dags/example_branch_labels.py took 0.067 seconds
[2024-05-28T19:06:15.128+0200] {processor.py:161} INFO - Started process (PID=8481) to work on /Users/noejalabert/airflow_venv/lib/python3.11/site-packages/airflow/example_dags/example_branch_labels.py
[2024-05-28T19:06:15.128+0200] {processor.py:830} INFO - Processing file /Users/noejalabert/airflow_venv/lib/python3.11/site-packages/airflow/example_dags/example_branch_labels.py for tasks to queue
[2024-05-28T19:06:15.129+0200] {logging_mixin.py:188} INFO - [2024-05-28T19:06:15.129+0200] {dagbag.py:540} INFO - Filling up the DagBag from /Users/noejalabert/airflow_venv/lib/python3.11/site-packages/airflow/example_dags/example_branch_labels.py
[2024-05-28T19:06:15.132+0200] {processor.py:840} INFO - DAG(s) 'example_branch_labels' retrieved from /Users/noejalabert/airflow_venv/lib/python3.11/site-packages/airflow/example_dags/example_branch_labels.py
[2024-05-28T19:06:15.179+0200] {logging_mixin.py:188} INFO - [2024-05-28T19:06:15.179+0200] {dag.py:3096} INFO - Sync 1 DAGs
[2024-05-28T19:06:15.187+0200] {logging_mixin.py:188} INFO - [2024-05-28T19:06:15.187+0200] {dag.py:3954} INFO - Setting next_dagrun for example_branch_labels to 2024-05-27 00:00:00+00:00, run_after=2024-05-28 00:00:00+00:00
[2024-05-28T19:06:15.194+0200] {processor.py:183} INFO - Processing /Users/noejalabert/airflow_venv/lib/python3.11/site-packages/airflow/example_dags/example_branch_labels.py took 0.068 seconds
[2024-05-28T19:09:05.220+0200] {processor.py:161} INFO - Started process (PID=8625) to work on /Users/noejalabert/airflow_venv/lib/python3.11/site-packages/airflow/example_dags/example_branch_labels.py
[2024-05-28T19:09:05.221+0200] {processor.py:830} INFO - Processing file /Users/noejalabert/airflow_venv/lib/python3.11/site-packages/airflow/example_dags/example_branch_labels.py for tasks to queue
[2024-05-28T19:09:05.221+0200] {logging_mixin.py:188} INFO - [2024-05-28T19:09:05.221+0200] {dagbag.py:540} INFO - Filling up the DagBag from /Users/noejalabert/airflow_venv/lib/python3.11/site-packages/airflow/example_dags/example_branch_labels.py
[2024-05-28T19:09:05.225+0200] {processor.py:840} INFO - DAG(s) 'example_branch_labels' retrieved from /Users/noejalabert/airflow_venv/lib/python3.11/site-packages/airflow/example_dags/example_branch_labels.py
[2024-05-28T19:09:05.272+0200] {logging_mixin.py:188} INFO - [2024-05-28T19:09:05.271+0200] {dag.py:3096} INFO - Sync 1 DAGs
[2024-05-28T19:09:05.279+0200] {logging_mixin.py:188} INFO - [2024-05-28T19:09:05.279+0200] {dag.py:3954} INFO - Setting next_dagrun for example_branch_labels to 2024-05-27 00:00:00+00:00, run_after=2024-05-28 00:00:00+00:00
[2024-05-28T19:09:05.287+0200] {processor.py:183} INFO - Processing /Users/noejalabert/airflow_venv/lib/python3.11/site-packages/airflow/example_dags/example_branch_labels.py took 0.068 seconds
[2024-05-28T19:12:02.640+0200] {processor.py:161} INFO - Started process (PID=8766) to work on /Users/noejalabert/airflow_venv/lib/python3.11/site-packages/airflow/example_dags/example_branch_labels.py
[2024-05-28T19:12:02.640+0200] {processor.py:830} INFO - Processing file /Users/noejalabert/airflow_venv/lib/python3.11/site-packages/airflow/example_dags/example_branch_labels.py for tasks to queue
[2024-05-28T19:12:02.640+0200] {logging_mixin.py:188} INFO - [2024-05-28T19:12:02.640+0200] {dagbag.py:540} INFO - Filling up the DagBag from /Users/noejalabert/airflow_venv/lib/python3.11/site-packages/airflow/example_dags/example_branch_labels.py
[2024-05-28T19:12:02.644+0200] {processor.py:840} INFO - DAG(s) 'example_branch_labels' retrieved from /Users/noejalabert/airflow_venv/lib/python3.11/site-packages/airflow/example_dags/example_branch_labels.py
[2024-05-28T19:12:02.691+0200] {logging_mixin.py:188} INFO - [2024-05-28T19:12:02.691+0200] {dag.py:3096} INFO - Sync 1 DAGs
[2024-05-28T19:12:02.699+0200] {logging_mixin.py:188} INFO - [2024-05-28T19:12:02.699+0200] {dag.py:3954} INFO - Setting next_dagrun for example_branch_labels to 2024-05-27 00:00:00+00:00, run_after=2024-05-28 00:00:00+00:00
[2024-05-28T19:12:02.707+0200] {processor.py:183} INFO - Processing /Users/noejalabert/airflow_venv/lib/python3.11/site-packages/airflow/example_dags/example_branch_labels.py took 0.068 seconds
[2024-05-28T19:14:51.803+0200] {processor.py:161} INFO - Started process (PID=8926) to work on /Users/noejalabert/airflow_venv/lib/python3.11/site-packages/airflow/example_dags/example_branch_labels.py
[2024-05-28T19:14:51.804+0200] {processor.py:830} INFO - Processing file /Users/noejalabert/airflow_venv/lib/python3.11/site-packages/airflow/example_dags/example_branch_labels.py for tasks to queue
[2024-05-28T19:14:51.804+0200] {logging_mixin.py:188} INFO - [2024-05-28T19:14:51.804+0200] {dagbag.py:540} INFO - Filling up the DagBag from /Users/noejalabert/airflow_venv/lib/python3.11/site-packages/airflow/example_dags/example_branch_labels.py
[2024-05-28T19:14:51.808+0200] {processor.py:840} INFO - DAG(s) 'example_branch_labels' retrieved from /Users/noejalabert/airflow_venv/lib/python3.11/site-packages/airflow/example_dags/example_branch_labels.py
[2024-05-28T19:14:51.856+0200] {logging_mixin.py:188} INFO - [2024-05-28T19:14:51.855+0200] {dag.py:3096} INFO - Sync 1 DAGs
[2024-05-28T19:14:51.863+0200] {logging_mixin.py:188} INFO - [2024-05-28T19:14:51.863+0200] {dag.py:3954} INFO - Setting next_dagrun for example_branch_labels to 2024-05-27 00:00:00+00:00, run_after=2024-05-28 00:00:00+00:00
[2024-05-28T19:14:51.871+0200] {processor.py:183} INFO - Processing /Users/noejalabert/airflow_venv/lib/python3.11/site-packages/airflow/example_dags/example_branch_labels.py took 0.069 seconds
[2024-05-28T19:18:41.036+0200] {processor.py:161} INFO - Started process (PID=9082) to work on /Users/noejalabert/airflow_venv/lib/python3.11/site-packages/airflow/example_dags/example_branch_labels.py
[2024-05-28T19:18:41.037+0200] {processor.py:830} INFO - Processing file /Users/noejalabert/airflow_venv/lib/python3.11/site-packages/airflow/example_dags/example_branch_labels.py for tasks to queue
[2024-05-28T19:18:41.037+0200] {logging_mixin.py:188} INFO - [2024-05-28T19:18:41.037+0200] {dagbag.py:540} INFO - Filling up the DagBag from /Users/noejalabert/airflow_venv/lib/python3.11/site-packages/airflow/example_dags/example_branch_labels.py
[2024-05-28T19:18:41.041+0200] {processor.py:840} INFO - DAG(s) 'example_branch_labels' retrieved from /Users/noejalabert/airflow_venv/lib/python3.11/site-packages/airflow/example_dags/example_branch_labels.py
[2024-05-28T19:18:41.088+0200] {logging_mixin.py:188} INFO - [2024-05-28T19:18:41.088+0200] {dag.py:3096} INFO - Sync 1 DAGs
[2024-05-28T19:18:41.096+0200] {logging_mixin.py:188} INFO - [2024-05-28T19:18:41.096+0200] {dag.py:3954} INFO - Setting next_dagrun for example_branch_labels to 2024-05-27 00:00:00+00:00, run_after=2024-05-28 00:00:00+00:00
[2024-05-28T19:18:41.103+0200] {processor.py:183} INFO - Processing /Users/noejalabert/airflow_venv/lib/python3.11/site-packages/airflow/example_dags/example_branch_labels.py took 0.068 seconds
[2024-05-28T19:21:28.865+0200] {processor.py:161} INFO - Started process (PID=9246) to work on /Users/noejalabert/airflow_venv/lib/python3.11/site-packages/airflow/example_dags/example_branch_labels.py
[2024-05-28T19:21:28.865+0200] {processor.py:830} INFO - Processing file /Users/noejalabert/airflow_venv/lib/python3.11/site-packages/airflow/example_dags/example_branch_labels.py for tasks to queue
[2024-05-28T19:21:28.865+0200] {logging_mixin.py:188} INFO - [2024-05-28T19:21:28.865+0200] {dagbag.py:540} INFO - Filling up the DagBag from /Users/noejalabert/airflow_venv/lib/python3.11/site-packages/airflow/example_dags/example_branch_labels.py
[2024-05-28T19:21:28.869+0200] {processor.py:840} INFO - DAG(s) 'example_branch_labels' retrieved from /Users/noejalabert/airflow_venv/lib/python3.11/site-packages/airflow/example_dags/example_branch_labels.py
[2024-05-28T19:21:28.916+0200] {logging_mixin.py:188} INFO - [2024-05-28T19:21:28.916+0200] {dag.py:3096} INFO - Sync 1 DAGs
[2024-05-28T19:21:28.923+0200] {logging_mixin.py:188} INFO - [2024-05-28T19:21:28.923+0200] {dag.py:3954} INFO - Setting next_dagrun for example_branch_labels to 2024-05-27 00:00:00+00:00, run_after=2024-05-28 00:00:00+00:00
[2024-05-28T19:21:28.931+0200] {processor.py:183} INFO - Processing /Users/noejalabert/airflow_venv/lib/python3.11/site-packages/airflow/example_dags/example_branch_labels.py took 0.068 seconds
[2024-05-28T19:24:18.439+0200] {processor.py:161} INFO - Started process (PID=9393) to work on /Users/noejalabert/airflow_venv/lib/python3.11/site-packages/airflow/example_dags/example_branch_labels.py
[2024-05-28T19:24:18.439+0200] {processor.py:830} INFO - Processing file /Users/noejalabert/airflow_venv/lib/python3.11/site-packages/airflow/example_dags/example_branch_labels.py for tasks to queue
[2024-05-28T19:24:18.439+0200] {logging_mixin.py:188} INFO - [2024-05-28T19:24:18.439+0200] {dagbag.py:540} INFO - Filling up the DagBag from /Users/noejalabert/airflow_venv/lib/python3.11/site-packages/airflow/example_dags/example_branch_labels.py
[2024-05-28T19:24:18.443+0200] {processor.py:840} INFO - DAG(s) 'example_branch_labels' retrieved from /Users/noejalabert/airflow_venv/lib/python3.11/site-packages/airflow/example_dags/example_branch_labels.py
[2024-05-28T19:24:18.490+0200] {logging_mixin.py:188} INFO - [2024-05-28T19:24:18.489+0200] {dag.py:3096} INFO - Sync 1 DAGs
[2024-05-28T19:24:18.497+0200] {logging_mixin.py:188} INFO - [2024-05-28T19:24:18.497+0200] {dag.py:3954} INFO - Setting next_dagrun for example_branch_labels to 2024-05-27 00:00:00+00:00, run_after=2024-05-28 00:00:00+00:00
[2024-05-28T19:24:18.505+0200] {processor.py:183} INFO - Processing /Users/noejalabert/airflow_venv/lib/python3.11/site-packages/airflow/example_dags/example_branch_labels.py took 0.067 seconds
[2024-05-28T19:27:05.409+0200] {processor.py:161} INFO - Started process (PID=9547) to work on /Users/noejalabert/airflow_venv/lib/python3.11/site-packages/airflow/example_dags/example_branch_labels.py
[2024-05-28T19:27:05.410+0200] {processor.py:830} INFO - Processing file /Users/noejalabert/airflow_venv/lib/python3.11/site-packages/airflow/example_dags/example_branch_labels.py for tasks to queue
[2024-05-28T19:27:05.410+0200] {logging_mixin.py:188} INFO - [2024-05-28T19:27:05.410+0200] {dagbag.py:540} INFO - Filling up the DagBag from /Users/noejalabert/airflow_venv/lib/python3.11/site-packages/airflow/example_dags/example_branch_labels.py
[2024-05-28T19:27:05.414+0200] {processor.py:840} INFO - DAG(s) 'example_branch_labels' retrieved from /Users/noejalabert/airflow_venv/lib/python3.11/site-packages/airflow/example_dags/example_branch_labels.py
[2024-05-28T19:27:05.461+0200] {logging_mixin.py:188} INFO - [2024-05-28T19:27:05.461+0200] {dag.py:3096} INFO - Sync 1 DAGs
[2024-05-28T19:27:05.469+0200] {logging_mixin.py:188} INFO - [2024-05-28T19:27:05.468+0200] {dag.py:3954} INFO - Setting next_dagrun for example_branch_labels to 2024-05-27 00:00:00+00:00, run_after=2024-05-28 00:00:00+00:00
[2024-05-28T19:27:05.476+0200] {processor.py:183} INFO - Processing /Users/noejalabert/airflow_venv/lib/python3.11/site-packages/airflow/example_dags/example_branch_labels.py took 0.068 seconds
[2024-05-28T19:29:49.252+0200] {processor.py:161} INFO - Started process (PID=9696) to work on /Users/noejalabert/airflow_venv/lib/python3.11/site-packages/airflow/example_dags/example_branch_labels.py
[2024-05-28T19:29:49.252+0200] {processor.py:830} INFO - Processing file /Users/noejalabert/airflow_venv/lib/python3.11/site-packages/airflow/example_dags/example_branch_labels.py for tasks to queue
[2024-05-28T19:29:49.252+0200] {logging_mixin.py:188} INFO - [2024-05-28T19:29:49.252+0200] {dagbag.py:540} INFO - Filling up the DagBag from /Users/noejalabert/airflow_venv/lib/python3.11/site-packages/airflow/example_dags/example_branch_labels.py
[2024-05-28T19:29:49.256+0200] {processor.py:840} INFO - DAG(s) 'example_branch_labels' retrieved from /Users/noejalabert/airflow_venv/lib/python3.11/site-packages/airflow/example_dags/example_branch_labels.py
[2024-05-28T19:29:49.304+0200] {logging_mixin.py:188} INFO - [2024-05-28T19:29:49.304+0200] {dag.py:3096} INFO - Sync 1 DAGs
[2024-05-28T19:29:49.312+0200] {logging_mixin.py:188} INFO - [2024-05-28T19:29:49.312+0200] {dag.py:3954} INFO - Setting next_dagrun for example_branch_labels to 2024-05-27 00:00:00+00:00, run_after=2024-05-28 00:00:00+00:00
[2024-05-28T19:29:49.319+0200] {processor.py:183} INFO - Processing /Users/noejalabert/airflow_venv/lib/python3.11/site-packages/airflow/example_dags/example_branch_labels.py took 0.069 seconds
[2024-05-28T19:32:39.234+0200] {processor.py:161} INFO - Started process (PID=9846) to work on /Users/noejalabert/airflow_venv/lib/python3.11/site-packages/airflow/example_dags/example_branch_labels.py
[2024-05-28T19:32:39.234+0200] {processor.py:830} INFO - Processing file /Users/noejalabert/airflow_venv/lib/python3.11/site-packages/airflow/example_dags/example_branch_labels.py for tasks to queue
[2024-05-28T19:32:39.235+0200] {logging_mixin.py:188} INFO - [2024-05-28T19:32:39.234+0200] {dagbag.py:540} INFO - Filling up the DagBag from /Users/noejalabert/airflow_venv/lib/python3.11/site-packages/airflow/example_dags/example_branch_labels.py
[2024-05-28T19:32:39.238+0200] {processor.py:840} INFO - DAG(s) 'example_branch_labels' retrieved from /Users/noejalabert/airflow_venv/lib/python3.11/site-packages/airflow/example_dags/example_branch_labels.py
[2024-05-28T19:32:39.285+0200] {logging_mixin.py:188} INFO - [2024-05-28T19:32:39.285+0200] {dag.py:3096} INFO - Sync 1 DAGs
[2024-05-28T19:32:39.293+0200] {logging_mixin.py:188} INFO - [2024-05-28T19:32:39.293+0200] {dag.py:3954} INFO - Setting next_dagrun for example_branch_labels to 2024-05-27 00:00:00+00:00, run_after=2024-05-28 00:00:00+00:00
[2024-05-28T19:32:39.300+0200] {processor.py:183} INFO - Processing /Users/noejalabert/airflow_venv/lib/python3.11/site-packages/airflow/example_dags/example_branch_labels.py took 0.068 seconds
[2024-05-28T19:35:21.775+0200] {processor.py:161} INFO - Started process (PID=10008) to work on /Users/noejalabert/airflow_venv/lib/python3.11/site-packages/airflow/example_dags/example_branch_labels.py
[2024-05-28T19:35:21.776+0200] {processor.py:830} INFO - Processing file /Users/noejalabert/airflow_venv/lib/python3.11/site-packages/airflow/example_dags/example_branch_labels.py for tasks to queue
[2024-05-28T19:35:21.776+0200] {logging_mixin.py:188} INFO - [2024-05-28T19:35:21.776+0200] {dagbag.py:540} INFO - Filling up the DagBag from /Users/noejalabert/airflow_venv/lib/python3.11/site-packages/airflow/example_dags/example_branch_labels.py
[2024-05-28T19:35:21.780+0200] {processor.py:840} INFO - DAG(s) 'example_branch_labels' retrieved from /Users/noejalabert/airflow_venv/lib/python3.11/site-packages/airflow/example_dags/example_branch_labels.py
[2024-05-28T19:35:21.826+0200] {logging_mixin.py:188} INFO - [2024-05-28T19:35:21.826+0200] {dag.py:3096} INFO - Sync 1 DAGs
[2024-05-28T19:35:21.834+0200] {logging_mixin.py:188} INFO - [2024-05-28T19:35:21.834+0200] {dag.py:3954} INFO - Setting next_dagrun for example_branch_labels to 2024-05-27 00:00:00+00:00, run_after=2024-05-28 00:00:00+00:00
[2024-05-28T19:35:21.842+0200] {processor.py:183} INFO - Processing /Users/noejalabert/airflow_venv/lib/python3.11/site-packages/airflow/example_dags/example_branch_labels.py took 0.068 seconds
[2024-05-28T20:00:32.722+0200] {processor.py:161} INFO - Started process (PID=10225) to work on /Users/noejalabert/airflow_venv/lib/python3.11/site-packages/airflow/example_dags/example_branch_labels.py
[2024-05-28T20:00:32.723+0200] {processor.py:830} INFO - Processing file /Users/noejalabert/airflow_venv/lib/python3.11/site-packages/airflow/example_dags/example_branch_labels.py for tasks to queue
[2024-05-28T20:00:32.723+0200] {logging_mixin.py:188} INFO - [2024-05-28T20:00:32.723+0200] {dagbag.py:540} INFO - Filling up the DagBag from /Users/noejalabert/airflow_venv/lib/python3.11/site-packages/airflow/example_dags/example_branch_labels.py
[2024-05-28T20:00:32.727+0200] {processor.py:840} INFO - DAG(s) 'example_branch_labels' retrieved from /Users/noejalabert/airflow_venv/lib/python3.11/site-packages/airflow/example_dags/example_branch_labels.py
[2024-05-28T20:00:32.773+0200] {logging_mixin.py:188} INFO - [2024-05-28T20:00:32.773+0200] {dag.py:3096} INFO - Sync 1 DAGs
[2024-05-28T20:00:32.780+0200] {logging_mixin.py:188} INFO - [2024-05-28T20:00:32.780+0200] {dag.py:3954} INFO - Setting next_dagrun for example_branch_labels to 2024-05-27 00:00:00+00:00, run_after=2024-05-28 00:00:00+00:00
[2024-05-28T20:00:32.787+0200] {processor.py:183} INFO - Processing /Users/noejalabert/airflow_venv/lib/python3.11/site-packages/airflow/example_dags/example_branch_labels.py took 0.067 seconds
[2024-05-28T21:40:13.738+0200] {processor.py:161} INFO - Started process (PID=10408) to work on /Users/noejalabert/airflow_venv/lib/python3.11/site-packages/airflow/example_dags/example_branch_labels.py
[2024-05-28T21:40:13.738+0200] {processor.py:830} INFO - Processing file /Users/noejalabert/airflow_venv/lib/python3.11/site-packages/airflow/example_dags/example_branch_labels.py for tasks to queue
[2024-05-28T21:40:13.739+0200] {logging_mixin.py:188} INFO - [2024-05-28T21:40:13.739+0200] {dagbag.py:540} INFO - Filling up the DagBag from /Users/noejalabert/airflow_venv/lib/python3.11/site-packages/airflow/example_dags/example_branch_labels.py
[2024-05-28T21:40:13.743+0200] {processor.py:840} INFO - DAG(s) 'example_branch_labels' retrieved from /Users/noejalabert/airflow_venv/lib/python3.11/site-packages/airflow/example_dags/example_branch_labels.py
[2024-05-28T21:40:13.788+0200] {logging_mixin.py:188} INFO - [2024-05-28T21:40:13.788+0200] {dag.py:3096} INFO - Sync 1 DAGs
[2024-05-28T21:40:13.796+0200] {logging_mixin.py:188} INFO - [2024-05-28T21:40:13.796+0200] {dag.py:3954} INFO - Setting next_dagrun for example_branch_labels to 2024-05-27 00:00:00+00:00, run_after=2024-05-28 00:00:00+00:00
[2024-05-28T21:40:13.803+0200] {processor.py:183} INFO - Processing /Users/noejalabert/airflow_venv/lib/python3.11/site-packages/airflow/example_dags/example_branch_labels.py took 0.066 seconds
[2024-05-28T22:07:42.697+0200] {processor.py:161} INFO - Started process (PID=10561) to work on /Users/noejalabert/airflow_venv/lib/python3.11/site-packages/airflow/example_dags/example_branch_labels.py
[2024-05-28T22:07:42.698+0200] {processor.py:830} INFO - Processing file /Users/noejalabert/airflow_venv/lib/python3.11/site-packages/airflow/example_dags/example_branch_labels.py for tasks to queue
[2024-05-28T22:07:42.698+0200] {logging_mixin.py:188} INFO - [2024-05-28T22:07:42.698+0200] {dagbag.py:540} INFO - Filling up the DagBag from /Users/noejalabert/airflow_venv/lib/python3.11/site-packages/airflow/example_dags/example_branch_labels.py
[2024-05-28T22:07:42.702+0200] {processor.py:840} INFO - DAG(s) 'example_branch_labels' retrieved from /Users/noejalabert/airflow_venv/lib/python3.11/site-packages/airflow/example_dags/example_branch_labels.py
[2024-05-28T22:07:42.748+0200] {logging_mixin.py:188} INFO - [2024-05-28T22:07:42.748+0200] {dag.py:3096} INFO - Sync 1 DAGs
[2024-05-28T22:07:42.755+0200] {logging_mixin.py:188} INFO - [2024-05-28T22:07:42.755+0200] {dag.py:3954} INFO - Setting next_dagrun for example_branch_labels to 2024-05-27 00:00:00+00:00, run_after=2024-05-28 00:00:00+00:00
[2024-05-28T22:07:42.762+0200] {processor.py:183} INFO - Processing /Users/noejalabert/airflow_venv/lib/python3.11/site-packages/airflow/example_dags/example_branch_labels.py took 0.066 seconds
[2024-05-28T22:51:49.805+0200] {processor.py:161} INFO - Started process (PID=10724) to work on /Users/noejalabert/airflow_venv/lib/python3.11/site-packages/airflow/example_dags/example_branch_labels.py
[2024-05-28T22:51:49.805+0200] {processor.py:830} INFO - Processing file /Users/noejalabert/airflow_venv/lib/python3.11/site-packages/airflow/example_dags/example_branch_labels.py for tasks to queue
[2024-05-28T22:51:49.805+0200] {logging_mixin.py:188} INFO - [2024-05-28T22:51:49.805+0200] {dagbag.py:540} INFO - Filling up the DagBag from /Users/noejalabert/airflow_venv/lib/python3.11/site-packages/airflow/example_dags/example_branch_labels.py
[2024-05-28T22:51:49.809+0200] {processor.py:840} INFO - DAG(s) 'example_branch_labels' retrieved from /Users/noejalabert/airflow_venv/lib/python3.11/site-packages/airflow/example_dags/example_branch_labels.py
[2024-05-28T22:51:49.855+0200] {logging_mixin.py:188} INFO - [2024-05-28T22:51:49.854+0200] {dag.py:3096} INFO - Sync 1 DAGs
[2024-05-28T22:51:49.862+0200] {logging_mixin.py:188} INFO - [2024-05-28T22:51:49.862+0200] {dag.py:3954} INFO - Setting next_dagrun for example_branch_labels to 2024-05-27 00:00:00+00:00, run_after=2024-05-28 00:00:00+00:00
[2024-05-28T22:51:49.870+0200] {processor.py:183} INFO - Processing /Users/noejalabert/airflow_venv/lib/python3.11/site-packages/airflow/example_dags/example_branch_labels.py took 0.067 seconds
[2024-05-29T00:02:42.650+0200] {processor.py:161} INFO - Started process (PID=11005) to work on /Users/noejalabert/airflow_venv/lib/python3.11/site-packages/airflow/example_dags/example_branch_labels.py
[2024-05-29T00:02:42.650+0200] {processor.py:830} INFO - Processing file /Users/noejalabert/airflow_venv/lib/python3.11/site-packages/airflow/example_dags/example_branch_labels.py for tasks to queue
[2024-05-29T00:02:42.650+0200] {logging_mixin.py:188} INFO - [2024-05-29T00:02:42.650+0200] {dagbag.py:540} INFO - Filling up the DagBag from /Users/noejalabert/airflow_venv/lib/python3.11/site-packages/airflow/example_dags/example_branch_labels.py
[2024-05-29T00:02:42.654+0200] {processor.py:840} INFO - DAG(s) 'example_branch_labels' retrieved from /Users/noejalabert/airflow_venv/lib/python3.11/site-packages/airflow/example_dags/example_branch_labels.py
[2024-05-29T00:02:42.700+0200] {logging_mixin.py:188} INFO - [2024-05-29T00:02:42.700+0200] {dag.py:3096} INFO - Sync 1 DAGs
[2024-05-29T00:02:42.708+0200] {logging_mixin.py:188} INFO - [2024-05-29T00:02:42.708+0200] {dag.py:3954} INFO - Setting next_dagrun for example_branch_labels to 2024-05-27 00:00:00+00:00, run_after=2024-05-28 00:00:00+00:00
[2024-05-29T00:02:42.716+0200] {processor.py:183} INFO - Processing /Users/noejalabert/airflow_venv/lib/python3.11/site-packages/airflow/example_dags/example_branch_labels.py took 0.067 seconds
[2024-05-29T00:05:29.404+0200] {processor.py:161} INFO - Started process (PID=11144) to work on /Users/noejalabert/airflow_venv/lib/python3.11/site-packages/airflow/example_dags/example_branch_labels.py
[2024-05-29T00:05:29.404+0200] {processor.py:830} INFO - Processing file /Users/noejalabert/airflow_venv/lib/python3.11/site-packages/airflow/example_dags/example_branch_labels.py for tasks to queue
[2024-05-29T00:05:29.404+0200] {logging_mixin.py:188} INFO - [2024-05-29T00:05:29.404+0200] {dagbag.py:540} INFO - Filling up the DagBag from /Users/noejalabert/airflow_venv/lib/python3.11/site-packages/airflow/example_dags/example_branch_labels.py
[2024-05-29T00:05:29.408+0200] {processor.py:840} INFO - DAG(s) 'example_branch_labels' retrieved from /Users/noejalabert/airflow_venv/lib/python3.11/site-packages/airflow/example_dags/example_branch_labels.py
[2024-05-29T00:05:29.454+0200] {logging_mixin.py:188} INFO - [2024-05-29T00:05:29.454+0200] {dag.py:3096} INFO - Sync 1 DAGs
[2024-05-29T00:05:29.461+0200] {logging_mixin.py:188} INFO - [2024-05-29T00:05:29.461+0200] {dag.py:3954} INFO - Setting next_dagrun for example_branch_labels to 2024-05-27 00:00:00+00:00, run_after=2024-05-28 00:00:00+00:00
[2024-05-29T00:05:29.469+0200] {processor.py:183} INFO - Processing /Users/noejalabert/airflow_venv/lib/python3.11/site-packages/airflow/example_dags/example_branch_labels.py took 0.066 seconds
[2024-05-29T00:08:11.712+0200] {processor.py:161} INFO - Started process (PID=11292) to work on /Users/noejalabert/airflow_venv/lib/python3.11/site-packages/airflow/example_dags/example_branch_labels.py
[2024-05-29T00:08:11.712+0200] {processor.py:830} INFO - Processing file /Users/noejalabert/airflow_venv/lib/python3.11/site-packages/airflow/example_dags/example_branch_labels.py for tasks to queue
[2024-05-29T00:08:11.712+0200] {logging_mixin.py:188} INFO - [2024-05-29T00:08:11.712+0200] {dagbag.py:540} INFO - Filling up the DagBag from /Users/noejalabert/airflow_venv/lib/python3.11/site-packages/airflow/example_dags/example_branch_labels.py
[2024-05-29T00:08:11.716+0200] {processor.py:840} INFO - DAG(s) 'example_branch_labels' retrieved from /Users/noejalabert/airflow_venv/lib/python3.11/site-packages/airflow/example_dags/example_branch_labels.py
[2024-05-29T00:08:11.762+0200] {logging_mixin.py:188} INFO - [2024-05-29T00:08:11.762+0200] {dag.py:3096} INFO - Sync 1 DAGs
[2024-05-29T00:08:11.770+0200] {logging_mixin.py:188} INFO - [2024-05-29T00:08:11.770+0200] {dag.py:3954} INFO - Setting next_dagrun for example_branch_labels to 2024-05-27 00:00:00+00:00, run_after=2024-05-28 00:00:00+00:00
[2024-05-29T00:08:11.777+0200] {processor.py:183} INFO - Processing /Users/noejalabert/airflow_venv/lib/python3.11/site-packages/airflow/example_dags/example_branch_labels.py took 0.067 seconds
[2024-05-29T00:10:58.012+0200] {processor.py:161} INFO - Started process (PID=11439) to work on /Users/noejalabert/airflow_venv/lib/python3.11/site-packages/airflow/example_dags/example_branch_labels.py
[2024-05-29T00:10:58.013+0200] {processor.py:830} INFO - Processing file /Users/noejalabert/airflow_venv/lib/python3.11/site-packages/airflow/example_dags/example_branch_labels.py for tasks to queue
[2024-05-29T00:10:58.014+0200] {logging_mixin.py:188} INFO - [2024-05-29T00:10:58.014+0200] {dagbag.py:540} INFO - Filling up the DagBag from /Users/noejalabert/airflow_venv/lib/python3.11/site-packages/airflow/example_dags/example_branch_labels.py
[2024-05-29T00:10:58.018+0200] {processor.py:840} INFO - DAG(s) 'example_branch_labels' retrieved from /Users/noejalabert/airflow_venv/lib/python3.11/site-packages/airflow/example_dags/example_branch_labels.py
[2024-05-29T00:10:58.069+0200] {logging_mixin.py:188} INFO - [2024-05-29T00:10:58.069+0200] {dag.py:3096} INFO - Sync 1 DAGs
[2024-05-29T00:10:58.077+0200] {logging_mixin.py:188} INFO - [2024-05-29T00:10:58.077+0200] {dag.py:3954} INFO - Setting next_dagrun for example_branch_labels to 2024-05-27 00:00:00+00:00, run_after=2024-05-28 00:00:00+00:00
[2024-05-29T00:10:58.084+0200] {processor.py:183} INFO - Processing /Users/noejalabert/airflow_venv/lib/python3.11/site-packages/airflow/example_dags/example_branch_labels.py took 0.074 seconds
[2024-05-29T00:13:42.076+0200] {processor.py:161} INFO - Started process (PID=11588) to work on /Users/noejalabert/airflow_venv/lib/python3.11/site-packages/airflow/example_dags/example_branch_labels.py
[2024-05-29T00:13:42.076+0200] {processor.py:830} INFO - Processing file /Users/noejalabert/airflow_venv/lib/python3.11/site-packages/airflow/example_dags/example_branch_labels.py for tasks to queue
[2024-05-29T00:13:42.076+0200] {logging_mixin.py:188} INFO - [2024-05-29T00:13:42.076+0200] {dagbag.py:540} INFO - Filling up the DagBag from /Users/noejalabert/airflow_venv/lib/python3.11/site-packages/airflow/example_dags/example_branch_labels.py
[2024-05-29T00:13:42.080+0200] {processor.py:840} INFO - DAG(s) 'example_branch_labels' retrieved from /Users/noejalabert/airflow_venv/lib/python3.11/site-packages/airflow/example_dags/example_branch_labels.py
[2024-05-29T00:13:42.126+0200] {logging_mixin.py:188} INFO - [2024-05-29T00:13:42.126+0200] {dag.py:3096} INFO - Sync 1 DAGs
[2024-05-29T00:13:42.134+0200] {logging_mixin.py:188} INFO - [2024-05-29T00:13:42.134+0200] {dag.py:3954} INFO - Setting next_dagrun for example_branch_labels to 2024-05-27 00:00:00+00:00, run_after=2024-05-28 00:00:00+00:00
[2024-05-29T00:13:42.141+0200] {processor.py:183} INFO - Processing /Users/noejalabert/airflow_venv/lib/python3.11/site-packages/airflow/example_dags/example_branch_labels.py took 0.067 seconds
[2024-05-29T00:16:30.036+0200] {processor.py:161} INFO - Started process (PID=11751) to work on /Users/noejalabert/airflow_venv/lib/python3.11/site-packages/airflow/example_dags/example_branch_labels.py
[2024-05-29T00:16:30.037+0200] {processor.py:830} INFO - Processing file /Users/noejalabert/airflow_venv/lib/python3.11/site-packages/airflow/example_dags/example_branch_labels.py for tasks to queue
[2024-05-29T00:16:30.037+0200] {logging_mixin.py:188} INFO - [2024-05-29T00:16:30.037+0200] {dagbag.py:540} INFO - Filling up the DagBag from /Users/noejalabert/airflow_venv/lib/python3.11/site-packages/airflow/example_dags/example_branch_labels.py
[2024-05-29T00:16:30.040+0200] {processor.py:840} INFO - DAG(s) 'example_branch_labels' retrieved from /Users/noejalabert/airflow_venv/lib/python3.11/site-packages/airflow/example_dags/example_branch_labels.py
[2024-05-29T00:16:30.087+0200] {logging_mixin.py:188} INFO - [2024-05-29T00:16:30.087+0200] {dag.py:3096} INFO - Sync 1 DAGs
[2024-05-29T00:16:30.095+0200] {logging_mixin.py:188} INFO - [2024-05-29T00:16:30.094+0200] {dag.py:3954} INFO - Setting next_dagrun for example_branch_labels to 2024-05-27 00:00:00+00:00, run_after=2024-05-28 00:00:00+00:00
[2024-05-29T00:16:30.102+0200] {processor.py:183} INFO - Processing /Users/noejalabert/airflow_venv/lib/python3.11/site-packages/airflow/example_dags/example_branch_labels.py took 0.067 seconds
[2024-05-29T00:19:17.925+0200] {processor.py:161} INFO - Started process (PID=11903) to work on /Users/noejalabert/airflow_venv/lib/python3.11/site-packages/airflow/example_dags/example_branch_labels.py
[2024-05-29T00:19:17.926+0200] {processor.py:830} INFO - Processing file /Users/noejalabert/airflow_venv/lib/python3.11/site-packages/airflow/example_dags/example_branch_labels.py for tasks to queue
[2024-05-29T00:19:17.926+0200] {logging_mixin.py:188} INFO - [2024-05-29T00:19:17.926+0200] {dagbag.py:540} INFO - Filling up the DagBag from /Users/noejalabert/airflow_venv/lib/python3.11/site-packages/airflow/example_dags/example_branch_labels.py
[2024-05-29T00:19:17.930+0200] {processor.py:840} INFO - DAG(s) 'example_branch_labels' retrieved from /Users/noejalabert/airflow_venv/lib/python3.11/site-packages/airflow/example_dags/example_branch_labels.py
[2024-05-29T00:19:17.977+0200] {logging_mixin.py:188} INFO - [2024-05-29T00:19:17.977+0200] {dag.py:3096} INFO - Sync 1 DAGs
[2024-05-29T00:19:17.984+0200] {logging_mixin.py:188} INFO - [2024-05-29T00:19:17.984+0200] {dag.py:3954} INFO - Setting next_dagrun for example_branch_labels to 2024-05-27 00:00:00+00:00, run_after=2024-05-28 00:00:00+00:00
[2024-05-29T00:19:17.992+0200] {processor.py:183} INFO - Processing /Users/noejalabert/airflow_venv/lib/python3.11/site-packages/airflow/example_dags/example_branch_labels.py took 0.068 seconds
[2024-05-29T00:22:03.571+0200] {processor.py:161} INFO - Started process (PID=12042) to work on /Users/noejalabert/airflow_venv/lib/python3.11/site-packages/airflow/example_dags/example_branch_labels.py
[2024-05-29T00:22:03.571+0200] {processor.py:830} INFO - Processing file /Users/noejalabert/airflow_venv/lib/python3.11/site-packages/airflow/example_dags/example_branch_labels.py for tasks to queue
[2024-05-29T00:22:03.571+0200] {logging_mixin.py:188} INFO - [2024-05-29T00:22:03.571+0200] {dagbag.py:540} INFO - Filling up the DagBag from /Users/noejalabert/airflow_venv/lib/python3.11/site-packages/airflow/example_dags/example_branch_labels.py
[2024-05-29T00:22:03.575+0200] {processor.py:840} INFO - DAG(s) 'example_branch_labels' retrieved from /Users/noejalabert/airflow_venv/lib/python3.11/site-packages/airflow/example_dags/example_branch_labels.py
[2024-05-29T00:22:03.622+0200] {logging_mixin.py:188} INFO - [2024-05-29T00:22:03.622+0200] {dag.py:3096} INFO - Sync 1 DAGs
[2024-05-29T00:22:03.630+0200] {logging_mixin.py:188} INFO - [2024-05-29T00:22:03.630+0200] {dag.py:3954} INFO - Setting next_dagrun for example_branch_labels to 2024-05-27 00:00:00+00:00, run_after=2024-05-28 00:00:00+00:00
[2024-05-29T00:22:03.638+0200] {processor.py:183} INFO - Processing /Users/noejalabert/airflow_venv/lib/python3.11/site-packages/airflow/example_dags/example_branch_labels.py took 0.068 seconds
[2024-05-29T00:24:54.813+0200] {processor.py:161} INFO - Started process (PID=12182) to work on /Users/noejalabert/airflow_venv/lib/python3.11/site-packages/airflow/example_dags/example_branch_labels.py
[2024-05-29T00:24:54.814+0200] {processor.py:830} INFO - Processing file /Users/noejalabert/airflow_venv/lib/python3.11/site-packages/airflow/example_dags/example_branch_labels.py for tasks to queue
[2024-05-29T00:24:54.814+0200] {logging_mixin.py:188} INFO - [2024-05-29T00:24:54.814+0200] {dagbag.py:540} INFO - Filling up the DagBag from /Users/noejalabert/airflow_venv/lib/python3.11/site-packages/airflow/example_dags/example_branch_labels.py
[2024-05-29T00:24:54.818+0200] {processor.py:840} INFO - DAG(s) 'example_branch_labels' retrieved from /Users/noejalabert/airflow_venv/lib/python3.11/site-packages/airflow/example_dags/example_branch_labels.py
[2024-05-29T00:24:54.865+0200] {logging_mixin.py:188} INFO - [2024-05-29T00:24:54.865+0200] {dag.py:3096} INFO - Sync 1 DAGs
[2024-05-29T00:24:54.873+0200] {logging_mixin.py:188} INFO - [2024-05-29T00:24:54.873+0200] {dag.py:3954} INFO - Setting next_dagrun for example_branch_labels to 2024-05-27 00:00:00+00:00, run_after=2024-05-28 00:00:00+00:00
[2024-05-29T00:24:54.880+0200] {processor.py:183} INFO - Processing /Users/noejalabert/airflow_venv/lib/python3.11/site-packages/airflow/example_dags/example_branch_labels.py took 0.069 seconds
