[2024-05-28T16:23:31.124+0200] {processor.py:161} INFO - Started process (PID=2254) to work on /Users/noejalabert/airflow_venv/lib/python3.11/site-packages/airflow/example_dags/example_task_group_decorator.py
[2024-05-28T16:23:31.124+0200] {processor.py:830} INFO - Processing file /Users/noejalabert/airflow_venv/lib/python3.11/site-packages/airflow/example_dags/example_task_group_decorator.py for tasks to queue
[2024-05-28T16:23:31.125+0200] {logging_mixin.py:188} INFO - [2024-05-28T16:23:31.125+0200] {dagbag.py:540} INFO - Filling up the DagBag from /Users/noejalabert/airflow_venv/lib/python3.11/site-packages/airflow/example_dags/example_task_group_decorator.py
[2024-05-28T16:23:31.144+0200] {processor.py:840} INFO - DAG(s) 'example_task_group_decorator' retrieved from /Users/noejalabert/airflow_venv/lib/python3.11/site-packages/airflow/example_dags/example_task_group_decorator.py
[2024-05-28T16:23:31.251+0200] {logging_mixin.py:188} INFO - [2024-05-28T16:23:31.250+0200] {dag.py:3096} INFO - Sync 1 DAGs
[2024-05-28T16:23:31.257+0200] {logging_mixin.py:188} INFO - [2024-05-28T16:23:31.257+0200] {dag.py:3954} INFO - Setting next_dagrun for example_task_group_decorator to 2024-05-27 00:00:00+00:00, run_after=2024-05-28 00:00:00+00:00
[2024-05-28T16:23:31.266+0200] {processor.py:183} INFO - Processing /Users/noejalabert/airflow_venv/lib/python3.11/site-packages/airflow/example_dags/example_task_group_decorator.py took 0.143 seconds
[2024-05-28T16:25:02.094+0200] {processor.py:161} INFO - Started process (PID=2354) to work on /Users/noejalabert/airflow_venv/lib/python3.11/site-packages/airflow/example_dags/example_task_group_decorator.py
[2024-05-28T16:25:02.095+0200] {processor.py:830} INFO - Processing file /Users/noejalabert/airflow_venv/lib/python3.11/site-packages/airflow/example_dags/example_task_group_decorator.py for tasks to queue
[2024-05-28T16:25:02.095+0200] {logging_mixin.py:188} INFO - [2024-05-28T16:25:02.095+0200] {dagbag.py:540} INFO - Filling up the DagBag from /Users/noejalabert/airflow_venv/lib/python3.11/site-packages/airflow/example_dags/example_task_group_decorator.py
[2024-05-28T16:25:02.116+0200] {processor.py:840} INFO - DAG(s) 'example_task_group_decorator' retrieved from /Users/noejalabert/airflow_venv/lib/python3.11/site-packages/airflow/example_dags/example_task_group_decorator.py
[2024-05-28T16:25:02.167+0200] {logging_mixin.py:188} INFO - [2024-05-28T16:25:02.167+0200] {dag.py:3096} INFO - Sync 1 DAGs
[2024-05-28T16:25:02.174+0200] {logging_mixin.py:188} INFO - [2024-05-28T16:25:02.174+0200] {dag.py:3954} INFO - Setting next_dagrun for example_task_group_decorator to 2024-05-27 00:00:00+00:00, run_after=2024-05-28 00:00:00+00:00
[2024-05-28T16:25:02.182+0200] {processor.py:183} INFO - Processing /Users/noejalabert/airflow_venv/lib/python3.11/site-packages/airflow/example_dags/example_task_group_decorator.py took 0.089 seconds
[2024-05-28T16:27:34.583+0200] {processor.py:161} INFO - Started process (PID=2459) to work on /Users/noejalabert/airflow_venv/lib/python3.11/site-packages/airflow/example_dags/example_task_group_decorator.py
[2024-05-28T16:27:34.585+0200] {processor.py:830} INFO - Processing file /Users/noejalabert/airflow_venv/lib/python3.11/site-packages/airflow/example_dags/example_task_group_decorator.py for tasks to queue
[2024-05-28T16:27:34.585+0200] {logging_mixin.py:188} INFO - [2024-05-28T16:27:34.585+0200] {dagbag.py:540} INFO - Filling up the DagBag from /Users/noejalabert/airflow_venv/lib/python3.11/site-packages/airflow/example_dags/example_task_group_decorator.py
[2024-05-28T16:27:34.604+0200] {processor.py:840} INFO - DAG(s) 'example_task_group_decorator' retrieved from /Users/noejalabert/airflow_venv/lib/python3.11/site-packages/airflow/example_dags/example_task_group_decorator.py
[2024-05-28T16:27:34.711+0200] {logging_mixin.py:188} INFO - [2024-05-28T16:27:34.711+0200] {dag.py:3096} INFO - Sync 1 DAGs
[2024-05-28T16:27:34.718+0200] {logging_mixin.py:188} INFO - [2024-05-28T16:27:34.718+0200] {dag.py:3954} INFO - Setting next_dagrun for example_task_group_decorator to 2024-05-27 00:00:00+00:00, run_after=2024-05-28 00:00:00+00:00
[2024-05-28T16:27:34.726+0200] {processor.py:183} INFO - Processing /Users/noejalabert/airflow_venv/lib/python3.11/site-packages/airflow/example_dags/example_task_group_decorator.py took 0.144 seconds
[2024-05-28T16:29:07.045+0200] {processor.py:161} INFO - Started process (PID=2554) to work on /Users/noejalabert/airflow_venv/lib/python3.11/site-packages/airflow/example_dags/example_task_group_decorator.py
[2024-05-28T16:29:07.045+0200] {processor.py:830} INFO - Processing file /Users/noejalabert/airflow_venv/lib/python3.11/site-packages/airflow/example_dags/example_task_group_decorator.py for tasks to queue
[2024-05-28T16:29:07.046+0200] {logging_mixin.py:188} INFO - [2024-05-28T16:29:07.046+0200] {dagbag.py:540} INFO - Filling up the DagBag from /Users/noejalabert/airflow_venv/lib/python3.11/site-packages/airflow/example_dags/example_task_group_decorator.py
[2024-05-28T16:29:07.065+0200] {processor.py:840} INFO - DAG(s) 'example_task_group_decorator' retrieved from /Users/noejalabert/airflow_venv/lib/python3.11/site-packages/airflow/example_dags/example_task_group_decorator.py
[2024-05-28T16:29:07.113+0200] {logging_mixin.py:188} INFO - [2024-05-28T16:29:07.112+0200] {dag.py:3096} INFO - Sync 1 DAGs
[2024-05-28T16:29:07.119+0200] {logging_mixin.py:188} INFO - [2024-05-28T16:29:07.119+0200] {dag.py:3954} INFO - Setting next_dagrun for example_task_group_decorator to 2024-05-27 00:00:00+00:00, run_after=2024-05-28 00:00:00+00:00
[2024-05-28T16:29:07.128+0200] {processor.py:183} INFO - Processing /Users/noejalabert/airflow_venv/lib/python3.11/site-packages/airflow/example_dags/example_task_group_decorator.py took 0.084 seconds
[2024-05-28T16:30:31.353+0200] {processor.py:161} INFO - Started process (PID=2809) to work on /Users/noejalabert/airflow_venv/lib/python3.11/site-packages/airflow/example_dags/example_task_group_decorator.py
[2024-05-28T16:30:31.354+0200] {processor.py:830} INFO - Processing file /Users/noejalabert/airflow_venv/lib/python3.11/site-packages/airflow/example_dags/example_task_group_decorator.py for tasks to queue
[2024-05-28T16:30:31.355+0200] {logging_mixin.py:188} INFO - [2024-05-28T16:30:31.354+0200] {dagbag.py:540} INFO - Filling up the DagBag from /Users/noejalabert/airflow_venv/lib/python3.11/site-packages/airflow/example_dags/example_task_group_decorator.py
[2024-05-28T16:30:31.374+0200] {processor.py:840} INFO - DAG(s) 'example_task_group_decorator' retrieved from /Users/noejalabert/airflow_venv/lib/python3.11/site-packages/airflow/example_dags/example_task_group_decorator.py
[2024-05-28T16:30:31.422+0200] {logging_mixin.py:188} INFO - [2024-05-28T16:30:31.422+0200] {dag.py:3096} INFO - Sync 1 DAGs
[2024-05-28T16:30:31.429+0200] {logging_mixin.py:188} INFO - [2024-05-28T16:30:31.429+0200] {dag.py:3954} INFO - Setting next_dagrun for example_task_group_decorator to 2024-05-27 00:00:00+00:00, run_after=2024-05-28 00:00:00+00:00
[2024-05-28T16:30:31.438+0200] {processor.py:183} INFO - Processing /Users/noejalabert/airflow_venv/lib/python3.11/site-packages/airflow/example_dags/example_task_group_decorator.py took 0.086 seconds
[2024-05-28T16:31:53.794+0200] {processor.py:161} INFO - Started process (PID=3071) to work on /Users/noejalabert/airflow_venv/lib/python3.11/site-packages/airflow/example_dags/example_task_group_decorator.py
[2024-05-28T16:31:53.796+0200] {processor.py:830} INFO - Processing file /Users/noejalabert/airflow_venv/lib/python3.11/site-packages/airflow/example_dags/example_task_group_decorator.py for tasks to queue
[2024-05-28T16:31:53.796+0200] {logging_mixin.py:188} INFO - [2024-05-28T16:31:53.796+0200] {dagbag.py:540} INFO - Filling up the DagBag from /Users/noejalabert/airflow_venv/lib/python3.11/site-packages/airflow/example_dags/example_task_group_decorator.py
[2024-05-28T16:31:53.815+0200] {processor.py:840} INFO - DAG(s) 'example_task_group_decorator' retrieved from /Users/noejalabert/airflow_venv/lib/python3.11/site-packages/airflow/example_dags/example_task_group_decorator.py
[2024-05-28T16:31:53.864+0200] {logging_mixin.py:188} INFO - [2024-05-28T16:31:53.863+0200] {dag.py:3096} INFO - Sync 1 DAGs
[2024-05-28T16:31:53.870+0200] {logging_mixin.py:188} INFO - [2024-05-28T16:31:53.870+0200] {dag.py:3954} INFO - Setting next_dagrun for example_task_group_decorator to 2024-05-27 00:00:00+00:00, run_after=2024-05-28 00:00:00+00:00
[2024-05-28T16:31:53.878+0200] {processor.py:183} INFO - Processing /Users/noejalabert/airflow_venv/lib/python3.11/site-packages/airflow/example_dags/example_task_group_decorator.py took 0.085 seconds
[2024-05-28T16:33:18.563+0200] {processor.py:161} INFO - Started process (PID=3145) to work on /Users/noejalabert/airflow_venv/lib/python3.11/site-packages/airflow/example_dags/example_task_group_decorator.py
[2024-05-28T16:33:18.564+0200] {processor.py:830} INFO - Processing file /Users/noejalabert/airflow_venv/lib/python3.11/site-packages/airflow/example_dags/example_task_group_decorator.py for tasks to queue
[2024-05-28T16:33:18.565+0200] {logging_mixin.py:188} INFO - [2024-05-28T16:33:18.565+0200] {dagbag.py:540} INFO - Filling up the DagBag from /Users/noejalabert/airflow_venv/lib/python3.11/site-packages/airflow/example_dags/example_task_group_decorator.py
[2024-05-28T16:33:18.584+0200] {processor.py:840} INFO - DAG(s) 'example_task_group_decorator' retrieved from /Users/noejalabert/airflow_venv/lib/python3.11/site-packages/airflow/example_dags/example_task_group_decorator.py
[2024-05-28T16:33:18.632+0200] {logging_mixin.py:188} INFO - [2024-05-28T16:33:18.632+0200] {dag.py:3096} INFO - Sync 1 DAGs
[2024-05-28T16:33:18.638+0200] {logging_mixin.py:188} INFO - [2024-05-28T16:33:18.638+0200] {dag.py:3954} INFO - Setting next_dagrun for example_task_group_decorator to 2024-05-27 00:00:00+00:00, run_after=2024-05-28 00:00:00+00:00
[2024-05-28T16:33:18.647+0200] {processor.py:183} INFO - Processing /Users/noejalabert/airflow_venv/lib/python3.11/site-packages/airflow/example_dags/example_task_group_decorator.py took 0.085 seconds
[2024-05-28T16:34:41.225+0200] {processor.py:161} INFO - Started process (PID=3266) to work on /Users/noejalabert/airflow_venv/lib/python3.11/site-packages/airflow/example_dags/example_task_group_decorator.py
[2024-05-28T16:34:41.226+0200] {processor.py:830} INFO - Processing file /Users/noejalabert/airflow_venv/lib/python3.11/site-packages/airflow/example_dags/example_task_group_decorator.py for tasks to queue
[2024-05-28T16:34:41.226+0200] {logging_mixin.py:188} INFO - [2024-05-28T16:34:41.226+0200] {dagbag.py:540} INFO - Filling up the DagBag from /Users/noejalabert/airflow_venv/lib/python3.11/site-packages/airflow/example_dags/example_task_group_decorator.py
[2024-05-28T16:34:41.246+0200] {processor.py:840} INFO - DAG(s) 'example_task_group_decorator' retrieved from /Users/noejalabert/airflow_venv/lib/python3.11/site-packages/airflow/example_dags/example_task_group_decorator.py
[2024-05-28T16:34:41.298+0200] {logging_mixin.py:188} INFO - [2024-05-28T16:34:41.298+0200] {dag.py:3096} INFO - Sync 1 DAGs
[2024-05-28T16:34:41.305+0200] {logging_mixin.py:188} INFO - [2024-05-28T16:34:41.305+0200] {dag.py:3954} INFO - Setting next_dagrun for example_task_group_decorator to 2024-05-27 00:00:00+00:00, run_after=2024-05-28 00:00:00+00:00
[2024-05-28T16:34:41.314+0200] {processor.py:183} INFO - Processing /Users/noejalabert/airflow_venv/lib/python3.11/site-packages/airflow/example_dags/example_task_group_decorator.py took 0.090 seconds
[2024-05-28T16:36:06.673+0200] {processor.py:161} INFO - Started process (PID=3356) to work on /Users/noejalabert/airflow_venv/lib/python3.11/site-packages/airflow/example_dags/example_task_group_decorator.py
[2024-05-28T16:36:06.674+0200] {processor.py:830} INFO - Processing file /Users/noejalabert/airflow_venv/lib/python3.11/site-packages/airflow/example_dags/example_task_group_decorator.py for tasks to queue
[2024-05-28T16:36:06.674+0200] {logging_mixin.py:188} INFO - [2024-05-28T16:36:06.674+0200] {dagbag.py:540} INFO - Filling up the DagBag from /Users/noejalabert/airflow_venv/lib/python3.11/site-packages/airflow/example_dags/example_task_group_decorator.py
[2024-05-28T16:36:06.693+0200] {processor.py:840} INFO - DAG(s) 'example_task_group_decorator' retrieved from /Users/noejalabert/airflow_venv/lib/python3.11/site-packages/airflow/example_dags/example_task_group_decorator.py
[2024-05-28T16:36:06.741+0200] {logging_mixin.py:188} INFO - [2024-05-28T16:36:06.741+0200] {dag.py:3096} INFO - Sync 1 DAGs
[2024-05-28T16:36:06.748+0200] {logging_mixin.py:188} INFO - [2024-05-28T16:36:06.748+0200] {dag.py:3954} INFO - Setting next_dagrun for example_task_group_decorator to 2024-05-27 00:00:00+00:00, run_after=2024-05-28 00:00:00+00:00
[2024-05-28T16:36:06.756+0200] {processor.py:183} INFO - Processing /Users/noejalabert/airflow_venv/lib/python3.11/site-packages/airflow/example_dags/example_task_group_decorator.py took 0.084 seconds
