[2024-05-28T16:23:33.192+0200] {processor.py:161} INFO - Started process (PID=2255) to work on /Users/noejalabert/airflow_venv/lib/python3.11/site-packages/airflow/example_dags/example_task_group.py
[2024-05-28T16:23:33.193+0200] {processor.py:830} INFO - Processing file /Users/noejalabert/airflow_venv/lib/python3.11/site-packages/airflow/example_dags/example_task_group.py for tasks to queue
[2024-05-28T16:23:33.193+0200] {logging_mixin.py:188} INFO - [2024-05-28T16:23:33.193+0200] {dagbag.py:540} INFO - Filling up the DagBag from /Users/noejalabert/airflow_venv/lib/python3.11/site-packages/airflow/example_dags/example_task_group.py
[2024-05-28T16:23:33.197+0200] {processor.py:840} INFO - DAG(s) 'example_task_group' retrieved from /Users/noejalabert/airflow_venv/lib/python3.11/site-packages/airflow/example_dags/example_task_group.py
[2024-05-28T16:23:33.334+0200] {logging_mixin.py:188} INFO - [2024-05-28T16:23:33.334+0200] {dag.py:3096} INFO - Sync 1 DAGs
[2024-05-28T16:23:33.341+0200] {logging_mixin.py:188} INFO - [2024-05-28T16:23:33.340+0200] {dag.py:3954} INFO - Setting next_dagrun for example_task_group to 2024-05-27 00:00:00+00:00, run_after=2024-05-28 00:00:00+00:00
[2024-05-28T16:23:33.364+0200] {processor.py:183} INFO - Processing /Users/noejalabert/airflow_venv/lib/python3.11/site-packages/airflow/example_dags/example_task_group.py took 0.173 seconds
[2024-05-28T16:25:03.762+0200] {processor.py:161} INFO - Started process (PID=2355) to work on /Users/noejalabert/airflow_venv/lib/python3.11/site-packages/airflow/example_dags/example_task_group.py
[2024-05-28T16:25:03.763+0200] {processor.py:830} INFO - Processing file /Users/noejalabert/airflow_venv/lib/python3.11/site-packages/airflow/example_dags/example_task_group.py for tasks to queue
[2024-05-28T16:25:03.764+0200] {logging_mixin.py:188} INFO - [2024-05-28T16:25:03.764+0200] {dagbag.py:540} INFO - Filling up the DagBag from /Users/noejalabert/airflow_venv/lib/python3.11/site-packages/airflow/example_dags/example_task_group.py
[2024-05-28T16:25:03.771+0200] {processor.py:840} INFO - DAG(s) 'example_task_group' retrieved from /Users/noejalabert/airflow_venv/lib/python3.11/site-packages/airflow/example_dags/example_task_group.py
[2024-05-28T16:25:03.857+0200] {logging_mixin.py:188} INFO - [2024-05-28T16:25:03.857+0200] {dag.py:3096} INFO - Sync 1 DAGs
[2024-05-28T16:25:03.874+0200] {logging_mixin.py:188} INFO - [2024-05-28T16:25:03.874+0200] {dag.py:3954} INFO - Setting next_dagrun for example_task_group to 2024-05-27 00:00:00+00:00, run_after=2024-05-28 00:00:00+00:00
[2024-05-28T16:25:03.885+0200] {processor.py:183} INFO - Processing /Users/noejalabert/airflow_venv/lib/python3.11/site-packages/airflow/example_dags/example_task_group.py took 0.125 seconds
[2024-05-28T16:27:36.010+0200] {processor.py:161} INFO - Started process (PID=2460) to work on /Users/noejalabert/airflow_venv/lib/python3.11/site-packages/airflow/example_dags/example_task_group.py
[2024-05-28T16:27:36.011+0200] {processor.py:830} INFO - Processing file /Users/noejalabert/airflow_venv/lib/python3.11/site-packages/airflow/example_dags/example_task_group.py for tasks to queue
[2024-05-28T16:27:36.012+0200] {logging_mixin.py:188} INFO - [2024-05-28T16:27:36.011+0200] {dagbag.py:540} INFO - Filling up the DagBag from /Users/noejalabert/airflow_venv/lib/python3.11/site-packages/airflow/example_dags/example_task_group.py
[2024-05-28T16:27:36.015+0200] {processor.py:840} INFO - DAG(s) 'example_task_group' retrieved from /Users/noejalabert/airflow_venv/lib/python3.11/site-packages/airflow/example_dags/example_task_group.py
[2024-05-28T16:27:36.096+0200] {logging_mixin.py:188} INFO - [2024-05-28T16:27:36.096+0200] {dag.py:3096} INFO - Sync 1 DAGs
[2024-05-28T16:27:36.102+0200] {logging_mixin.py:188} INFO - [2024-05-28T16:27:36.102+0200] {dag.py:3954} INFO - Setting next_dagrun for example_task_group to 2024-05-27 00:00:00+00:00, run_after=2024-05-28 00:00:00+00:00
[2024-05-28T16:27:36.111+0200] {processor.py:183} INFO - Processing /Users/noejalabert/airflow_venv/lib/python3.11/site-packages/airflow/example_dags/example_task_group.py took 0.102 seconds
[2024-05-28T16:29:08.881+0200] {processor.py:161} INFO - Started process (PID=2555) to work on /Users/noejalabert/airflow_venv/lib/python3.11/site-packages/airflow/example_dags/example_task_group.py
[2024-05-28T16:29:08.883+0200] {processor.py:830} INFO - Processing file /Users/noejalabert/airflow_venv/lib/python3.11/site-packages/airflow/example_dags/example_task_group.py for tasks to queue
[2024-05-28T16:29:08.883+0200] {logging_mixin.py:188} INFO - [2024-05-28T16:29:08.883+0200] {dagbag.py:540} INFO - Filling up the DagBag from /Users/noejalabert/airflow_venv/lib/python3.11/site-packages/airflow/example_dags/example_task_group.py
[2024-05-28T16:29:08.887+0200] {processor.py:840} INFO - DAG(s) 'example_task_group' retrieved from /Users/noejalabert/airflow_venv/lib/python3.11/site-packages/airflow/example_dags/example_task_group.py
[2024-05-28T16:29:08.939+0200] {logging_mixin.py:188} INFO - [2024-05-28T16:29:08.939+0200] {dag.py:3096} INFO - Sync 1 DAGs
[2024-05-28T16:29:08.947+0200] {logging_mixin.py:188} INFO - [2024-05-28T16:29:08.947+0200] {dag.py:3954} INFO - Setting next_dagrun for example_task_group to 2024-05-27 00:00:00+00:00, run_after=2024-05-28 00:00:00+00:00
[2024-05-28T16:29:08.955+0200] {processor.py:183} INFO - Processing /Users/noejalabert/airflow_venv/lib/python3.11/site-packages/airflow/example_dags/example_task_group.py took 0.075 seconds
[2024-05-28T16:30:33.213+0200] {processor.py:161} INFO - Started process (PID=2814) to work on /Users/noejalabert/airflow_venv/lib/python3.11/site-packages/airflow/example_dags/example_task_group.py
[2024-05-28T16:30:33.215+0200] {processor.py:830} INFO - Processing file /Users/noejalabert/airflow_venv/lib/python3.11/site-packages/airflow/example_dags/example_task_group.py for tasks to queue
[2024-05-28T16:30:33.215+0200] {logging_mixin.py:188} INFO - [2024-05-28T16:30:33.215+0200] {dagbag.py:540} INFO - Filling up the DagBag from /Users/noejalabert/airflow_venv/lib/python3.11/site-packages/airflow/example_dags/example_task_group.py
[2024-05-28T16:30:33.219+0200] {processor.py:840} INFO - DAG(s) 'example_task_group' retrieved from /Users/noejalabert/airflow_venv/lib/python3.11/site-packages/airflow/example_dags/example_task_group.py
[2024-05-28T16:30:33.268+0200] {logging_mixin.py:188} INFO - [2024-05-28T16:30:33.268+0200] {dag.py:3096} INFO - Sync 1 DAGs
[2024-05-28T16:30:33.276+0200] {logging_mixin.py:188} INFO - [2024-05-28T16:30:33.276+0200] {dag.py:3954} INFO - Setting next_dagrun for example_task_group to 2024-05-27 00:00:00+00:00, run_after=2024-05-28 00:00:00+00:00
[2024-05-28T16:30:33.284+0200] {processor.py:183} INFO - Processing /Users/noejalabert/airflow_venv/lib/python3.11/site-packages/airflow/example_dags/example_task_group.py took 0.072 seconds
[2024-05-28T16:31:55.657+0200] {processor.py:161} INFO - Started process (PID=3072) to work on /Users/noejalabert/airflow_venv/lib/python3.11/site-packages/airflow/example_dags/example_task_group.py
[2024-05-28T16:31:55.658+0200] {processor.py:830} INFO - Processing file /Users/noejalabert/airflow_venv/lib/python3.11/site-packages/airflow/example_dags/example_task_group.py for tasks to queue
[2024-05-28T16:31:55.658+0200] {logging_mixin.py:188} INFO - [2024-05-28T16:31:55.658+0200] {dagbag.py:540} INFO - Filling up the DagBag from /Users/noejalabert/airflow_venv/lib/python3.11/site-packages/airflow/example_dags/example_task_group.py
[2024-05-28T16:31:55.662+0200] {processor.py:840} INFO - DAG(s) 'example_task_group' retrieved from /Users/noejalabert/airflow_venv/lib/python3.11/site-packages/airflow/example_dags/example_task_group.py
[2024-05-28T16:31:55.712+0200] {logging_mixin.py:188} INFO - [2024-05-28T16:31:55.712+0200] {dag.py:3096} INFO - Sync 1 DAGs
[2024-05-28T16:31:55.719+0200] {logging_mixin.py:188} INFO - [2024-05-28T16:31:55.719+0200] {dag.py:3954} INFO - Setting next_dagrun for example_task_group to 2024-05-27 00:00:00+00:00, run_after=2024-05-28 00:00:00+00:00
[2024-05-28T16:31:55.727+0200] {processor.py:183} INFO - Processing /Users/noejalabert/airflow_venv/lib/python3.11/site-packages/airflow/example_dags/example_task_group.py took 0.071 seconds
[2024-05-28T16:33:20.407+0200] {processor.py:161} INFO - Started process (PID=3146) to work on /Users/noejalabert/airflow_venv/lib/python3.11/site-packages/airflow/example_dags/example_task_group.py
[2024-05-28T16:33:20.408+0200] {processor.py:830} INFO - Processing file /Users/noejalabert/airflow_venv/lib/python3.11/site-packages/airflow/example_dags/example_task_group.py for tasks to queue
[2024-05-28T16:33:20.408+0200] {logging_mixin.py:188} INFO - [2024-05-28T16:33:20.408+0200] {dagbag.py:540} INFO - Filling up the DagBag from /Users/noejalabert/airflow_venv/lib/python3.11/site-packages/airflow/example_dags/example_task_group.py
[2024-05-28T16:33:20.412+0200] {processor.py:840} INFO - DAG(s) 'example_task_group' retrieved from /Users/noejalabert/airflow_venv/lib/python3.11/site-packages/airflow/example_dags/example_task_group.py
[2024-05-28T16:33:20.459+0200] {logging_mixin.py:188} INFO - [2024-05-28T16:33:20.459+0200] {dag.py:3096} INFO - Sync 1 DAGs
[2024-05-28T16:33:20.467+0200] {logging_mixin.py:188} INFO - [2024-05-28T16:33:20.467+0200] {dag.py:3954} INFO - Setting next_dagrun for example_task_group to 2024-05-27 00:00:00+00:00, run_after=2024-05-28 00:00:00+00:00
[2024-05-28T16:33:20.474+0200] {processor.py:183} INFO - Processing /Users/noejalabert/airflow_venv/lib/python3.11/site-packages/airflow/example_dags/example_task_group.py took 0.069 seconds
[2024-05-28T16:34:43.085+0200] {processor.py:161} INFO - Started process (PID=3267) to work on /Users/noejalabert/airflow_venv/lib/python3.11/site-packages/airflow/example_dags/example_task_group.py
[2024-05-28T16:34:43.086+0200] {processor.py:830} INFO - Processing file /Users/noejalabert/airflow_venv/lib/python3.11/site-packages/airflow/example_dags/example_task_group.py for tasks to queue
[2024-05-28T16:34:43.087+0200] {logging_mixin.py:188} INFO - [2024-05-28T16:34:43.087+0200] {dagbag.py:540} INFO - Filling up the DagBag from /Users/noejalabert/airflow_venv/lib/python3.11/site-packages/airflow/example_dags/example_task_group.py
[2024-05-28T16:34:43.091+0200] {processor.py:840} INFO - DAG(s) 'example_task_group' retrieved from /Users/noejalabert/airflow_venv/lib/python3.11/site-packages/airflow/example_dags/example_task_group.py
[2024-05-28T16:34:43.139+0200] {logging_mixin.py:188} INFO - [2024-05-28T16:34:43.139+0200] {dag.py:3096} INFO - Sync 1 DAGs
[2024-05-28T16:34:43.146+0200] {logging_mixin.py:188} INFO - [2024-05-28T16:34:43.146+0200] {dag.py:3954} INFO - Setting next_dagrun for example_task_group to 2024-05-27 00:00:00+00:00, run_after=2024-05-28 00:00:00+00:00
[2024-05-28T16:34:43.154+0200] {processor.py:183} INFO - Processing /Users/noejalabert/airflow_venv/lib/python3.11/site-packages/airflow/example_dags/example_task_group.py took 0.070 seconds
[2024-05-28T16:36:08.523+0200] {processor.py:161} INFO - Started process (PID=3357) to work on /Users/noejalabert/airflow_venv/lib/python3.11/site-packages/airflow/example_dags/example_task_group.py
[2024-05-28T16:36:08.525+0200] {processor.py:830} INFO - Processing file /Users/noejalabert/airflow_venv/lib/python3.11/site-packages/airflow/example_dags/example_task_group.py for tasks to queue
[2024-05-28T16:36:08.525+0200] {logging_mixin.py:188} INFO - [2024-05-28T16:36:08.525+0200] {dagbag.py:540} INFO - Filling up the DagBag from /Users/noejalabert/airflow_venv/lib/python3.11/site-packages/airflow/example_dags/example_task_group.py
[2024-05-28T16:36:08.529+0200] {processor.py:840} INFO - DAG(s) 'example_task_group' retrieved from /Users/noejalabert/airflow_venv/lib/python3.11/site-packages/airflow/example_dags/example_task_group.py
[2024-05-28T16:36:08.576+0200] {logging_mixin.py:188} INFO - [2024-05-28T16:36:08.575+0200] {dag.py:3096} INFO - Sync 1 DAGs
[2024-05-28T16:36:08.583+0200] {logging_mixin.py:188} INFO - [2024-05-28T16:36:08.583+0200] {dag.py:3954} INFO - Setting next_dagrun for example_task_group to 2024-05-27 00:00:00+00:00, run_after=2024-05-28 00:00:00+00:00
[2024-05-28T16:36:08.590+0200] {processor.py:183} INFO - Processing /Users/noejalabert/airflow_venv/lib/python3.11/site-packages/airflow/example_dags/example_task_group.py took 0.068 seconds
[2024-05-28T16:37:34.116+0200] {processor.py:161} INFO - Started process (PID=3714) to work on /Users/noejalabert/airflow_venv/lib/python3.11/site-packages/airflow/example_dags/example_task_group.py
[2024-05-28T16:37:34.116+0200] {processor.py:830} INFO - Processing file /Users/noejalabert/airflow_venv/lib/python3.11/site-packages/airflow/example_dags/example_task_group.py for tasks to queue
[2024-05-28T16:37:34.117+0200] {logging_mixin.py:188} INFO - [2024-05-28T16:37:34.117+0200] {dagbag.py:540} INFO - Filling up the DagBag from /Users/noejalabert/airflow_venv/lib/python3.11/site-packages/airflow/example_dags/example_task_group.py
[2024-05-28T16:37:34.121+0200] {processor.py:840} INFO - DAG(s) 'example_task_group' retrieved from /Users/noejalabert/airflow_venv/lib/python3.11/site-packages/airflow/example_dags/example_task_group.py
[2024-05-28T16:37:34.168+0200] {logging_mixin.py:188} INFO - [2024-05-28T16:37:34.168+0200] {dag.py:3096} INFO - Sync 1 DAGs
[2024-05-28T16:37:34.175+0200] {logging_mixin.py:188} INFO - [2024-05-28T16:37:34.175+0200] {dag.py:3954} INFO - Setting next_dagrun for example_task_group to 2024-05-27 00:00:00+00:00, run_after=2024-05-28 00:00:00+00:00
[2024-05-28T16:37:34.183+0200] {processor.py:183} INFO - Processing /Users/noejalabert/airflow_venv/lib/python3.11/site-packages/airflow/example_dags/example_task_group.py took 0.068 seconds
[2024-05-28T16:39:00.556+0200] {processor.py:161} INFO - Started process (PID=3805) to work on /Users/noejalabert/airflow_venv/lib/python3.11/site-packages/airflow/example_dags/example_task_group.py
[2024-05-28T16:39:00.556+0200] {processor.py:830} INFO - Processing file /Users/noejalabert/airflow_venv/lib/python3.11/site-packages/airflow/example_dags/example_task_group.py for tasks to queue
[2024-05-28T16:39:00.557+0200] {logging_mixin.py:188} INFO - [2024-05-28T16:39:00.556+0200] {dagbag.py:540} INFO - Filling up the DagBag from /Users/noejalabert/airflow_venv/lib/python3.11/site-packages/airflow/example_dags/example_task_group.py
[2024-05-28T16:39:00.561+0200] {processor.py:840} INFO - DAG(s) 'example_task_group' retrieved from /Users/noejalabert/airflow_venv/lib/python3.11/site-packages/airflow/example_dags/example_task_group.py
[2024-05-28T16:39:00.608+0200] {logging_mixin.py:188} INFO - [2024-05-28T16:39:00.608+0200] {dag.py:3096} INFO - Sync 1 DAGs
[2024-05-28T16:39:00.616+0200] {logging_mixin.py:188} INFO - [2024-05-28T16:39:00.616+0200] {dag.py:3954} INFO - Setting next_dagrun for example_task_group to 2024-05-27 00:00:00+00:00, run_after=2024-05-28 00:00:00+00:00
[2024-05-28T16:39:00.623+0200] {processor.py:183} INFO - Processing /Users/noejalabert/airflow_venv/lib/python3.11/site-packages/airflow/example_dags/example_task_group.py took 0.069 seconds
[2024-05-28T16:40:24.709+0200] {processor.py:161} INFO - Started process (PID=3893) to work on /Users/noejalabert/airflow_venv/lib/python3.11/site-packages/airflow/example_dags/example_task_group.py
[2024-05-28T16:40:24.709+0200] {processor.py:830} INFO - Processing file /Users/noejalabert/airflow_venv/lib/python3.11/site-packages/airflow/example_dags/example_task_group.py for tasks to queue
[2024-05-28T16:40:24.710+0200] {logging_mixin.py:188} INFO - [2024-05-28T16:40:24.710+0200] {dagbag.py:540} INFO - Filling up the DagBag from /Users/noejalabert/airflow_venv/lib/python3.11/site-packages/airflow/example_dags/example_task_group.py
[2024-05-28T16:40:24.713+0200] {processor.py:840} INFO - DAG(s) 'example_task_group' retrieved from /Users/noejalabert/airflow_venv/lib/python3.11/site-packages/airflow/example_dags/example_task_group.py
[2024-05-28T16:40:24.761+0200] {logging_mixin.py:188} INFO - [2024-05-28T16:40:24.761+0200] {dag.py:3096} INFO - Sync 1 DAGs
[2024-05-28T16:40:24.768+0200] {logging_mixin.py:188} INFO - [2024-05-28T16:40:24.768+0200] {dag.py:3954} INFO - Setting next_dagrun for example_task_group to 2024-05-27 00:00:00+00:00, run_after=2024-05-28 00:00:00+00:00
[2024-05-28T16:40:24.775+0200] {processor.py:183} INFO - Processing /Users/noejalabert/airflow_venv/lib/python3.11/site-packages/airflow/example_dags/example_task_group.py took 0.068 seconds
[2024-05-28T16:41:48.118+0200] {processor.py:161} INFO - Started process (PID=3967) to work on /Users/noejalabert/airflow_venv/lib/python3.11/site-packages/airflow/example_dags/example_task_group.py
[2024-05-28T16:41:48.118+0200] {processor.py:830} INFO - Processing file /Users/noejalabert/airflow_venv/lib/python3.11/site-packages/airflow/example_dags/example_task_group.py for tasks to queue
[2024-05-28T16:41:48.118+0200] {logging_mixin.py:188} INFO - [2024-05-28T16:41:48.118+0200] {dagbag.py:540} INFO - Filling up the DagBag from /Users/noejalabert/airflow_venv/lib/python3.11/site-packages/airflow/example_dags/example_task_group.py
[2024-05-28T16:41:48.122+0200] {processor.py:840} INFO - DAG(s) 'example_task_group' retrieved from /Users/noejalabert/airflow_venv/lib/python3.11/site-packages/airflow/example_dags/example_task_group.py
[2024-05-28T16:41:48.170+0200] {logging_mixin.py:188} INFO - [2024-05-28T16:41:48.169+0200] {dag.py:3096} INFO - Sync 1 DAGs
[2024-05-28T16:41:48.177+0200] {logging_mixin.py:188} INFO - [2024-05-28T16:41:48.177+0200] {dag.py:3954} INFO - Setting next_dagrun for example_task_group to 2024-05-27 00:00:00+00:00, run_after=2024-05-28 00:00:00+00:00
[2024-05-28T16:41:48.185+0200] {processor.py:183} INFO - Processing /Users/noejalabert/airflow_venv/lib/python3.11/site-packages/airflow/example_dags/example_task_group.py took 0.069 seconds
[2024-05-28T16:43:09.874+0200] {processor.py:161} INFO - Started process (PID=4044) to work on /Users/noejalabert/airflow_venv/lib/python3.11/site-packages/airflow/example_dags/example_task_group.py
[2024-05-28T16:43:09.875+0200] {processor.py:830} INFO - Processing file /Users/noejalabert/airflow_venv/lib/python3.11/site-packages/airflow/example_dags/example_task_group.py for tasks to queue
[2024-05-28T16:43:09.875+0200] {logging_mixin.py:188} INFO - [2024-05-28T16:43:09.875+0200] {dagbag.py:540} INFO - Filling up the DagBag from /Users/noejalabert/airflow_venv/lib/python3.11/site-packages/airflow/example_dags/example_task_group.py
[2024-05-28T16:43:09.879+0200] {processor.py:840} INFO - DAG(s) 'example_task_group' retrieved from /Users/noejalabert/airflow_venv/lib/python3.11/site-packages/airflow/example_dags/example_task_group.py
[2024-05-28T16:43:09.929+0200] {logging_mixin.py:188} INFO - [2024-05-28T16:43:09.929+0200] {dag.py:3096} INFO - Sync 1 DAGs
[2024-05-28T16:43:09.937+0200] {logging_mixin.py:188} INFO - [2024-05-28T16:43:09.936+0200] {dag.py:3954} INFO - Setting next_dagrun for example_task_group to 2024-05-27 00:00:00+00:00, run_after=2024-05-28 00:00:00+00:00
[2024-05-28T16:43:09.945+0200] {processor.py:183} INFO - Processing /Users/noejalabert/airflow_venv/lib/python3.11/site-packages/airflow/example_dags/example_task_group.py took 0.072 seconds
[2024-05-28T16:44:35.184+0200] {processor.py:161} INFO - Started process (PID=4119) to work on /Users/noejalabert/airflow_venv/lib/python3.11/site-packages/airflow/example_dags/example_task_group.py
[2024-05-28T16:44:35.184+0200] {processor.py:830} INFO - Processing file /Users/noejalabert/airflow_venv/lib/python3.11/site-packages/airflow/example_dags/example_task_group.py for tasks to queue
[2024-05-28T16:44:35.185+0200] {logging_mixin.py:188} INFO - [2024-05-28T16:44:35.184+0200] {dagbag.py:540} INFO - Filling up the DagBag from /Users/noejalabert/airflow_venv/lib/python3.11/site-packages/airflow/example_dags/example_task_group.py
[2024-05-28T16:44:35.188+0200] {processor.py:840} INFO - DAG(s) 'example_task_group' retrieved from /Users/noejalabert/airflow_venv/lib/python3.11/site-packages/airflow/example_dags/example_task_group.py
[2024-05-28T16:44:35.235+0200] {logging_mixin.py:188} INFO - [2024-05-28T16:44:35.235+0200] {dag.py:3096} INFO - Sync 1 DAGs
[2024-05-28T16:44:35.242+0200] {logging_mixin.py:188} INFO - [2024-05-28T16:44:35.242+0200] {dag.py:3954} INFO - Setting next_dagrun for example_task_group to 2024-05-27 00:00:00+00:00, run_after=2024-05-28 00:00:00+00:00
[2024-05-28T16:44:35.250+0200] {processor.py:183} INFO - Processing /Users/noejalabert/airflow_venv/lib/python3.11/site-packages/airflow/example_dags/example_task_group.py took 0.067 seconds
[2024-05-28T16:46:58.972+0200] {processor.py:161} INFO - Started process (PID=4202) to work on /Users/noejalabert/airflow_venv/lib/python3.11/site-packages/airflow/example_dags/example_task_group.py
[2024-05-28T16:46:58.972+0200] {processor.py:830} INFO - Processing file /Users/noejalabert/airflow_venv/lib/python3.11/site-packages/airflow/example_dags/example_task_group.py for tasks to queue
[2024-05-28T16:46:58.973+0200] {logging_mixin.py:188} INFO - [2024-05-28T16:46:58.973+0200] {dagbag.py:540} INFO - Filling up the DagBag from /Users/noejalabert/airflow_venv/lib/python3.11/site-packages/airflow/example_dags/example_task_group.py
[2024-05-28T16:46:58.977+0200] {processor.py:840} INFO - DAG(s) 'example_task_group' retrieved from /Users/noejalabert/airflow_venv/lib/python3.11/site-packages/airflow/example_dags/example_task_group.py
[2024-05-28T16:46:59.025+0200] {logging_mixin.py:188} INFO - [2024-05-28T16:46:59.025+0200] {dag.py:3096} INFO - Sync 1 DAGs
[2024-05-28T16:46:59.032+0200] {logging_mixin.py:188} INFO - [2024-05-28T16:46:59.032+0200] {dag.py:3954} INFO - Setting next_dagrun for example_task_group to 2024-05-27 00:00:00+00:00, run_after=2024-05-28 00:00:00+00:00
[2024-05-28T16:46:59.039+0200] {processor.py:183} INFO - Processing /Users/noejalabert/airflow_venv/lib/python3.11/site-packages/airflow/example_dags/example_task_group.py took 0.069 seconds
[2024-05-28T16:48:22.422+0200] {processor.py:161} INFO - Started process (PID=4283) to work on /Users/noejalabert/airflow_venv/lib/python3.11/site-packages/airflow/example_dags/example_task_group.py
[2024-05-28T16:48:22.422+0200] {processor.py:830} INFO - Processing file /Users/noejalabert/airflow_venv/lib/python3.11/site-packages/airflow/example_dags/example_task_group.py for tasks to queue
[2024-05-28T16:48:22.422+0200] {logging_mixin.py:188} INFO - [2024-05-28T16:48:22.422+0200] {dagbag.py:540} INFO - Filling up the DagBag from /Users/noejalabert/airflow_venv/lib/python3.11/site-packages/airflow/example_dags/example_task_group.py
[2024-05-28T16:48:22.426+0200] {processor.py:840} INFO - DAG(s) 'example_task_group' retrieved from /Users/noejalabert/airflow_venv/lib/python3.11/site-packages/airflow/example_dags/example_task_group.py
[2024-05-28T16:48:22.473+0200] {logging_mixin.py:188} INFO - [2024-05-28T16:48:22.473+0200] {dag.py:3096} INFO - Sync 1 DAGs
[2024-05-28T16:48:22.480+0200] {logging_mixin.py:188} INFO - [2024-05-28T16:48:22.480+0200] {dag.py:3954} INFO - Setting next_dagrun for example_task_group to 2024-05-27 00:00:00+00:00, run_after=2024-05-28 00:00:00+00:00
[2024-05-28T16:48:22.488+0200] {processor.py:183} INFO - Processing /Users/noejalabert/airflow_venv/lib/python3.11/site-packages/airflow/example_dags/example_task_group.py took 0.068 seconds
[2024-05-28T16:49:47.073+0200] {processor.py:161} INFO - Started process (PID=4380) to work on /Users/noejalabert/airflow_venv/lib/python3.11/site-packages/airflow/example_dags/example_task_group.py
[2024-05-28T16:49:47.073+0200] {processor.py:830} INFO - Processing file /Users/noejalabert/airflow_venv/lib/python3.11/site-packages/airflow/example_dags/example_task_group.py for tasks to queue
[2024-05-28T16:49:47.074+0200] {logging_mixin.py:188} INFO - [2024-05-28T16:49:47.074+0200] {dagbag.py:540} INFO - Filling up the DagBag from /Users/noejalabert/airflow_venv/lib/python3.11/site-packages/airflow/example_dags/example_task_group.py
[2024-05-28T16:49:47.078+0200] {processor.py:840} INFO - DAG(s) 'example_task_group' retrieved from /Users/noejalabert/airflow_venv/lib/python3.11/site-packages/airflow/example_dags/example_task_group.py
[2024-05-28T16:49:47.128+0200] {logging_mixin.py:188} INFO - [2024-05-28T16:49:47.128+0200] {dag.py:3096} INFO - Sync 1 DAGs
[2024-05-28T16:49:47.136+0200] {logging_mixin.py:188} INFO - [2024-05-28T16:49:47.136+0200] {dag.py:3954} INFO - Setting next_dagrun for example_task_group to 2024-05-27 00:00:00+00:00, run_after=2024-05-28 00:00:00+00:00
[2024-05-28T16:49:47.144+0200] {processor.py:183} INFO - Processing /Users/noejalabert/airflow_venv/lib/python3.11/site-packages/airflow/example_dags/example_task_group.py took 0.073 seconds
[2024-05-28T16:51:07.553+0200] {processor.py:161} INFO - Started process (PID=4467) to work on /Users/noejalabert/airflow_venv/lib/python3.11/site-packages/airflow/example_dags/example_task_group.py
[2024-05-28T16:51:07.554+0200] {processor.py:830} INFO - Processing file /Users/noejalabert/airflow_venv/lib/python3.11/site-packages/airflow/example_dags/example_task_group.py for tasks to queue
[2024-05-28T16:51:07.555+0200] {logging_mixin.py:188} INFO - [2024-05-28T16:51:07.555+0200] {dagbag.py:540} INFO - Filling up the DagBag from /Users/noejalabert/airflow_venv/lib/python3.11/site-packages/airflow/example_dags/example_task_group.py
[2024-05-28T16:51:07.558+0200] {processor.py:840} INFO - DAG(s) 'example_task_group' retrieved from /Users/noejalabert/airflow_venv/lib/python3.11/site-packages/airflow/example_dags/example_task_group.py
[2024-05-28T16:51:07.606+0200] {logging_mixin.py:188} INFO - [2024-05-28T16:51:07.606+0200] {dag.py:3096} INFO - Sync 1 DAGs
[2024-05-28T16:51:07.613+0200] {logging_mixin.py:188} INFO - [2024-05-28T16:51:07.613+0200] {dag.py:3954} INFO - Setting next_dagrun for example_task_group to 2024-05-27 00:00:00+00:00, run_after=2024-05-28 00:00:00+00:00
[2024-05-28T16:51:07.621+0200] {processor.py:183} INFO - Processing /Users/noejalabert/airflow_venv/lib/python3.11/site-packages/airflow/example_dags/example_task_group.py took 0.069 seconds
[2024-05-28T16:52:27.431+0200] {processor.py:161} INFO - Started process (PID=4705) to work on /Users/noejalabert/airflow_venv/lib/python3.11/site-packages/airflow/example_dags/example_task_group.py
[2024-05-28T16:52:27.432+0200] {processor.py:830} INFO - Processing file /Users/noejalabert/airflow_venv/lib/python3.11/site-packages/airflow/example_dags/example_task_group.py for tasks to queue
[2024-05-28T16:52:27.432+0200] {logging_mixin.py:188} INFO - [2024-05-28T16:52:27.432+0200] {dagbag.py:540} INFO - Filling up the DagBag from /Users/noejalabert/airflow_venv/lib/python3.11/site-packages/airflow/example_dags/example_task_group.py
[2024-05-28T16:52:27.436+0200] {processor.py:840} INFO - DAG(s) 'example_task_group' retrieved from /Users/noejalabert/airflow_venv/lib/python3.11/site-packages/airflow/example_dags/example_task_group.py
[2024-05-28T16:52:27.483+0200] {logging_mixin.py:188} INFO - [2024-05-28T16:52:27.483+0200] {dag.py:3096} INFO - Sync 1 DAGs
[2024-05-28T16:52:27.491+0200] {logging_mixin.py:188} INFO - [2024-05-28T16:52:27.491+0200] {dag.py:3954} INFO - Setting next_dagrun for example_task_group to 2024-05-27 00:00:00+00:00, run_after=2024-05-28 00:00:00+00:00
[2024-05-28T16:52:27.499+0200] {processor.py:183} INFO - Processing /Users/noejalabert/airflow_venv/lib/python3.11/site-packages/airflow/example_dags/example_task_group.py took 0.068 seconds
[2024-05-28T16:53:53.620+0200] {processor.py:161} INFO - Started process (PID=5083) to work on /Users/noejalabert/airflow_venv/lib/python3.11/site-packages/airflow/example_dags/example_task_group.py
[2024-05-28T16:53:53.621+0200] {processor.py:830} INFO - Processing file /Users/noejalabert/airflow_venv/lib/python3.11/site-packages/airflow/example_dags/example_task_group.py for tasks to queue
[2024-05-28T16:53:53.621+0200] {logging_mixin.py:188} INFO - [2024-05-28T16:53:53.621+0200] {dagbag.py:540} INFO - Filling up the DagBag from /Users/noejalabert/airflow_venv/lib/python3.11/site-packages/airflow/example_dags/example_task_group.py
[2024-05-28T16:53:53.625+0200] {processor.py:840} INFO - DAG(s) 'example_task_group' retrieved from /Users/noejalabert/airflow_venv/lib/python3.11/site-packages/airflow/example_dags/example_task_group.py
[2024-05-28T16:53:53.673+0200] {logging_mixin.py:188} INFO - [2024-05-28T16:53:53.673+0200] {dag.py:3096} INFO - Sync 1 DAGs
[2024-05-28T16:53:53.681+0200] {logging_mixin.py:188} INFO - [2024-05-28T16:53:53.680+0200] {dag.py:3954} INFO - Setting next_dagrun for example_task_group to 2024-05-27 00:00:00+00:00, run_after=2024-05-28 00:00:00+00:00
[2024-05-28T16:53:53.688+0200] {processor.py:183} INFO - Processing /Users/noejalabert/airflow_venv/lib/python3.11/site-packages/airflow/example_dags/example_task_group.py took 0.070 seconds
