[2024-05-28T16:24:17.262+0200] {processor.py:161} INFO - Started process (PID=2310) to work on /Users/noejalabert/airflow_venv/lib/python3.11/site-packages/airflow/example_dags/example_datasets.py
[2024-05-28T16:24:17.262+0200] {processor.py:830} INFO - Processing file /Users/noejalabert/airflow_venv/lib/python3.11/site-packages/airflow/example_dags/example_datasets.py for tasks to queue
[2024-05-28T16:24:17.263+0200] {logging_mixin.py:188} INFO - [2024-05-28T16:24:17.263+0200] {dagbag.py:540} INFO - Filling up the DagBag from /Users/noejalabert/airflow_venv/lib/python3.11/site-packages/airflow/example_dags/example_datasets.py
[2024-05-28T16:24:17.288+0200] {processor.py:840} INFO - DAG(s) 'consume_1_and_2_with_dataset_expressions', 'dataset_consumes_1', 'consume_1_or_both_2_and_3_with_dataset_expressions', 'conditional_dataset_and_time_based_timetable', 'dataset_consumes_unknown_never_scheduled', 'dataset_consumes_1_and_2', 'dataset_consumes_1_never_scheduled', 'dataset_produces_1', 'dataset_produces_2', 'consume_1_or_2_with_dataset_expressions' retrieved from /Users/noejalabert/airflow_venv/lib/python3.11/site-packages/airflow/example_dags/example_datasets.py
[2024-05-28T16:24:17.394+0200] {logging_mixin.py:188} INFO - [2024-05-28T16:24:17.394+0200] {dag.py:3096} INFO - Sync 10 DAGs
[2024-05-28T16:24:17.432+0200] {logging_mixin.py:188} INFO - [2024-05-28T16:24:17.432+0200] {dag.py:3954} INFO - Setting next_dagrun for conditional_dataset_and_time_based_timetable to 2024-05-22 01:00:00+00:00, run_after=2024-05-22 01:00:00+00:00
[2024-05-28T16:24:17.433+0200] {logging_mixin.py:188} INFO - [2024-05-28T16:24:17.433+0200] {dag.py:3954} INFO - Setting next_dagrun for consume_1_and_2_with_dataset_expressions to None, run_after=None
[2024-05-28T16:24:17.433+0200] {logging_mixin.py:188} INFO - [2024-05-28T16:24:17.433+0200] {dag.py:3954} INFO - Setting next_dagrun for consume_1_or_2_with_dataset_expressions to None, run_after=None
[2024-05-28T16:24:17.434+0200] {logging_mixin.py:188} INFO - [2024-05-28T16:24:17.434+0200] {dag.py:3954} INFO - Setting next_dagrun for consume_1_or_both_2_and_3_with_dataset_expressions to None, run_after=None
[2024-05-28T16:24:17.434+0200] {logging_mixin.py:188} INFO - [2024-05-28T16:24:17.434+0200] {dag.py:3954} INFO - Setting next_dagrun for dataset_consumes_1 to None, run_after=None
[2024-05-28T16:24:17.434+0200] {logging_mixin.py:188} INFO - [2024-05-28T16:24:17.434+0200] {dag.py:3954} INFO - Setting next_dagrun for dataset_consumes_1_and_2 to None, run_after=None
[2024-05-28T16:24:17.435+0200] {logging_mixin.py:188} INFO - [2024-05-28T16:24:17.435+0200] {dag.py:3954} INFO - Setting next_dagrun for dataset_consumes_1_never_scheduled to None, run_after=None
[2024-05-28T16:24:17.435+0200] {logging_mixin.py:188} INFO - [2024-05-28T16:24:17.435+0200] {dag.py:3954} INFO - Setting next_dagrun for dataset_consumes_unknown_never_scheduled to None, run_after=None
[2024-05-28T16:24:17.436+0200] {logging_mixin.py:188} INFO - [2024-05-28T16:24:17.436+0200] {dag.py:3954} INFO - Setting next_dagrun for dataset_produces_1 to 2024-05-27 00:00:00+00:00, run_after=2024-05-28 00:00:00+00:00
[2024-05-28T16:24:17.436+0200] {logging_mixin.py:188} INFO - [2024-05-28T16:24:17.436+0200] {dag.py:3954} INFO - Setting next_dagrun for dataset_produces_2 to None, run_after=None
[2024-05-28T16:24:17.449+0200] {processor.py:183} INFO - Processing /Users/noejalabert/airflow_venv/lib/python3.11/site-packages/airflow/example_dags/example_datasets.py took 0.188 seconds
[2024-05-28T16:28:19.407+0200] {processor.py:161} INFO - Started process (PID=2497) to work on /Users/noejalabert/airflow_venv/lib/python3.11/site-packages/airflow/example_dags/example_datasets.py
[2024-05-28T16:28:19.408+0200] {processor.py:830} INFO - Processing file /Users/noejalabert/airflow_venv/lib/python3.11/site-packages/airflow/example_dags/example_datasets.py for tasks to queue
[2024-05-28T16:28:19.408+0200] {logging_mixin.py:188} INFO - [2024-05-28T16:28:19.408+0200] {dagbag.py:540} INFO - Filling up the DagBag from /Users/noejalabert/airflow_venv/lib/python3.11/site-packages/airflow/example_dags/example_datasets.py
[2024-05-28T16:28:19.429+0200] {processor.py:840} INFO - DAG(s) 'dataset_consumes_1_and_2', 'dataset_consumes_unknown_never_scheduled', 'dataset_produces_1', 'consume_1_or_2_with_dataset_expressions', 'conditional_dataset_and_time_based_timetable', 'dataset_produces_2', 'dataset_consumes_1', 'consume_1_and_2_with_dataset_expressions', 'consume_1_or_both_2_and_3_with_dataset_expressions', 'dataset_consumes_1_never_scheduled' retrieved from /Users/noejalabert/airflow_venv/lib/python3.11/site-packages/airflow/example_dags/example_datasets.py
[2024-05-28T16:28:19.533+0200] {logging_mixin.py:188} INFO - [2024-05-28T16:28:19.533+0200] {dag.py:3096} INFO - Sync 10 DAGs
[2024-05-28T16:28:19.565+0200] {logging_mixin.py:188} INFO - [2024-05-28T16:28:19.565+0200] {dag.py:3954} INFO - Setting next_dagrun for conditional_dataset_and_time_based_timetable to 2024-05-22 01:00:00+00:00, run_after=2024-05-22 01:00:00+00:00
[2024-05-28T16:28:19.566+0200] {logging_mixin.py:188} INFO - [2024-05-28T16:28:19.566+0200] {dag.py:3954} INFO - Setting next_dagrun for consume_1_and_2_with_dataset_expressions to None, run_after=None
[2024-05-28T16:28:19.567+0200] {logging_mixin.py:188} INFO - [2024-05-28T16:28:19.567+0200] {dag.py:3954} INFO - Setting next_dagrun for consume_1_or_2_with_dataset_expressions to None, run_after=None
[2024-05-28T16:28:19.567+0200] {logging_mixin.py:188} INFO - [2024-05-28T16:28:19.567+0200] {dag.py:3954} INFO - Setting next_dagrun for consume_1_or_both_2_and_3_with_dataset_expressions to None, run_after=None
[2024-05-28T16:28:19.568+0200] {logging_mixin.py:188} INFO - [2024-05-28T16:28:19.567+0200] {dag.py:3954} INFO - Setting next_dagrun for dataset_consumes_1 to None, run_after=None
[2024-05-28T16:28:19.568+0200] {logging_mixin.py:188} INFO - [2024-05-28T16:28:19.568+0200] {dag.py:3954} INFO - Setting next_dagrun for dataset_consumes_1_and_2 to None, run_after=None
[2024-05-28T16:28:19.568+0200] {logging_mixin.py:188} INFO - [2024-05-28T16:28:19.568+0200] {dag.py:3954} INFO - Setting next_dagrun for dataset_consumes_1_never_scheduled to None, run_after=None
[2024-05-28T16:28:19.569+0200] {logging_mixin.py:188} INFO - [2024-05-28T16:28:19.569+0200] {dag.py:3954} INFO - Setting next_dagrun for dataset_consumes_unknown_never_scheduled to None, run_after=None
[2024-05-28T16:28:19.569+0200] {logging_mixin.py:188} INFO - [2024-05-28T16:28:19.569+0200] {dag.py:3954} INFO - Setting next_dagrun for dataset_produces_1 to 2024-05-27 00:00:00+00:00, run_after=2024-05-28 00:00:00+00:00
[2024-05-28T16:28:19.570+0200] {logging_mixin.py:188} INFO - [2024-05-28T16:28:19.570+0200] {dag.py:3954} INFO - Setting next_dagrun for dataset_produces_2 to None, run_after=None
[2024-05-28T16:28:19.582+0200] {processor.py:183} INFO - Processing /Users/noejalabert/airflow_venv/lib/python3.11/site-packages/airflow/example_dags/example_datasets.py took 0.176 seconds
[2024-05-28T16:29:49.728+0200] {processor.py:161} INFO - Started process (PID=2693) to work on /Users/noejalabert/airflow_venv/lib/python3.11/site-packages/airflow/example_dags/example_datasets.py
[2024-05-28T16:29:49.729+0200] {processor.py:830} INFO - Processing file /Users/noejalabert/airflow_venv/lib/python3.11/site-packages/airflow/example_dags/example_datasets.py for tasks to queue
[2024-05-28T16:29:49.730+0200] {logging_mixin.py:188} INFO - [2024-05-28T16:29:49.730+0200] {dagbag.py:540} INFO - Filling up the DagBag from /Users/noejalabert/airflow_venv/lib/python3.11/site-packages/airflow/example_dags/example_datasets.py
[2024-05-28T16:29:49.755+0200] {processor.py:840} INFO - DAG(s) 'dataset_consumes_unknown_never_scheduled', 'consume_1_or_2_with_dataset_expressions', 'dataset_produces_1', 'conditional_dataset_and_time_based_timetable', 'consume_1_or_both_2_and_3_with_dataset_expressions', 'dataset_consumes_1_never_scheduled', 'dataset_consumes_1', 'consume_1_and_2_with_dataset_expressions', 'dataset_produces_2', 'dataset_consumes_1_and_2' retrieved from /Users/noejalabert/airflow_venv/lib/python3.11/site-packages/airflow/example_dags/example_datasets.py
[2024-05-28T16:29:49.835+0200] {logging_mixin.py:188} INFO - [2024-05-28T16:29:49.835+0200] {dag.py:3096} INFO - Sync 10 DAGs
[2024-05-28T16:29:49.843+0200] {logging_mixin.py:188} INFO - [2024-05-28T16:29:49.843+0200] {dag.py:3954} INFO - Setting next_dagrun for conditional_dataset_and_time_based_timetable to 2024-05-22 01:00:00+00:00, run_after=2024-05-22 01:00:00+00:00
[2024-05-28T16:29:49.845+0200] {logging_mixin.py:188} INFO - [2024-05-28T16:29:49.844+0200] {dag.py:3954} INFO - Setting next_dagrun for consume_1_and_2_with_dataset_expressions to None, run_after=None
[2024-05-28T16:29:49.845+0200] {logging_mixin.py:188} INFO - [2024-05-28T16:29:49.845+0200] {dag.py:3954} INFO - Setting next_dagrun for consume_1_or_2_with_dataset_expressions to None, run_after=None
[2024-05-28T16:29:49.845+0200] {logging_mixin.py:188} INFO - [2024-05-28T16:29:49.845+0200] {dag.py:3954} INFO - Setting next_dagrun for consume_1_or_both_2_and_3_with_dataset_expressions to None, run_after=None
[2024-05-28T16:29:49.846+0200] {logging_mixin.py:188} INFO - [2024-05-28T16:29:49.846+0200] {dag.py:3954} INFO - Setting next_dagrun for dataset_consumes_1 to None, run_after=None
[2024-05-28T16:29:49.846+0200] {logging_mixin.py:188} INFO - [2024-05-28T16:29:49.846+0200] {dag.py:3954} INFO - Setting next_dagrun for dataset_consumes_1_and_2 to None, run_after=None
[2024-05-28T16:29:49.846+0200] {logging_mixin.py:188} INFO - [2024-05-28T16:29:49.846+0200] {dag.py:3954} INFO - Setting next_dagrun for dataset_consumes_1_never_scheduled to None, run_after=None
[2024-05-28T16:29:49.847+0200] {logging_mixin.py:188} INFO - [2024-05-28T16:29:49.847+0200] {dag.py:3954} INFO - Setting next_dagrun for dataset_consumes_unknown_never_scheduled to None, run_after=None
[2024-05-28T16:29:49.848+0200] {logging_mixin.py:188} INFO - [2024-05-28T16:29:49.847+0200] {dag.py:3954} INFO - Setting next_dagrun for dataset_produces_1 to 2024-05-27 00:00:00+00:00, run_after=2024-05-28 00:00:00+00:00
[2024-05-28T16:29:49.848+0200] {logging_mixin.py:188} INFO - [2024-05-28T16:29:49.848+0200] {dag.py:3954} INFO - Setting next_dagrun for dataset_produces_2 to None, run_after=None
[2024-05-28T16:29:49.859+0200] {processor.py:183} INFO - Processing /Users/noejalabert/airflow_venv/lib/python3.11/site-packages/airflow/example_dags/example_datasets.py took 0.132 seconds
[2024-05-28T16:31:13.384+0200] {processor.py:161} INFO - Started process (PID=2925) to work on /Users/noejalabert/airflow_venv/lib/python3.11/site-packages/airflow/example_dags/example_datasets.py
[2024-05-28T16:31:13.385+0200] {processor.py:830} INFO - Processing file /Users/noejalabert/airflow_venv/lib/python3.11/site-packages/airflow/example_dags/example_datasets.py for tasks to queue
[2024-05-28T16:31:13.385+0200] {logging_mixin.py:188} INFO - [2024-05-28T16:31:13.385+0200] {dagbag.py:540} INFO - Filling up the DagBag from /Users/noejalabert/airflow_venv/lib/python3.11/site-packages/airflow/example_dags/example_datasets.py
[2024-05-28T16:31:13.412+0200] {processor.py:840} INFO - DAG(s) 'dataset_consumes_1', 'consume_1_and_2_with_dataset_expressions', 'dataset_consumes_unknown_never_scheduled', 'consume_1_or_2_with_dataset_expressions', 'dataset_consumes_1_and_2', 'dataset_consumes_1_never_scheduled', 'conditional_dataset_and_time_based_timetable', 'dataset_produces_1', 'dataset_produces_2', 'consume_1_or_both_2_and_3_with_dataset_expressions' retrieved from /Users/noejalabert/airflow_venv/lib/python3.11/site-packages/airflow/example_dags/example_datasets.py
[2024-05-28T16:31:13.472+0200] {logging_mixin.py:188} INFO - [2024-05-28T16:31:13.471+0200] {dag.py:3096} INFO - Sync 10 DAGs
[2024-05-28T16:31:13.480+0200] {logging_mixin.py:188} INFO - [2024-05-28T16:31:13.480+0200] {dag.py:3954} INFO - Setting next_dagrun for conditional_dataset_and_time_based_timetable to 2024-05-22 01:00:00+00:00, run_after=2024-05-22 01:00:00+00:00
[2024-05-28T16:31:13.482+0200] {logging_mixin.py:188} INFO - [2024-05-28T16:31:13.482+0200] {dag.py:3954} INFO - Setting next_dagrun for consume_1_and_2_with_dataset_expressions to None, run_after=None
[2024-05-28T16:31:13.482+0200] {logging_mixin.py:188} INFO - [2024-05-28T16:31:13.482+0200] {dag.py:3954} INFO - Setting next_dagrun for consume_1_or_2_with_dataset_expressions to None, run_after=None
[2024-05-28T16:31:13.483+0200] {logging_mixin.py:188} INFO - [2024-05-28T16:31:13.483+0200] {dag.py:3954} INFO - Setting next_dagrun for consume_1_or_both_2_and_3_with_dataset_expressions to None, run_after=None
[2024-05-28T16:31:13.483+0200] {logging_mixin.py:188} INFO - [2024-05-28T16:31:13.483+0200] {dag.py:3954} INFO - Setting next_dagrun for dataset_consumes_1 to None, run_after=None
[2024-05-28T16:31:13.483+0200] {logging_mixin.py:188} INFO - [2024-05-28T16:31:13.483+0200] {dag.py:3954} INFO - Setting next_dagrun for dataset_consumes_1_and_2 to None, run_after=None
[2024-05-28T16:31:13.484+0200] {logging_mixin.py:188} INFO - [2024-05-28T16:31:13.484+0200] {dag.py:3954} INFO - Setting next_dagrun for dataset_consumes_1_never_scheduled to None, run_after=None
[2024-05-28T16:31:13.484+0200] {logging_mixin.py:188} INFO - [2024-05-28T16:31:13.484+0200] {dag.py:3954} INFO - Setting next_dagrun for dataset_consumes_unknown_never_scheduled to None, run_after=None
[2024-05-28T16:31:13.485+0200] {logging_mixin.py:188} INFO - [2024-05-28T16:31:13.485+0200] {dag.py:3954} INFO - Setting next_dagrun for dataset_produces_1 to 2024-05-27 00:00:00+00:00, run_after=2024-05-28 00:00:00+00:00
[2024-05-28T16:31:13.485+0200] {logging_mixin.py:188} INFO - [2024-05-28T16:31:13.485+0200] {dag.py:3954} INFO - Setting next_dagrun for dataset_produces_2 to None, run_after=None
[2024-05-28T16:31:13.497+0200] {processor.py:183} INFO - Processing /Users/noejalabert/airflow_venv/lib/python3.11/site-packages/airflow/example_dags/example_datasets.py took 0.114 seconds
[2024-05-28T16:32:37.640+0200] {processor.py:161} INFO - Started process (PID=3111) to work on /Users/noejalabert/airflow_venv/lib/python3.11/site-packages/airflow/example_dags/example_datasets.py
[2024-05-28T16:32:37.641+0200] {processor.py:830} INFO - Processing file /Users/noejalabert/airflow_venv/lib/python3.11/site-packages/airflow/example_dags/example_datasets.py for tasks to queue
[2024-05-28T16:32:37.641+0200] {logging_mixin.py:188} INFO - [2024-05-28T16:32:37.641+0200] {dagbag.py:540} INFO - Filling up the DagBag from /Users/noejalabert/airflow_venv/lib/python3.11/site-packages/airflow/example_dags/example_datasets.py
[2024-05-28T16:32:37.666+0200] {processor.py:840} INFO - DAG(s) 'dataset_consumes_unknown_never_scheduled', 'dataset_consumes_1_and_2', 'dataset_consumes_1_never_scheduled', 'consume_1_and_2_with_dataset_expressions', 'consume_1_or_2_with_dataset_expressions', 'dataset_produces_2', 'consume_1_or_both_2_and_3_with_dataset_expressions', 'dataset_produces_1', 'conditional_dataset_and_time_based_timetable', 'dataset_consumes_1' retrieved from /Users/noejalabert/airflow_venv/lib/python3.11/site-packages/airflow/example_dags/example_datasets.py
[2024-05-28T16:32:37.723+0200] {logging_mixin.py:188} INFO - [2024-05-28T16:32:37.723+0200] {dag.py:3096} INFO - Sync 10 DAGs
[2024-05-28T16:32:37.731+0200] {logging_mixin.py:188} INFO - [2024-05-28T16:32:37.731+0200] {dag.py:3954} INFO - Setting next_dagrun for conditional_dataset_and_time_based_timetable to 2024-05-22 01:00:00+00:00, run_after=2024-05-22 01:00:00+00:00
[2024-05-28T16:32:37.732+0200] {logging_mixin.py:188} INFO - [2024-05-28T16:32:37.732+0200] {dag.py:3954} INFO - Setting next_dagrun for consume_1_and_2_with_dataset_expressions to None, run_after=None
[2024-05-28T16:32:37.733+0200] {logging_mixin.py:188} INFO - [2024-05-28T16:32:37.733+0200] {dag.py:3954} INFO - Setting next_dagrun for consume_1_or_2_with_dataset_expressions to None, run_after=None
[2024-05-28T16:32:37.733+0200] {logging_mixin.py:188} INFO - [2024-05-28T16:32:37.733+0200] {dag.py:3954} INFO - Setting next_dagrun for consume_1_or_both_2_and_3_with_dataset_expressions to None, run_after=None
[2024-05-28T16:32:37.734+0200] {logging_mixin.py:188} INFO - [2024-05-28T16:32:37.733+0200] {dag.py:3954} INFO - Setting next_dagrun for dataset_consumes_1 to None, run_after=None
[2024-05-28T16:32:37.734+0200] {logging_mixin.py:188} INFO - [2024-05-28T16:32:37.734+0200] {dag.py:3954} INFO - Setting next_dagrun for dataset_consumes_1_and_2 to None, run_after=None
[2024-05-28T16:32:37.734+0200] {logging_mixin.py:188} INFO - [2024-05-28T16:32:37.734+0200] {dag.py:3954} INFO - Setting next_dagrun for dataset_consumes_1_never_scheduled to None, run_after=None
[2024-05-28T16:32:37.735+0200] {logging_mixin.py:188} INFO - [2024-05-28T16:32:37.735+0200] {dag.py:3954} INFO - Setting next_dagrun for dataset_consumes_unknown_never_scheduled to None, run_after=None
[2024-05-28T16:32:37.735+0200] {logging_mixin.py:188} INFO - [2024-05-28T16:32:37.735+0200] {dag.py:3954} INFO - Setting next_dagrun for dataset_produces_1 to 2024-05-27 00:00:00+00:00, run_after=2024-05-28 00:00:00+00:00
[2024-05-28T16:32:37.736+0200] {logging_mixin.py:188} INFO - [2024-05-28T16:32:37.736+0200] {dag.py:3954} INFO - Setting next_dagrun for dataset_produces_2 to None, run_after=None
[2024-05-28T16:32:37.747+0200] {processor.py:183} INFO - Processing /Users/noejalabert/airflow_venv/lib/python3.11/site-packages/airflow/example_dags/example_datasets.py took 0.108 seconds
[2024-05-28T16:34:00.498+0200] {processor.py:161} INFO - Started process (PID=3221) to work on /Users/noejalabert/airflow_venv/lib/python3.11/site-packages/airflow/example_dags/example_datasets.py
[2024-05-28T16:34:00.499+0200] {processor.py:830} INFO - Processing file /Users/noejalabert/airflow_venv/lib/python3.11/site-packages/airflow/example_dags/example_datasets.py for tasks to queue
[2024-05-28T16:34:00.499+0200] {logging_mixin.py:188} INFO - [2024-05-28T16:34:00.499+0200] {dagbag.py:540} INFO - Filling up the DagBag from /Users/noejalabert/airflow_venv/lib/python3.11/site-packages/airflow/example_dags/example_datasets.py
[2024-05-28T16:34:00.525+0200] {processor.py:840} INFO - DAG(s) 'dataset_consumes_1', 'dataset_consumes_1_never_scheduled', 'dataset_consumes_unknown_never_scheduled', 'dataset_produces_2', 'consume_1_or_2_with_dataset_expressions', 'dataset_consumes_1_and_2', 'conditional_dataset_and_time_based_timetable', 'dataset_produces_1', 'consume_1_or_both_2_and_3_with_dataset_expressions', 'consume_1_and_2_with_dataset_expressions' retrieved from /Users/noejalabert/airflow_venv/lib/python3.11/site-packages/airflow/example_dags/example_datasets.py
[2024-05-28T16:34:00.586+0200] {logging_mixin.py:188} INFO - [2024-05-28T16:34:00.586+0200] {dag.py:3096} INFO - Sync 10 DAGs
[2024-05-28T16:34:00.594+0200] {logging_mixin.py:188} INFO - [2024-05-28T16:34:00.594+0200] {dag.py:3954} INFO - Setting next_dagrun for conditional_dataset_and_time_based_timetable to 2024-05-22 01:00:00+00:00, run_after=2024-05-22 01:00:00+00:00
[2024-05-28T16:34:00.596+0200] {logging_mixin.py:188} INFO - [2024-05-28T16:34:00.596+0200] {dag.py:3954} INFO - Setting next_dagrun for consume_1_and_2_with_dataset_expressions to None, run_after=None
[2024-05-28T16:34:00.596+0200] {logging_mixin.py:188} INFO - [2024-05-28T16:34:00.596+0200] {dag.py:3954} INFO - Setting next_dagrun for consume_1_or_2_with_dataset_expressions to None, run_after=None
[2024-05-28T16:34:00.597+0200] {logging_mixin.py:188} INFO - [2024-05-28T16:34:00.597+0200] {dag.py:3954} INFO - Setting next_dagrun for consume_1_or_both_2_and_3_with_dataset_expressions to None, run_after=None
[2024-05-28T16:34:00.597+0200] {logging_mixin.py:188} INFO - [2024-05-28T16:34:00.597+0200] {dag.py:3954} INFO - Setting next_dagrun for dataset_consumes_1 to None, run_after=None
[2024-05-28T16:34:00.597+0200] {logging_mixin.py:188} INFO - [2024-05-28T16:34:00.597+0200] {dag.py:3954} INFO - Setting next_dagrun for dataset_consumes_1_and_2 to None, run_after=None
[2024-05-28T16:34:00.598+0200] {logging_mixin.py:188} INFO - [2024-05-28T16:34:00.598+0200] {dag.py:3954} INFO - Setting next_dagrun for dataset_consumes_1_never_scheduled to None, run_after=None
[2024-05-28T16:34:00.598+0200] {logging_mixin.py:188} INFO - [2024-05-28T16:34:00.598+0200] {dag.py:3954} INFO - Setting next_dagrun for dataset_consumes_unknown_never_scheduled to None, run_after=None
[2024-05-28T16:34:00.599+0200] {logging_mixin.py:188} INFO - [2024-05-28T16:34:00.599+0200] {dag.py:3954} INFO - Setting next_dagrun for dataset_produces_1 to 2024-05-27 00:00:00+00:00, run_after=2024-05-28 00:00:00+00:00
[2024-05-28T16:34:00.599+0200] {logging_mixin.py:188} INFO - [2024-05-28T16:34:00.599+0200] {dag.py:3954} INFO - Setting next_dagrun for dataset_produces_2 to None, run_after=None
[2024-05-28T16:34:00.610+0200] {processor.py:183} INFO - Processing /Users/noejalabert/airflow_venv/lib/python3.11/site-packages/airflow/example_dags/example_datasets.py took 0.113 seconds
[2024-05-28T16:35:25.540+0200] {processor.py:161} INFO - Started process (PID=3315) to work on /Users/noejalabert/airflow_venv/lib/python3.11/site-packages/airflow/example_dags/example_datasets.py
[2024-05-28T16:35:25.540+0200] {processor.py:830} INFO - Processing file /Users/noejalabert/airflow_venv/lib/python3.11/site-packages/airflow/example_dags/example_datasets.py for tasks to queue
[2024-05-28T16:35:25.541+0200] {logging_mixin.py:188} INFO - [2024-05-28T16:35:25.540+0200] {dagbag.py:540} INFO - Filling up the DagBag from /Users/noejalabert/airflow_venv/lib/python3.11/site-packages/airflow/example_dags/example_datasets.py
[2024-05-28T16:35:25.565+0200] {processor.py:840} INFO - DAG(s) 'consume_1_and_2_with_dataset_expressions', 'consume_1_or_2_with_dataset_expressions', 'dataset_consumes_1_never_scheduled', 'dataset_consumes_1', 'dataset_consumes_1_and_2', 'dataset_consumes_unknown_never_scheduled', 'conditional_dataset_and_time_based_timetable', 'dataset_produces_2', 'dataset_produces_1', 'consume_1_or_both_2_and_3_with_dataset_expressions' retrieved from /Users/noejalabert/airflow_venv/lib/python3.11/site-packages/airflow/example_dags/example_datasets.py
[2024-05-28T16:35:25.621+0200] {logging_mixin.py:188} INFO - [2024-05-28T16:35:25.621+0200] {dag.py:3096} INFO - Sync 10 DAGs
[2024-05-28T16:35:25.629+0200] {logging_mixin.py:188} INFO - [2024-05-28T16:35:25.629+0200] {dag.py:3954} INFO - Setting next_dagrun for conditional_dataset_and_time_based_timetable to 2024-05-22 01:00:00+00:00, run_after=2024-05-22 01:00:00+00:00
[2024-05-28T16:35:25.631+0200] {logging_mixin.py:188} INFO - [2024-05-28T16:35:25.631+0200] {dag.py:3954} INFO - Setting next_dagrun for consume_1_and_2_with_dataset_expressions to None, run_after=None
[2024-05-28T16:35:25.631+0200] {logging_mixin.py:188} INFO - [2024-05-28T16:35:25.631+0200] {dag.py:3954} INFO - Setting next_dagrun for consume_1_or_2_with_dataset_expressions to None, run_after=None
[2024-05-28T16:35:25.631+0200] {logging_mixin.py:188} INFO - [2024-05-28T16:35:25.631+0200] {dag.py:3954} INFO - Setting next_dagrun for consume_1_or_both_2_and_3_with_dataset_expressions to None, run_after=None
[2024-05-28T16:35:25.632+0200] {logging_mixin.py:188} INFO - [2024-05-28T16:35:25.632+0200] {dag.py:3954} INFO - Setting next_dagrun for dataset_consumes_1 to None, run_after=None
[2024-05-28T16:35:25.632+0200] {logging_mixin.py:188} INFO - [2024-05-28T16:35:25.632+0200] {dag.py:3954} INFO - Setting next_dagrun for dataset_consumes_1_and_2 to None, run_after=None
[2024-05-28T16:35:25.632+0200] {logging_mixin.py:188} INFO - [2024-05-28T16:35:25.632+0200] {dag.py:3954} INFO - Setting next_dagrun for dataset_consumes_1_never_scheduled to None, run_after=None
[2024-05-28T16:35:25.633+0200] {logging_mixin.py:188} INFO - [2024-05-28T16:35:25.633+0200] {dag.py:3954} INFO - Setting next_dagrun for dataset_consumes_unknown_never_scheduled to None, run_after=None
[2024-05-28T16:35:25.634+0200] {logging_mixin.py:188} INFO - [2024-05-28T16:35:25.634+0200] {dag.py:3954} INFO - Setting next_dagrun for dataset_produces_1 to 2024-05-27 00:00:00+00:00, run_after=2024-05-28 00:00:00+00:00
[2024-05-28T16:35:25.634+0200] {logging_mixin.py:188} INFO - [2024-05-28T16:35:25.634+0200] {dag.py:3954} INFO - Setting next_dagrun for dataset_produces_2 to None, run_after=None
[2024-05-28T16:35:25.645+0200] {processor.py:183} INFO - Processing /Users/noejalabert/airflow_venv/lib/python3.11/site-packages/airflow/example_dags/example_datasets.py took 0.107 seconds
[2024-05-28T16:36:50.970+0200] {processor.py:161} INFO - Started process (PID=3456) to work on /Users/noejalabert/airflow_venv/lib/python3.11/site-packages/airflow/example_dags/example_datasets.py
[2024-05-28T16:36:50.971+0200] {processor.py:830} INFO - Processing file /Users/noejalabert/airflow_venv/lib/python3.11/site-packages/airflow/example_dags/example_datasets.py for tasks to queue
[2024-05-28T16:36:50.972+0200] {logging_mixin.py:188} INFO - [2024-05-28T16:36:50.972+0200] {dagbag.py:540} INFO - Filling up the DagBag from /Users/noejalabert/airflow_venv/lib/python3.11/site-packages/airflow/example_dags/example_datasets.py
[2024-05-28T16:36:50.998+0200] {processor.py:840} INFO - DAG(s) 'dataset_consumes_1_never_scheduled', 'consume_1_or_both_2_and_3_with_dataset_expressions', 'dataset_consumes_unknown_never_scheduled', 'consume_1_and_2_with_dataset_expressions', 'dataset_consumes_1_and_2', 'dataset_produces_2', 'conditional_dataset_and_time_based_timetable', 'dataset_consumes_1', 'dataset_produces_1', 'consume_1_or_2_with_dataset_expressions' retrieved from /Users/noejalabert/airflow_venv/lib/python3.11/site-packages/airflow/example_dags/example_datasets.py
[2024-05-28T16:36:51.054+0200] {logging_mixin.py:188} INFO - [2024-05-28T16:36:51.054+0200] {dag.py:3096} INFO - Sync 10 DAGs
[2024-05-28T16:36:51.062+0200] {logging_mixin.py:188} INFO - [2024-05-28T16:36:51.062+0200] {dag.py:3954} INFO - Setting next_dagrun for conditional_dataset_and_time_based_timetable to 2024-05-22 01:00:00+00:00, run_after=2024-05-22 01:00:00+00:00
[2024-05-28T16:36:51.063+0200] {logging_mixin.py:188} INFO - [2024-05-28T16:36:51.063+0200] {dag.py:3954} INFO - Setting next_dagrun for consume_1_and_2_with_dataset_expressions to None, run_after=None
[2024-05-28T16:36:51.064+0200] {logging_mixin.py:188} INFO - [2024-05-28T16:36:51.064+0200] {dag.py:3954} INFO - Setting next_dagrun for consume_1_or_2_with_dataset_expressions to None, run_after=None
[2024-05-28T16:36:51.064+0200] {logging_mixin.py:188} INFO - [2024-05-28T16:36:51.064+0200] {dag.py:3954} INFO - Setting next_dagrun for consume_1_or_both_2_and_3_with_dataset_expressions to None, run_after=None
[2024-05-28T16:36:51.064+0200] {logging_mixin.py:188} INFO - [2024-05-28T16:36:51.064+0200] {dag.py:3954} INFO - Setting next_dagrun for dataset_consumes_1 to None, run_after=None
[2024-05-28T16:36:51.065+0200] {logging_mixin.py:188} INFO - [2024-05-28T16:36:51.065+0200] {dag.py:3954} INFO - Setting next_dagrun for dataset_consumes_1_and_2 to None, run_after=None
[2024-05-28T16:36:51.065+0200] {logging_mixin.py:188} INFO - [2024-05-28T16:36:51.065+0200] {dag.py:3954} INFO - Setting next_dagrun for dataset_consumes_1_never_scheduled to None, run_after=None
[2024-05-28T16:36:51.065+0200] {logging_mixin.py:188} INFO - [2024-05-28T16:36:51.065+0200] {dag.py:3954} INFO - Setting next_dagrun for dataset_consumes_unknown_never_scheduled to None, run_after=None
[2024-05-28T16:36:51.066+0200] {logging_mixin.py:188} INFO - [2024-05-28T16:36:51.066+0200] {dag.py:3954} INFO - Setting next_dagrun for dataset_produces_1 to 2024-05-27 00:00:00+00:00, run_after=2024-05-28 00:00:00+00:00
[2024-05-28T16:36:51.067+0200] {logging_mixin.py:188} INFO - [2024-05-28T16:36:51.067+0200] {dag.py:3954} INFO - Setting next_dagrun for dataset_produces_2 to None, run_after=None
[2024-05-28T16:36:51.078+0200] {processor.py:183} INFO - Processing /Users/noejalabert/airflow_venv/lib/python3.11/site-packages/airflow/example_dags/example_datasets.py took 0.109 seconds
