[2024-05-28T16:24:20.721+0200] {processor.py:161} INFO - Started process (PID=2312) to work on /Users/noejalabert/airflow_venv/lib/python3.11/site-packages/airflow/example_dags/example_complex.py
[2024-05-28T16:24:20.722+0200] {processor.py:830} INFO - Processing file /Users/noejalabert/airflow_venv/lib/python3.11/site-packages/airflow/example_dags/example_complex.py for tasks to queue
[2024-05-28T16:24:20.722+0200] {logging_mixin.py:188} INFO - [2024-05-28T16:24:20.722+0200] {dagbag.py:540} INFO - Filling up the DagBag from /Users/noejalabert/airflow_venv/lib/python3.11/site-packages/airflow/example_dags/example_complex.py
[2024-05-28T16:24:20.728+0200] {processor.py:840} INFO - DAG(s) 'example_complex' retrieved from /Users/noejalabert/airflow_venv/lib/python3.11/site-packages/airflow/example_dags/example_complex.py
[2024-05-28T16:24:20.813+0200] {logging_mixin.py:188} INFO - [2024-05-28T16:24:20.812+0200] {dag.py:3096} INFO - Sync 1 DAGs
[2024-05-28T16:24:20.816+0200] {logging_mixin.py:188} INFO - [2024-05-28T16:24:20.816+0200] {dag.py:3954} INFO - Setting next_dagrun for example_complex to None, run_after=None
[2024-05-28T16:24:20.824+0200] {processor.py:183} INFO - Processing /Users/noejalabert/airflow_venv/lib/python3.11/site-packages/airflow/example_dags/example_complex.py took 0.105 seconds
[2024-05-28T16:28:22.799+0200] {processor.py:161} INFO - Started process (PID=2499) to work on /Users/noejalabert/airflow_venv/lib/python3.11/site-packages/airflow/example_dags/example_complex.py
[2024-05-28T16:28:22.800+0200] {processor.py:830} INFO - Processing file /Users/noejalabert/airflow_venv/lib/python3.11/site-packages/airflow/example_dags/example_complex.py for tasks to queue
[2024-05-28T16:28:22.800+0200] {logging_mixin.py:188} INFO - [2024-05-28T16:28:22.800+0200] {dagbag.py:540} INFO - Filling up the DagBag from /Users/noejalabert/airflow_venv/lib/python3.11/site-packages/airflow/example_dags/example_complex.py
[2024-05-28T16:28:22.805+0200] {processor.py:840} INFO - DAG(s) 'example_complex' retrieved from /Users/noejalabert/airflow_venv/lib/python3.11/site-packages/airflow/example_dags/example_complex.py
[2024-05-28T16:28:22.890+0200] {logging_mixin.py:188} INFO - [2024-05-28T16:28:22.890+0200] {dag.py:3096} INFO - Sync 1 DAGs
[2024-05-28T16:28:22.894+0200] {logging_mixin.py:188} INFO - [2024-05-28T16:28:22.894+0200] {dag.py:3954} INFO - Setting next_dagrun for example_complex to None, run_after=None
[2024-05-28T16:28:22.902+0200] {processor.py:183} INFO - Processing /Users/noejalabert/airflow_venv/lib/python3.11/site-packages/airflow/example_dags/example_complex.py took 0.105 seconds
[2024-05-28T16:29:53.663+0200] {processor.py:161} INFO - Started process (PID=2704) to work on /Users/noejalabert/airflow_venv/lib/python3.11/site-packages/airflow/example_dags/example_complex.py
[2024-05-28T16:29:53.664+0200] {processor.py:830} INFO - Processing file /Users/noejalabert/airflow_venv/lib/python3.11/site-packages/airflow/example_dags/example_complex.py for tasks to queue
[2024-05-28T16:29:53.664+0200] {logging_mixin.py:188} INFO - [2024-05-28T16:29:53.664+0200] {dagbag.py:540} INFO - Filling up the DagBag from /Users/noejalabert/airflow_venv/lib/python3.11/site-packages/airflow/example_dags/example_complex.py
[2024-05-28T16:29:53.670+0200] {processor.py:840} INFO - DAG(s) 'example_complex' retrieved from /Users/noejalabert/airflow_venv/lib/python3.11/site-packages/airflow/example_dags/example_complex.py
[2024-05-28T16:29:53.723+0200] {logging_mixin.py:188} INFO - [2024-05-28T16:29:53.723+0200] {dag.py:3096} INFO - Sync 1 DAGs
[2024-05-28T16:29:53.728+0200] {logging_mixin.py:188} INFO - [2024-05-28T16:29:53.728+0200] {dag.py:3954} INFO - Setting next_dagrun for example_complex to None, run_after=None
[2024-05-28T16:29:53.736+0200] {processor.py:183} INFO - Processing /Users/noejalabert/airflow_venv/lib/python3.11/site-packages/airflow/example_dags/example_complex.py took 0.074 seconds
[2024-05-28T16:31:17.310+0200] {processor.py:161} INFO - Started process (PID=2937) to work on /Users/noejalabert/airflow_venv/lib/python3.11/site-packages/airflow/example_dags/example_complex.py
[2024-05-28T16:31:17.311+0200] {processor.py:830} INFO - Processing file /Users/noejalabert/airflow_venv/lib/python3.11/site-packages/airflow/example_dags/example_complex.py for tasks to queue
[2024-05-28T16:31:17.311+0200] {logging_mixin.py:188} INFO - [2024-05-28T16:31:17.311+0200] {dagbag.py:540} INFO - Filling up the DagBag from /Users/noejalabert/airflow_venv/lib/python3.11/site-packages/airflow/example_dags/example_complex.py
[2024-05-28T16:31:17.317+0200] {processor.py:840} INFO - DAG(s) 'example_complex' retrieved from /Users/noejalabert/airflow_venv/lib/python3.11/site-packages/airflow/example_dags/example_complex.py
[2024-05-28T16:31:17.388+0200] {logging_mixin.py:188} INFO - [2024-05-28T16:31:17.387+0200] {dag.py:3096} INFO - Sync 1 DAGs
[2024-05-28T16:31:17.392+0200] {logging_mixin.py:188} INFO - [2024-05-28T16:31:17.392+0200] {dag.py:3954} INFO - Setting next_dagrun for example_complex to None, run_after=None
[2024-05-28T16:31:17.400+0200] {processor.py:183} INFO - Processing /Users/noejalabert/airflow_venv/lib/python3.11/site-packages/airflow/example_dags/example_complex.py took 0.092 seconds
[2024-05-28T16:32:41.523+0200] {processor.py:161} INFO - Started process (PID=3113) to work on /Users/noejalabert/airflow_venv/lib/python3.11/site-packages/airflow/example_dags/example_complex.py
[2024-05-28T16:32:41.524+0200] {processor.py:830} INFO - Processing file /Users/noejalabert/airflow_venv/lib/python3.11/site-packages/airflow/example_dags/example_complex.py for tasks to queue
[2024-05-28T16:32:41.525+0200] {logging_mixin.py:188} INFO - [2024-05-28T16:32:41.524+0200] {dagbag.py:540} INFO - Filling up the DagBag from /Users/noejalabert/airflow_venv/lib/python3.11/site-packages/airflow/example_dags/example_complex.py
[2024-05-28T16:32:41.530+0200] {processor.py:840} INFO - DAG(s) 'example_complex' retrieved from /Users/noejalabert/airflow_venv/lib/python3.11/site-packages/airflow/example_dags/example_complex.py
[2024-05-28T16:32:41.582+0200] {logging_mixin.py:188} INFO - [2024-05-28T16:32:41.582+0200] {dag.py:3096} INFO - Sync 1 DAGs
[2024-05-28T16:32:41.586+0200] {logging_mixin.py:188} INFO - [2024-05-28T16:32:41.586+0200] {dag.py:3954} INFO - Setting next_dagrun for example_complex to None, run_after=None
[2024-05-28T16:32:41.594+0200] {processor.py:183} INFO - Processing /Users/noejalabert/airflow_venv/lib/python3.11/site-packages/airflow/example_dags/example_complex.py took 0.072 seconds
[2024-05-28T16:34:03.445+0200] {processor.py:161} INFO - Started process (PID=3227) to work on /Users/noejalabert/airflow_venv/lib/python3.11/site-packages/airflow/example_dags/example_complex.py
[2024-05-28T16:34:03.446+0200] {processor.py:830} INFO - Processing file /Users/noejalabert/airflow_venv/lib/python3.11/site-packages/airflow/example_dags/example_complex.py for tasks to queue
[2024-05-28T16:34:03.446+0200] {logging_mixin.py:188} INFO - [2024-05-28T16:34:03.446+0200] {dagbag.py:540} INFO - Filling up the DagBag from /Users/noejalabert/airflow_venv/lib/python3.11/site-packages/airflow/example_dags/example_complex.py
[2024-05-28T16:34:03.452+0200] {processor.py:840} INFO - DAG(s) 'example_complex' retrieved from /Users/noejalabert/airflow_venv/lib/python3.11/site-packages/airflow/example_dags/example_complex.py
[2024-05-28T16:34:03.504+0200] {logging_mixin.py:188} INFO - [2024-05-28T16:34:03.504+0200] {dag.py:3096} INFO - Sync 1 DAGs
[2024-05-28T16:34:03.509+0200] {logging_mixin.py:188} INFO - [2024-05-28T16:34:03.509+0200] {dag.py:3954} INFO - Setting next_dagrun for example_complex to None, run_after=None
[2024-05-28T16:34:03.517+0200] {processor.py:183} INFO - Processing /Users/noejalabert/airflow_venv/lib/python3.11/site-packages/airflow/example_dags/example_complex.py took 0.073 seconds
[2024-05-28T16:35:28.740+0200] {processor.py:161} INFO - Started process (PID=3319) to work on /Users/noejalabert/airflow_venv/lib/python3.11/site-packages/airflow/example_dags/example_complex.py
[2024-05-28T16:35:28.742+0200] {processor.py:830} INFO - Processing file /Users/noejalabert/airflow_venv/lib/python3.11/site-packages/airflow/example_dags/example_complex.py for tasks to queue
[2024-05-28T16:35:28.742+0200] {logging_mixin.py:188} INFO - [2024-05-28T16:35:28.742+0200] {dagbag.py:540} INFO - Filling up the DagBag from /Users/noejalabert/airflow_venv/lib/python3.11/site-packages/airflow/example_dags/example_complex.py
[2024-05-28T16:35:28.747+0200] {processor.py:840} INFO - DAG(s) 'example_complex' retrieved from /Users/noejalabert/airflow_venv/lib/python3.11/site-packages/airflow/example_dags/example_complex.py
[2024-05-28T16:35:28.799+0200] {logging_mixin.py:188} INFO - [2024-05-28T16:35:28.799+0200] {dag.py:3096} INFO - Sync 1 DAGs
[2024-05-28T16:35:28.804+0200] {logging_mixin.py:188} INFO - [2024-05-28T16:35:28.804+0200] {dag.py:3954} INFO - Setting next_dagrun for example_complex to None, run_after=None
[2024-05-28T16:35:28.811+0200] {processor.py:183} INFO - Processing /Users/noejalabert/airflow_venv/lib/python3.11/site-packages/airflow/example_dags/example_complex.py took 0.072 seconds
[2024-05-28T16:36:54.901+0200] {processor.py:161} INFO - Started process (PID=3486) to work on /Users/noejalabert/airflow_venv/lib/python3.11/site-packages/airflow/example_dags/example_complex.py
[2024-05-28T16:36:54.901+0200] {processor.py:830} INFO - Processing file /Users/noejalabert/airflow_venv/lib/python3.11/site-packages/airflow/example_dags/example_complex.py for tasks to queue
[2024-05-28T16:36:54.902+0200] {logging_mixin.py:188} INFO - [2024-05-28T16:36:54.902+0200] {dagbag.py:540} INFO - Filling up the DagBag from /Users/noejalabert/airflow_venv/lib/python3.11/site-packages/airflow/example_dags/example_complex.py
[2024-05-28T16:36:54.908+0200] {processor.py:840} INFO - DAG(s) 'example_complex' retrieved from /Users/noejalabert/airflow_venv/lib/python3.11/site-packages/airflow/example_dags/example_complex.py
[2024-05-28T16:36:54.960+0200] {logging_mixin.py:188} INFO - [2024-05-28T16:36:54.960+0200] {dag.py:3096} INFO - Sync 1 DAGs
[2024-05-28T16:36:54.965+0200] {logging_mixin.py:188} INFO - [2024-05-28T16:36:54.965+0200] {dag.py:3954} INFO - Setting next_dagrun for example_complex to None, run_after=None
[2024-05-28T16:36:54.972+0200] {processor.py:183} INFO - Processing /Users/noejalabert/airflow_venv/lib/python3.11/site-packages/airflow/example_dags/example_complex.py took 0.073 seconds
