[2024-05-28T16:24:29.372+0200] {processor.py:161} INFO - Started process (PID=2326) to work on /Users/noejalabert/airflow_venv/lib/python3.11/site-packages/airflow/example_dags/example_branch_day_of_week_operator.py
[2024-05-28T16:24:29.372+0200] {processor.py:830} INFO - Processing file /Users/noejalabert/airflow_venv/lib/python3.11/site-packages/airflow/example_dags/example_branch_day_of_week_operator.py for tasks to queue
[2024-05-28T16:24:29.373+0200] {logging_mixin.py:188} INFO - [2024-05-28T16:24:29.373+0200] {dagbag.py:540} INFO - Filling up the DagBag from /Users/noejalabert/airflow_venv/lib/python3.11/site-packages/airflow/example_dags/example_branch_day_of_week_operator.py
[2024-05-28T16:24:29.378+0200] {processor.py:840} INFO - DAG(s) 'example_weekday_branch_operator' retrieved from /Users/noejalabert/airflow_venv/lib/python3.11/site-packages/airflow/example_dags/example_branch_day_of_week_operator.py
[2024-05-28T16:24:29.458+0200] {logging_mixin.py:188} INFO - [2024-05-28T16:24:29.458+0200] {dag.py:3096} INFO - Sync 1 DAGs
[2024-05-28T16:24:29.465+0200] {logging_mixin.py:188} INFO - [2024-05-28T16:24:29.465+0200] {dag.py:3954} INFO - Setting next_dagrun for example_weekday_branch_operator to 2024-05-27 00:00:00+00:00, run_after=2024-05-28 00:00:00+00:00
[2024-05-28T16:24:29.473+0200] {processor.py:183} INFO - Processing /Users/noejalabert/airflow_venv/lib/python3.11/site-packages/airflow/example_dags/example_branch_day_of_week_operator.py took 0.102 seconds
[2024-05-28T16:28:32.022+0200] {processor.py:161} INFO - Started process (PID=2517) to work on /Users/noejalabert/airflow_venv/lib/python3.11/site-packages/airflow/example_dags/example_branch_day_of_week_operator.py
[2024-05-28T16:28:32.023+0200] {processor.py:830} INFO - Processing file /Users/noejalabert/airflow_venv/lib/python3.11/site-packages/airflow/example_dags/example_branch_day_of_week_operator.py for tasks to queue
[2024-05-28T16:28:32.023+0200] {logging_mixin.py:188} INFO - [2024-05-28T16:28:32.023+0200] {dagbag.py:540} INFO - Filling up the DagBag from /Users/noejalabert/airflow_venv/lib/python3.11/site-packages/airflow/example_dags/example_branch_day_of_week_operator.py
[2024-05-28T16:28:32.027+0200] {processor.py:840} INFO - DAG(s) 'example_weekday_branch_operator' retrieved from /Users/noejalabert/airflow_venv/lib/python3.11/site-packages/airflow/example_dags/example_branch_day_of_week_operator.py
[2024-05-28T16:28:32.107+0200] {logging_mixin.py:188} INFO - [2024-05-28T16:28:32.106+0200] {dag.py:3096} INFO - Sync 1 DAGs
[2024-05-28T16:28:32.113+0200] {logging_mixin.py:188} INFO - [2024-05-28T16:28:32.113+0200] {dag.py:3954} INFO - Setting next_dagrun for example_weekday_branch_operator to 2024-05-27 00:00:00+00:00, run_after=2024-05-28 00:00:00+00:00
[2024-05-28T16:28:32.122+0200] {processor.py:183} INFO - Processing /Users/noejalabert/airflow_venv/lib/python3.11/site-packages/airflow/example_dags/example_branch_day_of_week_operator.py took 0.101 seconds
[2024-05-28T16:30:02.346+0200] {processor.py:161} INFO - Started process (PID=2727) to work on /Users/noejalabert/airflow_venv/lib/python3.11/site-packages/airflow/example_dags/example_branch_day_of_week_operator.py
[2024-05-28T16:30:02.347+0200] {processor.py:830} INFO - Processing file /Users/noejalabert/airflow_venv/lib/python3.11/site-packages/airflow/example_dags/example_branch_day_of_week_operator.py for tasks to queue
[2024-05-28T16:30:02.347+0200] {logging_mixin.py:188} INFO - [2024-05-28T16:30:02.347+0200] {dagbag.py:540} INFO - Filling up the DagBag from /Users/noejalabert/airflow_venv/lib/python3.11/site-packages/airflow/example_dags/example_branch_day_of_week_operator.py
[2024-05-28T16:30:02.352+0200] {processor.py:840} INFO - DAG(s) 'example_weekday_branch_operator' retrieved from /Users/noejalabert/airflow_venv/lib/python3.11/site-packages/airflow/example_dags/example_branch_day_of_week_operator.py
[2024-05-28T16:30:02.399+0200] {logging_mixin.py:188} INFO - [2024-05-28T16:30:02.399+0200] {dag.py:3096} INFO - Sync 1 DAGs
[2024-05-28T16:30:02.406+0200] {logging_mixin.py:188} INFO - [2024-05-28T16:30:02.406+0200] {dag.py:3954} INFO - Setting next_dagrun for example_weekday_branch_operator to 2024-05-27 00:00:00+00:00, run_after=2024-05-28 00:00:00+00:00
[2024-05-28T16:30:02.414+0200] {processor.py:183} INFO - Processing /Users/noejalabert/airflow_venv/lib/python3.11/site-packages/airflow/example_dags/example_branch_day_of_week_operator.py took 0.069 seconds
[2024-05-28T16:32:49.802+0200] {processor.py:161} INFO - Started process (PID=3120) to work on /Users/noejalabert/airflow_venv/lib/python3.11/site-packages/airflow/example_dags/example_branch_day_of_week_operator.py
[2024-05-28T16:32:49.803+0200] {processor.py:830} INFO - Processing file /Users/noejalabert/airflow_venv/lib/python3.11/site-packages/airflow/example_dags/example_branch_day_of_week_operator.py for tasks to queue
[2024-05-28T16:32:49.803+0200] {logging_mixin.py:188} INFO - [2024-05-28T16:32:49.803+0200] {dagbag.py:540} INFO - Filling up the DagBag from /Users/noejalabert/airflow_venv/lib/python3.11/site-packages/airflow/example_dags/example_branch_day_of_week_operator.py
[2024-05-28T16:32:49.808+0200] {processor.py:840} INFO - DAG(s) 'example_weekday_branch_operator' retrieved from /Users/noejalabert/airflow_venv/lib/python3.11/site-packages/airflow/example_dags/example_branch_day_of_week_operator.py
[2024-05-28T16:32:49.855+0200] {logging_mixin.py:188} INFO - [2024-05-28T16:32:49.855+0200] {dag.py:3096} INFO - Sync 1 DAGs
[2024-05-28T16:32:49.862+0200] {logging_mixin.py:188} INFO - [2024-05-28T16:32:49.862+0200] {dag.py:3954} INFO - Setting next_dagrun for example_weekday_branch_operator to 2024-05-27 00:00:00+00:00, run_after=2024-05-28 00:00:00+00:00
[2024-05-28T16:32:49.870+0200] {processor.py:183} INFO - Processing /Users/noejalabert/airflow_venv/lib/python3.11/site-packages/airflow/example_dags/example_branch_day_of_week_operator.py took 0.069 seconds
[2024-05-28T16:35:37.726+0200] {processor.py:161} INFO - Started process (PID=3328) to work on /Users/noejalabert/airflow_venv/lib/python3.11/site-packages/airflow/example_dags/example_branch_day_of_week_operator.py
[2024-05-28T16:35:37.728+0200] {processor.py:830} INFO - Processing file /Users/noejalabert/airflow_venv/lib/python3.11/site-packages/airflow/example_dags/example_branch_day_of_week_operator.py for tasks to queue
[2024-05-28T16:35:37.728+0200] {logging_mixin.py:188} INFO - [2024-05-28T16:35:37.728+0200] {dagbag.py:540} INFO - Filling up the DagBag from /Users/noejalabert/airflow_venv/lib/python3.11/site-packages/airflow/example_dags/example_branch_day_of_week_operator.py
[2024-05-28T16:35:37.732+0200] {processor.py:840} INFO - DAG(s) 'example_weekday_branch_operator' retrieved from /Users/noejalabert/airflow_venv/lib/python3.11/site-packages/airflow/example_dags/example_branch_day_of_week_operator.py
[2024-05-28T16:35:37.778+0200] {logging_mixin.py:188} INFO - [2024-05-28T16:35:37.778+0200] {dag.py:3096} INFO - Sync 1 DAGs
[2024-05-28T16:35:37.786+0200] {logging_mixin.py:188} INFO - [2024-05-28T16:35:37.786+0200] {dag.py:3954} INFO - Setting next_dagrun for example_weekday_branch_operator to 2024-05-27 00:00:00+00:00, run_after=2024-05-28 00:00:00+00:00
[2024-05-28T16:35:37.794+0200] {processor.py:183} INFO - Processing /Users/noejalabert/airflow_venv/lib/python3.11/site-packages/airflow/example_dags/example_branch_day_of_week_operator.py took 0.069 seconds
