[2024-05-28T16:23:26.476+0200] {processor.py:161} INFO - Started process (PID=2251) to work on /Users/noejalabert/airflow_venv/lib/python3.11/site-packages/airflow/example_dags/example_trigger_target_dag.py
[2024-05-28T16:23:26.476+0200] {processor.py:830} INFO - Processing file /Users/noejalabert/airflow_venv/lib/python3.11/site-packages/airflow/example_dags/example_trigger_target_dag.py for tasks to queue
[2024-05-28T16:23:26.476+0200] {logging_mixin.py:188} INFO - [2024-05-28T16:23:26.476+0200] {dagbag.py:540} INFO - Filling up the DagBag from /Users/noejalabert/airflow_venv/lib/python3.11/site-packages/airflow/example_dags/example_trigger_target_dag.py
[2024-05-28T16:23:26.492+0200] {processor.py:840} INFO - DAG(s) 'example_trigger_target_dag' retrieved from /Users/noejalabert/airflow_venv/lib/python3.11/site-packages/airflow/example_dags/example_trigger_target_dag.py
[2024-05-28T16:23:26.571+0200] {logging_mixin.py:188} INFO - [2024-05-28T16:23:26.571+0200] {dag.py:3096} INFO - Sync 1 DAGs
[2024-05-28T16:23:26.599+0200] {logging_mixin.py:188} INFO - [2024-05-28T16:23:26.599+0200] {dag.py:3954} INFO - Setting next_dagrun for example_trigger_target_dag to None, run_after=None
[2024-05-28T16:23:26.607+0200] {processor.py:183} INFO - Processing /Users/noejalabert/airflow_venv/lib/python3.11/site-packages/airflow/example_dags/example_trigger_target_dag.py took 0.133 seconds
[2024-05-28T16:24:56.576+0200] {processor.py:161} INFO - Started process (PID=2351) to work on /Users/noejalabert/airflow_venv/lib/python3.11/site-packages/airflow/example_dags/example_trigger_target_dag.py
[2024-05-28T16:24:56.577+0200] {processor.py:830} INFO - Processing file /Users/noejalabert/airflow_venv/lib/python3.11/site-packages/airflow/example_dags/example_trigger_target_dag.py for tasks to queue
[2024-05-28T16:24:56.578+0200] {logging_mixin.py:188} INFO - [2024-05-28T16:24:56.577+0200] {dagbag.py:540} INFO - Filling up the DagBag from /Users/noejalabert/airflow_venv/lib/python3.11/site-packages/airflow/example_dags/example_trigger_target_dag.py
[2024-05-28T16:24:56.593+0200] {processor.py:840} INFO - DAG(s) 'example_trigger_target_dag' retrieved from /Users/noejalabert/airflow_venv/lib/python3.11/site-packages/airflow/example_dags/example_trigger_target_dag.py
[2024-05-28T16:24:56.639+0200] {logging_mixin.py:188} INFO - [2024-05-28T16:24:56.639+0200] {dag.py:3096} INFO - Sync 1 DAGs
[2024-05-28T16:24:56.643+0200] {logging_mixin.py:188} INFO - [2024-05-28T16:24:56.642+0200] {dag.py:3954} INFO - Setting next_dagrun for example_trigger_target_dag to None, run_after=None
[2024-05-28T16:24:56.650+0200] {processor.py:183} INFO - Processing /Users/noejalabert/airflow_venv/lib/python3.11/site-packages/airflow/example_dags/example_trigger_target_dag.py took 0.076 seconds
[2024-05-28T16:27:29.175+0200] {processor.py:161} INFO - Started process (PID=2456) to work on /Users/noejalabert/airflow_venv/lib/python3.11/site-packages/airflow/example_dags/example_trigger_target_dag.py
[2024-05-28T16:27:29.177+0200] {processor.py:830} INFO - Processing file /Users/noejalabert/airflow_venv/lib/python3.11/site-packages/airflow/example_dags/example_trigger_target_dag.py for tasks to queue
[2024-05-28T16:27:29.177+0200] {logging_mixin.py:188} INFO - [2024-05-28T16:27:29.177+0200] {dagbag.py:540} INFO - Filling up the DagBag from /Users/noejalabert/airflow_venv/lib/python3.11/site-packages/airflow/example_dags/example_trigger_target_dag.py
[2024-05-28T16:27:29.192+0200] {processor.py:840} INFO - DAG(s) 'example_trigger_target_dag' retrieved from /Users/noejalabert/airflow_venv/lib/python3.11/site-packages/airflow/example_dags/example_trigger_target_dag.py
[2024-05-28T16:27:29.202+0200] {logging_mixin.py:188} INFO - [2024-05-28T16:27:29.202+0200] {dag.py:3096} INFO - Sync 1 DAGs
[2024-05-28T16:27:29.236+0200] {logging_mixin.py:188} INFO - [2024-05-28T16:27:29.236+0200] {dag.py:3954} INFO - Setting next_dagrun for example_trigger_target_dag to None, run_after=None
[2024-05-28T16:27:29.244+0200] {processor.py:183} INFO - Processing /Users/noejalabert/airflow_venv/lib/python3.11/site-packages/airflow/example_dags/example_trigger_target_dag.py took 0.069 seconds
[2024-05-28T16:29:01.724+0200] {processor.py:161} INFO - Started process (PID=2549) to work on /Users/noejalabert/airflow_venv/lib/python3.11/site-packages/airflow/example_dags/example_trigger_target_dag.py
[2024-05-28T16:29:01.727+0200] {processor.py:830} INFO - Processing file /Users/noejalabert/airflow_venv/lib/python3.11/site-packages/airflow/example_dags/example_trigger_target_dag.py for tasks to queue
[2024-05-28T16:29:01.727+0200] {logging_mixin.py:188} INFO - [2024-05-28T16:29:01.727+0200] {dagbag.py:540} INFO - Filling up the DagBag from /Users/noejalabert/airflow_venv/lib/python3.11/site-packages/airflow/example_dags/example_trigger_target_dag.py
[2024-05-28T16:29:01.744+0200] {processor.py:840} INFO - DAG(s) 'example_trigger_target_dag' retrieved from /Users/noejalabert/airflow_venv/lib/python3.11/site-packages/airflow/example_dags/example_trigger_target_dag.py
[2024-05-28T16:29:01.824+0200] {logging_mixin.py:188} INFO - [2024-05-28T16:29:01.824+0200] {dag.py:3096} INFO - Sync 1 DAGs
[2024-05-28T16:29:01.852+0200] {logging_mixin.py:188} INFO - [2024-05-28T16:29:01.852+0200] {dag.py:3954} INFO - Setting next_dagrun for example_trigger_target_dag to None, run_after=None
[2024-05-28T16:29:01.860+0200] {processor.py:183} INFO - Processing /Users/noejalabert/airflow_venv/lib/python3.11/site-packages/airflow/example_dags/example_trigger_target_dag.py took 0.138 seconds
[2024-05-28T16:30:27.113+0200] {processor.py:161} INFO - Started process (PID=2797) to work on /Users/noejalabert/airflow_venv/lib/python3.11/site-packages/airflow/example_dags/example_trigger_target_dag.py
[2024-05-28T16:30:27.114+0200] {processor.py:830} INFO - Processing file /Users/noejalabert/airflow_venv/lib/python3.11/site-packages/airflow/example_dags/example_trigger_target_dag.py for tasks to queue
[2024-05-28T16:30:27.114+0200] {logging_mixin.py:188} INFO - [2024-05-28T16:30:27.114+0200] {dagbag.py:540} INFO - Filling up the DagBag from /Users/noejalabert/airflow_venv/lib/python3.11/site-packages/airflow/example_dags/example_trigger_target_dag.py
[2024-05-28T16:30:27.130+0200] {processor.py:840} INFO - DAG(s) 'example_trigger_target_dag' retrieved from /Users/noejalabert/airflow_venv/lib/python3.11/site-packages/airflow/example_dags/example_trigger_target_dag.py
[2024-05-28T16:30:27.175+0200] {logging_mixin.py:188} INFO - [2024-05-28T16:30:27.175+0200] {dag.py:3096} INFO - Sync 1 DAGs
[2024-05-28T16:30:27.179+0200] {logging_mixin.py:188} INFO - [2024-05-28T16:30:27.179+0200] {dag.py:3954} INFO - Setting next_dagrun for example_trigger_target_dag to None, run_after=None
[2024-05-28T16:30:27.186+0200] {processor.py:183} INFO - Processing /Users/noejalabert/airflow_venv/lib/python3.11/site-packages/airflow/example_dags/example_trigger_target_dag.py took 0.075 seconds
[2024-05-28T16:31:49.851+0200] {processor.py:161} INFO - Started process (PID=3068) to work on /Users/noejalabert/airflow_venv/lib/python3.11/site-packages/airflow/example_dags/example_trigger_target_dag.py
[2024-05-28T16:31:49.852+0200] {processor.py:830} INFO - Processing file /Users/noejalabert/airflow_venv/lib/python3.11/site-packages/airflow/example_dags/example_trigger_target_dag.py for tasks to queue
[2024-05-28T16:31:49.852+0200] {logging_mixin.py:188} INFO - [2024-05-28T16:31:49.852+0200] {dagbag.py:540} INFO - Filling up the DagBag from /Users/noejalabert/airflow_venv/lib/python3.11/site-packages/airflow/example_dags/example_trigger_target_dag.py
[2024-05-28T16:31:49.868+0200] {processor.py:840} INFO - DAG(s) 'example_trigger_target_dag' retrieved from /Users/noejalabert/airflow_venv/lib/python3.11/site-packages/airflow/example_dags/example_trigger_target_dag.py
[2024-05-28T16:31:49.913+0200] {logging_mixin.py:188} INFO - [2024-05-28T16:31:49.913+0200] {dag.py:3096} INFO - Sync 1 DAGs
[2024-05-28T16:31:49.917+0200] {logging_mixin.py:188} INFO - [2024-05-28T16:31:49.917+0200] {dag.py:3954} INFO - Setting next_dagrun for example_trigger_target_dag to None, run_after=None
[2024-05-28T16:31:49.925+0200] {processor.py:183} INFO - Processing /Users/noejalabert/airflow_venv/lib/python3.11/site-packages/airflow/example_dags/example_trigger_target_dag.py took 0.075 seconds
[2024-05-28T16:33:13.268+0200] {processor.py:161} INFO - Started process (PID=3140) to work on /Users/noejalabert/airflow_venv/lib/python3.11/site-packages/airflow/example_dags/example_trigger_target_dag.py
[2024-05-28T16:33:13.269+0200] {processor.py:830} INFO - Processing file /Users/noejalabert/airflow_venv/lib/python3.11/site-packages/airflow/example_dags/example_trigger_target_dag.py for tasks to queue
[2024-05-28T16:33:13.269+0200] {logging_mixin.py:188} INFO - [2024-05-28T16:33:13.269+0200] {dagbag.py:540} INFO - Filling up the DagBag from /Users/noejalabert/airflow_venv/lib/python3.11/site-packages/airflow/example_dags/example_trigger_target_dag.py
[2024-05-28T16:33:13.285+0200] {processor.py:840} INFO - DAG(s) 'example_trigger_target_dag' retrieved from /Users/noejalabert/airflow_venv/lib/python3.11/site-packages/airflow/example_dags/example_trigger_target_dag.py
[2024-05-28T16:33:13.331+0200] {logging_mixin.py:188} INFO - [2024-05-28T16:33:13.331+0200] {dag.py:3096} INFO - Sync 1 DAGs
[2024-05-28T16:33:13.335+0200] {logging_mixin.py:188} INFO - [2024-05-28T16:33:13.335+0200] {dag.py:3954} INFO - Setting next_dagrun for example_trigger_target_dag to None, run_after=None
[2024-05-28T16:33:13.342+0200] {processor.py:183} INFO - Processing /Users/noejalabert/airflow_venv/lib/python3.11/site-packages/airflow/example_dags/example_trigger_target_dag.py took 0.076 seconds
[2024-05-28T16:34:35.508+0200] {processor.py:161} INFO - Started process (PID=3258) to work on /Users/noejalabert/airflow_venv/lib/python3.11/site-packages/airflow/example_dags/example_trigger_target_dag.py
[2024-05-28T16:34:35.510+0200] {processor.py:830} INFO - Processing file /Users/noejalabert/airflow_venv/lib/python3.11/site-packages/airflow/example_dags/example_trigger_target_dag.py for tasks to queue
[2024-05-28T16:34:35.510+0200] {logging_mixin.py:188} INFO - [2024-05-28T16:34:35.510+0200] {dagbag.py:540} INFO - Filling up the DagBag from /Users/noejalabert/airflow_venv/lib/python3.11/site-packages/airflow/example_dags/example_trigger_target_dag.py
[2024-05-28T16:34:35.526+0200] {processor.py:840} INFO - DAG(s) 'example_trigger_target_dag' retrieved from /Users/noejalabert/airflow_venv/lib/python3.11/site-packages/airflow/example_dags/example_trigger_target_dag.py
[2024-05-28T16:34:35.571+0200] {logging_mixin.py:188} INFO - [2024-05-28T16:34:35.571+0200] {dag.py:3096} INFO - Sync 1 DAGs
[2024-05-28T16:34:35.575+0200] {logging_mixin.py:188} INFO - [2024-05-28T16:34:35.575+0200] {dag.py:3954} INFO - Setting next_dagrun for example_trigger_target_dag to None, run_after=None
[2024-05-28T16:34:35.582+0200] {processor.py:183} INFO - Processing /Users/noejalabert/airflow_venv/lib/python3.11/site-packages/airflow/example_dags/example_trigger_target_dag.py took 0.075 seconds
[2024-05-28T16:36:01.186+0200] {processor.py:161} INFO - Started process (PID=3351) to work on /Users/noejalabert/airflow_venv/lib/python3.11/site-packages/airflow/example_dags/example_trigger_target_dag.py
[2024-05-28T16:36:01.187+0200] {processor.py:830} INFO - Processing file /Users/noejalabert/airflow_venv/lib/python3.11/site-packages/airflow/example_dags/example_trigger_target_dag.py for tasks to queue
[2024-05-28T16:36:01.187+0200] {logging_mixin.py:188} INFO - [2024-05-28T16:36:01.187+0200] {dagbag.py:540} INFO - Filling up the DagBag from /Users/noejalabert/airflow_venv/lib/python3.11/site-packages/airflow/example_dags/example_trigger_target_dag.py
[2024-05-28T16:36:01.203+0200] {processor.py:840} INFO - DAG(s) 'example_trigger_target_dag' retrieved from /Users/noejalabert/airflow_venv/lib/python3.11/site-packages/airflow/example_dags/example_trigger_target_dag.py
[2024-05-28T16:36:01.248+0200] {logging_mixin.py:188} INFO - [2024-05-28T16:36:01.248+0200] {dag.py:3096} INFO - Sync 1 DAGs
[2024-05-28T16:36:01.252+0200] {logging_mixin.py:188} INFO - [2024-05-28T16:36:01.252+0200] {dag.py:3954} INFO - Setting next_dagrun for example_trigger_target_dag to None, run_after=None
[2024-05-28T16:36:01.260+0200] {processor.py:183} INFO - Processing /Users/noejalabert/airflow_venv/lib/python3.11/site-packages/airflow/example_dags/example_trigger_target_dag.py took 0.076 seconds
