[2024-05-28T16:24:24.478+0200] {processor.py:161} INFO - Started process (PID=2314) to work on /Users/noejalabert/airflow_venv/lib/python3.11/site-packages/airflow/example_dags/example_branch_operator_decorator.py
[2024-05-28T16:24:24.478+0200] {processor.py:830} INFO - Processing file /Users/noejalabert/airflow_venv/lib/python3.11/site-packages/airflow/example_dags/example_branch_operator_decorator.py for tasks to queue
[2024-05-28T16:24:24.479+0200] {logging_mixin.py:188} INFO - [2024-05-28T16:24:24.479+0200] {dagbag.py:540} INFO - Filling up the DagBag from /Users/noejalabert/airflow_venv/lib/python3.11/site-packages/airflow/example_dags/example_branch_operator_decorator.py
[2024-05-28T16:24:24.489+0200] {processor.py:842} WARNING - No viable dags retrieved from /Users/noejalabert/airflow_venv/lib/python3.11/site-packages/airflow/example_dags/example_branch_operator_decorator.py
[2024-05-28T16:24:24.521+0200] {processor.py:183} INFO - Processing /Users/noejalabert/airflow_venv/lib/python3.11/site-packages/airflow/example_dags/example_branch_operator_decorator.py took 0.045 seconds
[2024-05-28T16:28:26.598+0200] {processor.py:161} INFO - Started process (PID=2503) to work on /Users/noejalabert/airflow_venv/lib/python3.11/site-packages/airflow/example_dags/example_branch_operator_decorator.py
[2024-05-28T16:28:26.599+0200] {processor.py:830} INFO - Processing file /Users/noejalabert/airflow_venv/lib/python3.11/site-packages/airflow/example_dags/example_branch_operator_decorator.py for tasks to queue
[2024-05-28T16:28:26.599+0200] {logging_mixin.py:188} INFO - [2024-05-28T16:28:26.599+0200] {dagbag.py:540} INFO - Filling up the DagBag from /Users/noejalabert/airflow_venv/lib/python3.11/site-packages/airflow/example_dags/example_branch_operator_decorator.py
[2024-05-28T16:28:26.609+0200] {processor.py:842} WARNING - No viable dags retrieved from /Users/noejalabert/airflow_venv/lib/python3.11/site-packages/airflow/example_dags/example_branch_operator_decorator.py
[2024-05-28T16:28:26.642+0200] {processor.py:183} INFO - Processing /Users/noejalabert/airflow_venv/lib/python3.11/site-packages/airflow/example_dags/example_branch_operator_decorator.py took 0.045 seconds
[2024-05-28T16:29:56.897+0200] {processor.py:161} INFO - Started process (PID=2712) to work on /Users/noejalabert/airflow_venv/lib/python3.11/site-packages/airflow/example_dags/example_branch_operator_decorator.py
[2024-05-28T16:29:56.899+0200] {processor.py:830} INFO - Processing file /Users/noejalabert/airflow_venv/lib/python3.11/site-packages/airflow/example_dags/example_branch_operator_decorator.py for tasks to queue
[2024-05-28T16:29:56.899+0200] {logging_mixin.py:188} INFO - [2024-05-28T16:29:56.899+0200] {dagbag.py:540} INFO - Filling up the DagBag from /Users/noejalabert/airflow_venv/lib/python3.11/site-packages/airflow/example_dags/example_branch_operator_decorator.py
[2024-05-28T16:29:56.909+0200] {processor.py:842} WARNING - No viable dags retrieved from /Users/noejalabert/airflow_venv/lib/python3.11/site-packages/airflow/example_dags/example_branch_operator_decorator.py
[2024-05-28T16:29:56.942+0200] {processor.py:183} INFO - Processing /Users/noejalabert/airflow_venv/lib/python3.11/site-packages/airflow/example_dags/example_branch_operator_decorator.py took 0.046 seconds
[2024-05-28T16:31:20.529+0200] {processor.py:161} INFO - Started process (PID=2947) to work on /Users/noejalabert/airflow_venv/lib/python3.11/site-packages/airflow/example_dags/example_branch_operator_decorator.py
[2024-05-28T16:31:20.530+0200] {processor.py:830} INFO - Processing file /Users/noejalabert/airflow_venv/lib/python3.11/site-packages/airflow/example_dags/example_branch_operator_decorator.py for tasks to queue
[2024-05-28T16:31:20.530+0200] {logging_mixin.py:188} INFO - [2024-05-28T16:31:20.530+0200] {dagbag.py:540} INFO - Filling up the DagBag from /Users/noejalabert/airflow_venv/lib/python3.11/site-packages/airflow/example_dags/example_branch_operator_decorator.py
[2024-05-28T16:31:20.540+0200] {processor.py:842} WARNING - No viable dags retrieved from /Users/noejalabert/airflow_venv/lib/python3.11/site-packages/airflow/example_dags/example_branch_operator_decorator.py
[2024-05-28T16:31:20.573+0200] {processor.py:183} INFO - Processing /Users/noejalabert/airflow_venv/lib/python3.11/site-packages/airflow/example_dags/example_branch_operator_decorator.py took 0.045 seconds
[2024-05-28T16:32:45.190+0200] {processor.py:161} INFO - Started process (PID=3115) to work on /Users/noejalabert/airflow_venv/lib/python3.11/site-packages/airflow/example_dags/example_branch_operator_decorator.py
[2024-05-28T16:32:45.191+0200] {processor.py:830} INFO - Processing file /Users/noejalabert/airflow_venv/lib/python3.11/site-packages/airflow/example_dags/example_branch_operator_decorator.py for tasks to queue
[2024-05-28T16:32:45.191+0200] {logging_mixin.py:188} INFO - [2024-05-28T16:32:45.191+0200] {dagbag.py:540} INFO - Filling up the DagBag from /Users/noejalabert/airflow_venv/lib/python3.11/site-packages/airflow/example_dags/example_branch_operator_decorator.py
[2024-05-28T16:32:45.201+0200] {processor.py:842} WARNING - No viable dags retrieved from /Users/noejalabert/airflow_venv/lib/python3.11/site-packages/airflow/example_dags/example_branch_operator_decorator.py
[2024-05-28T16:32:45.233+0200] {processor.py:183} INFO - Processing /Users/noejalabert/airflow_venv/lib/python3.11/site-packages/airflow/example_dags/example_branch_operator_decorator.py took 0.045 seconds
[2024-05-28T16:34:06.411+0200] {processor.py:161} INFO - Started process (PID=3231) to work on /Users/noejalabert/airflow_venv/lib/python3.11/site-packages/airflow/example_dags/example_branch_operator_decorator.py
[2024-05-28T16:34:06.411+0200] {processor.py:830} INFO - Processing file /Users/noejalabert/airflow_venv/lib/python3.11/site-packages/airflow/example_dags/example_branch_operator_decorator.py for tasks to queue
[2024-05-28T16:34:06.412+0200] {logging_mixin.py:188} INFO - [2024-05-28T16:34:06.412+0200] {dagbag.py:540} INFO - Filling up the DagBag from /Users/noejalabert/airflow_venv/lib/python3.11/site-packages/airflow/example_dags/example_branch_operator_decorator.py
[2024-05-28T16:34:06.421+0200] {processor.py:842} WARNING - No viable dags retrieved from /Users/noejalabert/airflow_venv/lib/python3.11/site-packages/airflow/example_dags/example_branch_operator_decorator.py
[2024-05-28T16:34:06.454+0200] {processor.py:183} INFO - Processing /Users/noejalabert/airflow_venv/lib/python3.11/site-packages/airflow/example_dags/example_branch_operator_decorator.py took 0.045 seconds
[2024-05-28T16:35:32.416+0200] {processor.py:161} INFO - Started process (PID=3323) to work on /Users/noejalabert/airflow_venv/lib/python3.11/site-packages/airflow/example_dags/example_branch_operator_decorator.py
[2024-05-28T16:35:32.417+0200] {processor.py:830} INFO - Processing file /Users/noejalabert/airflow_venv/lib/python3.11/site-packages/airflow/example_dags/example_branch_operator_decorator.py for tasks to queue
[2024-05-28T16:35:32.417+0200] {logging_mixin.py:188} INFO - [2024-05-28T16:35:32.417+0200] {dagbag.py:540} INFO - Filling up the DagBag from /Users/noejalabert/airflow_venv/lib/python3.11/site-packages/airflow/example_dags/example_branch_operator_decorator.py
[2024-05-28T16:35:32.427+0200] {processor.py:842} WARNING - No viable dags retrieved from /Users/noejalabert/airflow_venv/lib/python3.11/site-packages/airflow/example_dags/example_branch_operator_decorator.py
[2024-05-28T16:35:32.459+0200] {processor.py:183} INFO - Processing /Users/noejalabert/airflow_venv/lib/python3.11/site-packages/airflow/example_dags/example_branch_operator_decorator.py took 0.045 seconds
[2024-05-28T16:36:58.609+0200] {processor.py:161} INFO - Started process (PID=3528) to work on /Users/noejalabert/airflow_venv/lib/python3.11/site-packages/airflow/example_dags/example_branch_operator_decorator.py
[2024-05-28T16:36:58.610+0200] {processor.py:830} INFO - Processing file /Users/noejalabert/airflow_venv/lib/python3.11/site-packages/airflow/example_dags/example_branch_operator_decorator.py for tasks to queue
[2024-05-28T16:36:58.610+0200] {logging_mixin.py:188} INFO - [2024-05-28T16:36:58.610+0200] {dagbag.py:540} INFO - Filling up the DagBag from /Users/noejalabert/airflow_venv/lib/python3.11/site-packages/airflow/example_dags/example_branch_operator_decorator.py
[2024-05-28T16:36:58.621+0200] {processor.py:842} WARNING - No viable dags retrieved from /Users/noejalabert/airflow_venv/lib/python3.11/site-packages/airflow/example_dags/example_branch_operator_decorator.py
[2024-05-28T16:36:58.654+0200] {processor.py:183} INFO - Processing /Users/noejalabert/airflow_venv/lib/python3.11/site-packages/airflow/example_dags/example_branch_operator_decorator.py took 0.046 seconds
