[2024-06-11T16:53:31.035+0200] {local_task_job_runner.py:120} INFO - ::group::Pre task execution logs
[2024-06-11T16:53:31.049+0200] {taskinstance.py:2073} INFO - Dependencies all met for dep_context=non-requeueable deps ti=<TaskInstance: my_datalake.extract_real_time manual__2024-06-11T14:53:25+00:00 [queued]>
[2024-06-11T16:53:31.052+0200] {taskinstance.py:2073} INFO - Dependencies all met for dep_context=requeueable deps ti=<TaskInstance: my_datalake.extract_real_time manual__2024-06-11T14:53:25+00:00 [queued]>
[2024-06-11T16:53:31.052+0200] {taskinstance.py:2303} INFO - Starting attempt 1 of 2
[2024-06-11T16:53:31.059+0200] {taskinstance.py:2327} INFO - Executing <Task(PythonOperator): extract_real_time> on 2024-06-11 14:53:25+00:00
[2024-06-11T16:53:31.066+0200] {standard_task_runner.py:63} INFO - Started process 6309 to run task
[2024-06-11T16:53:31.070+0200] {standard_task_runner.py:90} INFO - Running: ['airflow', 'tasks', 'run', 'my_datalake', 'extract_real_time', 'manual__2024-06-11T14:53:25+00:00', '--job-id', '88', '--raw', '--subdir', 'DAGS_FOLDER/my_datalake.py', '--cfg-path', '/var/folders/lz/gv7z_f1x3156jvrgkgylt68w0000gn/T/tmp4xnqw0y0']
[2024-06-11T16:53:31.072+0200] {standard_task_runner.py:91} INFO - Job 88: Subtask extract_real_time
[2024-06-11T16:53:31.095+0200] {task_command.py:426} INFO - Running <TaskInstance: my_datalake.extract_real_time manual__2024-06-11T14:53:25+00:00 [running]> on host air-de-noe.home
[2024-06-11T16:53:31.123+0200] {taskinstance.py:2644} INFO - Exporting env vars: AIRFLOW_CTX_DAG_EMAIL='airflow@example.com' AIRFLOW_CTX_DAG_OWNER='airflow' AIRFLOW_CTX_DAG_ID='my_datalake' AIRFLOW_CTX_TASK_ID='extract_real_time' AIRFLOW_CTX_EXECUTION_DATE='2024-06-11T14:53:25+00:00' AIRFLOW_CTX_TRY_NUMBER='1' AIRFLOW_CTX_DAG_RUN_ID='manual__2024-06-11T14:53:25+00:00'
[2024-06-11T16:53:31.124+0200] {taskinstance.py:430} INFO - ::endgroup::
[2024-06-11T16:53:31.336+0200] {logging_mixin.py:188} INFO - API data fetched successfully from Belib' - Disponibilité Temps Réel!
[2024-06-11T16:53:31.356+0200] {logging_mixin.py:188} INFO - Script directory: /Users/noejalabert/airflow/dags/lib
[2024-06-11T16:53:31.356+0200] {logging_mixin.py:188} INFO - Target directory: /Users/noejalabert/airflow/dags/lib/../../data/raw/belibrealtime
[2024-06-11T16:53:31.373+0200] {logging_mixin.py:188} INFO - Data saved to file successfully at /Users/noejalabert/airflow/dags/lib/../../data/raw/belibrealtime/belib_realtime_data.json
[2024-06-11T16:53:31.373+0200] {logging_mixin.py:188} INFO - Script is running from: /Users/noejalabert/airflow_venv
[2024-06-11T16:53:31.373+0200] {python.py:237} INFO - Done. Returned value was: None
[2024-06-11T16:53:31.374+0200] {taskinstance.py:441} INFO - ::group::Post task execution logs
[2024-06-11T16:53:31.377+0200] {taskinstance.py:1205} INFO - Marking task as SUCCESS. dag_id=my_datalake, task_id=extract_real_time, execution_date=20240611T145325, start_date=20240611T145331, end_date=20240611T145331
[2024-06-11T16:53:31.394+0200] {local_task_job_runner.py:240} INFO - Task exited with return code 0
[2024-06-11T16:53:31.405+0200] {taskinstance.py:3482} INFO - 1 downstream tasks scheduled from follow-on schedule check
[2024-06-11T16:53:31.406+0200] {local_task_job_runner.py:222} INFO - ::endgroup::
