[2024-04-30T14:57:39.463+0200] {local_task_job_runner.py:120} INFO - ::group::Pre task execution logs
[2024-04-30T14:57:39.479+0200] {taskinstance.py:2073} INFO - Dependencies all met for dep_context=non-requeueable deps ti=<TaskInstance: example_bash_operator.runme_0 scheduled__2024-04-29T00:00:00+00:00 [queued]>
[2024-04-30T14:57:39.482+0200] {taskinstance.py:2073} INFO - Dependencies all met for dep_context=requeueable deps ti=<TaskInstance: example_bash_operator.runme_0 scheduled__2024-04-29T00:00:00+00:00 [queued]>
[2024-04-30T14:57:39.482+0200] {taskinstance.py:2303} INFO - Starting attempt 1 of 1
[2024-04-30T14:57:39.487+0200] {taskinstance.py:2327} INFO - Executing <Task(BashOperator): runme_0> on 2024-04-29 00:00:00+00:00
[2024-04-30T14:57:39.492+0200] {standard_task_runner.py:63} INFO - Started process 28793 to run task
[2024-04-30T14:57:39.496+0200] {standard_task_runner.py:90} INFO - Running: ['airflow', 'tasks', 'run', 'example_bash_operator', 'runme_0', 'scheduled__2024-04-29T00:00:00+00:00', '--job-id', '3', '--raw', '--subdir', '/Users/noejalabert/airflow_venv/lib/python3.11/site-packages/airflow/example_dags/example_bash_operator.py', '--cfg-path', '/var/folders/lz/gv7z_f1x3156jvrgkgylt68w0000gn/T/tmp_x06yuhy']
[2024-04-30T14:57:39.497+0200] {standard_task_runner.py:91} INFO - Job 3: Subtask runme_0
[2024-04-30T14:57:39.519+0200] {task_command.py:426} INFO - Running <TaskInstance: example_bash_operator.runme_0 scheduled__2024-04-29T00:00:00+00:00 [running]> on host macbook-air-de-noe.local
[2024-04-30T14:57:39.550+0200] {taskinstance.py:2644} INFO - Exporting env vars: AIRFLOW_CTX_DAG_OWNER='airflow' AIRFLOW_CTX_DAG_ID='example_bash_operator' AIRFLOW_CTX_TASK_ID='runme_0' AIRFLOW_CTX_EXECUTION_DATE='2024-04-29T00:00:00+00:00' AIRFLOW_CTX_TRY_NUMBER='1' AIRFLOW_CTX_DAG_RUN_ID='scheduled__2024-04-29T00:00:00+00:00'
[2024-04-30T14:57:39.551+0200] {taskinstance.py:430} INFO - ::endgroup::
[2024-04-30T14:57:39.552+0200] {subprocess.py:63} INFO - Tmp dir root location: /var/folders/lz/gv7z_f1x3156jvrgkgylt68w0000gn/T
[2024-04-30T14:57:39.553+0200] {subprocess.py:75} INFO - Running command: ['/bin/bash', '-c', 'echo "example_bash_operator__runme_0__20240429" && sleep 1']
[2024-04-30T14:57:39.562+0200] {subprocess.py:86} INFO - Output:
[2024-04-30T14:57:39.577+0200] {subprocess.py:93} INFO - example_bash_operator__runme_0__20240429
[2024-04-30T14:57:40.644+0200] {subprocess.py:97} INFO - Command exited with return code 0
[2024-04-30T14:57:40.648+0200] {taskinstance.py:441} INFO - ::group::Post task execution logs
[2024-04-30T14:57:40.674+0200] {taskinstance.py:1205} INFO - Marking task as SUCCESS. dag_id=example_bash_operator, task_id=runme_0, execution_date=20240429T000000, start_date=20240430T125739, end_date=20240430T125740
[2024-04-30T14:57:40.701+0200] {local_task_job_runner.py:240} INFO - Task exited with return code 0
[2024-04-30T14:57:40.718+0200] {taskinstance.py:3482} INFO - 0 downstream tasks scheduled from follow-on schedule check
[2024-04-30T14:57:40.718+0200] {local_task_job_runner.py:222} INFO - ::endgroup::
