[2024-06-11T16:35:22.910+0200] {processor.py:161} INFO - Started process (PID=4936) to work on /Users/noejalabert/airflow_venv/lib/python3.11/site-packages/airflow/example_dags/example_nested_branch_dag.py
[2024-06-11T16:35:22.910+0200] {processor.py:830} INFO - Processing file /Users/noejalabert/airflow_venv/lib/python3.11/site-packages/airflow/example_dags/example_nested_branch_dag.py for tasks to queue
[2024-06-11T16:35:22.911+0200] {logging_mixin.py:188} INFO - [2024-06-11T16:35:22.910+0200] {dagbag.py:540} INFO - Filling up the DagBag from /Users/noejalabert/airflow_venv/lib/python3.11/site-packages/airflow/example_dags/example_nested_branch_dag.py
[2024-06-11T16:35:22.929+0200] {processor.py:840} INFO - DAG(s) 'example_nested_branch_dag' retrieved from /Users/noejalabert/airflow_venv/lib/python3.11/site-packages/airflow/example_dags/example_nested_branch_dag.py
[2024-06-11T16:35:23.011+0200] {logging_mixin.py:188} INFO - [2024-06-11T16:35:23.011+0200] {dag.py:3096} INFO - Sync 1 DAGs
[2024-06-11T16:35:23.044+0200] {logging_mixin.py:188} INFO - [2024-06-11T16:35:23.044+0200] {dag.py:3954} INFO - Setting next_dagrun for example_nested_branch_dag to 2024-06-10 00:00:00+00:00, run_after=2024-06-11 00:00:00+00:00
[2024-06-11T16:35:23.052+0200] {processor.py:183} INFO - Processing /Users/noejalabert/airflow_venv/lib/python3.11/site-packages/airflow/example_dags/example_nested_branch_dag.py took 0.144 seconds
[2024-06-11T16:36:57.160+0200] {processor.py:161} INFO - Started process (PID=5025) to work on /Users/noejalabert/airflow_venv/lib/python3.11/site-packages/airflow/example_dags/example_nested_branch_dag.py
[2024-06-11T16:36:57.161+0200] {processor.py:830} INFO - Processing file /Users/noejalabert/airflow_venv/lib/python3.11/site-packages/airflow/example_dags/example_nested_branch_dag.py for tasks to queue
[2024-06-11T16:36:57.162+0200] {logging_mixin.py:188} INFO - [2024-06-11T16:36:57.161+0200] {dagbag.py:540} INFO - Filling up the DagBag from /Users/noejalabert/airflow_venv/lib/python3.11/site-packages/airflow/example_dags/example_nested_branch_dag.py
[2024-06-11T16:36:57.180+0200] {processor.py:840} INFO - DAG(s) 'example_nested_branch_dag' retrieved from /Users/noejalabert/airflow_venv/lib/python3.11/site-packages/airflow/example_dags/example_nested_branch_dag.py
[2024-06-11T16:36:57.230+0200] {logging_mixin.py:188} INFO - [2024-06-11T16:36:57.229+0200] {dag.py:3096} INFO - Sync 1 DAGs
[2024-06-11T16:36:57.237+0200] {logging_mixin.py:188} INFO - [2024-06-11T16:36:57.237+0200] {dag.py:3954} INFO - Setting next_dagrun for example_nested_branch_dag to 2024-06-10 00:00:00+00:00, run_after=2024-06-11 00:00:00+00:00
[2024-06-11T16:36:57.246+0200] {processor.py:183} INFO - Processing /Users/noejalabert/airflow_venv/lib/python3.11/site-packages/airflow/example_dags/example_nested_branch_dag.py took 0.087 seconds
[2024-06-11T16:38:28.433+0200] {processor.py:161} INFO - Started process (PID=5118) to work on /Users/noejalabert/airflow_venv/lib/python3.11/site-packages/airflow/example_dags/example_nested_branch_dag.py
[2024-06-11T16:38:28.434+0200] {processor.py:830} INFO - Processing file /Users/noejalabert/airflow_venv/lib/python3.11/site-packages/airflow/example_dags/example_nested_branch_dag.py for tasks to queue
[2024-06-11T16:38:28.434+0200] {logging_mixin.py:188} INFO - [2024-06-11T16:38:28.434+0200] {dagbag.py:540} INFO - Filling up the DagBag from /Users/noejalabert/airflow_venv/lib/python3.11/site-packages/airflow/example_dags/example_nested_branch_dag.py
[2024-06-11T16:38:28.453+0200] {processor.py:840} INFO - DAG(s) 'example_nested_branch_dag' retrieved from /Users/noejalabert/airflow_venv/lib/python3.11/site-packages/airflow/example_dags/example_nested_branch_dag.py
[2024-06-11T16:38:28.501+0200] {logging_mixin.py:188} INFO - [2024-06-11T16:38:28.501+0200] {dag.py:3096} INFO - Sync 1 DAGs
[2024-06-11T16:38:28.508+0200] {logging_mixin.py:188} INFO - [2024-06-11T16:38:28.508+0200] {dag.py:3954} INFO - Setting next_dagrun for example_nested_branch_dag to 2024-06-10 00:00:00+00:00, run_after=2024-06-11 00:00:00+00:00
[2024-06-11T16:38:28.517+0200] {processor.py:183} INFO - Processing /Users/noejalabert/airflow_venv/lib/python3.11/site-packages/airflow/example_dags/example_nested_branch_dag.py took 0.088 seconds
[2024-06-11T16:39:57.008+0200] {processor.py:161} INFO - Started process (PID=5199) to work on /Users/noejalabert/airflow_venv/lib/python3.11/site-packages/airflow/example_dags/example_nested_branch_dag.py
[2024-06-11T16:39:57.009+0200] {processor.py:830} INFO - Processing file /Users/noejalabert/airflow_venv/lib/python3.11/site-packages/airflow/example_dags/example_nested_branch_dag.py for tasks to queue
[2024-06-11T16:39:57.009+0200] {logging_mixin.py:188} INFO - [2024-06-11T16:39:57.009+0200] {dagbag.py:540} INFO - Filling up the DagBag from /Users/noejalabert/airflow_venv/lib/python3.11/site-packages/airflow/example_dags/example_nested_branch_dag.py
[2024-06-11T16:39:57.029+0200] {processor.py:840} INFO - DAG(s) 'example_nested_branch_dag' retrieved from /Users/noejalabert/airflow_venv/lib/python3.11/site-packages/airflow/example_dags/example_nested_branch_dag.py
[2024-06-11T16:39:57.078+0200] {logging_mixin.py:188} INFO - [2024-06-11T16:39:57.077+0200] {dag.py:3096} INFO - Sync 1 DAGs
[2024-06-11T16:39:57.085+0200] {logging_mixin.py:188} INFO - [2024-06-11T16:39:57.085+0200] {dag.py:3954} INFO - Setting next_dagrun for example_nested_branch_dag to 2024-06-10 00:00:00+00:00, run_after=2024-06-11 00:00:00+00:00
[2024-06-11T16:39:57.094+0200] {processor.py:183} INFO - Processing /Users/noejalabert/airflow_venv/lib/python3.11/site-packages/airflow/example_dags/example_nested_branch_dag.py took 0.087 seconds
[2024-06-11T16:41:24.206+0200] {processor.py:161} INFO - Started process (PID=5288) to work on /Users/noejalabert/airflow_venv/lib/python3.11/site-packages/airflow/example_dags/example_nested_branch_dag.py
[2024-06-11T16:41:24.207+0200] {processor.py:830} INFO - Processing file /Users/noejalabert/airflow_venv/lib/python3.11/site-packages/airflow/example_dags/example_nested_branch_dag.py for tasks to queue
[2024-06-11T16:41:24.207+0200] {logging_mixin.py:188} INFO - [2024-06-11T16:41:24.207+0200] {dagbag.py:540} INFO - Filling up the DagBag from /Users/noejalabert/airflow_venv/lib/python3.11/site-packages/airflow/example_dags/example_nested_branch_dag.py
[2024-06-11T16:41:24.226+0200] {processor.py:840} INFO - DAG(s) 'example_nested_branch_dag' retrieved from /Users/noejalabert/airflow_venv/lib/python3.11/site-packages/airflow/example_dags/example_nested_branch_dag.py
[2024-06-11T16:41:24.278+0200] {logging_mixin.py:188} INFO - [2024-06-11T16:41:24.277+0200] {dag.py:3096} INFO - Sync 1 DAGs
[2024-06-11T16:41:24.285+0200] {logging_mixin.py:188} INFO - [2024-06-11T16:41:24.285+0200] {dag.py:3954} INFO - Setting next_dagrun for example_nested_branch_dag to 2024-06-10 00:00:00+00:00, run_after=2024-06-11 00:00:00+00:00
[2024-06-11T16:41:24.294+0200] {processor.py:183} INFO - Processing /Users/noejalabert/airflow_venv/lib/python3.11/site-packages/airflow/example_dags/example_nested_branch_dag.py took 0.089 seconds
[2024-06-11T16:42:55.916+0200] {processor.py:161} INFO - Started process (PID=5414) to work on /Users/noejalabert/airflow_venv/lib/python3.11/site-packages/airflow/example_dags/example_nested_branch_dag.py
[2024-06-11T16:42:55.918+0200] {processor.py:830} INFO - Processing file /Users/noejalabert/airflow_venv/lib/python3.11/site-packages/airflow/example_dags/example_nested_branch_dag.py for tasks to queue
[2024-06-11T16:42:55.918+0200] {logging_mixin.py:188} INFO - [2024-06-11T16:42:55.918+0200] {dagbag.py:540} INFO - Filling up the DagBag from /Users/noejalabert/airflow_venv/lib/python3.11/site-packages/airflow/example_dags/example_nested_branch_dag.py
[2024-06-11T16:42:55.937+0200] {processor.py:840} INFO - DAG(s) 'example_nested_branch_dag' retrieved from /Users/noejalabert/airflow_venv/lib/python3.11/site-packages/airflow/example_dags/example_nested_branch_dag.py
[2024-06-11T16:42:55.990+0200] {logging_mixin.py:188} INFO - [2024-06-11T16:42:55.990+0200] {dag.py:3096} INFO - Sync 1 DAGs
[2024-06-11T16:42:55.998+0200] {logging_mixin.py:188} INFO - [2024-06-11T16:42:55.998+0200] {dag.py:3954} INFO - Setting next_dagrun for example_nested_branch_dag to 2024-06-10 00:00:00+00:00, run_after=2024-06-11 00:00:00+00:00
[2024-06-11T16:42:56.007+0200] {processor.py:183} INFO - Processing /Users/noejalabert/airflow_venv/lib/python3.11/site-packages/airflow/example_dags/example_nested_branch_dag.py took 0.092 seconds
[2024-06-11T16:45:21.002+0200] {processor.py:161} INFO - Started process (PID=5589) to work on /Users/noejalabert/airflow_venv/lib/python3.11/site-packages/airflow/example_dags/example_nested_branch_dag.py
[2024-06-11T16:45:21.003+0200] {processor.py:830} INFO - Processing file /Users/noejalabert/airflow_venv/lib/python3.11/site-packages/airflow/example_dags/example_nested_branch_dag.py for tasks to queue
[2024-06-11T16:45:21.004+0200] {logging_mixin.py:188} INFO - [2024-06-11T16:45:21.004+0200] {dagbag.py:540} INFO - Filling up the DagBag from /Users/noejalabert/airflow_venv/lib/python3.11/site-packages/airflow/example_dags/example_nested_branch_dag.py
[2024-06-11T16:45:21.021+0200] {processor.py:840} INFO - DAG(s) 'example_nested_branch_dag' retrieved from /Users/noejalabert/airflow_venv/lib/python3.11/site-packages/airflow/example_dags/example_nested_branch_dag.py
[2024-06-11T16:45:21.108+0200] {logging_mixin.py:188} INFO - [2024-06-11T16:45:21.107+0200] {dag.py:3096} INFO - Sync 1 DAGs
[2024-06-11T16:45:21.148+0200] {logging_mixin.py:188} INFO - [2024-06-11T16:45:21.148+0200] {dag.py:3954} INFO - Setting next_dagrun for example_nested_branch_dag to 2024-06-10 00:00:00+00:00, run_after=2024-06-11 00:00:00+00:00
[2024-06-11T16:45:21.157+0200] {processor.py:183} INFO - Processing /Users/noejalabert/airflow_venv/lib/python3.11/site-packages/airflow/example_dags/example_nested_branch_dag.py took 0.156 seconds
[2024-06-11T16:46:55.347+0200] {processor.py:161} INFO - Started process (PID=5714) to work on /Users/noejalabert/airflow_venv/lib/python3.11/site-packages/airflow/example_dags/example_nested_branch_dag.py
[2024-06-11T16:46:55.347+0200] {processor.py:830} INFO - Processing file /Users/noejalabert/airflow_venv/lib/python3.11/site-packages/airflow/example_dags/example_nested_branch_dag.py for tasks to queue
[2024-06-11T16:46:55.348+0200] {logging_mixin.py:188} INFO - [2024-06-11T16:46:55.348+0200] {dagbag.py:540} INFO - Filling up the DagBag from /Users/noejalabert/airflow_venv/lib/python3.11/site-packages/airflow/example_dags/example_nested_branch_dag.py
[2024-06-11T16:46:55.370+0200] {processor.py:840} INFO - DAG(s) 'example_nested_branch_dag' retrieved from /Users/noejalabert/airflow_venv/lib/python3.11/site-packages/airflow/example_dags/example_nested_branch_dag.py
[2024-06-11T16:46:55.419+0200] {logging_mixin.py:188} INFO - [2024-06-11T16:46:55.419+0200] {dag.py:3096} INFO - Sync 1 DAGs
[2024-06-11T16:46:55.430+0200] {logging_mixin.py:188} INFO - [2024-06-11T16:46:55.430+0200] {dag.py:3954} INFO - Setting next_dagrun for example_nested_branch_dag to 2024-06-10 00:00:00+00:00, run_after=2024-06-11 00:00:00+00:00
[2024-06-11T16:46:55.440+0200] {processor.py:183} INFO - Processing /Users/noejalabert/airflow_venv/lib/python3.11/site-packages/airflow/example_dags/example_nested_branch_dag.py took 0.095 seconds
[2024-06-11T16:48:21.650+0200] {processor.py:161} INFO - Started process (PID=5816) to work on /Users/noejalabert/airflow_venv/lib/python3.11/site-packages/airflow/example_dags/example_nested_branch_dag.py
[2024-06-11T16:48:21.652+0200] {processor.py:830} INFO - Processing file /Users/noejalabert/airflow_venv/lib/python3.11/site-packages/airflow/example_dags/example_nested_branch_dag.py for tasks to queue
[2024-06-11T16:48:21.652+0200] {logging_mixin.py:188} INFO - [2024-06-11T16:48:21.652+0200] {dagbag.py:540} INFO - Filling up the DagBag from /Users/noejalabert/airflow_venv/lib/python3.11/site-packages/airflow/example_dags/example_nested_branch_dag.py
[2024-06-11T16:48:21.672+0200] {processor.py:840} INFO - DAG(s) 'example_nested_branch_dag' retrieved from /Users/noejalabert/airflow_venv/lib/python3.11/site-packages/airflow/example_dags/example_nested_branch_dag.py
[2024-06-11T16:48:21.719+0200] {logging_mixin.py:188} INFO - [2024-06-11T16:48:21.718+0200] {dag.py:3096} INFO - Sync 1 DAGs
[2024-06-11T16:48:21.726+0200] {logging_mixin.py:188} INFO - [2024-06-11T16:48:21.726+0200] {dag.py:3954} INFO - Setting next_dagrun for example_nested_branch_dag to 2024-06-10 00:00:00+00:00, run_after=2024-06-11 00:00:00+00:00
[2024-06-11T16:48:21.734+0200] {processor.py:183} INFO - Processing /Users/noejalabert/airflow_venv/lib/python3.11/site-packages/airflow/example_dags/example_nested_branch_dag.py took 0.085 seconds
[2024-06-11T16:49:49.736+0200] {processor.py:161} INFO - Started process (PID=5924) to work on /Users/noejalabert/airflow_venv/lib/python3.11/site-packages/airflow/example_dags/example_nested_branch_dag.py
[2024-06-11T16:49:49.737+0200] {processor.py:830} INFO - Processing file /Users/noejalabert/airflow_venv/lib/python3.11/site-packages/airflow/example_dags/example_nested_branch_dag.py for tasks to queue
[2024-06-11T16:49:49.737+0200] {logging_mixin.py:188} INFO - [2024-06-11T16:49:49.737+0200] {dagbag.py:540} INFO - Filling up the DagBag from /Users/noejalabert/airflow_venv/lib/python3.11/site-packages/airflow/example_dags/example_nested_branch_dag.py
[2024-06-11T16:49:49.762+0200] {processor.py:840} INFO - DAG(s) 'example_nested_branch_dag' retrieved from /Users/noejalabert/airflow_venv/lib/python3.11/site-packages/airflow/example_dags/example_nested_branch_dag.py
[2024-06-11T16:49:49.810+0200] {logging_mixin.py:188} INFO - [2024-06-11T16:49:49.810+0200] {dag.py:3096} INFO - Sync 1 DAGs
[2024-06-11T16:49:49.817+0200] {logging_mixin.py:188} INFO - [2024-06-11T16:49:49.817+0200] {dag.py:3954} INFO - Setting next_dagrun for example_nested_branch_dag to 2024-06-10 00:00:00+00:00, run_after=2024-06-11 00:00:00+00:00
[2024-06-11T16:49:49.826+0200] {processor.py:183} INFO - Processing /Users/noejalabert/airflow_venv/lib/python3.11/site-packages/airflow/example_dags/example_nested_branch_dag.py took 0.092 seconds
[2024-06-11T16:51:18.939+0200] {processor.py:161} INFO - Started process (PID=6034) to work on /Users/noejalabert/airflow_venv/lib/python3.11/site-packages/airflow/example_dags/example_nested_branch_dag.py
[2024-06-11T16:51:18.940+0200] {processor.py:830} INFO - Processing file /Users/noejalabert/airflow_venv/lib/python3.11/site-packages/airflow/example_dags/example_nested_branch_dag.py for tasks to queue
[2024-06-11T16:51:18.940+0200] {logging_mixin.py:188} INFO - [2024-06-11T16:51:18.940+0200] {dagbag.py:540} INFO - Filling up the DagBag from /Users/noejalabert/airflow_venv/lib/python3.11/site-packages/airflow/example_dags/example_nested_branch_dag.py
[2024-06-11T16:51:18.964+0200] {processor.py:840} INFO - DAG(s) 'example_nested_branch_dag' retrieved from /Users/noejalabert/airflow_venv/lib/python3.11/site-packages/airflow/example_dags/example_nested_branch_dag.py
[2024-06-11T16:51:19.017+0200] {logging_mixin.py:188} INFO - [2024-06-11T16:51:19.017+0200] {dag.py:3096} INFO - Sync 1 DAGs
[2024-06-11T16:51:19.025+0200] {logging_mixin.py:188} INFO - [2024-06-11T16:51:19.025+0200] {dag.py:3954} INFO - Setting next_dagrun for example_nested_branch_dag to 2024-06-10 00:00:00+00:00, run_after=2024-06-11 00:00:00+00:00
[2024-06-11T16:51:19.034+0200] {processor.py:183} INFO - Processing /Users/noejalabert/airflow_venv/lib/python3.11/site-packages/airflow/example_dags/example_nested_branch_dag.py took 0.096 seconds
