[2024-06-11T16:35:07.703+0200] {processor.py:161} INFO - Started process (PID=4920) to work on /Users/noejalabert/airflow_venv/lib/python3.11/site-packages/airflow/example_dags/example_setup_teardown.py
[2024-06-11T16:35:07.704+0200] {processor.py:830} INFO - Processing file /Users/noejalabert/airflow_venv/lib/python3.11/site-packages/airflow/example_dags/example_setup_teardown.py for tasks to queue
[2024-06-11T16:35:07.704+0200] {logging_mixin.py:188} INFO - [2024-06-11T16:35:07.704+0200] {dagbag.py:540} INFO - Filling up the DagBag from /Users/noejalabert/airflow_venv/lib/python3.11/site-packages/airflow/example_dags/example_setup_teardown.py
[2024-06-11T16:35:07.709+0200] {processor.py:840} INFO - DAG(s) 'example_setup_teardown' retrieved from /Users/noejalabert/airflow_venv/lib/python3.11/site-packages/airflow/example_dags/example_setup_teardown.py
[2024-06-11T16:35:07.793+0200] {logging_mixin.py:188} INFO - [2024-06-11T16:35:07.793+0200] {dag.py:3096} INFO - Sync 1 DAGs
[2024-06-11T16:35:07.800+0200] {logging_mixin.py:188} INFO - [2024-06-11T16:35:07.800+0200] {dag.py:3954} INFO - Setting next_dagrun for example_setup_teardown to 2024-06-10 00:00:00+00:00, run_after=2024-06-11 00:00:00+00:00
[2024-06-11T16:35:07.809+0200] {processor.py:183} INFO - Processing /Users/noejalabert/airflow_venv/lib/python3.11/site-packages/airflow/example_dags/example_setup_teardown.py took 0.107 seconds
[2024-06-11T16:36:43.100+0200] {processor.py:161} INFO - Started process (PID=5014) to work on /Users/noejalabert/airflow_venv/lib/python3.11/site-packages/airflow/example_dags/example_setup_teardown.py
[2024-06-11T16:36:43.101+0200] {processor.py:830} INFO - Processing file /Users/noejalabert/airflow_venv/lib/python3.11/site-packages/airflow/example_dags/example_setup_teardown.py for tasks to queue
[2024-06-11T16:36:43.101+0200] {logging_mixin.py:188} INFO - [2024-06-11T16:36:43.101+0200] {dagbag.py:540} INFO - Filling up the DagBag from /Users/noejalabert/airflow_venv/lib/python3.11/site-packages/airflow/example_dags/example_setup_teardown.py
[2024-06-11T16:36:43.105+0200] {processor.py:840} INFO - DAG(s) 'example_setup_teardown' retrieved from /Users/noejalabert/airflow_venv/lib/python3.11/site-packages/airflow/example_dags/example_setup_teardown.py
[2024-06-11T16:36:43.155+0200] {logging_mixin.py:188} INFO - [2024-06-11T16:36:43.155+0200] {dag.py:3096} INFO - Sync 1 DAGs
[2024-06-11T16:36:43.163+0200] {logging_mixin.py:188} INFO - [2024-06-11T16:36:43.162+0200] {dag.py:3954} INFO - Setting next_dagrun for example_setup_teardown to 2024-06-10 00:00:00+00:00, run_after=2024-06-11 00:00:00+00:00
[2024-06-11T16:36:43.170+0200] {processor.py:183} INFO - Processing /Users/noejalabert/airflow_venv/lib/python3.11/site-packages/airflow/example_dags/example_setup_teardown.py took 0.072 seconds
[2024-06-11T16:38:14.444+0200] {processor.py:161} INFO - Started process (PID=5101) to work on /Users/noejalabert/airflow_venv/lib/python3.11/site-packages/airflow/example_dags/example_setup_teardown.py
[2024-06-11T16:38:14.444+0200] {processor.py:830} INFO - Processing file /Users/noejalabert/airflow_venv/lib/python3.11/site-packages/airflow/example_dags/example_setup_teardown.py for tasks to queue
[2024-06-11T16:38:14.445+0200] {logging_mixin.py:188} INFO - [2024-06-11T16:38:14.445+0200] {dagbag.py:540} INFO - Filling up the DagBag from /Users/noejalabert/airflow_venv/lib/python3.11/site-packages/airflow/example_dags/example_setup_teardown.py
[2024-06-11T16:38:14.449+0200] {processor.py:840} INFO - DAG(s) 'example_setup_teardown' retrieved from /Users/noejalabert/airflow_venv/lib/python3.11/site-packages/airflow/example_dags/example_setup_teardown.py
[2024-06-11T16:38:14.499+0200] {logging_mixin.py:188} INFO - [2024-06-11T16:38:14.499+0200] {dag.py:3096} INFO - Sync 1 DAGs
[2024-06-11T16:38:14.506+0200] {logging_mixin.py:188} INFO - [2024-06-11T16:38:14.506+0200] {dag.py:3954} INFO - Setting next_dagrun for example_setup_teardown to 2024-06-10 00:00:00+00:00, run_after=2024-06-11 00:00:00+00:00
[2024-06-11T16:38:14.514+0200] {processor.py:183} INFO - Processing /Users/noejalabert/airflow_venv/lib/python3.11/site-packages/airflow/example_dags/example_setup_teardown.py took 0.072 seconds
[2024-06-11T16:39:44.396+0200] {processor.py:161} INFO - Started process (PID=5183) to work on /Users/noejalabert/airflow_venv/lib/python3.11/site-packages/airflow/example_dags/example_setup_teardown.py
[2024-06-11T16:39:44.397+0200] {processor.py:830} INFO - Processing file /Users/noejalabert/airflow_venv/lib/python3.11/site-packages/airflow/example_dags/example_setup_teardown.py for tasks to queue
[2024-06-11T16:39:44.397+0200] {logging_mixin.py:188} INFO - [2024-06-11T16:39:44.397+0200] {dagbag.py:540} INFO - Filling up the DagBag from /Users/noejalabert/airflow_venv/lib/python3.11/site-packages/airflow/example_dags/example_setup_teardown.py
[2024-06-11T16:39:44.401+0200] {processor.py:840} INFO - DAG(s) 'example_setup_teardown' retrieved from /Users/noejalabert/airflow_venv/lib/python3.11/site-packages/airflow/example_dags/example_setup_teardown.py
[2024-06-11T16:39:44.453+0200] {logging_mixin.py:188} INFO - [2024-06-11T16:39:44.453+0200] {dag.py:3096} INFO - Sync 1 DAGs
[2024-06-11T16:39:44.460+0200] {logging_mixin.py:188} INFO - [2024-06-11T16:39:44.460+0200] {dag.py:3954} INFO - Setting next_dagrun for example_setup_teardown to 2024-06-10 00:00:00+00:00, run_after=2024-06-11 00:00:00+00:00
[2024-06-11T16:39:44.470+0200] {processor.py:183} INFO - Processing /Users/noejalabert/airflow_venv/lib/python3.11/site-packages/airflow/example_dags/example_setup_teardown.py took 0.075 seconds
[2024-06-11T16:41:10.469+0200] {processor.py:161} INFO - Started process (PID=5257) to work on /Users/noejalabert/airflow_venv/lib/python3.11/site-packages/airflow/example_dags/example_setup_teardown.py
[2024-06-11T16:41:10.470+0200] {processor.py:830} INFO - Processing file /Users/noejalabert/airflow_venv/lib/python3.11/site-packages/airflow/example_dags/example_setup_teardown.py for tasks to queue
[2024-06-11T16:41:10.470+0200] {logging_mixin.py:188} INFO - [2024-06-11T16:41:10.470+0200] {dagbag.py:540} INFO - Filling up the DagBag from /Users/noejalabert/airflow_venv/lib/python3.11/site-packages/airflow/example_dags/example_setup_teardown.py
[2024-06-11T16:41:10.474+0200] {processor.py:840} INFO - DAG(s) 'example_setup_teardown' retrieved from /Users/noejalabert/airflow_venv/lib/python3.11/site-packages/airflow/example_dags/example_setup_teardown.py
[2024-06-11T16:41:10.527+0200] {logging_mixin.py:188} INFO - [2024-06-11T16:41:10.527+0200] {dag.py:3096} INFO - Sync 1 DAGs
[2024-06-11T16:41:10.536+0200] {logging_mixin.py:188} INFO - [2024-06-11T16:41:10.536+0200] {dag.py:3954} INFO - Setting next_dagrun for example_setup_teardown to 2024-06-10 00:00:00+00:00, run_after=2024-06-11 00:00:00+00:00
[2024-06-11T16:41:10.545+0200] {processor.py:183} INFO - Processing /Users/noejalabert/airflow_venv/lib/python3.11/site-packages/airflow/example_dags/example_setup_teardown.py took 0.078 seconds
[2024-06-11T16:42:41.628+0200] {processor.py:161} INFO - Started process (PID=5401) to work on /Users/noejalabert/airflow_venv/lib/python3.11/site-packages/airflow/example_dags/example_setup_teardown.py
[2024-06-11T16:42:41.629+0200] {processor.py:830} INFO - Processing file /Users/noejalabert/airflow_venv/lib/python3.11/site-packages/airflow/example_dags/example_setup_teardown.py for tasks to queue
[2024-06-11T16:42:41.629+0200] {logging_mixin.py:188} INFO - [2024-06-11T16:42:41.629+0200] {dagbag.py:540} INFO - Filling up the DagBag from /Users/noejalabert/airflow_venv/lib/python3.11/site-packages/airflow/example_dags/example_setup_teardown.py
[2024-06-11T16:42:41.633+0200] {processor.py:840} INFO - DAG(s) 'example_setup_teardown' retrieved from /Users/noejalabert/airflow_venv/lib/python3.11/site-packages/airflow/example_dags/example_setup_teardown.py
[2024-06-11T16:42:41.683+0200] {logging_mixin.py:188} INFO - [2024-06-11T16:42:41.683+0200] {dag.py:3096} INFO - Sync 1 DAGs
[2024-06-11T16:42:41.691+0200] {logging_mixin.py:188} INFO - [2024-06-11T16:42:41.691+0200] {dag.py:3954} INFO - Setting next_dagrun for example_setup_teardown to 2024-06-10 00:00:00+00:00, run_after=2024-06-11 00:00:00+00:00
[2024-06-11T16:42:41.700+0200] {processor.py:183} INFO - Processing /Users/noejalabert/airflow_venv/lib/python3.11/site-packages/airflow/example_dags/example_setup_teardown.py took 0.074 seconds
[2024-06-11T16:45:08.053+0200] {processor.py:161} INFO - Started process (PID=5576) to work on /Users/noejalabert/airflow_venv/lib/python3.11/site-packages/airflow/example_dags/example_setup_teardown.py
[2024-06-11T16:45:08.054+0200] {processor.py:830} INFO - Processing file /Users/noejalabert/airflow_venv/lib/python3.11/site-packages/airflow/example_dags/example_setup_teardown.py for tasks to queue
[2024-06-11T16:45:08.054+0200] {logging_mixin.py:188} INFO - [2024-06-11T16:45:08.054+0200] {dagbag.py:540} INFO - Filling up the DagBag from /Users/noejalabert/airflow_venv/lib/python3.11/site-packages/airflow/example_dags/example_setup_teardown.py
[2024-06-11T16:45:08.058+0200] {processor.py:840} INFO - DAG(s) 'example_setup_teardown' retrieved from /Users/noejalabert/airflow_venv/lib/python3.11/site-packages/airflow/example_dags/example_setup_teardown.py
[2024-06-11T16:45:08.143+0200] {logging_mixin.py:188} INFO - [2024-06-11T16:45:08.143+0200] {dag.py:3096} INFO - Sync 1 DAGs
[2024-06-11T16:45:08.150+0200] {logging_mixin.py:188} INFO - [2024-06-11T16:45:08.150+0200] {dag.py:3954} INFO - Setting next_dagrun for example_setup_teardown to 2024-06-10 00:00:00+00:00, run_after=2024-06-11 00:00:00+00:00
[2024-06-11T16:45:08.159+0200] {processor.py:183} INFO - Processing /Users/noejalabert/airflow_venv/lib/python3.11/site-packages/airflow/example_dags/example_setup_teardown.py took 0.108 seconds
[2024-06-11T16:46:41.801+0200] {processor.py:161} INFO - Started process (PID=5704) to work on /Users/noejalabert/airflow_venv/lib/python3.11/site-packages/airflow/example_dags/example_setup_teardown.py
[2024-06-11T16:46:41.802+0200] {processor.py:830} INFO - Processing file /Users/noejalabert/airflow_venv/lib/python3.11/site-packages/airflow/example_dags/example_setup_teardown.py for tasks to queue
[2024-06-11T16:46:41.802+0200] {logging_mixin.py:188} INFO - [2024-06-11T16:46:41.802+0200] {dagbag.py:540} INFO - Filling up the DagBag from /Users/noejalabert/airflow_venv/lib/python3.11/site-packages/airflow/example_dags/example_setup_teardown.py
[2024-06-11T16:46:41.805+0200] {processor.py:840} INFO - DAG(s) 'example_setup_teardown' retrieved from /Users/noejalabert/airflow_venv/lib/python3.11/site-packages/airflow/example_dags/example_setup_teardown.py
[2024-06-11T16:46:41.855+0200] {logging_mixin.py:188} INFO - [2024-06-11T16:46:41.855+0200] {dag.py:3096} INFO - Sync 1 DAGs
[2024-06-11T16:46:41.863+0200] {logging_mixin.py:188} INFO - [2024-06-11T16:46:41.863+0200] {dag.py:3954} INFO - Setting next_dagrun for example_setup_teardown to 2024-06-10 00:00:00+00:00, run_after=2024-06-11 00:00:00+00:00
[2024-06-11T16:46:41.871+0200] {processor.py:183} INFO - Processing /Users/noejalabert/airflow_venv/lib/python3.11/site-packages/airflow/example_dags/example_setup_teardown.py took 0.071 seconds
[2024-06-11T16:48:08.185+0200] {processor.py:161} INFO - Started process (PID=5804) to work on /Users/noejalabert/airflow_venv/lib/python3.11/site-packages/airflow/example_dags/example_setup_teardown.py
[2024-06-11T16:48:08.187+0200] {processor.py:830} INFO - Processing file /Users/noejalabert/airflow_venv/lib/python3.11/site-packages/airflow/example_dags/example_setup_teardown.py for tasks to queue
[2024-06-11T16:48:08.188+0200] {logging_mixin.py:188} INFO - [2024-06-11T16:48:08.187+0200] {dagbag.py:540} INFO - Filling up the DagBag from /Users/noejalabert/airflow_venv/lib/python3.11/site-packages/airflow/example_dags/example_setup_teardown.py
[2024-06-11T16:48:08.191+0200] {processor.py:840} INFO - DAG(s) 'example_setup_teardown' retrieved from /Users/noejalabert/airflow_venv/lib/python3.11/site-packages/airflow/example_dags/example_setup_teardown.py
[2024-06-11T16:48:08.242+0200] {logging_mixin.py:188} INFO - [2024-06-11T16:48:08.242+0200] {dag.py:3096} INFO - Sync 1 DAGs
[2024-06-11T16:48:08.249+0200] {logging_mixin.py:188} INFO - [2024-06-11T16:48:08.249+0200] {dag.py:3954} INFO - Setting next_dagrun for example_setup_teardown to 2024-06-10 00:00:00+00:00, run_after=2024-06-11 00:00:00+00:00
[2024-06-11T16:48:08.257+0200] {processor.py:183} INFO - Processing /Users/noejalabert/airflow_venv/lib/python3.11/site-packages/airflow/example_dags/example_setup_teardown.py took 0.073 seconds
[2024-06-11T16:49:27.654+0200] {processor.py:161} INFO - Started process (PID=5899) to work on /Users/noejalabert/airflow_venv/lib/python3.11/site-packages/airflow/example_dags/example_setup_teardown.py
[2024-06-11T16:49:27.655+0200] {processor.py:830} INFO - Processing file /Users/noejalabert/airflow_venv/lib/python3.11/site-packages/airflow/example_dags/example_setup_teardown.py for tasks to queue
[2024-06-11T16:49:27.656+0200] {logging_mixin.py:188} INFO - [2024-06-11T16:49:27.656+0200] {dagbag.py:540} INFO - Filling up the DagBag from /Users/noejalabert/airflow_venv/lib/python3.11/site-packages/airflow/example_dags/example_setup_teardown.py
[2024-06-11T16:49:27.660+0200] {processor.py:840} INFO - DAG(s) 'example_setup_teardown' retrieved from /Users/noejalabert/airflow_venv/lib/python3.11/site-packages/airflow/example_dags/example_setup_teardown.py
[2024-06-11T16:49:27.708+0200] {logging_mixin.py:188} INFO - [2024-06-11T16:49:27.707+0200] {dag.py:3096} INFO - Sync 1 DAGs
[2024-06-11T16:49:27.715+0200] {logging_mixin.py:188} INFO - [2024-06-11T16:49:27.715+0200] {dag.py:3954} INFO - Setting next_dagrun for example_setup_teardown to 2024-06-10 00:00:00+00:00, run_after=2024-06-11 00:00:00+00:00
[2024-06-11T16:49:27.723+0200] {processor.py:183} INFO - Processing /Users/noejalabert/airflow_venv/lib/python3.11/site-packages/airflow/example_dags/example_setup_teardown.py took 0.070 seconds
[2024-06-11T16:51:04.111+0200] {processor.py:161} INFO - Started process (PID=6018) to work on /Users/noejalabert/airflow_venv/lib/python3.11/site-packages/airflow/example_dags/example_setup_teardown.py
[2024-06-11T16:51:04.113+0200] {processor.py:830} INFO - Processing file /Users/noejalabert/airflow_venv/lib/python3.11/site-packages/airflow/example_dags/example_setup_teardown.py for tasks to queue
[2024-06-11T16:51:04.113+0200] {logging_mixin.py:188} INFO - [2024-06-11T16:51:04.113+0200] {dagbag.py:540} INFO - Filling up the DagBag from /Users/noejalabert/airflow_venv/lib/python3.11/site-packages/airflow/example_dags/example_setup_teardown.py
[2024-06-11T16:51:04.117+0200] {processor.py:840} INFO - DAG(s) 'example_setup_teardown' retrieved from /Users/noejalabert/airflow_venv/lib/python3.11/site-packages/airflow/example_dags/example_setup_teardown.py
[2024-06-11T16:51:04.165+0200] {logging_mixin.py:188} INFO - [2024-06-11T16:51:04.165+0200] {dag.py:3096} INFO - Sync 1 DAGs
[2024-06-11T16:51:04.173+0200] {logging_mixin.py:188} INFO - [2024-06-11T16:51:04.173+0200] {dag.py:3954} INFO - Setting next_dagrun for example_setup_teardown to 2024-06-10 00:00:00+00:00, run_after=2024-06-11 00:00:00+00:00
[2024-06-11T16:51:04.180+0200] {processor.py:183} INFO - Processing /Users/noejalabert/airflow_venv/lib/python3.11/site-packages/airflow/example_dags/example_setup_teardown.py took 0.070 seconds
