[2024-06-11T16:34:51.060+0200] {processor.py:161} INFO - Started process (PID=4905) to work on /Users/noejalabert/airflow_venv/lib/python3.11/site-packages/airflow/example_dags/example_time_delta_sensor_async.py
[2024-06-11T16:34:51.060+0200] {processor.py:830} INFO - Processing file /Users/noejalabert/airflow_venv/lib/python3.11/site-packages/airflow/example_dags/example_time_delta_sensor_async.py for tasks to queue
[2024-06-11T16:34:51.061+0200] {logging_mixin.py:188} INFO - [2024-06-11T16:34:51.060+0200] {dagbag.py:540} INFO - Filling up the DagBag from /Users/noejalabert/airflow_venv/lib/python3.11/site-packages/airflow/example_dags/example_time_delta_sensor_async.py
[2024-06-11T16:34:51.064+0200] {processor.py:840} INFO - DAG(s) 'example_time_delta_sensor_async' retrieved from /Users/noejalabert/airflow_venv/lib/python3.11/site-packages/airflow/example_dags/example_time_delta_sensor_async.py
[2024-06-11T16:34:51.150+0200] {logging_mixin.py:188} INFO - [2024-06-11T16:34:51.149+0200] {dag.py:3096} INFO - Sync 1 DAGs
[2024-06-11T16:34:51.153+0200] {logging_mixin.py:188} INFO - [2024-06-11T16:34:51.153+0200] {dag.py:3954} INFO - Setting next_dagrun for example_time_delta_sensor_async to None, run_after=None
[2024-06-11T16:34:51.161+0200] {processor.py:183} INFO - Processing /Users/noejalabert/airflow_venv/lib/python3.11/site-packages/airflow/example_dags/example_time_delta_sensor_async.py took 0.103 seconds
[2024-06-11T16:36:26.939+0200] {processor.py:161} INFO - Started process (PID=4997) to work on /Users/noejalabert/airflow_venv/lib/python3.11/site-packages/airflow/example_dags/example_time_delta_sensor_async.py
[2024-06-11T16:36:26.941+0200] {processor.py:830} INFO - Processing file /Users/noejalabert/airflow_venv/lib/python3.11/site-packages/airflow/example_dags/example_time_delta_sensor_async.py for tasks to queue
[2024-06-11T16:36:26.941+0200] {logging_mixin.py:188} INFO - [2024-06-11T16:36:26.941+0200] {dagbag.py:540} INFO - Filling up the DagBag from /Users/noejalabert/airflow_venv/lib/python3.11/site-packages/airflow/example_dags/example_time_delta_sensor_async.py
[2024-06-11T16:36:26.945+0200] {processor.py:840} INFO - DAG(s) 'example_time_delta_sensor_async' retrieved from /Users/noejalabert/airflow_venv/lib/python3.11/site-packages/airflow/example_dags/example_time_delta_sensor_async.py
[2024-06-11T16:36:26.999+0200] {logging_mixin.py:188} INFO - [2024-06-11T16:36:26.999+0200] {dag.py:3096} INFO - Sync 1 DAGs
[2024-06-11T16:36:27.004+0200] {logging_mixin.py:188} INFO - [2024-06-11T16:36:27.004+0200] {dag.py:3954} INFO - Setting next_dagrun for example_time_delta_sensor_async to None, run_after=None
[2024-06-11T16:36:27.012+0200] {processor.py:183} INFO - Processing /Users/noejalabert/airflow_venv/lib/python3.11/site-packages/airflow/example_dags/example_time_delta_sensor_async.py took 0.074 seconds
[2024-06-11T16:37:57.265+0200] {processor.py:161} INFO - Started process (PID=5083) to work on /Users/noejalabert/airflow_venv/lib/python3.11/site-packages/airflow/example_dags/example_time_delta_sensor_async.py
[2024-06-11T16:37:57.265+0200] {processor.py:830} INFO - Processing file /Users/noejalabert/airflow_venv/lib/python3.11/site-packages/airflow/example_dags/example_time_delta_sensor_async.py for tasks to queue
[2024-06-11T16:37:57.265+0200] {logging_mixin.py:188} INFO - [2024-06-11T16:37:57.265+0200] {dagbag.py:540} INFO - Filling up the DagBag from /Users/noejalabert/airflow_venv/lib/python3.11/site-packages/airflow/example_dags/example_time_delta_sensor_async.py
[2024-06-11T16:37:57.270+0200] {processor.py:840} INFO - DAG(s) 'example_time_delta_sensor_async' retrieved from /Users/noejalabert/airflow_venv/lib/python3.11/site-packages/airflow/example_dags/example_time_delta_sensor_async.py
[2024-06-11T16:37:57.324+0200] {logging_mixin.py:188} INFO - [2024-06-11T16:37:57.324+0200] {dag.py:3096} INFO - Sync 1 DAGs
[2024-06-11T16:37:57.328+0200] {logging_mixin.py:188} INFO - [2024-06-11T16:37:57.328+0200] {dag.py:3954} INFO - Setting next_dagrun for example_time_delta_sensor_async to None, run_after=None
[2024-06-11T16:37:57.336+0200] {processor.py:183} INFO - Processing /Users/noejalabert/airflow_venv/lib/python3.11/site-packages/airflow/example_dags/example_time_delta_sensor_async.py took 0.073 seconds
[2024-06-11T16:39:28.257+0200] {processor.py:161} INFO - Started process (PID=5170) to work on /Users/noejalabert/airflow_venv/lib/python3.11/site-packages/airflow/example_dags/example_time_delta_sensor_async.py
[2024-06-11T16:39:28.258+0200] {processor.py:830} INFO - Processing file /Users/noejalabert/airflow_venv/lib/python3.11/site-packages/airflow/example_dags/example_time_delta_sensor_async.py for tasks to queue
[2024-06-11T16:39:28.258+0200] {logging_mixin.py:188} INFO - [2024-06-11T16:39:28.258+0200] {dagbag.py:540} INFO - Filling up the DagBag from /Users/noejalabert/airflow_venv/lib/python3.11/site-packages/airflow/example_dags/example_time_delta_sensor_async.py
[2024-06-11T16:39:28.261+0200] {processor.py:840} INFO - DAG(s) 'example_time_delta_sensor_async' retrieved from /Users/noejalabert/airflow_venv/lib/python3.11/site-packages/airflow/example_dags/example_time_delta_sensor_async.py
[2024-06-11T16:39:28.313+0200] {logging_mixin.py:188} INFO - [2024-06-11T16:39:28.313+0200] {dag.py:3096} INFO - Sync 1 DAGs
[2024-06-11T16:39:28.319+0200] {logging_mixin.py:188} INFO - [2024-06-11T16:39:28.318+0200] {dag.py:3954} INFO - Setting next_dagrun for example_time_delta_sensor_async to None, run_after=None
[2024-06-11T16:39:28.327+0200] {processor.py:183} INFO - Processing /Users/noejalabert/airflow_venv/lib/python3.11/site-packages/airflow/example_dags/example_time_delta_sensor_async.py took 0.072 seconds
[2024-06-11T16:40:53.963+0200] {processor.py:161} INFO - Started process (PID=5238) to work on /Users/noejalabert/airflow_venv/lib/python3.11/site-packages/airflow/example_dags/example_time_delta_sensor_async.py
[2024-06-11T16:40:53.963+0200] {processor.py:830} INFO - Processing file /Users/noejalabert/airflow_venv/lib/python3.11/site-packages/airflow/example_dags/example_time_delta_sensor_async.py for tasks to queue
[2024-06-11T16:40:53.964+0200] {logging_mixin.py:188} INFO - [2024-06-11T16:40:53.963+0200] {dagbag.py:540} INFO - Filling up the DagBag from /Users/noejalabert/airflow_venv/lib/python3.11/site-packages/airflow/example_dags/example_time_delta_sensor_async.py
[2024-06-11T16:40:53.967+0200] {processor.py:840} INFO - DAG(s) 'example_time_delta_sensor_async' retrieved from /Users/noejalabert/airflow_venv/lib/python3.11/site-packages/airflow/example_dags/example_time_delta_sensor_async.py
[2024-06-11T16:40:54.019+0200] {logging_mixin.py:188} INFO - [2024-06-11T16:40:54.019+0200] {dag.py:3096} INFO - Sync 1 DAGs
[2024-06-11T16:40:54.024+0200] {logging_mixin.py:188} INFO - [2024-06-11T16:40:54.023+0200] {dag.py:3954} INFO - Setting next_dagrun for example_time_delta_sensor_async to None, run_after=None
[2024-06-11T16:40:54.032+0200] {processor.py:183} INFO - Processing /Users/noejalabert/airflow_venv/lib/python3.11/site-packages/airflow/example_dags/example_time_delta_sensor_async.py took 0.070 seconds
[2024-06-11T16:42:24.757+0200] {processor.py:161} INFO - Started process (PID=5384) to work on /Users/noejalabert/airflow_venv/lib/python3.11/site-packages/airflow/example_dags/example_time_delta_sensor_async.py
[2024-06-11T16:42:24.759+0200] {processor.py:830} INFO - Processing file /Users/noejalabert/airflow_venv/lib/python3.11/site-packages/airflow/example_dags/example_time_delta_sensor_async.py for tasks to queue
[2024-06-11T16:42:24.759+0200] {logging_mixin.py:188} INFO - [2024-06-11T16:42:24.759+0200] {dagbag.py:540} INFO - Filling up the DagBag from /Users/noejalabert/airflow_venv/lib/python3.11/site-packages/airflow/example_dags/example_time_delta_sensor_async.py
[2024-06-11T16:42:24.763+0200] {processor.py:840} INFO - DAG(s) 'example_time_delta_sensor_async' retrieved from /Users/noejalabert/airflow_venv/lib/python3.11/site-packages/airflow/example_dags/example_time_delta_sensor_async.py
[2024-06-11T16:42:24.815+0200] {logging_mixin.py:188} INFO - [2024-06-11T16:42:24.815+0200] {dag.py:3096} INFO - Sync 1 DAGs
[2024-06-11T16:42:24.820+0200] {logging_mixin.py:188} INFO - [2024-06-11T16:42:24.819+0200] {dag.py:3954} INFO - Setting next_dagrun for example_time_delta_sensor_async to None, run_after=None
[2024-06-11T16:42:24.828+0200] {processor.py:183} INFO - Processing /Users/noejalabert/airflow_venv/lib/python3.11/site-packages/airflow/example_dags/example_time_delta_sensor_async.py took 0.072 seconds
[2024-06-11T16:44:46.075+0200] {processor.py:161} INFO - Started process (PID=5553) to work on /Users/noejalabert/airflow_venv/lib/python3.11/site-packages/airflow/example_dags/example_time_delta_sensor_async.py
[2024-06-11T16:44:46.077+0200] {processor.py:830} INFO - Processing file /Users/noejalabert/airflow_venv/lib/python3.11/site-packages/airflow/example_dags/example_time_delta_sensor_async.py for tasks to queue
[2024-06-11T16:44:46.077+0200] {logging_mixin.py:188} INFO - [2024-06-11T16:44:46.077+0200] {dagbag.py:540} INFO - Filling up the DagBag from /Users/noejalabert/airflow_venv/lib/python3.11/site-packages/airflow/example_dags/example_time_delta_sensor_async.py
[2024-06-11T16:44:46.081+0200] {processor.py:840} INFO - DAG(s) 'example_time_delta_sensor_async' retrieved from /Users/noejalabert/airflow_venv/lib/python3.11/site-packages/airflow/example_dags/example_time_delta_sensor_async.py
[2024-06-11T16:44:46.188+0200] {logging_mixin.py:188} INFO - [2024-06-11T16:44:46.188+0200] {dag.py:3096} INFO - Sync 1 DAGs
[2024-06-11T16:44:46.195+0200] {logging_mixin.py:188} INFO - [2024-06-11T16:44:46.195+0200] {dag.py:3954} INFO - Setting next_dagrun for example_time_delta_sensor_async to None, run_after=None
[2024-06-11T16:44:46.203+0200] {processor.py:183} INFO - Processing /Users/noejalabert/airflow_venv/lib/python3.11/site-packages/airflow/example_dags/example_time_delta_sensor_async.py took 0.129 seconds
[2024-06-11T16:46:25.911+0200] {processor.py:161} INFO - Started process (PID=5691) to work on /Users/noejalabert/airflow_venv/lib/python3.11/site-packages/airflow/example_dags/example_time_delta_sensor_async.py
[2024-06-11T16:46:25.911+0200] {processor.py:830} INFO - Processing file /Users/noejalabert/airflow_venv/lib/python3.11/site-packages/airflow/example_dags/example_time_delta_sensor_async.py for tasks to queue
[2024-06-11T16:46:25.912+0200] {logging_mixin.py:188} INFO - [2024-06-11T16:46:25.912+0200] {dagbag.py:540} INFO - Filling up the DagBag from /Users/noejalabert/airflow_venv/lib/python3.11/site-packages/airflow/example_dags/example_time_delta_sensor_async.py
[2024-06-11T16:46:25.915+0200] {processor.py:840} INFO - DAG(s) 'example_time_delta_sensor_async' retrieved from /Users/noejalabert/airflow_venv/lib/python3.11/site-packages/airflow/example_dags/example_time_delta_sensor_async.py
[2024-06-11T16:46:25.972+0200] {logging_mixin.py:188} INFO - [2024-06-11T16:46:25.972+0200] {dag.py:3096} INFO - Sync 1 DAGs
[2024-06-11T16:46:25.977+0200] {logging_mixin.py:188} INFO - [2024-06-11T16:46:25.977+0200] {dag.py:3954} INFO - Setting next_dagrun for example_time_delta_sensor_async to None, run_after=None
[2024-06-11T16:46:25.985+0200] {processor.py:183} INFO - Processing /Users/noejalabert/airflow_venv/lib/python3.11/site-packages/airflow/example_dags/example_time_delta_sensor_async.py took 0.076 seconds
[2024-06-11T16:47:52.182+0200] {processor.py:161} INFO - Started process (PID=5793) to work on /Users/noejalabert/airflow_venv/lib/python3.11/site-packages/airflow/example_dags/example_time_delta_sensor_async.py
[2024-06-11T16:47:52.183+0200] {processor.py:830} INFO - Processing file /Users/noejalabert/airflow_venv/lib/python3.11/site-packages/airflow/example_dags/example_time_delta_sensor_async.py for tasks to queue
[2024-06-11T16:47:52.184+0200] {logging_mixin.py:188} INFO - [2024-06-11T16:47:52.184+0200] {dagbag.py:540} INFO - Filling up the DagBag from /Users/noejalabert/airflow_venv/lib/python3.11/site-packages/airflow/example_dags/example_time_delta_sensor_async.py
[2024-06-11T16:47:52.187+0200] {processor.py:840} INFO - DAG(s) 'example_time_delta_sensor_async' retrieved from /Users/noejalabert/airflow_venv/lib/python3.11/site-packages/airflow/example_dags/example_time_delta_sensor_async.py
[2024-06-11T16:47:52.239+0200] {logging_mixin.py:188} INFO - [2024-06-11T16:47:52.239+0200] {dag.py:3096} INFO - Sync 1 DAGs
[2024-06-11T16:47:52.243+0200] {logging_mixin.py:188} INFO - [2024-06-11T16:47:52.243+0200] {dag.py:3954} INFO - Setting next_dagrun for example_time_delta_sensor_async to None, run_after=None
[2024-06-11T16:47:52.253+0200] {processor.py:183} INFO - Processing /Users/noejalabert/airflow_venv/lib/python3.11/site-packages/airflow/example_dags/example_time_delta_sensor_async.py took 0.073 seconds
[2024-06-11T16:49:15.014+0200] {processor.py:161} INFO - Started process (PID=5888) to work on /Users/noejalabert/airflow_venv/lib/python3.11/site-packages/airflow/example_dags/example_time_delta_sensor_async.py
[2024-06-11T16:49:15.019+0200] {processor.py:830} INFO - Processing file /Users/noejalabert/airflow_venv/lib/python3.11/site-packages/airflow/example_dags/example_time_delta_sensor_async.py for tasks to queue
[2024-06-11T16:49:15.023+0200] {logging_mixin.py:188} INFO - [2024-06-11T16:49:15.021+0200] {dagbag.py:540} INFO - Filling up the DagBag from /Users/noejalabert/airflow_venv/lib/python3.11/site-packages/airflow/example_dags/example_time_delta_sensor_async.py
[2024-06-11T16:49:15.035+0200] {processor.py:840} INFO - DAG(s) 'example_time_delta_sensor_async' retrieved from /Users/noejalabert/airflow_venv/lib/python3.11/site-packages/airflow/example_dags/example_time_delta_sensor_async.py
[2024-06-11T16:49:15.130+0200] {logging_mixin.py:188} INFO - [2024-06-11T16:49:15.129+0200] {dag.py:3096} INFO - Sync 1 DAGs
[2024-06-11T16:49:15.136+0200] {logging_mixin.py:188} INFO - [2024-06-11T16:49:15.135+0200] {dag.py:3954} INFO - Setting next_dagrun for example_time_delta_sensor_async to None, run_after=None
[2024-06-11T16:49:15.145+0200] {processor.py:183} INFO - Processing /Users/noejalabert/airflow_venv/lib/python3.11/site-packages/airflow/example_dags/example_time_delta_sensor_async.py took 0.144 seconds
[2024-06-11T16:50:48.282+0200] {processor.py:161} INFO - Started process (PID=5986) to work on /Users/noejalabert/airflow_venv/lib/python3.11/site-packages/airflow/example_dags/example_time_delta_sensor_async.py
[2024-06-11T16:50:48.283+0200] {processor.py:830} INFO - Processing file /Users/noejalabert/airflow_venv/lib/python3.11/site-packages/airflow/example_dags/example_time_delta_sensor_async.py for tasks to queue
[2024-06-11T16:50:48.283+0200] {logging_mixin.py:188} INFO - [2024-06-11T16:50:48.283+0200] {dagbag.py:540} INFO - Filling up the DagBag from /Users/noejalabert/airflow_venv/lib/python3.11/site-packages/airflow/example_dags/example_time_delta_sensor_async.py
[2024-06-11T16:50:48.286+0200] {processor.py:840} INFO - DAG(s) 'example_time_delta_sensor_async' retrieved from /Users/noejalabert/airflow_venv/lib/python3.11/site-packages/airflow/example_dags/example_time_delta_sensor_async.py
[2024-06-11T16:50:48.340+0200] {logging_mixin.py:188} INFO - [2024-06-11T16:50:48.340+0200] {dag.py:3096} INFO - Sync 1 DAGs
[2024-06-11T16:50:48.344+0200] {logging_mixin.py:188} INFO - [2024-06-11T16:50:48.344+0200] {dag.py:3954} INFO - Setting next_dagrun for example_time_delta_sensor_async to None, run_after=None
[2024-06-11T16:50:48.352+0200] {processor.py:183} INFO - Processing /Users/noejalabert/airflow_venv/lib/python3.11/site-packages/airflow/example_dags/example_time_delta_sensor_async.py took 0.071 seconds
[2024-06-11T16:53:32.284+0200] {processor.py:161} INFO - Started process (PID=6310) to work on /Users/noejalabert/airflow_venv/lib/python3.11/site-packages/airflow/example_dags/example_time_delta_sensor_async.py
[2024-06-11T16:53:32.285+0200] {processor.py:830} INFO - Processing file /Users/noejalabert/airflow_venv/lib/python3.11/site-packages/airflow/example_dags/example_time_delta_sensor_async.py for tasks to queue
[2024-06-11T16:53:32.286+0200] {logging_mixin.py:188} INFO - [2024-06-11T16:53:32.286+0200] {dagbag.py:540} INFO - Filling up the DagBag from /Users/noejalabert/airflow_venv/lib/python3.11/site-packages/airflow/example_dags/example_time_delta_sensor_async.py
[2024-06-11T16:53:32.289+0200] {processor.py:840} INFO - DAG(s) 'example_time_delta_sensor_async' retrieved from /Users/noejalabert/airflow_venv/lib/python3.11/site-packages/airflow/example_dags/example_time_delta_sensor_async.py
[2024-06-11T16:53:32.388+0200] {logging_mixin.py:188} INFO - [2024-06-11T16:53:32.387+0200] {dag.py:3096} INFO - Sync 1 DAGs
[2024-06-11T16:53:32.391+0200] {logging_mixin.py:188} INFO - [2024-06-11T16:53:32.391+0200] {dag.py:3954} INFO - Setting next_dagrun for example_time_delta_sensor_async to None, run_after=None
[2024-06-11T16:53:32.399+0200] {processor.py:183} INFO - Processing /Users/noejalabert/airflow_venv/lib/python3.11/site-packages/airflow/example_dags/example_time_delta_sensor_async.py took 0.116 seconds
[2024-06-11T16:55:13.836+0200] {processor.py:161} INFO - Started process (PID=6420) to work on /Users/noejalabert/airflow_venv/lib/python3.11/site-packages/airflow/example_dags/example_time_delta_sensor_async.py
[2024-06-11T16:55:13.837+0200] {processor.py:830} INFO - Processing file /Users/noejalabert/airflow_venv/lib/python3.11/site-packages/airflow/example_dags/example_time_delta_sensor_async.py for tasks to queue
[2024-06-11T16:55:13.838+0200] {logging_mixin.py:188} INFO - [2024-06-11T16:55:13.838+0200] {dagbag.py:540} INFO - Filling up the DagBag from /Users/noejalabert/airflow_venv/lib/python3.11/site-packages/airflow/example_dags/example_time_delta_sensor_async.py
[2024-06-11T16:55:13.842+0200] {processor.py:840} INFO - DAG(s) 'example_time_delta_sensor_async' retrieved from /Users/noejalabert/airflow_venv/lib/python3.11/site-packages/airflow/example_dags/example_time_delta_sensor_async.py
[2024-06-11T16:55:13.899+0200] {logging_mixin.py:188} INFO - [2024-06-11T16:55:13.899+0200] {dag.py:3096} INFO - Sync 1 DAGs
[2024-06-11T16:55:13.904+0200] {logging_mixin.py:188} INFO - [2024-06-11T16:55:13.904+0200] {dag.py:3954} INFO - Setting next_dagrun for example_time_delta_sensor_async to None, run_after=None
[2024-06-11T16:55:13.913+0200] {processor.py:183} INFO - Processing /Users/noejalabert/airflow_venv/lib/python3.11/site-packages/airflow/example_dags/example_time_delta_sensor_async.py took 0.078 seconds
