[2024-06-11T16:35:25.795+0200] {processor.py:161} INFO - Started process (PID=4939) to work on /Users/noejalabert/airflow_venv/lib/python3.11/site-packages/airflow/example_dags/example_latest_only_with_trigger.py
[2024-06-11T16:35:25.796+0200] {processor.py:830} INFO - Processing file /Users/noejalabert/airflow_venv/lib/python3.11/site-packages/airflow/example_dags/example_latest_only_with_trigger.py for tasks to queue
[2024-06-11T16:35:25.796+0200] {logging_mixin.py:188} INFO - [2024-06-11T16:35:25.796+0200] {dagbag.py:540} INFO - Filling up the DagBag from /Users/noejalabert/airflow_venv/lib/python3.11/site-packages/airflow/example_dags/example_latest_only_with_trigger.py
[2024-06-11T16:35:25.801+0200] {processor.py:840} INFO - DAG(s) 'latest_only_with_trigger' retrieved from /Users/noejalabert/airflow_venv/lib/python3.11/site-packages/airflow/example_dags/example_latest_only_with_trigger.py
[2024-06-11T16:35:25.893+0200] {logging_mixin.py:188} INFO - [2024-06-11T16:35:25.892+0200] {dag.py:3096} INFO - Sync 1 DAGs
[2024-06-11T16:35:25.899+0200] {logging_mixin.py:188} INFO - [2024-06-11T16:35:25.899+0200] {dag.py:3954} INFO - Setting next_dagrun for latest_only_with_trigger to 2024-06-11 08:00:00+00:00, run_after=2024-06-11 12:00:00+00:00
[2024-06-11T16:35:25.908+0200] {processor.py:183} INFO - Processing /Users/noejalabert/airflow_venv/lib/python3.11/site-packages/airflow/example_dags/example_latest_only_with_trigger.py took 0.115 seconds
[2024-06-11T16:37:00.918+0200] {processor.py:161} INFO - Started process (PID=5027) to work on /Users/noejalabert/airflow_venv/lib/python3.11/site-packages/airflow/example_dags/example_latest_only_with_trigger.py
[2024-06-11T16:37:00.919+0200] {processor.py:830} INFO - Processing file /Users/noejalabert/airflow_venv/lib/python3.11/site-packages/airflow/example_dags/example_latest_only_with_trigger.py for tasks to queue
[2024-06-11T16:37:00.919+0200] {logging_mixin.py:188} INFO - [2024-06-11T16:37:00.919+0200] {dagbag.py:540} INFO - Filling up the DagBag from /Users/noejalabert/airflow_venv/lib/python3.11/site-packages/airflow/example_dags/example_latest_only_with_trigger.py
[2024-06-11T16:37:00.923+0200] {processor.py:840} INFO - DAG(s) 'latest_only_with_trigger' retrieved from /Users/noejalabert/airflow_venv/lib/python3.11/site-packages/airflow/example_dags/example_latest_only_with_trigger.py
[2024-06-11T16:37:00.977+0200] {logging_mixin.py:188} INFO - [2024-06-11T16:37:00.976+0200] {dag.py:3096} INFO - Sync 1 DAGs
[2024-06-11T16:37:00.985+0200] {logging_mixin.py:188} INFO - [2024-06-11T16:37:00.985+0200] {dag.py:3954} INFO - Setting next_dagrun for latest_only_with_trigger to 2024-06-11 08:00:00+00:00, run_after=2024-06-11 12:00:00+00:00
[2024-06-11T16:37:00.994+0200] {processor.py:183} INFO - Processing /Users/noejalabert/airflow_venv/lib/python3.11/site-packages/airflow/example_dags/example_latest_only_with_trigger.py took 0.078 seconds
[2024-06-11T16:38:32.312+0200] {processor.py:161} INFO - Started process (PID=5124) to work on /Users/noejalabert/airflow_venv/lib/python3.11/site-packages/airflow/example_dags/example_latest_only_with_trigger.py
[2024-06-11T16:38:32.313+0200] {processor.py:830} INFO - Processing file /Users/noejalabert/airflow_venv/lib/python3.11/site-packages/airflow/example_dags/example_latest_only_with_trigger.py for tasks to queue
[2024-06-11T16:38:32.313+0200] {logging_mixin.py:188} INFO - [2024-06-11T16:38:32.313+0200] {dagbag.py:540} INFO - Filling up the DagBag from /Users/noejalabert/airflow_venv/lib/python3.11/site-packages/airflow/example_dags/example_latest_only_with_trigger.py
[2024-06-11T16:38:32.317+0200] {processor.py:840} INFO - DAG(s) 'latest_only_with_trigger' retrieved from /Users/noejalabert/airflow_venv/lib/python3.11/site-packages/airflow/example_dags/example_latest_only_with_trigger.py
[2024-06-11T16:38:32.371+0200] {logging_mixin.py:188} INFO - [2024-06-11T16:38:32.371+0200] {dag.py:3096} INFO - Sync 1 DAGs
[2024-06-11T16:38:32.379+0200] {logging_mixin.py:188} INFO - [2024-06-11T16:38:32.379+0200] {dag.py:3954} INFO - Setting next_dagrun for latest_only_with_trigger to 2024-06-11 08:00:00+00:00, run_after=2024-06-11 12:00:00+00:00
[2024-06-11T16:38:32.388+0200] {processor.py:183} INFO - Processing /Users/noejalabert/airflow_venv/lib/python3.11/site-packages/airflow/example_dags/example_latest_only_with_trigger.py took 0.077 seconds
[2024-06-11T16:40:00.710+0200] {processor.py:161} INFO - Started process (PID=5201) to work on /Users/noejalabert/airflow_venv/lib/python3.11/site-packages/airflow/example_dags/example_latest_only_with_trigger.py
[2024-06-11T16:40:00.711+0200] {processor.py:830} INFO - Processing file /Users/noejalabert/airflow_venv/lib/python3.11/site-packages/airflow/example_dags/example_latest_only_with_trigger.py for tasks to queue
[2024-06-11T16:40:00.711+0200] {logging_mixin.py:188} INFO - [2024-06-11T16:40:00.711+0200] {dagbag.py:540} INFO - Filling up the DagBag from /Users/noejalabert/airflow_venv/lib/python3.11/site-packages/airflow/example_dags/example_latest_only_with_trigger.py
[2024-06-11T16:40:00.715+0200] {processor.py:840} INFO - DAG(s) 'latest_only_with_trigger' retrieved from /Users/noejalabert/airflow_venv/lib/python3.11/site-packages/airflow/example_dags/example_latest_only_with_trigger.py
[2024-06-11T16:40:00.763+0200] {logging_mixin.py:188} INFO - [2024-06-11T16:40:00.763+0200] {dag.py:3096} INFO - Sync 1 DAGs
[2024-06-11T16:40:00.771+0200] {logging_mixin.py:188} INFO - [2024-06-11T16:40:00.771+0200] {dag.py:3954} INFO - Setting next_dagrun for latest_only_with_trigger to 2024-06-11 08:00:00+00:00, run_after=2024-06-11 12:00:00+00:00
[2024-06-11T16:40:00.778+0200] {processor.py:183} INFO - Processing /Users/noejalabert/airflow_venv/lib/python3.11/site-packages/airflow/example_dags/example_latest_only_with_trigger.py took 0.069 seconds
[2024-06-11T16:41:28.161+0200] {processor.py:161} INFO - Started process (PID=5298) to work on /Users/noejalabert/airflow_venv/lib/python3.11/site-packages/airflow/example_dags/example_latest_only_with_trigger.py
[2024-06-11T16:41:28.162+0200] {processor.py:830} INFO - Processing file /Users/noejalabert/airflow_venv/lib/python3.11/site-packages/airflow/example_dags/example_latest_only_with_trigger.py for tasks to queue
[2024-06-11T16:41:28.162+0200] {logging_mixin.py:188} INFO - [2024-06-11T16:41:28.162+0200] {dagbag.py:540} INFO - Filling up the DagBag from /Users/noejalabert/airflow_venv/lib/python3.11/site-packages/airflow/example_dags/example_latest_only_with_trigger.py
[2024-06-11T16:41:28.165+0200] {processor.py:840} INFO - DAG(s) 'latest_only_with_trigger' retrieved from /Users/noejalabert/airflow_venv/lib/python3.11/site-packages/airflow/example_dags/example_latest_only_with_trigger.py
[2024-06-11T16:41:28.213+0200] {logging_mixin.py:188} INFO - [2024-06-11T16:41:28.213+0200] {dag.py:3096} INFO - Sync 1 DAGs
[2024-06-11T16:41:28.220+0200] {logging_mixin.py:188} INFO - [2024-06-11T16:41:28.220+0200] {dag.py:3954} INFO - Setting next_dagrun for latest_only_with_trigger to 2024-06-11 08:00:00+00:00, run_after=2024-06-11 12:00:00+00:00
[2024-06-11T16:41:28.228+0200] {processor.py:183} INFO - Processing /Users/noejalabert/airflow_venv/lib/python3.11/site-packages/airflow/example_dags/example_latest_only_with_trigger.py took 0.068 seconds
[2024-06-11T16:42:59.905+0200] {processor.py:161} INFO - Started process (PID=5416) to work on /Users/noejalabert/airflow_venv/lib/python3.11/site-packages/airflow/example_dags/example_latest_only_with_trigger.py
[2024-06-11T16:42:59.906+0200] {processor.py:830} INFO - Processing file /Users/noejalabert/airflow_venv/lib/python3.11/site-packages/airflow/example_dags/example_latest_only_with_trigger.py for tasks to queue
[2024-06-11T16:42:59.907+0200] {logging_mixin.py:188} INFO - [2024-06-11T16:42:59.907+0200] {dagbag.py:540} INFO - Filling up the DagBag from /Users/noejalabert/airflow_venv/lib/python3.11/site-packages/airflow/example_dags/example_latest_only_with_trigger.py
[2024-06-11T16:42:59.912+0200] {processor.py:840} INFO - DAG(s) 'latest_only_with_trigger' retrieved from /Users/noejalabert/airflow_venv/lib/python3.11/site-packages/airflow/example_dags/example_latest_only_with_trigger.py
[2024-06-11T16:42:59.968+0200] {logging_mixin.py:188} INFO - [2024-06-11T16:42:59.967+0200] {dag.py:3096} INFO - Sync 1 DAGs
[2024-06-11T16:42:59.976+0200] {logging_mixin.py:188} INFO - [2024-06-11T16:42:59.976+0200] {dag.py:3954} INFO - Setting next_dagrun for latest_only_with_trigger to 2024-06-11 08:00:00+00:00, run_after=2024-06-11 12:00:00+00:00
[2024-06-11T16:42:59.984+0200] {processor.py:183} INFO - Processing /Users/noejalabert/airflow_venv/lib/python3.11/site-packages/airflow/example_dags/example_latest_only_with_trigger.py took 0.081 seconds
[2024-06-11T16:45:24.753+0200] {processor.py:161} INFO - Started process (PID=5592) to work on /Users/noejalabert/airflow_venv/lib/python3.11/site-packages/airflow/example_dags/example_latest_only_with_trigger.py
[2024-06-11T16:45:24.754+0200] {processor.py:830} INFO - Processing file /Users/noejalabert/airflow_venv/lib/python3.11/site-packages/airflow/example_dags/example_latest_only_with_trigger.py for tasks to queue
[2024-06-11T16:45:24.755+0200] {logging_mixin.py:188} INFO - [2024-06-11T16:45:24.755+0200] {dagbag.py:540} INFO - Filling up the DagBag from /Users/noejalabert/airflow_venv/lib/python3.11/site-packages/airflow/example_dags/example_latest_only_with_trigger.py
[2024-06-11T16:45:24.759+0200] {processor.py:840} INFO - DAG(s) 'latest_only_with_trigger' retrieved from /Users/noejalabert/airflow_venv/lib/python3.11/site-packages/airflow/example_dags/example_latest_only_with_trigger.py
[2024-06-11T16:45:24.852+0200] {logging_mixin.py:188} INFO - [2024-06-11T16:45:24.852+0200] {dag.py:3096} INFO - Sync 1 DAGs
[2024-06-11T16:45:24.859+0200] {logging_mixin.py:188} INFO - [2024-06-11T16:45:24.859+0200] {dag.py:3954} INFO - Setting next_dagrun for latest_only_with_trigger to 2024-06-11 08:00:00+00:00, run_after=2024-06-11 12:00:00+00:00
[2024-06-11T16:45:24.869+0200] {processor.py:183} INFO - Processing /Users/noejalabert/airflow_venv/lib/python3.11/site-packages/airflow/example_dags/example_latest_only_with_trigger.py took 0.117 seconds
[2024-06-11T16:46:59.154+0200] {processor.py:161} INFO - Started process (PID=5718) to work on /Users/noejalabert/airflow_venv/lib/python3.11/site-packages/airflow/example_dags/example_latest_only_with_trigger.py
[2024-06-11T16:46:59.155+0200] {processor.py:830} INFO - Processing file /Users/noejalabert/airflow_venv/lib/python3.11/site-packages/airflow/example_dags/example_latest_only_with_trigger.py for tasks to queue
[2024-06-11T16:46:59.155+0200] {logging_mixin.py:188} INFO - [2024-06-11T16:46:59.155+0200] {dagbag.py:540} INFO - Filling up the DagBag from /Users/noejalabert/airflow_venv/lib/python3.11/site-packages/airflow/example_dags/example_latest_only_with_trigger.py
[2024-06-11T16:46:59.158+0200] {processor.py:840} INFO - DAG(s) 'latest_only_with_trigger' retrieved from /Users/noejalabert/airflow_venv/lib/python3.11/site-packages/airflow/example_dags/example_latest_only_with_trigger.py
[2024-06-11T16:46:59.208+0200] {logging_mixin.py:188} INFO - [2024-06-11T16:46:59.208+0200] {dag.py:3096} INFO - Sync 1 DAGs
[2024-06-11T16:46:59.215+0200] {logging_mixin.py:188} INFO - [2024-06-11T16:46:59.215+0200] {dag.py:3954} INFO - Setting next_dagrun for latest_only_with_trigger to 2024-06-11 08:00:00+00:00, run_after=2024-06-11 12:00:00+00:00
[2024-06-11T16:46:59.223+0200] {processor.py:183} INFO - Processing /Users/noejalabert/airflow_venv/lib/python3.11/site-packages/airflow/example_dags/example_latest_only_with_trigger.py took 0.070 seconds
[2024-06-11T16:48:25.365+0200] {processor.py:161} INFO - Started process (PID=5819) to work on /Users/noejalabert/airflow_venv/lib/python3.11/site-packages/airflow/example_dags/example_latest_only_with_trigger.py
[2024-06-11T16:48:25.367+0200] {processor.py:830} INFO - Processing file /Users/noejalabert/airflow_venv/lib/python3.11/site-packages/airflow/example_dags/example_latest_only_with_trigger.py for tasks to queue
[2024-06-11T16:48:25.367+0200] {logging_mixin.py:188} INFO - [2024-06-11T16:48:25.367+0200] {dagbag.py:540} INFO - Filling up the DagBag from /Users/noejalabert/airflow_venv/lib/python3.11/site-packages/airflow/example_dags/example_latest_only_with_trigger.py
[2024-06-11T16:48:25.371+0200] {processor.py:840} INFO - DAG(s) 'latest_only_with_trigger' retrieved from /Users/noejalabert/airflow_venv/lib/python3.11/site-packages/airflow/example_dags/example_latest_only_with_trigger.py
[2024-06-11T16:48:25.421+0200] {logging_mixin.py:188} INFO - [2024-06-11T16:48:25.421+0200] {dag.py:3096} INFO - Sync 1 DAGs
[2024-06-11T16:48:25.428+0200] {logging_mixin.py:188} INFO - [2024-06-11T16:48:25.428+0200] {dag.py:3954} INFO - Setting next_dagrun for latest_only_with_trigger to 2024-06-11 08:00:00+00:00, run_after=2024-06-11 12:00:00+00:00
[2024-06-11T16:48:25.437+0200] {processor.py:183} INFO - Processing /Users/noejalabert/airflow_venv/lib/python3.11/site-packages/airflow/example_dags/example_latest_only_with_trigger.py took 0.073 seconds
[2024-06-11T16:49:54.274+0200] {processor.py:161} INFO - Started process (PID=5934) to work on /Users/noejalabert/airflow_venv/lib/python3.11/site-packages/airflow/example_dags/example_latest_only_with_trigger.py
[2024-06-11T16:49:54.274+0200] {processor.py:830} INFO - Processing file /Users/noejalabert/airflow_venv/lib/python3.11/site-packages/airflow/example_dags/example_latest_only_with_trigger.py for tasks to queue
[2024-06-11T16:49:54.274+0200] {logging_mixin.py:188} INFO - [2024-06-11T16:49:54.274+0200] {dagbag.py:540} INFO - Filling up the DagBag from /Users/noejalabert/airflow_venv/lib/python3.11/site-packages/airflow/example_dags/example_latest_only_with_trigger.py
[2024-06-11T16:49:54.278+0200] {processor.py:840} INFO - DAG(s) 'latest_only_with_trigger' retrieved from /Users/noejalabert/airflow_venv/lib/python3.11/site-packages/airflow/example_dags/example_latest_only_with_trigger.py
[2024-06-11T16:49:54.325+0200] {logging_mixin.py:188} INFO - [2024-06-11T16:49:54.325+0200] {dag.py:3096} INFO - Sync 1 DAGs
[2024-06-11T16:49:54.334+0200] {logging_mixin.py:188} INFO - [2024-06-11T16:49:54.333+0200] {dag.py:3954} INFO - Setting next_dagrun for latest_only_with_trigger to 2024-06-11 08:00:00+00:00, run_after=2024-06-11 12:00:00+00:00
[2024-06-11T16:49:54.341+0200] {processor.py:183} INFO - Processing /Users/noejalabert/airflow_venv/lib/python3.11/site-packages/airflow/example_dags/example_latest_only_with_trigger.py took 0.069 seconds
[2024-06-11T16:51:22.889+0200] {processor.py:161} INFO - Started process (PID=6051) to work on /Users/noejalabert/airflow_venv/lib/python3.11/site-packages/airflow/example_dags/example_latest_only_with_trigger.py
[2024-06-11T16:51:22.890+0200] {processor.py:830} INFO - Processing file /Users/noejalabert/airflow_venv/lib/python3.11/site-packages/airflow/example_dags/example_latest_only_with_trigger.py for tasks to queue
[2024-06-11T16:51:22.890+0200] {logging_mixin.py:188} INFO - [2024-06-11T16:51:22.890+0200] {dagbag.py:540} INFO - Filling up the DagBag from /Users/noejalabert/airflow_venv/lib/python3.11/site-packages/airflow/example_dags/example_latest_only_with_trigger.py
[2024-06-11T16:51:22.895+0200] {processor.py:840} INFO - DAG(s) 'latest_only_with_trigger' retrieved from /Users/noejalabert/airflow_venv/lib/python3.11/site-packages/airflow/example_dags/example_latest_only_with_trigger.py
[2024-06-11T16:51:22.947+0200] {logging_mixin.py:188} INFO - [2024-06-11T16:51:22.946+0200] {dag.py:3096} INFO - Sync 1 DAGs
[2024-06-11T16:51:22.955+0200] {logging_mixin.py:188} INFO - [2024-06-11T16:51:22.954+0200] {dag.py:3954} INFO - Setting next_dagrun for latest_only_with_trigger to 2024-06-11 08:00:00+00:00, run_after=2024-06-11 12:00:00+00:00
[2024-06-11T16:51:22.962+0200] {processor.py:183} INFO - Processing /Users/noejalabert/airflow_venv/lib/python3.11/site-packages/airflow/example_dags/example_latest_only_with_trigger.py took 0.075 seconds
