[2024-06-11T16:34:53.012+0200] {processor.py:161} INFO - Started process (PID=4907) to work on /Users/noejalabert/airflow_venv/lib/python3.11/site-packages/airflow/example_dags/example_task_group_decorator.py
[2024-06-11T16:34:53.014+0200] {processor.py:830} INFO - Processing file /Users/noejalabert/airflow_venv/lib/python3.11/site-packages/airflow/example_dags/example_task_group_decorator.py for tasks to queue
[2024-06-11T16:34:53.015+0200] {logging_mixin.py:188} INFO - [2024-06-11T16:34:53.015+0200] {dagbag.py:540} INFO - Filling up the DagBag from /Users/noejalabert/airflow_venv/lib/python3.11/site-packages/airflow/example_dags/example_task_group_decorator.py
[2024-06-11T16:34:53.037+0200] {processor.py:840} INFO - DAG(s) 'example_task_group_decorator' retrieved from /Users/noejalabert/airflow_venv/lib/python3.11/site-packages/airflow/example_dags/example_task_group_decorator.py
[2024-06-11T16:34:53.153+0200] {logging_mixin.py:188} INFO - [2024-06-11T16:34:53.153+0200] {dag.py:3096} INFO - Sync 1 DAGs
[2024-06-11T16:34:53.161+0200] {logging_mixin.py:188} INFO - [2024-06-11T16:34:53.161+0200] {dag.py:3954} INFO - Setting next_dagrun for example_task_group_decorator to 2024-06-10 00:00:00+00:00, run_after=2024-06-11 00:00:00+00:00
[2024-06-11T16:34:53.170+0200] {processor.py:183} INFO - Processing /Users/noejalabert/airflow_venv/lib/python3.11/site-packages/airflow/example_dags/example_task_group_decorator.py took 0.160 seconds
[2024-06-11T16:36:28.010+0200] {processor.py:161} INFO - Started process (PID=4999) to work on /Users/noejalabert/airflow_venv/lib/python3.11/site-packages/airflow/example_dags/example_task_group_decorator.py
[2024-06-11T16:36:28.012+0200] {processor.py:830} INFO - Processing file /Users/noejalabert/airflow_venv/lib/python3.11/site-packages/airflow/example_dags/example_task_group_decorator.py for tasks to queue
[2024-06-11T16:36:28.012+0200] {logging_mixin.py:188} INFO - [2024-06-11T16:36:28.012+0200] {dagbag.py:540} INFO - Filling up the DagBag from /Users/noejalabert/airflow_venv/lib/python3.11/site-packages/airflow/example_dags/example_task_group_decorator.py
[2024-06-11T16:36:28.031+0200] {processor.py:840} INFO - DAG(s) 'example_task_group_decorator' retrieved from /Users/noejalabert/airflow_venv/lib/python3.11/site-packages/airflow/example_dags/example_task_group_decorator.py
[2024-06-11T16:36:28.080+0200] {logging_mixin.py:188} INFO - [2024-06-11T16:36:28.080+0200] {dag.py:3096} INFO - Sync 1 DAGs
[2024-06-11T16:36:28.087+0200] {logging_mixin.py:188} INFO - [2024-06-11T16:36:28.087+0200] {dag.py:3954} INFO - Setting next_dagrun for example_task_group_decorator to 2024-06-10 00:00:00+00:00, run_after=2024-06-11 00:00:00+00:00
[2024-06-11T16:36:28.096+0200] {processor.py:183} INFO - Processing /Users/noejalabert/airflow_venv/lib/python3.11/site-packages/airflow/example_dags/example_task_group_decorator.py took 0.087 seconds
[2024-06-11T16:37:59.126+0200] {processor.py:161} INFO - Started process (PID=5084) to work on /Users/noejalabert/airflow_venv/lib/python3.11/site-packages/airflow/example_dags/example_task_group_decorator.py
[2024-06-11T16:37:59.127+0200] {processor.py:830} INFO - Processing file /Users/noejalabert/airflow_venv/lib/python3.11/site-packages/airflow/example_dags/example_task_group_decorator.py for tasks to queue
[2024-06-11T16:37:59.127+0200] {logging_mixin.py:188} INFO - [2024-06-11T16:37:59.127+0200] {dagbag.py:540} INFO - Filling up the DagBag from /Users/noejalabert/airflow_venv/lib/python3.11/site-packages/airflow/example_dags/example_task_group_decorator.py
[2024-06-11T16:37:59.147+0200] {processor.py:840} INFO - DAG(s) 'example_task_group_decorator' retrieved from /Users/noejalabert/airflow_venv/lib/python3.11/site-packages/airflow/example_dags/example_task_group_decorator.py
[2024-06-11T16:37:59.199+0200] {logging_mixin.py:188} INFO - [2024-06-11T16:37:59.199+0200] {dag.py:3096} INFO - Sync 1 DAGs
[2024-06-11T16:37:59.206+0200] {logging_mixin.py:188} INFO - [2024-06-11T16:37:59.206+0200] {dag.py:3954} INFO - Setting next_dagrun for example_task_group_decorator to 2024-06-10 00:00:00+00:00, run_after=2024-06-11 00:00:00+00:00
[2024-06-11T16:37:59.215+0200] {processor.py:183} INFO - Processing /Users/noejalabert/airflow_venv/lib/python3.11/site-packages/airflow/example_dags/example_task_group_decorator.py took 0.090 seconds
[2024-06-11T16:39:30.120+0200] {processor.py:161} INFO - Started process (PID=5171) to work on /Users/noejalabert/airflow_venv/lib/python3.11/site-packages/airflow/example_dags/example_task_group_decorator.py
[2024-06-11T16:39:30.121+0200] {processor.py:830} INFO - Processing file /Users/noejalabert/airflow_venv/lib/python3.11/site-packages/airflow/example_dags/example_task_group_decorator.py for tasks to queue
[2024-06-11T16:39:30.121+0200] {logging_mixin.py:188} INFO - [2024-06-11T16:39:30.121+0200] {dagbag.py:540} INFO - Filling up the DagBag from /Users/noejalabert/airflow_venv/lib/python3.11/site-packages/airflow/example_dags/example_task_group_decorator.py
[2024-06-11T16:39:30.144+0200] {processor.py:840} INFO - DAG(s) 'example_task_group_decorator' retrieved from /Users/noejalabert/airflow_venv/lib/python3.11/site-packages/airflow/example_dags/example_task_group_decorator.py
[2024-06-11T16:39:30.198+0200] {logging_mixin.py:188} INFO - [2024-06-11T16:39:30.198+0200] {dag.py:3096} INFO - Sync 1 DAGs
[2024-06-11T16:39:30.205+0200] {logging_mixin.py:188} INFO - [2024-06-11T16:39:30.205+0200] {dag.py:3954} INFO - Setting next_dagrun for example_task_group_decorator to 2024-06-10 00:00:00+00:00, run_after=2024-06-11 00:00:00+00:00
[2024-06-11T16:39:30.214+0200] {processor.py:183} INFO - Processing /Users/noejalabert/airflow_venv/lib/python3.11/site-packages/airflow/example_dags/example_task_group_decorator.py took 0.095 seconds
[2024-06-11T16:40:55.812+0200] {processor.py:161} INFO - Started process (PID=5239) to work on /Users/noejalabert/airflow_venv/lib/python3.11/site-packages/airflow/example_dags/example_task_group_decorator.py
[2024-06-11T16:40:55.813+0200] {processor.py:830} INFO - Processing file /Users/noejalabert/airflow_venv/lib/python3.11/site-packages/airflow/example_dags/example_task_group_decorator.py for tasks to queue
[2024-06-11T16:40:55.813+0200] {logging_mixin.py:188} INFO - [2024-06-11T16:40:55.813+0200] {dagbag.py:540} INFO - Filling up the DagBag from /Users/noejalabert/airflow_venv/lib/python3.11/site-packages/airflow/example_dags/example_task_group_decorator.py
[2024-06-11T16:40:55.833+0200] {processor.py:840} INFO - DAG(s) 'example_task_group_decorator' retrieved from /Users/noejalabert/airflow_venv/lib/python3.11/site-packages/airflow/example_dags/example_task_group_decorator.py
[2024-06-11T16:40:55.883+0200] {logging_mixin.py:188} INFO - [2024-06-11T16:40:55.883+0200] {dag.py:3096} INFO - Sync 1 DAGs
[2024-06-11T16:40:55.890+0200] {logging_mixin.py:188} INFO - [2024-06-11T16:40:55.890+0200] {dag.py:3954} INFO - Setting next_dagrun for example_task_group_decorator to 2024-06-10 00:00:00+00:00, run_after=2024-06-11 00:00:00+00:00
[2024-06-11T16:40:55.899+0200] {processor.py:183} INFO - Processing /Users/noejalabert/airflow_venv/lib/python3.11/site-packages/airflow/example_dags/example_task_group_decorator.py took 0.088 seconds
[2024-06-11T16:42:26.498+0200] {processor.py:161} INFO - Started process (PID=5385) to work on /Users/noejalabert/airflow_venv/lib/python3.11/site-packages/airflow/example_dags/example_task_group_decorator.py
[2024-06-11T16:42:26.498+0200] {processor.py:830} INFO - Processing file /Users/noejalabert/airflow_venv/lib/python3.11/site-packages/airflow/example_dags/example_task_group_decorator.py for tasks to queue
[2024-06-11T16:42:26.499+0200] {logging_mixin.py:188} INFO - [2024-06-11T16:42:26.499+0200] {dagbag.py:540} INFO - Filling up the DagBag from /Users/noejalabert/airflow_venv/lib/python3.11/site-packages/airflow/example_dags/example_task_group_decorator.py
[2024-06-11T16:42:26.521+0200] {processor.py:840} INFO - DAG(s) 'example_task_group_decorator' retrieved from /Users/noejalabert/airflow_venv/lib/python3.11/site-packages/airflow/example_dags/example_task_group_decorator.py
[2024-06-11T16:42:26.573+0200] {logging_mixin.py:188} INFO - [2024-06-11T16:42:26.573+0200] {dag.py:3096} INFO - Sync 1 DAGs
[2024-06-11T16:42:26.580+0200] {logging_mixin.py:188} INFO - [2024-06-11T16:42:26.580+0200] {dag.py:3954} INFO - Setting next_dagrun for example_task_group_decorator to 2024-06-10 00:00:00+00:00, run_after=2024-06-11 00:00:00+00:00
[2024-06-11T16:42:26.589+0200] {processor.py:183} INFO - Processing /Users/noejalabert/airflow_venv/lib/python3.11/site-packages/airflow/example_dags/example_task_group_decorator.py took 0.093 seconds
[2024-06-11T16:44:51.223+0200] {processor.py:161} INFO - Started process (PID=5558) to work on /Users/noejalabert/airflow_venv/lib/python3.11/site-packages/airflow/example_dags/example_task_group_decorator.py
[2024-06-11T16:44:51.224+0200] {processor.py:830} INFO - Processing file /Users/noejalabert/airflow_venv/lib/python3.11/site-packages/airflow/example_dags/example_task_group_decorator.py for tasks to queue
[2024-06-11T16:44:51.224+0200] {logging_mixin.py:188} INFO - [2024-06-11T16:44:51.224+0200] {dagbag.py:540} INFO - Filling up the DagBag from /Users/noejalabert/airflow_venv/lib/python3.11/site-packages/airflow/example_dags/example_task_group_decorator.py
[2024-06-11T16:44:51.246+0200] {processor.py:840} INFO - DAG(s) 'example_task_group_decorator' retrieved from /Users/noejalabert/airflow_venv/lib/python3.11/site-packages/airflow/example_dags/example_task_group_decorator.py
[2024-06-11T16:44:51.356+0200] {logging_mixin.py:188} INFO - [2024-06-11T16:44:51.355+0200] {dag.py:3096} INFO - Sync 1 DAGs
[2024-06-11T16:44:51.363+0200] {logging_mixin.py:188} INFO - [2024-06-11T16:44:51.363+0200] {dag.py:3954} INFO - Setting next_dagrun for example_task_group_decorator to 2024-06-10 00:00:00+00:00, run_after=2024-06-11 00:00:00+00:00
[2024-06-11T16:44:51.372+0200] {processor.py:183} INFO - Processing /Users/noejalabert/airflow_venv/lib/python3.11/site-packages/airflow/example_dags/example_task_group_decorator.py took 0.150 seconds
[2024-06-11T16:46:27.811+0200] {processor.py:161} INFO - Started process (PID=5693) to work on /Users/noejalabert/airflow_venv/lib/python3.11/site-packages/airflow/example_dags/example_task_group_decorator.py
[2024-06-11T16:46:27.812+0200] {processor.py:830} INFO - Processing file /Users/noejalabert/airflow_venv/lib/python3.11/site-packages/airflow/example_dags/example_task_group_decorator.py for tasks to queue
[2024-06-11T16:46:27.812+0200] {logging_mixin.py:188} INFO - [2024-06-11T16:46:27.812+0200] {dagbag.py:540} INFO - Filling up the DagBag from /Users/noejalabert/airflow_venv/lib/python3.11/site-packages/airflow/example_dags/example_task_group_decorator.py
[2024-06-11T16:46:27.832+0200] {processor.py:840} INFO - DAG(s) 'example_task_group_decorator' retrieved from /Users/noejalabert/airflow_venv/lib/python3.11/site-packages/airflow/example_dags/example_task_group_decorator.py
[2024-06-11T16:46:27.883+0200] {logging_mixin.py:188} INFO - [2024-06-11T16:46:27.883+0200] {dag.py:3096} INFO - Sync 1 DAGs
[2024-06-11T16:46:27.890+0200] {logging_mixin.py:188} INFO - [2024-06-11T16:46:27.890+0200] {dag.py:3954} INFO - Setting next_dagrun for example_task_group_decorator to 2024-06-10 00:00:00+00:00, run_after=2024-06-11 00:00:00+00:00
[2024-06-11T16:46:27.899+0200] {processor.py:183} INFO - Processing /Users/noejalabert/airflow_venv/lib/python3.11/site-packages/airflow/example_dags/example_task_group_decorator.py took 0.089 seconds
[2024-06-11T16:47:53.782+0200] {processor.py:161} INFO - Started process (PID=5795) to work on /Users/noejalabert/airflow_venv/lib/python3.11/site-packages/airflow/example_dags/example_task_group_decorator.py
[2024-06-11T16:47:53.783+0200] {processor.py:830} INFO - Processing file /Users/noejalabert/airflow_venv/lib/python3.11/site-packages/airflow/example_dags/example_task_group_decorator.py for tasks to queue
[2024-06-11T16:47:53.784+0200] {logging_mixin.py:188} INFO - [2024-06-11T16:47:53.784+0200] {dagbag.py:540} INFO - Filling up the DagBag from /Users/noejalabert/airflow_venv/lib/python3.11/site-packages/airflow/example_dags/example_task_group_decorator.py
[2024-06-11T16:47:53.804+0200] {processor.py:840} INFO - DAG(s) 'example_task_group_decorator' retrieved from /Users/noejalabert/airflow_venv/lib/python3.11/site-packages/airflow/example_dags/example_task_group_decorator.py
[2024-06-11T16:47:53.853+0200] {logging_mixin.py:188} INFO - [2024-06-11T16:47:53.852+0200] {dag.py:3096} INFO - Sync 1 DAGs
[2024-06-11T16:47:53.859+0200] {logging_mixin.py:188} INFO - [2024-06-11T16:47:53.859+0200] {dag.py:3954} INFO - Setting next_dagrun for example_task_group_decorator to 2024-06-10 00:00:00+00:00, run_after=2024-06-11 00:00:00+00:00
[2024-06-11T16:47:53.868+0200] {processor.py:183} INFO - Processing /Users/noejalabert/airflow_venv/lib/python3.11/site-packages/airflow/example_dags/example_task_group_decorator.py took 0.087 seconds
[2024-06-11T16:49:16.108+0200] {processor.py:161} INFO - Started process (PID=5890) to work on /Users/noejalabert/airflow_venv/lib/python3.11/site-packages/airflow/example_dags/example_task_group_decorator.py
[2024-06-11T16:49:16.109+0200] {processor.py:830} INFO - Processing file /Users/noejalabert/airflow_venv/lib/python3.11/site-packages/airflow/example_dags/example_task_group_decorator.py for tasks to queue
[2024-06-11T16:49:16.110+0200] {logging_mixin.py:188} INFO - [2024-06-11T16:49:16.110+0200] {dagbag.py:540} INFO - Filling up the DagBag from /Users/noejalabert/airflow_venv/lib/python3.11/site-packages/airflow/example_dags/example_task_group_decorator.py
[2024-06-11T16:49:16.131+0200] {processor.py:840} INFO - DAG(s) 'example_task_group_decorator' retrieved from /Users/noejalabert/airflow_venv/lib/python3.11/site-packages/airflow/example_dags/example_task_group_decorator.py
[2024-06-11T16:49:16.183+0200] {logging_mixin.py:188} INFO - [2024-06-11T16:49:16.183+0200] {dag.py:3096} INFO - Sync 1 DAGs
[2024-06-11T16:49:16.190+0200] {logging_mixin.py:188} INFO - [2024-06-11T16:49:16.190+0200] {dag.py:3954} INFO - Setting next_dagrun for example_task_group_decorator to 2024-06-10 00:00:00+00:00, run_after=2024-06-11 00:00:00+00:00
[2024-06-11T16:49:16.199+0200] {processor.py:183} INFO - Processing /Users/noejalabert/airflow_venv/lib/python3.11/site-packages/airflow/example_dags/example_task_group_decorator.py took 0.092 seconds
[2024-06-11T16:50:50.203+0200] {processor.py:161} INFO - Started process (PID=5987) to work on /Users/noejalabert/airflow_venv/lib/python3.11/site-packages/airflow/example_dags/example_task_group_decorator.py
[2024-06-11T16:50:50.203+0200] {processor.py:830} INFO - Processing file /Users/noejalabert/airflow_venv/lib/python3.11/site-packages/airflow/example_dags/example_task_group_decorator.py for tasks to queue
[2024-06-11T16:50:50.204+0200] {logging_mixin.py:188} INFO - [2024-06-11T16:50:50.203+0200] {dagbag.py:540} INFO - Filling up the DagBag from /Users/noejalabert/airflow_venv/lib/python3.11/site-packages/airflow/example_dags/example_task_group_decorator.py
[2024-06-11T16:50:50.224+0200] {processor.py:840} INFO - DAG(s) 'example_task_group_decorator' retrieved from /Users/noejalabert/airflow_venv/lib/python3.11/site-packages/airflow/example_dags/example_task_group_decorator.py
[2024-06-11T16:50:50.276+0200] {logging_mixin.py:188} INFO - [2024-06-11T16:50:50.276+0200] {dag.py:3096} INFO - Sync 1 DAGs
[2024-06-11T16:50:50.283+0200] {logging_mixin.py:188} INFO - [2024-06-11T16:50:50.283+0200] {dag.py:3954} INFO - Setting next_dagrun for example_task_group_decorator to 2024-06-10 00:00:00+00:00, run_after=2024-06-11 00:00:00+00:00
[2024-06-11T16:50:50.292+0200] {processor.py:183} INFO - Processing /Users/noejalabert/airflow_venv/lib/python3.11/site-packages/airflow/example_dags/example_task_group_decorator.py took 0.091 seconds
[2024-06-11T16:53:36.855+0200] {processor.py:161} INFO - Started process (PID=6321) to work on /Users/noejalabert/airflow_venv/lib/python3.11/site-packages/airflow/example_dags/example_task_group_decorator.py
[2024-06-11T16:53:36.856+0200] {processor.py:830} INFO - Processing file /Users/noejalabert/airflow_venv/lib/python3.11/site-packages/airflow/example_dags/example_task_group_decorator.py for tasks to queue
[2024-06-11T16:53:36.857+0200] {logging_mixin.py:188} INFO - [2024-06-11T16:53:36.856+0200] {dagbag.py:540} INFO - Filling up the DagBag from /Users/noejalabert/airflow_venv/lib/python3.11/site-packages/airflow/example_dags/example_task_group_decorator.py
[2024-06-11T16:53:36.877+0200] {processor.py:840} INFO - DAG(s) 'example_task_group_decorator' retrieved from /Users/noejalabert/airflow_venv/lib/python3.11/site-packages/airflow/example_dags/example_task_group_decorator.py
[2024-06-11T16:53:37.014+0200] {logging_mixin.py:188} INFO - [2024-06-11T16:53:37.013+0200] {dag.py:3096} INFO - Sync 1 DAGs
[2024-06-11T16:53:37.021+0200] {logging_mixin.py:188} INFO - [2024-06-11T16:53:37.021+0200] {dag.py:3954} INFO - Setting next_dagrun for example_task_group_decorator to 2024-06-10 00:00:00+00:00, run_after=2024-06-11 00:00:00+00:00
[2024-06-11T16:53:37.029+0200] {processor.py:183} INFO - Processing /Users/noejalabert/airflow_venv/lib/python3.11/site-packages/airflow/example_dags/example_task_group_decorator.py took 0.176 seconds
[2024-06-11T16:55:15.781+0200] {processor.py:161} INFO - Started process (PID=6421) to work on /Users/noejalabert/airflow_venv/lib/python3.11/site-packages/airflow/example_dags/example_task_group_decorator.py
[2024-06-11T16:55:15.783+0200] {processor.py:830} INFO - Processing file /Users/noejalabert/airflow_venv/lib/python3.11/site-packages/airflow/example_dags/example_task_group_decorator.py for tasks to queue
[2024-06-11T16:55:15.783+0200] {logging_mixin.py:188} INFO - [2024-06-11T16:55:15.783+0200] {dagbag.py:540} INFO - Filling up the DagBag from /Users/noejalabert/airflow_venv/lib/python3.11/site-packages/airflow/example_dags/example_task_group_decorator.py
[2024-06-11T16:55:15.805+0200] {processor.py:840} INFO - DAG(s) 'example_task_group_decorator' retrieved from /Users/noejalabert/airflow_venv/lib/python3.11/site-packages/airflow/example_dags/example_task_group_decorator.py
[2024-06-11T16:55:15.858+0200] {logging_mixin.py:188} INFO - [2024-06-11T16:55:15.857+0200] {dag.py:3096} INFO - Sync 1 DAGs
[2024-06-11T16:55:15.865+0200] {logging_mixin.py:188} INFO - [2024-06-11T16:55:15.865+0200] {dag.py:3954} INFO - Setting next_dagrun for example_task_group_decorator to 2024-06-10 00:00:00+00:00, run_after=2024-06-11 00:00:00+00:00
[2024-06-11T16:55:15.875+0200] {processor.py:183} INFO - Processing /Users/noejalabert/airflow_venv/lib/python3.11/site-packages/airflow/example_dags/example_task_group_decorator.py took 0.099 seconds
