[2024-06-11T16:35:11.902+0200] {processor.py:161} INFO - Started process (PID=4922) to work on /Users/noejalabert/airflow_venv/lib/python3.11/site-packages/airflow/example_dags/example_sensor_decorator.py
[2024-06-11T16:35:11.903+0200] {processor.py:830} INFO - Processing file /Users/noejalabert/airflow_venv/lib/python3.11/site-packages/airflow/example_dags/example_sensor_decorator.py for tasks to queue
[2024-06-11T16:35:11.903+0200] {logging_mixin.py:188} INFO - [2024-06-11T16:35:11.903+0200] {dagbag.py:540} INFO - Filling up the DagBag from /Users/noejalabert/airflow_venv/lib/python3.11/site-packages/airflow/example_dags/example_sensor_decorator.py
[2024-06-11T16:35:11.922+0200] {processor.py:840} INFO - DAG(s) 'example_sensor_decorator' retrieved from /Users/noejalabert/airflow_venv/lib/python3.11/site-packages/airflow/example_dags/example_sensor_decorator.py
[2024-06-11T16:35:12.055+0200] {logging_mixin.py:188} INFO - [2024-06-11T16:35:12.055+0200] {dag.py:3096} INFO - Sync 1 DAGs
[2024-06-11T16:35:12.060+0200] {logging_mixin.py:188} INFO - [2024-06-11T16:35:12.059+0200] {dag.py:3954} INFO - Setting next_dagrun for example_sensor_decorator to None, run_after=None
[2024-06-11T16:35:12.069+0200] {processor.py:183} INFO - Processing /Users/noejalabert/airflow_venv/lib/python3.11/site-packages/airflow/example_dags/example_sensor_decorator.py took 0.168 seconds
[2024-06-11T16:36:46.911+0200] {processor.py:161} INFO - Started process (PID=5016) to work on /Users/noejalabert/airflow_venv/lib/python3.11/site-packages/airflow/example_dags/example_sensor_decorator.py
[2024-06-11T16:36:46.912+0200] {processor.py:830} INFO - Processing file /Users/noejalabert/airflow_venv/lib/python3.11/site-packages/airflow/example_dags/example_sensor_decorator.py for tasks to queue
[2024-06-11T16:36:46.912+0200] {logging_mixin.py:188} INFO - [2024-06-11T16:36:46.912+0200] {dagbag.py:540} INFO - Filling up the DagBag from /Users/noejalabert/airflow_venv/lib/python3.11/site-packages/airflow/example_dags/example_sensor_decorator.py
[2024-06-11T16:36:46.929+0200] {processor.py:840} INFO - DAG(s) 'example_sensor_decorator' retrieved from /Users/noejalabert/airflow_venv/lib/python3.11/site-packages/airflow/example_dags/example_sensor_decorator.py
[2024-06-11T16:36:46.979+0200] {logging_mixin.py:188} INFO - [2024-06-11T16:36:46.979+0200] {dag.py:3096} INFO - Sync 1 DAGs
[2024-06-11T16:36:46.984+0200] {logging_mixin.py:188} INFO - [2024-06-11T16:36:46.983+0200] {dag.py:3954} INFO - Setting next_dagrun for example_sensor_decorator to None, run_after=None
[2024-06-11T16:36:46.991+0200] {processor.py:183} INFO - Processing /Users/noejalabert/airflow_venv/lib/python3.11/site-packages/airflow/example_dags/example_sensor_decorator.py took 0.082 seconds
[2024-06-11T16:38:17.721+0200] {processor.py:161} INFO - Started process (PID=5103) to work on /Users/noejalabert/airflow_venv/lib/python3.11/site-packages/airflow/example_dags/example_sensor_decorator.py
[2024-06-11T16:38:17.721+0200] {processor.py:830} INFO - Processing file /Users/noejalabert/airflow_venv/lib/python3.11/site-packages/airflow/example_dags/example_sensor_decorator.py for tasks to queue
[2024-06-11T16:38:17.721+0200] {logging_mixin.py:188} INFO - [2024-06-11T16:38:17.721+0200] {dagbag.py:540} INFO - Filling up the DagBag from /Users/noejalabert/airflow_venv/lib/python3.11/site-packages/airflow/example_dags/example_sensor_decorator.py
[2024-06-11T16:38:17.740+0200] {processor.py:840} INFO - DAG(s) 'example_sensor_decorator' retrieved from /Users/noejalabert/airflow_venv/lib/python3.11/site-packages/airflow/example_dags/example_sensor_decorator.py
[2024-06-11T16:38:17.793+0200] {logging_mixin.py:188} INFO - [2024-06-11T16:38:17.792+0200] {dag.py:3096} INFO - Sync 1 DAGs
[2024-06-11T16:38:17.798+0200] {logging_mixin.py:188} INFO - [2024-06-11T16:38:17.797+0200] {dag.py:3954} INFO - Setting next_dagrun for example_sensor_decorator to None, run_after=None
[2024-06-11T16:38:17.817+0200] {processor.py:183} INFO - Processing /Users/noejalabert/airflow_venv/lib/python3.11/site-packages/airflow/example_dags/example_sensor_decorator.py took 0.098 seconds
[2024-06-11T16:39:47.318+0200] {processor.py:161} INFO - Started process (PID=5187) to work on /Users/noejalabert/airflow_venv/lib/python3.11/site-packages/airflow/example_dags/example_sensor_decorator.py
[2024-06-11T16:39:47.318+0200] {processor.py:830} INFO - Processing file /Users/noejalabert/airflow_venv/lib/python3.11/site-packages/airflow/example_dags/example_sensor_decorator.py for tasks to queue
[2024-06-11T16:39:47.319+0200] {logging_mixin.py:188} INFO - [2024-06-11T16:39:47.319+0200] {dagbag.py:540} INFO - Filling up the DagBag from /Users/noejalabert/airflow_venv/lib/python3.11/site-packages/airflow/example_dags/example_sensor_decorator.py
[2024-06-11T16:39:47.336+0200] {processor.py:840} INFO - DAG(s) 'example_sensor_decorator' retrieved from /Users/noejalabert/airflow_venv/lib/python3.11/site-packages/airflow/example_dags/example_sensor_decorator.py
[2024-06-11T16:39:47.390+0200] {logging_mixin.py:188} INFO - [2024-06-11T16:39:47.390+0200] {dag.py:3096} INFO - Sync 1 DAGs
[2024-06-11T16:39:47.394+0200] {logging_mixin.py:188} INFO - [2024-06-11T16:39:47.394+0200] {dag.py:3954} INFO - Setting next_dagrun for example_sensor_decorator to None, run_after=None
[2024-06-11T16:39:47.402+0200] {processor.py:183} INFO - Processing /Users/noejalabert/airflow_venv/lib/python3.11/site-packages/airflow/example_dags/example_sensor_decorator.py took 0.086 seconds
[2024-06-11T16:41:14.561+0200] {processor.py:161} INFO - Started process (PID=5266) to work on /Users/noejalabert/airflow_venv/lib/python3.11/site-packages/airflow/example_dags/example_sensor_decorator.py
[2024-06-11T16:41:14.562+0200] {processor.py:830} INFO - Processing file /Users/noejalabert/airflow_venv/lib/python3.11/site-packages/airflow/example_dags/example_sensor_decorator.py for tasks to queue
[2024-06-11T16:41:14.562+0200] {logging_mixin.py:188} INFO - [2024-06-11T16:41:14.562+0200] {dagbag.py:540} INFO - Filling up the DagBag from /Users/noejalabert/airflow_venv/lib/python3.11/site-packages/airflow/example_dags/example_sensor_decorator.py
[2024-06-11T16:41:14.578+0200] {processor.py:840} INFO - DAG(s) 'example_sensor_decorator' retrieved from /Users/noejalabert/airflow_venv/lib/python3.11/site-packages/airflow/example_dags/example_sensor_decorator.py
[2024-06-11T16:41:14.630+0200] {logging_mixin.py:188} INFO - [2024-06-11T16:41:14.630+0200] {dag.py:3096} INFO - Sync 1 DAGs
[2024-06-11T16:41:14.634+0200] {logging_mixin.py:188} INFO - [2024-06-11T16:41:14.634+0200] {dag.py:3954} INFO - Setting next_dagrun for example_sensor_decorator to None, run_after=None
[2024-06-11T16:41:14.643+0200] {processor.py:183} INFO - Processing /Users/noejalabert/airflow_venv/lib/python3.11/site-packages/airflow/example_dags/example_sensor_decorator.py took 0.083 seconds
[2024-06-11T16:42:44.973+0200] {processor.py:161} INFO - Started process (PID=5403) to work on /Users/noejalabert/airflow_venv/lib/python3.11/site-packages/airflow/example_dags/example_sensor_decorator.py
[2024-06-11T16:42:44.975+0200] {processor.py:830} INFO - Processing file /Users/noejalabert/airflow_venv/lib/python3.11/site-packages/airflow/example_dags/example_sensor_decorator.py for tasks to queue
[2024-06-11T16:42:44.975+0200] {logging_mixin.py:188} INFO - [2024-06-11T16:42:44.975+0200] {dagbag.py:540} INFO - Filling up the DagBag from /Users/noejalabert/airflow_venv/lib/python3.11/site-packages/airflow/example_dags/example_sensor_decorator.py
[2024-06-11T16:42:44.992+0200] {processor.py:840} INFO - DAG(s) 'example_sensor_decorator' retrieved from /Users/noejalabert/airflow_venv/lib/python3.11/site-packages/airflow/example_dags/example_sensor_decorator.py
[2024-06-11T16:42:45.047+0200] {logging_mixin.py:188} INFO - [2024-06-11T16:42:45.047+0200] {dag.py:3096} INFO - Sync 1 DAGs
[2024-06-11T16:42:45.052+0200] {logging_mixin.py:188} INFO - [2024-06-11T16:42:45.052+0200] {dag.py:3954} INFO - Setting next_dagrun for example_sensor_decorator to None, run_after=None
[2024-06-11T16:42:45.060+0200] {processor.py:183} INFO - Processing /Users/noejalabert/airflow_venv/lib/python3.11/site-packages/airflow/example_dags/example_sensor_decorator.py took 0.088 seconds
[2024-06-11T16:45:11.911+0200] {processor.py:161} INFO - Started process (PID=5579) to work on /Users/noejalabert/airflow_venv/lib/python3.11/site-packages/airflow/example_dags/example_sensor_decorator.py
[2024-06-11T16:45:11.912+0200] {processor.py:830} INFO - Processing file /Users/noejalabert/airflow_venv/lib/python3.11/site-packages/airflow/example_dags/example_sensor_decorator.py for tasks to queue
[2024-06-11T16:45:11.913+0200] {logging_mixin.py:188} INFO - [2024-06-11T16:45:11.912+0200] {dagbag.py:540} INFO - Filling up the DagBag from /Users/noejalabert/airflow_venv/lib/python3.11/site-packages/airflow/example_dags/example_sensor_decorator.py
[2024-06-11T16:45:11.929+0200] {processor.py:840} INFO - DAG(s) 'example_sensor_decorator' retrieved from /Users/noejalabert/airflow_venv/lib/python3.11/site-packages/airflow/example_dags/example_sensor_decorator.py
[2024-06-11T16:45:12.039+0200] {logging_mixin.py:188} INFO - [2024-06-11T16:45:12.039+0200] {dag.py:3096} INFO - Sync 1 DAGs
[2024-06-11T16:45:12.043+0200] {logging_mixin.py:188} INFO - [2024-06-11T16:45:12.043+0200] {dag.py:3954} INFO - Setting next_dagrun for example_sensor_decorator to None, run_after=None
[2024-06-11T16:45:12.051+0200] {processor.py:183} INFO - Processing /Users/noejalabert/airflow_venv/lib/python3.11/site-packages/airflow/example_dags/example_sensor_decorator.py took 0.142 seconds
[2024-06-11T16:46:44.573+0200] {processor.py:161} INFO - Started process (PID=5706) to work on /Users/noejalabert/airflow_venv/lib/python3.11/site-packages/airflow/example_dags/example_sensor_decorator.py
[2024-06-11T16:46:44.574+0200] {processor.py:830} INFO - Processing file /Users/noejalabert/airflow_venv/lib/python3.11/site-packages/airflow/example_dags/example_sensor_decorator.py for tasks to queue
[2024-06-11T16:46:44.574+0200] {logging_mixin.py:188} INFO - [2024-06-11T16:46:44.574+0200] {dagbag.py:540} INFO - Filling up the DagBag from /Users/noejalabert/airflow_venv/lib/python3.11/site-packages/airflow/example_dags/example_sensor_decorator.py
[2024-06-11T16:46:44.590+0200] {processor.py:840} INFO - DAG(s) 'example_sensor_decorator' retrieved from /Users/noejalabert/airflow_venv/lib/python3.11/site-packages/airflow/example_dags/example_sensor_decorator.py
[2024-06-11T16:46:44.645+0200] {logging_mixin.py:188} INFO - [2024-06-11T16:46:44.644+0200] {dag.py:3096} INFO - Sync 1 DAGs
[2024-06-11T16:46:44.649+0200] {logging_mixin.py:188} INFO - [2024-06-11T16:46:44.649+0200] {dag.py:3954} INFO - Setting next_dagrun for example_sensor_decorator to None, run_after=None
[2024-06-11T16:46:44.658+0200] {processor.py:183} INFO - Processing /Users/noejalabert/airflow_venv/lib/python3.11/site-packages/airflow/example_dags/example_sensor_decorator.py took 0.086 seconds
[2024-06-11T16:48:11.988+0200] {processor.py:161} INFO - Started process (PID=5806) to work on /Users/noejalabert/airflow_venv/lib/python3.11/site-packages/airflow/example_dags/example_sensor_decorator.py
[2024-06-11T16:48:11.989+0200] {processor.py:830} INFO - Processing file /Users/noejalabert/airflow_venv/lib/python3.11/site-packages/airflow/example_dags/example_sensor_decorator.py for tasks to queue
[2024-06-11T16:48:11.990+0200] {logging_mixin.py:188} INFO - [2024-06-11T16:48:11.990+0200] {dagbag.py:540} INFO - Filling up the DagBag from /Users/noejalabert/airflow_venv/lib/python3.11/site-packages/airflow/example_dags/example_sensor_decorator.py
[2024-06-11T16:48:12.006+0200] {processor.py:840} INFO - DAG(s) 'example_sensor_decorator' retrieved from /Users/noejalabert/airflow_venv/lib/python3.11/site-packages/airflow/example_dags/example_sensor_decorator.py
[2024-06-11T16:48:12.059+0200] {logging_mixin.py:188} INFO - [2024-06-11T16:48:12.059+0200] {dag.py:3096} INFO - Sync 1 DAGs
[2024-06-11T16:48:12.063+0200] {logging_mixin.py:188} INFO - [2024-06-11T16:48:12.063+0200] {dag.py:3954} INFO - Setting next_dagrun for example_sensor_decorator to None, run_after=None
[2024-06-11T16:48:12.073+0200] {processor.py:183} INFO - Processing /Users/noejalabert/airflow_venv/lib/python3.11/site-packages/airflow/example_dags/example_sensor_decorator.py took 0.087 seconds
[2024-06-11T16:49:31.390+0200] {processor.py:161} INFO - Started process (PID=5901) to work on /Users/noejalabert/airflow_venv/lib/python3.11/site-packages/airflow/example_dags/example_sensor_decorator.py
[2024-06-11T16:49:31.391+0200] {processor.py:830} INFO - Processing file /Users/noejalabert/airflow_venv/lib/python3.11/site-packages/airflow/example_dags/example_sensor_decorator.py for tasks to queue
[2024-06-11T16:49:31.392+0200] {logging_mixin.py:188} INFO - [2024-06-11T16:49:31.391+0200] {dagbag.py:540} INFO - Filling up the DagBag from /Users/noejalabert/airflow_venv/lib/python3.11/site-packages/airflow/example_dags/example_sensor_decorator.py
[2024-06-11T16:49:31.408+0200] {processor.py:840} INFO - DAG(s) 'example_sensor_decorator' retrieved from /Users/noejalabert/airflow_venv/lib/python3.11/site-packages/airflow/example_dags/example_sensor_decorator.py
[2024-06-11T16:49:31.458+0200] {logging_mixin.py:188} INFO - [2024-06-11T16:49:31.458+0200] {dag.py:3096} INFO - Sync 1 DAGs
[2024-06-11T16:49:31.462+0200] {logging_mixin.py:188} INFO - [2024-06-11T16:49:31.462+0200] {dag.py:3954} INFO - Setting next_dagrun for example_sensor_decorator to None, run_after=None
[2024-06-11T16:49:31.470+0200] {processor.py:183} INFO - Processing /Users/noejalabert/airflow_venv/lib/python3.11/site-packages/airflow/example_dags/example_sensor_decorator.py took 0.081 seconds
[2024-06-11T16:51:07.844+0200] {processor.py:161} INFO - Started process (PID=6024) to work on /Users/noejalabert/airflow_venv/lib/python3.11/site-packages/airflow/example_dags/example_sensor_decorator.py
[2024-06-11T16:51:07.845+0200] {processor.py:830} INFO - Processing file /Users/noejalabert/airflow_venv/lib/python3.11/site-packages/airflow/example_dags/example_sensor_decorator.py for tasks to queue
[2024-06-11T16:51:07.846+0200] {logging_mixin.py:188} INFO - [2024-06-11T16:51:07.846+0200] {dagbag.py:540} INFO - Filling up the DagBag from /Users/noejalabert/airflow_venv/lib/python3.11/site-packages/airflow/example_dags/example_sensor_decorator.py
[2024-06-11T16:51:07.863+0200] {processor.py:840} INFO - DAG(s) 'example_sensor_decorator' retrieved from /Users/noejalabert/airflow_venv/lib/python3.11/site-packages/airflow/example_dags/example_sensor_decorator.py
[2024-06-11T16:51:07.913+0200] {logging_mixin.py:188} INFO - [2024-06-11T16:51:07.913+0200] {dag.py:3096} INFO - Sync 1 DAGs
[2024-06-11T16:51:07.917+0200] {logging_mixin.py:188} INFO - [2024-06-11T16:51:07.917+0200] {dag.py:3954} INFO - Setting next_dagrun for example_sensor_decorator to None, run_after=None
[2024-06-11T16:51:07.925+0200] {processor.py:183} INFO - Processing /Users/noejalabert/airflow_venv/lib/python3.11/site-packages/airflow/example_dags/example_sensor_decorator.py took 0.082 seconds
