[2024-06-11T16:35:39.266+0200] {processor.py:161} INFO - Started process (PID=4950) to work on /Users/noejalabert/airflow_venv/lib/python3.11/site-packages/airflow/example_dags/example_datasets.py
[2024-06-11T16:35:39.267+0200] {processor.py:830} INFO - Processing file /Users/noejalabert/airflow_venv/lib/python3.11/site-packages/airflow/example_dags/example_datasets.py for tasks to queue
[2024-06-11T16:35:39.267+0200] {logging_mixin.py:188} INFO - [2024-06-11T16:35:39.267+0200] {dagbag.py:540} INFO - Filling up the DagBag from /Users/noejalabert/airflow_venv/lib/python3.11/site-packages/airflow/example_dags/example_datasets.py
[2024-06-11T16:35:39.293+0200] {processor.py:840} INFO - DAG(s) 'dataset_consumes_1_and_2', 'dataset_consumes_unknown_never_scheduled', 'dataset_consumes_1', 'dataset_consumes_1_never_scheduled', 'consume_1_and_2_with_dataset_expressions', 'conditional_dataset_and_time_based_timetable', 'consume_1_or_both_2_and_3_with_dataset_expressions', 'dataset_produces_1', 'dataset_produces_2', 'consume_1_or_2_with_dataset_expressions' retrieved from /Users/noejalabert/airflow_venv/lib/python3.11/site-packages/airflow/example_dags/example_datasets.py
[2024-06-11T16:35:39.400+0200] {logging_mixin.py:188} INFO - [2024-06-11T16:35:39.399+0200] {dag.py:3096} INFO - Sync 10 DAGs
[2024-06-11T16:35:39.438+0200] {logging_mixin.py:188} INFO - [2024-06-11T16:35:39.438+0200] {dag.py:3954} INFO - Setting next_dagrun for conditional_dataset_and_time_based_timetable to 2024-06-05 01:00:00+00:00, run_after=2024-06-05 01:00:00+00:00
[2024-06-11T16:35:39.439+0200] {logging_mixin.py:188} INFO - [2024-06-11T16:35:39.439+0200] {dag.py:3954} INFO - Setting next_dagrun for consume_1_and_2_with_dataset_expressions to None, run_after=None
[2024-06-11T16:35:39.440+0200] {logging_mixin.py:188} INFO - [2024-06-11T16:35:39.440+0200] {dag.py:3954} INFO - Setting next_dagrun for consume_1_or_2_with_dataset_expressions to None, run_after=None
[2024-06-11T16:35:39.440+0200] {logging_mixin.py:188} INFO - [2024-06-11T16:35:39.440+0200] {dag.py:3954} INFO - Setting next_dagrun for consume_1_or_both_2_and_3_with_dataset_expressions to None, run_after=None
[2024-06-11T16:35:39.441+0200] {logging_mixin.py:188} INFO - [2024-06-11T16:35:39.440+0200] {dag.py:3954} INFO - Setting next_dagrun for dataset_consumes_1 to None, run_after=None
[2024-06-11T16:35:39.441+0200] {logging_mixin.py:188} INFO - [2024-06-11T16:35:39.441+0200] {dag.py:3954} INFO - Setting next_dagrun for dataset_consumes_1_and_2 to None, run_after=None
[2024-06-11T16:35:39.441+0200] {logging_mixin.py:188} INFO - [2024-06-11T16:35:39.441+0200] {dag.py:3954} INFO - Setting next_dagrun for dataset_consumes_1_never_scheduled to None, run_after=None
[2024-06-11T16:35:39.442+0200] {logging_mixin.py:188} INFO - [2024-06-11T16:35:39.442+0200] {dag.py:3954} INFO - Setting next_dagrun for dataset_consumes_unknown_never_scheduled to None, run_after=None
[2024-06-11T16:35:39.442+0200] {logging_mixin.py:188} INFO - [2024-06-11T16:35:39.442+0200] {dag.py:3954} INFO - Setting next_dagrun for dataset_produces_1 to 2024-06-10 00:00:00+00:00, run_after=2024-06-11 00:00:00+00:00
[2024-06-11T16:35:39.443+0200] {logging_mixin.py:188} INFO - [2024-06-11T16:35:39.443+0200] {dag.py:3954} INFO - Setting next_dagrun for dataset_produces_2 to None, run_after=None
[2024-06-11T16:35:39.455+0200] {processor.py:183} INFO - Processing /Users/noejalabert/airflow_venv/lib/python3.11/site-packages/airflow/example_dags/example_datasets.py took 0.190 seconds
[2024-06-11T16:37:14.420+0200] {processor.py:161} INFO - Started process (PID=5039) to work on /Users/noejalabert/airflow_venv/lib/python3.11/site-packages/airflow/example_dags/example_datasets.py
[2024-06-11T16:37:14.421+0200] {processor.py:830} INFO - Processing file /Users/noejalabert/airflow_venv/lib/python3.11/site-packages/airflow/example_dags/example_datasets.py for tasks to queue
[2024-06-11T16:37:14.421+0200] {logging_mixin.py:188} INFO - [2024-06-11T16:37:14.421+0200] {dagbag.py:540} INFO - Filling up the DagBag from /Users/noejalabert/airflow_venv/lib/python3.11/site-packages/airflow/example_dags/example_datasets.py
[2024-06-11T16:37:14.449+0200] {processor.py:840} INFO - DAG(s) 'conditional_dataset_and_time_based_timetable', 'dataset_consumes_1_never_scheduled', 'dataset_consumes_unknown_never_scheduled', 'consume_1_or_both_2_and_3_with_dataset_expressions', 'dataset_consumes_1', 'dataset_consumes_1_and_2', 'dataset_produces_2', 'consume_1_or_2_with_dataset_expressions', 'consume_1_and_2_with_dataset_expressions', 'dataset_produces_1' retrieved from /Users/noejalabert/airflow_venv/lib/python3.11/site-packages/airflow/example_dags/example_datasets.py
[2024-06-11T16:37:14.513+0200] {logging_mixin.py:188} INFO - [2024-06-11T16:37:14.513+0200] {dag.py:3096} INFO - Sync 10 DAGs
[2024-06-11T16:37:14.522+0200] {logging_mixin.py:188} INFO - [2024-06-11T16:37:14.522+0200] {dag.py:3954} INFO - Setting next_dagrun for conditional_dataset_and_time_based_timetable to 2024-06-05 01:00:00+00:00, run_after=2024-06-05 01:00:00+00:00
[2024-06-11T16:37:14.524+0200] {logging_mixin.py:188} INFO - [2024-06-11T16:37:14.524+0200] {dag.py:3954} INFO - Setting next_dagrun for consume_1_and_2_with_dataset_expressions to None, run_after=None
[2024-06-11T16:37:14.524+0200] {logging_mixin.py:188} INFO - [2024-06-11T16:37:14.524+0200] {dag.py:3954} INFO - Setting next_dagrun for consume_1_or_2_with_dataset_expressions to None, run_after=None
[2024-06-11T16:37:14.525+0200] {logging_mixin.py:188} INFO - [2024-06-11T16:37:14.525+0200] {dag.py:3954} INFO - Setting next_dagrun for consume_1_or_both_2_and_3_with_dataset_expressions to None, run_after=None
[2024-06-11T16:37:14.525+0200] {logging_mixin.py:188} INFO - [2024-06-11T16:37:14.525+0200] {dag.py:3954} INFO - Setting next_dagrun for dataset_consumes_1 to None, run_after=None
[2024-06-11T16:37:14.525+0200] {logging_mixin.py:188} INFO - [2024-06-11T16:37:14.525+0200] {dag.py:3954} INFO - Setting next_dagrun for dataset_consumes_1_and_2 to None, run_after=None
[2024-06-11T16:37:14.526+0200] {logging_mixin.py:188} INFO - [2024-06-11T16:37:14.526+0200] {dag.py:3954} INFO - Setting next_dagrun for dataset_consumes_1_never_scheduled to None, run_after=None
[2024-06-11T16:37:14.526+0200] {logging_mixin.py:188} INFO - [2024-06-11T16:37:14.526+0200] {dag.py:3954} INFO - Setting next_dagrun for dataset_consumes_unknown_never_scheduled to None, run_after=None
[2024-06-11T16:37:14.527+0200] {logging_mixin.py:188} INFO - [2024-06-11T16:37:14.527+0200] {dag.py:3954} INFO - Setting next_dagrun for dataset_produces_1 to 2024-06-10 00:00:00+00:00, run_after=2024-06-11 00:00:00+00:00
[2024-06-11T16:37:14.527+0200] {logging_mixin.py:188} INFO - [2024-06-11T16:37:14.527+0200] {dag.py:3954} INFO - Setting next_dagrun for dataset_produces_2 to None, run_after=None
[2024-06-11T16:37:14.540+0200] {processor.py:183} INFO - Processing /Users/noejalabert/airflow_venv/lib/python3.11/site-packages/airflow/example_dags/example_datasets.py took 0.122 seconds
[2024-06-11T16:38:44.302+0200] {processor.py:161} INFO - Started process (PID=5133) to work on /Users/noejalabert/airflow_venv/lib/python3.11/site-packages/airflow/example_dags/example_datasets.py
[2024-06-11T16:38:44.302+0200] {processor.py:830} INFO - Processing file /Users/noejalabert/airflow_venv/lib/python3.11/site-packages/airflow/example_dags/example_datasets.py for tasks to queue
[2024-06-11T16:38:44.303+0200] {logging_mixin.py:188} INFO - [2024-06-11T16:38:44.302+0200] {dagbag.py:540} INFO - Filling up the DagBag from /Users/noejalabert/airflow_venv/lib/python3.11/site-packages/airflow/example_dags/example_datasets.py
[2024-06-11T16:38:44.322+0200] {processor.py:840} INFO - DAG(s) 'dataset_consumes_1', 'consume_1_or_2_with_dataset_expressions', 'dataset_consumes_1_never_scheduled', 'dataset_produces_1', 'consume_1_and_2_with_dataset_expressions', 'consume_1_or_both_2_and_3_with_dataset_expressions', 'dataset_produces_2', 'dataset_consumes_1_and_2', 'dataset_consumes_unknown_never_scheduled', 'conditional_dataset_and_time_based_timetable' retrieved from /Users/noejalabert/airflow_venv/lib/python3.11/site-packages/airflow/example_dags/example_datasets.py
[2024-06-11T16:38:44.380+0200] {logging_mixin.py:188} INFO - [2024-06-11T16:38:44.380+0200] {dag.py:3096} INFO - Sync 10 DAGs
[2024-06-11T16:38:44.388+0200] {logging_mixin.py:188} INFO - [2024-06-11T16:38:44.388+0200] {dag.py:3954} INFO - Setting next_dagrun for conditional_dataset_and_time_based_timetable to 2024-06-05 01:00:00+00:00, run_after=2024-06-05 01:00:00+00:00
[2024-06-11T16:38:44.390+0200] {logging_mixin.py:188} INFO - [2024-06-11T16:38:44.389+0200] {dag.py:3954} INFO - Setting next_dagrun for consume_1_and_2_with_dataset_expressions to None, run_after=None
[2024-06-11T16:38:44.390+0200] {logging_mixin.py:188} INFO - [2024-06-11T16:38:44.390+0200] {dag.py:3954} INFO - Setting next_dagrun for consume_1_or_2_with_dataset_expressions to None, run_after=None
[2024-06-11T16:38:44.390+0200] {logging_mixin.py:188} INFO - [2024-06-11T16:38:44.390+0200] {dag.py:3954} INFO - Setting next_dagrun for consume_1_or_both_2_and_3_with_dataset_expressions to None, run_after=None
[2024-06-11T16:38:44.391+0200] {logging_mixin.py:188} INFO - [2024-06-11T16:38:44.391+0200] {dag.py:3954} INFO - Setting next_dagrun for dataset_consumes_1 to None, run_after=None
[2024-06-11T16:38:44.391+0200] {logging_mixin.py:188} INFO - [2024-06-11T16:38:44.391+0200] {dag.py:3954} INFO - Setting next_dagrun for dataset_consumes_1_and_2 to None, run_after=None
[2024-06-11T16:38:44.391+0200] {logging_mixin.py:188} INFO - [2024-06-11T16:38:44.391+0200] {dag.py:3954} INFO - Setting next_dagrun for dataset_consumes_1_never_scheduled to None, run_after=None
[2024-06-11T16:38:44.392+0200] {logging_mixin.py:188} INFO - [2024-06-11T16:38:44.392+0200] {dag.py:3954} INFO - Setting next_dagrun for dataset_consumes_unknown_never_scheduled to None, run_after=None
[2024-06-11T16:38:44.392+0200] {logging_mixin.py:188} INFO - [2024-06-11T16:38:44.392+0200] {dag.py:3954} INFO - Setting next_dagrun for dataset_produces_1 to 2024-06-10 00:00:00+00:00, run_after=2024-06-11 00:00:00+00:00
[2024-06-11T16:38:44.393+0200] {logging_mixin.py:188} INFO - [2024-06-11T16:38:44.393+0200] {dag.py:3954} INFO - Setting next_dagrun for dataset_produces_2 to None, run_after=None
[2024-06-11T16:38:44.404+0200] {processor.py:183} INFO - Processing /Users/noejalabert/airflow_venv/lib/python3.11/site-packages/airflow/example_dags/example_datasets.py took 0.104 seconds
[2024-06-11T16:40:13.623+0200] {processor.py:161} INFO - Started process (PID=5210) to work on /Users/noejalabert/airflow_venv/lib/python3.11/site-packages/airflow/example_dags/example_datasets.py
[2024-06-11T16:40:13.624+0200] {processor.py:830} INFO - Processing file /Users/noejalabert/airflow_venv/lib/python3.11/site-packages/airflow/example_dags/example_datasets.py for tasks to queue
[2024-06-11T16:40:13.624+0200] {logging_mixin.py:188} INFO - [2024-06-11T16:40:13.624+0200] {dagbag.py:540} INFO - Filling up the DagBag from /Users/noejalabert/airflow_venv/lib/python3.11/site-packages/airflow/example_dags/example_datasets.py
[2024-06-11T16:40:13.644+0200] {processor.py:840} INFO - DAG(s) 'consume_1_or_2_with_dataset_expressions', 'dataset_consumes_unknown_never_scheduled', 'dataset_consumes_1_and_2', 'dataset_produces_1', 'dataset_produces_2', 'conditional_dataset_and_time_based_timetable', 'dataset_consumes_1', 'consume_1_and_2_with_dataset_expressions', 'consume_1_or_both_2_and_3_with_dataset_expressions', 'dataset_consumes_1_never_scheduled' retrieved from /Users/noejalabert/airflow_venv/lib/python3.11/site-packages/airflow/example_dags/example_datasets.py
[2024-06-11T16:40:13.708+0200] {logging_mixin.py:188} INFO - [2024-06-11T16:40:13.707+0200] {dag.py:3096} INFO - Sync 10 DAGs
[2024-06-11T16:40:13.716+0200] {logging_mixin.py:188} INFO - [2024-06-11T16:40:13.716+0200] {dag.py:3954} INFO - Setting next_dagrun for conditional_dataset_and_time_based_timetable to 2024-06-05 01:00:00+00:00, run_after=2024-06-05 01:00:00+00:00
[2024-06-11T16:40:13.718+0200] {logging_mixin.py:188} INFO - [2024-06-11T16:40:13.718+0200] {dag.py:3954} INFO - Setting next_dagrun for consume_1_and_2_with_dataset_expressions to None, run_after=None
[2024-06-11T16:40:13.718+0200] {logging_mixin.py:188} INFO - [2024-06-11T16:40:13.718+0200] {dag.py:3954} INFO - Setting next_dagrun for consume_1_or_2_with_dataset_expressions to None, run_after=None
[2024-06-11T16:40:13.719+0200] {logging_mixin.py:188} INFO - [2024-06-11T16:40:13.719+0200] {dag.py:3954} INFO - Setting next_dagrun for consume_1_or_both_2_and_3_with_dataset_expressions to None, run_after=None
[2024-06-11T16:40:13.719+0200] {logging_mixin.py:188} INFO - [2024-06-11T16:40:13.719+0200] {dag.py:3954} INFO - Setting next_dagrun for dataset_consumes_1 to None, run_after=None
[2024-06-11T16:40:13.719+0200] {logging_mixin.py:188} INFO - [2024-06-11T16:40:13.719+0200] {dag.py:3954} INFO - Setting next_dagrun for dataset_consumes_1_and_2 to None, run_after=None
[2024-06-11T16:40:13.720+0200] {logging_mixin.py:188} INFO - [2024-06-11T16:40:13.720+0200] {dag.py:3954} INFO - Setting next_dagrun for dataset_consumes_1_never_scheduled to None, run_after=None
[2024-06-11T16:40:13.720+0200] {logging_mixin.py:188} INFO - [2024-06-11T16:40:13.720+0200] {dag.py:3954} INFO - Setting next_dagrun for dataset_consumes_unknown_never_scheduled to None, run_after=None
[2024-06-11T16:40:13.721+0200] {logging_mixin.py:188} INFO - [2024-06-11T16:40:13.721+0200] {dag.py:3954} INFO - Setting next_dagrun for dataset_produces_1 to 2024-06-10 00:00:00+00:00, run_after=2024-06-11 00:00:00+00:00
[2024-06-11T16:40:13.721+0200] {logging_mixin.py:188} INFO - [2024-06-11T16:40:13.721+0200] {dag.py:3954} INFO - Setting next_dagrun for dataset_produces_2 to None, run_after=None
[2024-06-11T16:40:13.733+0200] {processor.py:183} INFO - Processing /Users/noejalabert/airflow_venv/lib/python3.11/site-packages/airflow/example_dags/example_datasets.py took 0.111 seconds
[2024-06-11T16:41:41.082+0200] {processor.py:161} INFO - Started process (PID=5328) to work on /Users/noejalabert/airflow_venv/lib/python3.11/site-packages/airflow/example_dags/example_datasets.py
[2024-06-11T16:41:41.085+0200] {processor.py:830} INFO - Processing file /Users/noejalabert/airflow_venv/lib/python3.11/site-packages/airflow/example_dags/example_datasets.py for tasks to queue
[2024-06-11T16:41:41.086+0200] {logging_mixin.py:188} INFO - [2024-06-11T16:41:41.086+0200] {dagbag.py:540} INFO - Filling up the DagBag from /Users/noejalabert/airflow_venv/lib/python3.11/site-packages/airflow/example_dags/example_datasets.py
[2024-06-11T16:41:41.117+0200] {processor.py:840} INFO - DAG(s) 'dataset_consumes_1_never_scheduled', 'consume_1_or_2_with_dataset_expressions', 'dataset_consumes_unknown_never_scheduled', 'dataset_consumes_1_and_2', 'dataset_produces_2', 'dataset_consumes_1', 'consume_1_and_2_with_dataset_expressions', 'conditional_dataset_and_time_based_timetable', 'consume_1_or_both_2_and_3_with_dataset_expressions', 'dataset_produces_1' retrieved from /Users/noejalabert/airflow_venv/lib/python3.11/site-packages/airflow/example_dags/example_datasets.py
[2024-06-11T16:41:41.180+0200] {logging_mixin.py:188} INFO - [2024-06-11T16:41:41.180+0200] {dag.py:3096} INFO - Sync 10 DAGs
[2024-06-11T16:41:41.189+0200] {logging_mixin.py:188} INFO - [2024-06-11T16:41:41.189+0200] {dag.py:3954} INFO - Setting next_dagrun for conditional_dataset_and_time_based_timetable to 2024-06-05 01:00:00+00:00, run_after=2024-06-05 01:00:00+00:00
[2024-06-11T16:41:41.190+0200] {logging_mixin.py:188} INFO - [2024-06-11T16:41:41.190+0200] {dag.py:3954} INFO - Setting next_dagrun for consume_1_and_2_with_dataset_expressions to None, run_after=None
[2024-06-11T16:41:41.190+0200] {logging_mixin.py:188} INFO - [2024-06-11T16:41:41.190+0200] {dag.py:3954} INFO - Setting next_dagrun for consume_1_or_2_with_dataset_expressions to None, run_after=None
[2024-06-11T16:41:41.191+0200] {logging_mixin.py:188} INFO - [2024-06-11T16:41:41.191+0200] {dag.py:3954} INFO - Setting next_dagrun for consume_1_or_both_2_and_3_with_dataset_expressions to None, run_after=None
[2024-06-11T16:41:41.191+0200] {logging_mixin.py:188} INFO - [2024-06-11T16:41:41.191+0200] {dag.py:3954} INFO - Setting next_dagrun for dataset_consumes_1 to None, run_after=None
[2024-06-11T16:41:41.192+0200] {logging_mixin.py:188} INFO - [2024-06-11T16:41:41.192+0200] {dag.py:3954} INFO - Setting next_dagrun for dataset_consumes_1_and_2 to None, run_after=None
[2024-06-11T16:41:41.192+0200] {logging_mixin.py:188} INFO - [2024-06-11T16:41:41.192+0200] {dag.py:3954} INFO - Setting next_dagrun for dataset_consumes_1_never_scheduled to None, run_after=None
[2024-06-11T16:41:41.192+0200] {logging_mixin.py:188} INFO - [2024-06-11T16:41:41.192+0200] {dag.py:3954} INFO - Setting next_dagrun for dataset_consumes_unknown_never_scheduled to None, run_after=None
[2024-06-11T16:41:41.193+0200] {logging_mixin.py:188} INFO - [2024-06-11T16:41:41.193+0200] {dag.py:3954} INFO - Setting next_dagrun for dataset_produces_1 to 2024-06-10 00:00:00+00:00, run_after=2024-06-11 00:00:00+00:00
[2024-06-11T16:41:41.194+0200] {logging_mixin.py:188} INFO - [2024-06-11T16:41:41.194+0200] {dag.py:3954} INFO - Setting next_dagrun for dataset_produces_2 to None, run_after=None
[2024-06-11T16:41:41.206+0200] {processor.py:183} INFO - Processing /Users/noejalabert/airflow_venv/lib/python3.11/site-packages/airflow/example_dags/example_datasets.py took 0.126 seconds
[2024-06-11T16:43:12.499+0200] {processor.py:161} INFO - Started process (PID=5433) to work on /Users/noejalabert/airflow_venv/lib/python3.11/site-packages/airflow/example_dags/example_datasets.py
[2024-06-11T16:43:12.500+0200] {processor.py:830} INFO - Processing file /Users/noejalabert/airflow_venv/lib/python3.11/site-packages/airflow/example_dags/example_datasets.py for tasks to queue
[2024-06-11T16:43:12.500+0200] {logging_mixin.py:188} INFO - [2024-06-11T16:43:12.500+0200] {dagbag.py:540} INFO - Filling up the DagBag from /Users/noejalabert/airflow_venv/lib/python3.11/site-packages/airflow/example_dags/example_datasets.py
[2024-06-11T16:43:12.527+0200] {processor.py:840} INFO - DAG(s) 'consume_1_or_2_with_dataset_expressions', 'consume_1_or_both_2_and_3_with_dataset_expressions', 'conditional_dataset_and_time_based_timetable', 'dataset_consumes_1_never_scheduled', 'dataset_consumes_unknown_never_scheduled', 'consume_1_and_2_with_dataset_expressions', 'dataset_consumes_1_and_2', 'dataset_produces_1', 'dataset_consumes_1', 'dataset_produces_2' retrieved from /Users/noejalabert/airflow_venv/lib/python3.11/site-packages/airflow/example_dags/example_datasets.py
[2024-06-11T16:43:12.592+0200] {logging_mixin.py:188} INFO - [2024-06-11T16:43:12.592+0200] {dag.py:3096} INFO - Sync 10 DAGs
[2024-06-11T16:43:12.601+0200] {logging_mixin.py:188} INFO - [2024-06-11T16:43:12.601+0200] {dag.py:3954} INFO - Setting next_dagrun for conditional_dataset_and_time_based_timetable to 2024-06-05 01:00:00+00:00, run_after=2024-06-05 01:00:00+00:00
[2024-06-11T16:43:12.603+0200] {logging_mixin.py:188} INFO - [2024-06-11T16:43:12.603+0200] {dag.py:3954} INFO - Setting next_dagrun for consume_1_and_2_with_dataset_expressions to None, run_after=None
[2024-06-11T16:43:12.603+0200] {logging_mixin.py:188} INFO - [2024-06-11T16:43:12.603+0200] {dag.py:3954} INFO - Setting next_dagrun for consume_1_or_2_with_dataset_expressions to None, run_after=None
[2024-06-11T16:43:12.603+0200] {logging_mixin.py:188} INFO - [2024-06-11T16:43:12.603+0200] {dag.py:3954} INFO - Setting next_dagrun for consume_1_or_both_2_and_3_with_dataset_expressions to None, run_after=None
[2024-06-11T16:43:12.604+0200] {logging_mixin.py:188} INFO - [2024-06-11T16:43:12.604+0200] {dag.py:3954} INFO - Setting next_dagrun for dataset_consumes_1 to None, run_after=None
[2024-06-11T16:43:12.604+0200] {logging_mixin.py:188} INFO - [2024-06-11T16:43:12.604+0200] {dag.py:3954} INFO - Setting next_dagrun for dataset_consumes_1_and_2 to None, run_after=None
[2024-06-11T16:43:12.605+0200] {logging_mixin.py:188} INFO - [2024-06-11T16:43:12.604+0200] {dag.py:3954} INFO - Setting next_dagrun for dataset_consumes_1_never_scheduled to None, run_after=None
[2024-06-11T16:43:12.605+0200] {logging_mixin.py:188} INFO - [2024-06-11T16:43:12.605+0200] {dag.py:3954} INFO - Setting next_dagrun for dataset_consumes_unknown_never_scheduled to None, run_after=None
[2024-06-11T16:43:12.606+0200] {logging_mixin.py:188} INFO - [2024-06-11T16:43:12.606+0200] {dag.py:3954} INFO - Setting next_dagrun for dataset_produces_1 to 2024-06-10 00:00:00+00:00, run_after=2024-06-11 00:00:00+00:00
[2024-06-11T16:43:12.606+0200] {logging_mixin.py:188} INFO - [2024-06-11T16:43:12.606+0200] {dag.py:3954} INFO - Setting next_dagrun for dataset_produces_2 to None, run_after=None
[2024-06-11T16:43:12.620+0200] {processor.py:183} INFO - Processing /Users/noejalabert/airflow_venv/lib/python3.11/site-packages/airflow/example_dags/example_datasets.py took 0.122 seconds
[2024-06-11T16:45:37.673+0200] {processor.py:161} INFO - Started process (PID=5612) to work on /Users/noejalabert/airflow_venv/lib/python3.11/site-packages/airflow/example_dags/example_datasets.py
[2024-06-11T16:45:37.674+0200] {processor.py:830} INFO - Processing file /Users/noejalabert/airflow_venv/lib/python3.11/site-packages/airflow/example_dags/example_datasets.py for tasks to queue
[2024-06-11T16:45:37.674+0200] {logging_mixin.py:188} INFO - [2024-06-11T16:45:37.674+0200] {dagbag.py:540} INFO - Filling up the DagBag from /Users/noejalabert/airflow_venv/lib/python3.11/site-packages/airflow/example_dags/example_datasets.py
[2024-06-11T16:45:37.695+0200] {processor.py:840} INFO - DAG(s) 'consume_1_or_2_with_dataset_expressions', 'consume_1_and_2_with_dataset_expressions', 'dataset_produces_1', 'conditional_dataset_and_time_based_timetable', 'dataset_consumes_1', 'dataset_consumes_unknown_never_scheduled', 'dataset_consumes_1_never_scheduled', 'consume_1_or_both_2_and_3_with_dataset_expressions', 'dataset_produces_2', 'dataset_consumes_1_and_2' retrieved from /Users/noejalabert/airflow_venv/lib/python3.11/site-packages/airflow/example_dags/example_datasets.py
[2024-06-11T16:45:37.804+0200] {logging_mixin.py:188} INFO - [2024-06-11T16:45:37.804+0200] {dag.py:3096} INFO - Sync 10 DAGs
[2024-06-11T16:45:37.841+0200] {logging_mixin.py:188} INFO - [2024-06-11T16:45:37.841+0200] {dag.py:3954} INFO - Setting next_dagrun for conditional_dataset_and_time_based_timetable to 2024-06-05 01:00:00+00:00, run_after=2024-06-05 01:00:00+00:00
[2024-06-11T16:45:37.842+0200] {logging_mixin.py:188} INFO - [2024-06-11T16:45:37.842+0200] {dag.py:3954} INFO - Setting next_dagrun for consume_1_and_2_with_dataset_expressions to None, run_after=None
[2024-06-11T16:45:37.843+0200] {logging_mixin.py:188} INFO - [2024-06-11T16:45:37.843+0200] {dag.py:3954} INFO - Setting next_dagrun for consume_1_or_2_with_dataset_expressions to None, run_after=None
[2024-06-11T16:45:37.843+0200] {logging_mixin.py:188} INFO - [2024-06-11T16:45:37.843+0200] {dag.py:3954} INFO - Setting next_dagrun for consume_1_or_both_2_and_3_with_dataset_expressions to None, run_after=None
[2024-06-11T16:45:37.844+0200] {logging_mixin.py:188} INFO - [2024-06-11T16:45:37.843+0200] {dag.py:3954} INFO - Setting next_dagrun for dataset_consumes_1 to None, run_after=None
[2024-06-11T16:45:37.844+0200] {logging_mixin.py:188} INFO - [2024-06-11T16:45:37.844+0200] {dag.py:3954} INFO - Setting next_dagrun for dataset_consumes_1_and_2 to None, run_after=None
[2024-06-11T16:45:37.844+0200] {logging_mixin.py:188} INFO - [2024-06-11T16:45:37.844+0200] {dag.py:3954} INFO - Setting next_dagrun for dataset_consumes_1_never_scheduled to None, run_after=None
[2024-06-11T16:45:37.845+0200] {logging_mixin.py:188} INFO - [2024-06-11T16:45:37.845+0200] {dag.py:3954} INFO - Setting next_dagrun for dataset_consumes_unknown_never_scheduled to None, run_after=None
[2024-06-11T16:45:37.845+0200] {logging_mixin.py:188} INFO - [2024-06-11T16:45:37.845+0200] {dag.py:3954} INFO - Setting next_dagrun for dataset_produces_1 to 2024-06-10 00:00:00+00:00, run_after=2024-06-11 00:00:00+00:00
[2024-06-11T16:45:37.846+0200] {logging_mixin.py:188} INFO - [2024-06-11T16:45:37.846+0200] {dag.py:3954} INFO - Setting next_dagrun for dataset_produces_2 to None, run_after=None
[2024-06-11T16:45:37.858+0200] {processor.py:183} INFO - Processing /Users/noejalabert/airflow_venv/lib/python3.11/site-packages/airflow/example_dags/example_datasets.py took 0.187 seconds
[2024-06-11T16:47:12.165+0200] {processor.py:161} INFO - Started process (PID=5753) to work on /Users/noejalabert/airflow_venv/lib/python3.11/site-packages/airflow/example_dags/example_datasets.py
[2024-06-11T16:47:12.167+0200] {processor.py:830} INFO - Processing file /Users/noejalabert/airflow_venv/lib/python3.11/site-packages/airflow/example_dags/example_datasets.py for tasks to queue
[2024-06-11T16:47:12.168+0200] {logging_mixin.py:188} INFO - [2024-06-11T16:47:12.168+0200] {dagbag.py:540} INFO - Filling up the DagBag from /Users/noejalabert/airflow_venv/lib/python3.11/site-packages/airflow/example_dags/example_datasets.py
[2024-06-11T16:47:12.208+0200] {processor.py:840} INFO - DAG(s) 'consume_1_and_2_with_dataset_expressions', 'consume_1_or_both_2_and_3_with_dataset_expressions', 'dataset_consumes_1_never_scheduled', 'dataset_produces_2', 'dataset_produces_1', 'consume_1_or_2_with_dataset_expressions', 'conditional_dataset_and_time_based_timetable', 'dataset_consumes_1', 'dataset_consumes_1_and_2', 'dataset_consumes_unknown_never_scheduled' retrieved from /Users/noejalabert/airflow_venv/lib/python3.11/site-packages/airflow/example_dags/example_datasets.py
[2024-06-11T16:47:12.281+0200] {logging_mixin.py:188} INFO - [2024-06-11T16:47:12.280+0200] {dag.py:3096} INFO - Sync 10 DAGs
[2024-06-11T16:47:12.290+0200] {logging_mixin.py:188} INFO - [2024-06-11T16:47:12.290+0200] {dag.py:3954} INFO - Setting next_dagrun for conditional_dataset_and_time_based_timetable to 2024-06-05 01:00:00+00:00, run_after=2024-06-05 01:00:00+00:00
[2024-06-11T16:47:12.291+0200] {logging_mixin.py:188} INFO - [2024-06-11T16:47:12.291+0200] {dag.py:3954} INFO - Setting next_dagrun for consume_1_and_2_with_dataset_expressions to None, run_after=None
[2024-06-11T16:47:12.292+0200] {logging_mixin.py:188} INFO - [2024-06-11T16:47:12.291+0200] {dag.py:3954} INFO - Setting next_dagrun for consume_1_or_2_with_dataset_expressions to None, run_after=None
[2024-06-11T16:47:12.292+0200] {logging_mixin.py:188} INFO - [2024-06-11T16:47:12.292+0200] {dag.py:3954} INFO - Setting next_dagrun for consume_1_or_both_2_and_3_with_dataset_expressions to None, run_after=None
[2024-06-11T16:47:12.292+0200] {logging_mixin.py:188} INFO - [2024-06-11T16:47:12.292+0200] {dag.py:3954} INFO - Setting next_dagrun for dataset_consumes_1 to None, run_after=None
[2024-06-11T16:47:12.293+0200] {logging_mixin.py:188} INFO - [2024-06-11T16:47:12.293+0200] {dag.py:3954} INFO - Setting next_dagrun for dataset_consumes_1_and_2 to None, run_after=None
[2024-06-11T16:47:12.293+0200] {logging_mixin.py:188} INFO - [2024-06-11T16:47:12.293+0200] {dag.py:3954} INFO - Setting next_dagrun for dataset_consumes_1_never_scheduled to None, run_after=None
[2024-06-11T16:47:12.293+0200] {logging_mixin.py:188} INFO - [2024-06-11T16:47:12.293+0200] {dag.py:3954} INFO - Setting next_dagrun for dataset_consumes_unknown_never_scheduled to None, run_after=None
[2024-06-11T16:47:12.294+0200] {logging_mixin.py:188} INFO - [2024-06-11T16:47:12.294+0200] {dag.py:3954} INFO - Setting next_dagrun for dataset_produces_1 to 2024-06-10 00:00:00+00:00, run_after=2024-06-11 00:00:00+00:00
[2024-06-11T16:47:12.294+0200] {logging_mixin.py:188} INFO - [2024-06-11T16:47:12.294+0200] {dag.py:3954} INFO - Setting next_dagrun for dataset_produces_2 to None, run_after=None
[2024-06-11T16:47:12.307+0200] {processor.py:183} INFO - Processing /Users/noejalabert/airflow_venv/lib/python3.11/site-packages/airflow/example_dags/example_datasets.py took 0.144 seconds
[2024-06-11T16:48:36.186+0200] {processor.py:161} INFO - Started process (PID=5848) to work on /Users/noejalabert/airflow_venv/lib/python3.11/site-packages/airflow/example_dags/example_datasets.py
[2024-06-11T16:48:36.188+0200] {processor.py:830} INFO - Processing file /Users/noejalabert/airflow_venv/lib/python3.11/site-packages/airflow/example_dags/example_datasets.py for tasks to queue
[2024-06-11T16:48:36.188+0200] {logging_mixin.py:188} INFO - [2024-06-11T16:48:36.188+0200] {dagbag.py:540} INFO - Filling up the DagBag from /Users/noejalabert/airflow_venv/lib/python3.11/site-packages/airflow/example_dags/example_datasets.py
[2024-06-11T16:48:36.214+0200] {processor.py:840} INFO - DAG(s) 'consume_1_or_both_2_and_3_with_dataset_expressions', 'dataset_produces_2', 'dataset_produces_1', 'dataset_consumes_1_never_scheduled', 'dataset_consumes_1_and_2', 'consume_1_or_2_with_dataset_expressions', 'dataset_consumes_unknown_never_scheduled', 'dataset_consumes_1', 'conditional_dataset_and_time_based_timetable', 'consume_1_and_2_with_dataset_expressions' retrieved from /Users/noejalabert/airflow_venv/lib/python3.11/site-packages/airflow/example_dags/example_datasets.py
[2024-06-11T16:48:36.273+0200] {logging_mixin.py:188} INFO - [2024-06-11T16:48:36.273+0200] {dag.py:3096} INFO - Sync 10 DAGs
[2024-06-11T16:48:36.281+0200] {logging_mixin.py:188} INFO - [2024-06-11T16:48:36.281+0200] {dag.py:3954} INFO - Setting next_dagrun for conditional_dataset_and_time_based_timetable to 2024-06-05 01:00:00+00:00, run_after=2024-06-05 01:00:00+00:00
[2024-06-11T16:48:36.283+0200] {logging_mixin.py:188} INFO - [2024-06-11T16:48:36.283+0200] {dag.py:3954} INFO - Setting next_dagrun for consume_1_and_2_with_dataset_expressions to None, run_after=None
[2024-06-11T16:48:36.283+0200] {logging_mixin.py:188} INFO - [2024-06-11T16:48:36.283+0200] {dag.py:3954} INFO - Setting next_dagrun for consume_1_or_2_with_dataset_expressions to None, run_after=None
[2024-06-11T16:48:36.283+0200] {logging_mixin.py:188} INFO - [2024-06-11T16:48:36.283+0200] {dag.py:3954} INFO - Setting next_dagrun for consume_1_or_both_2_and_3_with_dataset_expressions to None, run_after=None
[2024-06-11T16:48:36.284+0200] {logging_mixin.py:188} INFO - [2024-06-11T16:48:36.284+0200] {dag.py:3954} INFO - Setting next_dagrun for dataset_consumes_1 to None, run_after=None
[2024-06-11T16:48:36.284+0200] {logging_mixin.py:188} INFO - [2024-06-11T16:48:36.284+0200] {dag.py:3954} INFO - Setting next_dagrun for dataset_consumes_1_and_2 to None, run_after=None
[2024-06-11T16:48:36.284+0200] {logging_mixin.py:188} INFO - [2024-06-11T16:48:36.284+0200] {dag.py:3954} INFO - Setting next_dagrun for dataset_consumes_1_never_scheduled to None, run_after=None
[2024-06-11T16:48:36.285+0200] {logging_mixin.py:188} INFO - [2024-06-11T16:48:36.285+0200] {dag.py:3954} INFO - Setting next_dagrun for dataset_consumes_unknown_never_scheduled to None, run_after=None
[2024-06-11T16:48:36.286+0200] {logging_mixin.py:188} INFO - [2024-06-11T16:48:36.285+0200] {dag.py:3954} INFO - Setting next_dagrun for dataset_produces_1 to 2024-06-10 00:00:00+00:00, run_after=2024-06-11 00:00:00+00:00
[2024-06-11T16:48:36.286+0200] {logging_mixin.py:188} INFO - [2024-06-11T16:48:36.286+0200] {dag.py:3954} INFO - Setting next_dagrun for dataset_produces_2 to None, run_after=None
[2024-06-11T16:48:36.297+0200] {processor.py:183} INFO - Processing /Users/noejalabert/airflow_venv/lib/python3.11/site-packages/airflow/example_dags/example_datasets.py took 0.112 seconds
[2024-06-11T16:50:07.183+0200] {processor.py:161} INFO - Started process (PID=5946) to work on /Users/noejalabert/airflow_venv/lib/python3.11/site-packages/airflow/example_dags/example_datasets.py
[2024-06-11T16:50:07.184+0200] {processor.py:830} INFO - Processing file /Users/noejalabert/airflow_venv/lib/python3.11/site-packages/airflow/example_dags/example_datasets.py for tasks to queue
[2024-06-11T16:50:07.184+0200] {logging_mixin.py:188} INFO - [2024-06-11T16:50:07.184+0200] {dagbag.py:540} INFO - Filling up the DagBag from /Users/noejalabert/airflow_venv/lib/python3.11/site-packages/airflow/example_dags/example_datasets.py
[2024-06-11T16:50:07.205+0200] {processor.py:840} INFO - DAG(s) 'consume_1_or_2_with_dataset_expressions', 'dataset_produces_2', 'dataset_consumes_unknown_never_scheduled', 'dataset_consumes_1_never_scheduled', 'dataset_consumes_1', 'dataset_consumes_1_and_2', 'consume_1_or_both_2_and_3_with_dataset_expressions', 'consume_1_and_2_with_dataset_expressions', 'conditional_dataset_and_time_based_timetable', 'dataset_produces_1' retrieved from /Users/noejalabert/airflow_venv/lib/python3.11/site-packages/airflow/example_dags/example_datasets.py
[2024-06-11T16:50:07.263+0200] {logging_mixin.py:188} INFO - [2024-06-11T16:50:07.262+0200] {dag.py:3096} INFO - Sync 10 DAGs
[2024-06-11T16:50:07.271+0200] {logging_mixin.py:188} INFO - [2024-06-11T16:50:07.271+0200] {dag.py:3954} INFO - Setting next_dagrun for conditional_dataset_and_time_based_timetable to 2024-06-05 01:00:00+00:00, run_after=2024-06-05 01:00:00+00:00
[2024-06-11T16:50:07.272+0200] {logging_mixin.py:188} INFO - [2024-06-11T16:50:07.272+0200] {dag.py:3954} INFO - Setting next_dagrun for consume_1_and_2_with_dataset_expressions to None, run_after=None
[2024-06-11T16:50:07.273+0200] {logging_mixin.py:188} INFO - [2024-06-11T16:50:07.273+0200] {dag.py:3954} INFO - Setting next_dagrun for consume_1_or_2_with_dataset_expressions to None, run_after=None
[2024-06-11T16:50:07.273+0200] {logging_mixin.py:188} INFO - [2024-06-11T16:50:07.273+0200] {dag.py:3954} INFO - Setting next_dagrun for consume_1_or_both_2_and_3_with_dataset_expressions to None, run_after=None
[2024-06-11T16:50:07.273+0200] {logging_mixin.py:188} INFO - [2024-06-11T16:50:07.273+0200] {dag.py:3954} INFO - Setting next_dagrun for dataset_consumes_1 to None, run_after=None
[2024-06-11T16:50:07.274+0200] {logging_mixin.py:188} INFO - [2024-06-11T16:50:07.274+0200] {dag.py:3954} INFO - Setting next_dagrun for dataset_consumes_1_and_2 to None, run_after=None
[2024-06-11T16:50:07.274+0200] {logging_mixin.py:188} INFO - [2024-06-11T16:50:07.274+0200] {dag.py:3954} INFO - Setting next_dagrun for dataset_consumes_1_never_scheduled to None, run_after=None
[2024-06-11T16:50:07.274+0200] {logging_mixin.py:188} INFO - [2024-06-11T16:50:07.274+0200] {dag.py:3954} INFO - Setting next_dagrun for dataset_consumes_unknown_never_scheduled to None, run_after=None
[2024-06-11T16:50:07.275+0200] {logging_mixin.py:188} INFO - [2024-06-11T16:50:07.275+0200] {dag.py:3954} INFO - Setting next_dagrun for dataset_produces_1 to 2024-06-10 00:00:00+00:00, run_after=2024-06-11 00:00:00+00:00
[2024-06-11T16:50:07.275+0200] {logging_mixin.py:188} INFO - [2024-06-11T16:50:07.275+0200] {dag.py:3954} INFO - Setting next_dagrun for dataset_produces_2 to None, run_after=None
[2024-06-11T16:50:07.287+0200] {processor.py:183} INFO - Processing /Users/noejalabert/airflow_venv/lib/python3.11/site-packages/airflow/example_dags/example_datasets.py took 0.105 seconds
[2024-06-11T16:51:34.780+0200] {processor.py:161} INFO - Started process (PID=6061) to work on /Users/noejalabert/airflow_venv/lib/python3.11/site-packages/airflow/example_dags/example_datasets.py
[2024-06-11T16:51:34.781+0200] {processor.py:830} INFO - Processing file /Users/noejalabert/airflow_venv/lib/python3.11/site-packages/airflow/example_dags/example_datasets.py for tasks to queue
[2024-06-11T16:51:34.781+0200] {logging_mixin.py:188} INFO - [2024-06-11T16:51:34.781+0200] {dagbag.py:540} INFO - Filling up the DagBag from /Users/noejalabert/airflow_venv/lib/python3.11/site-packages/airflow/example_dags/example_datasets.py
[2024-06-11T16:51:34.809+0200] {processor.py:840} INFO - DAG(s) 'conditional_dataset_and_time_based_timetable', 'consume_1_or_both_2_and_3_with_dataset_expressions', 'consume_1_or_2_with_dataset_expressions', 'dataset_consumes_1', 'dataset_consumes_1_and_2', 'consume_1_and_2_with_dataset_expressions', 'dataset_consumes_1_never_scheduled', 'dataset_produces_2', 'dataset_consumes_unknown_never_scheduled', 'dataset_produces_1' retrieved from /Users/noejalabert/airflow_venv/lib/python3.11/site-packages/airflow/example_dags/example_datasets.py
[2024-06-11T16:51:34.869+0200] {logging_mixin.py:188} INFO - [2024-06-11T16:51:34.869+0200] {dag.py:3096} INFO - Sync 10 DAGs
[2024-06-11T16:51:34.878+0200] {logging_mixin.py:188} INFO - [2024-06-11T16:51:34.878+0200] {dag.py:3954} INFO - Setting next_dagrun for conditional_dataset_and_time_based_timetable to 2024-06-05 01:00:00+00:00, run_after=2024-06-05 01:00:00+00:00
[2024-06-11T16:51:34.880+0200] {logging_mixin.py:188} INFO - [2024-06-11T16:51:34.880+0200] {dag.py:3954} INFO - Setting next_dagrun for consume_1_and_2_with_dataset_expressions to None, run_after=None
[2024-06-11T16:51:34.880+0200] {logging_mixin.py:188} INFO - [2024-06-11T16:51:34.880+0200] {dag.py:3954} INFO - Setting next_dagrun for consume_1_or_2_with_dataset_expressions to None, run_after=None
[2024-06-11T16:51:34.881+0200] {logging_mixin.py:188} INFO - [2024-06-11T16:51:34.881+0200] {dag.py:3954} INFO - Setting next_dagrun for consume_1_or_both_2_and_3_with_dataset_expressions to None, run_after=None
[2024-06-11T16:51:34.881+0200] {logging_mixin.py:188} INFO - [2024-06-11T16:51:34.881+0200] {dag.py:3954} INFO - Setting next_dagrun for dataset_consumes_1 to None, run_after=None
[2024-06-11T16:51:34.881+0200] {logging_mixin.py:188} INFO - [2024-06-11T16:51:34.881+0200] {dag.py:3954} INFO - Setting next_dagrun for dataset_consumes_1_and_2 to None, run_after=None
[2024-06-11T16:51:34.882+0200] {logging_mixin.py:188} INFO - [2024-06-11T16:51:34.882+0200] {dag.py:3954} INFO - Setting next_dagrun for dataset_consumes_1_never_scheduled to None, run_after=None
[2024-06-11T16:51:34.882+0200] {logging_mixin.py:188} INFO - [2024-06-11T16:51:34.882+0200] {dag.py:3954} INFO - Setting next_dagrun for dataset_consumes_unknown_never_scheduled to None, run_after=None
[2024-06-11T16:51:34.883+0200] {logging_mixin.py:188} INFO - [2024-06-11T16:51:34.883+0200] {dag.py:3954} INFO - Setting next_dagrun for dataset_produces_1 to 2024-06-10 00:00:00+00:00, run_after=2024-06-11 00:00:00+00:00
[2024-06-11T16:51:34.883+0200] {logging_mixin.py:188} INFO - [2024-06-11T16:51:34.883+0200] {dag.py:3954} INFO - Setting next_dagrun for dataset_produces_2 to None, run_after=None
[2024-06-11T16:51:34.897+0200] {processor.py:183} INFO - Processing /Users/noejalabert/airflow_venv/lib/python3.11/site-packages/airflow/example_dags/example_datasets.py took 0.119 seconds
[2024-06-11T16:54:24.955+0200] {processor.py:161} INFO - Started process (PID=6371) to work on /Users/noejalabert/airflow_venv/lib/python3.11/site-packages/airflow/example_dags/example_datasets.py
[2024-06-11T16:54:24.956+0200] {processor.py:830} INFO - Processing file /Users/noejalabert/airflow_venv/lib/python3.11/site-packages/airflow/example_dags/example_datasets.py for tasks to queue
[2024-06-11T16:54:24.956+0200] {logging_mixin.py:188} INFO - [2024-06-11T16:54:24.956+0200] {dagbag.py:540} INFO - Filling up the DagBag from /Users/noejalabert/airflow_venv/lib/python3.11/site-packages/airflow/example_dags/example_datasets.py
[2024-06-11T16:54:24.982+0200] {processor.py:840} INFO - DAG(s) 'dataset_produces_1', 'consume_1_or_both_2_and_3_with_dataset_expressions', 'dataset_consumes_1_never_scheduled', 'dataset_consumes_1', 'dataset_consumes_unknown_never_scheduled', 'conditional_dataset_and_time_based_timetable', 'consume_1_and_2_with_dataset_expressions', 'dataset_produces_2', 'consume_1_or_2_with_dataset_expressions', 'dataset_consumes_1_and_2' retrieved from /Users/noejalabert/airflow_venv/lib/python3.11/site-packages/airflow/example_dags/example_datasets.py
[2024-06-11T16:54:25.098+0200] {logging_mixin.py:188} INFO - [2024-06-11T16:54:25.098+0200] {dag.py:3096} INFO - Sync 10 DAGs
[2024-06-11T16:54:25.133+0200] {logging_mixin.py:188} INFO - [2024-06-11T16:54:25.133+0200] {dag.py:3954} INFO - Setting next_dagrun for conditional_dataset_and_time_based_timetable to 2024-06-05 01:00:00+00:00, run_after=2024-06-05 01:00:00+00:00
[2024-06-11T16:54:25.134+0200] {logging_mixin.py:188} INFO - [2024-06-11T16:54:25.134+0200] {dag.py:3954} INFO - Setting next_dagrun for consume_1_and_2_with_dataset_expressions to None, run_after=None
[2024-06-11T16:54:25.134+0200] {logging_mixin.py:188} INFO - [2024-06-11T16:54:25.134+0200] {dag.py:3954} INFO - Setting next_dagrun for consume_1_or_2_with_dataset_expressions to None, run_after=None
[2024-06-11T16:54:25.135+0200] {logging_mixin.py:188} INFO - [2024-06-11T16:54:25.134+0200] {dag.py:3954} INFO - Setting next_dagrun for consume_1_or_both_2_and_3_with_dataset_expressions to None, run_after=None
[2024-06-11T16:54:25.135+0200] {logging_mixin.py:188} INFO - [2024-06-11T16:54:25.135+0200] {dag.py:3954} INFO - Setting next_dagrun for dataset_consumes_1 to None, run_after=None
[2024-06-11T16:54:25.135+0200] {logging_mixin.py:188} INFO - [2024-06-11T16:54:25.135+0200] {dag.py:3954} INFO - Setting next_dagrun for dataset_consumes_1_and_2 to None, run_after=None
[2024-06-11T16:54:25.137+0200] {logging_mixin.py:188} INFO - [2024-06-11T16:54:25.137+0200] {dag.py:3954} INFO - Setting next_dagrun for dataset_consumes_1_never_scheduled to None, run_after=None
[2024-06-11T16:54:25.138+0200] {logging_mixin.py:188} INFO - [2024-06-11T16:54:25.138+0200] {dag.py:3954} INFO - Setting next_dagrun for dataset_consumes_unknown_never_scheduled to None, run_after=None
[2024-06-11T16:54:25.141+0200] {logging_mixin.py:188} INFO - [2024-06-11T16:54:25.141+0200] {dag.py:3954} INFO - Setting next_dagrun for dataset_produces_1 to 2024-06-10 00:00:00+00:00, run_after=2024-06-11 00:00:00+00:00
[2024-06-11T16:54:25.141+0200] {logging_mixin.py:188} INFO - [2024-06-11T16:54:25.141+0200] {dag.py:3954} INFO - Setting next_dagrun for dataset_produces_2 to None, run_after=None
[2024-06-11T16:54:25.154+0200] {processor.py:183} INFO - Processing /Users/noejalabert/airflow_venv/lib/python3.11/site-packages/airflow/example_dags/example_datasets.py took 0.201 seconds
