[2024-06-11T16:35:50.942+0200] {processor.py:161} INFO - Started process (PID=4966) to work on /Users/noejalabert/airflow_venv/lib/python3.11/site-packages/airflow/example_dags/example_branch_day_of_week_operator.py
[2024-06-11T16:35:50.943+0200] {processor.py:830} INFO - Processing file /Users/noejalabert/airflow_venv/lib/python3.11/site-packages/airflow/example_dags/example_branch_day_of_week_operator.py for tasks to queue
[2024-06-11T16:35:50.943+0200] {logging_mixin.py:188} INFO - [2024-06-11T16:35:50.943+0200] {dagbag.py:540} INFO - Filling up the DagBag from /Users/noejalabert/airflow_venv/lib/python3.11/site-packages/airflow/example_dags/example_branch_day_of_week_operator.py
[2024-06-11T16:35:50.949+0200] {processor.py:840} INFO - DAG(s) 'example_weekday_branch_operator' retrieved from /Users/noejalabert/airflow_venv/lib/python3.11/site-packages/airflow/example_dags/example_branch_day_of_week_operator.py
[2024-06-11T16:35:51.036+0200] {logging_mixin.py:188} INFO - [2024-06-11T16:35:51.035+0200] {dag.py:3096} INFO - Sync 1 DAGs
[2024-06-11T16:35:51.045+0200] {logging_mixin.py:188} INFO - [2024-06-11T16:35:51.045+0200] {dag.py:3954} INFO - Setting next_dagrun for example_weekday_branch_operator to 2024-06-10 00:00:00+00:00, run_after=2024-06-11 00:00:00+00:00
[2024-06-11T16:35:51.054+0200] {processor.py:183} INFO - Processing /Users/noejalabert/airflow_venv/lib/python3.11/site-packages/airflow/example_dags/example_branch_day_of_week_operator.py took 0.113 seconds
[2024-06-11T16:37:26.327+0200] {processor.py:161} INFO - Started process (PID=5054) to work on /Users/noejalabert/airflow_venv/lib/python3.11/site-packages/airflow/example_dags/example_branch_day_of_week_operator.py
[2024-06-11T16:37:26.328+0200] {processor.py:830} INFO - Processing file /Users/noejalabert/airflow_venv/lib/python3.11/site-packages/airflow/example_dags/example_branch_day_of_week_operator.py for tasks to queue
[2024-06-11T16:37:26.328+0200] {logging_mixin.py:188} INFO - [2024-06-11T16:37:26.328+0200] {dagbag.py:540} INFO - Filling up the DagBag from /Users/noejalabert/airflow_venv/lib/python3.11/site-packages/airflow/example_dags/example_branch_day_of_week_operator.py
[2024-06-11T16:37:26.334+0200] {processor.py:840} INFO - DAG(s) 'example_weekday_branch_operator' retrieved from /Users/noejalabert/airflow_venv/lib/python3.11/site-packages/airflow/example_dags/example_branch_day_of_week_operator.py
[2024-06-11T16:37:26.390+0200] {logging_mixin.py:188} INFO - [2024-06-11T16:37:26.390+0200] {dag.py:3096} INFO - Sync 1 DAGs
[2024-06-11T16:37:26.399+0200] {logging_mixin.py:188} INFO - [2024-06-11T16:37:26.399+0200] {dag.py:3954} INFO - Setting next_dagrun for example_weekday_branch_operator to 2024-06-10 00:00:00+00:00, run_after=2024-06-11 00:00:00+00:00
[2024-06-11T16:37:26.407+0200] {processor.py:183} INFO - Processing /Users/noejalabert/airflow_venv/lib/python3.11/site-packages/airflow/example_dags/example_branch_day_of_week_operator.py took 0.082 seconds
[2024-06-11T16:40:25.389+0200] {processor.py:161} INFO - Started process (PID=5219) to work on /Users/noejalabert/airflow_venv/lib/python3.11/site-packages/airflow/example_dags/example_branch_day_of_week_operator.py
[2024-06-11T16:40:25.390+0200] {processor.py:830} INFO - Processing file /Users/noejalabert/airflow_venv/lib/python3.11/site-packages/airflow/example_dags/example_branch_day_of_week_operator.py for tasks to queue
[2024-06-11T16:40:25.390+0200] {logging_mixin.py:188} INFO - [2024-06-11T16:40:25.390+0200] {dagbag.py:540} INFO - Filling up the DagBag from /Users/noejalabert/airflow_venv/lib/python3.11/site-packages/airflow/example_dags/example_branch_day_of_week_operator.py
[2024-06-11T16:40:25.395+0200] {processor.py:840} INFO - DAG(s) 'example_weekday_branch_operator' retrieved from /Users/noejalabert/airflow_venv/lib/python3.11/site-packages/airflow/example_dags/example_branch_day_of_week_operator.py
[2024-06-11T16:40:25.453+0200] {logging_mixin.py:188} INFO - [2024-06-11T16:40:25.452+0200] {dag.py:3096} INFO - Sync 1 DAGs
[2024-06-11T16:40:25.461+0200] {logging_mixin.py:188} INFO - [2024-06-11T16:40:25.461+0200] {dag.py:3954} INFO - Setting next_dagrun for example_weekday_branch_operator to 2024-06-10 00:00:00+00:00, run_after=2024-06-11 00:00:00+00:00
[2024-06-11T16:40:25.469+0200] {processor.py:183} INFO - Processing /Users/noejalabert/airflow_venv/lib/python3.11/site-packages/airflow/example_dags/example_branch_day_of_week_operator.py took 0.081 seconds
[2024-06-11T16:43:25.603+0200] {processor.py:161} INFO - Started process (PID=5442) to work on /Users/noejalabert/airflow_venv/lib/python3.11/site-packages/airflow/example_dags/example_branch_day_of_week_operator.py
[2024-06-11T16:43:25.605+0200] {processor.py:830} INFO - Processing file /Users/noejalabert/airflow_venv/lib/python3.11/site-packages/airflow/example_dags/example_branch_day_of_week_operator.py for tasks to queue
[2024-06-11T16:43:25.605+0200] {logging_mixin.py:188} INFO - [2024-06-11T16:43:25.605+0200] {dagbag.py:540} INFO - Filling up the DagBag from /Users/noejalabert/airflow_venv/lib/python3.11/site-packages/airflow/example_dags/example_branch_day_of_week_operator.py
[2024-06-11T16:43:25.610+0200] {processor.py:840} INFO - DAG(s) 'example_weekday_branch_operator' retrieved from /Users/noejalabert/airflow_venv/lib/python3.11/site-packages/airflow/example_dags/example_branch_day_of_week_operator.py
[2024-06-11T16:43:25.659+0200] {logging_mixin.py:188} INFO - [2024-06-11T16:43:25.659+0200] {dag.py:3096} INFO - Sync 1 DAGs
[2024-06-11T16:43:25.667+0200] {logging_mixin.py:188} INFO - [2024-06-11T16:43:25.667+0200] {dag.py:3954} INFO - Setting next_dagrun for example_weekday_branch_operator to 2024-06-10 00:00:00+00:00, run_after=2024-06-11 00:00:00+00:00
[2024-06-11T16:43:25.674+0200] {processor.py:183} INFO - Processing /Users/noejalabert/airflow_venv/lib/python3.11/site-packages/airflow/example_dags/example_branch_day_of_week_operator.py took 0.072 seconds
[2024-06-11T16:45:50.396+0200] {processor.py:161} INFO - Started process (PID=5625) to work on /Users/noejalabert/airflow_venv/lib/python3.11/site-packages/airflow/example_dags/example_branch_day_of_week_operator.py
[2024-06-11T16:45:50.398+0200] {processor.py:830} INFO - Processing file /Users/noejalabert/airflow_venv/lib/python3.11/site-packages/airflow/example_dags/example_branch_day_of_week_operator.py for tasks to queue
[2024-06-11T16:45:50.398+0200] {logging_mixin.py:188} INFO - [2024-06-11T16:45:50.398+0200] {dagbag.py:540} INFO - Filling up the DagBag from /Users/noejalabert/airflow_venv/lib/python3.11/site-packages/airflow/example_dags/example_branch_day_of_week_operator.py
[2024-06-11T16:45:50.403+0200] {processor.py:840} INFO - DAG(s) 'example_weekday_branch_operator' retrieved from /Users/noejalabert/airflow_venv/lib/python3.11/site-packages/airflow/example_dags/example_branch_day_of_week_operator.py
[2024-06-11T16:45:50.486+0200] {logging_mixin.py:188} INFO - [2024-06-11T16:45:50.486+0200] {dag.py:3096} INFO - Sync 1 DAGs
[2024-06-11T16:45:50.493+0200] {logging_mixin.py:188} INFO - [2024-06-11T16:45:50.493+0200] {dag.py:3954} INFO - Setting next_dagrun for example_weekday_branch_operator to 2024-06-10 00:00:00+00:00, run_after=2024-06-11 00:00:00+00:00
[2024-06-11T16:45:50.502+0200] {processor.py:183} INFO - Processing /Users/noejalabert/airflow_venv/lib/python3.11/site-packages/airflow/example_dags/example_branch_day_of_week_operator.py took 0.107 seconds
[2024-06-11T16:47:23.791+0200] {processor.py:161} INFO - Started process (PID=5772) to work on /Users/noejalabert/airflow_venv/lib/python3.11/site-packages/airflow/example_dags/example_branch_day_of_week_operator.py
[2024-06-11T16:47:23.792+0200] {processor.py:830} INFO - Processing file /Users/noejalabert/airflow_venv/lib/python3.11/site-packages/airflow/example_dags/example_branch_day_of_week_operator.py for tasks to queue
[2024-06-11T16:47:23.793+0200] {logging_mixin.py:188} INFO - [2024-06-11T16:47:23.793+0200] {dagbag.py:540} INFO - Filling up the DagBag from /Users/noejalabert/airflow_venv/lib/python3.11/site-packages/airflow/example_dags/example_branch_day_of_week_operator.py
[2024-06-11T16:47:23.798+0200] {processor.py:840} INFO - DAG(s) 'example_weekday_branch_operator' retrieved from /Users/noejalabert/airflow_venv/lib/python3.11/site-packages/airflow/example_dags/example_branch_day_of_week_operator.py
[2024-06-11T16:47:23.847+0200] {logging_mixin.py:188} INFO - [2024-06-11T16:47:23.847+0200] {dag.py:3096} INFO - Sync 1 DAGs
[2024-06-11T16:47:23.856+0200] {logging_mixin.py:188} INFO - [2024-06-11T16:47:23.856+0200] {dag.py:3954} INFO - Setting next_dagrun for example_weekday_branch_operator to 2024-06-10 00:00:00+00:00, run_after=2024-06-11 00:00:00+00:00
[2024-06-11T16:47:23.863+0200] {processor.py:183} INFO - Processing /Users/noejalabert/airflow_venv/lib/python3.11/site-packages/airflow/example_dags/example_branch_day_of_week_operator.py took 0.074 seconds
[2024-06-11T16:50:18.873+0200] {processor.py:161} INFO - Started process (PID=5956) to work on /Users/noejalabert/airflow_venv/lib/python3.11/site-packages/airflow/example_dags/example_branch_day_of_week_operator.py
[2024-06-11T16:50:18.874+0200] {processor.py:830} INFO - Processing file /Users/noejalabert/airflow_venv/lib/python3.11/site-packages/airflow/example_dags/example_branch_day_of_week_operator.py for tasks to queue
[2024-06-11T16:50:18.874+0200] {logging_mixin.py:188} INFO - [2024-06-11T16:50:18.874+0200] {dagbag.py:540} INFO - Filling up the DagBag from /Users/noejalabert/airflow_venv/lib/python3.11/site-packages/airflow/example_dags/example_branch_day_of_week_operator.py
[2024-06-11T16:50:18.878+0200] {processor.py:840} INFO - DAG(s) 'example_weekday_branch_operator' retrieved from /Users/noejalabert/airflow_venv/lib/python3.11/site-packages/airflow/example_dags/example_branch_day_of_week_operator.py
[2024-06-11T16:50:18.928+0200] {logging_mixin.py:188} INFO - [2024-06-11T16:50:18.928+0200] {dag.py:3096} INFO - Sync 1 DAGs
[2024-06-11T16:50:18.937+0200] {logging_mixin.py:188} INFO - [2024-06-11T16:50:18.937+0200] {dag.py:3954} INFO - Setting next_dagrun for example_weekday_branch_operator to 2024-06-10 00:00:00+00:00, run_after=2024-06-11 00:00:00+00:00
[2024-06-11T16:50:18.945+0200] {processor.py:183} INFO - Processing /Users/noejalabert/airflow_venv/lib/python3.11/site-packages/airflow/example_dags/example_branch_day_of_week_operator.py took 0.073 seconds
