[2024-06-11T16:35:01.823+0200] {processor.py:161} INFO - Started process (PID=4916) to work on /Users/noejalabert/airflow_venv/lib/python3.11/site-packages/airflow/example_dags/example_short_circuit_operator.py
[2024-06-11T16:35:01.823+0200] {processor.py:830} INFO - Processing file /Users/noejalabert/airflow_venv/lib/python3.11/site-packages/airflow/example_dags/example_short_circuit_operator.py for tasks to queue
[2024-06-11T16:35:01.824+0200] {logging_mixin.py:188} INFO - [2024-06-11T16:35:01.824+0200] {dagbag.py:540} INFO - Filling up the DagBag from /Users/noejalabert/airflow_venv/lib/python3.11/site-packages/airflow/example_dags/example_short_circuit_operator.py
[2024-06-11T16:35:01.837+0200] {processor.py:840} INFO - DAG(s) 'example_short_circuit_operator' retrieved from /Users/noejalabert/airflow_venv/lib/python3.11/site-packages/airflow/example_dags/example_short_circuit_operator.py
[2024-06-11T16:35:01.918+0200] {logging_mixin.py:188} INFO - [2024-06-11T16:35:01.918+0200] {dag.py:3096} INFO - Sync 1 DAGs
[2024-06-11T16:35:01.952+0200] {logging_mixin.py:188} INFO - [2024-06-11T16:35:01.951+0200] {dag.py:3954} INFO - Setting next_dagrun for example_short_circuit_operator to 2024-06-10 00:00:00+00:00, run_after=2024-06-11 00:00:00+00:00
[2024-06-11T16:35:01.960+0200] {processor.py:183} INFO - Processing /Users/noejalabert/airflow_venv/lib/python3.11/site-packages/airflow/example_dags/example_short_circuit_operator.py took 0.138 seconds
[2024-06-11T16:36:37.421+0200] {processor.py:161} INFO - Started process (PID=5009) to work on /Users/noejalabert/airflow_venv/lib/python3.11/site-packages/airflow/example_dags/example_short_circuit_operator.py
[2024-06-11T16:36:37.422+0200] {processor.py:830} INFO - Processing file /Users/noejalabert/airflow_venv/lib/python3.11/site-packages/airflow/example_dags/example_short_circuit_operator.py for tasks to queue
[2024-06-11T16:36:37.423+0200] {logging_mixin.py:188} INFO - [2024-06-11T16:36:37.423+0200] {dagbag.py:540} INFO - Filling up the DagBag from /Users/noejalabert/airflow_venv/lib/python3.11/site-packages/airflow/example_dags/example_short_circuit_operator.py
[2024-06-11T16:36:37.435+0200] {processor.py:840} INFO - DAG(s) 'example_short_circuit_operator' retrieved from /Users/noejalabert/airflow_venv/lib/python3.11/site-packages/airflow/example_dags/example_short_circuit_operator.py
[2024-06-11T16:36:37.483+0200] {logging_mixin.py:188} INFO - [2024-06-11T16:36:37.483+0200] {dag.py:3096} INFO - Sync 1 DAGs
[2024-06-11T16:36:37.490+0200] {logging_mixin.py:188} INFO - [2024-06-11T16:36:37.490+0200] {dag.py:3954} INFO - Setting next_dagrun for example_short_circuit_operator to 2024-06-10 00:00:00+00:00, run_after=2024-06-11 00:00:00+00:00
[2024-06-11T16:36:37.498+0200] {processor.py:183} INFO - Processing /Users/noejalabert/airflow_venv/lib/python3.11/site-packages/airflow/example_dags/example_short_circuit_operator.py took 0.078 seconds
[2024-06-11T16:38:08.621+0200] {processor.py:161} INFO - Started process (PID=5098) to work on /Users/noejalabert/airflow_venv/lib/python3.11/site-packages/airflow/example_dags/example_short_circuit_operator.py
[2024-06-11T16:38:08.622+0200] {processor.py:830} INFO - Processing file /Users/noejalabert/airflow_venv/lib/python3.11/site-packages/airflow/example_dags/example_short_circuit_operator.py for tasks to queue
[2024-06-11T16:38:08.622+0200] {logging_mixin.py:188} INFO - [2024-06-11T16:38:08.622+0200] {dagbag.py:540} INFO - Filling up the DagBag from /Users/noejalabert/airflow_venv/lib/python3.11/site-packages/airflow/example_dags/example_short_circuit_operator.py
[2024-06-11T16:38:08.637+0200] {processor.py:840} INFO - DAG(s) 'example_short_circuit_operator' retrieved from /Users/noejalabert/airflow_venv/lib/python3.11/site-packages/airflow/example_dags/example_short_circuit_operator.py
[2024-06-11T16:38:08.693+0200] {logging_mixin.py:188} INFO - [2024-06-11T16:38:08.693+0200] {dag.py:3096} INFO - Sync 1 DAGs
[2024-06-11T16:38:08.701+0200] {logging_mixin.py:188} INFO - [2024-06-11T16:38:08.701+0200] {dag.py:3954} INFO - Setting next_dagrun for example_short_circuit_operator to 2024-06-10 00:00:00+00:00, run_after=2024-06-11 00:00:00+00:00
[2024-06-11T16:38:08.710+0200] {processor.py:183} INFO - Processing /Users/noejalabert/airflow_venv/lib/python3.11/site-packages/airflow/example_dags/example_short_circuit_operator.py took 0.090 seconds
[2024-06-11T16:39:39.021+0200] {processor.py:161} INFO - Started process (PID=5178) to work on /Users/noejalabert/airflow_venv/lib/python3.11/site-packages/airflow/example_dags/example_short_circuit_operator.py
[2024-06-11T16:39:39.022+0200] {processor.py:830} INFO - Processing file /Users/noejalabert/airflow_venv/lib/python3.11/site-packages/airflow/example_dags/example_short_circuit_operator.py for tasks to queue
[2024-06-11T16:39:39.022+0200] {logging_mixin.py:188} INFO - [2024-06-11T16:39:39.022+0200] {dagbag.py:540} INFO - Filling up the DagBag from /Users/noejalabert/airflow_venv/lib/python3.11/site-packages/airflow/example_dags/example_short_circuit_operator.py
[2024-06-11T16:39:39.034+0200] {processor.py:840} INFO - DAG(s) 'example_short_circuit_operator' retrieved from /Users/noejalabert/airflow_venv/lib/python3.11/site-packages/airflow/example_dags/example_short_circuit_operator.py
[2024-06-11T16:39:39.083+0200] {logging_mixin.py:188} INFO - [2024-06-11T16:39:39.082+0200] {dag.py:3096} INFO - Sync 1 DAGs
[2024-06-11T16:39:39.089+0200] {logging_mixin.py:188} INFO - [2024-06-11T16:39:39.089+0200] {dag.py:3954} INFO - Setting next_dagrun for example_short_circuit_operator to 2024-06-10 00:00:00+00:00, run_after=2024-06-11 00:00:00+00:00
[2024-06-11T16:39:39.097+0200] {processor.py:183} INFO - Processing /Users/noejalabert/airflow_venv/lib/python3.11/site-packages/airflow/example_dags/example_short_circuit_operator.py took 0.077 seconds
[2024-06-11T16:41:05.144+0200] {processor.py:161} INFO - Started process (PID=5252) to work on /Users/noejalabert/airflow_venv/lib/python3.11/site-packages/airflow/example_dags/example_short_circuit_operator.py
[2024-06-11T16:41:05.145+0200] {processor.py:830} INFO - Processing file /Users/noejalabert/airflow_venv/lib/python3.11/site-packages/airflow/example_dags/example_short_circuit_operator.py for tasks to queue
[2024-06-11T16:41:05.145+0200] {logging_mixin.py:188} INFO - [2024-06-11T16:41:05.145+0200] {dagbag.py:540} INFO - Filling up the DagBag from /Users/noejalabert/airflow_venv/lib/python3.11/site-packages/airflow/example_dags/example_short_circuit_operator.py
[2024-06-11T16:41:05.158+0200] {processor.py:840} INFO - DAG(s) 'example_short_circuit_operator' retrieved from /Users/noejalabert/airflow_venv/lib/python3.11/site-packages/airflow/example_dags/example_short_circuit_operator.py
[2024-06-11T16:41:05.206+0200] {logging_mixin.py:188} INFO - [2024-06-11T16:41:05.206+0200] {dag.py:3096} INFO - Sync 1 DAGs
[2024-06-11T16:41:05.213+0200] {logging_mixin.py:188} INFO - [2024-06-11T16:41:05.213+0200] {dag.py:3954} INFO - Setting next_dagrun for example_short_circuit_operator to 2024-06-10 00:00:00+00:00, run_after=2024-06-11 00:00:00+00:00
[2024-06-11T16:41:05.221+0200] {processor.py:183} INFO - Processing /Users/noejalabert/airflow_venv/lib/python3.11/site-packages/airflow/example_dags/example_short_circuit_operator.py took 0.078 seconds
[2024-06-11T16:42:35.964+0200] {processor.py:161} INFO - Started process (PID=5397) to work on /Users/noejalabert/airflow_venv/lib/python3.11/site-packages/airflow/example_dags/example_short_circuit_operator.py
[2024-06-11T16:42:35.965+0200] {processor.py:830} INFO - Processing file /Users/noejalabert/airflow_venv/lib/python3.11/site-packages/airflow/example_dags/example_short_circuit_operator.py for tasks to queue
[2024-06-11T16:42:35.965+0200] {logging_mixin.py:188} INFO - [2024-06-11T16:42:35.965+0200] {dagbag.py:540} INFO - Filling up the DagBag from /Users/noejalabert/airflow_venv/lib/python3.11/site-packages/airflow/example_dags/example_short_circuit_operator.py
[2024-06-11T16:42:35.978+0200] {processor.py:840} INFO - DAG(s) 'example_short_circuit_operator' retrieved from /Users/noejalabert/airflow_venv/lib/python3.11/site-packages/airflow/example_dags/example_short_circuit_operator.py
[2024-06-11T16:42:36.026+0200] {logging_mixin.py:188} INFO - [2024-06-11T16:42:36.026+0200] {dag.py:3096} INFO - Sync 1 DAGs
[2024-06-11T16:42:36.033+0200] {logging_mixin.py:188} INFO - [2024-06-11T16:42:36.033+0200] {dag.py:3954} INFO - Setting next_dagrun for example_short_circuit_operator to 2024-06-10 00:00:00+00:00, run_after=2024-06-11 00:00:00+00:00
[2024-06-11T16:42:36.041+0200] {processor.py:183} INFO - Processing /Users/noejalabert/airflow_venv/lib/python3.11/site-packages/airflow/example_dags/example_short_circuit_operator.py took 0.079 seconds
[2024-06-11T16:45:01.257+0200] {processor.py:161} INFO - Started process (PID=5570) to work on /Users/noejalabert/airflow_venv/lib/python3.11/site-packages/airflow/example_dags/example_short_circuit_operator.py
[2024-06-11T16:45:01.258+0200] {processor.py:830} INFO - Processing file /Users/noejalabert/airflow_venv/lib/python3.11/site-packages/airflow/example_dags/example_short_circuit_operator.py for tasks to queue
[2024-06-11T16:45:01.258+0200] {logging_mixin.py:188} INFO - [2024-06-11T16:45:01.258+0200] {dagbag.py:540} INFO - Filling up the DagBag from /Users/noejalabert/airflow_venv/lib/python3.11/site-packages/airflow/example_dags/example_short_circuit_operator.py
[2024-06-11T16:45:01.271+0200] {processor.py:840} INFO - DAG(s) 'example_short_circuit_operator' retrieved from /Users/noejalabert/airflow_venv/lib/python3.11/site-packages/airflow/example_dags/example_short_circuit_operator.py
[2024-06-11T16:45:01.354+0200] {logging_mixin.py:188} INFO - [2024-06-11T16:45:01.354+0200] {dag.py:3096} INFO - Sync 1 DAGs
[2024-06-11T16:45:01.388+0200] {logging_mixin.py:188} INFO - [2024-06-11T16:45:01.388+0200] {dag.py:3954} INFO - Setting next_dagrun for example_short_circuit_operator to 2024-06-10 00:00:00+00:00, run_after=2024-06-11 00:00:00+00:00
[2024-06-11T16:45:01.396+0200] {processor.py:183} INFO - Processing /Users/noejalabert/airflow_venv/lib/python3.11/site-packages/airflow/example_dags/example_short_circuit_operator.py took 0.141 seconds
[2024-06-11T16:46:37.245+0200] {processor.py:161} INFO - Started process (PID=5700) to work on /Users/noejalabert/airflow_venv/lib/python3.11/site-packages/airflow/example_dags/example_short_circuit_operator.py
[2024-06-11T16:46:37.246+0200] {processor.py:830} INFO - Processing file /Users/noejalabert/airflow_venv/lib/python3.11/site-packages/airflow/example_dags/example_short_circuit_operator.py for tasks to queue
[2024-06-11T16:46:37.246+0200] {logging_mixin.py:188} INFO - [2024-06-11T16:46:37.246+0200] {dagbag.py:540} INFO - Filling up the DagBag from /Users/noejalabert/airflow_venv/lib/python3.11/site-packages/airflow/example_dags/example_short_circuit_operator.py
[2024-06-11T16:46:37.261+0200] {processor.py:840} INFO - DAG(s) 'example_short_circuit_operator' retrieved from /Users/noejalabert/airflow_venv/lib/python3.11/site-packages/airflow/example_dags/example_short_circuit_operator.py
[2024-06-11T16:46:37.311+0200] {logging_mixin.py:188} INFO - [2024-06-11T16:46:37.310+0200] {dag.py:3096} INFO - Sync 1 DAGs
[2024-06-11T16:46:37.319+0200] {logging_mixin.py:188} INFO - [2024-06-11T16:46:37.319+0200] {dag.py:3954} INFO - Setting next_dagrun for example_short_circuit_operator to 2024-06-10 00:00:00+00:00, run_after=2024-06-11 00:00:00+00:00
[2024-06-11T16:46:37.327+0200] {processor.py:183} INFO - Processing /Users/noejalabert/airflow_venv/lib/python3.11/site-packages/airflow/example_dags/example_short_circuit_operator.py took 0.083 seconds
[2024-06-11T16:48:02.562+0200] {processor.py:161} INFO - Started process (PID=5800) to work on /Users/noejalabert/airflow_venv/lib/python3.11/site-packages/airflow/example_dags/example_short_circuit_operator.py
[2024-06-11T16:48:02.563+0200] {processor.py:830} INFO - Processing file /Users/noejalabert/airflow_venv/lib/python3.11/site-packages/airflow/example_dags/example_short_circuit_operator.py for tasks to queue
[2024-06-11T16:48:02.563+0200] {logging_mixin.py:188} INFO - [2024-06-11T16:48:02.563+0200] {dagbag.py:540} INFO - Filling up the DagBag from /Users/noejalabert/airflow_venv/lib/python3.11/site-packages/airflow/example_dags/example_short_circuit_operator.py
[2024-06-11T16:48:02.576+0200] {processor.py:840} INFO - DAG(s) 'example_short_circuit_operator' retrieved from /Users/noejalabert/airflow_venv/lib/python3.11/site-packages/airflow/example_dags/example_short_circuit_operator.py
[2024-06-11T16:48:02.625+0200] {logging_mixin.py:188} INFO - [2024-06-11T16:48:02.624+0200] {dag.py:3096} INFO - Sync 1 DAGs
[2024-06-11T16:48:02.631+0200] {logging_mixin.py:188} INFO - [2024-06-11T16:48:02.631+0200] {dag.py:3954} INFO - Setting next_dagrun for example_short_circuit_operator to 2024-06-10 00:00:00+00:00, run_after=2024-06-11 00:00:00+00:00
[2024-06-11T16:48:02.639+0200] {processor.py:183} INFO - Processing /Users/noejalabert/airflow_venv/lib/python3.11/site-packages/airflow/example_dags/example_short_circuit_operator.py took 0.079 seconds
[2024-06-11T16:49:22.648+0200] {processor.py:161} INFO - Started process (PID=5895) to work on /Users/noejalabert/airflow_venv/lib/python3.11/site-packages/airflow/example_dags/example_short_circuit_operator.py
[2024-06-11T16:49:22.649+0200] {processor.py:830} INFO - Processing file /Users/noejalabert/airflow_venv/lib/python3.11/site-packages/airflow/example_dags/example_short_circuit_operator.py for tasks to queue
[2024-06-11T16:49:22.649+0200] {logging_mixin.py:188} INFO - [2024-06-11T16:49:22.649+0200] {dagbag.py:540} INFO - Filling up the DagBag from /Users/noejalabert/airflow_venv/lib/python3.11/site-packages/airflow/example_dags/example_short_circuit_operator.py
[2024-06-11T16:49:22.662+0200] {processor.py:840} INFO - DAG(s) 'example_short_circuit_operator' retrieved from /Users/noejalabert/airflow_venv/lib/python3.11/site-packages/airflow/example_dags/example_short_circuit_operator.py
[2024-06-11T16:49:22.709+0200] {logging_mixin.py:188} INFO - [2024-06-11T16:49:22.709+0200] {dag.py:3096} INFO - Sync 1 DAGs
[2024-06-11T16:49:22.716+0200] {logging_mixin.py:188} INFO - [2024-06-11T16:49:22.716+0200] {dag.py:3954} INFO - Setting next_dagrun for example_short_circuit_operator to 2024-06-10 00:00:00+00:00, run_after=2024-06-11 00:00:00+00:00
[2024-06-11T16:49:22.724+0200] {processor.py:183} INFO - Processing /Users/noejalabert/airflow_venv/lib/python3.11/site-packages/airflow/example_dags/example_short_circuit_operator.py took 0.077 seconds
[2024-06-11T16:50:57.282+0200] {processor.py:161} INFO - Started process (PID=5999) to work on /Users/noejalabert/airflow_venv/lib/python3.11/site-packages/airflow/example_dags/example_short_circuit_operator.py
[2024-06-11T16:50:57.283+0200] {processor.py:830} INFO - Processing file /Users/noejalabert/airflow_venv/lib/python3.11/site-packages/airflow/example_dags/example_short_circuit_operator.py for tasks to queue
[2024-06-11T16:50:57.283+0200] {logging_mixin.py:188} INFO - [2024-06-11T16:50:57.283+0200] {dagbag.py:540} INFO - Filling up the DagBag from /Users/noejalabert/airflow_venv/lib/python3.11/site-packages/airflow/example_dags/example_short_circuit_operator.py
[2024-06-11T16:50:57.296+0200] {processor.py:840} INFO - DAG(s) 'example_short_circuit_operator' retrieved from /Users/noejalabert/airflow_venv/lib/python3.11/site-packages/airflow/example_dags/example_short_circuit_operator.py
[2024-06-11T16:50:57.345+0200] {logging_mixin.py:188} INFO - [2024-06-11T16:50:57.344+0200] {dag.py:3096} INFO - Sync 1 DAGs
[2024-06-11T16:50:57.352+0200] {logging_mixin.py:188} INFO - [2024-06-11T16:50:57.352+0200] {dag.py:3954} INFO - Setting next_dagrun for example_short_circuit_operator to 2024-06-10 00:00:00+00:00, run_after=2024-06-11 00:00:00+00:00
[2024-06-11T16:50:57.360+0200] {processor.py:183} INFO - Processing /Users/noejalabert/airflow_venv/lib/python3.11/site-packages/airflow/example_dags/example_short_circuit_operator.py took 0.079 seconds
