[2024-06-13T12:18:03.348+0200] {processor.py:161} INFO - Started process (PID=1576) to work on /Users/noejalabert/airflow_venv/lib/python3.11/site-packages/airflow/example_dags/plugins/listener_plugin.py
[2024-06-13T12:18:03.348+0200] {processor.py:830} INFO - Processing file /Users/noejalabert/airflow_venv/lib/python3.11/site-packages/airflow/example_dags/plugins/listener_plugin.py for tasks to queue
[2024-06-13T12:18:03.348+0200] {logging_mixin.py:188} INFO - [2024-06-13T12:18:03.348+0200] {dagbag.py:540} INFO - Filling up the DagBag from /Users/noejalabert/airflow_venv/lib/python3.11/site-packages/airflow/example_dags/plugins/listener_plugin.py
[2024-06-13T12:18:03.349+0200] {processor.py:842} WARNING - No viable dags retrieved from /Users/noejalabert/airflow_venv/lib/python3.11/site-packages/airflow/example_dags/plugins/listener_plugin.py
[2024-06-13T12:18:03.384+0200] {processor.py:183} INFO - Processing /Users/noejalabert/airflow_venv/lib/python3.11/site-packages/airflow/example_dags/plugins/listener_plugin.py took 0.037 seconds
[2024-06-13T12:19:45.707+0200] {processor.py:161} INFO - Started process (PID=1705) to work on /Users/noejalabert/airflow_venv/lib/python3.11/site-packages/airflow/example_dags/plugins/listener_plugin.py
[2024-06-13T12:19:45.708+0200] {processor.py:830} INFO - Processing file /Users/noejalabert/airflow_venv/lib/python3.11/site-packages/airflow/example_dags/plugins/listener_plugin.py for tasks to queue
[2024-06-13T12:19:45.708+0200] {logging_mixin.py:188} INFO - [2024-06-13T12:19:45.708+0200] {dagbag.py:540} INFO - Filling up the DagBag from /Users/noejalabert/airflow_venv/lib/python3.11/site-packages/airflow/example_dags/plugins/listener_plugin.py
[2024-06-13T12:19:45.709+0200] {processor.py:842} WARNING - No viable dags retrieved from /Users/noejalabert/airflow_venv/lib/python3.11/site-packages/airflow/example_dags/plugins/listener_plugin.py
[2024-06-13T12:19:45.743+0200] {processor.py:183} INFO - Processing /Users/noejalabert/airflow_venv/lib/python3.11/site-packages/airflow/example_dags/plugins/listener_plugin.py took 0.037 seconds
[2024-06-13T12:21:10.718+0200] {processor.py:161} INFO - Started process (PID=1836) to work on /Users/noejalabert/airflow_venv/lib/python3.11/site-packages/airflow/example_dags/plugins/listener_plugin.py
[2024-06-13T12:21:10.718+0200] {processor.py:830} INFO - Processing file /Users/noejalabert/airflow_venv/lib/python3.11/site-packages/airflow/example_dags/plugins/listener_plugin.py for tasks to queue
[2024-06-13T12:21:10.719+0200] {logging_mixin.py:188} INFO - [2024-06-13T12:21:10.719+0200] {dagbag.py:540} INFO - Filling up the DagBag from /Users/noejalabert/airflow_venv/lib/python3.11/site-packages/airflow/example_dags/plugins/listener_plugin.py
[2024-06-13T12:21:10.720+0200] {processor.py:842} WARNING - No viable dags retrieved from /Users/noejalabert/airflow_venv/lib/python3.11/site-packages/airflow/example_dags/plugins/listener_plugin.py
[2024-06-13T12:21:10.754+0200] {processor.py:183} INFO - Processing /Users/noejalabert/airflow_venv/lib/python3.11/site-packages/airflow/example_dags/plugins/listener_plugin.py took 0.037 seconds
[2024-06-13T12:22:41.283+0200] {processor.py:161} INFO - Started process (PID=1947) to work on /Users/noejalabert/airflow_venv/lib/python3.11/site-packages/airflow/example_dags/plugins/listener_plugin.py
[2024-06-13T12:22:41.283+0200] {processor.py:830} INFO - Processing file /Users/noejalabert/airflow_venv/lib/python3.11/site-packages/airflow/example_dags/plugins/listener_plugin.py for tasks to queue
[2024-06-13T12:22:41.284+0200] {logging_mixin.py:188} INFO - [2024-06-13T12:22:41.284+0200] {dagbag.py:540} INFO - Filling up the DagBag from /Users/noejalabert/airflow_venv/lib/python3.11/site-packages/airflow/example_dags/plugins/listener_plugin.py
[2024-06-13T12:22:41.285+0200] {processor.py:842} WARNING - No viable dags retrieved from /Users/noejalabert/airflow_venv/lib/python3.11/site-packages/airflow/example_dags/plugins/listener_plugin.py
[2024-06-13T12:22:41.320+0200] {processor.py:183} INFO - Processing /Users/noejalabert/airflow_venv/lib/python3.11/site-packages/airflow/example_dags/plugins/listener_plugin.py took 0.039 seconds
[2024-06-13T12:24:09.246+0200] {processor.py:161} INFO - Started process (PID=2087) to work on /Users/noejalabert/airflow_venv/lib/python3.11/site-packages/airflow/example_dags/plugins/listener_plugin.py
[2024-06-13T12:24:09.247+0200] {processor.py:830} INFO - Processing file /Users/noejalabert/airflow_venv/lib/python3.11/site-packages/airflow/example_dags/plugins/listener_plugin.py for tasks to queue
[2024-06-13T12:24:09.247+0200] {logging_mixin.py:188} INFO - [2024-06-13T12:24:09.247+0200] {dagbag.py:540} INFO - Filling up the DagBag from /Users/noejalabert/airflow_venv/lib/python3.11/site-packages/airflow/example_dags/plugins/listener_plugin.py
[2024-06-13T12:24:09.248+0200] {processor.py:842} WARNING - No viable dags retrieved from /Users/noejalabert/airflow_venv/lib/python3.11/site-packages/airflow/example_dags/plugins/listener_plugin.py
[2024-06-13T12:24:09.283+0200] {processor.py:183} INFO - Processing /Users/noejalabert/airflow_venv/lib/python3.11/site-packages/airflow/example_dags/plugins/listener_plugin.py took 0.039 seconds
