[2024-06-07T16:09:18.633+0200] {local_task_job_runner.py:120} INFO - ::group::Pre task execution logs
[2024-06-07T16:09:18.649+0200] {taskinstance.py:2073} INFO - Dependencies all met for dep_context=non-requeueable deps ti=<TaskInstance: example_bash_operator.also_run_this scheduled__2024-06-06T00:00:00+00:00 [queued]>
[2024-06-07T16:09:18.652+0200] {taskinstance.py:2073} INFO - Dependencies all met for dep_context=requeueable deps ti=<TaskInstance: example_bash_operator.also_run_this scheduled__2024-06-06T00:00:00+00:00 [queued]>
[2024-06-07T16:09:18.652+0200] {taskinstance.py:2303} INFO - Starting attempt 1 of 1
[2024-06-07T16:09:18.656+0200] {taskinstance.py:2327} INFO - Executing <Task(BashOperator): also_run_this> on 2024-06-06 00:00:00+00:00
[2024-06-07T16:09:18.663+0200] {standard_task_runner.py:63} INFO - Started process 31645 to run task
[2024-06-07T16:09:18.666+0200] {standard_task_runner.py:90} INFO - Running: ['airflow', 'tasks', 'run', 'example_bash_operator', 'also_run_this', 'scheduled__2024-06-06T00:00:00+00:00', '--job-id', '56', '--raw', '--subdir', '/Users/noejalabert/airflow_venv/lib/python3.11/site-packages/airflow/example_dags/example_bash_operator.py', '--cfg-path', '/var/folders/lz/gv7z_f1x3156jvrgkgylt68w0000gn/T/tmp967vqurd']
[2024-06-07T16:09:18.668+0200] {standard_task_runner.py:91} INFO - Job 56: Subtask also_run_this
[2024-06-07T16:09:18.691+0200] {task_command.py:426} INFO - Running <TaskInstance: example_bash_operator.also_run_this scheduled__2024-06-06T00:00:00+00:00 [running]> on host macbook-air-de-noe.local
[2024-06-07T16:09:18.720+0200] {taskinstance.py:2644} INFO - Exporting env vars: AIRFLOW_CTX_DAG_OWNER='airflow' AIRFLOW_CTX_DAG_ID='example_bash_operator' AIRFLOW_CTX_TASK_ID='also_run_this' AIRFLOW_CTX_EXECUTION_DATE='2024-06-06T00:00:00+00:00' AIRFLOW_CTX_TRY_NUMBER='1' AIRFLOW_CTX_DAG_RUN_ID='scheduled__2024-06-06T00:00:00+00:00'
[2024-06-07T16:09:18.721+0200] {taskinstance.py:430} INFO - ::endgroup::
[2024-06-07T16:09:18.722+0200] {subprocess.py:63} INFO - Tmp dir root location: /var/folders/lz/gv7z_f1x3156jvrgkgylt68w0000gn/T
[2024-06-07T16:09:18.722+0200] {subprocess.py:75} INFO - Running command: ['/bin/bash', '-c', 'echo "ti_key=example_bash_operator__also_run_this__20240606"']
[2024-06-07T16:09:18.729+0200] {subprocess.py:86} INFO - Output:
[2024-06-07T16:09:18.734+0200] {subprocess.py:93} INFO - ti_key=example_bash_operator__also_run_this__20240606
[2024-06-07T16:09:18.734+0200] {subprocess.py:97} INFO - Command exited with return code 0
[2024-06-07T16:09:18.735+0200] {taskinstance.py:441} INFO - ::group::Post task execution logs
[2024-06-07T16:09:18.743+0200] {taskinstance.py:1205} INFO - Marking task as SUCCESS. dag_id=example_bash_operator, task_id=also_run_this, execution_date=20240606T000000, start_date=20240607T140918, end_date=20240607T140918
[2024-06-07T16:09:18.773+0200] {local_task_job_runner.py:240} INFO - Task exited with return code 0
[2024-06-07T16:09:18.782+0200] {taskinstance.py:3482} INFO - 0 downstream tasks scheduled from follow-on schedule check
[2024-06-07T16:09:18.783+0200] {local_task_job_runner.py:222} INFO - ::endgroup::
