[2024-06-09T12:30:27.270+0200] {local_task_job_runner.py:120} INFO - ::group::Pre task execution logs
[2024-06-09T12:30:27.288+0200] {taskinstance.py:2073} INFO - Dependencies all met for dep_context=non-requeueable deps ti=<TaskInstance: My_first_dag.extract_stats manual__2024-06-09T10:30:18+00:00 [queued]>
[2024-06-09T12:30:27.291+0200] {taskinstance.py:2073} INFO - Dependencies all met for dep_context=requeueable deps ti=<TaskInstance: My_first_dag.extract_stats manual__2024-06-09T10:30:18+00:00 [queued]>
[2024-06-09T12:30:27.291+0200] {taskinstance.py:2303} INFO - Starting attempt 1 of 2
[2024-06-09T12:30:27.298+0200] {taskinstance.py:2327} INFO - Executing <Task(PythonOperator): extract_stats> on 2024-06-09 10:30:18+00:00
[2024-06-09T12:30:27.306+0200] {standard_task_runner.py:63} INFO - Started process 81212 to run task
[2024-06-09T12:30:27.311+0200] {standard_task_runner.py:90} INFO - Running: ['airflow', 'tasks', 'run', 'My_first_dag', 'extract_stats', 'manual__2024-06-09T10:30:18+00:00', '--job-id', '67', '--raw', '--subdir', 'DAGS_FOLDER/my_datalake.py', '--cfg-path', '/var/folders/lz/gv7z_f1x3156jvrgkgylt68w0000gn/T/tmpr_r0or4v']
[2024-06-09T12:30:27.314+0200] {standard_task_runner.py:91} INFO - Job 67: Subtask extract_stats
[2024-06-09T12:30:27.344+0200] {task_command.py:426} INFO - Running <TaskInstance: My_first_dag.extract_stats manual__2024-06-09T10:30:18+00:00 [running]> on host macbook-air-de-noe.local
[2024-06-09T12:30:27.373+0200] {taskinstance.py:2644} INFO - Exporting env vars: AIRFLOW_CTX_DAG_EMAIL='airflow@example.com' AIRFLOW_CTX_DAG_OWNER='airflow' AIRFLOW_CTX_DAG_ID='My_first_dag' AIRFLOW_CTX_TASK_ID='extract_stats' AIRFLOW_CTX_EXECUTION_DATE='2024-06-09T10:30:18+00:00' AIRFLOW_CTX_TRY_NUMBER='1' AIRFLOW_CTX_DAG_RUN_ID='manual__2024-06-09T10:30:18+00:00'
[2024-06-09T12:30:27.374+0200] {taskinstance.py:430} INFO - ::endgroup::
[2024-06-09T12:30:28.397+0200] {logging_mixin.py:188} INFO - API data fetched successfully from Belib' - Données Statiques!
[2024-06-09T12:30:28.465+0200] {taskinstance.py:441} INFO - ::group::Post task execution logs
[2024-06-09T12:30:28.465+0200] {taskinstance.py:2890} ERROR - Task failed with exception
Traceback (most recent call last):
  File "/Users/noejalabert/airflow_venv/lib/python3.11/site-packages/airflow/models/taskinstance.py", line 465, in _execute_task
    result = _execute_callable(context=context, **execute_callable_kwargs)
             ^^^^^^^^^^^^^^^^^^^^^^^^^^^^^^^^^^^^^^^^^^^^^^^^^^^^^^^^^^^^^
  File "/Users/noejalabert/airflow_venv/lib/python3.11/site-packages/airflow/models/taskinstance.py", line 432, in _execute_callable
    return execute_callable(context=context, **execute_callable_kwargs)
           ^^^^^^^^^^^^^^^^^^^^^^^^^^^^^^^^^^^^^^^^^^^^^^^^^^^^^^^^^^^^
  File "/Users/noejalabert/airflow_venv/lib/python3.11/site-packages/airflow/models/baseoperator.py", line 400, in wrapper
    return func(self, *args, **kwargs)
           ^^^^^^^^^^^^^^^^^^^^^^^^^^^
  File "/Users/noejalabert/airflow_venv/lib/python3.11/site-packages/airflow/operators/python.py", line 235, in execute
    return_value = self.execute_callable()
                   ^^^^^^^^^^^^^^^^^^^^^^^
  File "/Users/noejalabert/airflow_venv/lib/python3.11/site-packages/airflow/operators/python.py", line 252, in execute_callable
    return self.python_callable(*self.op_args, **self.op_kwargs)
           ^^^^^^^^^^^^^^^^^^^^^^^^^^^^^^^^^^^^^^^^^^^^^^^^^^^^^
  File "/Users/noejalabert/airflow/dags/lib/extract_belib_static_data.py", line 51, in extract_stats
    save_data_to_file(data)
  File "/Users/noejalabert/airflow/dags/lib/extract_belib_static_data.py", line 40, in save_data_to_file
    os.makedirs(destination_path, exist_ok=True)
  File "<frozen os>", line 215, in makedirs
  File "<frozen os>", line 215, in makedirs
  File "<frozen os>", line 215, in makedirs
  [Previous line repeated 1 more time]
  File "<frozen os>", line 225, in makedirs
PermissionError: [Errno 13] Permission denied: '/Users/dags'
[2024-06-09T12:30:28.471+0200] {taskinstance.py:1205} INFO - Marking task as UP_FOR_RETRY. dag_id=My_first_dag, task_id=extract_stats, execution_date=20240609T103018, start_date=20240609T103027, end_date=20240609T103028
[2024-06-09T12:30:28.476+0200] {standard_task_runner.py:110} ERROR - Failed to execute job 67 for task extract_stats ([Errno 13] Permission denied: '/Users/dags'; 81212)
[2024-06-09T12:30:28.503+0200] {local_task_job_runner.py:240} INFO - Task exited with return code 1
[2024-06-09T12:30:28.515+0200] {taskinstance.py:3482} INFO - 0 downstream tasks scheduled from follow-on schedule check
[2024-06-09T12:30:28.515+0200] {local_task_job_runner.py:222} INFO - ::endgroup::
