[2024-06-14T09:59:40.509+0200] {processor.py:161} INFO - Started process (PID=22289) to work on /Users/noejalabert/airflow_venv/lib/python3.11/site-packages/airflow/example_dags/plugins/event_listener.py
[2024-06-14T09:59:40.510+0200] {processor.py:830} INFO - Processing file /Users/noejalabert/airflow_venv/lib/python3.11/site-packages/airflow/example_dags/plugins/event_listener.py for tasks to queue
[2024-06-14T09:59:40.510+0200] {logging_mixin.py:188} INFO - [2024-06-14T09:59:40.510+0200] {dagbag.py:540} INFO - Filling up the DagBag from /Users/noejalabert/airflow_venv/lib/python3.11/site-packages/airflow/example_dags/plugins/event_listener.py
[2024-06-14T09:59:40.510+0200] {processor.py:842} WARNING - No viable dags retrieved from /Users/noejalabert/airflow_venv/lib/python3.11/site-packages/airflow/example_dags/plugins/event_listener.py
[2024-06-14T09:59:40.546+0200] {processor.py:183} INFO - Processing /Users/noejalabert/airflow_venv/lib/python3.11/site-packages/airflow/example_dags/plugins/event_listener.py took 0.038 seconds
[2024-06-14T10:01:16.684+0200] {processor.py:161} INFO - Started process (PID=22410) to work on /Users/noejalabert/airflow_venv/lib/python3.11/site-packages/airflow/example_dags/plugins/event_listener.py
[2024-06-14T10:01:16.685+0200] {processor.py:830} INFO - Processing file /Users/noejalabert/airflow_venv/lib/python3.11/site-packages/airflow/example_dags/plugins/event_listener.py for tasks to queue
[2024-06-14T10:01:16.686+0200] {logging_mixin.py:188} INFO - [2024-06-14T10:01:16.685+0200] {dagbag.py:540} INFO - Filling up the DagBag from /Users/noejalabert/airflow_venv/lib/python3.11/site-packages/airflow/example_dags/plugins/event_listener.py
[2024-06-14T10:01:16.686+0200] {processor.py:842} WARNING - No viable dags retrieved from /Users/noejalabert/airflow_venv/lib/python3.11/site-packages/airflow/example_dags/plugins/event_listener.py
[2024-06-14T10:01:16.724+0200] {processor.py:183} INFO - Processing /Users/noejalabert/airflow_venv/lib/python3.11/site-packages/airflow/example_dags/plugins/event_listener.py took 0.041 seconds
[2024-06-14T10:02:40.775+0200] {processor.py:161} INFO - Started process (PID=22505) to work on /Users/noejalabert/airflow_venv/lib/python3.11/site-packages/airflow/example_dags/plugins/event_listener.py
[2024-06-14T10:02:40.776+0200] {processor.py:830} INFO - Processing file /Users/noejalabert/airflow_venv/lib/python3.11/site-packages/airflow/example_dags/plugins/event_listener.py for tasks to queue
[2024-06-14T10:02:40.777+0200] {logging_mixin.py:188} INFO - [2024-06-14T10:02:40.777+0200] {dagbag.py:540} INFO - Filling up the DagBag from /Users/noejalabert/airflow_venv/lib/python3.11/site-packages/airflow/example_dags/plugins/event_listener.py
[2024-06-14T10:02:40.777+0200] {processor.py:842} WARNING - No viable dags retrieved from /Users/noejalabert/airflow_venv/lib/python3.11/site-packages/airflow/example_dags/plugins/event_listener.py
[2024-06-14T10:02:40.812+0200] {processor.py:183} INFO - Processing /Users/noejalabert/airflow_venv/lib/python3.11/site-packages/airflow/example_dags/plugins/event_listener.py took 0.038 seconds
[2024-06-14T10:04:18.468+0200] {processor.py:161} INFO - Started process (PID=22675) to work on /Users/noejalabert/airflow_venv/lib/python3.11/site-packages/airflow/example_dags/plugins/event_listener.py
[2024-06-14T10:04:18.469+0200] {processor.py:830} INFO - Processing file /Users/noejalabert/airflow_venv/lib/python3.11/site-packages/airflow/example_dags/plugins/event_listener.py for tasks to queue
[2024-06-14T10:04:18.469+0200] {logging_mixin.py:188} INFO - [2024-06-14T10:04:18.469+0200] {dagbag.py:540} INFO - Filling up the DagBag from /Users/noejalabert/airflow_venv/lib/python3.11/site-packages/airflow/example_dags/plugins/event_listener.py
[2024-06-14T10:04:18.470+0200] {processor.py:842} WARNING - No viable dags retrieved from /Users/noejalabert/airflow_venv/lib/python3.11/site-packages/airflow/example_dags/plugins/event_listener.py
[2024-06-14T10:04:18.510+0200] {processor.py:183} INFO - Processing /Users/noejalabert/airflow_venv/lib/python3.11/site-packages/airflow/example_dags/plugins/event_listener.py took 0.043 seconds
[2024-06-14T10:17:25.518+0200] {processor.py:161} INFO - Started process (PID=1569) to work on /Users/noejalabert/airflow_venv/lib/python3.11/site-packages/airflow/example_dags/plugins/event_listener.py
[2024-06-14T10:17:25.520+0200] {processor.py:830} INFO - Processing file /Users/noejalabert/airflow_venv/lib/python3.11/site-packages/airflow/example_dags/plugins/event_listener.py for tasks to queue
[2024-06-14T10:17:25.520+0200] {logging_mixin.py:188} INFO - [2024-06-14T10:17:25.520+0200] {dagbag.py:540} INFO - Filling up the DagBag from /Users/noejalabert/airflow_venv/lib/python3.11/site-packages/airflow/example_dags/plugins/event_listener.py
[2024-06-14T10:17:25.520+0200] {processor.py:842} WARNING - No viable dags retrieved from /Users/noejalabert/airflow_venv/lib/python3.11/site-packages/airflow/example_dags/plugins/event_listener.py
[2024-06-14T10:17:25.555+0200] {processor.py:183} INFO - Processing /Users/noejalabert/airflow_venv/lib/python3.11/site-packages/airflow/example_dags/plugins/event_listener.py took 0.038 seconds
[2024-06-14T10:19:07.653+0200] {processor.py:161} INFO - Started process (PID=1679) to work on /Users/noejalabert/airflow_venv/lib/python3.11/site-packages/airflow/example_dags/plugins/event_listener.py
[2024-06-14T10:19:07.655+0200] {processor.py:830} INFO - Processing file /Users/noejalabert/airflow_venv/lib/python3.11/site-packages/airflow/example_dags/plugins/event_listener.py for tasks to queue
[2024-06-14T10:19:07.655+0200] {logging_mixin.py:188} INFO - [2024-06-14T10:19:07.655+0200] {dagbag.py:540} INFO - Filling up the DagBag from /Users/noejalabert/airflow_venv/lib/python3.11/site-packages/airflow/example_dags/plugins/event_listener.py
[2024-06-14T10:19:07.655+0200] {processor.py:842} WARNING - No viable dags retrieved from /Users/noejalabert/airflow_venv/lib/python3.11/site-packages/airflow/example_dags/plugins/event_listener.py
[2024-06-14T10:19:07.690+0200] {processor.py:183} INFO - Processing /Users/noejalabert/airflow_venv/lib/python3.11/site-packages/airflow/example_dags/plugins/event_listener.py took 0.038 seconds
[2024-06-14T10:20:33.848+0200] {processor.py:161} INFO - Started process (PID=1783) to work on /Users/noejalabert/airflow_venv/lib/python3.11/site-packages/airflow/example_dags/plugins/event_listener.py
[2024-06-14T10:20:33.849+0200] {processor.py:830} INFO - Processing file /Users/noejalabert/airflow_venv/lib/python3.11/site-packages/airflow/example_dags/plugins/event_listener.py for tasks to queue
[2024-06-14T10:20:33.849+0200] {logging_mixin.py:188} INFO - [2024-06-14T10:20:33.849+0200] {dagbag.py:540} INFO - Filling up the DagBag from /Users/noejalabert/airflow_venv/lib/python3.11/site-packages/airflow/example_dags/plugins/event_listener.py
[2024-06-14T10:20:33.849+0200] {processor.py:842} WARNING - No viable dags retrieved from /Users/noejalabert/airflow_venv/lib/python3.11/site-packages/airflow/example_dags/plugins/event_listener.py
[2024-06-14T10:20:33.886+0200] {processor.py:183} INFO - Processing /Users/noejalabert/airflow_venv/lib/python3.11/site-packages/airflow/example_dags/plugins/event_listener.py took 0.039 seconds
[2024-06-14T10:21:57.188+0200] {processor.py:161} INFO - Started process (PID=1949) to work on /Users/noejalabert/airflow_venv/lib/python3.11/site-packages/airflow/example_dags/plugins/event_listener.py
[2024-06-14T10:21:57.189+0200] {processor.py:830} INFO - Processing file /Users/noejalabert/airflow_venv/lib/python3.11/site-packages/airflow/example_dags/plugins/event_listener.py for tasks to queue
[2024-06-14T10:21:57.189+0200] {logging_mixin.py:188} INFO - [2024-06-14T10:21:57.189+0200] {dagbag.py:540} INFO - Filling up the DagBag from /Users/noejalabert/airflow_venv/lib/python3.11/site-packages/airflow/example_dags/plugins/event_listener.py
[2024-06-14T10:21:57.190+0200] {processor.py:842} WARNING - No viable dags retrieved from /Users/noejalabert/airflow_venv/lib/python3.11/site-packages/airflow/example_dags/plugins/event_listener.py
[2024-06-14T10:21:57.224+0200] {processor.py:183} INFO - Processing /Users/noejalabert/airflow_venv/lib/python3.11/site-packages/airflow/example_dags/plugins/event_listener.py took 0.038 seconds
[2024-06-14T10:23:21.621+0200] {processor.py:161} INFO - Started process (PID=2034) to work on /Users/noejalabert/airflow_venv/lib/python3.11/site-packages/airflow/example_dags/plugins/event_listener.py
[2024-06-14T10:23:21.622+0200] {processor.py:830} INFO - Processing file /Users/noejalabert/airflow_venv/lib/python3.11/site-packages/airflow/example_dags/plugins/event_listener.py for tasks to queue
[2024-06-14T10:23:21.622+0200] {logging_mixin.py:188} INFO - [2024-06-14T10:23:21.622+0200] {dagbag.py:540} INFO - Filling up the DagBag from /Users/noejalabert/airflow_venv/lib/python3.11/site-packages/airflow/example_dags/plugins/event_listener.py
[2024-06-14T10:23:21.623+0200] {processor.py:842} WARNING - No viable dags retrieved from /Users/noejalabert/airflow_venv/lib/python3.11/site-packages/airflow/example_dags/plugins/event_listener.py
[2024-06-14T10:23:21.657+0200] {processor.py:183} INFO - Processing /Users/noejalabert/airflow_venv/lib/python3.11/site-packages/airflow/example_dags/plugins/event_listener.py took 0.037 seconds
[2024-06-14T10:24:44.733+0200] {processor.py:161} INFO - Started process (PID=2120) to work on /Users/noejalabert/airflow_venv/lib/python3.11/site-packages/airflow/example_dags/plugins/event_listener.py
[2024-06-14T10:24:44.733+0200] {processor.py:830} INFO - Processing file /Users/noejalabert/airflow_venv/lib/python3.11/site-packages/airflow/example_dags/plugins/event_listener.py for tasks to queue
[2024-06-14T10:24:44.733+0200] {logging_mixin.py:188} INFO - [2024-06-14T10:24:44.733+0200] {dagbag.py:540} INFO - Filling up the DagBag from /Users/noejalabert/airflow_venv/lib/python3.11/site-packages/airflow/example_dags/plugins/event_listener.py
[2024-06-14T10:24:44.734+0200] {processor.py:842} WARNING - No viable dags retrieved from /Users/noejalabert/airflow_venv/lib/python3.11/site-packages/airflow/example_dags/plugins/event_listener.py
[2024-06-14T10:24:44.768+0200] {processor.py:183} INFO - Processing /Users/noejalabert/airflow_venv/lib/python3.11/site-packages/airflow/example_dags/plugins/event_listener.py took 0.037 seconds
[2024-06-14T10:26:10.979+0200] {processor.py:161} INFO - Started process (PID=2210) to work on /Users/noejalabert/airflow_venv/lib/python3.11/site-packages/airflow/example_dags/plugins/event_listener.py
[2024-06-14T10:26:10.979+0200] {processor.py:830} INFO - Processing file /Users/noejalabert/airflow_venv/lib/python3.11/site-packages/airflow/example_dags/plugins/event_listener.py for tasks to queue
[2024-06-14T10:26:10.980+0200] {logging_mixin.py:188} INFO - [2024-06-14T10:26:10.979+0200] {dagbag.py:540} INFO - Filling up the DagBag from /Users/noejalabert/airflow_venv/lib/python3.11/site-packages/airflow/example_dags/plugins/event_listener.py
[2024-06-14T10:26:10.980+0200] {processor.py:842} WARNING - No viable dags retrieved from /Users/noejalabert/airflow_venv/lib/python3.11/site-packages/airflow/example_dags/plugins/event_listener.py
[2024-06-14T10:26:11.015+0200] {processor.py:183} INFO - Processing /Users/noejalabert/airflow_venv/lib/python3.11/site-packages/airflow/example_dags/plugins/event_listener.py took 0.037 seconds
[2024-06-14T10:27:36.347+0200] {processor.py:161} INFO - Started process (PID=2292) to work on /Users/noejalabert/airflow_venv/lib/python3.11/site-packages/airflow/example_dags/plugins/event_listener.py
[2024-06-14T10:27:36.348+0200] {processor.py:830} INFO - Processing file /Users/noejalabert/airflow_venv/lib/python3.11/site-packages/airflow/example_dags/plugins/event_listener.py for tasks to queue
[2024-06-14T10:27:36.348+0200] {logging_mixin.py:188} INFO - [2024-06-14T10:27:36.348+0200] {dagbag.py:540} INFO - Filling up the DagBag from /Users/noejalabert/airflow_venv/lib/python3.11/site-packages/airflow/example_dags/plugins/event_listener.py
[2024-06-14T10:27:36.348+0200] {processor.py:842} WARNING - No viable dags retrieved from /Users/noejalabert/airflow_venv/lib/python3.11/site-packages/airflow/example_dags/plugins/event_listener.py
[2024-06-14T10:27:36.383+0200] {processor.py:183} INFO - Processing /Users/noejalabert/airflow_venv/lib/python3.11/site-packages/airflow/example_dags/plugins/event_listener.py took 0.037 seconds
[2024-06-14T10:28:56.272+0200] {processor.py:161} INFO - Started process (PID=2382) to work on /Users/noejalabert/airflow_venv/lib/python3.11/site-packages/airflow/example_dags/plugins/event_listener.py
[2024-06-14T10:28:56.273+0200] {processor.py:830} INFO - Processing file /Users/noejalabert/airflow_venv/lib/python3.11/site-packages/airflow/example_dags/plugins/event_listener.py for tasks to queue
[2024-06-14T10:28:56.273+0200] {logging_mixin.py:188} INFO - [2024-06-14T10:28:56.273+0200] {dagbag.py:540} INFO - Filling up the DagBag from /Users/noejalabert/airflow_venv/lib/python3.11/site-packages/airflow/example_dags/plugins/event_listener.py
[2024-06-14T10:28:56.273+0200] {processor.py:842} WARNING - No viable dags retrieved from /Users/noejalabert/airflow_venv/lib/python3.11/site-packages/airflow/example_dags/plugins/event_listener.py
[2024-06-14T10:28:56.308+0200] {processor.py:183} INFO - Processing /Users/noejalabert/airflow_venv/lib/python3.11/site-packages/airflow/example_dags/plugins/event_listener.py took 0.037 seconds
[2024-06-14T10:30:20.517+0200] {processor.py:161} INFO - Started process (PID=2466) to work on /Users/noejalabert/airflow_venv/lib/python3.11/site-packages/airflow/example_dags/plugins/event_listener.py
[2024-06-14T10:30:20.518+0200] {processor.py:830} INFO - Processing file /Users/noejalabert/airflow_venv/lib/python3.11/site-packages/airflow/example_dags/plugins/event_listener.py for tasks to queue
[2024-06-14T10:30:20.518+0200] {logging_mixin.py:188} INFO - [2024-06-14T10:30:20.518+0200] {dagbag.py:540} INFO - Filling up the DagBag from /Users/noejalabert/airflow_venv/lib/python3.11/site-packages/airflow/example_dags/plugins/event_listener.py
[2024-06-14T10:30:20.519+0200] {processor.py:842} WARNING - No viable dags retrieved from /Users/noejalabert/airflow_venv/lib/python3.11/site-packages/airflow/example_dags/plugins/event_listener.py
[2024-06-14T10:30:20.556+0200] {processor.py:183} INFO - Processing /Users/noejalabert/airflow_venv/lib/python3.11/site-packages/airflow/example_dags/plugins/event_listener.py took 0.041 seconds
[2024-06-14T10:31:45.587+0200] {processor.py:161} INFO - Started process (PID=2548) to work on /Users/noejalabert/airflow_venv/lib/python3.11/site-packages/airflow/example_dags/plugins/event_listener.py
[2024-06-14T10:31:45.588+0200] {processor.py:830} INFO - Processing file /Users/noejalabert/airflow_venv/lib/python3.11/site-packages/airflow/example_dags/plugins/event_listener.py for tasks to queue
[2024-06-14T10:31:45.588+0200] {logging_mixin.py:188} INFO - [2024-06-14T10:31:45.588+0200] {dagbag.py:540} INFO - Filling up the DagBag from /Users/noejalabert/airflow_venv/lib/python3.11/site-packages/airflow/example_dags/plugins/event_listener.py
[2024-06-14T10:31:45.588+0200] {processor.py:842} WARNING - No viable dags retrieved from /Users/noejalabert/airflow_venv/lib/python3.11/site-packages/airflow/example_dags/plugins/event_listener.py
[2024-06-14T10:31:45.623+0200] {processor.py:183} INFO - Processing /Users/noejalabert/airflow_venv/lib/python3.11/site-packages/airflow/example_dags/plugins/event_listener.py took 0.037 seconds
[2024-06-14T10:33:08.429+0200] {processor.py:161} INFO - Started process (PID=2741) to work on /Users/noejalabert/airflow_venv/lib/python3.11/site-packages/airflow/example_dags/plugins/event_listener.py
[2024-06-14T10:33:08.429+0200] {processor.py:830} INFO - Processing file /Users/noejalabert/airflow_venv/lib/python3.11/site-packages/airflow/example_dags/plugins/event_listener.py for tasks to queue
[2024-06-14T10:33:08.429+0200] {logging_mixin.py:188} INFO - [2024-06-14T10:33:08.429+0200] {dagbag.py:540} INFO - Filling up the DagBag from /Users/noejalabert/airflow_venv/lib/python3.11/site-packages/airflow/example_dags/plugins/event_listener.py
[2024-06-14T10:33:08.430+0200] {processor.py:842} WARNING - No viable dags retrieved from /Users/noejalabert/airflow_venv/lib/python3.11/site-packages/airflow/example_dags/plugins/event_listener.py
[2024-06-14T10:33:08.464+0200] {processor.py:183} INFO - Processing /Users/noejalabert/airflow_venv/lib/python3.11/site-packages/airflow/example_dags/plugins/event_listener.py took 0.037 seconds
