[2024-06-14T09:59:38.706+0200] {processor.py:161} INFO - Started process (PID=22288) to work on /Users/noejalabert/airflow_venv/lib/python3.11/site-packages/airflow/example_dags/plugins/listener_plugin.py
[2024-06-14T09:59:38.707+0200] {processor.py:830} INFO - Processing file /Users/noejalabert/airflow_venv/lib/python3.11/site-packages/airflow/example_dags/plugins/listener_plugin.py for tasks to queue
[2024-06-14T09:59:38.707+0200] {logging_mixin.py:188} INFO - [2024-06-14T09:59:38.707+0200] {dagbag.py:540} INFO - Filling up the DagBag from /Users/noejalabert/airflow_venv/lib/python3.11/site-packages/airflow/example_dags/plugins/listener_plugin.py
[2024-06-14T09:59:38.708+0200] {processor.py:842} WARNING - No viable dags retrieved from /Users/noejalabert/airflow_venv/lib/python3.11/site-packages/airflow/example_dags/plugins/listener_plugin.py
[2024-06-14T09:59:38.743+0200] {processor.py:183} INFO - Processing /Users/noejalabert/airflow_venv/lib/python3.11/site-packages/airflow/example_dags/plugins/listener_plugin.py took 0.038 seconds
[2024-06-14T10:01:14.794+0200] {processor.py:161} INFO - Started process (PID=22408) to work on /Users/noejalabert/airflow_venv/lib/python3.11/site-packages/airflow/example_dags/plugins/listener_plugin.py
[2024-06-14T10:01:14.795+0200] {processor.py:830} INFO - Processing file /Users/noejalabert/airflow_venv/lib/python3.11/site-packages/airflow/example_dags/plugins/listener_plugin.py for tasks to queue
[2024-06-14T10:01:14.795+0200] {logging_mixin.py:188} INFO - [2024-06-14T10:01:14.795+0200] {dagbag.py:540} INFO - Filling up the DagBag from /Users/noejalabert/airflow_venv/lib/python3.11/site-packages/airflow/example_dags/plugins/listener_plugin.py
[2024-06-14T10:01:14.796+0200] {processor.py:842} WARNING - No viable dags retrieved from /Users/noejalabert/airflow_venv/lib/python3.11/site-packages/airflow/example_dags/plugins/listener_plugin.py
[2024-06-14T10:01:14.833+0200] {processor.py:183} INFO - Processing /Users/noejalabert/airflow_venv/lib/python3.11/site-packages/airflow/example_dags/plugins/listener_plugin.py took 0.041 seconds
[2024-06-14T10:02:38.984+0200] {processor.py:161} INFO - Started process (PID=22504) to work on /Users/noejalabert/airflow_venv/lib/python3.11/site-packages/airflow/example_dags/plugins/listener_plugin.py
[2024-06-14T10:02:38.986+0200] {processor.py:830} INFO - Processing file /Users/noejalabert/airflow_venv/lib/python3.11/site-packages/airflow/example_dags/plugins/listener_plugin.py for tasks to queue
[2024-06-14T10:02:38.986+0200] {logging_mixin.py:188} INFO - [2024-06-14T10:02:38.986+0200] {dagbag.py:540} INFO - Filling up the DagBag from /Users/noejalabert/airflow_venv/lib/python3.11/site-packages/airflow/example_dags/plugins/listener_plugin.py
[2024-06-14T10:02:38.987+0200] {processor.py:842} WARNING - No viable dags retrieved from /Users/noejalabert/airflow_venv/lib/python3.11/site-packages/airflow/example_dags/plugins/listener_plugin.py
[2024-06-14T10:02:39.022+0200] {processor.py:183} INFO - Processing /Users/noejalabert/airflow_venv/lib/python3.11/site-packages/airflow/example_dags/plugins/listener_plugin.py took 0.039 seconds
[2024-06-14T10:04:16.579+0200] {processor.py:161} INFO - Started process (PID=22669) to work on /Users/noejalabert/airflow_venv/lib/python3.11/site-packages/airflow/example_dags/plugins/listener_plugin.py
[2024-06-14T10:04:16.580+0200] {processor.py:830} INFO - Processing file /Users/noejalabert/airflow_venv/lib/python3.11/site-packages/airflow/example_dags/plugins/listener_plugin.py for tasks to queue
[2024-06-14T10:04:16.580+0200] {logging_mixin.py:188} INFO - [2024-06-14T10:04:16.580+0200] {dagbag.py:540} INFO - Filling up the DagBag from /Users/noejalabert/airflow_venv/lib/python3.11/site-packages/airflow/example_dags/plugins/listener_plugin.py
[2024-06-14T10:04:16.582+0200] {processor.py:842} WARNING - No viable dags retrieved from /Users/noejalabert/airflow_venv/lib/python3.11/site-packages/airflow/example_dags/plugins/listener_plugin.py
[2024-06-14T10:04:16.620+0200] {processor.py:183} INFO - Processing /Users/noejalabert/airflow_venv/lib/python3.11/site-packages/airflow/example_dags/plugins/listener_plugin.py took 0.043 seconds
[2024-06-14T10:17:23.736+0200] {processor.py:161} INFO - Started process (PID=1567) to work on /Users/noejalabert/airflow_venv/lib/python3.11/site-packages/airflow/example_dags/plugins/listener_plugin.py
[2024-06-14T10:17:23.737+0200] {processor.py:830} INFO - Processing file /Users/noejalabert/airflow_venv/lib/python3.11/site-packages/airflow/example_dags/plugins/listener_plugin.py for tasks to queue
[2024-06-14T10:17:23.737+0200] {logging_mixin.py:188} INFO - [2024-06-14T10:17:23.737+0200] {dagbag.py:540} INFO - Filling up the DagBag from /Users/noejalabert/airflow_venv/lib/python3.11/site-packages/airflow/example_dags/plugins/listener_plugin.py
[2024-06-14T10:17:23.738+0200] {processor.py:842} WARNING - No viable dags retrieved from /Users/noejalabert/airflow_venv/lib/python3.11/site-packages/airflow/example_dags/plugins/listener_plugin.py
[2024-06-14T10:17:23.773+0200] {processor.py:183} INFO - Processing /Users/noejalabert/airflow_venv/lib/python3.11/site-packages/airflow/example_dags/plugins/listener_plugin.py took 0.038 seconds
[2024-06-14T10:19:06.158+0200] {processor.py:161} INFO - Started process (PID=1678) to work on /Users/noejalabert/airflow_venv/lib/python3.11/site-packages/airflow/example_dags/plugins/listener_plugin.py
[2024-06-14T10:19:06.159+0200] {processor.py:830} INFO - Processing file /Users/noejalabert/airflow_venv/lib/python3.11/site-packages/airflow/example_dags/plugins/listener_plugin.py for tasks to queue
[2024-06-14T10:19:06.159+0200] {logging_mixin.py:188} INFO - [2024-06-14T10:19:06.159+0200] {dagbag.py:540} INFO - Filling up the DagBag from /Users/noejalabert/airflow_venv/lib/python3.11/site-packages/airflow/example_dags/plugins/listener_plugin.py
[2024-06-14T10:19:06.160+0200] {processor.py:842} WARNING - No viable dags retrieved from /Users/noejalabert/airflow_venv/lib/python3.11/site-packages/airflow/example_dags/plugins/listener_plugin.py
[2024-06-14T10:19:06.195+0200] {processor.py:183} INFO - Processing /Users/noejalabert/airflow_venv/lib/python3.11/site-packages/airflow/example_dags/plugins/listener_plugin.py took 0.039 seconds
[2024-06-14T10:20:32.061+0200] {processor.py:161} INFO - Started process (PID=1782) to work on /Users/noejalabert/airflow_venv/lib/python3.11/site-packages/airflow/example_dags/plugins/listener_plugin.py
[2024-06-14T10:20:32.062+0200] {processor.py:830} INFO - Processing file /Users/noejalabert/airflow_venv/lib/python3.11/site-packages/airflow/example_dags/plugins/listener_plugin.py for tasks to queue
[2024-06-14T10:20:32.062+0200] {logging_mixin.py:188} INFO - [2024-06-14T10:20:32.062+0200] {dagbag.py:540} INFO - Filling up the DagBag from /Users/noejalabert/airflow_venv/lib/python3.11/site-packages/airflow/example_dags/plugins/listener_plugin.py
[2024-06-14T10:20:32.064+0200] {processor.py:842} WARNING - No viable dags retrieved from /Users/noejalabert/airflow_venv/lib/python3.11/site-packages/airflow/example_dags/plugins/listener_plugin.py
[2024-06-14T10:20:32.099+0200] {processor.py:183} INFO - Processing /Users/noejalabert/airflow_venv/lib/python3.11/site-packages/airflow/example_dags/plugins/listener_plugin.py took 0.039 seconds
[2024-06-14T10:21:56.424+0200] {processor.py:161} INFO - Started process (PID=1948) to work on /Users/noejalabert/airflow_venv/lib/python3.11/site-packages/airflow/example_dags/plugins/listener_plugin.py
[2024-06-14T10:21:56.426+0200] {processor.py:830} INFO - Processing file /Users/noejalabert/airflow_venv/lib/python3.11/site-packages/airflow/example_dags/plugins/listener_plugin.py for tasks to queue
[2024-06-14T10:21:56.426+0200] {logging_mixin.py:188} INFO - [2024-06-14T10:21:56.426+0200] {dagbag.py:540} INFO - Filling up the DagBag from /Users/noejalabert/airflow_venv/lib/python3.11/site-packages/airflow/example_dags/plugins/listener_plugin.py
[2024-06-14T10:21:56.427+0200] {processor.py:842} WARNING - No viable dags retrieved from /Users/noejalabert/airflow_venv/lib/python3.11/site-packages/airflow/example_dags/plugins/listener_plugin.py
[2024-06-14T10:21:56.462+0200] {processor.py:183} INFO - Processing /Users/noejalabert/airflow_venv/lib/python3.11/site-packages/airflow/example_dags/plugins/listener_plugin.py took 0.039 seconds
[2024-06-14T10:23:20.625+0200] {processor.py:161} INFO - Started process (PID=2033) to work on /Users/noejalabert/airflow_venv/lib/python3.11/site-packages/airflow/example_dags/plugins/listener_plugin.py
[2024-06-14T10:23:20.626+0200] {processor.py:830} INFO - Processing file /Users/noejalabert/airflow_venv/lib/python3.11/site-packages/airflow/example_dags/plugins/listener_plugin.py for tasks to queue
[2024-06-14T10:23:20.626+0200] {logging_mixin.py:188} INFO - [2024-06-14T10:23:20.626+0200] {dagbag.py:540} INFO - Filling up the DagBag from /Users/noejalabert/airflow_venv/lib/python3.11/site-packages/airflow/example_dags/plugins/listener_plugin.py
[2024-06-14T10:23:20.627+0200] {processor.py:842} WARNING - No viable dags retrieved from /Users/noejalabert/airflow_venv/lib/python3.11/site-packages/airflow/example_dags/plugins/listener_plugin.py
[2024-06-14T10:23:20.662+0200] {processor.py:183} INFO - Processing /Users/noejalabert/airflow_venv/lib/python3.11/site-packages/airflow/example_dags/plugins/listener_plugin.py took 0.037 seconds
[2024-06-14T10:24:42.951+0200] {processor.py:161} INFO - Started process (PID=2118) to work on /Users/noejalabert/airflow_venv/lib/python3.11/site-packages/airflow/example_dags/plugins/listener_plugin.py
[2024-06-14T10:24:42.951+0200] {processor.py:830} INFO - Processing file /Users/noejalabert/airflow_venv/lib/python3.11/site-packages/airflow/example_dags/plugins/listener_plugin.py for tasks to queue
[2024-06-14T10:24:42.951+0200] {logging_mixin.py:188} INFO - [2024-06-14T10:24:42.951+0200] {dagbag.py:540} INFO - Filling up the DagBag from /Users/noejalabert/airflow_venv/lib/python3.11/site-packages/airflow/example_dags/plugins/listener_plugin.py
[2024-06-14T10:24:42.952+0200] {processor.py:842} WARNING - No viable dags retrieved from /Users/noejalabert/airflow_venv/lib/python3.11/site-packages/airflow/example_dags/plugins/listener_plugin.py
[2024-06-14T10:24:42.987+0200] {processor.py:183} INFO - Processing /Users/noejalabert/airflow_venv/lib/python3.11/site-packages/airflow/example_dags/plugins/listener_plugin.py took 0.038 seconds
[2024-06-14T10:26:09.265+0200] {processor.py:161} INFO - Started process (PID=2206) to work on /Users/noejalabert/airflow_venv/lib/python3.11/site-packages/airflow/example_dags/plugins/listener_plugin.py
[2024-06-14T10:26:09.266+0200] {processor.py:830} INFO - Processing file /Users/noejalabert/airflow_venv/lib/python3.11/site-packages/airflow/example_dags/plugins/listener_plugin.py for tasks to queue
[2024-06-14T10:26:09.266+0200] {logging_mixin.py:188} INFO - [2024-06-14T10:26:09.266+0200] {dagbag.py:540} INFO - Filling up the DagBag from /Users/noejalabert/airflow_venv/lib/python3.11/site-packages/airflow/example_dags/plugins/listener_plugin.py
[2024-06-14T10:26:09.267+0200] {processor.py:842} WARNING - No viable dags retrieved from /Users/noejalabert/airflow_venv/lib/python3.11/site-packages/airflow/example_dags/plugins/listener_plugin.py
[2024-06-14T10:26:09.301+0200] {processor.py:183} INFO - Processing /Users/noejalabert/airflow_venv/lib/python3.11/site-packages/airflow/example_dags/plugins/listener_plugin.py took 0.038 seconds
[2024-06-14T10:27:34.554+0200] {processor.py:161} INFO - Started process (PID=2291) to work on /Users/noejalabert/airflow_venv/lib/python3.11/site-packages/airflow/example_dags/plugins/listener_plugin.py
[2024-06-14T10:27:34.555+0200] {processor.py:830} INFO - Processing file /Users/noejalabert/airflow_venv/lib/python3.11/site-packages/airflow/example_dags/plugins/listener_plugin.py for tasks to queue
[2024-06-14T10:27:34.555+0200] {logging_mixin.py:188} INFO - [2024-06-14T10:27:34.555+0200] {dagbag.py:540} INFO - Filling up the DagBag from /Users/noejalabert/airflow_venv/lib/python3.11/site-packages/airflow/example_dags/plugins/listener_plugin.py
[2024-06-14T10:27:34.556+0200] {processor.py:842} WARNING - No viable dags retrieved from /Users/noejalabert/airflow_venv/lib/python3.11/site-packages/airflow/example_dags/plugins/listener_plugin.py
[2024-06-14T10:27:34.590+0200] {processor.py:183} INFO - Processing /Users/noejalabert/airflow_venv/lib/python3.11/site-packages/airflow/example_dags/plugins/listener_plugin.py took 0.037 seconds
[2024-06-14T10:28:54.424+0200] {processor.py:161} INFO - Started process (PID=2380) to work on /Users/noejalabert/airflow_venv/lib/python3.11/site-packages/airflow/example_dags/plugins/listener_plugin.py
[2024-06-14T10:28:54.424+0200] {processor.py:830} INFO - Processing file /Users/noejalabert/airflow_venv/lib/python3.11/site-packages/airflow/example_dags/plugins/listener_plugin.py for tasks to queue
[2024-06-14T10:28:54.425+0200] {logging_mixin.py:188} INFO - [2024-06-14T10:28:54.425+0200] {dagbag.py:540} INFO - Filling up the DagBag from /Users/noejalabert/airflow_venv/lib/python3.11/site-packages/airflow/example_dags/plugins/listener_plugin.py
[2024-06-14T10:28:54.426+0200] {processor.py:842} WARNING - No viable dags retrieved from /Users/noejalabert/airflow_venv/lib/python3.11/site-packages/airflow/example_dags/plugins/listener_plugin.py
[2024-06-14T10:28:54.461+0200] {processor.py:183} INFO - Processing /Users/noejalabert/airflow_venv/lib/python3.11/site-packages/airflow/example_dags/plugins/listener_plugin.py took 0.038 seconds
[2024-06-14T10:30:18.680+0200] {processor.py:161} INFO - Started process (PID=2463) to work on /Users/noejalabert/airflow_venv/lib/python3.11/site-packages/airflow/example_dags/plugins/listener_plugin.py
[2024-06-14T10:30:18.680+0200] {processor.py:830} INFO - Processing file /Users/noejalabert/airflow_venv/lib/python3.11/site-packages/airflow/example_dags/plugins/listener_plugin.py for tasks to queue
[2024-06-14T10:30:18.680+0200] {logging_mixin.py:188} INFO - [2024-06-14T10:30:18.680+0200] {dagbag.py:540} INFO - Filling up the DagBag from /Users/noejalabert/airflow_venv/lib/python3.11/site-packages/airflow/example_dags/plugins/listener_plugin.py
[2024-06-14T10:30:18.681+0200] {processor.py:842} WARNING - No viable dags retrieved from /Users/noejalabert/airflow_venv/lib/python3.11/site-packages/airflow/example_dags/plugins/listener_plugin.py
[2024-06-14T10:30:18.716+0200] {processor.py:183} INFO - Processing /Users/noejalabert/airflow_venv/lib/python3.11/site-packages/airflow/example_dags/plugins/listener_plugin.py took 0.037 seconds
[2024-06-14T10:31:43.787+0200] {processor.py:161} INFO - Started process (PID=2547) to work on /Users/noejalabert/airflow_venv/lib/python3.11/site-packages/airflow/example_dags/plugins/listener_plugin.py
[2024-06-14T10:31:43.787+0200] {processor.py:830} INFO - Processing file /Users/noejalabert/airflow_venv/lib/python3.11/site-packages/airflow/example_dags/plugins/listener_plugin.py for tasks to queue
[2024-06-14T10:31:43.787+0200] {logging_mixin.py:188} INFO - [2024-06-14T10:31:43.787+0200] {dagbag.py:540} INFO - Filling up the DagBag from /Users/noejalabert/airflow_venv/lib/python3.11/site-packages/airflow/example_dags/plugins/listener_plugin.py
[2024-06-14T10:31:43.788+0200] {processor.py:842} WARNING - No viable dags retrieved from /Users/noejalabert/airflow_venv/lib/python3.11/site-packages/airflow/example_dags/plugins/listener_plugin.py
[2024-06-14T10:31:43.823+0200] {processor.py:183} INFO - Processing /Users/noejalabert/airflow_venv/lib/python3.11/site-packages/airflow/example_dags/plugins/listener_plugin.py took 0.038 seconds
[2024-06-14T10:33:06.635+0200] {processor.py:161} INFO - Started process (PID=2740) to work on /Users/noejalabert/airflow_venv/lib/python3.11/site-packages/airflow/example_dags/plugins/listener_plugin.py
[2024-06-14T10:33:06.636+0200] {processor.py:830} INFO - Processing file /Users/noejalabert/airflow_venv/lib/python3.11/site-packages/airflow/example_dags/plugins/listener_plugin.py for tasks to queue
[2024-06-14T10:33:06.636+0200] {logging_mixin.py:188} INFO - [2024-06-14T10:33:06.636+0200] {dagbag.py:540} INFO - Filling up the DagBag from /Users/noejalabert/airflow_venv/lib/python3.11/site-packages/airflow/example_dags/plugins/listener_plugin.py
[2024-06-14T10:33:06.637+0200] {processor.py:842} WARNING - No viable dags retrieved from /Users/noejalabert/airflow_venv/lib/python3.11/site-packages/airflow/example_dags/plugins/listener_plugin.py
[2024-06-14T10:33:06.672+0200] {processor.py:183} INFO - Processing /Users/noejalabert/airflow_venv/lib/python3.11/site-packages/airflow/example_dags/plugins/listener_plugin.py took 0.037 seconds
