[2024-04-30T15:23:58.277+0200] {processor.py:161} INFO - Started process (PID=30380) to work on /Users/noejalabert/airflow/dags/my_first_dag.py
[2024-04-30T15:23:58.278+0200] {processor.py:830} INFO - Processing file /Users/noejalabert/airflow/dags/my_first_dag.py for tasks to queue
[2024-04-30T15:23:58.278+0200] {logging_mixin.py:188} INFO - [2024-04-30T15:23:58.278+0200] {dagbag.py:540} INFO - Filling up the DagBag from /Users/noejalabert/airflow/dags/my_first_dag.py
[2024-04-30T15:23:58.290+0200] {processor.py:840} INFO - DAG(s) 'my_first_dag' retrieved from /Users/noejalabert/airflow/dags/my_first_dag.py
[2024-04-30T15:23:58.392+0200] {logging_mixin.py:188} INFO - [2024-04-30T15:23:58.392+0200] {override.py:1829} INFO - Created Permission View: can read on DAG:my_first_dag
[2024-04-30T15:23:58.396+0200] {logging_mixin.py:188} INFO - [2024-04-30T15:23:58.396+0200] {override.py:1829} INFO - Created Permission View: can edit on DAG:my_first_dag
[2024-04-30T15:23:58.398+0200] {logging_mixin.py:188} INFO - [2024-04-30T15:23:58.398+0200] {override.py:1829} INFO - Created Permission View: can delete on DAG:my_first_dag
[2024-04-30T15:23:58.398+0200] {logging_mixin.py:188} INFO - [2024-04-30T15:23:58.398+0200] {dag.py:3096} INFO - Sync 1 DAGs
[2024-04-30T15:23:58.427+0200] {logging_mixin.py:188} INFO - [2024-04-30T15:23:58.427+0200] {dag.py:3118} INFO - Creating ORM DAG for my_first_dag
[2024-04-30T15:23:58.427+0200] {logging_mixin.py:188} INFO - [2024-04-30T15:23:58.427+0200] {dag.py:3954} INFO - Setting next_dagrun for my_first_dag to None, run_after=None
[2024-04-30T15:23:58.435+0200] {processor.py:183} INFO - Processing /Users/noejalabert/airflow/dags/my_first_dag.py took 0.159 seconds
[2024-04-30T15:24:30.916+0200] {processor.py:161} INFO - Started process (PID=30406) to work on /Users/noejalabert/airflow/dags/my_first_dag.py
[2024-04-30T15:24:30.917+0200] {processor.py:830} INFO - Processing file /Users/noejalabert/airflow/dags/my_first_dag.py for tasks to queue
[2024-04-30T15:24:30.918+0200] {logging_mixin.py:188} INFO - [2024-04-30T15:24:30.917+0200] {dagbag.py:540} INFO - Filling up the DagBag from /Users/noejalabert/airflow/dags/my_first_dag.py
[2024-04-30T15:24:30.929+0200] {processor.py:840} INFO - DAG(s) 'my_first_dag' retrieved from /Users/noejalabert/airflow/dags/my_first_dag.py
[2024-04-30T15:24:30.975+0200] {logging_mixin.py:188} INFO - [2024-04-30T15:24:30.975+0200] {dag.py:3096} INFO - Sync 1 DAGs
[2024-04-30T15:24:30.979+0200] {logging_mixin.py:188} INFO - [2024-04-30T15:24:30.979+0200] {dag.py:3954} INFO - Setting next_dagrun for my_first_dag to None, run_after=None
[2024-04-30T15:24:30.988+0200] {processor.py:183} INFO - Processing /Users/noejalabert/airflow/dags/my_first_dag.py took 0.073 seconds
[2024-04-30T15:25:27.534+0200] {processor.py:161} INFO - Started process (PID=30466) to work on /Users/noejalabert/airflow/dags/my_first_dag.py
[2024-04-30T15:25:27.534+0200] {processor.py:830} INFO - Processing file /Users/noejalabert/airflow/dags/my_first_dag.py for tasks to queue
[2024-04-30T15:25:27.534+0200] {logging_mixin.py:188} INFO - [2024-04-30T15:25:27.534+0200] {dagbag.py:540} INFO - Filling up the DagBag from /Users/noejalabert/airflow/dags/my_first_dag.py
[2024-04-30T15:25:27.546+0200] {processor.py:840} INFO - DAG(s) 'my_first_dag' retrieved from /Users/noejalabert/airflow/dags/my_first_dag.py
[2024-04-30T15:25:27.592+0200] {logging_mixin.py:188} INFO - [2024-04-30T15:25:27.592+0200] {dag.py:3096} INFO - Sync 1 DAGs
[2024-04-30T15:25:27.596+0200] {logging_mixin.py:188} INFO - [2024-04-30T15:25:27.596+0200] {dag.py:3954} INFO - Setting next_dagrun for my_first_dag to None, run_after=None
[2024-04-30T15:25:27.604+0200] {processor.py:183} INFO - Processing /Users/noejalabert/airflow/dags/my_first_dag.py took 0.072 seconds
[2024-04-30T15:26:22.220+0200] {processor.py:161} INFO - Started process (PID=30513) to work on /Users/noejalabert/airflow/dags/my_first_dag.py
[2024-04-30T15:26:22.221+0200] {processor.py:830} INFO - Processing file /Users/noejalabert/airflow/dags/my_first_dag.py for tasks to queue
[2024-04-30T15:26:22.221+0200] {logging_mixin.py:188} INFO - [2024-04-30T15:26:22.221+0200] {dagbag.py:540} INFO - Filling up the DagBag from /Users/noejalabert/airflow/dags/my_first_dag.py
[2024-04-30T15:26:22.232+0200] {processor.py:840} INFO - DAG(s) 'my_first_dag' retrieved from /Users/noejalabert/airflow/dags/my_first_dag.py
[2024-04-30T15:26:22.277+0200] {logging_mixin.py:188} INFO - [2024-04-30T15:26:22.277+0200] {dag.py:3096} INFO - Sync 1 DAGs
[2024-04-30T15:26:22.281+0200] {logging_mixin.py:188} INFO - [2024-04-30T15:26:22.281+0200] {dag.py:3954} INFO - Setting next_dagrun for my_first_dag to None, run_after=None
[2024-04-30T15:26:22.289+0200] {processor.py:183} INFO - Processing /Users/noejalabert/airflow/dags/my_first_dag.py took 0.070 seconds
[2024-04-30T15:32:19.560+0200] {processor.py:161} INFO - Started process (PID=30593) to work on /Users/noejalabert/airflow/dags/my_first_dag.py
[2024-04-30T15:32:19.560+0200] {processor.py:830} INFO - Processing file /Users/noejalabert/airflow/dags/my_first_dag.py for tasks to queue
[2024-04-30T15:32:19.560+0200] {logging_mixin.py:188} INFO - [2024-04-30T15:32:19.560+0200] {dagbag.py:540} INFO - Filling up the DagBag from /Users/noejalabert/airflow/dags/my_first_dag.py
[2024-04-30T15:32:19.571+0200] {processor.py:840} INFO - DAG(s) 'my_first_dag' retrieved from /Users/noejalabert/airflow/dags/my_first_dag.py
[2024-04-30T15:32:19.615+0200] {logging_mixin.py:188} INFO - [2024-04-30T15:32:19.615+0200] {dag.py:3096} INFO - Sync 1 DAGs
[2024-04-30T15:32:19.619+0200] {logging_mixin.py:188} INFO - [2024-04-30T15:32:19.619+0200] {dag.py:3954} INFO - Setting next_dagrun for my_first_dag to None, run_after=None
[2024-04-30T15:32:19.627+0200] {processor.py:183} INFO - Processing /Users/noejalabert/airflow/dags/my_first_dag.py took 0.068 seconds
[2024-04-30T15:39:51.531+0200] {processor.py:161} INFO - Started process (PID=30709) to work on /Users/noejalabert/airflow/dags/my_first_dag.py
[2024-04-30T15:39:51.532+0200] {processor.py:830} INFO - Processing file /Users/noejalabert/airflow/dags/my_first_dag.py for tasks to queue
[2024-04-30T15:39:51.532+0200] {logging_mixin.py:188} INFO - [2024-04-30T15:39:51.532+0200] {dagbag.py:540} INFO - Filling up the DagBag from /Users/noejalabert/airflow/dags/my_first_dag.py
[2024-04-30T15:39:51.543+0200] {processor.py:840} INFO - DAG(s) 'my_first_dag' retrieved from /Users/noejalabert/airflow/dags/my_first_dag.py
[2024-04-30T15:39:51.587+0200] {logging_mixin.py:188} INFO - [2024-04-30T15:39:51.587+0200] {dag.py:3096} INFO - Sync 1 DAGs
[2024-04-30T15:39:51.591+0200] {logging_mixin.py:188} INFO - [2024-04-30T15:39:51.591+0200] {dag.py:3954} INFO - Setting next_dagrun for my_first_dag to None, run_after=None
[2024-04-30T15:39:51.598+0200] {processor.py:183} INFO - Processing /Users/noejalabert/airflow/dags/my_first_dag.py took 0.069 seconds
[2024-04-30T15:44:13.356+0200] {processor.py:161} INFO - Started process (PID=30803) to work on /Users/noejalabert/airflow/dags/my_first_dag.py
[2024-04-30T15:44:13.357+0200] {processor.py:830} INFO - Processing file /Users/noejalabert/airflow/dags/my_first_dag.py for tasks to queue
[2024-04-30T15:44:13.357+0200] {logging_mixin.py:188} INFO - [2024-04-30T15:44:13.357+0200] {dagbag.py:540} INFO - Filling up the DagBag from /Users/noejalabert/airflow/dags/my_first_dag.py
[2024-04-30T15:44:13.369+0200] {processor.py:840} INFO - DAG(s) 'my_first_dag' retrieved from /Users/noejalabert/airflow/dags/my_first_dag.py
[2024-04-30T15:44:13.413+0200] {logging_mixin.py:188} INFO - [2024-04-30T15:44:13.413+0200] {dag.py:3096} INFO - Sync 1 DAGs
[2024-04-30T15:44:13.417+0200] {logging_mixin.py:188} INFO - [2024-04-30T15:44:13.417+0200] {dag.py:3954} INFO - Setting next_dagrun for my_first_dag to None, run_after=None
[2024-04-30T15:44:13.424+0200] {processor.py:183} INFO - Processing /Users/noejalabert/airflow/dags/my_first_dag.py took 0.070 seconds
[2024-04-30T15:45:22.553+0200] {processor.py:161} INFO - Started process (PID=30847) to work on /Users/noejalabert/airflow/dags/my_first_dag.py
[2024-04-30T15:45:22.553+0200] {processor.py:830} INFO - Processing file /Users/noejalabert/airflow/dags/my_first_dag.py for tasks to queue
[2024-04-30T15:45:22.554+0200] {logging_mixin.py:188} INFO - [2024-04-30T15:45:22.554+0200] {dagbag.py:540} INFO - Filling up the DagBag from /Users/noejalabert/airflow/dags/my_first_dag.py
[2024-04-30T15:45:22.565+0200] {processor.py:840} INFO - DAG(s) 'my_first_dag' retrieved from /Users/noejalabert/airflow/dags/my_first_dag.py
[2024-04-30T15:45:22.609+0200] {logging_mixin.py:188} INFO - [2024-04-30T15:45:22.609+0200] {dag.py:3096} INFO - Sync 1 DAGs
[2024-04-30T15:45:22.614+0200] {logging_mixin.py:188} INFO - [2024-04-30T15:45:22.614+0200] {dag.py:3954} INFO - Setting next_dagrun for my_first_dag to None, run_after=None
[2024-04-30T15:45:22.622+0200] {processor.py:183} INFO - Processing /Users/noejalabert/airflow/dags/my_first_dag.py took 0.070 seconds
[2024-04-30T15:46:22.741+0200] {processor.py:161} INFO - Started process (PID=30884) to work on /Users/noejalabert/airflow/dags/my_first_dag.py
[2024-04-30T15:46:22.742+0200] {processor.py:830} INFO - Processing file /Users/noejalabert/airflow/dags/my_first_dag.py for tasks to queue
[2024-04-30T15:46:22.742+0200] {logging_mixin.py:188} INFO - [2024-04-30T15:46:22.742+0200] {dagbag.py:540} INFO - Filling up the DagBag from /Users/noejalabert/airflow/dags/my_first_dag.py
[2024-04-30T15:46:22.758+0200] {processor.py:840} INFO - DAG(s) 'my_first_dag' retrieved from /Users/noejalabert/airflow/dags/my_first_dag.py
[2024-04-30T15:46:22.807+0200] {logging_mixin.py:188} INFO - [2024-04-30T15:46:22.807+0200] {dag.py:3096} INFO - Sync 1 DAGs
[2024-04-30T15:46:22.811+0200] {logging_mixin.py:188} INFO - [2024-04-30T15:46:22.811+0200] {dag.py:3954} INFO - Setting next_dagrun for my_first_dag to None, run_after=None
[2024-04-30T15:46:22.819+0200] {processor.py:183} INFO - Processing /Users/noejalabert/airflow/dags/my_first_dag.py took 0.080 seconds
[2024-04-30T15:47:21.038+0200] {processor.py:161} INFO - Started process (PID=30922) to work on /Users/noejalabert/airflow/dags/my_first_dag.py
[2024-04-30T15:47:21.038+0200] {processor.py:830} INFO - Processing file /Users/noejalabert/airflow/dags/my_first_dag.py for tasks to queue
[2024-04-30T15:47:21.038+0200] {logging_mixin.py:188} INFO - [2024-04-30T15:47:21.038+0200] {dagbag.py:540} INFO - Filling up the DagBag from /Users/noejalabert/airflow/dags/my_first_dag.py
[2024-04-30T15:47:21.049+0200] {processor.py:840} INFO - DAG(s) 'my_first_dag' retrieved from /Users/noejalabert/airflow/dags/my_first_dag.py
[2024-04-30T15:47:21.093+0200] {logging_mixin.py:188} INFO - [2024-04-30T15:47:21.093+0200] {dag.py:3096} INFO - Sync 1 DAGs
[2024-04-30T15:47:21.097+0200] {logging_mixin.py:188} INFO - [2024-04-30T15:47:21.097+0200] {dag.py:3954} INFO - Setting next_dagrun for my_first_dag to None, run_after=None
[2024-04-30T15:47:21.105+0200] {processor.py:183} INFO - Processing /Users/noejalabert/airflow/dags/my_first_dag.py took 0.069 seconds
[2024-04-30T15:48:22.741+0200] {processor.py:161} INFO - Started process (PID=30962) to work on /Users/noejalabert/airflow/dags/my_first_dag.py
[2024-04-30T15:48:22.741+0200] {processor.py:830} INFO - Processing file /Users/noejalabert/airflow/dags/my_first_dag.py for tasks to queue
[2024-04-30T15:48:22.742+0200] {logging_mixin.py:188} INFO - [2024-04-30T15:48:22.742+0200] {dagbag.py:540} INFO - Filling up the DagBag from /Users/noejalabert/airflow/dags/my_first_dag.py
[2024-04-30T15:48:22.765+0200] {processor.py:840} INFO - DAG(s) 'my_first_dag' retrieved from /Users/noejalabert/airflow/dags/my_first_dag.py
[2024-04-30T15:48:22.844+0200] {logging_mixin.py:188} INFO - [2024-04-30T15:48:22.844+0200] {dag.py:3096} INFO - Sync 1 DAGs
[2024-04-30T15:48:22.848+0200] {logging_mixin.py:188} INFO - [2024-04-30T15:48:22.848+0200] {dag.py:3954} INFO - Setting next_dagrun for my_first_dag to None, run_after=None
[2024-04-30T15:48:22.857+0200] {processor.py:183} INFO - Processing /Users/noejalabert/airflow/dags/my_first_dag.py took 0.117 seconds
[2024-04-30T15:49:22.241+0200] {processor.py:161} INFO - Started process (PID=31009) to work on /Users/noejalabert/airflow/dags/my_first_dag.py
[2024-04-30T15:49:22.242+0200] {processor.py:830} INFO - Processing file /Users/noejalabert/airflow/dags/my_first_dag.py for tasks to queue
[2024-04-30T15:49:22.242+0200] {logging_mixin.py:188} INFO - [2024-04-30T15:49:22.242+0200] {dagbag.py:540} INFO - Filling up the DagBag from /Users/noejalabert/airflow/dags/my_first_dag.py
[2024-04-30T15:49:22.253+0200] {processor.py:840} INFO - DAG(s) 'my_first_dag' retrieved from /Users/noejalabert/airflow/dags/my_first_dag.py
[2024-04-30T15:49:22.298+0200] {logging_mixin.py:188} INFO - [2024-04-30T15:49:22.297+0200] {dag.py:3096} INFO - Sync 1 DAGs
[2024-04-30T15:49:22.302+0200] {logging_mixin.py:188} INFO - [2024-04-30T15:49:22.301+0200] {dag.py:3954} INFO - Setting next_dagrun for my_first_dag to None, run_after=None
[2024-04-30T15:49:22.309+0200] {processor.py:183} INFO - Processing /Users/noejalabert/airflow/dags/my_first_dag.py took 0.069 seconds
[2024-04-30T15:50:19.270+0200] {processor.py:161} INFO - Started process (PID=31052) to work on /Users/noejalabert/airflow/dags/my_first_dag.py
[2024-04-30T15:50:19.271+0200] {processor.py:830} INFO - Processing file /Users/noejalabert/airflow/dags/my_first_dag.py for tasks to queue
[2024-04-30T15:50:19.272+0200] {logging_mixin.py:188} INFO - [2024-04-30T15:50:19.271+0200] {dagbag.py:540} INFO - Filling up the DagBag from /Users/noejalabert/airflow/dags/my_first_dag.py
[2024-04-30T15:50:19.284+0200] {processor.py:840} INFO - DAG(s) 'my_first_dag' retrieved from /Users/noejalabert/airflow/dags/my_first_dag.py
[2024-04-30T15:50:19.330+0200] {logging_mixin.py:188} INFO - [2024-04-30T15:50:19.330+0200] {dag.py:3096} INFO - Sync 1 DAGs
[2024-04-30T15:50:19.334+0200] {logging_mixin.py:188} INFO - [2024-04-30T15:50:19.334+0200] {dag.py:3954} INFO - Setting next_dagrun for my_first_dag to None, run_after=None
[2024-04-30T15:50:19.342+0200] {processor.py:183} INFO - Processing /Users/noejalabert/airflow/dags/my_first_dag.py took 0.073 seconds
[2024-04-30T15:51:48.937+0200] {processor.py:161} INFO - Started process (PID=31077) to work on /Users/noejalabert/airflow/dags/my_first_dag.py
[2024-04-30T15:51:48.937+0200] {processor.py:830} INFO - Processing file /Users/noejalabert/airflow/dags/my_first_dag.py for tasks to queue
[2024-04-30T15:51:48.937+0200] {logging_mixin.py:188} INFO - [2024-04-30T15:51:48.937+0200] {dagbag.py:540} INFO - Filling up the DagBag from /Users/noejalabert/airflow/dags/my_first_dag.py
[2024-04-30T15:51:48.949+0200] {processor.py:840} INFO - DAG(s) 'my_first_dag' retrieved from /Users/noejalabert/airflow/dags/my_first_dag.py
[2024-04-30T15:51:48.960+0200] {logging_mixin.py:188} INFO - [2024-04-30T15:51:48.960+0200] {dag.py:3096} INFO - Sync 1 DAGs
[2024-04-30T15:51:48.995+0200] {logging_mixin.py:188} INFO - [2024-04-30T15:51:48.995+0200] {dag.py:3954} INFO - Setting next_dagrun for my_first_dag to None, run_after=None
[2024-04-30T15:51:49.003+0200] {processor.py:183} INFO - Processing /Users/noejalabert/airflow/dags/my_first_dag.py took 0.068 seconds
[2024-04-30T15:53:21.611+0200] {processor.py:161} INFO - Started process (PID=31147) to work on /Users/noejalabert/airflow/dags/my_first_dag.py
[2024-04-30T15:53:21.611+0200] {processor.py:830} INFO - Processing file /Users/noejalabert/airflow/dags/my_first_dag.py for tasks to queue
[2024-04-30T15:53:21.612+0200] {logging_mixin.py:188} INFO - [2024-04-30T15:53:21.612+0200] {dagbag.py:540} INFO - Filling up the DagBag from /Users/noejalabert/airflow/dags/my_first_dag.py
[2024-04-30T15:53:21.622+0200] {processor.py:840} INFO - DAG(s) 'my_first_dag' retrieved from /Users/noejalabert/airflow/dags/my_first_dag.py
[2024-04-30T15:53:21.699+0200] {logging_mixin.py:188} INFO - [2024-04-30T15:53:21.699+0200] {dag.py:3096} INFO - Sync 1 DAGs
[2024-04-30T15:53:21.704+0200] {logging_mixin.py:188} INFO - [2024-04-30T15:53:21.704+0200] {dag.py:3954} INFO - Setting next_dagrun for my_first_dag to None, run_after=None
[2024-04-30T15:53:21.736+0200] {processor.py:183} INFO - Processing /Users/noejalabert/airflow/dags/my_first_dag.py took 0.126 seconds
[2024-04-30T15:54:45.464+0200] {processor.py:161} INFO - Started process (PID=31214) to work on /Users/noejalabert/airflow/dags/my_first_dag.py
[2024-04-30T15:54:45.464+0200] {processor.py:830} INFO - Processing file /Users/noejalabert/airflow/dags/my_first_dag.py for tasks to queue
[2024-04-30T15:54:45.464+0200] {logging_mixin.py:188} INFO - [2024-04-30T15:54:45.464+0200] {dagbag.py:540} INFO - Filling up the DagBag from /Users/noejalabert/airflow/dags/my_first_dag.py
[2024-04-30T15:54:45.475+0200] {processor.py:840} INFO - DAG(s) 'my_first_dag' retrieved from /Users/noejalabert/airflow/dags/my_first_dag.py
[2024-04-30T15:54:45.520+0200] {logging_mixin.py:188} INFO - [2024-04-30T15:54:45.520+0200] {dag.py:3096} INFO - Sync 1 DAGs
[2024-04-30T15:54:45.524+0200] {logging_mixin.py:188} INFO - [2024-04-30T15:54:45.524+0200] {dag.py:3954} INFO - Setting next_dagrun for my_first_dag to None, run_after=None
[2024-04-30T15:54:45.531+0200] {processor.py:183} INFO - Processing /Users/noejalabert/airflow/dags/my_first_dag.py took 0.069 seconds
[2024-04-30T15:56:10.380+0200] {processor.py:161} INFO - Started process (PID=31270) to work on /Users/noejalabert/airflow/dags/my_first_dag.py
[2024-04-30T15:56:10.381+0200] {processor.py:830} INFO - Processing file /Users/noejalabert/airflow/dags/my_first_dag.py for tasks to queue
[2024-04-30T15:56:10.381+0200] {logging_mixin.py:188} INFO - [2024-04-30T15:56:10.381+0200] {dagbag.py:540} INFO - Filling up the DagBag from /Users/noejalabert/airflow/dags/my_first_dag.py
[2024-04-30T15:56:10.392+0200] {processor.py:840} INFO - DAG(s) 'my_first_dag' retrieved from /Users/noejalabert/airflow/dags/my_first_dag.py
[2024-04-30T15:56:10.437+0200] {logging_mixin.py:188} INFO - [2024-04-30T15:56:10.436+0200] {dag.py:3096} INFO - Sync 1 DAGs
[2024-04-30T15:56:10.441+0200] {logging_mixin.py:188} INFO - [2024-04-30T15:56:10.440+0200] {dag.py:3954} INFO - Setting next_dagrun for my_first_dag to None, run_after=None
[2024-04-30T15:56:10.448+0200] {processor.py:183} INFO - Processing /Users/noejalabert/airflow/dags/my_first_dag.py took 0.069 seconds
[2024-04-30T15:57:34.326+0200] {processor.py:161} INFO - Started process (PID=31340) to work on /Users/noejalabert/airflow/dags/my_first_dag.py
[2024-04-30T15:57:34.326+0200] {processor.py:830} INFO - Processing file /Users/noejalabert/airflow/dags/my_first_dag.py for tasks to queue
[2024-04-30T15:57:34.327+0200] {logging_mixin.py:188} INFO - [2024-04-30T15:57:34.327+0200] {dagbag.py:540} INFO - Filling up the DagBag from /Users/noejalabert/airflow/dags/my_first_dag.py
[2024-04-30T15:57:34.339+0200] {processor.py:840} INFO - DAG(s) 'my_first_dag' retrieved from /Users/noejalabert/airflow/dags/my_first_dag.py
[2024-04-30T15:57:34.388+0200] {logging_mixin.py:188} INFO - [2024-04-30T15:57:34.387+0200] {dag.py:3096} INFO - Sync 1 DAGs
[2024-04-30T15:57:34.392+0200] {logging_mixin.py:188} INFO - [2024-04-30T15:57:34.392+0200] {dag.py:3954} INFO - Setting next_dagrun for my_first_dag to None, run_after=None
[2024-04-30T15:57:34.400+0200] {processor.py:183} INFO - Processing /Users/noejalabert/airflow/dags/my_first_dag.py took 0.075 seconds
[2024-04-30T15:59:01.307+0200] {processor.py:161} INFO - Started process (PID=31622) to work on /Users/noejalabert/airflow/dags/my_first_dag.py
[2024-04-30T15:59:01.308+0200] {processor.py:830} INFO - Processing file /Users/noejalabert/airflow/dags/my_first_dag.py for tasks to queue
[2024-04-30T15:59:01.308+0200] {logging_mixin.py:188} INFO - [2024-04-30T15:59:01.308+0200] {dagbag.py:540} INFO - Filling up the DagBag from /Users/noejalabert/airflow/dags/my_first_dag.py
[2024-04-30T15:59:01.320+0200] {processor.py:840} INFO - DAG(s) 'my_first_dag' retrieved from /Users/noejalabert/airflow/dags/my_first_dag.py
[2024-04-30T15:59:01.365+0200] {logging_mixin.py:188} INFO - [2024-04-30T15:59:01.365+0200] {dag.py:3096} INFO - Sync 1 DAGs
[2024-04-30T15:59:01.369+0200] {logging_mixin.py:188} INFO - [2024-04-30T15:59:01.369+0200] {dag.py:3954} INFO - Setting next_dagrun for my_first_dag to None, run_after=None
[2024-04-30T15:59:01.378+0200] {processor.py:183} INFO - Processing /Users/noejalabert/airflow/dags/my_first_dag.py took 0.073 seconds
[2024-04-30T16:00:26.276+0200] {processor.py:161} INFO - Started process (PID=31692) to work on /Users/noejalabert/airflow/dags/my_first_dag.py
[2024-04-30T16:00:26.278+0200] {processor.py:830} INFO - Processing file /Users/noejalabert/airflow/dags/my_first_dag.py for tasks to queue
[2024-04-30T16:00:26.278+0200] {logging_mixin.py:188} INFO - [2024-04-30T16:00:26.278+0200] {dagbag.py:540} INFO - Filling up the DagBag from /Users/noejalabert/airflow/dags/my_first_dag.py
[2024-04-30T16:00:26.289+0200] {processor.py:840} INFO - DAG(s) 'my_first_dag' retrieved from /Users/noejalabert/airflow/dags/my_first_dag.py
[2024-04-30T16:00:26.335+0200] {logging_mixin.py:188} INFO - [2024-04-30T16:00:26.335+0200] {dag.py:3096} INFO - Sync 1 DAGs
[2024-04-30T16:00:26.339+0200] {logging_mixin.py:188} INFO - [2024-04-30T16:00:26.339+0200] {dag.py:3954} INFO - Setting next_dagrun for my_first_dag to None, run_after=None
[2024-04-30T16:00:26.347+0200] {processor.py:183} INFO - Processing /Users/noejalabert/airflow/dags/my_first_dag.py took 0.072 seconds
[2024-04-30T16:01:48.471+0200] {processor.py:161} INFO - Started process (PID=31750) to work on /Users/noejalabert/airflow/dags/my_first_dag.py
[2024-04-30T16:01:48.471+0200] {processor.py:830} INFO - Processing file /Users/noejalabert/airflow/dags/my_first_dag.py for tasks to queue
[2024-04-30T16:01:48.472+0200] {logging_mixin.py:188} INFO - [2024-04-30T16:01:48.472+0200] {dagbag.py:540} INFO - Filling up the DagBag from /Users/noejalabert/airflow/dags/my_first_dag.py
[2024-04-30T16:01:48.483+0200] {processor.py:840} INFO - DAG(s) 'my_first_dag' retrieved from /Users/noejalabert/airflow/dags/my_first_dag.py
[2024-04-30T16:01:48.528+0200] {logging_mixin.py:188} INFO - [2024-04-30T16:01:48.528+0200] {dag.py:3096} INFO - Sync 1 DAGs
[2024-04-30T16:01:48.532+0200] {logging_mixin.py:188} INFO - [2024-04-30T16:01:48.532+0200] {dag.py:3954} INFO - Setting next_dagrun for my_first_dag to None, run_after=None
[2024-04-30T16:01:48.539+0200] {processor.py:183} INFO - Processing /Users/noejalabert/airflow/dags/my_first_dag.py took 0.070 seconds
[2024-04-30T16:03:14.589+0200] {processor.py:161} INFO - Started process (PID=31813) to work on /Users/noejalabert/airflow/dags/my_first_dag.py
[2024-04-30T16:03:14.590+0200] {processor.py:830} INFO - Processing file /Users/noejalabert/airflow/dags/my_first_dag.py for tasks to queue
[2024-04-30T16:03:14.590+0200] {logging_mixin.py:188} INFO - [2024-04-30T16:03:14.590+0200] {dagbag.py:540} INFO - Filling up the DagBag from /Users/noejalabert/airflow/dags/my_first_dag.py
[2024-04-30T16:03:14.601+0200] {processor.py:840} INFO - DAG(s) 'my_first_dag' retrieved from /Users/noejalabert/airflow/dags/my_first_dag.py
[2024-04-30T16:03:14.647+0200] {logging_mixin.py:188} INFO - [2024-04-30T16:03:14.646+0200] {dag.py:3096} INFO - Sync 1 DAGs
[2024-04-30T16:03:14.651+0200] {logging_mixin.py:188} INFO - [2024-04-30T16:03:14.650+0200] {dag.py:3954} INFO - Setting next_dagrun for my_first_dag to None, run_after=None
[2024-04-30T16:03:14.658+0200] {processor.py:183} INFO - Processing /Users/noejalabert/airflow/dags/my_first_dag.py took 0.070 seconds
[2024-04-30T16:04:38.857+0200] {processor.py:161} INFO - Started process (PID=31881) to work on /Users/noejalabert/airflow/dags/my_first_dag.py
[2024-04-30T16:04:38.858+0200] {processor.py:830} INFO - Processing file /Users/noejalabert/airflow/dags/my_first_dag.py for tasks to queue
[2024-04-30T16:04:38.859+0200] {logging_mixin.py:188} INFO - [2024-04-30T16:04:38.859+0200] {dagbag.py:540} INFO - Filling up the DagBag from /Users/noejalabert/airflow/dags/my_first_dag.py
[2024-04-30T16:04:38.870+0200] {processor.py:840} INFO - DAG(s) 'my_first_dag' retrieved from /Users/noejalabert/airflow/dags/my_first_dag.py
[2024-04-30T16:04:38.915+0200] {logging_mixin.py:188} INFO - [2024-04-30T16:04:38.915+0200] {dag.py:3096} INFO - Sync 1 DAGs
[2024-04-30T16:04:38.919+0200] {logging_mixin.py:188} INFO - [2024-04-30T16:04:38.919+0200] {dag.py:3954} INFO - Setting next_dagrun for my_first_dag to None, run_after=None
[2024-04-30T16:04:38.926+0200] {processor.py:183} INFO - Processing /Users/noejalabert/airflow/dags/my_first_dag.py took 0.071 seconds
[2024-04-30T16:07:40.641+0200] {processor.py:161} INFO - Started process (PID=31970) to work on /Users/noejalabert/airflow/dags/my_first_dag.py
[2024-04-30T16:07:40.642+0200] {processor.py:830} INFO - Processing file /Users/noejalabert/airflow/dags/my_first_dag.py for tasks to queue
[2024-04-30T16:07:40.642+0200] {logging_mixin.py:188} INFO - [2024-04-30T16:07:40.642+0200] {dagbag.py:540} INFO - Filling up the DagBag from /Users/noejalabert/airflow/dags/my_first_dag.py
[2024-04-30T16:07:40.653+0200] {processor.py:840} INFO - DAG(s) 'my_first_dag' retrieved from /Users/noejalabert/airflow/dags/my_first_dag.py
[2024-04-30T16:07:40.698+0200] {logging_mixin.py:188} INFO - [2024-04-30T16:07:40.697+0200] {dag.py:3096} INFO - Sync 1 DAGs
[2024-04-30T16:07:40.702+0200] {logging_mixin.py:188} INFO - [2024-04-30T16:07:40.701+0200] {dag.py:3954} INFO - Setting next_dagrun for my_first_dag to None, run_after=None
[2024-04-30T16:07:40.709+0200] {processor.py:183} INFO - Processing /Users/noejalabert/airflow/dags/my_first_dag.py took 0.070 seconds
[2024-04-30T16:09:03.556+0200] {processor.py:161} INFO - Started process (PID=32045) to work on /Users/noejalabert/airflow/dags/my_first_dag.py
[2024-04-30T16:09:03.557+0200] {processor.py:830} INFO - Processing file /Users/noejalabert/airflow/dags/my_first_dag.py for tasks to queue
[2024-04-30T16:09:03.557+0200] {logging_mixin.py:188} INFO - [2024-04-30T16:09:03.557+0200] {dagbag.py:540} INFO - Filling up the DagBag from /Users/noejalabert/airflow/dags/my_first_dag.py
[2024-04-30T16:09:03.568+0200] {processor.py:840} INFO - DAG(s) 'my_first_dag' retrieved from /Users/noejalabert/airflow/dags/my_first_dag.py
[2024-04-30T16:09:03.613+0200] {logging_mixin.py:188} INFO - [2024-04-30T16:09:03.613+0200] {dag.py:3096} INFO - Sync 1 DAGs
[2024-04-30T16:09:03.617+0200] {logging_mixin.py:188} INFO - [2024-04-30T16:09:03.617+0200] {dag.py:3954} INFO - Setting next_dagrun for my_first_dag to None, run_after=None
[2024-04-30T16:09:03.625+0200] {processor.py:183} INFO - Processing /Users/noejalabert/airflow/dags/my_first_dag.py took 0.070 seconds
[2024-04-30T16:10:27.229+0200] {processor.py:161} INFO - Started process (PID=32111) to work on /Users/noejalabert/airflow/dags/my_first_dag.py
[2024-04-30T16:10:27.230+0200] {processor.py:830} INFO - Processing file /Users/noejalabert/airflow/dags/my_first_dag.py for tasks to queue
[2024-04-30T16:10:27.230+0200] {logging_mixin.py:188} INFO - [2024-04-30T16:10:27.230+0200] {dagbag.py:540} INFO - Filling up the DagBag from /Users/noejalabert/airflow/dags/my_first_dag.py
[2024-04-30T16:10:27.241+0200] {processor.py:840} INFO - DAG(s) 'my_first_dag' retrieved from /Users/noejalabert/airflow/dags/my_first_dag.py
[2024-04-30T16:10:27.287+0200] {logging_mixin.py:188} INFO - [2024-04-30T16:10:27.287+0200] {dag.py:3096} INFO - Sync 1 DAGs
[2024-04-30T16:10:27.291+0200] {logging_mixin.py:188} INFO - [2024-04-30T16:10:27.291+0200] {dag.py:3954} INFO - Setting next_dagrun for my_first_dag to None, run_after=None
[2024-04-30T16:10:27.298+0200] {processor.py:183} INFO - Processing /Users/noejalabert/airflow/dags/my_first_dag.py took 0.070 seconds
[2024-04-30T16:11:53.664+0200] {processor.py:161} INFO - Started process (PID=32178) to work on /Users/noejalabert/airflow/dags/my_first_dag.py
[2024-04-30T16:11:53.665+0200] {processor.py:830} INFO - Processing file /Users/noejalabert/airflow/dags/my_first_dag.py for tasks to queue
[2024-04-30T16:11:53.665+0200] {logging_mixin.py:188} INFO - [2024-04-30T16:11:53.665+0200] {dagbag.py:540} INFO - Filling up the DagBag from /Users/noejalabert/airflow/dags/my_first_dag.py
[2024-04-30T16:11:53.677+0200] {processor.py:840} INFO - DAG(s) 'my_first_dag' retrieved from /Users/noejalabert/airflow/dags/my_first_dag.py
[2024-04-30T16:11:53.757+0200] {logging_mixin.py:188} INFO - [2024-04-30T16:11:53.757+0200] {dag.py:3096} INFO - Sync 1 DAGs
[2024-04-30T16:11:53.786+0200] {logging_mixin.py:188} INFO - [2024-04-30T16:11:53.786+0200] {dag.py:3954} INFO - Setting next_dagrun for my_first_dag to None, run_after=None
[2024-04-30T16:11:53.795+0200] {processor.py:183} INFO - Processing /Users/noejalabert/airflow/dags/my_first_dag.py took 0.132 seconds
[2024-04-30T16:13:17.622+0200] {processor.py:161} INFO - Started process (PID=32243) to work on /Users/noejalabert/airflow/dags/my_first_dag.py
[2024-04-30T16:13:17.622+0200] {processor.py:830} INFO - Processing file /Users/noejalabert/airflow/dags/my_first_dag.py for tasks to queue
[2024-04-30T16:13:17.622+0200] {logging_mixin.py:188} INFO - [2024-04-30T16:13:17.622+0200] {dagbag.py:540} INFO - Filling up the DagBag from /Users/noejalabert/airflow/dags/my_first_dag.py
[2024-04-30T16:13:17.633+0200] {processor.py:840} INFO - DAG(s) 'my_first_dag' retrieved from /Users/noejalabert/airflow/dags/my_first_dag.py
[2024-04-30T16:13:17.678+0200] {logging_mixin.py:188} INFO - [2024-04-30T16:13:17.678+0200] {dag.py:3096} INFO - Sync 1 DAGs
[2024-04-30T16:13:17.682+0200] {logging_mixin.py:188} INFO - [2024-04-30T16:13:17.682+0200] {dag.py:3954} INFO - Setting next_dagrun for my_first_dag to None, run_after=None
[2024-04-30T16:13:17.690+0200] {processor.py:183} INFO - Processing /Users/noejalabert/airflow/dags/my_first_dag.py took 0.070 seconds
[2024-04-30T16:14:44.102+0200] {processor.py:161} INFO - Started process (PID=32308) to work on /Users/noejalabert/airflow/dags/my_first_dag.py
[2024-04-30T16:14:44.103+0200] {processor.py:830} INFO - Processing file /Users/noejalabert/airflow/dags/my_first_dag.py for tasks to queue
[2024-04-30T16:14:44.104+0200] {logging_mixin.py:188} INFO - [2024-04-30T16:14:44.104+0200] {dagbag.py:540} INFO - Filling up the DagBag from /Users/noejalabert/airflow/dags/my_first_dag.py
[2024-04-30T16:14:44.116+0200] {processor.py:840} INFO - DAG(s) 'My_first_dag' retrieved from /Users/noejalabert/airflow/dags/my_first_dag.py
[2024-04-30T16:14:44.199+0200] {logging_mixin.py:188} INFO - [2024-04-30T16:14:44.199+0200] {override.py:1829} INFO - Created Permission View: can read on DAG:My_first_dag
[2024-04-30T16:14:44.202+0200] {logging_mixin.py:188} INFO - [2024-04-30T16:14:44.202+0200] {override.py:1829} INFO - Created Permission View: can delete on DAG:My_first_dag
[2024-04-30T16:14:44.204+0200] {logging_mixin.py:188} INFO - [2024-04-30T16:14:44.204+0200] {override.py:1829} INFO - Created Permission View: can edit on DAG:My_first_dag
[2024-04-30T16:14:44.205+0200] {logging_mixin.py:188} INFO - [2024-04-30T16:14:44.205+0200] {dag.py:3096} INFO - Sync 1 DAGs
[2024-04-30T16:14:44.233+0200] {logging_mixin.py:188} INFO - [2024-04-30T16:14:44.233+0200] {dag.py:3118} INFO - Creating ORM DAG for My_first_dag
[2024-04-30T16:14:44.233+0200] {logging_mixin.py:188} INFO - [2024-04-30T16:14:44.233+0200] {dag.py:3954} INFO - Setting next_dagrun for My_first_dag to None, run_after=None
[2024-04-30T16:14:44.241+0200] {processor.py:183} INFO - Processing /Users/noejalabert/airflow/dags/my_first_dag.py took 0.140 seconds
[2024-04-30T16:16:11.542+0200] {processor.py:161} INFO - Started process (PID=32374) to work on /Users/noejalabert/airflow/dags/my_first_dag.py
[2024-04-30T16:16:11.542+0200] {processor.py:830} INFO - Processing file /Users/noejalabert/airflow/dags/my_first_dag.py for tasks to queue
[2024-04-30T16:16:11.542+0200] {logging_mixin.py:188} INFO - [2024-04-30T16:16:11.542+0200] {dagbag.py:540} INFO - Filling up the DagBag from /Users/noejalabert/airflow/dags/my_first_dag.py
[2024-04-30T16:16:11.554+0200] {processor.py:840} INFO - DAG(s) 'My_first_dag' retrieved from /Users/noejalabert/airflow/dags/my_first_dag.py
[2024-04-30T16:16:11.602+0200] {logging_mixin.py:188} INFO - [2024-04-30T16:16:11.602+0200] {dag.py:3096} INFO - Sync 1 DAGs
[2024-04-30T16:16:11.606+0200] {logging_mixin.py:188} INFO - [2024-04-30T16:16:11.606+0200] {dag.py:3954} INFO - Setting next_dagrun for My_first_dag to None, run_after=None
[2024-04-30T16:16:11.614+0200] {processor.py:183} INFO - Processing /Users/noejalabert/airflow/dags/my_first_dag.py took 0.073 seconds
[2024-04-30T16:17:32.026+0200] {processor.py:161} INFO - Started process (PID=32448) to work on /Users/noejalabert/airflow/dags/my_first_dag.py
[2024-04-30T16:17:32.027+0200] {processor.py:830} INFO - Processing file /Users/noejalabert/airflow/dags/my_first_dag.py for tasks to queue
[2024-04-30T16:17:32.027+0200] {logging_mixin.py:188} INFO - [2024-04-30T16:17:32.027+0200] {dagbag.py:540} INFO - Filling up the DagBag from /Users/noejalabert/airflow/dags/my_first_dag.py
[2024-04-30T16:17:32.039+0200] {processor.py:840} INFO - DAG(s) 'My_first_dag' retrieved from /Users/noejalabert/airflow/dags/my_first_dag.py
[2024-04-30T16:17:32.087+0200] {logging_mixin.py:188} INFO - [2024-04-30T16:17:32.087+0200] {dag.py:3096} INFO - Sync 1 DAGs
[2024-04-30T16:17:32.091+0200] {logging_mixin.py:188} INFO - [2024-04-30T16:17:32.091+0200] {dag.py:3954} INFO - Setting next_dagrun for My_first_dag to None, run_after=None
[2024-04-30T16:17:32.099+0200] {processor.py:183} INFO - Processing /Users/noejalabert/airflow/dags/my_first_dag.py took 0.074 seconds
[2024-04-30T16:18:55.392+0200] {processor.py:161} INFO - Started process (PID=32504) to work on /Users/noejalabert/airflow/dags/my_first_dag.py
[2024-04-30T16:18:55.393+0200] {processor.py:830} INFO - Processing file /Users/noejalabert/airflow/dags/my_first_dag.py for tasks to queue
[2024-04-30T16:18:55.393+0200] {logging_mixin.py:188} INFO - [2024-04-30T16:18:55.393+0200] {dagbag.py:540} INFO - Filling up the DagBag from /Users/noejalabert/airflow/dags/my_first_dag.py
[2024-04-30T16:18:55.404+0200] {processor.py:840} INFO - DAG(s) 'My_first_dag' retrieved from /Users/noejalabert/airflow/dags/my_first_dag.py
[2024-04-30T16:18:55.452+0200] {logging_mixin.py:188} INFO - [2024-04-30T16:18:55.452+0200] {dag.py:3096} INFO - Sync 1 DAGs
[2024-04-30T16:18:55.456+0200] {logging_mixin.py:188} INFO - [2024-04-30T16:18:55.456+0200] {dag.py:3954} INFO - Setting next_dagrun for My_first_dag to None, run_after=None
[2024-04-30T16:18:55.464+0200] {processor.py:183} INFO - Processing /Users/noejalabert/airflow/dags/my_first_dag.py took 0.073 seconds
[2024-04-30T16:20:14.914+0200] {processor.py:161} INFO - Started process (PID=32563) to work on /Users/noejalabert/airflow/dags/my_first_dag.py
[2024-04-30T16:20:14.914+0200] {processor.py:830} INFO - Processing file /Users/noejalabert/airflow/dags/my_first_dag.py for tasks to queue
[2024-04-30T16:20:14.915+0200] {logging_mixin.py:188} INFO - [2024-04-30T16:20:14.915+0200] {dagbag.py:540} INFO - Filling up the DagBag from /Users/noejalabert/airflow/dags/my_first_dag.py
[2024-04-30T16:20:14.926+0200] {processor.py:840} INFO - DAG(s) 'My_first_dag' retrieved from /Users/noejalabert/airflow/dags/my_first_dag.py
[2024-04-30T16:20:14.975+0200] {logging_mixin.py:188} INFO - [2024-04-30T16:20:14.975+0200] {dag.py:3096} INFO - Sync 1 DAGs
[2024-04-30T16:20:14.979+0200] {logging_mixin.py:188} INFO - [2024-04-30T16:20:14.979+0200] {dag.py:3954} INFO - Setting next_dagrun for My_first_dag to None, run_after=None
[2024-04-30T16:20:14.987+0200] {processor.py:183} INFO - Processing /Users/noejalabert/airflow/dags/my_first_dag.py took 0.074 seconds
[2024-04-30T16:21:37.982+0200] {processor.py:161} INFO - Started process (PID=32629) to work on /Users/noejalabert/airflow/dags/my_first_dag.py
[2024-04-30T16:21:37.983+0200] {processor.py:830} INFO - Processing file /Users/noejalabert/airflow/dags/my_first_dag.py for tasks to queue
[2024-04-30T16:21:37.983+0200] {logging_mixin.py:188} INFO - [2024-04-30T16:21:37.983+0200] {dagbag.py:540} INFO - Filling up the DagBag from /Users/noejalabert/airflow/dags/my_first_dag.py
[2024-04-30T16:21:37.995+0200] {processor.py:840} INFO - DAG(s) 'My_first_dag' retrieved from /Users/noejalabert/airflow/dags/my_first_dag.py
[2024-04-30T16:21:38.043+0200] {logging_mixin.py:188} INFO - [2024-04-30T16:21:38.043+0200] {dag.py:3096} INFO - Sync 1 DAGs
[2024-04-30T16:21:38.047+0200] {logging_mixin.py:188} INFO - [2024-04-30T16:21:38.047+0200] {dag.py:3954} INFO - Setting next_dagrun for My_first_dag to None, run_after=None
[2024-04-30T16:21:38.054+0200] {processor.py:183} INFO - Processing /Users/noejalabert/airflow/dags/my_first_dag.py took 0.073 seconds
[2024-04-30T16:23:22.737+0200] {processor.py:161} INFO - Started process (PID=32725) to work on /Users/noejalabert/airflow/dags/my_first_dag.py
[2024-04-30T16:23:22.737+0200] {processor.py:830} INFO - Processing file /Users/noejalabert/airflow/dags/my_first_dag.py for tasks to queue
[2024-04-30T16:23:22.738+0200] {logging_mixin.py:188} INFO - [2024-04-30T16:23:22.737+0200] {dagbag.py:540} INFO - Filling up the DagBag from /Users/noejalabert/airflow/dags/my_first_dag.py
[2024-04-30T16:23:22.749+0200] {processor.py:840} INFO - DAG(s) 'My_first_dag' retrieved from /Users/noejalabert/airflow/dags/my_first_dag.py
[2024-04-30T16:23:22.797+0200] {logging_mixin.py:188} INFO - [2024-04-30T16:23:22.797+0200] {dag.py:3096} INFO - Sync 1 DAGs
[2024-04-30T16:23:22.801+0200] {logging_mixin.py:188} INFO - [2024-04-30T16:23:22.801+0200] {dag.py:3954} INFO - Setting next_dagrun for My_first_dag to None, run_after=None
[2024-04-30T16:23:22.809+0200] {processor.py:183} INFO - Processing /Users/noejalabert/airflow/dags/my_first_dag.py took 0.073 seconds
[2024-04-30T16:24:49.535+0200] {processor.py:161} INFO - Started process (PID=32806) to work on /Users/noejalabert/airflow/dags/my_first_dag.py
[2024-04-30T16:24:49.535+0200] {processor.py:830} INFO - Processing file /Users/noejalabert/airflow/dags/my_first_dag.py for tasks to queue
[2024-04-30T16:24:49.536+0200] {logging_mixin.py:188} INFO - [2024-04-30T16:24:49.536+0200] {dagbag.py:540} INFO - Filling up the DagBag from /Users/noejalabert/airflow/dags/my_first_dag.py
[2024-04-30T16:24:49.550+0200] {processor.py:840} INFO - DAG(s) 'My_first_dag' retrieved from /Users/noejalabert/airflow/dags/my_first_dag.py
[2024-04-30T16:24:49.601+0200] {logging_mixin.py:188} INFO - [2024-04-30T16:24:49.600+0200] {dag.py:3096} INFO - Sync 1 DAGs
[2024-04-30T16:24:49.605+0200] {logging_mixin.py:188} INFO - [2024-04-30T16:24:49.604+0200] {dag.py:3954} INFO - Setting next_dagrun for My_first_dag to None, run_after=None
[2024-04-30T16:24:49.612+0200] {processor.py:183} INFO - Processing /Users/noejalabert/airflow/dags/my_first_dag.py took 0.079 seconds
[2024-04-30T16:26:10.461+0200] {processor.py:161} INFO - Started process (PID=32866) to work on /Users/noejalabert/airflow/dags/my_first_dag.py
[2024-04-30T16:26:10.461+0200] {processor.py:830} INFO - Processing file /Users/noejalabert/airflow/dags/my_first_dag.py for tasks to queue
[2024-04-30T16:26:10.462+0200] {logging_mixin.py:188} INFO - [2024-04-30T16:26:10.462+0200] {dagbag.py:540} INFO - Filling up the DagBag from /Users/noejalabert/airflow/dags/my_first_dag.py
[2024-04-30T16:26:10.474+0200] {processor.py:840} INFO - DAG(s) 'My_first_dag' retrieved from /Users/noejalabert/airflow/dags/my_first_dag.py
[2024-04-30T16:26:10.523+0200] {logging_mixin.py:188} INFO - [2024-04-30T16:26:10.523+0200] {dag.py:3096} INFO - Sync 1 DAGs
[2024-04-30T16:26:10.527+0200] {logging_mixin.py:188} INFO - [2024-04-30T16:26:10.527+0200] {dag.py:3954} INFO - Setting next_dagrun for My_first_dag to None, run_after=None
[2024-04-30T16:26:10.535+0200] {processor.py:183} INFO - Processing /Users/noejalabert/airflow/dags/my_first_dag.py took 0.075 seconds
[2024-04-30T16:27:35.889+0200] {processor.py:161} INFO - Started process (PID=32944) to work on /Users/noejalabert/airflow/dags/my_first_dag.py
[2024-04-30T16:27:35.891+0200] {processor.py:830} INFO - Processing file /Users/noejalabert/airflow/dags/my_first_dag.py for tasks to queue
[2024-04-30T16:27:35.891+0200] {logging_mixin.py:188} INFO - [2024-04-30T16:27:35.891+0200] {dagbag.py:540} INFO - Filling up the DagBag from /Users/noejalabert/airflow/dags/my_first_dag.py
[2024-04-30T16:27:35.903+0200] {processor.py:840} INFO - DAG(s) 'My_first_dag' retrieved from /Users/noejalabert/airflow/dags/my_first_dag.py
[2024-04-30T16:27:35.952+0200] {logging_mixin.py:188} INFO - [2024-04-30T16:27:35.952+0200] {dag.py:3096} INFO - Sync 1 DAGs
[2024-04-30T16:27:35.956+0200] {logging_mixin.py:188} INFO - [2024-04-30T16:27:35.956+0200] {dag.py:3954} INFO - Setting next_dagrun for My_first_dag to None, run_after=None
[2024-04-30T16:27:35.964+0200] {processor.py:183} INFO - Processing /Users/noejalabert/airflow/dags/my_first_dag.py took 0.077 seconds
[2024-04-30T16:29:02.751+0200] {processor.py:161} INFO - Started process (PID=33004) to work on /Users/noejalabert/airflow/dags/my_first_dag.py
[2024-04-30T16:29:02.752+0200] {processor.py:830} INFO - Processing file /Users/noejalabert/airflow/dags/my_first_dag.py for tasks to queue
[2024-04-30T16:29:02.752+0200] {logging_mixin.py:188} INFO - [2024-04-30T16:29:02.752+0200] {dagbag.py:540} INFO - Filling up the DagBag from /Users/noejalabert/airflow/dags/my_first_dag.py
[2024-04-30T16:29:02.763+0200] {processor.py:840} INFO - DAG(s) 'My_first_dag' retrieved from /Users/noejalabert/airflow/dags/my_first_dag.py
[2024-04-30T16:29:02.812+0200] {logging_mixin.py:188} INFO - [2024-04-30T16:29:02.811+0200] {dag.py:3096} INFO - Sync 1 DAGs
[2024-04-30T16:29:02.815+0200] {logging_mixin.py:188} INFO - [2024-04-30T16:29:02.815+0200] {dag.py:3954} INFO - Setting next_dagrun for My_first_dag to None, run_after=None
[2024-04-30T16:29:02.823+0200] {processor.py:183} INFO - Processing /Users/noejalabert/airflow/dags/my_first_dag.py took 0.073 seconds
[2024-04-30T16:30:28.258+0200] {processor.py:161} INFO - Started process (PID=33060) to work on /Users/noejalabert/airflow/dags/my_first_dag.py
[2024-04-30T16:30:28.259+0200] {processor.py:830} INFO - Processing file /Users/noejalabert/airflow/dags/my_first_dag.py for tasks to queue
[2024-04-30T16:30:28.259+0200] {logging_mixin.py:188} INFO - [2024-04-30T16:30:28.259+0200] {dagbag.py:540} INFO - Filling up the DagBag from /Users/noejalabert/airflow/dags/my_first_dag.py
[2024-04-30T16:30:28.270+0200] {processor.py:840} INFO - DAG(s) 'My_first_dag' retrieved from /Users/noejalabert/airflow/dags/my_first_dag.py
[2024-04-30T16:30:28.319+0200] {logging_mixin.py:188} INFO - [2024-04-30T16:30:28.319+0200] {dag.py:3096} INFO - Sync 1 DAGs
[2024-04-30T16:30:28.323+0200] {logging_mixin.py:188} INFO - [2024-04-30T16:30:28.323+0200] {dag.py:3954} INFO - Setting next_dagrun for My_first_dag to None, run_after=None
[2024-04-30T16:30:28.330+0200] {processor.py:183} INFO - Processing /Users/noejalabert/airflow/dags/my_first_dag.py took 0.074 seconds
