[2024-06-14T10:00:01.503+0200] {processor.py:161} INFO - Started process (PID=22304) to work on /Users/noejalabert/airflow_venv/lib/python3.11/site-packages/airflow/example_dags/example_task_group_decorator.py
[2024-06-14T10:00:01.504+0200] {processor.py:830} INFO - Processing file /Users/noejalabert/airflow_venv/lib/python3.11/site-packages/airflow/example_dags/example_task_group_decorator.py for tasks to queue
[2024-06-14T10:00:01.504+0200] {logging_mixin.py:188} INFO - [2024-06-14T10:00:01.504+0200] {dagbag.py:540} INFO - Filling up the DagBag from /Users/noejalabert/airflow_venv/lib/python3.11/site-packages/airflow/example_dags/example_task_group_decorator.py
[2024-06-14T10:00:01.524+0200] {processor.py:840} INFO - DAG(s) 'example_task_group_decorator' retrieved from /Users/noejalabert/airflow_venv/lib/python3.11/site-packages/airflow/example_dags/example_task_group_decorator.py
[2024-06-14T10:00:01.634+0200] {logging_mixin.py:188} INFO - [2024-06-14T10:00:01.634+0200] {dag.py:3096} INFO - Sync 1 DAGs
[2024-06-14T10:00:01.641+0200] {logging_mixin.py:188} INFO - [2024-06-14T10:00:01.641+0200] {dag.py:3954} INFO - Setting next_dagrun for example_task_group_decorator to 2024-06-13 00:00:00+00:00, run_after=2024-06-14 00:00:00+00:00
[2024-06-14T10:00:01.649+0200] {processor.py:183} INFO - Processing /Users/noejalabert/airflow_venv/lib/python3.11/site-packages/airflow/example_dags/example_task_group_decorator.py took 0.147 seconds
[2024-06-14T10:01:36.731+0200] {processor.py:161} INFO - Started process (PID=22445) to work on /Users/noejalabert/airflow_venv/lib/python3.11/site-packages/airflow/example_dags/example_task_group_decorator.py
[2024-06-14T10:01:36.732+0200] {processor.py:830} INFO - Processing file /Users/noejalabert/airflow_venv/lib/python3.11/site-packages/airflow/example_dags/example_task_group_decorator.py for tasks to queue
[2024-06-14T10:01:36.732+0200] {logging_mixin.py:188} INFO - [2024-06-14T10:01:36.732+0200] {dagbag.py:540} INFO - Filling up the DagBag from /Users/noejalabert/airflow_venv/lib/python3.11/site-packages/airflow/example_dags/example_task_group_decorator.py
[2024-06-14T10:01:36.753+0200] {processor.py:840} INFO - DAG(s) 'example_task_group_decorator' retrieved from /Users/noejalabert/airflow_venv/lib/python3.11/site-packages/airflow/example_dags/example_task_group_decorator.py
[2024-06-14T10:01:36.803+0200] {logging_mixin.py:188} INFO - [2024-06-14T10:01:36.803+0200] {dag.py:3096} INFO - Sync 1 DAGs
[2024-06-14T10:01:36.811+0200] {logging_mixin.py:188} INFO - [2024-06-14T10:01:36.810+0200] {dag.py:3954} INFO - Setting next_dagrun for example_task_group_decorator to 2024-06-13 00:00:00+00:00, run_after=2024-06-14 00:00:00+00:00
[2024-06-14T10:01:36.819+0200] {processor.py:183} INFO - Processing /Users/noejalabert/airflow_venv/lib/python3.11/site-packages/airflow/example_dags/example_task_group_decorator.py took 0.090 seconds
[2024-06-14T10:03:02.350+0200] {processor.py:161} INFO - Started process (PID=22520) to work on /Users/noejalabert/airflow_venv/lib/python3.11/site-packages/airflow/example_dags/example_task_group_decorator.py
[2024-06-14T10:03:02.351+0200] {processor.py:830} INFO - Processing file /Users/noejalabert/airflow_venv/lib/python3.11/site-packages/airflow/example_dags/example_task_group_decorator.py for tasks to queue
[2024-06-14T10:03:02.351+0200] {logging_mixin.py:188} INFO - [2024-06-14T10:03:02.351+0200] {dagbag.py:540} INFO - Filling up the DagBag from /Users/noejalabert/airflow_venv/lib/python3.11/site-packages/airflow/example_dags/example_task_group_decorator.py
[2024-06-14T10:03:02.371+0200] {processor.py:840} INFO - DAG(s) 'example_task_group_decorator' retrieved from /Users/noejalabert/airflow_venv/lib/python3.11/site-packages/airflow/example_dags/example_task_group_decorator.py
[2024-06-14T10:03:02.420+0200] {logging_mixin.py:188} INFO - [2024-06-14T10:03:02.420+0200] {dag.py:3096} INFO - Sync 1 DAGs
[2024-06-14T10:03:02.427+0200] {logging_mixin.py:188} INFO - [2024-06-14T10:03:02.427+0200] {dag.py:3954} INFO - Setting next_dagrun for example_task_group_decorator to 2024-06-13 00:00:00+00:00, run_after=2024-06-14 00:00:00+00:00
[2024-06-14T10:03:02.436+0200] {processor.py:183} INFO - Processing /Users/noejalabert/airflow_venv/lib/python3.11/site-packages/airflow/example_dags/example_task_group_decorator.py took 0.088 seconds
[2024-06-14T10:04:40.166+0200] {processor.py:161} INFO - Started process (PID=22700) to work on /Users/noejalabert/airflow_venv/lib/python3.11/site-packages/airflow/example_dags/example_task_group_decorator.py
[2024-06-14T10:04:40.167+0200] {processor.py:830} INFO - Processing file /Users/noejalabert/airflow_venv/lib/python3.11/site-packages/airflow/example_dags/example_task_group_decorator.py for tasks to queue
[2024-06-14T10:04:40.167+0200] {logging_mixin.py:188} INFO - [2024-06-14T10:04:40.167+0200] {dagbag.py:540} INFO - Filling up the DagBag from /Users/noejalabert/airflow_venv/lib/python3.11/site-packages/airflow/example_dags/example_task_group_decorator.py
[2024-06-14T10:04:40.188+0200] {processor.py:840} INFO - DAG(s) 'example_task_group_decorator' retrieved from /Users/noejalabert/airflow_venv/lib/python3.11/site-packages/airflow/example_dags/example_task_group_decorator.py
[2024-06-14T10:04:40.238+0200] {logging_mixin.py:188} INFO - [2024-06-14T10:04:40.238+0200] {dag.py:3096} INFO - Sync 1 DAGs
[2024-06-14T10:04:40.245+0200] {logging_mixin.py:188} INFO - [2024-06-14T10:04:40.245+0200] {dag.py:3954} INFO - Setting next_dagrun for example_task_group_decorator to 2024-06-13 00:00:00+00:00, run_after=2024-06-14 00:00:00+00:00
[2024-06-14T10:04:40.254+0200] {processor.py:183} INFO - Processing /Users/noejalabert/airflow_venv/lib/python3.11/site-packages/airflow/example_dags/example_task_group_decorator.py took 0.089 seconds
[2024-06-14T10:17:45.064+0200] {processor.py:161} INFO - Started process (PID=1596) to work on /Users/noejalabert/airflow_venv/lib/python3.11/site-packages/airflow/example_dags/example_task_group_decorator.py
[2024-06-14T10:17:45.065+0200] {processor.py:830} INFO - Processing file /Users/noejalabert/airflow_venv/lib/python3.11/site-packages/airflow/example_dags/example_task_group_decorator.py for tasks to queue
[2024-06-14T10:17:45.065+0200] {logging_mixin.py:188} INFO - [2024-06-14T10:17:45.065+0200] {dagbag.py:540} INFO - Filling up the DagBag from /Users/noejalabert/airflow_venv/lib/python3.11/site-packages/airflow/example_dags/example_task_group_decorator.py
[2024-06-14T10:17:45.086+0200] {processor.py:840} INFO - DAG(s) 'example_task_group_decorator' retrieved from /Users/noejalabert/airflow_venv/lib/python3.11/site-packages/airflow/example_dags/example_task_group_decorator.py
[2024-06-14T10:17:45.208+0200] {logging_mixin.py:188} INFO - [2024-06-14T10:17:45.208+0200] {dag.py:3096} INFO - Sync 1 DAGs
[2024-06-14T10:17:45.216+0200] {logging_mixin.py:188} INFO - [2024-06-14T10:17:45.215+0200] {dag.py:3954} INFO - Setting next_dagrun for example_task_group_decorator to 2024-06-13 00:00:00+00:00, run_after=2024-06-14 00:00:00+00:00
[2024-06-14T10:17:45.224+0200] {processor.py:183} INFO - Processing /Users/noejalabert/airflow_venv/lib/python3.11/site-packages/airflow/example_dags/example_task_group_decorator.py took 0.161 seconds
[2024-06-14T10:19:29.745+0200] {processor.py:161} INFO - Started process (PID=1699) to work on /Users/noejalabert/airflow_venv/lib/python3.11/site-packages/airflow/example_dags/example_task_group_decorator.py
[2024-06-14T10:19:29.747+0200] {processor.py:830} INFO - Processing file /Users/noejalabert/airflow_venv/lib/python3.11/site-packages/airflow/example_dags/example_task_group_decorator.py for tasks to queue
[2024-06-14T10:19:29.747+0200] {logging_mixin.py:188} INFO - [2024-06-14T10:19:29.747+0200] {dagbag.py:540} INFO - Filling up the DagBag from /Users/noejalabert/airflow_venv/lib/python3.11/site-packages/airflow/example_dags/example_task_group_decorator.py
[2024-06-14T10:19:29.766+0200] {processor.py:840} INFO - DAG(s) 'example_task_group_decorator' retrieved from /Users/noejalabert/airflow_venv/lib/python3.11/site-packages/airflow/example_dags/example_task_group_decorator.py
[2024-06-14T10:19:29.816+0200] {logging_mixin.py:188} INFO - [2024-06-14T10:19:29.815+0200] {dag.py:3096} INFO - Sync 1 DAGs
[2024-06-14T10:19:29.822+0200] {logging_mixin.py:188} INFO - [2024-06-14T10:19:29.822+0200] {dag.py:3954} INFO - Setting next_dagrun for example_task_group_decorator to 2024-06-13 00:00:00+00:00, run_after=2024-06-14 00:00:00+00:00
[2024-06-14T10:19:29.831+0200] {processor.py:183} INFO - Processing /Users/noejalabert/airflow_venv/lib/python3.11/site-packages/airflow/example_dags/example_task_group_decorator.py took 0.086 seconds
[2024-06-14T10:20:56.046+0200] {processor.py:161} INFO - Started process (PID=1869) to work on /Users/noejalabert/airflow_venv/lib/python3.11/site-packages/airflow/example_dags/example_task_group_decorator.py
[2024-06-14T10:20:56.046+0200] {processor.py:830} INFO - Processing file /Users/noejalabert/airflow_venv/lib/python3.11/site-packages/airflow/example_dags/example_task_group_decorator.py for tasks to queue
[2024-06-14T10:20:56.047+0200] {logging_mixin.py:188} INFO - [2024-06-14T10:20:56.047+0200] {dagbag.py:540} INFO - Filling up the DagBag from /Users/noejalabert/airflow_venv/lib/python3.11/site-packages/airflow/example_dags/example_task_group_decorator.py
[2024-06-14T10:20:56.069+0200] {processor.py:840} INFO - DAG(s) 'example_task_group_decorator' retrieved from /Users/noejalabert/airflow_venv/lib/python3.11/site-packages/airflow/example_dags/example_task_group_decorator.py
[2024-06-14T10:20:56.124+0200] {logging_mixin.py:188} INFO - [2024-06-14T10:20:56.124+0200] {dag.py:3096} INFO - Sync 1 DAGs
[2024-06-14T10:20:56.132+0200] {logging_mixin.py:188} INFO - [2024-06-14T10:20:56.132+0200] {dag.py:3954} INFO - Setting next_dagrun for example_task_group_decorator to 2024-06-13 00:00:00+00:00, run_after=2024-06-14 00:00:00+00:00
[2024-06-14T10:20:56.141+0200] {processor.py:183} INFO - Processing /Users/noejalabert/airflow_venv/lib/python3.11/site-packages/airflow/example_dags/example_task_group_decorator.py took 0.097 seconds
[2024-06-14T10:22:17.501+0200] {processor.py:161} INFO - Started process (PID=1968) to work on /Users/noejalabert/airflow_venv/lib/python3.11/site-packages/airflow/example_dags/example_task_group_decorator.py
[2024-06-14T10:22:17.502+0200] {processor.py:830} INFO - Processing file /Users/noejalabert/airflow_venv/lib/python3.11/site-packages/airflow/example_dags/example_task_group_decorator.py for tasks to queue
[2024-06-14T10:22:17.502+0200] {logging_mixin.py:188} INFO - [2024-06-14T10:22:17.502+0200] {dagbag.py:540} INFO - Filling up the DagBag from /Users/noejalabert/airflow_venv/lib/python3.11/site-packages/airflow/example_dags/example_task_group_decorator.py
[2024-06-14T10:22:17.521+0200] {processor.py:840} INFO - DAG(s) 'example_task_group_decorator' retrieved from /Users/noejalabert/airflow_venv/lib/python3.11/site-packages/airflow/example_dags/example_task_group_decorator.py
[2024-06-14T10:22:17.569+0200] {logging_mixin.py:188} INFO - [2024-06-14T10:22:17.569+0200] {dag.py:3096} INFO - Sync 1 DAGs
[2024-06-14T10:22:17.576+0200] {logging_mixin.py:188} INFO - [2024-06-14T10:22:17.576+0200] {dag.py:3954} INFO - Setting next_dagrun for example_task_group_decorator to 2024-06-13 00:00:00+00:00, run_after=2024-06-14 00:00:00+00:00
[2024-06-14T10:22:17.584+0200] {processor.py:183} INFO - Processing /Users/noejalabert/airflow_venv/lib/python3.11/site-packages/airflow/example_dags/example_task_group_decorator.py took 0.084 seconds
[2024-06-14T10:23:43.049+0200] {processor.py:161} INFO - Started process (PID=2054) to work on /Users/noejalabert/airflow_venv/lib/python3.11/site-packages/airflow/example_dags/example_task_group_decorator.py
[2024-06-14T10:23:43.049+0200] {processor.py:830} INFO - Processing file /Users/noejalabert/airflow_venv/lib/python3.11/site-packages/airflow/example_dags/example_task_group_decorator.py for tasks to queue
[2024-06-14T10:23:43.050+0200] {logging_mixin.py:188} INFO - [2024-06-14T10:23:43.049+0200] {dagbag.py:540} INFO - Filling up the DagBag from /Users/noejalabert/airflow_venv/lib/python3.11/site-packages/airflow/example_dags/example_task_group_decorator.py
[2024-06-14T10:23:43.069+0200] {processor.py:840} INFO - DAG(s) 'example_task_group_decorator' retrieved from /Users/noejalabert/airflow_venv/lib/python3.11/site-packages/airflow/example_dags/example_task_group_decorator.py
[2024-06-14T10:23:43.117+0200] {logging_mixin.py:188} INFO - [2024-06-14T10:23:43.116+0200] {dag.py:3096} INFO - Sync 1 DAGs
[2024-06-14T10:23:43.123+0200] {logging_mixin.py:188} INFO - [2024-06-14T10:23:43.123+0200] {dag.py:3954} INFO - Setting next_dagrun for example_task_group_decorator to 2024-06-13 00:00:00+00:00, run_after=2024-06-14 00:00:00+00:00
[2024-06-14T10:23:43.131+0200] {processor.py:183} INFO - Processing /Users/noejalabert/airflow_venv/lib/python3.11/site-packages/airflow/example_dags/example_task_group_decorator.py took 0.084 seconds
[2024-06-14T10:25:05.783+0200] {processor.py:161} INFO - Started process (PID=2142) to work on /Users/noejalabert/airflow_venv/lib/python3.11/site-packages/airflow/example_dags/example_task_group_decorator.py
[2024-06-14T10:25:05.783+0200] {processor.py:830} INFO - Processing file /Users/noejalabert/airflow_venv/lib/python3.11/site-packages/airflow/example_dags/example_task_group_decorator.py for tasks to queue
[2024-06-14T10:25:05.784+0200] {logging_mixin.py:188} INFO - [2024-06-14T10:25:05.783+0200] {dagbag.py:540} INFO - Filling up the DagBag from /Users/noejalabert/airflow_venv/lib/python3.11/site-packages/airflow/example_dags/example_task_group_decorator.py
[2024-06-14T10:25:05.803+0200] {processor.py:840} INFO - DAG(s) 'example_task_group_decorator' retrieved from /Users/noejalabert/airflow_venv/lib/python3.11/site-packages/airflow/example_dags/example_task_group_decorator.py
[2024-06-14T10:25:05.852+0200] {logging_mixin.py:188} INFO - [2024-06-14T10:25:05.851+0200] {dag.py:3096} INFO - Sync 1 DAGs
[2024-06-14T10:25:05.858+0200] {logging_mixin.py:188} INFO - [2024-06-14T10:25:05.858+0200] {dag.py:3954} INFO - Setting next_dagrun for example_task_group_decorator to 2024-06-13 00:00:00+00:00, run_after=2024-06-14 00:00:00+00:00
[2024-06-14T10:25:05.867+0200] {processor.py:183} INFO - Processing /Users/noejalabert/airflow_venv/lib/python3.11/site-packages/airflow/example_dags/example_task_group_decorator.py took 0.085 seconds
[2024-06-14T10:26:32.202+0200] {processor.py:161} INFO - Started process (PID=2236) to work on /Users/noejalabert/airflow_venv/lib/python3.11/site-packages/airflow/example_dags/example_task_group_decorator.py
[2024-06-14T10:26:32.203+0200] {processor.py:830} INFO - Processing file /Users/noejalabert/airflow_venv/lib/python3.11/site-packages/airflow/example_dags/example_task_group_decorator.py for tasks to queue
[2024-06-14T10:26:32.203+0200] {logging_mixin.py:188} INFO - [2024-06-14T10:26:32.203+0200] {dagbag.py:540} INFO - Filling up the DagBag from /Users/noejalabert/airflow_venv/lib/python3.11/site-packages/airflow/example_dags/example_task_group_decorator.py
[2024-06-14T10:26:32.225+0200] {processor.py:840} INFO - DAG(s) 'example_task_group_decorator' retrieved from /Users/noejalabert/airflow_venv/lib/python3.11/site-packages/airflow/example_dags/example_task_group_decorator.py
[2024-06-14T10:26:32.274+0200] {logging_mixin.py:188} INFO - [2024-06-14T10:26:32.274+0200] {dag.py:3096} INFO - Sync 1 DAGs
[2024-06-14T10:26:32.281+0200] {logging_mixin.py:188} INFO - [2024-06-14T10:26:32.281+0200] {dag.py:3954} INFO - Setting next_dagrun for example_task_group_decorator to 2024-06-13 00:00:00+00:00, run_after=2024-06-14 00:00:00+00:00
[2024-06-14T10:26:32.289+0200] {processor.py:183} INFO - Processing /Users/noejalabert/airflow_venv/lib/python3.11/site-packages/airflow/example_dags/example_task_group_decorator.py took 0.088 seconds
[2024-06-14T10:27:57.079+0200] {processor.py:161} INFO - Started process (PID=2323) to work on /Users/noejalabert/airflow_venv/lib/python3.11/site-packages/airflow/example_dags/example_task_group_decorator.py
[2024-06-14T10:27:57.080+0200] {processor.py:830} INFO - Processing file /Users/noejalabert/airflow_venv/lib/python3.11/site-packages/airflow/example_dags/example_task_group_decorator.py for tasks to queue
[2024-06-14T10:27:57.080+0200] {logging_mixin.py:188} INFO - [2024-06-14T10:27:57.080+0200] {dagbag.py:540} INFO - Filling up the DagBag from /Users/noejalabert/airflow_venv/lib/python3.11/site-packages/airflow/example_dags/example_task_group_decorator.py
[2024-06-14T10:27:57.099+0200] {processor.py:840} INFO - DAG(s) 'example_task_group_decorator' retrieved from /Users/noejalabert/airflow_venv/lib/python3.11/site-packages/airflow/example_dags/example_task_group_decorator.py
[2024-06-14T10:27:57.147+0200] {logging_mixin.py:188} INFO - [2024-06-14T10:27:57.147+0200] {dag.py:3096} INFO - Sync 1 DAGs
[2024-06-14T10:27:57.154+0200] {logging_mixin.py:188} INFO - [2024-06-14T10:27:57.154+0200] {dag.py:3954} INFO - Setting next_dagrun for example_task_group_decorator to 2024-06-13 00:00:00+00:00, run_after=2024-06-14 00:00:00+00:00
[2024-06-14T10:27:57.162+0200] {processor.py:183} INFO - Processing /Users/noejalabert/airflow_venv/lib/python3.11/site-packages/airflow/example_dags/example_task_group_decorator.py took 0.084 seconds
[2024-06-14T10:29:18.017+0200] {processor.py:161} INFO - Started process (PID=2408) to work on /Users/noejalabert/airflow_venv/lib/python3.11/site-packages/airflow/example_dags/example_task_group_decorator.py
[2024-06-14T10:29:18.017+0200] {processor.py:830} INFO - Processing file /Users/noejalabert/airflow_venv/lib/python3.11/site-packages/airflow/example_dags/example_task_group_decorator.py for tasks to queue
[2024-06-14T10:29:18.018+0200] {logging_mixin.py:188} INFO - [2024-06-14T10:29:18.018+0200] {dagbag.py:540} INFO - Filling up the DagBag from /Users/noejalabert/airflow_venv/lib/python3.11/site-packages/airflow/example_dags/example_task_group_decorator.py
[2024-06-14T10:29:18.037+0200] {processor.py:840} INFO - DAG(s) 'example_task_group_decorator' retrieved from /Users/noejalabert/airflow_venv/lib/python3.11/site-packages/airflow/example_dags/example_task_group_decorator.py
[2024-06-14T10:29:18.085+0200] {logging_mixin.py:188} INFO - [2024-06-14T10:29:18.085+0200] {dag.py:3096} INFO - Sync 1 DAGs
[2024-06-14T10:29:18.092+0200] {logging_mixin.py:188} INFO - [2024-06-14T10:29:18.091+0200] {dag.py:3954} INFO - Setting next_dagrun for example_task_group_decorator to 2024-06-13 00:00:00+00:00, run_after=2024-06-14 00:00:00+00:00
[2024-06-14T10:29:18.100+0200] {processor.py:183} INFO - Processing /Users/noejalabert/airflow_venv/lib/python3.11/site-packages/airflow/example_dags/example_task_group_decorator.py took 0.084 seconds
[2024-06-14T10:30:41.104+0200] {processor.py:161} INFO - Started process (PID=2493) to work on /Users/noejalabert/airflow_venv/lib/python3.11/site-packages/airflow/example_dags/example_task_group_decorator.py
[2024-06-14T10:30:41.105+0200] {processor.py:830} INFO - Processing file /Users/noejalabert/airflow_venv/lib/python3.11/site-packages/airflow/example_dags/example_task_group_decorator.py for tasks to queue
[2024-06-14T10:30:41.105+0200] {logging_mixin.py:188} INFO - [2024-06-14T10:30:41.105+0200] {dagbag.py:540} INFO - Filling up the DagBag from /Users/noejalabert/airflow_venv/lib/python3.11/site-packages/airflow/example_dags/example_task_group_decorator.py
[2024-06-14T10:30:41.126+0200] {processor.py:840} INFO - DAG(s) 'example_task_group_decorator' retrieved from /Users/noejalabert/airflow_venv/lib/python3.11/site-packages/airflow/example_dags/example_task_group_decorator.py
[2024-06-14T10:30:41.177+0200] {logging_mixin.py:188} INFO - [2024-06-14T10:30:41.177+0200] {dag.py:3096} INFO - Sync 1 DAGs
[2024-06-14T10:30:41.184+0200] {logging_mixin.py:188} INFO - [2024-06-14T10:30:41.184+0200] {dag.py:3954} INFO - Setting next_dagrun for example_task_group_decorator to 2024-06-13 00:00:00+00:00, run_after=2024-06-14 00:00:00+00:00
[2024-06-14T10:30:41.192+0200] {processor.py:183} INFO - Processing /Users/noejalabert/airflow_venv/lib/python3.11/site-packages/airflow/example_dags/example_task_group_decorator.py took 0.089 seconds
[2024-06-14T10:32:06.622+0200] {processor.py:161} INFO - Started process (PID=2567) to work on /Users/noejalabert/airflow_venv/lib/python3.11/site-packages/airflow/example_dags/example_task_group_decorator.py
[2024-06-14T10:32:06.623+0200] {processor.py:830} INFO - Processing file /Users/noejalabert/airflow_venv/lib/python3.11/site-packages/airflow/example_dags/example_task_group_decorator.py for tasks to queue
[2024-06-14T10:32:06.623+0200] {logging_mixin.py:188} INFO - [2024-06-14T10:32:06.623+0200] {dagbag.py:540} INFO - Filling up the DagBag from /Users/noejalabert/airflow_venv/lib/python3.11/site-packages/airflow/example_dags/example_task_group_decorator.py
[2024-06-14T10:32:06.644+0200] {processor.py:840} INFO - DAG(s) 'example_task_group_decorator' retrieved from /Users/noejalabert/airflow_venv/lib/python3.11/site-packages/airflow/example_dags/example_task_group_decorator.py
[2024-06-14T10:32:06.693+0200] {logging_mixin.py:188} INFO - [2024-06-14T10:32:06.693+0200] {dag.py:3096} INFO - Sync 1 DAGs
[2024-06-14T10:32:06.700+0200] {logging_mixin.py:188} INFO - [2024-06-14T10:32:06.700+0200] {dag.py:3954} INFO - Setting next_dagrun for example_task_group_decorator to 2024-06-13 00:00:00+00:00, run_after=2024-06-14 00:00:00+00:00
[2024-06-14T10:32:06.708+0200] {processor.py:183} INFO - Processing /Users/noejalabert/airflow_venv/lib/python3.11/site-packages/airflow/example_dags/example_task_group_decorator.py took 0.087 seconds
[2024-06-14T10:33:27.297+0200] {processor.py:161} INFO - Started process (PID=2759) to work on /Users/noejalabert/airflow_venv/lib/python3.11/site-packages/airflow/example_dags/example_task_group_decorator.py
[2024-06-14T10:33:27.297+0200] {processor.py:830} INFO - Processing file /Users/noejalabert/airflow_venv/lib/python3.11/site-packages/airflow/example_dags/example_task_group_decorator.py for tasks to queue
[2024-06-14T10:33:27.298+0200] {logging_mixin.py:188} INFO - [2024-06-14T10:33:27.297+0200] {dagbag.py:540} INFO - Filling up the DagBag from /Users/noejalabert/airflow_venv/lib/python3.11/site-packages/airflow/example_dags/example_task_group_decorator.py
[2024-06-14T10:33:27.317+0200] {processor.py:840} INFO - DAG(s) 'example_task_group_decorator' retrieved from /Users/noejalabert/airflow_venv/lib/python3.11/site-packages/airflow/example_dags/example_task_group_decorator.py
[2024-06-14T10:33:27.365+0200] {logging_mixin.py:188} INFO - [2024-06-14T10:33:27.365+0200] {dag.py:3096} INFO - Sync 1 DAGs
[2024-06-14T10:33:27.372+0200] {logging_mixin.py:188} INFO - [2024-06-14T10:33:27.372+0200] {dag.py:3954} INFO - Setting next_dagrun for example_task_group_decorator to 2024-06-13 00:00:00+00:00, run_after=2024-06-14 00:00:00+00:00
[2024-06-14T10:33:27.380+0200] {processor.py:183} INFO - Processing /Users/noejalabert/airflow_venv/lib/python3.11/site-packages/airflow/example_dags/example_task_group_decorator.py took 0.084 seconds
