[2024-06-14T10:01:02.645+0200] {processor.py:161} INFO - Started process (PID=22391) to work on /Users/noejalabert/airflow_venv/lib/python3.11/site-packages/airflow/example_dags/example_branch_datetime_operator.py
[2024-06-14T10:01:02.646+0200] {processor.py:830} INFO - Processing file /Users/noejalabert/airflow_venv/lib/python3.11/site-packages/airflow/example_dags/example_branch_datetime_operator.py for tasks to queue
[2024-06-14T10:01:02.646+0200] {logging_mixin.py:188} INFO - [2024-06-14T10:01:02.646+0200] {dagbag.py:540} INFO - Filling up the DagBag from /Users/noejalabert/airflow_venv/lib/python3.11/site-packages/airflow/example_dags/example_branch_datetime_operator.py
[2024-06-14T10:01:02.651+0200] {processor.py:840} INFO - DAG(s) 'example_branch_datetime_operator_3', 'example_branch_datetime_operator_2', 'example_branch_datetime_operator' retrieved from /Users/noejalabert/airflow_venv/lib/python3.11/site-packages/airflow/example_dags/example_branch_datetime_operator.py
[2024-06-14T10:01:02.777+0200] {logging_mixin.py:188} INFO - [2024-06-14T10:01:02.777+0200] {dag.py:3096} INFO - Sync 3 DAGs
[2024-06-14T10:01:02.786+0200] {logging_mixin.py:188} INFO - [2024-06-14T10:01:02.786+0200] {dag.py:3954} INFO - Setting next_dagrun for example_branch_datetime_operator to 2024-06-13 00:00:00+00:00, run_after=2024-06-14 00:00:00+00:00
[2024-06-14T10:01:02.788+0200] {logging_mixin.py:188} INFO - [2024-06-14T10:01:02.788+0200] {dag.py:3954} INFO - Setting next_dagrun for example_branch_datetime_operator_2 to 2024-06-13 00:00:00+00:00, run_after=2024-06-14 00:00:00+00:00
[2024-06-14T10:01:02.789+0200] {logging_mixin.py:188} INFO - [2024-06-14T10:01:02.789+0200] {dag.py:3954} INFO - Setting next_dagrun for example_branch_datetime_operator_3 to 2024-06-13 00:00:00+00:00, run_after=2024-06-14 00:00:00+00:00
[2024-06-14T10:01:02.798+0200] {processor.py:183} INFO - Processing /Users/noejalabert/airflow_venv/lib/python3.11/site-packages/airflow/example_dags/example_branch_datetime_operator.py took 0.154 seconds
[2024-06-14T10:04:05.191+0200] {processor.py:161} INFO - Started process (PID=22627) to work on /Users/noejalabert/airflow_venv/lib/python3.11/site-packages/airflow/example_dags/example_branch_datetime_operator.py
[2024-06-14T10:04:05.192+0200] {processor.py:830} INFO - Processing file /Users/noejalabert/airflow_venv/lib/python3.11/site-packages/airflow/example_dags/example_branch_datetime_operator.py for tasks to queue
[2024-06-14T10:04:05.192+0200] {logging_mixin.py:188} INFO - [2024-06-14T10:04:05.192+0200] {dagbag.py:540} INFO - Filling up the DagBag from /Users/noejalabert/airflow_venv/lib/python3.11/site-packages/airflow/example_dags/example_branch_datetime_operator.py
[2024-06-14T10:04:05.198+0200] {processor.py:840} INFO - DAG(s) 'example_branch_datetime_operator', 'example_branch_datetime_operator_3', 'example_branch_datetime_operator_2' retrieved from /Users/noejalabert/airflow_venv/lib/python3.11/site-packages/airflow/example_dags/example_branch_datetime_operator.py
[2024-06-14T10:04:05.253+0200] {logging_mixin.py:188} INFO - [2024-06-14T10:04:05.253+0200] {dag.py:3096} INFO - Sync 3 DAGs
[2024-06-14T10:04:05.262+0200] {logging_mixin.py:188} INFO - [2024-06-14T10:04:05.262+0200] {dag.py:3954} INFO - Setting next_dagrun for example_branch_datetime_operator to 2024-06-13 00:00:00+00:00, run_after=2024-06-14 00:00:00+00:00
[2024-06-14T10:04:05.265+0200] {logging_mixin.py:188} INFO - [2024-06-14T10:04:05.265+0200] {dag.py:3954} INFO - Setting next_dagrun for example_branch_datetime_operator_2 to 2024-06-13 00:00:00+00:00, run_after=2024-06-14 00:00:00+00:00
[2024-06-14T10:04:05.266+0200] {logging_mixin.py:188} INFO - [2024-06-14T10:04:05.265+0200] {dag.py:3954} INFO - Setting next_dagrun for example_branch_datetime_operator_3 to 2024-06-13 00:00:00+00:00, run_after=2024-06-14 00:00:00+00:00
[2024-06-14T10:04:05.273+0200] {processor.py:183} INFO - Processing /Users/noejalabert/airflow_venv/lib/python3.11/site-packages/airflow/example_dags/example_branch_datetime_operator.py took 0.084 seconds
[2024-06-14T10:18:54.912+0200] {processor.py:161} INFO - Started process (PID=1670) to work on /Users/noejalabert/airflow_venv/lib/python3.11/site-packages/airflow/example_dags/example_branch_datetime_operator.py
[2024-06-14T10:18:54.913+0200] {processor.py:830} INFO - Processing file /Users/noejalabert/airflow_venv/lib/python3.11/site-packages/airflow/example_dags/example_branch_datetime_operator.py for tasks to queue
[2024-06-14T10:18:54.913+0200] {logging_mixin.py:188} INFO - [2024-06-14T10:18:54.913+0200] {dagbag.py:540} INFO - Filling up the DagBag from /Users/noejalabert/airflow_venv/lib/python3.11/site-packages/airflow/example_dags/example_branch_datetime_operator.py
[2024-06-14T10:18:54.919+0200] {processor.py:840} INFO - DAG(s) 'example_branch_datetime_operator_3', 'example_branch_datetime_operator_2', 'example_branch_datetime_operator' retrieved from /Users/noejalabert/airflow_venv/lib/python3.11/site-packages/airflow/example_dags/example_branch_datetime_operator.py
[2024-06-14T10:18:55.005+0200] {logging_mixin.py:188} INFO - [2024-06-14T10:18:55.005+0200] {dag.py:3096} INFO - Sync 3 DAGs
[2024-06-14T10:18:55.013+0200] {logging_mixin.py:188} INFO - [2024-06-14T10:18:55.013+0200] {dag.py:3954} INFO - Setting next_dagrun for example_branch_datetime_operator to 2024-06-13 00:00:00+00:00, run_after=2024-06-14 00:00:00+00:00
[2024-06-14T10:18:55.014+0200] {logging_mixin.py:188} INFO - [2024-06-14T10:18:55.014+0200] {dag.py:3954} INFO - Setting next_dagrun for example_branch_datetime_operator_2 to 2024-06-13 00:00:00+00:00, run_after=2024-06-14 00:00:00+00:00
[2024-06-14T10:18:55.015+0200] {logging_mixin.py:188} INFO - [2024-06-14T10:18:55.015+0200] {dag.py:3954} INFO - Setting next_dagrun for example_branch_datetime_operator_3 to 2024-06-13 00:00:00+00:00, run_after=2024-06-14 00:00:00+00:00
[2024-06-14T10:18:55.023+0200] {processor.py:183} INFO - Processing /Users/noejalabert/airflow_venv/lib/python3.11/site-packages/airflow/example_dags/example_branch_datetime_operator.py took 0.112 seconds
[2024-06-14T10:21:44.993+0200] {processor.py:161} INFO - Started process (PID=1939) to work on /Users/noejalabert/airflow_venv/lib/python3.11/site-packages/airflow/example_dags/example_branch_datetime_operator.py
[2024-06-14T10:21:44.995+0200] {processor.py:830} INFO - Processing file /Users/noejalabert/airflow_venv/lib/python3.11/site-packages/airflow/example_dags/example_branch_datetime_operator.py for tasks to queue
[2024-06-14T10:21:44.995+0200] {logging_mixin.py:188} INFO - [2024-06-14T10:21:44.995+0200] {dagbag.py:540} INFO - Filling up the DagBag from /Users/noejalabert/airflow_venv/lib/python3.11/site-packages/airflow/example_dags/example_branch_datetime_operator.py
[2024-06-14T10:21:45.001+0200] {processor.py:840} INFO - DAG(s) 'example_branch_datetime_operator_2', 'example_branch_datetime_operator', 'example_branch_datetime_operator_3' retrieved from /Users/noejalabert/airflow_venv/lib/python3.11/site-packages/airflow/example_dags/example_branch_datetime_operator.py
[2024-06-14T10:21:45.050+0200] {logging_mixin.py:188} INFO - [2024-06-14T10:21:45.050+0200] {dag.py:3096} INFO - Sync 3 DAGs
[2024-06-14T10:21:45.059+0200] {logging_mixin.py:188} INFO - [2024-06-14T10:21:45.058+0200] {dag.py:3954} INFO - Setting next_dagrun for example_branch_datetime_operator to 2024-06-13 00:00:00+00:00, run_after=2024-06-14 00:00:00+00:00
[2024-06-14T10:21:45.060+0200] {logging_mixin.py:188} INFO - [2024-06-14T10:21:45.060+0200] {dag.py:3954} INFO - Setting next_dagrun for example_branch_datetime_operator_2 to 2024-06-13 00:00:00+00:00, run_after=2024-06-14 00:00:00+00:00
[2024-06-14T10:21:45.061+0200] {logging_mixin.py:188} INFO - [2024-06-14T10:21:45.061+0200] {dag.py:3954} INFO - Setting next_dagrun for example_branch_datetime_operator_3 to 2024-06-13 00:00:00+00:00, run_after=2024-06-14 00:00:00+00:00
[2024-06-14T10:21:45.068+0200] {processor.py:183} INFO - Processing /Users/noejalabert/airflow_venv/lib/python3.11/site-packages/airflow/example_dags/example_branch_datetime_operator.py took 0.076 seconds
[2024-06-14T10:24:31.206+0200] {processor.py:161} INFO - Started process (PID=2107) to work on /Users/noejalabert/airflow_venv/lib/python3.11/site-packages/airflow/example_dags/example_branch_datetime_operator.py
[2024-06-14T10:24:31.206+0200] {processor.py:830} INFO - Processing file /Users/noejalabert/airflow_venv/lib/python3.11/site-packages/airflow/example_dags/example_branch_datetime_operator.py for tasks to queue
[2024-06-14T10:24:31.206+0200] {logging_mixin.py:188} INFO - [2024-06-14T10:24:31.206+0200] {dagbag.py:540} INFO - Filling up the DagBag from /Users/noejalabert/airflow_venv/lib/python3.11/site-packages/airflow/example_dags/example_branch_datetime_operator.py
[2024-06-14T10:24:31.212+0200] {processor.py:840} INFO - DAG(s) 'example_branch_datetime_operator', 'example_branch_datetime_operator_3', 'example_branch_datetime_operator_2' retrieved from /Users/noejalabert/airflow_venv/lib/python3.11/site-packages/airflow/example_dags/example_branch_datetime_operator.py
[2024-06-14T10:24:31.261+0200] {logging_mixin.py:188} INFO - [2024-06-14T10:24:31.260+0200] {dag.py:3096} INFO - Sync 3 DAGs
[2024-06-14T10:24:31.269+0200] {logging_mixin.py:188} INFO - [2024-06-14T10:24:31.269+0200] {dag.py:3954} INFO - Setting next_dagrun for example_branch_datetime_operator to 2024-06-13 00:00:00+00:00, run_after=2024-06-14 00:00:00+00:00
[2024-06-14T10:24:31.271+0200] {logging_mixin.py:188} INFO - [2024-06-14T10:24:31.271+0200] {dag.py:3954} INFO - Setting next_dagrun for example_branch_datetime_operator_2 to 2024-06-13 00:00:00+00:00, run_after=2024-06-14 00:00:00+00:00
[2024-06-14T10:24:31.272+0200] {logging_mixin.py:188} INFO - [2024-06-14T10:24:31.271+0200] {dag.py:3954} INFO - Setting next_dagrun for example_branch_datetime_operator_3 to 2024-06-13 00:00:00+00:00, run_after=2024-06-14 00:00:00+00:00
[2024-06-14T10:24:31.278+0200] {processor.py:183} INFO - Processing /Users/noejalabert/airflow_venv/lib/python3.11/site-packages/airflow/example_dags/example_branch_datetime_operator.py took 0.074 seconds
[2024-06-14T10:27:23.479+0200] {processor.py:161} INFO - Started process (PID=2280) to work on /Users/noejalabert/airflow_venv/lib/python3.11/site-packages/airflow/example_dags/example_branch_datetime_operator.py
[2024-06-14T10:27:23.479+0200] {processor.py:830} INFO - Processing file /Users/noejalabert/airflow_venv/lib/python3.11/site-packages/airflow/example_dags/example_branch_datetime_operator.py for tasks to queue
[2024-06-14T10:27:23.479+0200] {logging_mixin.py:188} INFO - [2024-06-14T10:27:23.479+0200] {dagbag.py:540} INFO - Filling up the DagBag from /Users/noejalabert/airflow_venv/lib/python3.11/site-packages/airflow/example_dags/example_branch_datetime_operator.py
[2024-06-14T10:27:23.485+0200] {processor.py:840} INFO - DAG(s) 'example_branch_datetime_operator', 'example_branch_datetime_operator_3', 'example_branch_datetime_operator_2' retrieved from /Users/noejalabert/airflow_venv/lib/python3.11/site-packages/airflow/example_dags/example_branch_datetime_operator.py
[2024-06-14T10:27:23.534+0200] {logging_mixin.py:188} INFO - [2024-06-14T10:27:23.534+0200] {dag.py:3096} INFO - Sync 3 DAGs
[2024-06-14T10:27:23.542+0200] {logging_mixin.py:188} INFO - [2024-06-14T10:27:23.542+0200] {dag.py:3954} INFO - Setting next_dagrun for example_branch_datetime_operator to 2024-06-13 00:00:00+00:00, run_after=2024-06-14 00:00:00+00:00
[2024-06-14T10:27:23.544+0200] {logging_mixin.py:188} INFO - [2024-06-14T10:27:23.544+0200] {dag.py:3954} INFO - Setting next_dagrun for example_branch_datetime_operator_2 to 2024-06-13 00:00:00+00:00, run_after=2024-06-14 00:00:00+00:00
[2024-06-14T10:27:23.545+0200] {logging_mixin.py:188} INFO - [2024-06-14T10:27:23.545+0200] {dag.py:3954} INFO - Setting next_dagrun for example_branch_datetime_operator_3 to 2024-06-13 00:00:00+00:00, run_after=2024-06-14 00:00:00+00:00
[2024-06-14T10:27:23.551+0200] {processor.py:183} INFO - Processing /Users/noejalabert/airflow_venv/lib/python3.11/site-packages/airflow/example_dags/example_branch_datetime_operator.py took 0.074 seconds
[2024-06-14T10:30:07.321+0200] {processor.py:161} INFO - Started process (PID=2453) to work on /Users/noejalabert/airflow_venv/lib/python3.11/site-packages/airflow/example_dags/example_branch_datetime_operator.py
[2024-06-14T10:30:07.321+0200] {processor.py:830} INFO - Processing file /Users/noejalabert/airflow_venv/lib/python3.11/site-packages/airflow/example_dags/example_branch_datetime_operator.py for tasks to queue
[2024-06-14T10:30:07.321+0200] {logging_mixin.py:188} INFO - [2024-06-14T10:30:07.321+0200] {dagbag.py:540} INFO - Filling up the DagBag from /Users/noejalabert/airflow_venv/lib/python3.11/site-packages/airflow/example_dags/example_branch_datetime_operator.py
[2024-06-14T10:30:07.327+0200] {processor.py:840} INFO - DAG(s) 'example_branch_datetime_operator_3', 'example_branch_datetime_operator_2', 'example_branch_datetime_operator' retrieved from /Users/noejalabert/airflow_venv/lib/python3.11/site-packages/airflow/example_dags/example_branch_datetime_operator.py
[2024-06-14T10:30:07.376+0200] {logging_mixin.py:188} INFO - [2024-06-14T10:30:07.376+0200] {dag.py:3096} INFO - Sync 3 DAGs
[2024-06-14T10:30:07.384+0200] {logging_mixin.py:188} INFO - [2024-06-14T10:30:07.384+0200] {dag.py:3954} INFO - Setting next_dagrun for example_branch_datetime_operator to 2024-06-13 00:00:00+00:00, run_after=2024-06-14 00:00:00+00:00
[2024-06-14T10:30:07.386+0200] {logging_mixin.py:188} INFO - [2024-06-14T10:30:07.386+0200] {dag.py:3954} INFO - Setting next_dagrun for example_branch_datetime_operator_2 to 2024-06-13 00:00:00+00:00, run_after=2024-06-14 00:00:00+00:00
[2024-06-14T10:30:07.387+0200] {logging_mixin.py:188} INFO - [2024-06-14T10:30:07.386+0200] {dag.py:3954} INFO - Setting next_dagrun for example_branch_datetime_operator_3 to 2024-06-13 00:00:00+00:00, run_after=2024-06-14 00:00:00+00:00
[2024-06-14T10:30:07.393+0200] {processor.py:183} INFO - Processing /Users/noejalabert/airflow_venv/lib/python3.11/site-packages/airflow/example_dags/example_branch_datetime_operator.py took 0.074 seconds
[2024-06-14T10:32:56.454+0200] {processor.py:161} INFO - Started process (PID=2731) to work on /Users/noejalabert/airflow_venv/lib/python3.11/site-packages/airflow/example_dags/example_branch_datetime_operator.py
[2024-06-14T10:32:56.455+0200] {processor.py:830} INFO - Processing file /Users/noejalabert/airflow_venv/lib/python3.11/site-packages/airflow/example_dags/example_branch_datetime_operator.py for tasks to queue
[2024-06-14T10:32:56.455+0200] {logging_mixin.py:188} INFO - [2024-06-14T10:32:56.455+0200] {dagbag.py:540} INFO - Filling up the DagBag from /Users/noejalabert/airflow_venv/lib/python3.11/site-packages/airflow/example_dags/example_branch_datetime_operator.py
[2024-06-14T10:32:56.460+0200] {processor.py:840} INFO - DAG(s) 'example_branch_datetime_operator_2', 'example_branch_datetime_operator_3', 'example_branch_datetime_operator' retrieved from /Users/noejalabert/airflow_venv/lib/python3.11/site-packages/airflow/example_dags/example_branch_datetime_operator.py
[2024-06-14T10:32:56.509+0200] {logging_mixin.py:188} INFO - [2024-06-14T10:32:56.509+0200] {dag.py:3096} INFO - Sync 3 DAGs
[2024-06-14T10:32:56.517+0200] {logging_mixin.py:188} INFO - [2024-06-14T10:32:56.517+0200] {dag.py:3954} INFO - Setting next_dagrun for example_branch_datetime_operator to 2024-06-13 00:00:00+00:00, run_after=2024-06-14 00:00:00+00:00
[2024-06-14T10:32:56.519+0200] {logging_mixin.py:188} INFO - [2024-06-14T10:32:56.519+0200] {dag.py:3954} INFO - Setting next_dagrun for example_branch_datetime_operator_2 to 2024-06-13 00:00:00+00:00, run_after=2024-06-14 00:00:00+00:00
[2024-06-14T10:32:56.520+0200] {logging_mixin.py:188} INFO - [2024-06-14T10:32:56.520+0200] {dag.py:3954} INFO - Setting next_dagrun for example_branch_datetime_operator_3 to 2024-06-13 00:00:00+00:00, run_after=2024-06-14 00:00:00+00:00
[2024-06-14T10:32:56.527+0200] {processor.py:183} INFO - Processing /Users/noejalabert/airflow_venv/lib/python3.11/site-packages/airflow/example_dags/example_branch_datetime_operator.py took 0.073 seconds
