[2024-06-14T10:00:04.832+0200] {processor.py:161} INFO - Started process (PID=22307) to work on /Users/noejalabert/airflow_venv/lib/python3.11/site-packages/airflow/example_dags/example_subdag_operator.py
[2024-06-14T10:00:04.832+0200] {processor.py:830} INFO - Processing file /Users/noejalabert/airflow_venv/lib/python3.11/site-packages/airflow/example_dags/example_subdag_operator.py for tasks to queue
[2024-06-14T10:00:04.833+0200] {logging_mixin.py:188} INFO - [2024-06-14T10:00:04.833+0200] {dagbag.py:540} INFO - Filling up the DagBag from /Users/noejalabert/airflow_venv/lib/python3.11/site-packages/airflow/example_dags/example_subdag_operator.py
[2024-06-14T10:00:04.873+0200] {processor.py:840} INFO - DAG(s) 'example_subdag_operator.section-1', 'example_subdag_operator.section-2', 'example_subdag_operator' retrieved from /Users/noejalabert/airflow_venv/lib/python3.11/site-packages/airflow/example_dags/example_subdag_operator.py
[2024-06-14T10:00:04.928+0200] {logging_mixin.py:188} INFO - [2024-06-14T10:00:04.928+0200] {dag.py:3096} INFO - Sync 3 DAGs
[2024-06-14T10:00:04.935+0200] {logging_mixin.py:188} INFO - [2024-06-14T10:00:04.935+0200] {dag.py:3954} INFO - Setting next_dagrun for example_subdag_operator to 2022-01-01 00:00:00+00:00, run_after=2022-01-01 00:00:00+00:00
[2024-06-14T10:00:04.936+0200] {logging_mixin.py:188} INFO - [2024-06-14T10:00:04.936+0200] {dag.py:3954} INFO - Setting next_dagrun for example_subdag_operator.section-1 to None, run_after=None
[2024-06-14T10:00:04.936+0200] {logging_mixin.py:188} INFO - [2024-06-14T10:00:04.936+0200] {dag.py:3954} INFO - Setting next_dagrun for example_subdag_operator.section-2 to None, run_after=None
[2024-06-14T10:00:04.940+0200] {logging_mixin.py:188} INFO - [2024-06-14T10:00:04.940+0200] {dag.py:3096} INFO - Sync 2 DAGs
[2024-06-14T10:00:04.941+0200] {logging_mixin.py:188} INFO - [2024-06-14T10:00:04.941+0200] {dag.py:3954} INFO - Setting next_dagrun for example_subdag_operator.section-1 to None, run_after=None
[2024-06-14T10:00:04.941+0200] {logging_mixin.py:188} INFO - [2024-06-14T10:00:04.941+0200] {dag.py:3954} INFO - Setting next_dagrun for example_subdag_operator.section-2 to None, run_after=None
[2024-06-14T10:00:04.975+0200] {processor.py:183} INFO - Processing /Users/noejalabert/airflow_venv/lib/python3.11/site-packages/airflow/example_dags/example_subdag_operator.py took 0.145 seconds
[2024-06-14T10:01:40.437+0200] {processor.py:161} INFO - Started process (PID=22447) to work on /Users/noejalabert/airflow_venv/lib/python3.11/site-packages/airflow/example_dags/example_subdag_operator.py
[2024-06-14T10:01:40.438+0200] {processor.py:830} INFO - Processing file /Users/noejalabert/airflow_venv/lib/python3.11/site-packages/airflow/example_dags/example_subdag_operator.py for tasks to queue
[2024-06-14T10:01:40.438+0200] {logging_mixin.py:188} INFO - [2024-06-14T10:01:40.438+0200] {dagbag.py:540} INFO - Filling up the DagBag from /Users/noejalabert/airflow_venv/lib/python3.11/site-packages/airflow/example_dags/example_subdag_operator.py
[2024-06-14T10:01:40.480+0200] {processor.py:840} INFO - DAG(s) 'example_subdag_operator.section-1', 'example_subdag_operator.section-2', 'example_subdag_operator' retrieved from /Users/noejalabert/airflow_venv/lib/python3.11/site-packages/airflow/example_dags/example_subdag_operator.py
[2024-06-14T10:01:40.502+0200] {logging_mixin.py:188} INFO - [2024-06-14T10:01:40.502+0200] {dag.py:3096} INFO - Sync 3 DAGs
[2024-06-14T10:01:40.510+0200] {logging_mixin.py:188} INFO - [2024-06-14T10:01:40.510+0200] {dag.py:3954} INFO - Setting next_dagrun for example_subdag_operator to 2022-01-01 00:00:00+00:00, run_after=2022-01-01 00:00:00+00:00
[2024-06-14T10:01:40.512+0200] {logging_mixin.py:188} INFO - [2024-06-14T10:01:40.512+0200] {dag.py:3954} INFO - Setting next_dagrun for example_subdag_operator.section-1 to None, run_after=None
[2024-06-14T10:01:40.512+0200] {logging_mixin.py:188} INFO - [2024-06-14T10:01:40.512+0200] {dag.py:3954} INFO - Setting next_dagrun for example_subdag_operator.section-2 to None, run_after=None
[2024-06-14T10:01:40.515+0200] {logging_mixin.py:188} INFO - [2024-06-14T10:01:40.515+0200] {dag.py:3096} INFO - Sync 2 DAGs
[2024-06-14T10:01:40.516+0200] {logging_mixin.py:188} INFO - [2024-06-14T10:01:40.516+0200] {dag.py:3954} INFO - Setting next_dagrun for example_subdag_operator.section-1 to None, run_after=None
[2024-06-14T10:01:40.516+0200] {logging_mixin.py:188} INFO - [2024-06-14T10:01:40.516+0200] {dag.py:3954} INFO - Setting next_dagrun for example_subdag_operator.section-2 to None, run_after=None
[2024-06-14T10:01:40.522+0200] {processor.py:183} INFO - Processing /Users/noejalabert/airflow_venv/lib/python3.11/site-packages/airflow/example_dags/example_subdag_operator.py took 0.087 seconds
[2024-06-14T10:03:06.114+0200] {processor.py:161} INFO - Started process (PID=22522) to work on /Users/noejalabert/airflow_venv/lib/python3.11/site-packages/airflow/example_dags/example_subdag_operator.py
[2024-06-14T10:03:06.115+0200] {processor.py:830} INFO - Processing file /Users/noejalabert/airflow_venv/lib/python3.11/site-packages/airflow/example_dags/example_subdag_operator.py for tasks to queue
[2024-06-14T10:03:06.115+0200] {logging_mixin.py:188} INFO - [2024-06-14T10:03:06.115+0200] {dagbag.py:540} INFO - Filling up the DagBag from /Users/noejalabert/airflow_venv/lib/python3.11/site-packages/airflow/example_dags/example_subdag_operator.py
[2024-06-14T10:03:06.155+0200] {processor.py:840} INFO - DAG(s) 'example_subdag_operator.section-1', 'example_subdag_operator.section-2', 'example_subdag_operator' retrieved from /Users/noejalabert/airflow_venv/lib/python3.11/site-packages/airflow/example_dags/example_subdag_operator.py
[2024-06-14T10:03:06.176+0200] {logging_mixin.py:188} INFO - [2024-06-14T10:03:06.176+0200] {dag.py:3096} INFO - Sync 3 DAGs
[2024-06-14T10:03:06.183+0200] {logging_mixin.py:188} INFO - [2024-06-14T10:03:06.183+0200] {dag.py:3954} INFO - Setting next_dagrun for example_subdag_operator to 2022-01-01 00:00:00+00:00, run_after=2022-01-01 00:00:00+00:00
[2024-06-14T10:03:06.185+0200] {logging_mixin.py:188} INFO - [2024-06-14T10:03:06.185+0200] {dag.py:3954} INFO - Setting next_dagrun for example_subdag_operator.section-1 to None, run_after=None
[2024-06-14T10:03:06.185+0200] {logging_mixin.py:188} INFO - [2024-06-14T10:03:06.185+0200] {dag.py:3954} INFO - Setting next_dagrun for example_subdag_operator.section-2 to None, run_after=None
[2024-06-14T10:03:06.187+0200] {logging_mixin.py:188} INFO - [2024-06-14T10:03:06.187+0200] {dag.py:3096} INFO - Sync 2 DAGs
[2024-06-14T10:03:06.189+0200] {logging_mixin.py:188} INFO - [2024-06-14T10:03:06.189+0200] {dag.py:3954} INFO - Setting next_dagrun for example_subdag_operator.section-1 to None, run_after=None
[2024-06-14T10:03:06.189+0200] {logging_mixin.py:188} INFO - [2024-06-14T10:03:06.189+0200] {dag.py:3954} INFO - Setting next_dagrun for example_subdag_operator.section-2 to None, run_after=None
[2024-06-14T10:03:06.194+0200] {processor.py:183} INFO - Processing /Users/noejalabert/airflow_venv/lib/python3.11/site-packages/airflow/example_dags/example_subdag_operator.py took 0.082 seconds
[2024-06-14T10:04:43.945+0200] {processor.py:161} INFO - Started process (PID=22702) to work on /Users/noejalabert/airflow_venv/lib/python3.11/site-packages/airflow/example_dags/example_subdag_operator.py
[2024-06-14T10:04:43.946+0200] {processor.py:830} INFO - Processing file /Users/noejalabert/airflow_venv/lib/python3.11/site-packages/airflow/example_dags/example_subdag_operator.py for tasks to queue
[2024-06-14T10:04:43.947+0200] {logging_mixin.py:188} INFO - [2024-06-14T10:04:43.946+0200] {dagbag.py:540} INFO - Filling up the DagBag from /Users/noejalabert/airflow_venv/lib/python3.11/site-packages/airflow/example_dags/example_subdag_operator.py
[2024-06-14T10:04:43.990+0200] {processor.py:840} INFO - DAG(s) 'example_subdag_operator.section-1', 'example_subdag_operator.section-2', 'example_subdag_operator' retrieved from /Users/noejalabert/airflow_venv/lib/python3.11/site-packages/airflow/example_dags/example_subdag_operator.py
[2024-06-14T10:04:44.015+0200] {logging_mixin.py:188} INFO - [2024-06-14T10:04:44.014+0200] {dag.py:3096} INFO - Sync 3 DAGs
[2024-06-14T10:04:44.023+0200] {logging_mixin.py:188} INFO - [2024-06-14T10:04:44.023+0200] {dag.py:3954} INFO - Setting next_dagrun for example_subdag_operator to 2022-01-01 00:00:00+00:00, run_after=2022-01-01 00:00:00+00:00
[2024-06-14T10:04:44.024+0200] {logging_mixin.py:188} INFO - [2024-06-14T10:04:44.024+0200] {dag.py:3954} INFO - Setting next_dagrun for example_subdag_operator.section-1 to None, run_after=None
[2024-06-14T10:04:44.024+0200] {logging_mixin.py:188} INFO - [2024-06-14T10:04:44.024+0200] {dag.py:3954} INFO - Setting next_dagrun for example_subdag_operator.section-2 to None, run_after=None
[2024-06-14T10:04:44.027+0200] {logging_mixin.py:188} INFO - [2024-06-14T10:04:44.027+0200] {dag.py:3096} INFO - Sync 2 DAGs
[2024-06-14T10:04:44.028+0200] {logging_mixin.py:188} INFO - [2024-06-14T10:04:44.028+0200] {dag.py:3954} INFO - Setting next_dagrun for example_subdag_operator.section-1 to None, run_after=None
[2024-06-14T10:04:44.029+0200] {logging_mixin.py:188} INFO - [2024-06-14T10:04:44.028+0200] {dag.py:3954} INFO - Setting next_dagrun for example_subdag_operator.section-2 to None, run_after=None
[2024-06-14T10:04:44.034+0200] {processor.py:183} INFO - Processing /Users/noejalabert/airflow_venv/lib/python3.11/site-packages/airflow/example_dags/example_subdag_operator.py took 0.090 seconds
