[2024-06-14T10:00:48.943+0200] {processor.py:161} INFO - Started process (PID=22382) to work on /Users/noejalabert/airflow_venv/lib/python3.11/site-packages/airflow/example_dags/example_datasets.py
[2024-06-14T10:00:48.944+0200] {processor.py:830} INFO - Processing file /Users/noejalabert/airflow_venv/lib/python3.11/site-packages/airflow/example_dags/example_datasets.py for tasks to queue
[2024-06-14T10:00:48.944+0200] {logging_mixin.py:188} INFO - [2024-06-14T10:00:48.944+0200] {dagbag.py:540} INFO - Filling up the DagBag from /Users/noejalabert/airflow_venv/lib/python3.11/site-packages/airflow/example_dags/example_datasets.py
[2024-06-14T10:00:48.966+0200] {processor.py:840} INFO - DAG(s) 'dataset_consumes_1_and_2', 'dataset_consumes_1', 'consume_1_and_2_with_dataset_expressions', 'dataset_produces_2', 'consume_1_or_2_with_dataset_expressions', 'consume_1_or_both_2_and_3_with_dataset_expressions', 'dataset_consumes_unknown_never_scheduled', 'dataset_produces_1', 'conditional_dataset_and_time_based_timetable', 'dataset_consumes_1_never_scheduled' retrieved from /Users/noejalabert/airflow_venv/lib/python3.11/site-packages/airflow/example_dags/example_datasets.py
[2024-06-14T10:00:49.072+0200] {logging_mixin.py:188} INFO - [2024-06-14T10:00:49.072+0200] {dag.py:3096} INFO - Sync 10 DAGs
[2024-06-14T10:00:49.110+0200] {logging_mixin.py:188} INFO - [2024-06-14T10:00:49.110+0200] {dag.py:3954} INFO - Setting next_dagrun for conditional_dataset_and_time_based_timetable to 2024-06-12 01:00:00+00:00, run_after=2024-06-12 01:00:00+00:00
[2024-06-14T10:00:49.111+0200] {logging_mixin.py:188} INFO - [2024-06-14T10:00:49.111+0200] {dag.py:3954} INFO - Setting next_dagrun for consume_1_and_2_with_dataset_expressions to None, run_after=None
[2024-06-14T10:00:49.111+0200] {logging_mixin.py:188} INFO - [2024-06-14T10:00:49.111+0200] {dag.py:3954} INFO - Setting next_dagrun for consume_1_or_2_with_dataset_expressions to None, run_after=None
[2024-06-14T10:00:49.112+0200] {logging_mixin.py:188} INFO - [2024-06-14T10:00:49.112+0200] {dag.py:3954} INFO - Setting next_dagrun for consume_1_or_both_2_and_3_with_dataset_expressions to None, run_after=None
[2024-06-14T10:00:49.112+0200] {logging_mixin.py:188} INFO - [2024-06-14T10:00:49.112+0200] {dag.py:3954} INFO - Setting next_dagrun for dataset_consumes_1 to None, run_after=None
[2024-06-14T10:00:49.113+0200] {logging_mixin.py:188} INFO - [2024-06-14T10:00:49.112+0200] {dag.py:3954} INFO - Setting next_dagrun for dataset_consumes_1_and_2 to None, run_after=None
[2024-06-14T10:00:49.113+0200] {logging_mixin.py:188} INFO - [2024-06-14T10:00:49.113+0200] {dag.py:3954} INFO - Setting next_dagrun for dataset_consumes_1_never_scheduled to None, run_after=None
[2024-06-14T10:00:49.113+0200] {logging_mixin.py:188} INFO - [2024-06-14T10:00:49.113+0200] {dag.py:3954} INFO - Setting next_dagrun for dataset_consumes_unknown_never_scheduled to None, run_after=None
[2024-06-14T10:00:49.114+0200] {logging_mixin.py:188} INFO - [2024-06-14T10:00:49.114+0200] {dag.py:3954} INFO - Setting next_dagrun for dataset_produces_1 to 2024-06-13 00:00:00+00:00, run_after=2024-06-14 00:00:00+00:00
[2024-06-14T10:00:49.114+0200] {logging_mixin.py:188} INFO - [2024-06-14T10:00:49.114+0200] {dag.py:3954} INFO - Setting next_dagrun for dataset_produces_2 to None, run_after=None
[2024-06-14T10:00:49.127+0200] {processor.py:183} INFO - Processing /Users/noejalabert/airflow_venv/lib/python3.11/site-packages/airflow/example_dags/example_datasets.py took 0.185 seconds
[2024-06-14T10:02:19.817+0200] {processor.py:161} INFO - Started process (PID=22486) to work on /Users/noejalabert/airflow_venv/lib/python3.11/site-packages/airflow/example_dags/example_datasets.py
[2024-06-14T10:02:19.819+0200] {processor.py:830} INFO - Processing file /Users/noejalabert/airflow_venv/lib/python3.11/site-packages/airflow/example_dags/example_datasets.py for tasks to queue
[2024-06-14T10:02:19.819+0200] {logging_mixin.py:188} INFO - [2024-06-14T10:02:19.819+0200] {dagbag.py:540} INFO - Filling up the DagBag from /Users/noejalabert/airflow_venv/lib/python3.11/site-packages/airflow/example_dags/example_datasets.py
[2024-06-14T10:02:19.844+0200] {processor.py:840} INFO - DAG(s) 'dataset_produces_1', 'consume_1_or_2_with_dataset_expressions', 'dataset_consumes_unknown_never_scheduled', 'dataset_consumes_1_never_scheduled', 'dataset_consumes_1', 'consume_1_and_2_with_dataset_expressions', 'conditional_dataset_and_time_based_timetable', 'dataset_consumes_1_and_2', 'consume_1_or_both_2_and_3_with_dataset_expressions', 'dataset_produces_2' retrieved from /Users/noejalabert/airflow_venv/lib/python3.11/site-packages/airflow/example_dags/example_datasets.py
[2024-06-14T10:02:19.904+0200] {logging_mixin.py:188} INFO - [2024-06-14T10:02:19.904+0200] {dag.py:3096} INFO - Sync 10 DAGs
[2024-06-14T10:02:19.913+0200] {logging_mixin.py:188} INFO - [2024-06-14T10:02:19.913+0200] {dag.py:3954} INFO - Setting next_dagrun for conditional_dataset_and_time_based_timetable to 2024-06-12 01:00:00+00:00, run_after=2024-06-12 01:00:00+00:00
[2024-06-14T10:02:19.916+0200] {logging_mixin.py:188} INFO - [2024-06-14T10:02:19.916+0200] {dag.py:3954} INFO - Setting next_dagrun for consume_1_and_2_with_dataset_expressions to None, run_after=None
[2024-06-14T10:02:19.916+0200] {logging_mixin.py:188} INFO - [2024-06-14T10:02:19.916+0200] {dag.py:3954} INFO - Setting next_dagrun for consume_1_or_2_with_dataset_expressions to None, run_after=None
[2024-06-14T10:02:19.916+0200] {logging_mixin.py:188} INFO - [2024-06-14T10:02:19.916+0200] {dag.py:3954} INFO - Setting next_dagrun for consume_1_or_both_2_and_3_with_dataset_expressions to None, run_after=None
[2024-06-14T10:02:19.917+0200] {logging_mixin.py:188} INFO - [2024-06-14T10:02:19.917+0200] {dag.py:3954} INFO - Setting next_dagrun for dataset_consumes_1 to None, run_after=None
[2024-06-14T10:02:19.917+0200] {logging_mixin.py:188} INFO - [2024-06-14T10:02:19.917+0200] {dag.py:3954} INFO - Setting next_dagrun for dataset_consumes_1_and_2 to None, run_after=None
[2024-06-14T10:02:19.917+0200] {logging_mixin.py:188} INFO - [2024-06-14T10:02:19.917+0200] {dag.py:3954} INFO - Setting next_dagrun for dataset_consumes_1_never_scheduled to None, run_after=None
[2024-06-14T10:02:19.918+0200] {logging_mixin.py:188} INFO - [2024-06-14T10:02:19.918+0200] {dag.py:3954} INFO - Setting next_dagrun for dataset_consumes_unknown_never_scheduled to None, run_after=None
[2024-06-14T10:02:19.919+0200] {logging_mixin.py:188} INFO - [2024-06-14T10:02:19.919+0200] {dag.py:3954} INFO - Setting next_dagrun for dataset_produces_1 to 2024-06-13 00:00:00+00:00, run_after=2024-06-14 00:00:00+00:00
[2024-06-14T10:02:19.919+0200] {logging_mixin.py:188} INFO - [2024-06-14T10:02:19.919+0200] {dag.py:3954} INFO - Setting next_dagrun for dataset_produces_2 to None, run_after=None
[2024-06-14T10:02:19.931+0200] {processor.py:183} INFO - Processing /Users/noejalabert/airflow_venv/lib/python3.11/site-packages/airflow/example_dags/example_datasets.py took 0.116 seconds
[2024-06-14T10:03:55.082+0200] {processor.py:161} INFO - Started process (PID=22572) to work on /Users/noejalabert/airflow_venv/lib/python3.11/site-packages/airflow/example_dags/example_datasets.py
[2024-06-14T10:03:55.082+0200] {processor.py:830} INFO - Processing file /Users/noejalabert/airflow_venv/lib/python3.11/site-packages/airflow/example_dags/example_datasets.py for tasks to queue
[2024-06-14T10:03:55.083+0200] {logging_mixin.py:188} INFO - [2024-06-14T10:03:55.082+0200] {dagbag.py:540} INFO - Filling up the DagBag from /Users/noejalabert/airflow_venv/lib/python3.11/site-packages/airflow/example_dags/example_datasets.py
[2024-06-14T10:03:55.104+0200] {processor.py:840} INFO - DAG(s) 'conditional_dataset_and_time_based_timetable', 'dataset_consumes_1_never_scheduled', 'dataset_produces_2', 'dataset_produces_1', 'dataset_consumes_1_and_2', 'dataset_consumes_unknown_never_scheduled', 'consume_1_or_both_2_and_3_with_dataset_expressions', 'consume_1_or_2_with_dataset_expressions', 'consume_1_and_2_with_dataset_expressions', 'dataset_consumes_1' retrieved from /Users/noejalabert/airflow_venv/lib/python3.11/site-packages/airflow/example_dags/example_datasets.py
[2024-06-14T10:03:55.165+0200] {logging_mixin.py:188} INFO - [2024-06-14T10:03:55.165+0200] {dag.py:3096} INFO - Sync 10 DAGs
[2024-06-14T10:03:55.173+0200] {logging_mixin.py:188} INFO - [2024-06-14T10:03:55.173+0200] {dag.py:3954} INFO - Setting next_dagrun for conditional_dataset_and_time_based_timetable to 2024-06-12 01:00:00+00:00, run_after=2024-06-12 01:00:00+00:00
[2024-06-14T10:03:55.175+0200] {logging_mixin.py:188} INFO - [2024-06-14T10:03:55.174+0200] {dag.py:3954} INFO - Setting next_dagrun for consume_1_and_2_with_dataset_expressions to None, run_after=None
[2024-06-14T10:03:55.175+0200] {logging_mixin.py:188} INFO - [2024-06-14T10:03:55.175+0200] {dag.py:3954} INFO - Setting next_dagrun for consume_1_or_2_with_dataset_expressions to None, run_after=None
[2024-06-14T10:03:55.175+0200] {logging_mixin.py:188} INFO - [2024-06-14T10:03:55.175+0200] {dag.py:3954} INFO - Setting next_dagrun for consume_1_or_both_2_and_3_with_dataset_expressions to None, run_after=None
[2024-06-14T10:03:55.176+0200] {logging_mixin.py:188} INFO - [2024-06-14T10:03:55.176+0200] {dag.py:3954} INFO - Setting next_dagrun for dataset_consumes_1 to None, run_after=None
[2024-06-14T10:03:55.176+0200] {logging_mixin.py:188} INFO - [2024-06-14T10:03:55.176+0200] {dag.py:3954} INFO - Setting next_dagrun for dataset_consumes_1_and_2 to None, run_after=None
[2024-06-14T10:03:55.176+0200] {logging_mixin.py:188} INFO - [2024-06-14T10:03:55.176+0200] {dag.py:3954} INFO - Setting next_dagrun for dataset_consumes_1_never_scheduled to None, run_after=None
[2024-06-14T10:03:55.177+0200] {logging_mixin.py:188} INFO - [2024-06-14T10:03:55.177+0200] {dag.py:3954} INFO - Setting next_dagrun for dataset_consumes_unknown_never_scheduled to None, run_after=None
[2024-06-14T10:03:55.178+0200] {logging_mixin.py:188} INFO - [2024-06-14T10:03:55.178+0200] {dag.py:3954} INFO - Setting next_dagrun for dataset_produces_1 to 2024-06-13 00:00:00+00:00, run_after=2024-06-14 00:00:00+00:00
[2024-06-14T10:03:55.178+0200] {logging_mixin.py:188} INFO - [2024-06-14T10:03:55.178+0200] {dag.py:3954} INFO - Setting next_dagrun for dataset_produces_2 to None, run_after=None
[2024-06-14T10:03:55.189+0200] {processor.py:183} INFO - Processing /Users/noejalabert/airflow_venv/lib/python3.11/site-packages/airflow/example_dags/example_datasets.py took 0.109 seconds
