[2024-06-14T10:01:04.626+0200] {processor.py:161} INFO - Started process (PID=22394) to work on /Users/noejalabert/airflow_venv/lib/python3.11/site-packages/airflow/example_dags/example_bash_operator.py
[2024-06-14T10:01:04.627+0200] {processor.py:830} INFO - Processing file /Users/noejalabert/airflow_venv/lib/python3.11/site-packages/airflow/example_dags/example_bash_operator.py for tasks to queue
[2024-06-14T10:01:04.627+0200] {logging_mixin.py:188} INFO - [2024-06-14T10:01:04.627+0200] {dagbag.py:540} INFO - Filling up the DagBag from /Users/noejalabert/airflow_venv/lib/python3.11/site-packages/airflow/example_dags/example_bash_operator.py
[2024-06-14T10:01:04.633+0200] {processor.py:840} INFO - DAG(s) 'example_bash_operator' retrieved from /Users/noejalabert/airflow_venv/lib/python3.11/site-packages/airflow/example_dags/example_bash_operator.py
[2024-06-14T10:01:04.729+0200] {logging_mixin.py:188} INFO - [2024-06-14T10:01:04.728+0200] {dag.py:3096} INFO - Sync 1 DAGs
[2024-06-14T10:01:04.736+0200] {logging_mixin.py:188} INFO - [2024-06-14T10:01:04.736+0200] {dag.py:3954} INFO - Setting next_dagrun for example_bash_operator to 2024-06-13 00:00:00+00:00, run_after=2024-06-14 00:00:00+00:00
[2024-06-14T10:01:04.744+0200] {processor.py:183} INFO - Processing /Users/noejalabert/airflow_venv/lib/python3.11/site-packages/airflow/example_dags/example_bash_operator.py took 0.119 seconds
[2024-06-14T10:04:07.233+0200] {processor.py:161} INFO - Started process (PID=22628) to work on /Users/noejalabert/airflow_venv/lib/python3.11/site-packages/airflow/example_dags/example_bash_operator.py
[2024-06-14T10:04:07.235+0200] {processor.py:830} INFO - Processing file /Users/noejalabert/airflow_venv/lib/python3.11/site-packages/airflow/example_dags/example_bash_operator.py for tasks to queue
[2024-06-14T10:04:07.235+0200] {logging_mixin.py:188} INFO - [2024-06-14T10:04:07.235+0200] {dagbag.py:540} INFO - Filling up the DagBag from /Users/noejalabert/airflow_venv/lib/python3.11/site-packages/airflow/example_dags/example_bash_operator.py
[2024-06-14T10:04:07.242+0200] {processor.py:840} INFO - DAG(s) 'example_bash_operator' retrieved from /Users/noejalabert/airflow_venv/lib/python3.11/site-packages/airflow/example_dags/example_bash_operator.py
[2024-06-14T10:04:07.299+0200] {logging_mixin.py:188} INFO - [2024-06-14T10:04:07.299+0200] {dag.py:3096} INFO - Sync 1 DAGs
[2024-06-14T10:04:07.308+0200] {logging_mixin.py:188} INFO - [2024-06-14T10:04:07.308+0200] {dag.py:3954} INFO - Setting next_dagrun for example_bash_operator to 2024-06-13 00:00:00+00:00, run_after=2024-06-14 00:00:00+00:00
[2024-06-14T10:04:07.317+0200] {processor.py:183} INFO - Processing /Users/noejalabert/airflow_venv/lib/python3.11/site-packages/airflow/example_dags/example_bash_operator.py took 0.085 seconds
[2024-06-14T10:18:56.816+0200] {processor.py:161} INFO - Started process (PID=1671) to work on /Users/noejalabert/airflow_venv/lib/python3.11/site-packages/airflow/example_dags/example_bash_operator.py
[2024-06-14T10:18:56.817+0200] {processor.py:830} INFO - Processing file /Users/noejalabert/airflow_venv/lib/python3.11/site-packages/airflow/example_dags/example_bash_operator.py for tasks to queue
[2024-06-14T10:18:56.817+0200] {logging_mixin.py:188} INFO - [2024-06-14T10:18:56.817+0200] {dagbag.py:540} INFO - Filling up the DagBag from /Users/noejalabert/airflow_venv/lib/python3.11/site-packages/airflow/example_dags/example_bash_operator.py
[2024-06-14T10:18:56.822+0200] {processor.py:840} INFO - DAG(s) 'example_bash_operator' retrieved from /Users/noejalabert/airflow_venv/lib/python3.11/site-packages/airflow/example_dags/example_bash_operator.py
[2024-06-14T10:18:56.906+0200] {logging_mixin.py:188} INFO - [2024-06-14T10:18:56.906+0200] {dag.py:3096} INFO - Sync 1 DAGs
[2024-06-14T10:18:56.913+0200] {logging_mixin.py:188} INFO - [2024-06-14T10:18:56.913+0200] {dag.py:3954} INFO - Setting next_dagrun for example_bash_operator to 2024-06-13 00:00:00+00:00, run_after=2024-06-14 00:00:00+00:00
[2024-06-14T10:18:56.922+0200] {processor.py:183} INFO - Processing /Users/noejalabert/airflow_venv/lib/python3.11/site-packages/airflow/example_dags/example_bash_operator.py took 0.107 seconds
[2024-06-14T10:21:46.409+0200] {processor.py:161} INFO - Started process (PID=1940) to work on /Users/noejalabert/airflow_venv/lib/python3.11/site-packages/airflow/example_dags/example_bash_operator.py
[2024-06-14T10:21:46.410+0200] {processor.py:830} INFO - Processing file /Users/noejalabert/airflow_venv/lib/python3.11/site-packages/airflow/example_dags/example_bash_operator.py for tasks to queue
[2024-06-14T10:21:46.410+0200] {logging_mixin.py:188} INFO - [2024-06-14T10:21:46.410+0200] {dagbag.py:540} INFO - Filling up the DagBag from /Users/noejalabert/airflow_venv/lib/python3.11/site-packages/airflow/example_dags/example_bash_operator.py
[2024-06-14T10:21:46.415+0200] {processor.py:840} INFO - DAG(s) 'example_bash_operator' retrieved from /Users/noejalabert/airflow_venv/lib/python3.11/site-packages/airflow/example_dags/example_bash_operator.py
[2024-06-14T10:21:46.465+0200] {logging_mixin.py:188} INFO - [2024-06-14T10:21:46.465+0200] {dag.py:3096} INFO - Sync 1 DAGs
[2024-06-14T10:21:46.473+0200] {logging_mixin.py:188} INFO - [2024-06-14T10:21:46.473+0200] {dag.py:3954} INFO - Setting next_dagrun for example_bash_operator to 2024-06-13 00:00:00+00:00, run_after=2024-06-14 00:00:00+00:00
[2024-06-14T10:21:46.481+0200] {processor.py:183} INFO - Processing /Users/noejalabert/airflow_venv/lib/python3.11/site-packages/airflow/example_dags/example_bash_operator.py took 0.073 seconds
[2024-06-14T10:24:33.040+0200] {processor.py:161} INFO - Started process (PID=2108) to work on /Users/noejalabert/airflow_venv/lib/python3.11/site-packages/airflow/example_dags/example_bash_operator.py
[2024-06-14T10:24:33.040+0200] {processor.py:830} INFO - Processing file /Users/noejalabert/airflow_venv/lib/python3.11/site-packages/airflow/example_dags/example_bash_operator.py for tasks to queue
[2024-06-14T10:24:33.041+0200] {logging_mixin.py:188} INFO - [2024-06-14T10:24:33.041+0200] {dagbag.py:540} INFO - Filling up the DagBag from /Users/noejalabert/airflow_venv/lib/python3.11/site-packages/airflow/example_dags/example_bash_operator.py
[2024-06-14T10:24:33.046+0200] {processor.py:840} INFO - DAG(s) 'example_bash_operator' retrieved from /Users/noejalabert/airflow_venv/lib/python3.11/site-packages/airflow/example_dags/example_bash_operator.py
[2024-06-14T10:24:33.095+0200] {logging_mixin.py:188} INFO - [2024-06-14T10:24:33.095+0200] {dag.py:3096} INFO - Sync 1 DAGs
[2024-06-14T10:24:33.103+0200] {logging_mixin.py:188} INFO - [2024-06-14T10:24:33.103+0200] {dag.py:3954} INFO - Setting next_dagrun for example_bash_operator to 2024-06-13 00:00:00+00:00, run_after=2024-06-14 00:00:00+00:00
[2024-06-14T10:24:33.111+0200] {processor.py:183} INFO - Processing /Users/noejalabert/airflow_venv/lib/python3.11/site-packages/airflow/example_dags/example_bash_operator.py took 0.072 seconds
[2024-06-14T10:27:25.096+0200] {processor.py:161} INFO - Started process (PID=2282) to work on /Users/noejalabert/airflow_venv/lib/python3.11/site-packages/airflow/example_dags/example_bash_operator.py
[2024-06-14T10:27:25.096+0200] {processor.py:830} INFO - Processing file /Users/noejalabert/airflow_venv/lib/python3.11/site-packages/airflow/example_dags/example_bash_operator.py for tasks to queue
[2024-06-14T10:27:25.096+0200] {logging_mixin.py:188} INFO - [2024-06-14T10:27:25.096+0200] {dagbag.py:540} INFO - Filling up the DagBag from /Users/noejalabert/airflow_venv/lib/python3.11/site-packages/airflow/example_dags/example_bash_operator.py
[2024-06-14T10:27:25.101+0200] {processor.py:840} INFO - DAG(s) 'example_bash_operator' retrieved from /Users/noejalabert/airflow_venv/lib/python3.11/site-packages/airflow/example_dags/example_bash_operator.py
[2024-06-14T10:27:25.151+0200] {logging_mixin.py:188} INFO - [2024-06-14T10:27:25.151+0200] {dag.py:3096} INFO - Sync 1 DAGs
[2024-06-14T10:27:25.159+0200] {logging_mixin.py:188} INFO - [2024-06-14T10:27:25.159+0200] {dag.py:3954} INFO - Setting next_dagrun for example_bash_operator to 2024-06-13 00:00:00+00:00, run_after=2024-06-14 00:00:00+00:00
[2024-06-14T10:27:25.167+0200] {processor.py:183} INFO - Processing /Users/noejalabert/airflow_venv/lib/python3.11/site-packages/airflow/example_dags/example_bash_operator.py took 0.073 seconds
[2024-06-14T10:30:08.484+0200] {processor.py:161} INFO - Started process (PID=2454) to work on /Users/noejalabert/airflow_venv/lib/python3.11/site-packages/airflow/example_dags/example_bash_operator.py
[2024-06-14T10:30:08.485+0200] {processor.py:830} INFO - Processing file /Users/noejalabert/airflow_venv/lib/python3.11/site-packages/airflow/example_dags/example_bash_operator.py for tasks to queue
[2024-06-14T10:30:08.485+0200] {logging_mixin.py:188} INFO - [2024-06-14T10:30:08.485+0200] {dagbag.py:540} INFO - Filling up the DagBag from /Users/noejalabert/airflow_venv/lib/python3.11/site-packages/airflow/example_dags/example_bash_operator.py
[2024-06-14T10:30:08.490+0200] {processor.py:840} INFO - DAG(s) 'example_bash_operator' retrieved from /Users/noejalabert/airflow_venv/lib/python3.11/site-packages/airflow/example_dags/example_bash_operator.py
[2024-06-14T10:30:08.547+0200] {logging_mixin.py:188} INFO - [2024-06-14T10:30:08.546+0200] {dag.py:3096} INFO - Sync 1 DAGs
[2024-06-14T10:30:08.555+0200] {logging_mixin.py:188} INFO - [2024-06-14T10:30:08.555+0200] {dag.py:3954} INFO - Setting next_dagrun for example_bash_operator to 2024-06-13 00:00:00+00:00, run_after=2024-06-14 00:00:00+00:00
[2024-06-14T10:30:08.563+0200] {processor.py:183} INFO - Processing /Users/noejalabert/airflow_venv/lib/python3.11/site-packages/airflow/example_dags/example_bash_operator.py took 0.080 seconds
[2024-06-14T10:32:58.004+0200] {processor.py:161} INFO - Started process (PID=2732) to work on /Users/noejalabert/airflow_venv/lib/python3.11/site-packages/airflow/example_dags/example_bash_operator.py
[2024-06-14T10:32:58.004+0200] {processor.py:830} INFO - Processing file /Users/noejalabert/airflow_venv/lib/python3.11/site-packages/airflow/example_dags/example_bash_operator.py for tasks to queue
[2024-06-14T10:32:58.005+0200] {logging_mixin.py:188} INFO - [2024-06-14T10:32:58.005+0200] {dagbag.py:540} INFO - Filling up the DagBag from /Users/noejalabert/airflow_venv/lib/python3.11/site-packages/airflow/example_dags/example_bash_operator.py
[2024-06-14T10:32:58.010+0200] {processor.py:840} INFO - DAG(s) 'example_bash_operator' retrieved from /Users/noejalabert/airflow_venv/lib/python3.11/site-packages/airflow/example_dags/example_bash_operator.py
[2024-06-14T10:32:58.060+0200] {logging_mixin.py:188} INFO - [2024-06-14T10:32:58.059+0200] {dag.py:3096} INFO - Sync 1 DAGs
[2024-06-14T10:32:58.067+0200] {logging_mixin.py:188} INFO - [2024-06-14T10:32:58.067+0200] {dag.py:3954} INFO - Setting next_dagrun for example_bash_operator to 2024-06-13 00:00:00+00:00, run_after=2024-06-14 00:00:00+00:00
[2024-06-14T10:32:58.075+0200] {processor.py:183} INFO - Processing /Users/noejalabert/airflow_venv/lib/python3.11/site-packages/airflow/example_dags/example_bash_operator.py took 0.072 seconds
