[2024-06-14T09:59:55.824+0200] {processor.py:161} INFO - Started process (PID=22300) to work on /Users/noejalabert/airflow_venv/lib/python3.11/site-packages/airflow/example_dags/example_trigger_target_dag.py
[2024-06-14T09:59:55.824+0200] {processor.py:830} INFO - Processing file /Users/noejalabert/airflow_venv/lib/python3.11/site-packages/airflow/example_dags/example_trigger_target_dag.py for tasks to queue
[2024-06-14T09:59:55.824+0200] {logging_mixin.py:188} INFO - [2024-06-14T09:59:55.824+0200] {dagbag.py:540} INFO - Filling up the DagBag from /Users/noejalabert/airflow_venv/lib/python3.11/site-packages/airflow/example_dags/example_trigger_target_dag.py
[2024-06-14T09:59:55.841+0200] {processor.py:840} INFO - DAG(s) 'example_trigger_target_dag' retrieved from /Users/noejalabert/airflow_venv/lib/python3.11/site-packages/airflow/example_dags/example_trigger_target_dag.py
[2024-06-14T09:59:55.852+0200] {logging_mixin.py:188} INFO - [2024-06-14T09:59:55.851+0200] {dag.py:3096} INFO - Sync 1 DAGs
[2024-06-14T09:59:55.887+0200] {logging_mixin.py:188} INFO - [2024-06-14T09:59:55.886+0200] {dag.py:3954} INFO - Setting next_dagrun for example_trigger_target_dag to None, run_after=None
[2024-06-14T09:59:55.894+0200] {processor.py:183} INFO - Processing /Users/noejalabert/airflow_venv/lib/python3.11/site-packages/airflow/example_dags/example_trigger_target_dag.py took 0.072 seconds
[2024-06-14T10:01:32.733+0200] {processor.py:161} INFO - Started process (PID=22436) to work on /Users/noejalabert/airflow_venv/lib/python3.11/site-packages/airflow/example_dags/example_trigger_target_dag.py
[2024-06-14T10:01:32.734+0200] {processor.py:830} INFO - Processing file /Users/noejalabert/airflow_venv/lib/python3.11/site-packages/airflow/example_dags/example_trigger_target_dag.py for tasks to queue
[2024-06-14T10:01:32.734+0200] {logging_mixin.py:188} INFO - [2024-06-14T10:01:32.734+0200] {dagbag.py:540} INFO - Filling up the DagBag from /Users/noejalabert/airflow_venv/lib/python3.11/site-packages/airflow/example_dags/example_trigger_target_dag.py
[2024-06-14T10:01:32.750+0200] {processor.py:840} INFO - DAG(s) 'example_trigger_target_dag' retrieved from /Users/noejalabert/airflow_venv/lib/python3.11/site-packages/airflow/example_dags/example_trigger_target_dag.py
[2024-06-14T10:01:32.831+0200] {logging_mixin.py:188} INFO - [2024-06-14T10:01:32.831+0200] {dag.py:3096} INFO - Sync 1 DAGs
[2024-06-14T10:01:32.860+0200] {logging_mixin.py:188} INFO - [2024-06-14T10:01:32.859+0200] {dag.py:3954} INFO - Setting next_dagrun for example_trigger_target_dag to None, run_after=None
[2024-06-14T10:01:32.867+0200] {processor.py:183} INFO - Processing /Users/noejalabert/airflow_venv/lib/python3.11/site-packages/airflow/example_dags/example_trigger_target_dag.py took 0.135 seconds
[2024-06-14T10:02:56.745+0200] {processor.py:161} INFO - Started process (PID=22516) to work on /Users/noejalabert/airflow_venv/lib/python3.11/site-packages/airflow/example_dags/example_trigger_target_dag.py
[2024-06-14T10:02:56.745+0200] {processor.py:830} INFO - Processing file /Users/noejalabert/airflow_venv/lib/python3.11/site-packages/airflow/example_dags/example_trigger_target_dag.py for tasks to queue
[2024-06-14T10:02:56.746+0200] {logging_mixin.py:188} INFO - [2024-06-14T10:02:56.746+0200] {dagbag.py:540} INFO - Filling up the DagBag from /Users/noejalabert/airflow_venv/lib/python3.11/site-packages/airflow/example_dags/example_trigger_target_dag.py
[2024-06-14T10:02:56.762+0200] {processor.py:840} INFO - DAG(s) 'example_trigger_target_dag' retrieved from /Users/noejalabert/airflow_venv/lib/python3.11/site-packages/airflow/example_dags/example_trigger_target_dag.py
[2024-06-14T10:02:56.808+0200] {logging_mixin.py:188} INFO - [2024-06-14T10:02:56.808+0200] {dag.py:3096} INFO - Sync 1 DAGs
[2024-06-14T10:02:56.813+0200] {logging_mixin.py:188} INFO - [2024-06-14T10:02:56.813+0200] {dag.py:3954} INFO - Setting next_dagrun for example_trigger_target_dag to None, run_after=None
[2024-06-14T10:02:56.821+0200] {processor.py:183} INFO - Processing /Users/noejalabert/airflow_venv/lib/python3.11/site-packages/airflow/example_dags/example_trigger_target_dag.py took 0.077 seconds
[2024-06-14T10:04:34.875+0200] {processor.py:161} INFO - Started process (PID=22696) to work on /Users/noejalabert/airflow_venv/lib/python3.11/site-packages/airflow/example_dags/example_trigger_target_dag.py
[2024-06-14T10:04:34.876+0200] {processor.py:830} INFO - Processing file /Users/noejalabert/airflow_venv/lib/python3.11/site-packages/airflow/example_dags/example_trigger_target_dag.py for tasks to queue
[2024-06-14T10:04:34.877+0200] {logging_mixin.py:188} INFO - [2024-06-14T10:04:34.877+0200] {dagbag.py:540} INFO - Filling up the DagBag from /Users/noejalabert/airflow_venv/lib/python3.11/site-packages/airflow/example_dags/example_trigger_target_dag.py
[2024-06-14T10:04:34.897+0200] {processor.py:840} INFO - DAG(s) 'example_trigger_target_dag' retrieved from /Users/noejalabert/airflow_venv/lib/python3.11/site-packages/airflow/example_dags/example_trigger_target_dag.py
[2024-06-14T10:04:34.950+0200] {logging_mixin.py:188} INFO - [2024-06-14T10:04:34.950+0200] {dag.py:3096} INFO - Sync 1 DAGs
[2024-06-14T10:04:34.966+0200] {logging_mixin.py:188} INFO - [2024-06-14T10:04:34.966+0200] {dag.py:3954} INFO - Setting next_dagrun for example_trigger_target_dag to None, run_after=None
[2024-06-14T10:04:34.990+0200] {processor.py:183} INFO - Processing /Users/noejalabert/airflow_venv/lib/python3.11/site-packages/airflow/example_dags/example_trigger_target_dag.py took 0.116 seconds
[2024-06-14T10:17:39.602+0200] {processor.py:161} INFO - Started process (PID=1588) to work on /Users/noejalabert/airflow_venv/lib/python3.11/site-packages/airflow/example_dags/example_trigger_target_dag.py
[2024-06-14T10:17:39.603+0200] {processor.py:830} INFO - Processing file /Users/noejalabert/airflow_venv/lib/python3.11/site-packages/airflow/example_dags/example_trigger_target_dag.py for tasks to queue
[2024-06-14T10:17:39.604+0200] {logging_mixin.py:188} INFO - [2024-06-14T10:17:39.603+0200] {dagbag.py:540} INFO - Filling up the DagBag from /Users/noejalabert/airflow_venv/lib/python3.11/site-packages/airflow/example_dags/example_trigger_target_dag.py
[2024-06-14T10:17:39.619+0200] {processor.py:840} INFO - DAG(s) 'example_trigger_target_dag' retrieved from /Users/noejalabert/airflow_venv/lib/python3.11/site-packages/airflow/example_dags/example_trigger_target_dag.py
[2024-06-14T10:17:39.630+0200] {logging_mixin.py:188} INFO - [2024-06-14T10:17:39.630+0200] {dag.py:3096} INFO - Sync 1 DAGs
[2024-06-14T10:17:39.664+0200] {logging_mixin.py:188} INFO - [2024-06-14T10:17:39.664+0200] {dag.py:3954} INFO - Setting next_dagrun for example_trigger_target_dag to None, run_after=None
[2024-06-14T10:17:39.672+0200] {processor.py:183} INFO - Processing /Users/noejalabert/airflow_venv/lib/python3.11/site-packages/airflow/example_dags/example_trigger_target_dag.py took 0.071 seconds
[2024-06-14T10:19:24.468+0200] {processor.py:161} INFO - Started process (PID=1694) to work on /Users/noejalabert/airflow_venv/lib/python3.11/site-packages/airflow/example_dags/example_trigger_target_dag.py
[2024-06-14T10:19:24.469+0200] {processor.py:830} INFO - Processing file /Users/noejalabert/airflow_venv/lib/python3.11/site-packages/airflow/example_dags/example_trigger_target_dag.py for tasks to queue
[2024-06-14T10:19:24.469+0200] {logging_mixin.py:188} INFO - [2024-06-14T10:19:24.469+0200] {dagbag.py:540} INFO - Filling up the DagBag from /Users/noejalabert/airflow_venv/lib/python3.11/site-packages/airflow/example_dags/example_trigger_target_dag.py
[2024-06-14T10:19:24.485+0200] {processor.py:840} INFO - DAG(s) 'example_trigger_target_dag' retrieved from /Users/noejalabert/airflow_venv/lib/python3.11/site-packages/airflow/example_dags/example_trigger_target_dag.py
[2024-06-14T10:19:24.565+0200] {logging_mixin.py:188} INFO - [2024-06-14T10:19:24.565+0200] {dag.py:3096} INFO - Sync 1 DAGs
[2024-06-14T10:19:24.595+0200] {logging_mixin.py:188} INFO - [2024-06-14T10:19:24.594+0200] {dag.py:3954} INFO - Setting next_dagrun for example_trigger_target_dag to None, run_after=None
[2024-06-14T10:19:24.603+0200] {processor.py:183} INFO - Processing /Users/noejalabert/airflow_venv/lib/python3.11/site-packages/airflow/example_dags/example_trigger_target_dag.py took 0.136 seconds
[2024-06-14T10:20:50.217+0200] {processor.py:161} INFO - Started process (PID=1799) to work on /Users/noejalabert/airflow_venv/lib/python3.11/site-packages/airflow/example_dags/example_trigger_target_dag.py
[2024-06-14T10:20:50.218+0200] {processor.py:830} INFO - Processing file /Users/noejalabert/airflow_venv/lib/python3.11/site-packages/airflow/example_dags/example_trigger_target_dag.py for tasks to queue
[2024-06-14T10:20:50.218+0200] {logging_mixin.py:188} INFO - [2024-06-14T10:20:50.218+0200] {dagbag.py:540} INFO - Filling up the DagBag from /Users/noejalabert/airflow_venv/lib/python3.11/site-packages/airflow/example_dags/example_trigger_target_dag.py
[2024-06-14T10:20:50.235+0200] {processor.py:840} INFO - DAG(s) 'example_trigger_target_dag' retrieved from /Users/noejalabert/airflow_venv/lib/python3.11/site-packages/airflow/example_dags/example_trigger_target_dag.py
[2024-06-14T10:20:50.283+0200] {logging_mixin.py:188} INFO - [2024-06-14T10:20:50.283+0200] {dag.py:3096} INFO - Sync 1 DAGs
[2024-06-14T10:20:50.287+0200] {logging_mixin.py:188} INFO - [2024-06-14T10:20:50.287+0200] {dag.py:3954} INFO - Setting next_dagrun for example_trigger_target_dag to None, run_after=None
[2024-06-14T10:20:50.295+0200] {processor.py:183} INFO - Processing /Users/noejalabert/airflow_venv/lib/python3.11/site-packages/airflow/example_dags/example_trigger_target_dag.py took 0.080 seconds
[2024-06-14T10:22:13.502+0200] {processor.py:161} INFO - Started process (PID=1965) to work on /Users/noejalabert/airflow_venv/lib/python3.11/site-packages/airflow/example_dags/example_trigger_target_dag.py
[2024-06-14T10:22:13.502+0200] {processor.py:830} INFO - Processing file /Users/noejalabert/airflow_venv/lib/python3.11/site-packages/airflow/example_dags/example_trigger_target_dag.py for tasks to queue
[2024-06-14T10:22:13.503+0200] {logging_mixin.py:188} INFO - [2024-06-14T10:22:13.503+0200] {dagbag.py:540} INFO - Filling up the DagBag from /Users/noejalabert/airflow_venv/lib/python3.11/site-packages/airflow/example_dags/example_trigger_target_dag.py
[2024-06-14T10:22:13.519+0200] {processor.py:840} INFO - DAG(s) 'example_trigger_target_dag' retrieved from /Users/noejalabert/airflow_venv/lib/python3.11/site-packages/airflow/example_dags/example_trigger_target_dag.py
[2024-06-14T10:22:13.564+0200] {logging_mixin.py:188} INFO - [2024-06-14T10:22:13.564+0200] {dag.py:3096} INFO - Sync 1 DAGs
[2024-06-14T10:22:13.568+0200] {logging_mixin.py:188} INFO - [2024-06-14T10:22:13.568+0200] {dag.py:3954} INFO - Setting next_dagrun for example_trigger_target_dag to None, run_after=None
[2024-06-14T10:22:13.576+0200] {processor.py:183} INFO - Processing /Users/noejalabert/airflow_venv/lib/python3.11/site-packages/airflow/example_dags/example_trigger_target_dag.py took 0.075 seconds
[2024-06-14T10:23:37.709+0200] {processor.py:161} INFO - Started process (PID=2047) to work on /Users/noejalabert/airflow_venv/lib/python3.11/site-packages/airflow/example_dags/example_trigger_target_dag.py
[2024-06-14T10:23:37.709+0200] {processor.py:830} INFO - Processing file /Users/noejalabert/airflow_venv/lib/python3.11/site-packages/airflow/example_dags/example_trigger_target_dag.py for tasks to queue
[2024-06-14T10:23:37.710+0200] {logging_mixin.py:188} INFO - [2024-06-14T10:23:37.709+0200] {dagbag.py:540} INFO - Filling up the DagBag from /Users/noejalabert/airflow_venv/lib/python3.11/site-packages/airflow/example_dags/example_trigger_target_dag.py
[2024-06-14T10:23:37.725+0200] {processor.py:840} INFO - DAG(s) 'example_trigger_target_dag' retrieved from /Users/noejalabert/airflow_venv/lib/python3.11/site-packages/airflow/example_dags/example_trigger_target_dag.py
[2024-06-14T10:23:37.771+0200] {logging_mixin.py:188} INFO - [2024-06-14T10:23:37.771+0200] {dag.py:3096} INFO - Sync 1 DAGs
[2024-06-14T10:23:37.775+0200] {logging_mixin.py:188} INFO - [2024-06-14T10:23:37.775+0200] {dag.py:3954} INFO - Setting next_dagrun for example_trigger_target_dag to None, run_after=None
[2024-06-14T10:23:37.783+0200] {processor.py:183} INFO - Processing /Users/noejalabert/airflow_venv/lib/python3.11/site-packages/airflow/example_dags/example_trigger_target_dag.py took 0.075 seconds
[2024-06-14T10:25:00.281+0200] {processor.py:161} INFO - Started process (PID=2139) to work on /Users/noejalabert/airflow_venv/lib/python3.11/site-packages/airflow/example_dags/example_trigger_target_dag.py
[2024-06-14T10:25:00.281+0200] {processor.py:830} INFO - Processing file /Users/noejalabert/airflow_venv/lib/python3.11/site-packages/airflow/example_dags/example_trigger_target_dag.py for tasks to queue
[2024-06-14T10:25:00.282+0200] {logging_mixin.py:188} INFO - [2024-06-14T10:25:00.281+0200] {dagbag.py:540} INFO - Filling up the DagBag from /Users/noejalabert/airflow_venv/lib/python3.11/site-packages/airflow/example_dags/example_trigger_target_dag.py
[2024-06-14T10:25:00.297+0200] {processor.py:840} INFO - DAG(s) 'example_trigger_target_dag' retrieved from /Users/noejalabert/airflow_venv/lib/python3.11/site-packages/airflow/example_dags/example_trigger_target_dag.py
[2024-06-14T10:25:00.342+0200] {logging_mixin.py:188} INFO - [2024-06-14T10:25:00.342+0200] {dag.py:3096} INFO - Sync 1 DAGs
[2024-06-14T10:25:00.346+0200] {logging_mixin.py:188} INFO - [2024-06-14T10:25:00.346+0200] {dag.py:3954} INFO - Setting next_dagrun for example_trigger_target_dag to None, run_after=None
[2024-06-14T10:25:00.354+0200] {processor.py:183} INFO - Processing /Users/noejalabert/airflow_venv/lib/python3.11/site-packages/airflow/example_dags/example_trigger_target_dag.py took 0.074 seconds
[2024-06-14T10:26:26.118+0200] {processor.py:161} INFO - Started process (PID=2230) to work on /Users/noejalabert/airflow_venv/lib/python3.11/site-packages/airflow/example_dags/example_trigger_target_dag.py
[2024-06-14T10:26:26.119+0200] {processor.py:830} INFO - Processing file /Users/noejalabert/airflow_venv/lib/python3.11/site-packages/airflow/example_dags/example_trigger_target_dag.py for tasks to queue
[2024-06-14T10:26:26.119+0200] {logging_mixin.py:188} INFO - [2024-06-14T10:26:26.119+0200] {dagbag.py:540} INFO - Filling up the DagBag from /Users/noejalabert/airflow_venv/lib/python3.11/site-packages/airflow/example_dags/example_trigger_target_dag.py
[2024-06-14T10:26:26.135+0200] {processor.py:840} INFO - DAG(s) 'example_trigger_target_dag' retrieved from /Users/noejalabert/airflow_venv/lib/python3.11/site-packages/airflow/example_dags/example_trigger_target_dag.py
[2024-06-14T10:26:26.181+0200] {logging_mixin.py:188} INFO - [2024-06-14T10:26:26.181+0200] {dag.py:3096} INFO - Sync 1 DAGs
[2024-06-14T10:26:26.186+0200] {logging_mixin.py:188} INFO - [2024-06-14T10:26:26.186+0200] {dag.py:3954} INFO - Setting next_dagrun for example_trigger_target_dag to None, run_after=None
[2024-06-14T10:26:26.195+0200] {processor.py:183} INFO - Processing /Users/noejalabert/airflow_venv/lib/python3.11/site-packages/airflow/example_dags/example_trigger_target_dag.py took 0.078 seconds
[2024-06-14T10:27:51.576+0200] {processor.py:161} INFO - Started process (PID=2311) to work on /Users/noejalabert/airflow_venv/lib/python3.11/site-packages/airflow/example_dags/example_trigger_target_dag.py
[2024-06-14T10:27:51.576+0200] {processor.py:830} INFO - Processing file /Users/noejalabert/airflow_venv/lib/python3.11/site-packages/airflow/example_dags/example_trigger_target_dag.py for tasks to queue
[2024-06-14T10:27:51.576+0200] {logging_mixin.py:188} INFO - [2024-06-14T10:27:51.576+0200] {dagbag.py:540} INFO - Filling up the DagBag from /Users/noejalabert/airflow_venv/lib/python3.11/site-packages/airflow/example_dags/example_trigger_target_dag.py
[2024-06-14T10:27:51.592+0200] {processor.py:840} INFO - DAG(s) 'example_trigger_target_dag' retrieved from /Users/noejalabert/airflow_venv/lib/python3.11/site-packages/airflow/example_dags/example_trigger_target_dag.py
[2024-06-14T10:27:51.637+0200] {logging_mixin.py:188} INFO - [2024-06-14T10:27:51.637+0200] {dag.py:3096} INFO - Sync 1 DAGs
[2024-06-14T10:27:51.641+0200] {logging_mixin.py:188} INFO - [2024-06-14T10:27:51.641+0200] {dag.py:3954} INFO - Setting next_dagrun for example_trigger_target_dag to None, run_after=None
[2024-06-14T10:27:51.649+0200] {processor.py:183} INFO - Processing /Users/noejalabert/airflow_venv/lib/python3.11/site-packages/airflow/example_dags/example_trigger_target_dag.py took 0.075 seconds
[2024-06-14T10:29:13.067+0200] {processor.py:161} INFO - Started process (PID=2397) to work on /Users/noejalabert/airflow_venv/lib/python3.11/site-packages/airflow/example_dags/example_trigger_target_dag.py
[2024-06-14T10:29:13.067+0200] {processor.py:830} INFO - Processing file /Users/noejalabert/airflow_venv/lib/python3.11/site-packages/airflow/example_dags/example_trigger_target_dag.py for tasks to queue
[2024-06-14T10:29:13.068+0200] {logging_mixin.py:188} INFO - [2024-06-14T10:29:13.068+0200] {dagbag.py:540} INFO - Filling up the DagBag from /Users/noejalabert/airflow_venv/lib/python3.11/site-packages/airflow/example_dags/example_trigger_target_dag.py
[2024-06-14T10:29:13.083+0200] {processor.py:840} INFO - DAG(s) 'example_trigger_target_dag' retrieved from /Users/noejalabert/airflow_venv/lib/python3.11/site-packages/airflow/example_dags/example_trigger_target_dag.py
[2024-06-14T10:29:13.128+0200] {logging_mixin.py:188} INFO - [2024-06-14T10:29:13.128+0200] {dag.py:3096} INFO - Sync 1 DAGs
[2024-06-14T10:29:13.132+0200] {logging_mixin.py:188} INFO - [2024-06-14T10:29:13.132+0200] {dag.py:3954} INFO - Setting next_dagrun for example_trigger_target_dag to None, run_after=None
[2024-06-14T10:29:13.140+0200] {processor.py:183} INFO - Processing /Users/noejalabert/airflow_venv/lib/python3.11/site-packages/airflow/example_dags/example_trigger_target_dag.py took 0.074 seconds
[2024-06-14T10:30:35.509+0200] {processor.py:161} INFO - Started process (PID=2482) to work on /Users/noejalabert/airflow_venv/lib/python3.11/site-packages/airflow/example_dags/example_trigger_target_dag.py
[2024-06-14T10:30:35.510+0200] {processor.py:830} INFO - Processing file /Users/noejalabert/airflow_venv/lib/python3.11/site-packages/airflow/example_dags/example_trigger_target_dag.py for tasks to queue
[2024-06-14T10:30:35.510+0200] {logging_mixin.py:188} INFO - [2024-06-14T10:30:35.510+0200] {dagbag.py:540} INFO - Filling up the DagBag from /Users/noejalabert/airflow_venv/lib/python3.11/site-packages/airflow/example_dags/example_trigger_target_dag.py
[2024-06-14T10:30:35.528+0200] {processor.py:840} INFO - DAG(s) 'example_trigger_target_dag' retrieved from /Users/noejalabert/airflow_venv/lib/python3.11/site-packages/airflow/example_dags/example_trigger_target_dag.py
[2024-06-14T10:30:35.581+0200] {logging_mixin.py:188} INFO - [2024-06-14T10:30:35.581+0200] {dag.py:3096} INFO - Sync 1 DAGs
[2024-06-14T10:30:35.585+0200] {logging_mixin.py:188} INFO - [2024-06-14T10:30:35.585+0200] {dag.py:3954} INFO - Setting next_dagrun for example_trigger_target_dag to None, run_after=None
[2024-06-14T10:30:35.593+0200] {processor.py:183} INFO - Processing /Users/noejalabert/airflow_venv/lib/python3.11/site-packages/airflow/example_dags/example_trigger_target_dag.py took 0.086 seconds
[2024-06-14T10:32:01.474+0200] {processor.py:161} INFO - Started process (PID=2563) to work on /Users/noejalabert/airflow_venv/lib/python3.11/site-packages/airflow/example_dags/example_trigger_target_dag.py
[2024-06-14T10:32:01.474+0200] {processor.py:830} INFO - Processing file /Users/noejalabert/airflow_venv/lib/python3.11/site-packages/airflow/example_dags/example_trigger_target_dag.py for tasks to queue
[2024-06-14T10:32:01.474+0200] {logging_mixin.py:188} INFO - [2024-06-14T10:32:01.474+0200] {dagbag.py:540} INFO - Filling up the DagBag from /Users/noejalabert/airflow_venv/lib/python3.11/site-packages/airflow/example_dags/example_trigger_target_dag.py
[2024-06-14T10:32:01.490+0200] {processor.py:840} INFO - DAG(s) 'example_trigger_target_dag' retrieved from /Users/noejalabert/airflow_venv/lib/python3.11/site-packages/airflow/example_dags/example_trigger_target_dag.py
[2024-06-14T10:32:01.536+0200] {logging_mixin.py:188} INFO - [2024-06-14T10:32:01.536+0200] {dag.py:3096} INFO - Sync 1 DAGs
[2024-06-14T10:32:01.540+0200] {logging_mixin.py:188} INFO - [2024-06-14T10:32:01.540+0200] {dag.py:3954} INFO - Setting next_dagrun for example_trigger_target_dag to None, run_after=None
[2024-06-14T10:32:01.547+0200] {processor.py:183} INFO - Processing /Users/noejalabert/airflow_venv/lib/python3.11/site-packages/airflow/example_dags/example_trigger_target_dag.py took 0.075 seconds
[2024-06-14T10:33:22.322+0200] {processor.py:161} INFO - Started process (PID=2755) to work on /Users/noejalabert/airflow_venv/lib/python3.11/site-packages/airflow/example_dags/example_trigger_target_dag.py
[2024-06-14T10:33:22.323+0200] {processor.py:830} INFO - Processing file /Users/noejalabert/airflow_venv/lib/python3.11/site-packages/airflow/example_dags/example_trigger_target_dag.py for tasks to queue
[2024-06-14T10:33:22.323+0200] {logging_mixin.py:188} INFO - [2024-06-14T10:33:22.323+0200] {dagbag.py:540} INFO - Filling up the DagBag from /Users/noejalabert/airflow_venv/lib/python3.11/site-packages/airflow/example_dags/example_trigger_target_dag.py
[2024-06-14T10:33:22.339+0200] {processor.py:840} INFO - DAG(s) 'example_trigger_target_dag' retrieved from /Users/noejalabert/airflow_venv/lib/python3.11/site-packages/airflow/example_dags/example_trigger_target_dag.py
[2024-06-14T10:33:22.384+0200] {logging_mixin.py:188} INFO - [2024-06-14T10:33:22.384+0200] {dag.py:3096} INFO - Sync 1 DAGs
[2024-06-14T10:33:22.388+0200] {logging_mixin.py:188} INFO - [2024-06-14T10:33:22.388+0200] {dag.py:3954} INFO - Setting next_dagrun for example_trigger_target_dag to None, run_after=None
[2024-06-14T10:33:22.395+0200] {processor.py:183} INFO - Processing /Users/noejalabert/airflow_venv/lib/python3.11/site-packages/airflow/example_dags/example_trigger_target_dag.py took 0.074 seconds
