[2024-06-14T10:00:57.931+0200] {processor.py:161} INFO - Started process (PID=22387) to work on /Users/noejalabert/airflow_venv/lib/python3.11/site-packages/airflow/example_dags/example_branch_operator.py
[2024-06-14T10:00:57.931+0200] {processor.py:830} INFO - Processing file /Users/noejalabert/airflow_venv/lib/python3.11/site-packages/airflow/example_dags/example_branch_operator.py for tasks to queue
[2024-06-14T10:00:57.932+0200] {logging_mixin.py:188} INFO - [2024-06-14T10:00:57.931+0200] {dagbag.py:540} INFO - Filling up the DagBag from /Users/noejalabert/airflow_venv/lib/python3.11/site-packages/airflow/example_dags/example_branch_operator.py
[2024-06-14T10:00:57.942+0200] {processor.py:842} WARNING - No viable dags retrieved from /Users/noejalabert/airflow_venv/lib/python3.11/site-packages/airflow/example_dags/example_branch_operator.py
[2024-06-14T10:00:57.977+0200] {processor.py:183} INFO - Processing /Users/noejalabert/airflow_venv/lib/python3.11/site-packages/airflow/example_dags/example_branch_operator.py took 0.047 seconds
[2024-06-14T10:02:27.844+0200] {processor.py:161} INFO - Started process (PID=22493) to work on /Users/noejalabert/airflow_venv/lib/python3.11/site-packages/airflow/example_dags/example_branch_operator.py
[2024-06-14T10:02:27.846+0200] {processor.py:830} INFO - Processing file /Users/noejalabert/airflow_venv/lib/python3.11/site-packages/airflow/example_dags/example_branch_operator.py for tasks to queue
[2024-06-14T10:02:27.846+0200] {logging_mixin.py:188} INFO - [2024-06-14T10:02:27.846+0200] {dagbag.py:540} INFO - Filling up the DagBag from /Users/noejalabert/airflow_venv/lib/python3.11/site-packages/airflow/example_dags/example_branch_operator.py
[2024-06-14T10:02:27.856+0200] {processor.py:842} WARNING - No viable dags retrieved from /Users/noejalabert/airflow_venv/lib/python3.11/site-packages/airflow/example_dags/example_branch_operator.py
[2024-06-14T10:02:27.889+0200] {processor.py:183} INFO - Processing /Users/noejalabert/airflow_venv/lib/python3.11/site-packages/airflow/example_dags/example_branch_operator.py took 0.046 seconds
[2024-06-14T10:18:49.912+0200] {processor.py:161} INFO - Started process (PID=1665) to work on /Users/noejalabert/airflow_venv/lib/python3.11/site-packages/airflow/example_dags/example_branch_operator.py
[2024-06-14T10:18:49.913+0200] {processor.py:830} INFO - Processing file /Users/noejalabert/airflow_venv/lib/python3.11/site-packages/airflow/example_dags/example_branch_operator.py for tasks to queue
[2024-06-14T10:18:49.913+0200] {logging_mixin.py:188} INFO - [2024-06-14T10:18:49.913+0200] {dagbag.py:540} INFO - Filling up the DagBag from /Users/noejalabert/airflow_venv/lib/python3.11/site-packages/airflow/example_dags/example_branch_operator.py
[2024-06-14T10:18:49.923+0200] {processor.py:842} WARNING - No viable dags retrieved from /Users/noejalabert/airflow_venv/lib/python3.11/site-packages/airflow/example_dags/example_branch_operator.py
[2024-06-14T10:18:49.958+0200] {processor.py:183} INFO - Processing /Users/noejalabert/airflow_venv/lib/python3.11/site-packages/airflow/example_dags/example_branch_operator.py took 0.047 seconds
[2024-06-14T10:20:20.822+0200] {processor.py:161} INFO - Started process (PID=1752) to work on /Users/noejalabert/airflow_venv/lib/python3.11/site-packages/airflow/example_dags/example_branch_operator.py
[2024-06-14T10:20:20.823+0200] {processor.py:830} INFO - Processing file /Users/noejalabert/airflow_venv/lib/python3.11/site-packages/airflow/example_dags/example_branch_operator.py for tasks to queue
[2024-06-14T10:20:20.823+0200] {logging_mixin.py:188} INFO - [2024-06-14T10:20:20.823+0200] {dagbag.py:540} INFO - Filling up the DagBag from /Users/noejalabert/airflow_venv/lib/python3.11/site-packages/airflow/example_dags/example_branch_operator.py
[2024-06-14T10:20:20.833+0200] {processor.py:842} WARNING - No viable dags retrieved from /Users/noejalabert/airflow_venv/lib/python3.11/site-packages/airflow/example_dags/example_branch_operator.py
[2024-06-14T10:20:20.868+0200] {processor.py:183} INFO - Processing /Users/noejalabert/airflow_venv/lib/python3.11/site-packages/airflow/example_dags/example_branch_operator.py took 0.047 seconds
[2024-06-14T10:23:09.114+0200] {processor.py:161} INFO - Started process (PID=2022) to work on /Users/noejalabert/airflow_venv/lib/python3.11/site-packages/airflow/example_dags/example_branch_operator.py
[2024-06-14T10:23:09.115+0200] {processor.py:830} INFO - Processing file /Users/noejalabert/airflow_venv/lib/python3.11/site-packages/airflow/example_dags/example_branch_operator.py for tasks to queue
[2024-06-14T10:23:09.115+0200] {logging_mixin.py:188} INFO - [2024-06-14T10:23:09.115+0200] {dagbag.py:540} INFO - Filling up the DagBag from /Users/noejalabert/airflow_venv/lib/python3.11/site-packages/airflow/example_dags/example_branch_operator.py
[2024-06-14T10:23:09.125+0200] {processor.py:842} WARNING - No viable dags retrieved from /Users/noejalabert/airflow_venv/lib/python3.11/site-packages/airflow/example_dags/example_branch_operator.py
[2024-06-14T10:23:09.161+0200] {processor.py:183} INFO - Processing /Users/noejalabert/airflow_venv/lib/python3.11/site-packages/airflow/example_dags/example_branch_operator.py took 0.049 seconds
[2024-06-14T10:25:57.657+0200] {processor.py:161} INFO - Started process (PID=2187) to work on /Users/noejalabert/airflow_venv/lib/python3.11/site-packages/airflow/example_dags/example_branch_operator.py
[2024-06-14T10:25:57.658+0200] {processor.py:830} INFO - Processing file /Users/noejalabert/airflow_venv/lib/python3.11/site-packages/airflow/example_dags/example_branch_operator.py for tasks to queue
[2024-06-14T10:25:57.658+0200] {logging_mixin.py:188} INFO - [2024-06-14T10:25:57.658+0200] {dagbag.py:540} INFO - Filling up the DagBag from /Users/noejalabert/airflow_venv/lib/python3.11/site-packages/airflow/example_dags/example_branch_operator.py
[2024-06-14T10:25:57.668+0200] {processor.py:842} WARNING - No viable dags retrieved from /Users/noejalabert/airflow_venv/lib/python3.11/site-packages/airflow/example_dags/example_branch_operator.py
[2024-06-14T10:25:57.701+0200] {processor.py:183} INFO - Processing /Users/noejalabert/airflow_venv/lib/python3.11/site-packages/airflow/example_dags/example_branch_operator.py took 0.045 seconds
[2024-06-14T10:28:44.264+0200] {processor.py:161} INFO - Started process (PID=2372) to work on /Users/noejalabert/airflow_venv/lib/python3.11/site-packages/airflow/example_dags/example_branch_operator.py
[2024-06-14T10:28:44.265+0200] {processor.py:830} INFO - Processing file /Users/noejalabert/airflow_venv/lib/python3.11/site-packages/airflow/example_dags/example_branch_operator.py for tasks to queue
[2024-06-14T10:28:44.265+0200] {logging_mixin.py:188} INFO - [2024-06-14T10:28:44.265+0200] {dagbag.py:540} INFO - Filling up the DagBag from /Users/noejalabert/airflow_venv/lib/python3.11/site-packages/airflow/example_dags/example_branch_operator.py
[2024-06-14T10:28:44.275+0200] {processor.py:842} WARNING - No viable dags retrieved from /Users/noejalabert/airflow_venv/lib/python3.11/site-packages/airflow/example_dags/example_branch_operator.py
[2024-06-14T10:28:44.308+0200] {processor.py:183} INFO - Processing /Users/noejalabert/airflow_venv/lib/python3.11/site-packages/airflow/example_dags/example_branch_operator.py took 0.045 seconds
[2024-06-14T10:31:32.989+0200] {processor.py:161} INFO - Started process (PID=2538) to work on /Users/noejalabert/airflow_venv/lib/python3.11/site-packages/airflow/example_dags/example_branch_operator.py
[2024-06-14T10:31:32.989+0200] {processor.py:830} INFO - Processing file /Users/noejalabert/airflow_venv/lib/python3.11/site-packages/airflow/example_dags/example_branch_operator.py for tasks to queue
[2024-06-14T10:31:32.989+0200] {logging_mixin.py:188} INFO - [2024-06-14T10:31:32.989+0200] {dagbag.py:540} INFO - Filling up the DagBag from /Users/noejalabert/airflow_venv/lib/python3.11/site-packages/airflow/example_dags/example_branch_operator.py
[2024-06-14T10:31:32.999+0200] {processor.py:842} WARNING - No viable dags retrieved from /Users/noejalabert/airflow_venv/lib/python3.11/site-packages/airflow/example_dags/example_branch_operator.py
[2024-06-14T10:31:33.032+0200] {processor.py:183} INFO - Processing /Users/noejalabert/airflow_venv/lib/python3.11/site-packages/airflow/example_dags/example_branch_operator.py took 0.045 seconds
[2024-06-14T10:34:19.349+0200] {processor.py:161} INFO - Started process (PID=2829) to work on /Users/noejalabert/airflow_venv/lib/python3.11/site-packages/airflow/example_dags/example_branch_operator.py
[2024-06-14T10:34:19.350+0200] {processor.py:830} INFO - Processing file /Users/noejalabert/airflow_venv/lib/python3.11/site-packages/airflow/example_dags/example_branch_operator.py for tasks to queue
[2024-06-14T10:34:19.350+0200] {logging_mixin.py:188} INFO - [2024-06-14T10:34:19.350+0200] {dagbag.py:540} INFO - Filling up the DagBag from /Users/noejalabert/airflow_venv/lib/python3.11/site-packages/airflow/example_dags/example_branch_operator.py
[2024-06-14T10:34:19.360+0200] {processor.py:842} WARNING - No viable dags retrieved from /Users/noejalabert/airflow_venv/lib/python3.11/site-packages/airflow/example_dags/example_branch_operator.py
[2024-06-14T10:34:19.393+0200] {processor.py:183} INFO - Processing /Users/noejalabert/airflow_venv/lib/python3.11/site-packages/airflow/example_dags/example_branch_operator.py took 0.045 seconds
[2024-06-14T15:37:02.083+0200] {processor.py:161} INFO - Started process (PID=10002) to work on /Users/noejalabert/airflow_venv/lib/python3.11/site-packages/airflow/example_dags/example_branch_operator.py
[2024-06-14T15:37:02.084+0200] {processor.py:830} INFO - Processing file /Users/noejalabert/airflow_venv/lib/python3.11/site-packages/airflow/example_dags/example_branch_operator.py for tasks to queue
[2024-06-14T15:37:02.084+0200] {logging_mixin.py:188} INFO - [2024-06-14T15:37:02.084+0200] {dagbag.py:540} INFO - Filling up the DagBag from /Users/noejalabert/airflow_venv/lib/python3.11/site-packages/airflow/example_dags/example_branch_operator.py
[2024-06-14T15:37:02.094+0200] {processor.py:842} WARNING - No viable dags retrieved from /Users/noejalabert/airflow_venv/lib/python3.11/site-packages/airflow/example_dags/example_branch_operator.py
[2024-06-14T15:37:02.127+0200] {processor.py:183} INFO - Processing /Users/noejalabert/airflow_venv/lib/python3.11/site-packages/airflow/example_dags/example_branch_operator.py took 0.046 seconds
[2024-06-14T15:38:32.925+0200] {processor.py:161} INFO - Started process (PID=10149) to work on /Users/noejalabert/airflow_venv/lib/python3.11/site-packages/airflow/example_dags/example_branch_operator.py
[2024-06-14T15:38:32.926+0200] {processor.py:830} INFO - Processing file /Users/noejalabert/airflow_venv/lib/python3.11/site-packages/airflow/example_dags/example_branch_operator.py for tasks to queue
[2024-06-14T15:38:32.926+0200] {logging_mixin.py:188} INFO - [2024-06-14T15:38:32.926+0200] {dagbag.py:540} INFO - Filling up the DagBag from /Users/noejalabert/airflow_venv/lib/python3.11/site-packages/airflow/example_dags/example_branch_operator.py
[2024-06-14T15:38:32.936+0200] {processor.py:842} WARNING - No viable dags retrieved from /Users/noejalabert/airflow_venv/lib/python3.11/site-packages/airflow/example_dags/example_branch_operator.py
[2024-06-14T15:38:32.969+0200] {processor.py:183} INFO - Processing /Users/noejalabert/airflow_venv/lib/python3.11/site-packages/airflow/example_dags/example_branch_operator.py took 0.046 seconds
[2024-06-14T15:41:25.858+0200] {processor.py:161} INFO - Started process (PID=10377) to work on /Users/noejalabert/airflow_venv/lib/python3.11/site-packages/airflow/example_dags/example_branch_operator.py
[2024-06-14T15:41:25.859+0200] {processor.py:830} INFO - Processing file /Users/noejalabert/airflow_venv/lib/python3.11/site-packages/airflow/example_dags/example_branch_operator.py for tasks to queue
[2024-06-14T15:41:25.859+0200] {logging_mixin.py:188} INFO - [2024-06-14T15:41:25.859+0200] {dagbag.py:540} INFO - Filling up the DagBag from /Users/noejalabert/airflow_venv/lib/python3.11/site-packages/airflow/example_dags/example_branch_operator.py
[2024-06-14T15:41:25.869+0200] {processor.py:842} WARNING - No viable dags retrieved from /Users/noejalabert/airflow_venv/lib/python3.11/site-packages/airflow/example_dags/example_branch_operator.py
[2024-06-14T15:41:25.903+0200] {processor.py:183} INFO - Processing /Users/noejalabert/airflow_venv/lib/python3.11/site-packages/airflow/example_dags/example_branch_operator.py took 0.046 seconds
[2024-06-14T15:44:23.784+0200] {processor.py:161} INFO - Started process (PID=10620) to work on /Users/noejalabert/airflow_venv/lib/python3.11/site-packages/airflow/example_dags/example_branch_operator.py
[2024-06-14T15:44:23.786+0200] {processor.py:830} INFO - Processing file /Users/noejalabert/airflow_venv/lib/python3.11/site-packages/airflow/example_dags/example_branch_operator.py for tasks to queue
[2024-06-14T15:44:23.786+0200] {logging_mixin.py:188} INFO - [2024-06-14T15:44:23.786+0200] {dagbag.py:540} INFO - Filling up the DagBag from /Users/noejalabert/airflow_venv/lib/python3.11/site-packages/airflow/example_dags/example_branch_operator.py
[2024-06-14T15:44:23.796+0200] {processor.py:842} WARNING - No viable dags retrieved from /Users/noejalabert/airflow_venv/lib/python3.11/site-packages/airflow/example_dags/example_branch_operator.py
[2024-06-14T15:44:23.830+0200] {processor.py:183} INFO - Processing /Users/noejalabert/airflow_venv/lib/python3.11/site-packages/airflow/example_dags/example_branch_operator.py took 0.047 seconds
[2024-06-14T15:45:51.179+0200] {processor.py:161} INFO - Started process (PID=10769) to work on /Users/noejalabert/airflow_venv/lib/python3.11/site-packages/airflow/example_dags/example_branch_operator.py
[2024-06-14T15:45:51.179+0200] {processor.py:830} INFO - Processing file /Users/noejalabert/airflow_venv/lib/python3.11/site-packages/airflow/example_dags/example_branch_operator.py for tasks to queue
[2024-06-14T15:45:51.179+0200] {logging_mixin.py:188} INFO - [2024-06-14T15:45:51.179+0200] {dagbag.py:540} INFO - Filling up the DagBag from /Users/noejalabert/airflow_venv/lib/python3.11/site-packages/airflow/example_dags/example_branch_operator.py
[2024-06-14T15:45:51.189+0200] {processor.py:842} WARNING - No viable dags retrieved from /Users/noejalabert/airflow_venv/lib/python3.11/site-packages/airflow/example_dags/example_branch_operator.py
[2024-06-14T15:45:51.222+0200] {processor.py:183} INFO - Processing /Users/noejalabert/airflow_venv/lib/python3.11/site-packages/airflow/example_dags/example_branch_operator.py took 0.045 seconds
[2024-06-14T15:48:48.840+0200] {processor.py:161} INFO - Started process (PID=11006) to work on /Users/noejalabert/airflow_venv/lib/python3.11/site-packages/airflow/example_dags/example_branch_operator.py
[2024-06-14T15:48:48.841+0200] {processor.py:830} INFO - Processing file /Users/noejalabert/airflow_venv/lib/python3.11/site-packages/airflow/example_dags/example_branch_operator.py for tasks to queue
[2024-06-14T15:48:48.841+0200] {logging_mixin.py:188} INFO - [2024-06-14T15:48:48.841+0200] {dagbag.py:540} INFO - Filling up the DagBag from /Users/noejalabert/airflow_venv/lib/python3.11/site-packages/airflow/example_dags/example_branch_operator.py
[2024-06-14T15:48:48.851+0200] {processor.py:842} WARNING - No viable dags retrieved from /Users/noejalabert/airflow_venv/lib/python3.11/site-packages/airflow/example_dags/example_branch_operator.py
[2024-06-14T15:48:48.885+0200] {processor.py:183} INFO - Processing /Users/noejalabert/airflow_venv/lib/python3.11/site-packages/airflow/example_dags/example_branch_operator.py took 0.047 seconds
[2024-06-14T15:50:15.219+0200] {processor.py:161} INFO - Started process (PID=11182) to work on /Users/noejalabert/airflow_venv/lib/python3.11/site-packages/airflow/example_dags/example_branch_operator.py
[2024-06-14T15:50:15.220+0200] {processor.py:830} INFO - Processing file /Users/noejalabert/airflow_venv/lib/python3.11/site-packages/airflow/example_dags/example_branch_operator.py for tasks to queue
[2024-06-14T15:50:15.220+0200] {logging_mixin.py:188} INFO - [2024-06-14T15:50:15.220+0200] {dagbag.py:540} INFO - Filling up the DagBag from /Users/noejalabert/airflow_venv/lib/python3.11/site-packages/airflow/example_dags/example_branch_operator.py
[2024-06-14T15:50:15.230+0200] {processor.py:842} WARNING - No viable dags retrieved from /Users/noejalabert/airflow_venv/lib/python3.11/site-packages/airflow/example_dags/example_branch_operator.py
[2024-06-14T15:50:15.264+0200] {processor.py:183} INFO - Processing /Users/noejalabert/airflow_venv/lib/python3.11/site-packages/airflow/example_dags/example_branch_operator.py took 0.046 seconds
[2024-06-14T15:53:10.900+0200] {processor.py:161} INFO - Started process (PID=11423) to work on /Users/noejalabert/airflow_venv/lib/python3.11/site-packages/airflow/example_dags/example_branch_operator.py
[2024-06-14T15:53:10.902+0200] {processor.py:830} INFO - Processing file /Users/noejalabert/airflow_venv/lib/python3.11/site-packages/airflow/example_dags/example_branch_operator.py for tasks to queue
[2024-06-14T15:53:10.902+0200] {logging_mixin.py:188} INFO - [2024-06-14T15:53:10.902+0200] {dagbag.py:540} INFO - Filling up the DagBag from /Users/noejalabert/airflow_venv/lib/python3.11/site-packages/airflow/example_dags/example_branch_operator.py
[2024-06-14T15:53:10.911+0200] {processor.py:842} WARNING - No viable dags retrieved from /Users/noejalabert/airflow_venv/lib/python3.11/site-packages/airflow/example_dags/example_branch_operator.py
[2024-06-14T15:53:10.945+0200] {processor.py:183} INFO - Processing /Users/noejalabert/airflow_venv/lib/python3.11/site-packages/airflow/example_dags/example_branch_operator.py took 0.046 seconds
[2024-06-14T15:55:56.891+0200] {processor.py:161} INFO - Started process (PID=11642) to work on /Users/noejalabert/airflow_venv/lib/python3.11/site-packages/airflow/example_dags/example_branch_operator.py
[2024-06-14T15:55:56.891+0200] {processor.py:830} INFO - Processing file /Users/noejalabert/airflow_venv/lib/python3.11/site-packages/airflow/example_dags/example_branch_operator.py for tasks to queue
[2024-06-14T15:55:56.892+0200] {logging_mixin.py:188} INFO - [2024-06-14T15:55:56.891+0200] {dagbag.py:540} INFO - Filling up the DagBag from /Users/noejalabert/airflow_venv/lib/python3.11/site-packages/airflow/example_dags/example_branch_operator.py
[2024-06-14T15:55:56.901+0200] {processor.py:842} WARNING - No viable dags retrieved from /Users/noejalabert/airflow_venv/lib/python3.11/site-packages/airflow/example_dags/example_branch_operator.py
[2024-06-14T15:55:56.935+0200] {processor.py:183} INFO - Processing /Users/noejalabert/airflow_venv/lib/python3.11/site-packages/airflow/example_dags/example_branch_operator.py took 0.046 seconds
[2024-06-14T15:58:48.626+0200] {processor.py:161} INFO - Started process (PID=11868) to work on /Users/noejalabert/airflow_venv/lib/python3.11/site-packages/airflow/example_dags/example_branch_operator.py
[2024-06-14T15:58:48.627+0200] {processor.py:830} INFO - Processing file /Users/noejalabert/airflow_venv/lib/python3.11/site-packages/airflow/example_dags/example_branch_operator.py for tasks to queue
[2024-06-14T15:58:48.627+0200] {logging_mixin.py:188} INFO - [2024-06-14T15:58:48.627+0200] {dagbag.py:540} INFO - Filling up the DagBag from /Users/noejalabert/airflow_venv/lib/python3.11/site-packages/airflow/example_dags/example_branch_operator.py
[2024-06-14T15:58:48.637+0200] {processor.py:842} WARNING - No viable dags retrieved from /Users/noejalabert/airflow_venv/lib/python3.11/site-packages/airflow/example_dags/example_branch_operator.py
[2024-06-14T15:58:48.670+0200] {processor.py:183} INFO - Processing /Users/noejalabert/airflow_venv/lib/python3.11/site-packages/airflow/example_dags/example_branch_operator.py took 0.046 seconds
[2024-06-14T16:01:32.924+0200] {processor.py:161} INFO - Started process (PID=12090) to work on /Users/noejalabert/airflow_venv/lib/python3.11/site-packages/airflow/example_dags/example_branch_operator.py
[2024-06-14T16:01:32.925+0200] {processor.py:830} INFO - Processing file /Users/noejalabert/airflow_venv/lib/python3.11/site-packages/airflow/example_dags/example_branch_operator.py for tasks to queue
[2024-06-14T16:01:32.925+0200] {logging_mixin.py:188} INFO - [2024-06-14T16:01:32.925+0200] {dagbag.py:540} INFO - Filling up the DagBag from /Users/noejalabert/airflow_venv/lib/python3.11/site-packages/airflow/example_dags/example_branch_operator.py
[2024-06-14T16:01:32.935+0200] {processor.py:842} WARNING - No viable dags retrieved from /Users/noejalabert/airflow_venv/lib/python3.11/site-packages/airflow/example_dags/example_branch_operator.py
[2024-06-14T16:01:32.968+0200] {processor.py:183} INFO - Processing /Users/noejalabert/airflow_venv/lib/python3.11/site-packages/airflow/example_dags/example_branch_operator.py took 0.046 seconds
[2024-06-14T16:04:23.995+0200] {processor.py:161} INFO - Started process (PID=12355) to work on /Users/noejalabert/airflow_venv/lib/python3.11/site-packages/airflow/example_dags/example_branch_operator.py
[2024-06-14T16:04:23.996+0200] {processor.py:830} INFO - Processing file /Users/noejalabert/airflow_venv/lib/python3.11/site-packages/airflow/example_dags/example_branch_operator.py for tasks to queue
[2024-06-14T16:04:23.997+0200] {logging_mixin.py:188} INFO - [2024-06-14T16:04:23.997+0200] {dagbag.py:540} INFO - Filling up the DagBag from /Users/noejalabert/airflow_venv/lib/python3.11/site-packages/airflow/example_dags/example_branch_operator.py
[2024-06-14T16:04:24.011+0200] {processor.py:842} WARNING - No viable dags retrieved from /Users/noejalabert/airflow_venv/lib/python3.11/site-packages/airflow/example_dags/example_branch_operator.py
[2024-06-14T16:04:24.049+0200] {processor.py:183} INFO - Processing /Users/noejalabert/airflow_venv/lib/python3.11/site-packages/airflow/example_dags/example_branch_operator.py took 0.056 seconds
[2024-06-14T16:07:10.896+0200] {processor.py:161} INFO - Started process (PID=12584) to work on /Users/noejalabert/airflow_venv/lib/python3.11/site-packages/airflow/example_dags/example_branch_operator.py
[2024-06-14T16:07:10.897+0200] {processor.py:830} INFO - Processing file /Users/noejalabert/airflow_venv/lib/python3.11/site-packages/airflow/example_dags/example_branch_operator.py for tasks to queue
[2024-06-14T16:07:10.897+0200] {logging_mixin.py:188} INFO - [2024-06-14T16:07:10.897+0200] {dagbag.py:540} INFO - Filling up the DagBag from /Users/noejalabert/airflow_venv/lib/python3.11/site-packages/airflow/example_dags/example_branch_operator.py
[2024-06-14T16:07:10.906+0200] {processor.py:842} WARNING - No viable dags retrieved from /Users/noejalabert/airflow_venv/lib/python3.11/site-packages/airflow/example_dags/example_branch_operator.py
[2024-06-14T16:07:10.940+0200] {processor.py:183} INFO - Processing /Users/noejalabert/airflow_venv/lib/python3.11/site-packages/airflow/example_dags/example_branch_operator.py took 0.045 seconds
[2024-06-14T16:10:00.515+0200] {processor.py:161} INFO - Started process (PID=12815) to work on /Users/noejalabert/airflow_venv/lib/python3.11/site-packages/airflow/example_dags/example_branch_operator.py
[2024-06-14T16:10:00.516+0200] {processor.py:830} INFO - Processing file /Users/noejalabert/airflow_venv/lib/python3.11/site-packages/airflow/example_dags/example_branch_operator.py for tasks to queue
[2024-06-14T16:10:00.517+0200] {logging_mixin.py:188} INFO - [2024-06-14T16:10:00.517+0200] {dagbag.py:540} INFO - Filling up the DagBag from /Users/noejalabert/airflow_venv/lib/python3.11/site-packages/airflow/example_dags/example_branch_operator.py
[2024-06-14T16:10:00.526+0200] {processor.py:842} WARNING - No viable dags retrieved from /Users/noejalabert/airflow_venv/lib/python3.11/site-packages/airflow/example_dags/example_branch_operator.py
[2024-06-14T16:10:00.559+0200] {processor.py:183} INFO - Processing /Users/noejalabert/airflow_venv/lib/python3.11/site-packages/airflow/example_dags/example_branch_operator.py took 0.045 seconds
[2024-06-14T16:12:49.001+0200] {processor.py:161} INFO - Started process (PID=13039) to work on /Users/noejalabert/airflow_venv/lib/python3.11/site-packages/airflow/example_dags/example_branch_operator.py
[2024-06-14T16:12:49.002+0200] {processor.py:830} INFO - Processing file /Users/noejalabert/airflow_venv/lib/python3.11/site-packages/airflow/example_dags/example_branch_operator.py for tasks to queue
[2024-06-14T16:12:49.002+0200] {logging_mixin.py:188} INFO - [2024-06-14T16:12:49.002+0200] {dagbag.py:540} INFO - Filling up the DagBag from /Users/noejalabert/airflow_venv/lib/python3.11/site-packages/airflow/example_dags/example_branch_operator.py
[2024-06-14T16:12:49.012+0200] {processor.py:842} WARNING - No viable dags retrieved from /Users/noejalabert/airflow_venv/lib/python3.11/site-packages/airflow/example_dags/example_branch_operator.py
[2024-06-14T16:12:49.045+0200] {processor.py:183} INFO - Processing /Users/noejalabert/airflow_venv/lib/python3.11/site-packages/airflow/example_dags/example_branch_operator.py took 0.046 seconds
[2024-06-14T16:15:40.293+0200] {processor.py:161} INFO - Started process (PID=13268) to work on /Users/noejalabert/airflow_venv/lib/python3.11/site-packages/airflow/example_dags/example_branch_operator.py
[2024-06-14T16:15:40.294+0200] {processor.py:830} INFO - Processing file /Users/noejalabert/airflow_venv/lib/python3.11/site-packages/airflow/example_dags/example_branch_operator.py for tasks to queue
[2024-06-14T16:15:40.294+0200] {logging_mixin.py:188} INFO - [2024-06-14T16:15:40.294+0200] {dagbag.py:540} INFO - Filling up the DagBag from /Users/noejalabert/airflow_venv/lib/python3.11/site-packages/airflow/example_dags/example_branch_operator.py
[2024-06-14T16:15:40.304+0200] {processor.py:842} WARNING - No viable dags retrieved from /Users/noejalabert/airflow_venv/lib/python3.11/site-packages/airflow/example_dags/example_branch_operator.py
[2024-06-14T16:15:40.337+0200] {processor.py:183} INFO - Processing /Users/noejalabert/airflow_venv/lib/python3.11/site-packages/airflow/example_dags/example_branch_operator.py took 0.045 seconds
[2024-06-14T16:18:29.954+0200] {processor.py:161} INFO - Started process (PID=13524) to work on /Users/noejalabert/airflow_venv/lib/python3.11/site-packages/airflow/example_dags/example_branch_operator.py
[2024-06-14T16:18:29.955+0200] {processor.py:830} INFO - Processing file /Users/noejalabert/airflow_venv/lib/python3.11/site-packages/airflow/example_dags/example_branch_operator.py for tasks to queue
[2024-06-14T16:18:29.956+0200] {logging_mixin.py:188} INFO - [2024-06-14T16:18:29.955+0200] {dagbag.py:540} INFO - Filling up the DagBag from /Users/noejalabert/airflow_venv/lib/python3.11/site-packages/airflow/example_dags/example_branch_operator.py
[2024-06-14T16:18:29.965+0200] {processor.py:842} WARNING - No viable dags retrieved from /Users/noejalabert/airflow_venv/lib/python3.11/site-packages/airflow/example_dags/example_branch_operator.py
[2024-06-14T16:18:30.000+0200] {processor.py:183} INFO - Processing /Users/noejalabert/airflow_venv/lib/python3.11/site-packages/airflow/example_dags/example_branch_operator.py took 0.048 seconds
[2024-06-14T16:21:21.677+0200] {processor.py:161} INFO - Started process (PID=13746) to work on /Users/noejalabert/airflow_venv/lib/python3.11/site-packages/airflow/example_dags/example_branch_operator.py
[2024-06-14T16:21:21.678+0200] {processor.py:830} INFO - Processing file /Users/noejalabert/airflow_venv/lib/python3.11/site-packages/airflow/example_dags/example_branch_operator.py for tasks to queue
[2024-06-14T16:21:21.678+0200] {logging_mixin.py:188} INFO - [2024-06-14T16:21:21.678+0200] {dagbag.py:540} INFO - Filling up the DagBag from /Users/noejalabert/airflow_venv/lib/python3.11/site-packages/airflow/example_dags/example_branch_operator.py
[2024-06-14T16:21:21.687+0200] {processor.py:842} WARNING - No viable dags retrieved from /Users/noejalabert/airflow_venv/lib/python3.11/site-packages/airflow/example_dags/example_branch_operator.py
[2024-06-14T16:21:21.720+0200] {processor.py:183} INFO - Processing /Users/noejalabert/airflow_venv/lib/python3.11/site-packages/airflow/example_dags/example_branch_operator.py took 0.045 seconds
[2024-06-14T16:24:08.493+0200] {processor.py:161} INFO - Started process (PID=13967) to work on /Users/noejalabert/airflow_venv/lib/python3.11/site-packages/airflow/example_dags/example_branch_operator.py
[2024-06-14T16:24:08.493+0200] {processor.py:830} INFO - Processing file /Users/noejalabert/airflow_venv/lib/python3.11/site-packages/airflow/example_dags/example_branch_operator.py for tasks to queue
[2024-06-14T16:24:08.493+0200] {logging_mixin.py:188} INFO - [2024-06-14T16:24:08.493+0200] {dagbag.py:540} INFO - Filling up the DagBag from /Users/noejalabert/airflow_venv/lib/python3.11/site-packages/airflow/example_dags/example_branch_operator.py
[2024-06-14T16:24:08.503+0200] {processor.py:842} WARNING - No viable dags retrieved from /Users/noejalabert/airflow_venv/lib/python3.11/site-packages/airflow/example_dags/example_branch_operator.py
[2024-06-14T16:24:08.536+0200] {processor.py:183} INFO - Processing /Users/noejalabert/airflow_venv/lib/python3.11/site-packages/airflow/example_dags/example_branch_operator.py took 0.044 seconds
[2024-06-14T16:26:59.120+0200] {processor.py:161} INFO - Started process (PID=14238) to work on /Users/noejalabert/airflow_venv/lib/python3.11/site-packages/airflow/example_dags/example_branch_operator.py
[2024-06-14T16:26:59.122+0200] {processor.py:830} INFO - Processing file /Users/noejalabert/airflow_venv/lib/python3.11/site-packages/airflow/example_dags/example_branch_operator.py for tasks to queue
[2024-06-14T16:26:59.122+0200] {logging_mixin.py:188} INFO - [2024-06-14T16:26:59.122+0200] {dagbag.py:540} INFO - Filling up the DagBag from /Users/noejalabert/airflow_venv/lib/python3.11/site-packages/airflow/example_dags/example_branch_operator.py
[2024-06-14T16:26:59.132+0200] {processor.py:842} WARNING - No viable dags retrieved from /Users/noejalabert/airflow_venv/lib/python3.11/site-packages/airflow/example_dags/example_branch_operator.py
[2024-06-14T16:26:59.165+0200] {processor.py:183} INFO - Processing /Users/noejalabert/airflow_venv/lib/python3.11/site-packages/airflow/example_dags/example_branch_operator.py took 0.046 seconds
[2024-06-14T16:29:55.326+0200] {processor.py:161} INFO - Started process (PID=14518) to work on /Users/noejalabert/airflow_venv/lib/python3.11/site-packages/airflow/example_dags/example_branch_operator.py
[2024-06-14T16:29:55.328+0200] {processor.py:830} INFO - Processing file /Users/noejalabert/airflow_venv/lib/python3.11/site-packages/airflow/example_dags/example_branch_operator.py for tasks to queue
[2024-06-14T16:29:55.328+0200] {logging_mixin.py:188} INFO - [2024-06-14T16:29:55.328+0200] {dagbag.py:540} INFO - Filling up the DagBag from /Users/noejalabert/airflow_venv/lib/python3.11/site-packages/airflow/example_dags/example_branch_operator.py
[2024-06-14T16:29:55.339+0200] {processor.py:842} WARNING - No viable dags retrieved from /Users/noejalabert/airflow_venv/lib/python3.11/site-packages/airflow/example_dags/example_branch_operator.py
[2024-06-14T16:29:55.378+0200] {processor.py:183} INFO - Processing /Users/noejalabert/airflow_venv/lib/python3.11/site-packages/airflow/example_dags/example_branch_operator.py took 0.053 seconds
[2024-06-14T16:31:30.795+0200] {processor.py:161} INFO - Started process (PID=14665) to work on /Users/noejalabert/airflow_venv/lib/python3.11/site-packages/airflow/example_dags/example_branch_operator.py
[2024-06-14T16:31:30.796+0200] {processor.py:830} INFO - Processing file /Users/noejalabert/airflow_venv/lib/python3.11/site-packages/airflow/example_dags/example_branch_operator.py for tasks to queue
[2024-06-14T16:31:30.796+0200] {logging_mixin.py:188} INFO - [2024-06-14T16:31:30.796+0200] {dagbag.py:540} INFO - Filling up the DagBag from /Users/noejalabert/airflow_venv/lib/python3.11/site-packages/airflow/example_dags/example_branch_operator.py
[2024-06-14T16:31:30.806+0200] {processor.py:842} WARNING - No viable dags retrieved from /Users/noejalabert/airflow_venv/lib/python3.11/site-packages/airflow/example_dags/example_branch_operator.py
[2024-06-14T16:31:30.840+0200] {processor.py:183} INFO - Processing /Users/noejalabert/airflow_venv/lib/python3.11/site-packages/airflow/example_dags/example_branch_operator.py took 0.047 seconds
[2024-06-14T16:34:25.708+0200] {processor.py:161} INFO - Started process (PID=14905) to work on /Users/noejalabert/airflow_venv/lib/python3.11/site-packages/airflow/example_dags/example_branch_operator.py
[2024-06-14T16:34:25.710+0200] {processor.py:830} INFO - Processing file /Users/noejalabert/airflow_venv/lib/python3.11/site-packages/airflow/example_dags/example_branch_operator.py for tasks to queue
[2024-06-14T16:34:25.710+0200] {logging_mixin.py:188} INFO - [2024-06-14T16:34:25.710+0200] {dagbag.py:540} INFO - Filling up the DagBag from /Users/noejalabert/airflow_venv/lib/python3.11/site-packages/airflow/example_dags/example_branch_operator.py
[2024-06-14T16:34:25.720+0200] {processor.py:842} WARNING - No viable dags retrieved from /Users/noejalabert/airflow_venv/lib/python3.11/site-packages/airflow/example_dags/example_branch_operator.py
[2024-06-14T16:34:25.753+0200] {processor.py:183} INFO - Processing /Users/noejalabert/airflow_venv/lib/python3.11/site-packages/airflow/example_dags/example_branch_operator.py took 0.046 seconds
[2024-06-14T16:37:15.540+0200] {processor.py:161} INFO - Started process (PID=15163) to work on /Users/noejalabert/airflow_venv/lib/python3.11/site-packages/airflow/example_dags/example_branch_operator.py
[2024-06-14T16:37:15.541+0200] {processor.py:830} INFO - Processing file /Users/noejalabert/airflow_venv/lib/python3.11/site-packages/airflow/example_dags/example_branch_operator.py for tasks to queue
[2024-06-14T16:37:15.541+0200] {logging_mixin.py:188} INFO - [2024-06-14T16:37:15.541+0200] {dagbag.py:540} INFO - Filling up the DagBag from /Users/noejalabert/airflow_venv/lib/python3.11/site-packages/airflow/example_dags/example_branch_operator.py
[2024-06-14T16:37:15.550+0200] {processor.py:842} WARNING - No viable dags retrieved from /Users/noejalabert/airflow_venv/lib/python3.11/site-packages/airflow/example_dags/example_branch_operator.py
[2024-06-14T16:37:15.584+0200] {processor.py:183} INFO - Processing /Users/noejalabert/airflow_venv/lib/python3.11/site-packages/airflow/example_dags/example_branch_operator.py took 0.045 seconds
[2024-06-14T16:40:04.003+0200] {processor.py:161} INFO - Started process (PID=15421) to work on /Users/noejalabert/airflow_venv/lib/python3.11/site-packages/airflow/example_dags/example_branch_operator.py
[2024-06-14T16:40:04.004+0200] {processor.py:830} INFO - Processing file /Users/noejalabert/airflow_venv/lib/python3.11/site-packages/airflow/example_dags/example_branch_operator.py for tasks to queue
[2024-06-14T16:40:04.004+0200] {logging_mixin.py:188} INFO - [2024-06-14T16:40:04.004+0200] {dagbag.py:540} INFO - Filling up the DagBag from /Users/noejalabert/airflow_venv/lib/python3.11/site-packages/airflow/example_dags/example_branch_operator.py
[2024-06-14T16:40:04.015+0200] {processor.py:842} WARNING - No viable dags retrieved from /Users/noejalabert/airflow_venv/lib/python3.11/site-packages/airflow/example_dags/example_branch_operator.py
[2024-06-14T16:40:04.048+0200] {processor.py:183} INFO - Processing /Users/noejalabert/airflow_venv/lib/python3.11/site-packages/airflow/example_dags/example_branch_operator.py took 0.047 seconds
[2024-06-14T16:42:56.011+0200] {processor.py:161} INFO - Started process (PID=15684) to work on /Users/noejalabert/airflow_venv/lib/python3.11/site-packages/airflow/example_dags/example_branch_operator.py
[2024-06-14T16:42:56.012+0200] {processor.py:830} INFO - Processing file /Users/noejalabert/airflow_venv/lib/python3.11/site-packages/airflow/example_dags/example_branch_operator.py for tasks to queue
[2024-06-14T16:42:56.012+0200] {logging_mixin.py:188} INFO - [2024-06-14T16:42:56.012+0200] {dagbag.py:540} INFO - Filling up the DagBag from /Users/noejalabert/airflow_venv/lib/python3.11/site-packages/airflow/example_dags/example_branch_operator.py
[2024-06-14T16:42:56.022+0200] {processor.py:842} WARNING - No viable dags retrieved from /Users/noejalabert/airflow_venv/lib/python3.11/site-packages/airflow/example_dags/example_branch_operator.py
[2024-06-14T16:42:56.055+0200] {processor.py:183} INFO - Processing /Users/noejalabert/airflow_venv/lib/python3.11/site-packages/airflow/example_dags/example_branch_operator.py took 0.046 seconds
[2024-06-14T16:45:46.489+0200] {processor.py:161} INFO - Started process (PID=15948) to work on /Users/noejalabert/airflow_venv/lib/python3.11/site-packages/airflow/example_dags/example_branch_operator.py
[2024-06-14T16:45:46.491+0200] {processor.py:830} INFO - Processing file /Users/noejalabert/airflow_venv/lib/python3.11/site-packages/airflow/example_dags/example_branch_operator.py for tasks to queue
[2024-06-14T16:45:46.491+0200] {logging_mixin.py:188} INFO - [2024-06-14T16:45:46.491+0200] {dagbag.py:540} INFO - Filling up the DagBag from /Users/noejalabert/airflow_venv/lib/python3.11/site-packages/airflow/example_dags/example_branch_operator.py
[2024-06-14T16:45:46.500+0200] {processor.py:842} WARNING - No viable dags retrieved from /Users/noejalabert/airflow_venv/lib/python3.11/site-packages/airflow/example_dags/example_branch_operator.py
[2024-06-14T16:45:46.534+0200] {processor.py:183} INFO - Processing /Users/noejalabert/airflow_venv/lib/python3.11/site-packages/airflow/example_dags/example_branch_operator.py took 0.046 seconds
[2024-06-14T16:48:37.383+0200] {processor.py:161} INFO - Started process (PID=16207) to work on /Users/noejalabert/airflow_venv/lib/python3.11/site-packages/airflow/example_dags/example_branch_operator.py
[2024-06-14T16:48:37.384+0200] {processor.py:830} INFO - Processing file /Users/noejalabert/airflow_venv/lib/python3.11/site-packages/airflow/example_dags/example_branch_operator.py for tasks to queue
[2024-06-14T16:48:37.384+0200] {logging_mixin.py:188} INFO - [2024-06-14T16:48:37.384+0200] {dagbag.py:540} INFO - Filling up the DagBag from /Users/noejalabert/airflow_venv/lib/python3.11/site-packages/airflow/example_dags/example_branch_operator.py
[2024-06-14T16:48:37.394+0200] {processor.py:842} WARNING - No viable dags retrieved from /Users/noejalabert/airflow_venv/lib/python3.11/site-packages/airflow/example_dags/example_branch_operator.py
[2024-06-14T16:48:37.428+0200] {processor.py:183} INFO - Processing /Users/noejalabert/airflow_venv/lib/python3.11/site-packages/airflow/example_dags/example_branch_operator.py took 0.047 seconds
[2024-06-14T16:51:28.252+0200] {processor.py:161} INFO - Started process (PID=16487) to work on /Users/noejalabert/airflow_venv/lib/python3.11/site-packages/airflow/example_dags/example_branch_operator.py
[2024-06-14T16:51:28.253+0200] {processor.py:830} INFO - Processing file /Users/noejalabert/airflow_venv/lib/python3.11/site-packages/airflow/example_dags/example_branch_operator.py for tasks to queue
[2024-06-14T16:51:28.253+0200] {logging_mixin.py:188} INFO - [2024-06-14T16:51:28.253+0200] {dagbag.py:540} INFO - Filling up the DagBag from /Users/noejalabert/airflow_venv/lib/python3.11/site-packages/airflow/example_dags/example_branch_operator.py
[2024-06-14T16:51:28.263+0200] {processor.py:842} WARNING - No viable dags retrieved from /Users/noejalabert/airflow_venv/lib/python3.11/site-packages/airflow/example_dags/example_branch_operator.py
[2024-06-14T16:51:28.297+0200] {processor.py:183} INFO - Processing /Users/noejalabert/airflow_venv/lib/python3.11/site-packages/airflow/example_dags/example_branch_operator.py took 0.047 seconds
[2024-06-14T16:54:16.860+0200] {processor.py:161} INFO - Started process (PID=16751) to work on /Users/noejalabert/airflow_venv/lib/python3.11/site-packages/airflow/example_dags/example_branch_operator.py
[2024-06-14T16:54:16.861+0200] {processor.py:830} INFO - Processing file /Users/noejalabert/airflow_venv/lib/python3.11/site-packages/airflow/example_dags/example_branch_operator.py for tasks to queue
[2024-06-14T16:54:16.862+0200] {logging_mixin.py:188} INFO - [2024-06-14T16:54:16.862+0200] {dagbag.py:540} INFO - Filling up the DagBag from /Users/noejalabert/airflow_venv/lib/python3.11/site-packages/airflow/example_dags/example_branch_operator.py
[2024-06-14T16:54:16.872+0200] {processor.py:842} WARNING - No viable dags retrieved from /Users/noejalabert/airflow_venv/lib/python3.11/site-packages/airflow/example_dags/example_branch_operator.py
[2024-06-14T16:54:16.906+0200] {processor.py:183} INFO - Processing /Users/noejalabert/airflow_venv/lib/python3.11/site-packages/airflow/example_dags/example_branch_operator.py took 0.047 seconds
[2024-06-14T16:57:06.588+0200] {processor.py:161} INFO - Started process (PID=17007) to work on /Users/noejalabert/airflow_venv/lib/python3.11/site-packages/airflow/example_dags/example_branch_operator.py
[2024-06-14T16:57:06.588+0200] {processor.py:830} INFO - Processing file /Users/noejalabert/airflow_venv/lib/python3.11/site-packages/airflow/example_dags/example_branch_operator.py for tasks to queue
[2024-06-14T16:57:06.589+0200] {logging_mixin.py:188} INFO - [2024-06-14T16:57:06.589+0200] {dagbag.py:540} INFO - Filling up the DagBag from /Users/noejalabert/airflow_venv/lib/python3.11/site-packages/airflow/example_dags/example_branch_operator.py
[2024-06-14T16:57:06.598+0200] {processor.py:842} WARNING - No viable dags retrieved from /Users/noejalabert/airflow_venv/lib/python3.11/site-packages/airflow/example_dags/example_branch_operator.py
[2024-06-14T16:57:06.632+0200] {processor.py:183} INFO - Processing /Users/noejalabert/airflow_venv/lib/python3.11/site-packages/airflow/example_dags/example_branch_operator.py took 0.045 seconds
[2024-06-14T16:59:56.530+0200] {processor.py:161} INFO - Started process (PID=17307) to work on /Users/noejalabert/airflow_venv/lib/python3.11/site-packages/airflow/example_dags/example_branch_operator.py
[2024-06-14T16:59:56.531+0200] {processor.py:830} INFO - Processing file /Users/noejalabert/airflow_venv/lib/python3.11/site-packages/airflow/example_dags/example_branch_operator.py for tasks to queue
[2024-06-14T16:59:56.531+0200] {logging_mixin.py:188} INFO - [2024-06-14T16:59:56.531+0200] {dagbag.py:540} INFO - Filling up the DagBag from /Users/noejalabert/airflow_venv/lib/python3.11/site-packages/airflow/example_dags/example_branch_operator.py
[2024-06-14T16:59:56.542+0200] {processor.py:842} WARNING - No viable dags retrieved from /Users/noejalabert/airflow_venv/lib/python3.11/site-packages/airflow/example_dags/example_branch_operator.py
[2024-06-14T16:59:56.576+0200] {processor.py:183} INFO - Processing /Users/noejalabert/airflow_venv/lib/python3.11/site-packages/airflow/example_dags/example_branch_operator.py took 0.047 seconds
[2024-06-14T17:03:12.405+0200] {processor.py:161} INFO - Started process (PID=17595) to work on /Users/noejalabert/airflow_venv/lib/python3.11/site-packages/airflow/example_dags/example_branch_operator.py
[2024-06-14T17:03:12.407+0200] {processor.py:830} INFO - Processing file /Users/noejalabert/airflow_venv/lib/python3.11/site-packages/airflow/example_dags/example_branch_operator.py for tasks to queue
[2024-06-14T17:03:12.408+0200] {logging_mixin.py:188} INFO - [2024-06-14T17:03:12.407+0200] {dagbag.py:540} INFO - Filling up the DagBag from /Users/noejalabert/airflow_venv/lib/python3.11/site-packages/airflow/example_dags/example_branch_operator.py
[2024-06-14T17:03:12.431+0200] {processor.py:842} WARNING - No viable dags retrieved from /Users/noejalabert/airflow_venv/lib/python3.11/site-packages/airflow/example_dags/example_branch_operator.py
[2024-06-14T17:03:12.496+0200] {processor.py:183} INFO - Processing /Users/noejalabert/airflow_venv/lib/python3.11/site-packages/airflow/example_dags/example_branch_operator.py took 0.094 seconds
[2024-06-14T17:04:47.314+0200] {processor.py:161} INFO - Started process (PID=17740) to work on /Users/noejalabert/airflow_venv/lib/python3.11/site-packages/airflow/example_dags/example_branch_operator.py
[2024-06-14T17:04:47.315+0200] {processor.py:830} INFO - Processing file /Users/noejalabert/airflow_venv/lib/python3.11/site-packages/airflow/example_dags/example_branch_operator.py for tasks to queue
[2024-06-14T17:04:47.315+0200] {logging_mixin.py:188} INFO - [2024-06-14T17:04:47.315+0200] {dagbag.py:540} INFO - Filling up the DagBag from /Users/noejalabert/airflow_venv/lib/python3.11/site-packages/airflow/example_dags/example_branch_operator.py
[2024-06-14T17:04:47.325+0200] {processor.py:842} WARNING - No viable dags retrieved from /Users/noejalabert/airflow_venv/lib/python3.11/site-packages/airflow/example_dags/example_branch_operator.py
[2024-06-14T17:04:47.359+0200] {processor.py:183} INFO - Processing /Users/noejalabert/airflow_venv/lib/python3.11/site-packages/airflow/example_dags/example_branch_operator.py took 0.047 seconds
[2024-06-14T17:06:16.129+0200] {processor.py:161} INFO - Started process (PID=17868) to work on /Users/noejalabert/airflow_venv/lib/python3.11/site-packages/airflow/example_dags/example_branch_operator.py
[2024-06-14T17:06:16.130+0200] {processor.py:830} INFO - Processing file /Users/noejalabert/airflow_venv/lib/python3.11/site-packages/airflow/example_dags/example_branch_operator.py for tasks to queue
[2024-06-14T17:06:16.131+0200] {logging_mixin.py:188} INFO - [2024-06-14T17:06:16.130+0200] {dagbag.py:540} INFO - Filling up the DagBag from /Users/noejalabert/airflow_venv/lib/python3.11/site-packages/airflow/example_dags/example_branch_operator.py
[2024-06-14T17:06:16.140+0200] {processor.py:842} WARNING - No viable dags retrieved from /Users/noejalabert/airflow_venv/lib/python3.11/site-packages/airflow/example_dags/example_branch_operator.py
[2024-06-14T17:06:16.173+0200] {processor.py:183} INFO - Processing /Users/noejalabert/airflow_venv/lib/python3.11/site-packages/airflow/example_dags/example_branch_operator.py took 0.046 seconds
[2024-06-14T17:09:06.728+0200] {processor.py:161} INFO - Started process (PID=18129) to work on /Users/noejalabert/airflow_venv/lib/python3.11/site-packages/airflow/example_dags/example_branch_operator.py
[2024-06-14T17:09:06.729+0200] {processor.py:830} INFO - Processing file /Users/noejalabert/airflow_venv/lib/python3.11/site-packages/airflow/example_dags/example_branch_operator.py for tasks to queue
[2024-06-14T17:09:06.730+0200] {logging_mixin.py:188} INFO - [2024-06-14T17:09:06.730+0200] {dagbag.py:540} INFO - Filling up the DagBag from /Users/noejalabert/airflow_venv/lib/python3.11/site-packages/airflow/example_dags/example_branch_operator.py
[2024-06-14T17:09:06.739+0200] {processor.py:842} WARNING - No viable dags retrieved from /Users/noejalabert/airflow_venv/lib/python3.11/site-packages/airflow/example_dags/example_branch_operator.py
[2024-06-14T17:09:06.773+0200] {processor.py:183} INFO - Processing /Users/noejalabert/airflow_venv/lib/python3.11/site-packages/airflow/example_dags/example_branch_operator.py took 0.046 seconds
[2024-06-14T17:11:58.077+0200] {processor.py:161} INFO - Started process (PID=18359) to work on /Users/noejalabert/airflow_venv/lib/python3.11/site-packages/airflow/example_dags/example_branch_operator.py
[2024-06-14T17:11:58.078+0200] {processor.py:830} INFO - Processing file /Users/noejalabert/airflow_venv/lib/python3.11/site-packages/airflow/example_dags/example_branch_operator.py for tasks to queue
[2024-06-14T17:11:58.078+0200] {logging_mixin.py:188} INFO - [2024-06-14T17:11:58.078+0200] {dagbag.py:540} INFO - Filling up the DagBag from /Users/noejalabert/airflow_venv/lib/python3.11/site-packages/airflow/example_dags/example_branch_operator.py
[2024-06-14T17:11:58.088+0200] {processor.py:842} WARNING - No viable dags retrieved from /Users/noejalabert/airflow_venv/lib/python3.11/site-packages/airflow/example_dags/example_branch_operator.py
[2024-06-14T17:11:58.121+0200] {processor.py:183} INFO - Processing /Users/noejalabert/airflow_venv/lib/python3.11/site-packages/airflow/example_dags/example_branch_operator.py took 0.045 seconds
[2024-06-14T17:14:47.387+0200] {processor.py:161} INFO - Started process (PID=18598) to work on /Users/noejalabert/airflow_venv/lib/python3.11/site-packages/airflow/example_dags/example_branch_operator.py
[2024-06-14T17:14:47.388+0200] {processor.py:830} INFO - Processing file /Users/noejalabert/airflow_venv/lib/python3.11/site-packages/airflow/example_dags/example_branch_operator.py for tasks to queue
[2024-06-14T17:14:47.388+0200] {logging_mixin.py:188} INFO - [2024-06-14T17:14:47.388+0200] {dagbag.py:540} INFO - Filling up the DagBag from /Users/noejalabert/airflow_venv/lib/python3.11/site-packages/airflow/example_dags/example_branch_operator.py
[2024-06-14T17:14:47.398+0200] {processor.py:842} WARNING - No viable dags retrieved from /Users/noejalabert/airflow_venv/lib/python3.11/site-packages/airflow/example_dags/example_branch_operator.py
[2024-06-14T17:14:47.431+0200] {processor.py:183} INFO - Processing /Users/noejalabert/airflow_venv/lib/python3.11/site-packages/airflow/example_dags/example_branch_operator.py took 0.045 seconds
[2024-06-14T17:16:11.780+0200] {processor.py:161} INFO - Started process (PID=18718) to work on /Users/noejalabert/airflow_venv/lib/python3.11/site-packages/airflow/example_dags/example_branch_operator.py
[2024-06-14T17:16:11.780+0200] {processor.py:830} INFO - Processing file /Users/noejalabert/airflow_venv/lib/python3.11/site-packages/airflow/example_dags/example_branch_operator.py for tasks to queue
[2024-06-14T17:16:11.781+0200] {logging_mixin.py:188} INFO - [2024-06-14T17:16:11.780+0200] {dagbag.py:540} INFO - Filling up the DagBag from /Users/noejalabert/airflow_venv/lib/python3.11/site-packages/airflow/example_dags/example_branch_operator.py
[2024-06-14T17:16:11.790+0200] {processor.py:842} WARNING - No viable dags retrieved from /Users/noejalabert/airflow_venv/lib/python3.11/site-packages/airflow/example_dags/example_branch_operator.py
[2024-06-14T17:16:11.823+0200] {processor.py:183} INFO - Processing /Users/noejalabert/airflow_venv/lib/python3.11/site-packages/airflow/example_dags/example_branch_operator.py took 0.045 seconds
[2024-06-14T17:19:03.031+0200] {processor.py:161} INFO - Started process (PID=18959) to work on /Users/noejalabert/airflow_venv/lib/python3.11/site-packages/airflow/example_dags/example_branch_operator.py
[2024-06-14T17:19:03.032+0200] {processor.py:830} INFO - Processing file /Users/noejalabert/airflow_venv/lib/python3.11/site-packages/airflow/example_dags/example_branch_operator.py for tasks to queue
[2024-06-14T17:19:03.033+0200] {logging_mixin.py:188} INFO - [2024-06-14T17:19:03.032+0200] {dagbag.py:540} INFO - Filling up the DagBag from /Users/noejalabert/airflow_venv/lib/python3.11/site-packages/airflow/example_dags/example_branch_operator.py
[2024-06-14T17:19:03.042+0200] {processor.py:842} WARNING - No viable dags retrieved from /Users/noejalabert/airflow_venv/lib/python3.11/site-packages/airflow/example_dags/example_branch_operator.py
[2024-06-14T17:19:03.075+0200] {processor.py:183} INFO - Processing /Users/noejalabert/airflow_venv/lib/python3.11/site-packages/airflow/example_dags/example_branch_operator.py took 0.046 seconds
[2024-06-14T17:22:36.113+0200] {processor.py:161} INFO - Started process (PID=19260) to work on /Users/noejalabert/airflow_venv/lib/python3.11/site-packages/airflow/example_dags/example_branch_operator.py
[2024-06-14T17:22:36.114+0200] {processor.py:830} INFO - Processing file /Users/noejalabert/airflow_venv/lib/python3.11/site-packages/airflow/example_dags/example_branch_operator.py for tasks to queue
[2024-06-14T17:22:36.115+0200] {logging_mixin.py:188} INFO - [2024-06-14T17:22:36.115+0200] {dagbag.py:540} INFO - Filling up the DagBag from /Users/noejalabert/airflow_venv/lib/python3.11/site-packages/airflow/example_dags/example_branch_operator.py
[2024-06-14T17:22:36.124+0200] {processor.py:842} WARNING - No viable dags retrieved from /Users/noejalabert/airflow_venv/lib/python3.11/site-packages/airflow/example_dags/example_branch_operator.py
[2024-06-14T17:22:36.158+0200] {processor.py:183} INFO - Processing /Users/noejalabert/airflow_venv/lib/python3.11/site-packages/airflow/example_dags/example_branch_operator.py took 0.046 seconds
[2024-06-14T17:24:06.868+0200] {processor.py:161} INFO - Started process (PID=19410) to work on /Users/noejalabert/airflow_venv/lib/python3.11/site-packages/airflow/example_dags/example_branch_operator.py
[2024-06-14T17:24:06.869+0200] {processor.py:830} INFO - Processing file /Users/noejalabert/airflow_venv/lib/python3.11/site-packages/airflow/example_dags/example_branch_operator.py for tasks to queue
[2024-06-14T17:24:06.870+0200] {logging_mixin.py:188} INFO - [2024-06-14T17:24:06.870+0200] {dagbag.py:540} INFO - Filling up the DagBag from /Users/noejalabert/airflow_venv/lib/python3.11/site-packages/airflow/example_dags/example_branch_operator.py
[2024-06-14T17:24:06.880+0200] {processor.py:842} WARNING - No viable dags retrieved from /Users/noejalabert/airflow_venv/lib/python3.11/site-packages/airflow/example_dags/example_branch_operator.py
[2024-06-14T17:24:06.912+0200] {processor.py:183} INFO - Processing /Users/noejalabert/airflow_venv/lib/python3.11/site-packages/airflow/example_dags/example_branch_operator.py took 0.045 seconds
[2024-06-14T17:26:54.258+0200] {processor.py:161} INFO - Started process (PID=19649) to work on /Users/noejalabert/airflow_venv/lib/python3.11/site-packages/airflow/example_dags/example_branch_operator.py
[2024-06-14T17:26:54.259+0200] {processor.py:830} INFO - Processing file /Users/noejalabert/airflow_venv/lib/python3.11/site-packages/airflow/example_dags/example_branch_operator.py for tasks to queue
[2024-06-14T17:26:54.260+0200] {logging_mixin.py:188} INFO - [2024-06-14T17:26:54.260+0200] {dagbag.py:540} INFO - Filling up the DagBag from /Users/noejalabert/airflow_venv/lib/python3.11/site-packages/airflow/example_dags/example_branch_operator.py
[2024-06-14T17:26:54.269+0200] {processor.py:842} WARNING - No viable dags retrieved from /Users/noejalabert/airflow_venv/lib/python3.11/site-packages/airflow/example_dags/example_branch_operator.py
[2024-06-14T17:26:54.303+0200] {processor.py:183} INFO - Processing /Users/noejalabert/airflow_venv/lib/python3.11/site-packages/airflow/example_dags/example_branch_operator.py took 0.046 seconds
[2024-06-14T17:28:18.348+0200] {processor.py:161} INFO - Started process (PID=19768) to work on /Users/noejalabert/airflow_venv/lib/python3.11/site-packages/airflow/example_dags/example_branch_operator.py
[2024-06-14T17:28:18.349+0200] {processor.py:830} INFO - Processing file /Users/noejalabert/airflow_venv/lib/python3.11/site-packages/airflow/example_dags/example_branch_operator.py for tasks to queue
[2024-06-14T17:28:18.350+0200] {logging_mixin.py:188} INFO - [2024-06-14T17:28:18.350+0200] {dagbag.py:540} INFO - Filling up the DagBag from /Users/noejalabert/airflow_venv/lib/python3.11/site-packages/airflow/example_dags/example_branch_operator.py
[2024-06-14T17:28:18.360+0200] {processor.py:842} WARNING - No viable dags retrieved from /Users/noejalabert/airflow_venv/lib/python3.11/site-packages/airflow/example_dags/example_branch_operator.py
[2024-06-14T17:28:18.392+0200] {processor.py:183} INFO - Processing /Users/noejalabert/airflow_venv/lib/python3.11/site-packages/airflow/example_dags/example_branch_operator.py took 0.046 seconds
[2024-06-14T17:29:44.209+0200] {processor.py:161} INFO - Started process (PID=19886) to work on /Users/noejalabert/airflow_venv/lib/python3.11/site-packages/airflow/example_dags/example_branch_operator.py
[2024-06-14T17:29:44.210+0200] {processor.py:830} INFO - Processing file /Users/noejalabert/airflow_venv/lib/python3.11/site-packages/airflow/example_dags/example_branch_operator.py for tasks to queue
[2024-06-14T17:29:44.211+0200] {logging_mixin.py:188} INFO - [2024-06-14T17:29:44.211+0200] {dagbag.py:540} INFO - Filling up the DagBag from /Users/noejalabert/airflow_venv/lib/python3.11/site-packages/airflow/example_dags/example_branch_operator.py
[2024-06-14T17:29:44.220+0200] {processor.py:842} WARNING - No viable dags retrieved from /Users/noejalabert/airflow_venv/lib/python3.11/site-packages/airflow/example_dags/example_branch_operator.py
[2024-06-14T17:29:44.253+0200] {processor.py:183} INFO - Processing /Users/noejalabert/airflow_venv/lib/python3.11/site-packages/airflow/example_dags/example_branch_operator.py took 0.045 seconds
[2024-06-14T17:32:31.330+0200] {processor.py:161} INFO - Started process (PID=20196) to work on /Users/noejalabert/airflow_venv/lib/python3.11/site-packages/airflow/example_dags/example_branch_operator.py
[2024-06-14T17:32:31.331+0200] {processor.py:830} INFO - Processing file /Users/noejalabert/airflow_venv/lib/python3.11/site-packages/airflow/example_dags/example_branch_operator.py for tasks to queue
[2024-06-14T17:32:31.331+0200] {logging_mixin.py:188} INFO - [2024-06-14T17:32:31.331+0200] {dagbag.py:540} INFO - Filling up the DagBag from /Users/noejalabert/airflow_venv/lib/python3.11/site-packages/airflow/example_dags/example_branch_operator.py
[2024-06-14T17:32:31.341+0200] {processor.py:842} WARNING - No viable dags retrieved from /Users/noejalabert/airflow_venv/lib/python3.11/site-packages/airflow/example_dags/example_branch_operator.py
[2024-06-14T17:32:31.374+0200] {processor.py:183} INFO - Processing /Users/noejalabert/airflow_venv/lib/python3.11/site-packages/airflow/example_dags/example_branch_operator.py took 0.046 seconds
[2024-06-14T17:35:23.615+0200] {processor.py:161} INFO - Started process (PID=20470) to work on /Users/noejalabert/airflow_venv/lib/python3.11/site-packages/airflow/example_dags/example_branch_operator.py
[2024-06-14T17:35:23.616+0200] {processor.py:830} INFO - Processing file /Users/noejalabert/airflow_venv/lib/python3.11/site-packages/airflow/example_dags/example_branch_operator.py for tasks to queue
[2024-06-14T17:35:23.616+0200] {logging_mixin.py:188} INFO - [2024-06-14T17:35:23.616+0200] {dagbag.py:540} INFO - Filling up the DagBag from /Users/noejalabert/airflow_venv/lib/python3.11/site-packages/airflow/example_dags/example_branch_operator.py
[2024-06-14T17:35:23.626+0200] {processor.py:842} WARNING - No viable dags retrieved from /Users/noejalabert/airflow_venv/lib/python3.11/site-packages/airflow/example_dags/example_branch_operator.py
[2024-06-14T17:35:23.659+0200] {processor.py:183} INFO - Processing /Users/noejalabert/airflow_venv/lib/python3.11/site-packages/airflow/example_dags/example_branch_operator.py took 0.046 seconds
[2024-06-14T17:38:12.891+0200] {processor.py:161} INFO - Started process (PID=20696) to work on /Users/noejalabert/airflow_venv/lib/python3.11/site-packages/airflow/example_dags/example_branch_operator.py
[2024-06-14T17:38:12.892+0200] {processor.py:830} INFO - Processing file /Users/noejalabert/airflow_venv/lib/python3.11/site-packages/airflow/example_dags/example_branch_operator.py for tasks to queue
[2024-06-14T17:38:12.892+0200] {logging_mixin.py:188} INFO - [2024-06-14T17:38:12.892+0200] {dagbag.py:540} INFO - Filling up the DagBag from /Users/noejalabert/airflow_venv/lib/python3.11/site-packages/airflow/example_dags/example_branch_operator.py
[2024-06-14T17:38:12.902+0200] {processor.py:842} WARNING - No viable dags retrieved from /Users/noejalabert/airflow_venv/lib/python3.11/site-packages/airflow/example_dags/example_branch_operator.py
[2024-06-14T17:38:12.935+0200] {processor.py:183} INFO - Processing /Users/noejalabert/airflow_venv/lib/python3.11/site-packages/airflow/example_dags/example_branch_operator.py took 0.045 seconds
[2024-06-14T17:40:57.691+0200] {processor.py:161} INFO - Started process (PID=20913) to work on /Users/noejalabert/airflow_venv/lib/python3.11/site-packages/airflow/example_dags/example_branch_operator.py
[2024-06-14T17:40:57.692+0200] {processor.py:830} INFO - Processing file /Users/noejalabert/airflow_venv/lib/python3.11/site-packages/airflow/example_dags/example_branch_operator.py for tasks to queue
[2024-06-14T17:40:57.692+0200] {logging_mixin.py:188} INFO - [2024-06-14T17:40:57.692+0200] {dagbag.py:540} INFO - Filling up the DagBag from /Users/noejalabert/airflow_venv/lib/python3.11/site-packages/airflow/example_dags/example_branch_operator.py
[2024-06-14T17:40:57.702+0200] {processor.py:842} WARNING - No viable dags retrieved from /Users/noejalabert/airflow_venv/lib/python3.11/site-packages/airflow/example_dags/example_branch_operator.py
[2024-06-14T17:40:57.736+0200] {processor.py:183} INFO - Processing /Users/noejalabert/airflow_venv/lib/python3.11/site-packages/airflow/example_dags/example_branch_operator.py took 0.046 seconds
[2024-06-14T17:43:46.716+0200] {processor.py:161} INFO - Started process (PID=21136) to work on /Users/noejalabert/airflow_venv/lib/python3.11/site-packages/airflow/example_dags/example_branch_operator.py
[2024-06-14T17:43:46.717+0200] {processor.py:830} INFO - Processing file /Users/noejalabert/airflow_venv/lib/python3.11/site-packages/airflow/example_dags/example_branch_operator.py for tasks to queue
[2024-06-14T17:43:46.717+0200] {logging_mixin.py:188} INFO - [2024-06-14T17:43:46.717+0200] {dagbag.py:540} INFO - Filling up the DagBag from /Users/noejalabert/airflow_venv/lib/python3.11/site-packages/airflow/example_dags/example_branch_operator.py
[2024-06-14T17:43:46.727+0200] {processor.py:842} WARNING - No viable dags retrieved from /Users/noejalabert/airflow_venv/lib/python3.11/site-packages/airflow/example_dags/example_branch_operator.py
[2024-06-14T17:43:46.760+0200] {processor.py:183} INFO - Processing /Users/noejalabert/airflow_venv/lib/python3.11/site-packages/airflow/example_dags/example_branch_operator.py took 0.046 seconds
[2024-06-14T17:46:36.525+0200] {processor.py:161} INFO - Started process (PID=21370) to work on /Users/noejalabert/airflow_venv/lib/python3.11/site-packages/airflow/example_dags/example_branch_operator.py
[2024-06-14T17:46:36.526+0200] {processor.py:830} INFO - Processing file /Users/noejalabert/airflow_venv/lib/python3.11/site-packages/airflow/example_dags/example_branch_operator.py for tasks to queue
[2024-06-14T17:46:36.526+0200] {logging_mixin.py:188} INFO - [2024-06-14T17:46:36.526+0200] {dagbag.py:540} INFO - Filling up the DagBag from /Users/noejalabert/airflow_venv/lib/python3.11/site-packages/airflow/example_dags/example_branch_operator.py
[2024-06-14T17:46:36.536+0200] {processor.py:842} WARNING - No viable dags retrieved from /Users/noejalabert/airflow_venv/lib/python3.11/site-packages/airflow/example_dags/example_branch_operator.py
[2024-06-14T17:46:36.569+0200] {processor.py:183} INFO - Processing /Users/noejalabert/airflow_venv/lib/python3.11/site-packages/airflow/example_dags/example_branch_operator.py took 0.045 seconds
