[2024-06-14T10:00:50.931+0200] {processor.py:161} INFO - Started process (PID=22383) to work on /Users/noejalabert/airflow_venv/lib/python3.11/site-packages/airflow/example_dags/example_dag_decorator.py
[2024-06-14T10:00:50.932+0200] {processor.py:830} INFO - Processing file /Users/noejalabert/airflow_venv/lib/python3.11/site-packages/airflow/example_dags/example_dag_decorator.py for tasks to queue
[2024-06-14T10:00:50.932+0200] {logging_mixin.py:188} INFO - [2024-06-14T10:00:50.932+0200] {dagbag.py:540} INFO - Filling up the DagBag from /Users/noejalabert/airflow_venv/lib/python3.11/site-packages/airflow/example_dags/example_dag_decorator.py
[2024-06-14T10:00:51.015+0200] {processor.py:840} INFO - DAG(s) 'example_dag_decorator' retrieved from /Users/noejalabert/airflow_venv/lib/python3.11/site-packages/airflow/example_dags/example_dag_decorator.py
[2024-06-14T10:00:51.125+0200] {logging_mixin.py:188} INFO - [2024-06-14T10:00:51.125+0200] {dag.py:3096} INFO - Sync 1 DAGs
[2024-06-14T10:00:51.129+0200] {logging_mixin.py:188} INFO - [2024-06-14T10:00:51.129+0200] {dag.py:3954} INFO - Setting next_dagrun for example_dag_decorator to None, run_after=None
[2024-06-14T10:00:51.137+0200] {processor.py:183} INFO - Processing /Users/noejalabert/airflow_venv/lib/python3.11/site-packages/airflow/example_dags/example_dag_decorator.py took 0.208 seconds
[2024-06-14T10:02:21.726+0200] {processor.py:161} INFO - Started process (PID=22487) to work on /Users/noejalabert/airflow_venv/lib/python3.11/site-packages/airflow/example_dags/example_dag_decorator.py
[2024-06-14T10:02:21.727+0200] {processor.py:830} INFO - Processing file /Users/noejalabert/airflow_venv/lib/python3.11/site-packages/airflow/example_dags/example_dag_decorator.py for tasks to queue
[2024-06-14T10:02:21.728+0200] {logging_mixin.py:188} INFO - [2024-06-14T10:02:21.727+0200] {dagbag.py:540} INFO - Filling up the DagBag from /Users/noejalabert/airflow_venv/lib/python3.11/site-packages/airflow/example_dags/example_dag_decorator.py
[2024-06-14T10:02:21.827+0200] {processor.py:840} INFO - DAG(s) 'example_dag_decorator' retrieved from /Users/noejalabert/airflow_venv/lib/python3.11/site-packages/airflow/example_dags/example_dag_decorator.py
[2024-06-14T10:02:21.967+0200] {logging_mixin.py:188} INFO - [2024-06-14T10:02:21.966+0200] {dag.py:3096} INFO - Sync 1 DAGs
[2024-06-14T10:02:21.971+0200] {logging_mixin.py:188} INFO - [2024-06-14T10:02:21.971+0200] {dag.py:3954} INFO - Setting next_dagrun for example_dag_decorator to None, run_after=None
[2024-06-14T10:02:21.982+0200] {processor.py:183} INFO - Processing /Users/noejalabert/airflow_venv/lib/python3.11/site-packages/airflow/example_dags/example_dag_decorator.py took 0.258 seconds
[2024-06-14T10:03:57.013+0200] {processor.py:161} INFO - Started process (PID=22579) to work on /Users/noejalabert/airflow_venv/lib/python3.11/site-packages/airflow/example_dags/example_dag_decorator.py
[2024-06-14T10:03:57.013+0200] {processor.py:830} INFO - Processing file /Users/noejalabert/airflow_venv/lib/python3.11/site-packages/airflow/example_dags/example_dag_decorator.py for tasks to queue
[2024-06-14T10:03:57.014+0200] {logging_mixin.py:188} INFO - [2024-06-14T10:03:57.014+0200] {dagbag.py:540} INFO - Filling up the DagBag from /Users/noejalabert/airflow_venv/lib/python3.11/site-packages/airflow/example_dags/example_dag_decorator.py
[2024-06-14T10:03:57.103+0200] {processor.py:840} INFO - DAG(s) 'example_dag_decorator' retrieved from /Users/noejalabert/airflow_venv/lib/python3.11/site-packages/airflow/example_dags/example_dag_decorator.py
[2024-06-14T10:03:57.239+0200] {logging_mixin.py:188} INFO - [2024-06-14T10:03:57.239+0200] {dag.py:3096} INFO - Sync 1 DAGs
[2024-06-14T10:03:57.246+0200] {logging_mixin.py:188} INFO - [2024-06-14T10:03:57.246+0200] {dag.py:3954} INFO - Setting next_dagrun for example_dag_decorator to None, run_after=None
[2024-06-14T10:03:57.258+0200] {processor.py:183} INFO - Processing /Users/noejalabert/airflow_venv/lib/python3.11/site-packages/airflow/example_dags/example_dag_decorator.py took 0.247 seconds
[2024-06-14T10:18:41.999+0200] {processor.py:161} INFO - Started process (PID=1656) to work on /Users/noejalabert/airflow_venv/lib/python3.11/site-packages/airflow/example_dags/example_dag_decorator.py
[2024-06-14T10:18:42.000+0200] {processor.py:830} INFO - Processing file /Users/noejalabert/airflow_venv/lib/python3.11/site-packages/airflow/example_dags/example_dag_decorator.py for tasks to queue
[2024-06-14T10:18:42.001+0200] {logging_mixin.py:188} INFO - [2024-06-14T10:18:42.000+0200] {dagbag.py:540} INFO - Filling up the DagBag from /Users/noejalabert/airflow_venv/lib/python3.11/site-packages/airflow/example_dags/example_dag_decorator.py
[2024-06-14T10:18:42.080+0200] {processor.py:840} INFO - DAG(s) 'example_dag_decorator' retrieved from /Users/noejalabert/airflow_venv/lib/python3.11/site-packages/airflow/example_dags/example_dag_decorator.py
[2024-06-14T10:18:42.187+0200] {logging_mixin.py:188} INFO - [2024-06-14T10:18:42.187+0200] {dag.py:3096} INFO - Sync 1 DAGs
[2024-06-14T10:18:42.192+0200] {logging_mixin.py:188} INFO - [2024-06-14T10:18:42.192+0200] {dag.py:3954} INFO - Setting next_dagrun for example_dag_decorator to None, run_after=None
[2024-06-14T10:18:42.200+0200] {processor.py:183} INFO - Processing /Users/noejalabert/airflow_venv/lib/python3.11/site-packages/airflow/example_dags/example_dag_decorator.py took 0.202 seconds
[2024-06-14T10:20:13.219+0200] {processor.py:161} INFO - Started process (PID=1746) to work on /Users/noejalabert/airflow_venv/lib/python3.11/site-packages/airflow/example_dags/example_dag_decorator.py
[2024-06-14T10:20:13.220+0200] {processor.py:830} INFO - Processing file /Users/noejalabert/airflow_venv/lib/python3.11/site-packages/airflow/example_dags/example_dag_decorator.py for tasks to queue
[2024-06-14T10:20:13.220+0200] {logging_mixin.py:188} INFO - [2024-06-14T10:20:13.220+0200] {dagbag.py:540} INFO - Filling up the DagBag from /Users/noejalabert/airflow_venv/lib/python3.11/site-packages/airflow/example_dags/example_dag_decorator.py
[2024-06-14T10:20:13.323+0200] {processor.py:840} INFO - DAG(s) 'example_dag_decorator' retrieved from /Users/noejalabert/airflow_venv/lib/python3.11/site-packages/airflow/example_dags/example_dag_decorator.py
[2024-06-14T10:20:13.443+0200] {logging_mixin.py:188} INFO - [2024-06-14T10:20:13.443+0200] {dag.py:3096} INFO - Sync 1 DAGs
[2024-06-14T10:20:13.448+0200] {logging_mixin.py:188} INFO - [2024-06-14T10:20:13.447+0200] {dag.py:3954} INFO - Setting next_dagrun for example_dag_decorator to None, run_after=None
[2024-06-14T10:20:13.456+0200] {processor.py:183} INFO - Processing /Users/noejalabert/airflow_venv/lib/python3.11/site-packages/airflow/example_dags/example_dag_decorator.py took 0.238 seconds
[2024-06-14T10:21:37.417+0200] {processor.py:161} INFO - Started process (PID=1931) to work on /Users/noejalabert/airflow_venv/lib/python3.11/site-packages/airflow/example_dags/example_dag_decorator.py
[2024-06-14T10:21:37.418+0200] {processor.py:830} INFO - Processing file /Users/noejalabert/airflow_venv/lib/python3.11/site-packages/airflow/example_dags/example_dag_decorator.py for tasks to queue
[2024-06-14T10:21:37.419+0200] {logging_mixin.py:188} INFO - [2024-06-14T10:21:37.419+0200] {dagbag.py:540} INFO - Filling up the DagBag from /Users/noejalabert/airflow_venv/lib/python3.11/site-packages/airflow/example_dags/example_dag_decorator.py
[2024-06-14T10:21:37.516+0200] {processor.py:840} INFO - DAG(s) 'example_dag_decorator' retrieved from /Users/noejalabert/airflow_venv/lib/python3.11/site-packages/airflow/example_dags/example_dag_decorator.py
[2024-06-14T10:21:37.631+0200] {logging_mixin.py:188} INFO - [2024-06-14T10:21:37.631+0200] {dag.py:3096} INFO - Sync 1 DAGs
[2024-06-14T10:21:37.636+0200] {logging_mixin.py:188} INFO - [2024-06-14T10:21:37.635+0200] {dag.py:3954} INFO - Setting next_dagrun for example_dag_decorator to None, run_after=None
[2024-06-14T10:21:37.643+0200] {processor.py:183} INFO - Processing /Users/noejalabert/airflow_venv/lib/python3.11/site-packages/airflow/example_dags/example_dag_decorator.py took 0.227 seconds
[2024-06-14T10:23:01.795+0200] {processor.py:161} INFO - Started process (PID=2018) to work on /Users/noejalabert/airflow_venv/lib/python3.11/site-packages/airflow/example_dags/example_dag_decorator.py
[2024-06-14T10:23:01.796+0200] {processor.py:830} INFO - Processing file /Users/noejalabert/airflow_venv/lib/python3.11/site-packages/airflow/example_dags/example_dag_decorator.py for tasks to queue
[2024-06-14T10:23:01.796+0200] {logging_mixin.py:188} INFO - [2024-06-14T10:23:01.796+0200] {dagbag.py:540} INFO - Filling up the DagBag from /Users/noejalabert/airflow_venv/lib/python3.11/site-packages/airflow/example_dags/example_dag_decorator.py
[2024-06-14T10:23:01.880+0200] {processor.py:840} INFO - DAG(s) 'example_dag_decorator' retrieved from /Users/noejalabert/airflow_venv/lib/python3.11/site-packages/airflow/example_dags/example_dag_decorator.py
[2024-06-14T10:23:01.983+0200] {logging_mixin.py:188} INFO - [2024-06-14T10:23:01.983+0200] {dag.py:3096} INFO - Sync 1 DAGs
[2024-06-14T10:23:01.987+0200] {logging_mixin.py:188} INFO - [2024-06-14T10:23:01.987+0200] {dag.py:3954} INFO - Setting next_dagrun for example_dag_decorator to None, run_after=None
[2024-06-14T10:23:01.995+0200] {processor.py:183} INFO - Processing /Users/noejalabert/airflow_venv/lib/python3.11/site-packages/airflow/example_dags/example_dag_decorator.py took 0.201 seconds
[2024-06-14T10:24:25.234+0200] {processor.py:161} INFO - Started process (PID=2101) to work on /Users/noejalabert/airflow_venv/lib/python3.11/site-packages/airflow/example_dags/example_dag_decorator.py
[2024-06-14T10:24:25.235+0200] {processor.py:830} INFO - Processing file /Users/noejalabert/airflow_venv/lib/python3.11/site-packages/airflow/example_dags/example_dag_decorator.py for tasks to queue
[2024-06-14T10:24:25.235+0200] {logging_mixin.py:188} INFO - [2024-06-14T10:24:25.235+0200] {dagbag.py:540} INFO - Filling up the DagBag from /Users/noejalabert/airflow_venv/lib/python3.11/site-packages/airflow/example_dags/example_dag_decorator.py
[2024-06-14T10:24:25.314+0200] {processor.py:840} INFO - DAG(s) 'example_dag_decorator' retrieved from /Users/noejalabert/airflow_venv/lib/python3.11/site-packages/airflow/example_dags/example_dag_decorator.py
[2024-06-14T10:24:25.416+0200] {logging_mixin.py:188} INFO - [2024-06-14T10:24:25.415+0200] {dag.py:3096} INFO - Sync 1 DAGs
[2024-06-14T10:24:25.420+0200] {logging_mixin.py:188} INFO - [2024-06-14T10:24:25.420+0200] {dag.py:3954} INFO - Setting next_dagrun for example_dag_decorator to None, run_after=None
[2024-06-14T10:24:25.428+0200] {processor.py:183} INFO - Processing /Users/noejalabert/airflow_venv/lib/python3.11/site-packages/airflow/example_dags/example_dag_decorator.py took 0.195 seconds
[2024-06-14T10:25:50.216+0200] {processor.py:161} INFO - Started process (PID=2182) to work on /Users/noejalabert/airflow_venv/lib/python3.11/site-packages/airflow/example_dags/example_dag_decorator.py
[2024-06-14T10:25:50.216+0200] {processor.py:830} INFO - Processing file /Users/noejalabert/airflow_venv/lib/python3.11/site-packages/airflow/example_dags/example_dag_decorator.py for tasks to queue
[2024-06-14T10:25:50.217+0200] {logging_mixin.py:188} INFO - [2024-06-14T10:25:50.217+0200] {dagbag.py:540} INFO - Filling up the DagBag from /Users/noejalabert/airflow_venv/lib/python3.11/site-packages/airflow/example_dags/example_dag_decorator.py
[2024-06-14T10:25:50.295+0200] {processor.py:840} INFO - DAG(s) 'example_dag_decorator' retrieved from /Users/noejalabert/airflow_venv/lib/python3.11/site-packages/airflow/example_dags/example_dag_decorator.py
[2024-06-14T10:25:50.397+0200] {logging_mixin.py:188} INFO - [2024-06-14T10:25:50.397+0200] {dag.py:3096} INFO - Sync 1 DAGs
[2024-06-14T10:25:50.401+0200] {logging_mixin.py:188} INFO - [2024-06-14T10:25:50.401+0200] {dag.py:3954} INFO - Setting next_dagrun for example_dag_decorator to None, run_after=None
[2024-06-14T10:25:50.409+0200] {processor.py:183} INFO - Processing /Users/noejalabert/airflow_venv/lib/python3.11/site-packages/airflow/example_dags/example_dag_decorator.py took 0.194 seconds
[2024-06-14T10:27:17.060+0200] {processor.py:161} INFO - Started process (PID=2274) to work on /Users/noejalabert/airflow_venv/lib/python3.11/site-packages/airflow/example_dags/example_dag_decorator.py
[2024-06-14T10:27:17.060+0200] {processor.py:830} INFO - Processing file /Users/noejalabert/airflow_venv/lib/python3.11/site-packages/airflow/example_dags/example_dag_decorator.py for tasks to queue
[2024-06-14T10:27:17.061+0200] {logging_mixin.py:188} INFO - [2024-06-14T10:27:17.061+0200] {dagbag.py:540} INFO - Filling up the DagBag from /Users/noejalabert/airflow_venv/lib/python3.11/site-packages/airflow/example_dags/example_dag_decorator.py
[2024-06-14T10:27:17.142+0200] {processor.py:840} INFO - DAG(s) 'example_dag_decorator' retrieved from /Users/noejalabert/airflow_venv/lib/python3.11/site-packages/airflow/example_dags/example_dag_decorator.py
[2024-06-14T10:27:17.245+0200] {logging_mixin.py:188} INFO - [2024-06-14T10:27:17.245+0200] {dag.py:3096} INFO - Sync 1 DAGs
[2024-06-14T10:27:17.250+0200] {logging_mixin.py:188} INFO - [2024-06-14T10:27:17.250+0200] {dag.py:3954} INFO - Setting next_dagrun for example_dag_decorator to None, run_after=None
[2024-06-14T10:27:17.258+0200] {processor.py:183} INFO - Processing /Users/noejalabert/airflow_venv/lib/python3.11/site-packages/airflow/example_dags/example_dag_decorator.py took 0.199 seconds
[2024-06-14T10:28:38.530+0200] {processor.py:161} INFO - Started process (PID=2365) to work on /Users/noejalabert/airflow_venv/lib/python3.11/site-packages/airflow/example_dags/example_dag_decorator.py
[2024-06-14T10:28:38.530+0200] {processor.py:830} INFO - Processing file /Users/noejalabert/airflow_venv/lib/python3.11/site-packages/airflow/example_dags/example_dag_decorator.py for tasks to queue
[2024-06-14T10:28:38.531+0200] {logging_mixin.py:188} INFO - [2024-06-14T10:28:38.530+0200] {dagbag.py:540} INFO - Filling up the DagBag from /Users/noejalabert/airflow_venv/lib/python3.11/site-packages/airflow/example_dags/example_dag_decorator.py
[2024-06-14T10:28:38.613+0200] {processor.py:840} INFO - DAG(s) 'example_dag_decorator' retrieved from /Users/noejalabert/airflow_venv/lib/python3.11/site-packages/airflow/example_dags/example_dag_decorator.py
[2024-06-14T10:28:38.715+0200] {logging_mixin.py:188} INFO - [2024-06-14T10:28:38.715+0200] {dag.py:3096} INFO - Sync 1 DAGs
[2024-06-14T10:28:38.719+0200] {logging_mixin.py:188} INFO - [2024-06-14T10:28:38.719+0200] {dag.py:3954} INFO - Setting next_dagrun for example_dag_decorator to None, run_after=None
[2024-06-14T10:28:38.727+0200] {processor.py:183} INFO - Processing /Users/noejalabert/airflow_venv/lib/python3.11/site-packages/airflow/example_dags/example_dag_decorator.py took 0.198 seconds
[2024-06-14T10:30:01.381+0200] {processor.py:161} INFO - Started process (PID=2448) to work on /Users/noejalabert/airflow_venv/lib/python3.11/site-packages/airflow/example_dags/example_dag_decorator.py
[2024-06-14T10:30:01.381+0200] {processor.py:830} INFO - Processing file /Users/noejalabert/airflow_venv/lib/python3.11/site-packages/airflow/example_dags/example_dag_decorator.py for tasks to queue
[2024-06-14T10:30:01.382+0200] {logging_mixin.py:188} INFO - [2024-06-14T10:30:01.382+0200] {dagbag.py:540} INFO - Filling up the DagBag from /Users/noejalabert/airflow_venv/lib/python3.11/site-packages/airflow/example_dags/example_dag_decorator.py
[2024-06-14T10:30:01.461+0200] {processor.py:840} INFO - DAG(s) 'example_dag_decorator' retrieved from /Users/noejalabert/airflow_venv/lib/python3.11/site-packages/airflow/example_dags/example_dag_decorator.py
[2024-06-14T10:30:01.562+0200] {logging_mixin.py:188} INFO - [2024-06-14T10:30:01.562+0200] {dag.py:3096} INFO - Sync 1 DAGs
[2024-06-14T10:30:01.567+0200] {logging_mixin.py:188} INFO - [2024-06-14T10:30:01.567+0200] {dag.py:3954} INFO - Setting next_dagrun for example_dag_decorator to None, run_after=None
[2024-06-14T10:30:01.574+0200] {processor.py:183} INFO - Processing /Users/noejalabert/airflow_venv/lib/python3.11/site-packages/airflow/example_dags/example_dag_decorator.py took 0.195 seconds
[2024-06-14T10:31:25.417+0200] {processor.py:161} INFO - Started process (PID=2532) to work on /Users/noejalabert/airflow_venv/lib/python3.11/site-packages/airflow/example_dags/example_dag_decorator.py
[2024-06-14T10:31:25.417+0200] {processor.py:830} INFO - Processing file /Users/noejalabert/airflow_venv/lib/python3.11/site-packages/airflow/example_dags/example_dag_decorator.py for tasks to queue
[2024-06-14T10:31:25.417+0200] {logging_mixin.py:188} INFO - [2024-06-14T10:31:25.417+0200] {dagbag.py:540} INFO - Filling up the DagBag from /Users/noejalabert/airflow_venv/lib/python3.11/site-packages/airflow/example_dags/example_dag_decorator.py
[2024-06-14T10:31:25.501+0200] {processor.py:840} INFO - DAG(s) 'example_dag_decorator' retrieved from /Users/noejalabert/airflow_venv/lib/python3.11/site-packages/airflow/example_dags/example_dag_decorator.py
[2024-06-14T10:31:25.612+0200] {logging_mixin.py:188} INFO - [2024-06-14T10:31:25.612+0200] {dag.py:3096} INFO - Sync 1 DAGs
[2024-06-14T10:31:25.616+0200] {logging_mixin.py:188} INFO - [2024-06-14T10:31:25.616+0200] {dag.py:3954} INFO - Setting next_dagrun for example_dag_decorator to None, run_after=None
[2024-06-14T10:31:25.625+0200] {processor.py:183} INFO - Processing /Users/noejalabert/airflow_venv/lib/python3.11/site-packages/airflow/example_dags/example_dag_decorator.py took 0.209 seconds
[2024-06-14T10:32:49.016+0200] {processor.py:161} INFO - Started process (PID=2722) to work on /Users/noejalabert/airflow_venv/lib/python3.11/site-packages/airflow/example_dags/example_dag_decorator.py
[2024-06-14T10:32:49.017+0200] {processor.py:830} INFO - Processing file /Users/noejalabert/airflow_venv/lib/python3.11/site-packages/airflow/example_dags/example_dag_decorator.py for tasks to queue
[2024-06-14T10:32:49.017+0200] {logging_mixin.py:188} INFO - [2024-06-14T10:32:49.017+0200] {dagbag.py:540} INFO - Filling up the DagBag from /Users/noejalabert/airflow_venv/lib/python3.11/site-packages/airflow/example_dags/example_dag_decorator.py
[2024-06-14T10:32:49.096+0200] {processor.py:840} INFO - DAG(s) 'example_dag_decorator' retrieved from /Users/noejalabert/airflow_venv/lib/python3.11/site-packages/airflow/example_dags/example_dag_decorator.py
[2024-06-14T10:32:49.199+0200] {logging_mixin.py:188} INFO - [2024-06-14T10:32:49.199+0200] {dag.py:3096} INFO - Sync 1 DAGs
[2024-06-14T10:32:49.203+0200] {logging_mixin.py:188} INFO - [2024-06-14T10:32:49.203+0200] {dag.py:3954} INFO - Setting next_dagrun for example_dag_decorator to None, run_after=None
[2024-06-14T10:32:49.211+0200] {processor.py:183} INFO - Processing /Users/noejalabert/airflow_venv/lib/python3.11/site-packages/airflow/example_dags/example_dag_decorator.py took 0.196 seconds
[2024-06-14T10:34:11.938+0200] {processor.py:161} INFO - Started process (PID=2799) to work on /Users/noejalabert/airflow_venv/lib/python3.11/site-packages/airflow/example_dags/example_dag_decorator.py
[2024-06-14T10:34:11.938+0200] {processor.py:830} INFO - Processing file /Users/noejalabert/airflow_venv/lib/python3.11/site-packages/airflow/example_dags/example_dag_decorator.py for tasks to queue
[2024-06-14T10:34:11.939+0200] {logging_mixin.py:188} INFO - [2024-06-14T10:34:11.939+0200] {dagbag.py:540} INFO - Filling up the DagBag from /Users/noejalabert/airflow_venv/lib/python3.11/site-packages/airflow/example_dags/example_dag_decorator.py
[2024-06-14T10:34:12.017+0200] {processor.py:840} INFO - DAG(s) 'example_dag_decorator' retrieved from /Users/noejalabert/airflow_venv/lib/python3.11/site-packages/airflow/example_dags/example_dag_decorator.py
[2024-06-14T10:34:12.128+0200] {logging_mixin.py:188} INFO - [2024-06-14T10:34:12.128+0200] {dag.py:3096} INFO - Sync 1 DAGs
[2024-06-14T10:34:12.133+0200] {logging_mixin.py:188} INFO - [2024-06-14T10:34:12.133+0200] {dag.py:3954} INFO - Setting next_dagrun for example_dag_decorator to None, run_after=None
[2024-06-14T10:34:12.142+0200] {processor.py:183} INFO - Processing /Users/noejalabert/airflow_venv/lib/python3.11/site-packages/airflow/example_dags/example_dag_decorator.py took 0.205 seconds
