[2024-06-14T10:00:59.775+0200] {processor.py:161} INFO - Started process (PID=22388) to work on /Users/noejalabert/airflow_venv/lib/python3.11/site-packages/airflow/example_dags/example_branch_labels.py
[2024-06-14T10:00:59.776+0200] {processor.py:830} INFO - Processing file /Users/noejalabert/airflow_venv/lib/python3.11/site-packages/airflow/example_dags/example_branch_labels.py for tasks to queue
[2024-06-14T10:00:59.776+0200] {logging_mixin.py:188} INFO - [2024-06-14T10:00:59.776+0200] {dagbag.py:540} INFO - Filling up the DagBag from /Users/noejalabert/airflow_venv/lib/python3.11/site-packages/airflow/example_dags/example_branch_labels.py
[2024-06-14T10:00:59.780+0200] {processor.py:840} INFO - DAG(s) 'example_branch_labels' retrieved from /Users/noejalabert/airflow_venv/lib/python3.11/site-packages/airflow/example_dags/example_branch_labels.py
[2024-06-14T10:00:59.865+0200] {logging_mixin.py:188} INFO - [2024-06-14T10:00:59.864+0200] {dag.py:3096} INFO - Sync 1 DAGs
[2024-06-14T10:00:59.872+0200] {logging_mixin.py:188} INFO - [2024-06-14T10:00:59.872+0200] {dag.py:3954} INFO - Setting next_dagrun for example_branch_labels to 2024-06-13 00:00:00+00:00, run_after=2024-06-14 00:00:00+00:00
[2024-06-14T10:00:59.880+0200] {processor.py:183} INFO - Processing /Users/noejalabert/airflow_venv/lib/python3.11/site-packages/airflow/example_dags/example_branch_labels.py took 0.106 seconds
[2024-06-14T10:02:29.644+0200] {processor.py:161} INFO - Started process (PID=22495) to work on /Users/noejalabert/airflow_venv/lib/python3.11/site-packages/airflow/example_dags/example_branch_labels.py
[2024-06-14T10:02:29.645+0200] {processor.py:830} INFO - Processing file /Users/noejalabert/airflow_venv/lib/python3.11/site-packages/airflow/example_dags/example_branch_labels.py for tasks to queue
[2024-06-14T10:02:29.645+0200] {logging_mixin.py:188} INFO - [2024-06-14T10:02:29.645+0200] {dagbag.py:540} INFO - Filling up the DagBag from /Users/noejalabert/airflow_venv/lib/python3.11/site-packages/airflow/example_dags/example_branch_labels.py
[2024-06-14T10:02:29.649+0200] {processor.py:840} INFO - DAG(s) 'example_branch_labels' retrieved from /Users/noejalabert/airflow_venv/lib/python3.11/site-packages/airflow/example_dags/example_branch_labels.py
[2024-06-14T10:02:29.696+0200] {logging_mixin.py:188} INFO - [2024-06-14T10:02:29.696+0200] {dag.py:3096} INFO - Sync 1 DAGs
[2024-06-14T10:02:29.704+0200] {logging_mixin.py:188} INFO - [2024-06-14T10:02:29.704+0200] {dag.py:3954} INFO - Setting next_dagrun for example_branch_labels to 2024-06-13 00:00:00+00:00, run_after=2024-06-14 00:00:00+00:00
[2024-06-14T10:02:29.711+0200] {processor.py:183} INFO - Processing /Users/noejalabert/airflow_venv/lib/python3.11/site-packages/airflow/example_dags/example_branch_labels.py took 0.069 seconds
[2024-06-14T10:18:51.747+0200] {processor.py:161} INFO - Started process (PID=1667) to work on /Users/noejalabert/airflow_venv/lib/python3.11/site-packages/airflow/example_dags/example_branch_labels.py
[2024-06-14T10:18:51.749+0200] {processor.py:830} INFO - Processing file /Users/noejalabert/airflow_venv/lib/python3.11/site-packages/airflow/example_dags/example_branch_labels.py for tasks to queue
[2024-06-14T10:18:51.749+0200] {logging_mixin.py:188} INFO - [2024-06-14T10:18:51.749+0200] {dagbag.py:540} INFO - Filling up the DagBag from /Users/noejalabert/airflow_venv/lib/python3.11/site-packages/airflow/example_dags/example_branch_labels.py
[2024-06-14T10:18:51.753+0200] {processor.py:840} INFO - DAG(s) 'example_branch_labels' retrieved from /Users/noejalabert/airflow_venv/lib/python3.11/site-packages/airflow/example_dags/example_branch_labels.py
[2024-06-14T10:18:51.841+0200] {logging_mixin.py:188} INFO - [2024-06-14T10:18:51.841+0200] {dag.py:3096} INFO - Sync 1 DAGs
[2024-06-14T10:18:51.848+0200] {logging_mixin.py:188} INFO - [2024-06-14T10:18:51.848+0200] {dag.py:3954} INFO - Setting next_dagrun for example_branch_labels to 2024-06-13 00:00:00+00:00, run_after=2024-06-14 00:00:00+00:00
[2024-06-14T10:18:51.857+0200] {processor.py:183} INFO - Processing /Users/noejalabert/airflow_venv/lib/python3.11/site-packages/airflow/example_dags/example_branch_labels.py took 0.110 seconds
[2024-06-14T10:20:22.681+0200] {processor.py:161} INFO - Started process (PID=1753) to work on /Users/noejalabert/airflow_venv/lib/python3.11/site-packages/airflow/example_dags/example_branch_labels.py
[2024-06-14T10:20:22.681+0200] {processor.py:830} INFO - Processing file /Users/noejalabert/airflow_venv/lib/python3.11/site-packages/airflow/example_dags/example_branch_labels.py for tasks to queue
[2024-06-14T10:20:22.682+0200] {logging_mixin.py:188} INFO - [2024-06-14T10:20:22.681+0200] {dagbag.py:540} INFO - Filling up the DagBag from /Users/noejalabert/airflow_venv/lib/python3.11/site-packages/airflow/example_dags/example_branch_labels.py
[2024-06-14T10:20:22.686+0200] {processor.py:840} INFO - DAG(s) 'example_branch_labels' retrieved from /Users/noejalabert/airflow_venv/lib/python3.11/site-packages/airflow/example_dags/example_branch_labels.py
[2024-06-14T10:20:22.736+0200] {logging_mixin.py:188} INFO - [2024-06-14T10:20:22.736+0200] {dag.py:3096} INFO - Sync 1 DAGs
[2024-06-14T10:20:22.745+0200] {logging_mixin.py:188} INFO - [2024-06-14T10:20:22.745+0200] {dag.py:3954} INFO - Setting next_dagrun for example_branch_labels to 2024-06-13 00:00:00+00:00, run_after=2024-06-14 00:00:00+00:00
[2024-06-14T10:20:22.752+0200] {processor.py:183} INFO - Processing /Users/noejalabert/airflow_venv/lib/python3.11/site-packages/airflow/example_dags/example_branch_labels.py took 0.073 seconds
[2024-06-14T10:23:10.792+0200] {processor.py:161} INFO - Started process (PID=2026) to work on /Users/noejalabert/airflow_venv/lib/python3.11/site-packages/airflow/example_dags/example_branch_labels.py
[2024-06-14T10:23:10.793+0200] {processor.py:830} INFO - Processing file /Users/noejalabert/airflow_venv/lib/python3.11/site-packages/airflow/example_dags/example_branch_labels.py for tasks to queue
[2024-06-14T10:23:10.793+0200] {logging_mixin.py:188} INFO - [2024-06-14T10:23:10.793+0200] {dagbag.py:540} INFO - Filling up the DagBag from /Users/noejalabert/airflow_venv/lib/python3.11/site-packages/airflow/example_dags/example_branch_labels.py
[2024-06-14T10:23:10.797+0200] {processor.py:840} INFO - DAG(s) 'example_branch_labels' retrieved from /Users/noejalabert/airflow_venv/lib/python3.11/site-packages/airflow/example_dags/example_branch_labels.py
[2024-06-14T10:23:10.844+0200] {logging_mixin.py:188} INFO - [2024-06-14T10:23:10.844+0200] {dag.py:3096} INFO - Sync 1 DAGs
[2024-06-14T10:23:10.852+0200] {logging_mixin.py:188} INFO - [2024-06-14T10:23:10.852+0200] {dag.py:3954} INFO - Setting next_dagrun for example_branch_labels to 2024-06-13 00:00:00+00:00, run_after=2024-06-14 00:00:00+00:00
[2024-06-14T10:23:10.859+0200] {processor.py:183} INFO - Processing /Users/noejalabert/airflow_venv/lib/python3.11/site-packages/airflow/example_dags/example_branch_labels.py took 0.069 seconds
[2024-06-14T10:25:59.452+0200] {processor.py:161} INFO - Started process (PID=2188) to work on /Users/noejalabert/airflow_venv/lib/python3.11/site-packages/airflow/example_dags/example_branch_labels.py
[2024-06-14T10:25:59.452+0200] {processor.py:830} INFO - Processing file /Users/noejalabert/airflow_venv/lib/python3.11/site-packages/airflow/example_dags/example_branch_labels.py for tasks to queue
[2024-06-14T10:25:59.453+0200] {logging_mixin.py:188} INFO - [2024-06-14T10:25:59.453+0200] {dagbag.py:540} INFO - Filling up the DagBag from /Users/noejalabert/airflow_venv/lib/python3.11/site-packages/airflow/example_dags/example_branch_labels.py
[2024-06-14T10:25:59.456+0200] {processor.py:840} INFO - DAG(s) 'example_branch_labels' retrieved from /Users/noejalabert/airflow_venv/lib/python3.11/site-packages/airflow/example_dags/example_branch_labels.py
[2024-06-14T10:25:59.504+0200] {logging_mixin.py:188} INFO - [2024-06-14T10:25:59.503+0200] {dag.py:3096} INFO - Sync 1 DAGs
[2024-06-14T10:25:59.511+0200] {logging_mixin.py:188} INFO - [2024-06-14T10:25:59.511+0200] {dag.py:3954} INFO - Setting next_dagrun for example_branch_labels to 2024-06-13 00:00:00+00:00, run_after=2024-06-14 00:00:00+00:00
[2024-06-14T10:25:59.519+0200] {processor.py:183} INFO - Processing /Users/noejalabert/airflow_venv/lib/python3.11/site-packages/airflow/example_dags/example_branch_labels.py took 0.068 seconds
[2024-06-14T10:28:46.072+0200] {processor.py:161} INFO - Started process (PID=2373) to work on /Users/noejalabert/airflow_venv/lib/python3.11/site-packages/airflow/example_dags/example_branch_labels.py
[2024-06-14T10:28:46.073+0200] {processor.py:830} INFO - Processing file /Users/noejalabert/airflow_venv/lib/python3.11/site-packages/airflow/example_dags/example_branch_labels.py for tasks to queue
[2024-06-14T10:28:46.073+0200] {logging_mixin.py:188} INFO - [2024-06-14T10:28:46.073+0200] {dagbag.py:540} INFO - Filling up the DagBag from /Users/noejalabert/airflow_venv/lib/python3.11/site-packages/airflow/example_dags/example_branch_labels.py
[2024-06-14T10:28:46.077+0200] {processor.py:840} INFO - DAG(s) 'example_branch_labels' retrieved from /Users/noejalabert/airflow_venv/lib/python3.11/site-packages/airflow/example_dags/example_branch_labels.py
[2024-06-14T10:28:46.124+0200] {logging_mixin.py:188} INFO - [2024-06-14T10:28:46.124+0200] {dag.py:3096} INFO - Sync 1 DAGs
[2024-06-14T10:28:46.132+0200] {logging_mixin.py:188} INFO - [2024-06-14T10:28:46.132+0200] {dag.py:3954} INFO - Setting next_dagrun for example_branch_labels to 2024-06-13 00:00:00+00:00, run_after=2024-06-14 00:00:00+00:00
[2024-06-14T10:28:46.140+0200] {processor.py:183} INFO - Processing /Users/noejalabert/airflow_venv/lib/python3.11/site-packages/airflow/example_dags/example_branch_labels.py took 0.069 seconds
[2024-06-14T10:31:34.781+0200] {processor.py:161} INFO - Started process (PID=2539) to work on /Users/noejalabert/airflow_venv/lib/python3.11/site-packages/airflow/example_dags/example_branch_labels.py
[2024-06-14T10:31:34.782+0200] {processor.py:830} INFO - Processing file /Users/noejalabert/airflow_venv/lib/python3.11/site-packages/airflow/example_dags/example_branch_labels.py for tasks to queue
[2024-06-14T10:31:34.782+0200] {logging_mixin.py:188} INFO - [2024-06-14T10:31:34.782+0200] {dagbag.py:540} INFO - Filling up the DagBag from /Users/noejalabert/airflow_venv/lib/python3.11/site-packages/airflow/example_dags/example_branch_labels.py
[2024-06-14T10:31:34.786+0200] {processor.py:840} INFO - DAG(s) 'example_branch_labels' retrieved from /Users/noejalabert/airflow_venv/lib/python3.11/site-packages/airflow/example_dags/example_branch_labels.py
[2024-06-14T10:31:34.833+0200] {logging_mixin.py:188} INFO - [2024-06-14T10:31:34.833+0200] {dag.py:3096} INFO - Sync 1 DAGs
[2024-06-14T10:31:34.841+0200] {logging_mixin.py:188} INFO - [2024-06-14T10:31:34.841+0200] {dag.py:3954} INFO - Setting next_dagrun for example_branch_labels to 2024-06-13 00:00:00+00:00, run_after=2024-06-14 00:00:00+00:00
[2024-06-14T10:31:34.848+0200] {processor.py:183} INFO - Processing /Users/noejalabert/airflow_venv/lib/python3.11/site-packages/airflow/example_dags/example_branch_labels.py took 0.068 seconds
[2024-06-14T10:34:21.202+0200] {processor.py:161} INFO - Started process (PID=2841) to work on /Users/noejalabert/airflow_venv/lib/python3.11/site-packages/airflow/example_dags/example_branch_labels.py
[2024-06-14T10:34:21.203+0200] {processor.py:830} INFO - Processing file /Users/noejalabert/airflow_venv/lib/python3.11/site-packages/airflow/example_dags/example_branch_labels.py for tasks to queue
[2024-06-14T10:34:21.203+0200] {logging_mixin.py:188} INFO - [2024-06-14T10:34:21.203+0200] {dagbag.py:540} INFO - Filling up the DagBag from /Users/noejalabert/airflow_venv/lib/python3.11/site-packages/airflow/example_dags/example_branch_labels.py
[2024-06-14T10:34:21.207+0200] {processor.py:840} INFO - DAG(s) 'example_branch_labels' retrieved from /Users/noejalabert/airflow_venv/lib/python3.11/site-packages/airflow/example_dags/example_branch_labels.py
[2024-06-14T10:34:21.258+0200] {logging_mixin.py:188} INFO - [2024-06-14T10:34:21.257+0200] {dag.py:3096} INFO - Sync 1 DAGs
[2024-06-14T10:34:21.266+0200] {logging_mixin.py:188} INFO - [2024-06-14T10:34:21.266+0200] {dag.py:3954} INFO - Setting next_dagrun for example_branch_labels to 2024-06-13 00:00:00+00:00, run_after=2024-06-14 00:00:00+00:00
[2024-06-14T10:34:21.274+0200] {processor.py:183} INFO - Processing /Users/noejalabert/airflow_venv/lib/python3.11/site-packages/airflow/example_dags/example_branch_labels.py took 0.073 seconds
[2024-06-14T15:37:03.918+0200] {processor.py:161} INFO - Started process (PID=10003) to work on /Users/noejalabert/airflow_venv/lib/python3.11/site-packages/airflow/example_dags/example_branch_labels.py
[2024-06-14T15:37:03.920+0200] {processor.py:830} INFO - Processing file /Users/noejalabert/airflow_venv/lib/python3.11/site-packages/airflow/example_dags/example_branch_labels.py for tasks to queue
[2024-06-14T15:37:03.920+0200] {logging_mixin.py:188} INFO - [2024-06-14T15:37:03.920+0200] {dagbag.py:540} INFO - Filling up the DagBag from /Users/noejalabert/airflow_venv/lib/python3.11/site-packages/airflow/example_dags/example_branch_labels.py
[2024-06-14T15:37:03.924+0200] {processor.py:840} INFO - DAG(s) 'example_branch_labels' retrieved from /Users/noejalabert/airflow_venv/lib/python3.11/site-packages/airflow/example_dags/example_branch_labels.py
[2024-06-14T15:37:04.005+0200] {logging_mixin.py:188} INFO - [2024-06-14T15:37:04.005+0200] {dag.py:3096} INFO - Sync 1 DAGs
[2024-06-14T15:37:04.012+0200] {logging_mixin.py:188} INFO - [2024-06-14T15:37:04.012+0200] {dag.py:3954} INFO - Setting next_dagrun for example_branch_labels to 2024-06-13 00:00:00+00:00, run_after=2024-06-14 00:00:00+00:00
[2024-06-14T15:37:04.020+0200] {processor.py:183} INFO - Processing /Users/noejalabert/airflow_venv/lib/python3.11/site-packages/airflow/example_dags/example_branch_labels.py took 0.103 seconds
[2024-06-14T15:38:34.760+0200] {processor.py:161} INFO - Started process (PID=10151) to work on /Users/noejalabert/airflow_venv/lib/python3.11/site-packages/airflow/example_dags/example_branch_labels.py
[2024-06-14T15:38:34.761+0200] {processor.py:830} INFO - Processing file /Users/noejalabert/airflow_venv/lib/python3.11/site-packages/airflow/example_dags/example_branch_labels.py for tasks to queue
[2024-06-14T15:38:34.761+0200] {logging_mixin.py:188} INFO - [2024-06-14T15:38:34.761+0200] {dagbag.py:540} INFO - Filling up the DagBag from /Users/noejalabert/airflow_venv/lib/python3.11/site-packages/airflow/example_dags/example_branch_labels.py
[2024-06-14T15:38:34.765+0200] {processor.py:840} INFO - DAG(s) 'example_branch_labels' retrieved from /Users/noejalabert/airflow_venv/lib/python3.11/site-packages/airflow/example_dags/example_branch_labels.py
[2024-06-14T15:38:34.813+0200] {logging_mixin.py:188} INFO - [2024-06-14T15:38:34.813+0200] {dag.py:3096} INFO - Sync 1 DAGs
[2024-06-14T15:38:34.821+0200] {logging_mixin.py:188} INFO - [2024-06-14T15:38:34.821+0200] {dag.py:3954} INFO - Setting next_dagrun for example_branch_labels to 2024-06-13 00:00:00+00:00, run_after=2024-06-14 00:00:00+00:00
[2024-06-14T15:38:34.829+0200] {processor.py:183} INFO - Processing /Users/noejalabert/airflow_venv/lib/python3.11/site-packages/airflow/example_dags/example_branch_labels.py took 0.070 seconds
[2024-06-14T15:41:28.015+0200] {processor.py:161} INFO - Started process (PID=10382) to work on /Users/noejalabert/airflow_venv/lib/python3.11/site-packages/airflow/example_dags/example_branch_labels.py
[2024-06-14T15:41:28.017+0200] {processor.py:830} INFO - Processing file /Users/noejalabert/airflow_venv/lib/python3.11/site-packages/airflow/example_dags/example_branch_labels.py for tasks to queue
[2024-06-14T15:41:28.017+0200] {logging_mixin.py:188} INFO - [2024-06-14T15:41:28.017+0200] {dagbag.py:540} INFO - Filling up the DagBag from /Users/noejalabert/airflow_venv/lib/python3.11/site-packages/airflow/example_dags/example_branch_labels.py
[2024-06-14T15:41:28.021+0200] {processor.py:840} INFO - DAG(s) 'example_branch_labels' retrieved from /Users/noejalabert/airflow_venv/lib/python3.11/site-packages/airflow/example_dags/example_branch_labels.py
[2024-06-14T15:41:28.069+0200] {logging_mixin.py:188} INFO - [2024-06-14T15:41:28.069+0200] {dag.py:3096} INFO - Sync 1 DAGs
[2024-06-14T15:41:28.077+0200] {logging_mixin.py:188} INFO - [2024-06-14T15:41:28.077+0200] {dag.py:3954} INFO - Setting next_dagrun for example_branch_labels to 2024-06-13 00:00:00+00:00, run_after=2024-06-14 00:00:00+00:00
[2024-06-14T15:41:28.084+0200] {processor.py:183} INFO - Processing /Users/noejalabert/airflow_venv/lib/python3.11/site-packages/airflow/example_dags/example_branch_labels.py took 0.070 seconds
[2024-06-14T15:44:25.621+0200] {processor.py:161} INFO - Started process (PID=10621) to work on /Users/noejalabert/airflow_venv/lib/python3.11/site-packages/airflow/example_dags/example_branch_labels.py
[2024-06-14T15:44:25.623+0200] {processor.py:830} INFO - Processing file /Users/noejalabert/airflow_venv/lib/python3.11/site-packages/airflow/example_dags/example_branch_labels.py for tasks to queue
[2024-06-14T15:44:25.623+0200] {logging_mixin.py:188} INFO - [2024-06-14T15:44:25.623+0200] {dagbag.py:540} INFO - Filling up the DagBag from /Users/noejalabert/airflow_venv/lib/python3.11/site-packages/airflow/example_dags/example_branch_labels.py
[2024-06-14T15:44:25.627+0200] {processor.py:840} INFO - DAG(s) 'example_branch_labels' retrieved from /Users/noejalabert/airflow_venv/lib/python3.11/site-packages/airflow/example_dags/example_branch_labels.py
[2024-06-14T15:44:25.676+0200] {logging_mixin.py:188} INFO - [2024-06-14T15:44:25.676+0200] {dag.py:3096} INFO - Sync 1 DAGs
[2024-06-14T15:44:25.684+0200] {logging_mixin.py:188} INFO - [2024-06-14T15:44:25.684+0200] {dag.py:3954} INFO - Setting next_dagrun for example_branch_labels to 2024-06-13 00:00:00+00:00, run_after=2024-06-14 00:00:00+00:00
[2024-06-14T15:44:25.691+0200] {processor.py:183} INFO - Processing /Users/noejalabert/airflow_venv/lib/python3.11/site-packages/airflow/example_dags/example_branch_labels.py took 0.071 seconds
[2024-06-14T15:47:20.674+0200] {processor.py:161} INFO - Started process (PID=10886) to work on /Users/noejalabert/airflow_venv/lib/python3.11/site-packages/airflow/example_dags/example_branch_labels.py
[2024-06-14T15:47:20.676+0200] {processor.py:830} INFO - Processing file /Users/noejalabert/airflow_venv/lib/python3.11/site-packages/airflow/example_dags/example_branch_labels.py for tasks to queue
[2024-06-14T15:47:20.676+0200] {logging_mixin.py:188} INFO - [2024-06-14T15:47:20.676+0200] {dagbag.py:540} INFO - Filling up the DagBag from /Users/noejalabert/airflow_venv/lib/python3.11/site-packages/airflow/example_dags/example_branch_labels.py
[2024-06-14T15:47:20.680+0200] {processor.py:840} INFO - DAG(s) 'example_branch_labels' retrieved from /Users/noejalabert/airflow_venv/lib/python3.11/site-packages/airflow/example_dags/example_branch_labels.py
[2024-06-14T15:47:20.728+0200] {logging_mixin.py:188} INFO - [2024-06-14T15:47:20.728+0200] {dag.py:3096} INFO - Sync 1 DAGs
[2024-06-14T15:47:20.736+0200] {logging_mixin.py:188} INFO - [2024-06-14T15:47:20.736+0200] {dag.py:3954} INFO - Setting next_dagrun for example_branch_labels to 2024-06-13 00:00:00+00:00, run_after=2024-06-14 00:00:00+00:00
[2024-06-14T15:47:20.744+0200] {processor.py:183} INFO - Processing /Users/noejalabert/airflow_venv/lib/python3.11/site-packages/airflow/example_dags/example_branch_labels.py took 0.071 seconds
[2024-06-14T15:48:50.655+0200] {processor.py:161} INFO - Started process (PID=11007) to work on /Users/noejalabert/airflow_venv/lib/python3.11/site-packages/airflow/example_dags/example_branch_labels.py
[2024-06-14T15:48:50.656+0200] {processor.py:830} INFO - Processing file /Users/noejalabert/airflow_venv/lib/python3.11/site-packages/airflow/example_dags/example_branch_labels.py for tasks to queue
[2024-06-14T15:48:50.657+0200] {logging_mixin.py:188} INFO - [2024-06-14T15:48:50.657+0200] {dagbag.py:540} INFO - Filling up the DagBag from /Users/noejalabert/airflow_venv/lib/python3.11/site-packages/airflow/example_dags/example_branch_labels.py
[2024-06-14T15:48:50.661+0200] {processor.py:840} INFO - DAG(s) 'example_branch_labels' retrieved from /Users/noejalabert/airflow_venv/lib/python3.11/site-packages/airflow/example_dags/example_branch_labels.py
[2024-06-14T15:48:50.708+0200] {logging_mixin.py:188} INFO - [2024-06-14T15:48:50.708+0200] {dag.py:3096} INFO - Sync 1 DAGs
[2024-06-14T15:48:50.716+0200] {logging_mixin.py:188} INFO - [2024-06-14T15:48:50.716+0200] {dag.py:3954} INFO - Setting next_dagrun for example_branch_labels to 2024-06-13 00:00:00+00:00, run_after=2024-06-14 00:00:00+00:00
[2024-06-14T15:48:50.724+0200] {processor.py:183} INFO - Processing /Users/noejalabert/airflow_venv/lib/python3.11/site-packages/airflow/example_dags/example_branch_labels.py took 0.070 seconds
[2024-06-14T15:51:42.556+0200] {processor.py:161} INFO - Started process (PID=11304) to work on /Users/noejalabert/airflow_venv/lib/python3.11/site-packages/airflow/example_dags/example_branch_labels.py
[2024-06-14T15:51:42.557+0200] {processor.py:830} INFO - Processing file /Users/noejalabert/airflow_venv/lib/python3.11/site-packages/airflow/example_dags/example_branch_labels.py for tasks to queue
[2024-06-14T15:51:42.557+0200] {logging_mixin.py:188} INFO - [2024-06-14T15:51:42.557+0200] {dagbag.py:540} INFO - Filling up the DagBag from /Users/noejalabert/airflow_venv/lib/python3.11/site-packages/airflow/example_dags/example_branch_labels.py
[2024-06-14T15:51:42.561+0200] {processor.py:840} INFO - DAG(s) 'example_branch_labels' retrieved from /Users/noejalabert/airflow_venv/lib/python3.11/site-packages/airflow/example_dags/example_branch_labels.py
[2024-06-14T15:51:42.610+0200] {logging_mixin.py:188} INFO - [2024-06-14T15:51:42.610+0200] {dag.py:3096} INFO - Sync 1 DAGs
[2024-06-14T15:51:42.618+0200] {logging_mixin.py:188} INFO - [2024-06-14T15:51:42.618+0200] {dag.py:3954} INFO - Setting next_dagrun for example_branch_labels to 2024-06-13 00:00:00+00:00, run_after=2024-06-14 00:00:00+00:00
[2024-06-14T15:51:42.626+0200] {processor.py:183} INFO - Processing /Users/noejalabert/airflow_venv/lib/python3.11/site-packages/airflow/example_dags/example_branch_labels.py took 0.071 seconds
[2024-06-14T15:54:35.432+0200] {processor.py:161} INFO - Started process (PID=11526) to work on /Users/noejalabert/airflow_venv/lib/python3.11/site-packages/airflow/example_dags/example_branch_labels.py
[2024-06-14T15:54:35.432+0200] {processor.py:830} INFO - Processing file /Users/noejalabert/airflow_venv/lib/python3.11/site-packages/airflow/example_dags/example_branch_labels.py for tasks to queue
[2024-06-14T15:54:35.432+0200] {logging_mixin.py:188} INFO - [2024-06-14T15:54:35.432+0200] {dagbag.py:540} INFO - Filling up the DagBag from /Users/noejalabert/airflow_venv/lib/python3.11/site-packages/airflow/example_dags/example_branch_labels.py
[2024-06-14T15:54:35.437+0200] {processor.py:840} INFO - DAG(s) 'example_branch_labels' retrieved from /Users/noejalabert/airflow_venv/lib/python3.11/site-packages/airflow/example_dags/example_branch_labels.py
[2024-06-14T15:54:35.484+0200] {logging_mixin.py:188} INFO - [2024-06-14T15:54:35.484+0200] {dag.py:3096} INFO - Sync 1 DAGs
[2024-06-14T15:54:35.492+0200] {logging_mixin.py:188} INFO - [2024-06-14T15:54:35.492+0200] {dag.py:3954} INFO - Setting next_dagrun for example_branch_labels to 2024-06-13 00:00:00+00:00, run_after=2024-06-14 00:00:00+00:00
[2024-06-14T15:54:35.500+0200] {processor.py:183} INFO - Processing /Users/noejalabert/airflow_venv/lib/python3.11/site-packages/airflow/example_dags/example_branch_labels.py took 0.069 seconds
[2024-06-14T15:57:23.062+0200] {processor.py:161} INFO - Started process (PID=11750) to work on /Users/noejalabert/airflow_venv/lib/python3.11/site-packages/airflow/example_dags/example_branch_labels.py
[2024-06-14T15:57:23.062+0200] {processor.py:830} INFO - Processing file /Users/noejalabert/airflow_venv/lib/python3.11/site-packages/airflow/example_dags/example_branch_labels.py for tasks to queue
[2024-06-14T15:57:23.062+0200] {logging_mixin.py:188} INFO - [2024-06-14T15:57:23.062+0200] {dagbag.py:540} INFO - Filling up the DagBag from /Users/noejalabert/airflow_venv/lib/python3.11/site-packages/airflow/example_dags/example_branch_labels.py
[2024-06-14T15:57:23.066+0200] {processor.py:840} INFO - DAG(s) 'example_branch_labels' retrieved from /Users/noejalabert/airflow_venv/lib/python3.11/site-packages/airflow/example_dags/example_branch_labels.py
[2024-06-14T15:57:23.114+0200] {logging_mixin.py:188} INFO - [2024-06-14T15:57:23.113+0200] {dag.py:3096} INFO - Sync 1 DAGs
[2024-06-14T15:57:23.121+0200] {logging_mixin.py:188} INFO - [2024-06-14T15:57:23.121+0200] {dag.py:3954} INFO - Setting next_dagrun for example_branch_labels to 2024-06-13 00:00:00+00:00, run_after=2024-06-14 00:00:00+00:00
[2024-06-14T15:57:23.129+0200] {processor.py:183} INFO - Processing /Users/noejalabert/airflow_venv/lib/python3.11/site-packages/airflow/example_dags/example_branch_labels.py took 0.069 seconds
[2024-06-14T16:00:09.244+0200] {processor.py:161} INFO - Started process (PID=11980) to work on /Users/noejalabert/airflow_venv/lib/python3.11/site-packages/airflow/example_dags/example_branch_labels.py
[2024-06-14T16:00:09.245+0200] {processor.py:830} INFO - Processing file /Users/noejalabert/airflow_venv/lib/python3.11/site-packages/airflow/example_dags/example_branch_labels.py for tasks to queue
[2024-06-14T16:00:09.246+0200] {logging_mixin.py:188} INFO - [2024-06-14T16:00:09.246+0200] {dagbag.py:540} INFO - Filling up the DagBag from /Users/noejalabert/airflow_venv/lib/python3.11/site-packages/airflow/example_dags/example_branch_labels.py
[2024-06-14T16:00:09.250+0200] {processor.py:840} INFO - DAG(s) 'example_branch_labels' retrieved from /Users/noejalabert/airflow_venv/lib/python3.11/site-packages/airflow/example_dags/example_branch_labels.py
[2024-06-14T16:00:09.297+0200] {logging_mixin.py:188} INFO - [2024-06-14T16:00:09.297+0200] {dag.py:3096} INFO - Sync 1 DAGs
[2024-06-14T16:00:09.305+0200] {logging_mixin.py:188} INFO - [2024-06-14T16:00:09.305+0200] {dag.py:3954} INFO - Setting next_dagrun for example_branch_labels to 2024-06-13 00:00:00+00:00, run_after=2024-06-14 00:00:00+00:00
[2024-06-14T16:00:09.312+0200] {processor.py:183} INFO - Processing /Users/noejalabert/airflow_venv/lib/python3.11/site-packages/airflow/example_dags/example_branch_labels.py took 0.069 seconds
[2024-06-14T16:02:58.668+0200] {processor.py:161} INFO - Started process (PID=12228) to work on /Users/noejalabert/airflow_venv/lib/python3.11/site-packages/airflow/example_dags/example_branch_labels.py
[2024-06-14T16:02:58.669+0200] {processor.py:830} INFO - Processing file /Users/noejalabert/airflow_venv/lib/python3.11/site-packages/airflow/example_dags/example_branch_labels.py for tasks to queue
[2024-06-14T16:02:58.669+0200] {logging_mixin.py:188} INFO - [2024-06-14T16:02:58.669+0200] {dagbag.py:540} INFO - Filling up the DagBag from /Users/noejalabert/airflow_venv/lib/python3.11/site-packages/airflow/example_dags/example_branch_labels.py
[2024-06-14T16:02:58.673+0200] {processor.py:840} INFO - DAG(s) 'example_branch_labels' retrieved from /Users/noejalabert/airflow_venv/lib/python3.11/site-packages/airflow/example_dags/example_branch_labels.py
[2024-06-14T16:02:58.721+0200] {logging_mixin.py:188} INFO - [2024-06-14T16:02:58.721+0200] {dag.py:3096} INFO - Sync 1 DAGs
[2024-06-14T16:02:58.728+0200] {logging_mixin.py:188} INFO - [2024-06-14T16:02:58.728+0200] {dag.py:3954} INFO - Setting next_dagrun for example_branch_labels to 2024-06-13 00:00:00+00:00, run_after=2024-06-14 00:00:00+00:00
[2024-06-14T16:02:58.736+0200] {processor.py:183} INFO - Processing /Users/noejalabert/airflow_venv/lib/python3.11/site-packages/airflow/example_dags/example_branch_labels.py took 0.069 seconds
[2024-06-14T16:05:48.369+0200] {processor.py:161} INFO - Started process (PID=12474) to work on /Users/noejalabert/airflow_venv/lib/python3.11/site-packages/airflow/example_dags/example_branch_labels.py
[2024-06-14T16:05:48.370+0200] {processor.py:830} INFO - Processing file /Users/noejalabert/airflow_venv/lib/python3.11/site-packages/airflow/example_dags/example_branch_labels.py for tasks to queue
[2024-06-14T16:05:48.370+0200] {logging_mixin.py:188} INFO - [2024-06-14T16:05:48.370+0200] {dagbag.py:540} INFO - Filling up the DagBag from /Users/noejalabert/airflow_venv/lib/python3.11/site-packages/airflow/example_dags/example_branch_labels.py
[2024-06-14T16:05:48.374+0200] {processor.py:840} INFO - DAG(s) 'example_branch_labels' retrieved from /Users/noejalabert/airflow_venv/lib/python3.11/site-packages/airflow/example_dags/example_branch_labels.py
[2024-06-14T16:05:48.421+0200] {logging_mixin.py:188} INFO - [2024-06-14T16:05:48.421+0200] {dag.py:3096} INFO - Sync 1 DAGs
[2024-06-14T16:05:48.429+0200] {logging_mixin.py:188} INFO - [2024-06-14T16:05:48.428+0200] {dag.py:3954} INFO - Setting next_dagrun for example_branch_labels to 2024-06-13 00:00:00+00:00, run_after=2024-06-14 00:00:00+00:00
[2024-06-14T16:05:48.436+0200] {processor.py:183} INFO - Processing /Users/noejalabert/airflow_venv/lib/python3.11/site-packages/airflow/example_dags/example_branch_labels.py took 0.068 seconds
[2024-06-14T16:08:36.850+0200] {processor.py:161} INFO - Started process (PID=12701) to work on /Users/noejalabert/airflow_venv/lib/python3.11/site-packages/airflow/example_dags/example_branch_labels.py
[2024-06-14T16:08:36.851+0200] {processor.py:830} INFO - Processing file /Users/noejalabert/airflow_venv/lib/python3.11/site-packages/airflow/example_dags/example_branch_labels.py for tasks to queue
[2024-06-14T16:08:36.852+0200] {logging_mixin.py:188} INFO - [2024-06-14T16:08:36.852+0200] {dagbag.py:540} INFO - Filling up the DagBag from /Users/noejalabert/airflow_venv/lib/python3.11/site-packages/airflow/example_dags/example_branch_labels.py
[2024-06-14T16:08:36.856+0200] {processor.py:840} INFO - DAG(s) 'example_branch_labels' retrieved from /Users/noejalabert/airflow_venv/lib/python3.11/site-packages/airflow/example_dags/example_branch_labels.py
[2024-06-14T16:08:36.903+0200] {logging_mixin.py:188} INFO - [2024-06-14T16:08:36.903+0200] {dag.py:3096} INFO - Sync 1 DAGs
[2024-06-14T16:08:36.911+0200] {logging_mixin.py:188} INFO - [2024-06-14T16:08:36.911+0200] {dag.py:3954} INFO - Setting next_dagrun for example_branch_labels to 2024-06-13 00:00:00+00:00, run_after=2024-06-14 00:00:00+00:00
[2024-06-14T16:08:36.919+0200] {processor.py:183} INFO - Processing /Users/noejalabert/airflow_venv/lib/python3.11/site-packages/airflow/example_dags/example_branch_labels.py took 0.070 seconds
[2024-06-14T16:11:24.831+0200] {processor.py:161} INFO - Started process (PID=12923) to work on /Users/noejalabert/airflow_venv/lib/python3.11/site-packages/airflow/example_dags/example_branch_labels.py
[2024-06-14T16:11:24.832+0200] {processor.py:830} INFO - Processing file /Users/noejalabert/airflow_venv/lib/python3.11/site-packages/airflow/example_dags/example_branch_labels.py for tasks to queue
[2024-06-14T16:11:24.832+0200] {logging_mixin.py:188} INFO - [2024-06-14T16:11:24.832+0200] {dagbag.py:540} INFO - Filling up the DagBag from /Users/noejalabert/airflow_venv/lib/python3.11/site-packages/airflow/example_dags/example_branch_labels.py
[2024-06-14T16:11:24.836+0200] {processor.py:840} INFO - DAG(s) 'example_branch_labels' retrieved from /Users/noejalabert/airflow_venv/lib/python3.11/site-packages/airflow/example_dags/example_branch_labels.py
[2024-06-14T16:11:24.883+0200] {logging_mixin.py:188} INFO - [2024-06-14T16:11:24.883+0200] {dag.py:3096} INFO - Sync 1 DAGs
[2024-06-14T16:11:24.890+0200] {logging_mixin.py:188} INFO - [2024-06-14T16:11:24.890+0200] {dag.py:3954} INFO - Setting next_dagrun for example_branch_labels to 2024-06-13 00:00:00+00:00, run_after=2024-06-14 00:00:00+00:00
[2024-06-14T16:11:24.898+0200] {processor.py:183} INFO - Processing /Users/noejalabert/airflow_venv/lib/python3.11/site-packages/airflow/example_dags/example_branch_labels.py took 0.068 seconds
[2024-06-14T16:14:14.134+0200] {processor.py:161} INFO - Started process (PID=13158) to work on /Users/noejalabert/airflow_venv/lib/python3.11/site-packages/airflow/example_dags/example_branch_labels.py
[2024-06-14T16:14:14.135+0200] {processor.py:830} INFO - Processing file /Users/noejalabert/airflow_venv/lib/python3.11/site-packages/airflow/example_dags/example_branch_labels.py for tasks to queue
[2024-06-14T16:14:14.136+0200] {logging_mixin.py:188} INFO - [2024-06-14T16:14:14.136+0200] {dagbag.py:540} INFO - Filling up the DagBag from /Users/noejalabert/airflow_venv/lib/python3.11/site-packages/airflow/example_dags/example_branch_labels.py
[2024-06-14T16:14:14.140+0200] {processor.py:840} INFO - DAG(s) 'example_branch_labels' retrieved from /Users/noejalabert/airflow_venv/lib/python3.11/site-packages/airflow/example_dags/example_branch_labels.py
[2024-06-14T16:14:14.187+0200] {logging_mixin.py:188} INFO - [2024-06-14T16:14:14.187+0200] {dag.py:3096} INFO - Sync 1 DAGs
[2024-06-14T16:14:14.195+0200] {logging_mixin.py:188} INFO - [2024-06-14T16:14:14.195+0200] {dag.py:3954} INFO - Setting next_dagrun for example_branch_labels to 2024-06-13 00:00:00+00:00, run_after=2024-06-14 00:00:00+00:00
[2024-06-14T16:14:14.202+0200] {processor.py:183} INFO - Processing /Users/noejalabert/airflow_venv/lib/python3.11/site-packages/airflow/example_dags/example_branch_labels.py took 0.070 seconds
[2024-06-14T16:17:05.374+0200] {processor.py:161} INFO - Started process (PID=13377) to work on /Users/noejalabert/airflow_venv/lib/python3.11/site-packages/airflow/example_dags/example_branch_labels.py
[2024-06-14T16:17:05.375+0200] {processor.py:830} INFO - Processing file /Users/noejalabert/airflow_venv/lib/python3.11/site-packages/airflow/example_dags/example_branch_labels.py for tasks to queue
[2024-06-14T16:17:05.375+0200] {logging_mixin.py:188} INFO - [2024-06-14T16:17:05.375+0200] {dagbag.py:540} INFO - Filling up the DagBag from /Users/noejalabert/airflow_venv/lib/python3.11/site-packages/airflow/example_dags/example_branch_labels.py
[2024-06-14T16:17:05.379+0200] {processor.py:840} INFO - DAG(s) 'example_branch_labels' retrieved from /Users/noejalabert/airflow_venv/lib/python3.11/site-packages/airflow/example_dags/example_branch_labels.py
[2024-06-14T16:17:05.426+0200] {logging_mixin.py:188} INFO - [2024-06-14T16:17:05.426+0200] {dag.py:3096} INFO - Sync 1 DAGs
[2024-06-14T16:17:05.434+0200] {logging_mixin.py:188} INFO - [2024-06-14T16:17:05.434+0200] {dag.py:3954} INFO - Setting next_dagrun for example_branch_labels to 2024-06-13 00:00:00+00:00, run_after=2024-06-14 00:00:00+00:00
[2024-06-14T16:17:05.441+0200] {processor.py:183} INFO - Processing /Users/noejalabert/airflow_venv/lib/python3.11/site-packages/airflow/example_dags/example_branch_labels.py took 0.068 seconds
[2024-06-14T16:19:55.295+0200] {processor.py:161} INFO - Started process (PID=13626) to work on /Users/noejalabert/airflow_venv/lib/python3.11/site-packages/airflow/example_dags/example_branch_labels.py
[2024-06-14T16:19:55.296+0200] {processor.py:830} INFO - Processing file /Users/noejalabert/airflow_venv/lib/python3.11/site-packages/airflow/example_dags/example_branch_labels.py for tasks to queue
[2024-06-14T16:19:55.297+0200] {logging_mixin.py:188} INFO - [2024-06-14T16:19:55.297+0200] {dagbag.py:540} INFO - Filling up the DagBag from /Users/noejalabert/airflow_venv/lib/python3.11/site-packages/airflow/example_dags/example_branch_labels.py
[2024-06-14T16:19:55.301+0200] {processor.py:840} INFO - DAG(s) 'example_branch_labels' retrieved from /Users/noejalabert/airflow_venv/lib/python3.11/site-packages/airflow/example_dags/example_branch_labels.py
[2024-06-14T16:19:55.348+0200] {logging_mixin.py:188} INFO - [2024-06-14T16:19:55.348+0200] {dag.py:3096} INFO - Sync 1 DAGs
[2024-06-14T16:19:55.356+0200] {logging_mixin.py:188} INFO - [2024-06-14T16:19:55.356+0200] {dag.py:3954} INFO - Setting next_dagrun for example_branch_labels to 2024-06-13 00:00:00+00:00, run_after=2024-06-14 00:00:00+00:00
[2024-06-14T16:19:55.363+0200] {processor.py:183} INFO - Processing /Users/noejalabert/airflow_venv/lib/python3.11/site-packages/airflow/example_dags/example_branch_labels.py took 0.069 seconds
[2024-06-14T16:22:44.604+0200] {processor.py:161} INFO - Started process (PID=13863) to work on /Users/noejalabert/airflow_venv/lib/python3.11/site-packages/airflow/example_dags/example_branch_labels.py
[2024-06-14T16:22:44.604+0200] {processor.py:830} INFO - Processing file /Users/noejalabert/airflow_venv/lib/python3.11/site-packages/airflow/example_dags/example_branch_labels.py for tasks to queue
[2024-06-14T16:22:44.604+0200] {logging_mixin.py:188} INFO - [2024-06-14T16:22:44.604+0200] {dagbag.py:540} INFO - Filling up the DagBag from /Users/noejalabert/airflow_venv/lib/python3.11/site-packages/airflow/example_dags/example_branch_labels.py
[2024-06-14T16:22:44.608+0200] {processor.py:840} INFO - DAG(s) 'example_branch_labels' retrieved from /Users/noejalabert/airflow_venv/lib/python3.11/site-packages/airflow/example_dags/example_branch_labels.py
[2024-06-14T16:22:44.656+0200] {logging_mixin.py:188} INFO - [2024-06-14T16:22:44.656+0200] {dag.py:3096} INFO - Sync 1 DAGs
[2024-06-14T16:22:44.664+0200] {logging_mixin.py:188} INFO - [2024-06-14T16:22:44.664+0200] {dag.py:3954} INFO - Setting next_dagrun for example_branch_labels to 2024-06-13 00:00:00+00:00, run_after=2024-06-14 00:00:00+00:00
[2024-06-14T16:22:44.671+0200] {processor.py:183} INFO - Processing /Users/noejalabert/airflow_venv/lib/python3.11/site-packages/airflow/example_dags/example_branch_labels.py took 0.069 seconds
[2024-06-14T16:25:34.122+0200] {processor.py:161} INFO - Started process (PID=14116) to work on /Users/noejalabert/airflow_venv/lib/python3.11/site-packages/airflow/example_dags/example_branch_labels.py
[2024-06-14T16:25:34.123+0200] {processor.py:830} INFO - Processing file /Users/noejalabert/airflow_venv/lib/python3.11/site-packages/airflow/example_dags/example_branch_labels.py for tasks to queue
[2024-06-14T16:25:34.124+0200] {logging_mixin.py:188} INFO - [2024-06-14T16:25:34.124+0200] {dagbag.py:540} INFO - Filling up the DagBag from /Users/noejalabert/airflow_venv/lib/python3.11/site-packages/airflow/example_dags/example_branch_labels.py
[2024-06-14T16:25:34.128+0200] {processor.py:840} INFO - DAG(s) 'example_branch_labels' retrieved from /Users/noejalabert/airflow_venv/lib/python3.11/site-packages/airflow/example_dags/example_branch_labels.py
[2024-06-14T16:25:34.176+0200] {logging_mixin.py:188} INFO - [2024-06-14T16:25:34.176+0200] {dag.py:3096} INFO - Sync 1 DAGs
[2024-06-14T16:25:34.184+0200] {logging_mixin.py:188} INFO - [2024-06-14T16:25:34.184+0200] {dag.py:3954} INFO - Setting next_dagrun for example_branch_labels to 2024-06-13 00:00:00+00:00, run_after=2024-06-14 00:00:00+00:00
[2024-06-14T16:25:34.191+0200] {processor.py:183} INFO - Processing /Users/noejalabert/airflow_venv/lib/python3.11/site-packages/airflow/example_dags/example_branch_labels.py took 0.071 seconds
[2024-06-14T16:28:28.388+0200] {processor.py:161} INFO - Started process (PID=14397) to work on /Users/noejalabert/airflow_venv/lib/python3.11/site-packages/airflow/example_dags/example_branch_labels.py
[2024-06-14T16:28:28.389+0200] {processor.py:830} INFO - Processing file /Users/noejalabert/airflow_venv/lib/python3.11/site-packages/airflow/example_dags/example_branch_labels.py for tasks to queue
[2024-06-14T16:28:28.389+0200] {logging_mixin.py:188} INFO - [2024-06-14T16:28:28.389+0200] {dagbag.py:540} INFO - Filling up the DagBag from /Users/noejalabert/airflow_venv/lib/python3.11/site-packages/airflow/example_dags/example_branch_labels.py
[2024-06-14T16:28:28.394+0200] {processor.py:840} INFO - DAG(s) 'example_branch_labels' retrieved from /Users/noejalabert/airflow_venv/lib/python3.11/site-packages/airflow/example_dags/example_branch_labels.py
[2024-06-14T16:28:28.444+0200] {logging_mixin.py:188} INFO - [2024-06-14T16:28:28.444+0200] {dag.py:3096} INFO - Sync 1 DAGs
[2024-06-14T16:28:28.452+0200] {logging_mixin.py:188} INFO - [2024-06-14T16:28:28.452+0200] {dag.py:3954} INFO - Setting next_dagrun for example_branch_labels to 2024-06-13 00:00:00+00:00, run_after=2024-06-14 00:00:00+00:00
[2024-06-14T16:28:28.460+0200] {processor.py:183} INFO - Processing /Users/noejalabert/airflow_venv/lib/python3.11/site-packages/airflow/example_dags/example_branch_labels.py took 0.073 seconds
[2024-06-14T16:29:57.288+0200] {processor.py:161} INFO - Started process (PID=14519) to work on /Users/noejalabert/airflow_venv/lib/python3.11/site-packages/airflow/example_dags/example_branch_labels.py
[2024-06-14T16:29:57.288+0200] {processor.py:830} INFO - Processing file /Users/noejalabert/airflow_venv/lib/python3.11/site-packages/airflow/example_dags/example_branch_labels.py for tasks to queue
[2024-06-14T16:29:57.288+0200] {logging_mixin.py:188} INFO - [2024-06-14T16:29:57.288+0200] {dagbag.py:540} INFO - Filling up the DagBag from /Users/noejalabert/airflow_venv/lib/python3.11/site-packages/airflow/example_dags/example_branch_labels.py
[2024-06-14T16:29:57.293+0200] {processor.py:840} INFO - DAG(s) 'example_branch_labels' retrieved from /Users/noejalabert/airflow_venv/lib/python3.11/site-packages/airflow/example_dags/example_branch_labels.py
[2024-06-14T16:29:57.343+0200] {logging_mixin.py:188} INFO - [2024-06-14T16:29:57.342+0200] {dag.py:3096} INFO - Sync 1 DAGs
[2024-06-14T16:29:57.351+0200] {logging_mixin.py:188} INFO - [2024-06-14T16:29:57.351+0200] {dag.py:3954} INFO - Setting next_dagrun for example_branch_labels to 2024-06-13 00:00:00+00:00, run_after=2024-06-14 00:00:00+00:00
[2024-06-14T16:29:57.358+0200] {processor.py:183} INFO - Processing /Users/noejalabert/airflow_venv/lib/python3.11/site-packages/airflow/example_dags/example_branch_labels.py took 0.072 seconds
[2024-06-14T16:32:58.264+0200] {processor.py:161} INFO - Started process (PID=14792) to work on /Users/noejalabert/airflow_venv/lib/python3.11/site-packages/airflow/example_dags/example_branch_labels.py
[2024-06-14T16:32:58.265+0200] {processor.py:830} INFO - Processing file /Users/noejalabert/airflow_venv/lib/python3.11/site-packages/airflow/example_dags/example_branch_labels.py for tasks to queue
[2024-06-14T16:32:58.266+0200] {logging_mixin.py:188} INFO - [2024-06-14T16:32:58.266+0200] {dagbag.py:540} INFO - Filling up the DagBag from /Users/noejalabert/airflow_venv/lib/python3.11/site-packages/airflow/example_dags/example_branch_labels.py
[2024-06-14T16:32:58.270+0200] {processor.py:840} INFO - DAG(s) 'example_branch_labels' retrieved from /Users/noejalabert/airflow_venv/lib/python3.11/site-packages/airflow/example_dags/example_branch_labels.py
[2024-06-14T16:32:58.318+0200] {logging_mixin.py:188} INFO - [2024-06-14T16:32:58.318+0200] {dag.py:3096} INFO - Sync 1 DAGs
[2024-06-14T16:32:58.326+0200] {logging_mixin.py:188} INFO - [2024-06-14T16:32:58.325+0200] {dag.py:3954} INFO - Setting next_dagrun for example_branch_labels to 2024-06-13 00:00:00+00:00, run_after=2024-06-14 00:00:00+00:00
[2024-06-14T16:32:58.333+0200] {processor.py:183} INFO - Processing /Users/noejalabert/airflow_venv/lib/python3.11/site-packages/airflow/example_dags/example_branch_labels.py took 0.071 seconds
[2024-06-14T16:35:51.491+0200] {processor.py:161} INFO - Started process (PID=15024) to work on /Users/noejalabert/airflow_venv/lib/python3.11/site-packages/airflow/example_dags/example_branch_labels.py
[2024-06-14T16:35:51.493+0200] {processor.py:830} INFO - Processing file /Users/noejalabert/airflow_venv/lib/python3.11/site-packages/airflow/example_dags/example_branch_labels.py for tasks to queue
[2024-06-14T16:35:51.494+0200] {logging_mixin.py:188} INFO - [2024-06-14T16:35:51.493+0200] {dagbag.py:540} INFO - Filling up the DagBag from /Users/noejalabert/airflow_venv/lib/python3.11/site-packages/airflow/example_dags/example_branch_labels.py
[2024-06-14T16:35:51.497+0200] {processor.py:840} INFO - DAG(s) 'example_branch_labels' retrieved from /Users/noejalabert/airflow_venv/lib/python3.11/site-packages/airflow/example_dags/example_branch_labels.py
[2024-06-14T16:35:51.544+0200] {logging_mixin.py:188} INFO - [2024-06-14T16:35:51.544+0200] {dag.py:3096} INFO - Sync 1 DAGs
[2024-06-14T16:35:51.552+0200] {logging_mixin.py:188} INFO - [2024-06-14T16:35:51.552+0200] {dag.py:3954} INFO - Setting next_dagrun for example_branch_labels to 2024-06-13 00:00:00+00:00, run_after=2024-06-14 00:00:00+00:00
[2024-06-14T16:35:51.559+0200] {processor.py:183} INFO - Processing /Users/noejalabert/airflow_venv/lib/python3.11/site-packages/airflow/example_dags/example_branch_labels.py took 0.069 seconds
[2024-06-14T16:38:40.817+0200] {processor.py:161} INFO - Started process (PID=15294) to work on /Users/noejalabert/airflow_venv/lib/python3.11/site-packages/airflow/example_dags/example_branch_labels.py
[2024-06-14T16:38:40.819+0200] {processor.py:830} INFO - Processing file /Users/noejalabert/airflow_venv/lib/python3.11/site-packages/airflow/example_dags/example_branch_labels.py for tasks to queue
[2024-06-14T16:38:40.820+0200] {logging_mixin.py:188} INFO - [2024-06-14T16:38:40.819+0200] {dagbag.py:540} INFO - Filling up the DagBag from /Users/noejalabert/airflow_venv/lib/python3.11/site-packages/airflow/example_dags/example_branch_labels.py
[2024-06-14T16:38:40.825+0200] {processor.py:840} INFO - DAG(s) 'example_branch_labels' retrieved from /Users/noejalabert/airflow_venv/lib/python3.11/site-packages/airflow/example_dags/example_branch_labels.py
[2024-06-14T16:38:40.889+0200] {logging_mixin.py:188} INFO - [2024-06-14T16:38:40.888+0200] {dag.py:3096} INFO - Sync 1 DAGs
[2024-06-14T16:38:40.900+0200] {logging_mixin.py:188} INFO - [2024-06-14T16:38:40.900+0200] {dag.py:3954} INFO - Setting next_dagrun for example_branch_labels to 2024-06-13 00:00:00+00:00, run_after=2024-06-14 00:00:00+00:00
[2024-06-14T16:38:40.910+0200] {processor.py:183} INFO - Processing /Users/noejalabert/airflow_venv/lib/python3.11/site-packages/airflow/example_dags/example_branch_labels.py took 0.095 seconds
[2024-06-14T16:41:30.168+0200] {processor.py:161} INFO - Started process (PID=15559) to work on /Users/noejalabert/airflow_venv/lib/python3.11/site-packages/airflow/example_dags/example_branch_labels.py
[2024-06-14T16:41:30.169+0200] {processor.py:830} INFO - Processing file /Users/noejalabert/airflow_venv/lib/python3.11/site-packages/airflow/example_dags/example_branch_labels.py for tasks to queue
[2024-06-14T16:41:30.169+0200] {logging_mixin.py:188} INFO - [2024-06-14T16:41:30.169+0200] {dagbag.py:540} INFO - Filling up the DagBag from /Users/noejalabert/airflow_venv/lib/python3.11/site-packages/airflow/example_dags/example_branch_labels.py
[2024-06-14T16:41:30.173+0200] {processor.py:840} INFO - DAG(s) 'example_branch_labels' retrieved from /Users/noejalabert/airflow_venv/lib/python3.11/site-packages/airflow/example_dags/example_branch_labels.py
[2024-06-14T16:41:30.221+0200] {logging_mixin.py:188} INFO - [2024-06-14T16:41:30.221+0200] {dag.py:3096} INFO - Sync 1 DAGs
[2024-06-14T16:41:30.229+0200] {logging_mixin.py:188} INFO - [2024-06-14T16:41:30.229+0200] {dag.py:3954} INFO - Setting next_dagrun for example_branch_labels to 2024-06-13 00:00:00+00:00, run_after=2024-06-14 00:00:00+00:00
[2024-06-14T16:41:30.236+0200] {processor.py:183} INFO - Processing /Users/noejalabert/airflow_venv/lib/python3.11/site-packages/airflow/example_dags/example_branch_labels.py took 0.069 seconds
[2024-06-14T16:44:20.231+0200] {processor.py:161} INFO - Started process (PID=15817) to work on /Users/noejalabert/airflow_venv/lib/python3.11/site-packages/airflow/example_dags/example_branch_labels.py
[2024-06-14T16:44:20.233+0200] {processor.py:830} INFO - Processing file /Users/noejalabert/airflow_venv/lib/python3.11/site-packages/airflow/example_dags/example_branch_labels.py for tasks to queue
[2024-06-14T16:44:20.233+0200] {logging_mixin.py:188} INFO - [2024-06-14T16:44:20.233+0200] {dagbag.py:540} INFO - Filling up the DagBag from /Users/noejalabert/airflow_venv/lib/python3.11/site-packages/airflow/example_dags/example_branch_labels.py
[2024-06-14T16:44:20.237+0200] {processor.py:840} INFO - DAG(s) 'example_branch_labels' retrieved from /Users/noejalabert/airflow_venv/lib/python3.11/site-packages/airflow/example_dags/example_branch_labels.py
[2024-06-14T16:44:20.284+0200] {logging_mixin.py:188} INFO - [2024-06-14T16:44:20.284+0200] {dag.py:3096} INFO - Sync 1 DAGs
[2024-06-14T16:44:20.292+0200] {logging_mixin.py:188} INFO - [2024-06-14T16:44:20.292+0200] {dag.py:3954} INFO - Setting next_dagrun for example_branch_labels to 2024-06-13 00:00:00+00:00, run_after=2024-06-14 00:00:00+00:00
[2024-06-14T16:44:20.299+0200] {processor.py:183} INFO - Processing /Users/noejalabert/airflow_venv/lib/python3.11/site-packages/airflow/example_dags/example_branch_labels.py took 0.070 seconds
[2024-06-14T16:47:10.131+0200] {processor.py:161} INFO - Started process (PID=16074) to work on /Users/noejalabert/airflow_venv/lib/python3.11/site-packages/airflow/example_dags/example_branch_labels.py
[2024-06-14T16:47:10.131+0200] {processor.py:830} INFO - Processing file /Users/noejalabert/airflow_venv/lib/python3.11/site-packages/airflow/example_dags/example_branch_labels.py for tasks to queue
[2024-06-14T16:47:10.132+0200] {logging_mixin.py:188} INFO - [2024-06-14T16:47:10.132+0200] {dagbag.py:540} INFO - Filling up the DagBag from /Users/noejalabert/airflow_venv/lib/python3.11/site-packages/airflow/example_dags/example_branch_labels.py
[2024-06-14T16:47:10.136+0200] {processor.py:840} INFO - DAG(s) 'example_branch_labels' retrieved from /Users/noejalabert/airflow_venv/lib/python3.11/site-packages/airflow/example_dags/example_branch_labels.py
[2024-06-14T16:47:10.185+0200] {logging_mixin.py:188} INFO - [2024-06-14T16:47:10.185+0200] {dag.py:3096} INFO - Sync 1 DAGs
[2024-06-14T16:47:10.193+0200] {logging_mixin.py:188} INFO - [2024-06-14T16:47:10.193+0200] {dag.py:3954} INFO - Setting next_dagrun for example_branch_labels to 2024-06-13 00:00:00+00:00, run_after=2024-06-14 00:00:00+00:00
[2024-06-14T16:47:10.200+0200] {processor.py:183} INFO - Processing /Users/noejalabert/airflow_venv/lib/python3.11/site-packages/airflow/example_dags/example_branch_labels.py took 0.071 seconds
[2024-06-14T16:50:02.162+0200] {processor.py:161} INFO - Started process (PID=16363) to work on /Users/noejalabert/airflow_venv/lib/python3.11/site-packages/airflow/example_dags/example_branch_labels.py
[2024-06-14T16:50:02.164+0200] {processor.py:830} INFO - Processing file /Users/noejalabert/airflow_venv/lib/python3.11/site-packages/airflow/example_dags/example_branch_labels.py for tasks to queue
[2024-06-14T16:50:02.164+0200] {logging_mixin.py:188} INFO - [2024-06-14T16:50:02.164+0200] {dagbag.py:540} INFO - Filling up the DagBag from /Users/noejalabert/airflow_venv/lib/python3.11/site-packages/airflow/example_dags/example_branch_labels.py
[2024-06-14T16:50:02.168+0200] {processor.py:840} INFO - DAG(s) 'example_branch_labels' retrieved from /Users/noejalabert/airflow_venv/lib/python3.11/site-packages/airflow/example_dags/example_branch_labels.py
[2024-06-14T16:50:02.216+0200] {logging_mixin.py:188} INFO - [2024-06-14T16:50:02.216+0200] {dag.py:3096} INFO - Sync 1 DAGs
[2024-06-14T16:50:02.224+0200] {logging_mixin.py:188} INFO - [2024-06-14T16:50:02.224+0200] {dag.py:3954} INFO - Setting next_dagrun for example_branch_labels to 2024-06-13 00:00:00+00:00, run_after=2024-06-14 00:00:00+00:00
[2024-06-14T16:50:02.232+0200] {processor.py:183} INFO - Processing /Users/noejalabert/airflow_venv/lib/python3.11/site-packages/airflow/example_dags/example_branch_labels.py took 0.071 seconds
[2024-06-14T16:52:53.219+0200] {processor.py:161} INFO - Started process (PID=16621) to work on /Users/noejalabert/airflow_venv/lib/python3.11/site-packages/airflow/example_dags/example_branch_labels.py
[2024-06-14T16:52:53.220+0200] {processor.py:830} INFO - Processing file /Users/noejalabert/airflow_venv/lib/python3.11/site-packages/airflow/example_dags/example_branch_labels.py for tasks to queue
[2024-06-14T16:52:53.220+0200] {logging_mixin.py:188} INFO - [2024-06-14T16:52:53.220+0200] {dagbag.py:540} INFO - Filling up the DagBag from /Users/noejalabert/airflow_venv/lib/python3.11/site-packages/airflow/example_dags/example_branch_labels.py
[2024-06-14T16:52:53.224+0200] {processor.py:840} INFO - DAG(s) 'example_branch_labels' retrieved from /Users/noejalabert/airflow_venv/lib/python3.11/site-packages/airflow/example_dags/example_branch_labels.py
[2024-06-14T16:52:53.271+0200] {logging_mixin.py:188} INFO - [2024-06-14T16:52:53.271+0200] {dag.py:3096} INFO - Sync 1 DAGs
[2024-06-14T16:52:53.279+0200] {logging_mixin.py:188} INFO - [2024-06-14T16:52:53.279+0200] {dag.py:3954} INFO - Setting next_dagrun for example_branch_labels to 2024-06-13 00:00:00+00:00, run_after=2024-06-14 00:00:00+00:00
[2024-06-14T16:52:53.287+0200] {processor.py:183} INFO - Processing /Users/noejalabert/airflow_venv/lib/python3.11/site-packages/airflow/example_dags/example_branch_labels.py took 0.069 seconds
[2024-06-14T16:55:38.647+0200] {processor.py:161} INFO - Started process (PID=16874) to work on /Users/noejalabert/airflow_venv/lib/python3.11/site-packages/airflow/example_dags/example_branch_labels.py
[2024-06-14T16:55:38.647+0200] {processor.py:830} INFO - Processing file /Users/noejalabert/airflow_venv/lib/python3.11/site-packages/airflow/example_dags/example_branch_labels.py for tasks to queue
[2024-06-14T16:55:38.648+0200] {logging_mixin.py:188} INFO - [2024-06-14T16:55:38.648+0200] {dagbag.py:540} INFO - Filling up the DagBag from /Users/noejalabert/airflow_venv/lib/python3.11/site-packages/airflow/example_dags/example_branch_labels.py
[2024-06-14T16:55:38.652+0200] {processor.py:840} INFO - DAG(s) 'example_branch_labels' retrieved from /Users/noejalabert/airflow_venv/lib/python3.11/site-packages/airflow/example_dags/example_branch_labels.py
[2024-06-14T16:55:38.699+0200] {logging_mixin.py:188} INFO - [2024-06-14T16:55:38.699+0200] {dag.py:3096} INFO - Sync 1 DAGs
[2024-06-14T16:55:38.707+0200] {logging_mixin.py:188} INFO - [2024-06-14T16:55:38.707+0200] {dag.py:3954} INFO - Setting next_dagrun for example_branch_labels to 2024-06-13 00:00:00+00:00, run_after=2024-06-14 00:00:00+00:00
[2024-06-14T16:55:38.715+0200] {processor.py:183} INFO - Processing /Users/noejalabert/airflow_venv/lib/python3.11/site-packages/airflow/example_dags/example_branch_labels.py took 0.069 seconds
[2024-06-14T16:58:31.900+0200] {processor.py:161} INFO - Started process (PID=17142) to work on /Users/noejalabert/airflow_venv/lib/python3.11/site-packages/airflow/example_dags/example_branch_labels.py
[2024-06-14T16:58:31.901+0200] {processor.py:830} INFO - Processing file /Users/noejalabert/airflow_venv/lib/python3.11/site-packages/airflow/example_dags/example_branch_labels.py for tasks to queue
[2024-06-14T16:58:31.902+0200] {logging_mixin.py:188} INFO - [2024-06-14T16:58:31.901+0200] {dagbag.py:540} INFO - Filling up the DagBag from /Users/noejalabert/airflow_venv/lib/python3.11/site-packages/airflow/example_dags/example_branch_labels.py
[2024-06-14T16:58:31.906+0200] {processor.py:840} INFO - DAG(s) 'example_branch_labels' retrieved from /Users/noejalabert/airflow_venv/lib/python3.11/site-packages/airflow/example_dags/example_branch_labels.py
[2024-06-14T16:58:31.953+0200] {logging_mixin.py:188} INFO - [2024-06-14T16:58:31.953+0200] {dag.py:3096} INFO - Sync 1 DAGs
[2024-06-14T16:58:31.961+0200] {logging_mixin.py:188} INFO - [2024-06-14T16:58:31.961+0200] {dag.py:3954} INFO - Setting next_dagrun for example_branch_labels to 2024-06-13 00:00:00+00:00, run_after=2024-06-14 00:00:00+00:00
[2024-06-14T16:58:31.969+0200] {processor.py:183} INFO - Processing /Users/noejalabert/airflow_venv/lib/python3.11/site-packages/airflow/example_dags/example_branch_labels.py took 0.070 seconds
[2024-06-14T17:01:22.830+0200] {processor.py:161} INFO - Started process (PID=17441) to work on /Users/noejalabert/airflow_venv/lib/python3.11/site-packages/airflow/example_dags/example_branch_labels.py
[2024-06-14T17:01:22.831+0200] {processor.py:830} INFO - Processing file /Users/noejalabert/airflow_venv/lib/python3.11/site-packages/airflow/example_dags/example_branch_labels.py for tasks to queue
[2024-06-14T17:01:22.831+0200] {logging_mixin.py:188} INFO - [2024-06-14T17:01:22.831+0200] {dagbag.py:540} INFO - Filling up the DagBag from /Users/noejalabert/airflow_venv/lib/python3.11/site-packages/airflow/example_dags/example_branch_labels.py
[2024-06-14T17:01:22.835+0200] {processor.py:840} INFO - DAG(s) 'example_branch_labels' retrieved from /Users/noejalabert/airflow_venv/lib/python3.11/site-packages/airflow/example_dags/example_branch_labels.py
[2024-06-14T17:01:22.882+0200] {logging_mixin.py:188} INFO - [2024-06-14T17:01:22.882+0200] {dag.py:3096} INFO - Sync 1 DAGs
[2024-06-14T17:01:22.889+0200] {logging_mixin.py:188} INFO - [2024-06-14T17:01:22.889+0200] {dag.py:3954} INFO - Setting next_dagrun for example_branch_labels to 2024-06-13 00:00:00+00:00, run_after=2024-06-14 00:00:00+00:00
[2024-06-14T17:01:22.897+0200] {processor.py:183} INFO - Processing /Users/noejalabert/airflow_venv/lib/python3.11/site-packages/airflow/example_dags/example_branch_labels.py took 0.068 seconds
[2024-06-14T17:04:49.128+0200] {processor.py:161} INFO - Started process (PID=17744) to work on /Users/noejalabert/airflow_venv/lib/python3.11/site-packages/airflow/example_dags/example_branch_labels.py
[2024-06-14T17:04:49.129+0200] {processor.py:830} INFO - Processing file /Users/noejalabert/airflow_venv/lib/python3.11/site-packages/airflow/example_dags/example_branch_labels.py for tasks to queue
[2024-06-14T17:04:49.129+0200] {logging_mixin.py:188} INFO - [2024-06-14T17:04:49.129+0200] {dagbag.py:540} INFO - Filling up the DagBag from /Users/noejalabert/airflow_venv/lib/python3.11/site-packages/airflow/example_dags/example_branch_labels.py
[2024-06-14T17:04:49.133+0200] {processor.py:840} INFO - DAG(s) 'example_branch_labels' retrieved from /Users/noejalabert/airflow_venv/lib/python3.11/site-packages/airflow/example_dags/example_branch_labels.py
[2024-06-14T17:04:49.180+0200] {logging_mixin.py:188} INFO - [2024-06-14T17:04:49.180+0200] {dag.py:3096} INFO - Sync 1 DAGs
[2024-06-14T17:04:49.188+0200] {logging_mixin.py:188} INFO - [2024-06-14T17:04:49.188+0200] {dag.py:3954} INFO - Setting next_dagrun for example_branch_labels to 2024-06-13 00:00:00+00:00, run_after=2024-06-14 00:00:00+00:00
[2024-06-14T17:04:49.196+0200] {processor.py:183} INFO - Processing /Users/noejalabert/airflow_venv/lib/python3.11/site-packages/airflow/example_dags/example_branch_labels.py took 0.070 seconds
[2024-06-14T17:07:39.991+0200] {processor.py:161} INFO - Started process (PID=17989) to work on /Users/noejalabert/airflow_venv/lib/python3.11/site-packages/airflow/example_dags/example_branch_labels.py
[2024-06-14T17:07:39.992+0200] {processor.py:830} INFO - Processing file /Users/noejalabert/airflow_venv/lib/python3.11/site-packages/airflow/example_dags/example_branch_labels.py for tasks to queue
[2024-06-14T17:07:39.992+0200] {logging_mixin.py:188} INFO - [2024-06-14T17:07:39.992+0200] {dagbag.py:540} INFO - Filling up the DagBag from /Users/noejalabert/airflow_venv/lib/python3.11/site-packages/airflow/example_dags/example_branch_labels.py
[2024-06-14T17:07:39.996+0200] {processor.py:840} INFO - DAG(s) 'example_branch_labels' retrieved from /Users/noejalabert/airflow_venv/lib/python3.11/site-packages/airflow/example_dags/example_branch_labels.py
[2024-06-14T17:07:40.050+0200] {logging_mixin.py:188} INFO - [2024-06-14T17:07:40.050+0200] {dag.py:3096} INFO - Sync 1 DAGs
[2024-06-14T17:07:40.059+0200] {logging_mixin.py:188} INFO - [2024-06-14T17:07:40.059+0200] {dag.py:3954} INFO - Setting next_dagrun for example_branch_labels to 2024-06-13 00:00:00+00:00, run_after=2024-06-14 00:00:00+00:00
[2024-06-14T17:07:40.067+0200] {processor.py:183} INFO - Processing /Users/noejalabert/airflow_venv/lib/python3.11/site-packages/airflow/example_dags/example_branch_labels.py took 0.078 seconds
[2024-06-14T17:10:34.716+0200] {processor.py:161} INFO - Started process (PID=18250) to work on /Users/noejalabert/airflow_venv/lib/python3.11/site-packages/airflow/example_dags/example_branch_labels.py
[2024-06-14T17:10:34.717+0200] {processor.py:830} INFO - Processing file /Users/noejalabert/airflow_venv/lib/python3.11/site-packages/airflow/example_dags/example_branch_labels.py for tasks to queue
[2024-06-14T17:10:34.717+0200] {logging_mixin.py:188} INFO - [2024-06-14T17:10:34.717+0200] {dagbag.py:540} INFO - Filling up the DagBag from /Users/noejalabert/airflow_venv/lib/python3.11/site-packages/airflow/example_dags/example_branch_labels.py
[2024-06-14T17:10:34.721+0200] {processor.py:840} INFO - DAG(s) 'example_branch_labels' retrieved from /Users/noejalabert/airflow_venv/lib/python3.11/site-packages/airflow/example_dags/example_branch_labels.py
[2024-06-14T17:10:34.768+0200] {logging_mixin.py:188} INFO - [2024-06-14T17:10:34.768+0200] {dag.py:3096} INFO - Sync 1 DAGs
[2024-06-14T17:10:34.776+0200] {logging_mixin.py:188} INFO - [2024-06-14T17:10:34.776+0200] {dag.py:3954} INFO - Setting next_dagrun for example_branch_labels to 2024-06-13 00:00:00+00:00, run_after=2024-06-14 00:00:00+00:00
[2024-06-14T17:10:34.783+0200] {processor.py:183} INFO - Processing /Users/noejalabert/airflow_venv/lib/python3.11/site-packages/airflow/example_dags/example_branch_labels.py took 0.069 seconds
[2024-06-14T17:13:22.313+0200] {processor.py:161} INFO - Started process (PID=18482) to work on /Users/noejalabert/airflow_venv/lib/python3.11/site-packages/airflow/example_dags/example_branch_labels.py
[2024-06-14T17:13:22.314+0200] {processor.py:830} INFO - Processing file /Users/noejalabert/airflow_venv/lib/python3.11/site-packages/airflow/example_dags/example_branch_labels.py for tasks to queue
[2024-06-14T17:13:22.315+0200] {logging_mixin.py:188} INFO - [2024-06-14T17:13:22.315+0200] {dagbag.py:540} INFO - Filling up the DagBag from /Users/noejalabert/airflow_venv/lib/python3.11/site-packages/airflow/example_dags/example_branch_labels.py
[2024-06-14T17:13:22.319+0200] {processor.py:840} INFO - DAG(s) 'example_branch_labels' retrieved from /Users/noejalabert/airflow_venv/lib/python3.11/site-packages/airflow/example_dags/example_branch_labels.py
[2024-06-14T17:13:22.366+0200] {logging_mixin.py:188} INFO - [2024-06-14T17:13:22.366+0200] {dag.py:3096} INFO - Sync 1 DAGs
[2024-06-14T17:13:22.373+0200] {logging_mixin.py:188} INFO - [2024-06-14T17:13:22.373+0200] {dag.py:3954} INFO - Setting next_dagrun for example_branch_labels to 2024-06-13 00:00:00+00:00, run_after=2024-06-14 00:00:00+00:00
[2024-06-14T17:13:22.381+0200] {processor.py:183} INFO - Processing /Users/noejalabert/airflow_venv/lib/python3.11/site-packages/airflow/example_dags/example_branch_labels.py took 0.069 seconds
[2024-06-14T17:14:49.193+0200] {processor.py:161} INFO - Started process (PID=18605) to work on /Users/noejalabert/airflow_venv/lib/python3.11/site-packages/airflow/example_dags/example_branch_labels.py
[2024-06-14T17:14:49.194+0200] {processor.py:830} INFO - Processing file /Users/noejalabert/airflow_venv/lib/python3.11/site-packages/airflow/example_dags/example_branch_labels.py for tasks to queue
[2024-06-14T17:14:49.194+0200] {logging_mixin.py:188} INFO - [2024-06-14T17:14:49.194+0200] {dagbag.py:540} INFO - Filling up the DagBag from /Users/noejalabert/airflow_venv/lib/python3.11/site-packages/airflow/example_dags/example_branch_labels.py
[2024-06-14T17:14:49.198+0200] {processor.py:840} INFO - DAG(s) 'example_branch_labels' retrieved from /Users/noejalabert/airflow_venv/lib/python3.11/site-packages/airflow/example_dags/example_branch_labels.py
[2024-06-14T17:14:49.245+0200] {logging_mixin.py:188} INFO - [2024-06-14T17:14:49.245+0200] {dag.py:3096} INFO - Sync 1 DAGs
[2024-06-14T17:14:49.253+0200] {logging_mixin.py:188} INFO - [2024-06-14T17:14:49.253+0200] {dag.py:3954} INFO - Setting next_dagrun for example_branch_labels to 2024-06-13 00:00:00+00:00, run_after=2024-06-14 00:00:00+00:00
[2024-06-14T17:14:49.262+0200] {processor.py:183} INFO - Processing /Users/noejalabert/airflow_venv/lib/python3.11/site-packages/airflow/example_dags/example_branch_labels.py took 0.071 seconds
[2024-06-14T17:17:38.211+0200] {processor.py:161} INFO - Started process (PID=18842) to work on /Users/noejalabert/airflow_venv/lib/python3.11/site-packages/airflow/example_dags/example_branch_labels.py
[2024-06-14T17:17:38.211+0200] {processor.py:830} INFO - Processing file /Users/noejalabert/airflow_venv/lib/python3.11/site-packages/airflow/example_dags/example_branch_labels.py for tasks to queue
[2024-06-14T17:17:38.212+0200] {logging_mixin.py:188} INFO - [2024-06-14T17:17:38.212+0200] {dagbag.py:540} INFO - Filling up the DagBag from /Users/noejalabert/airflow_venv/lib/python3.11/site-packages/airflow/example_dags/example_branch_labels.py
[2024-06-14T17:17:38.216+0200] {processor.py:840} INFO - DAG(s) 'example_branch_labels' retrieved from /Users/noejalabert/airflow_venv/lib/python3.11/site-packages/airflow/example_dags/example_branch_labels.py
[2024-06-14T17:17:38.264+0200] {logging_mixin.py:188} INFO - [2024-06-14T17:17:38.264+0200] {dag.py:3096} INFO - Sync 1 DAGs
[2024-06-14T17:17:38.272+0200] {logging_mixin.py:188} INFO - [2024-06-14T17:17:38.272+0200] {dag.py:3954} INFO - Setting next_dagrun for example_branch_labels to 2024-06-13 00:00:00+00:00, run_after=2024-06-14 00:00:00+00:00
[2024-06-14T17:17:38.279+0200] {processor.py:183} INFO - Processing /Users/noejalabert/airflow_venv/lib/python3.11/site-packages/airflow/example_dags/example_branch_labels.py took 0.070 seconds
[2024-06-14T17:21:03.163+0200] {processor.py:161} INFO - Started process (PID=19074) to work on /Users/noejalabert/airflow_venv/lib/python3.11/site-packages/airflow/example_dags/example_branch_labels.py
[2024-06-14T17:21:03.163+0200] {processor.py:830} INFO - Processing file /Users/noejalabert/airflow_venv/lib/python3.11/site-packages/airflow/example_dags/example_branch_labels.py for tasks to queue
[2024-06-14T17:21:03.163+0200] {logging_mixin.py:188} INFO - [2024-06-14T17:21:03.163+0200] {dagbag.py:540} INFO - Filling up the DagBag from /Users/noejalabert/airflow_venv/lib/python3.11/site-packages/airflow/example_dags/example_branch_labels.py
[2024-06-14T17:21:03.167+0200] {processor.py:840} INFO - DAG(s) 'example_branch_labels' retrieved from /Users/noejalabert/airflow_venv/lib/python3.11/site-packages/airflow/example_dags/example_branch_labels.py
[2024-06-14T17:21:03.214+0200] {logging_mixin.py:188} INFO - [2024-06-14T17:21:03.214+0200] {dag.py:3096} INFO - Sync 1 DAGs
[2024-06-14T17:21:03.222+0200] {logging_mixin.py:188} INFO - [2024-06-14T17:21:03.222+0200] {dag.py:3954} INFO - Setting next_dagrun for example_branch_labels to 2024-06-13 00:00:00+00:00, run_after=2024-06-14 00:00:00+00:00
[2024-06-14T17:21:03.229+0200] {processor.py:183} INFO - Processing /Users/noejalabert/airflow_venv/lib/python3.11/site-packages/airflow/example_dags/example_branch_labels.py took 0.068 seconds
[2024-06-14T17:22:37.919+0200] {processor.py:161} INFO - Started process (PID=19261) to work on /Users/noejalabert/airflow_venv/lib/python3.11/site-packages/airflow/example_dags/example_branch_labels.py
[2024-06-14T17:22:37.920+0200] {processor.py:830} INFO - Processing file /Users/noejalabert/airflow_venv/lib/python3.11/site-packages/airflow/example_dags/example_branch_labels.py for tasks to queue
[2024-06-14T17:22:37.920+0200] {logging_mixin.py:188} INFO - [2024-06-14T17:22:37.920+0200] {dagbag.py:540} INFO - Filling up the DagBag from /Users/noejalabert/airflow_venv/lib/python3.11/site-packages/airflow/example_dags/example_branch_labels.py
[2024-06-14T17:22:37.924+0200] {processor.py:840} INFO - DAG(s) 'example_branch_labels' retrieved from /Users/noejalabert/airflow_venv/lib/python3.11/site-packages/airflow/example_dags/example_branch_labels.py
[2024-06-14T17:22:37.972+0200] {logging_mixin.py:188} INFO - [2024-06-14T17:22:37.972+0200] {dag.py:3096} INFO - Sync 1 DAGs
[2024-06-14T17:22:37.980+0200] {logging_mixin.py:188} INFO - [2024-06-14T17:22:37.979+0200] {dag.py:3954} INFO - Setting next_dagrun for example_branch_labels to 2024-06-13 00:00:00+00:00, run_after=2024-06-14 00:00:00+00:00
[2024-06-14T17:22:37.987+0200] {processor.py:183} INFO - Processing /Users/noejalabert/airflow_venv/lib/python3.11/site-packages/airflow/example_dags/example_branch_labels.py took 0.069 seconds
[2024-06-14T17:24:07.928+0200] {processor.py:161} INFO - Started process (PID=19411) to work on /Users/noejalabert/airflow_venv/lib/python3.11/site-packages/airflow/example_dags/example_branch_labels.py
[2024-06-14T17:24:07.930+0200] {processor.py:830} INFO - Processing file /Users/noejalabert/airflow_venv/lib/python3.11/site-packages/airflow/example_dags/example_branch_labels.py for tasks to queue
[2024-06-14T17:24:07.930+0200] {logging_mixin.py:188} INFO - [2024-06-14T17:24:07.930+0200] {dagbag.py:540} INFO - Filling up the DagBag from /Users/noejalabert/airflow_venv/lib/python3.11/site-packages/airflow/example_dags/example_branch_labels.py
[2024-06-14T17:24:07.934+0200] {processor.py:840} INFO - DAG(s) 'example_branch_labels' retrieved from /Users/noejalabert/airflow_venv/lib/python3.11/site-packages/airflow/example_dags/example_branch_labels.py
[2024-06-14T17:24:07.981+0200] {logging_mixin.py:188} INFO - [2024-06-14T17:24:07.981+0200] {dag.py:3096} INFO - Sync 1 DAGs
[2024-06-14T17:24:07.989+0200] {logging_mixin.py:188} INFO - [2024-06-14T17:24:07.989+0200] {dag.py:3954} INFO - Setting next_dagrun for example_branch_labels to 2024-06-13 00:00:00+00:00, run_after=2024-06-14 00:00:00+00:00
[2024-06-14T17:24:07.997+0200] {processor.py:183} INFO - Processing /Users/noejalabert/airflow_venv/lib/python3.11/site-packages/airflow/example_dags/example_branch_labels.py took 0.069 seconds
[2024-06-14T17:26:56.301+0200] {processor.py:161} INFO - Started process (PID=19650) to work on /Users/noejalabert/airflow_venv/lib/python3.11/site-packages/airflow/example_dags/example_branch_labels.py
[2024-06-14T17:26:56.303+0200] {processor.py:830} INFO - Processing file /Users/noejalabert/airflow_venv/lib/python3.11/site-packages/airflow/example_dags/example_branch_labels.py for tasks to queue
[2024-06-14T17:26:56.304+0200] {logging_mixin.py:188} INFO - [2024-06-14T17:26:56.304+0200] {dagbag.py:540} INFO - Filling up the DagBag from /Users/noejalabert/airflow_venv/lib/python3.11/site-packages/airflow/example_dags/example_branch_labels.py
[2024-06-14T17:26:56.309+0200] {processor.py:840} INFO - DAG(s) 'example_branch_labels' retrieved from /Users/noejalabert/airflow_venv/lib/python3.11/site-packages/airflow/example_dags/example_branch_labels.py
[2024-06-14T17:26:56.363+0200] {logging_mixin.py:188} INFO - [2024-06-14T17:26:56.363+0200] {dag.py:3096} INFO - Sync 1 DAGs
[2024-06-14T17:26:56.373+0200] {logging_mixin.py:188} INFO - [2024-06-14T17:26:56.372+0200] {dag.py:3954} INFO - Setting next_dagrun for example_branch_labels to 2024-06-13 00:00:00+00:00, run_after=2024-06-14 00:00:00+00:00
[2024-06-14T17:26:56.381+0200] {processor.py:183} INFO - Processing /Users/noejalabert/airflow_venv/lib/python3.11/site-packages/airflow/example_dags/example_branch_labels.py took 0.084 seconds
[2024-06-14T17:29:46.023+0200] {processor.py:161} INFO - Started process (PID=19887) to work on /Users/noejalabert/airflow_venv/lib/python3.11/site-packages/airflow/example_dags/example_branch_labels.py
[2024-06-14T17:29:46.024+0200] {processor.py:830} INFO - Processing file /Users/noejalabert/airflow_venv/lib/python3.11/site-packages/airflow/example_dags/example_branch_labels.py for tasks to queue
[2024-06-14T17:29:46.025+0200] {logging_mixin.py:188} INFO - [2024-06-14T17:29:46.024+0200] {dagbag.py:540} INFO - Filling up the DagBag from /Users/noejalabert/airflow_venv/lib/python3.11/site-packages/airflow/example_dags/example_branch_labels.py
[2024-06-14T17:29:46.030+0200] {processor.py:840} INFO - DAG(s) 'example_branch_labels' retrieved from /Users/noejalabert/airflow_venv/lib/python3.11/site-packages/airflow/example_dags/example_branch_labels.py
[2024-06-14T17:29:46.082+0200] {logging_mixin.py:188} INFO - [2024-06-14T17:29:46.082+0200] {dag.py:3096} INFO - Sync 1 DAGs
[2024-06-14T17:29:46.090+0200] {logging_mixin.py:188} INFO - [2024-06-14T17:29:46.090+0200] {dag.py:3954} INFO - Setting next_dagrun for example_branch_labels to 2024-06-13 00:00:00+00:00, run_after=2024-06-14 00:00:00+00:00
[2024-06-14T17:29:46.098+0200] {processor.py:183} INFO - Processing /Users/noejalabert/airflow_venv/lib/python3.11/site-packages/airflow/example_dags/example_branch_labels.py took 0.077 seconds
[2024-06-14T17:32:32.183+0200] {processor.py:161} INFO - Started process (PID=20197) to work on /Users/noejalabert/airflow_venv/lib/python3.11/site-packages/airflow/example_dags/example_branch_labels.py
[2024-06-14T17:32:32.184+0200] {processor.py:830} INFO - Processing file /Users/noejalabert/airflow_venv/lib/python3.11/site-packages/airflow/example_dags/example_branch_labels.py for tasks to queue
[2024-06-14T17:32:32.184+0200] {logging_mixin.py:188} INFO - [2024-06-14T17:32:32.184+0200] {dagbag.py:540} INFO - Filling up the DagBag from /Users/noejalabert/airflow_venv/lib/python3.11/site-packages/airflow/example_dags/example_branch_labels.py
[2024-06-14T17:32:32.188+0200] {processor.py:840} INFO - DAG(s) 'example_branch_labels' retrieved from /Users/noejalabert/airflow_venv/lib/python3.11/site-packages/airflow/example_dags/example_branch_labels.py
[2024-06-14T17:32:32.235+0200] {logging_mixin.py:188} INFO - [2024-06-14T17:32:32.235+0200] {dag.py:3096} INFO - Sync 1 DAGs
[2024-06-14T17:32:32.243+0200] {logging_mixin.py:188} INFO - [2024-06-14T17:32:32.243+0200] {dag.py:3954} INFO - Setting next_dagrun for example_branch_labels to 2024-06-13 00:00:00+00:00, run_after=2024-06-14 00:00:00+00:00
[2024-06-14T17:32:32.250+0200] {processor.py:183} INFO - Processing /Users/noejalabert/airflow_venv/lib/python3.11/site-packages/airflow/example_dags/example_branch_labels.py took 0.069 seconds
[2024-06-14T17:35:25.405+0200] {processor.py:161} INFO - Started process (PID=20473) to work on /Users/noejalabert/airflow_venv/lib/python3.11/site-packages/airflow/example_dags/example_branch_labels.py
[2024-06-14T17:35:25.406+0200] {processor.py:830} INFO - Processing file /Users/noejalabert/airflow_venv/lib/python3.11/site-packages/airflow/example_dags/example_branch_labels.py for tasks to queue
[2024-06-14T17:35:25.406+0200] {logging_mixin.py:188} INFO - [2024-06-14T17:35:25.406+0200] {dagbag.py:540} INFO - Filling up the DagBag from /Users/noejalabert/airflow_venv/lib/python3.11/site-packages/airflow/example_dags/example_branch_labels.py
[2024-06-14T17:35:25.410+0200] {processor.py:840} INFO - DAG(s) 'example_branch_labels' retrieved from /Users/noejalabert/airflow_venv/lib/python3.11/site-packages/airflow/example_dags/example_branch_labels.py
[2024-06-14T17:35:25.457+0200] {logging_mixin.py:188} INFO - [2024-06-14T17:35:25.457+0200] {dag.py:3096} INFO - Sync 1 DAGs
[2024-06-14T17:35:25.465+0200] {logging_mixin.py:188} INFO - [2024-06-14T17:35:25.465+0200] {dag.py:3954} INFO - Setting next_dagrun for example_branch_labels to 2024-06-13 00:00:00+00:00, run_after=2024-06-14 00:00:00+00:00
[2024-06-14T17:35:25.472+0200] {processor.py:183} INFO - Processing /Users/noejalabert/airflow_venv/lib/python3.11/site-packages/airflow/example_dags/example_branch_labels.py took 0.069 seconds
[2024-06-14T17:38:14.704+0200] {processor.py:161} INFO - Started process (PID=20699) to work on /Users/noejalabert/airflow_venv/lib/python3.11/site-packages/airflow/example_dags/example_branch_labels.py
[2024-06-14T17:38:14.704+0200] {processor.py:830} INFO - Processing file /Users/noejalabert/airflow_venv/lib/python3.11/site-packages/airflow/example_dags/example_branch_labels.py for tasks to queue
[2024-06-14T17:38:14.704+0200] {logging_mixin.py:188} INFO - [2024-06-14T17:38:14.704+0200] {dagbag.py:540} INFO - Filling up the DagBag from /Users/noejalabert/airflow_venv/lib/python3.11/site-packages/airflow/example_dags/example_branch_labels.py
[2024-06-14T17:38:14.708+0200] {processor.py:840} INFO - DAG(s) 'example_branch_labels' retrieved from /Users/noejalabert/airflow_venv/lib/python3.11/site-packages/airflow/example_dags/example_branch_labels.py
[2024-06-14T17:38:14.755+0200] {logging_mixin.py:188} INFO - [2024-06-14T17:38:14.755+0200] {dag.py:3096} INFO - Sync 1 DAGs
[2024-06-14T17:38:14.763+0200] {logging_mixin.py:188} INFO - [2024-06-14T17:38:14.762+0200] {dag.py:3954} INFO - Setting next_dagrun for example_branch_labels to 2024-06-13 00:00:00+00:00, run_after=2024-06-14 00:00:00+00:00
[2024-06-14T17:38:14.770+0200] {processor.py:183} INFO - Processing /Users/noejalabert/airflow_venv/lib/python3.11/site-packages/airflow/example_dags/example_branch_labels.py took 0.068 seconds
[2024-06-14T17:40:59.492+0200] {processor.py:161} INFO - Started process (PID=20914) to work on /Users/noejalabert/airflow_venv/lib/python3.11/site-packages/airflow/example_dags/example_branch_labels.py
[2024-06-14T17:40:59.493+0200] {processor.py:830} INFO - Processing file /Users/noejalabert/airflow_venv/lib/python3.11/site-packages/airflow/example_dags/example_branch_labels.py for tasks to queue
[2024-06-14T17:40:59.493+0200] {logging_mixin.py:188} INFO - [2024-06-14T17:40:59.493+0200] {dagbag.py:540} INFO - Filling up the DagBag from /Users/noejalabert/airflow_venv/lib/python3.11/site-packages/airflow/example_dags/example_branch_labels.py
[2024-06-14T17:40:59.497+0200] {processor.py:840} INFO - DAG(s) 'example_branch_labels' retrieved from /Users/noejalabert/airflow_venv/lib/python3.11/site-packages/airflow/example_dags/example_branch_labels.py
[2024-06-14T17:40:59.544+0200] {logging_mixin.py:188} INFO - [2024-06-14T17:40:59.544+0200] {dag.py:3096} INFO - Sync 1 DAGs
[2024-06-14T17:40:59.552+0200] {logging_mixin.py:188} INFO - [2024-06-14T17:40:59.552+0200] {dag.py:3954} INFO - Setting next_dagrun for example_branch_labels to 2024-06-13 00:00:00+00:00, run_after=2024-06-14 00:00:00+00:00
[2024-06-14T17:40:59.559+0200] {processor.py:183} INFO - Processing /Users/noejalabert/airflow_venv/lib/python3.11/site-packages/airflow/example_dags/example_branch_labels.py took 0.069 seconds
[2024-06-14T17:43:48.520+0200] {processor.py:161} INFO - Started process (PID=21144) to work on /Users/noejalabert/airflow_venv/lib/python3.11/site-packages/airflow/example_dags/example_branch_labels.py
[2024-06-14T17:43:48.521+0200] {processor.py:830} INFO - Processing file /Users/noejalabert/airflow_venv/lib/python3.11/site-packages/airflow/example_dags/example_branch_labels.py for tasks to queue
[2024-06-14T17:43:48.521+0200] {logging_mixin.py:188} INFO - [2024-06-14T17:43:48.521+0200] {dagbag.py:540} INFO - Filling up the DagBag from /Users/noejalabert/airflow_venv/lib/python3.11/site-packages/airflow/example_dags/example_branch_labels.py
[2024-06-14T17:43:48.525+0200] {processor.py:840} INFO - DAG(s) 'example_branch_labels' retrieved from /Users/noejalabert/airflow_venv/lib/python3.11/site-packages/airflow/example_dags/example_branch_labels.py
[2024-06-14T17:43:48.572+0200] {logging_mixin.py:188} INFO - [2024-06-14T17:43:48.572+0200] {dag.py:3096} INFO - Sync 1 DAGs
[2024-06-14T17:43:48.580+0200] {logging_mixin.py:188} INFO - [2024-06-14T17:43:48.580+0200] {dag.py:3954} INFO - Setting next_dagrun for example_branch_labels to 2024-06-13 00:00:00+00:00, run_after=2024-06-14 00:00:00+00:00
[2024-06-14T17:43:48.587+0200] {processor.py:183} INFO - Processing /Users/noejalabert/airflow_venv/lib/python3.11/site-packages/airflow/example_dags/example_branch_labels.py took 0.069 seconds
[2024-06-14T17:46:38.336+0200] {processor.py:161} INFO - Started process (PID=21371) to work on /Users/noejalabert/airflow_venv/lib/python3.11/site-packages/airflow/example_dags/example_branch_labels.py
[2024-06-14T17:46:38.336+0200] {processor.py:830} INFO - Processing file /Users/noejalabert/airflow_venv/lib/python3.11/site-packages/airflow/example_dags/example_branch_labels.py for tasks to queue
[2024-06-14T17:46:38.337+0200] {logging_mixin.py:188} INFO - [2024-06-14T17:46:38.336+0200] {dagbag.py:540} INFO - Filling up the DagBag from /Users/noejalabert/airflow_venv/lib/python3.11/site-packages/airflow/example_dags/example_branch_labels.py
[2024-06-14T17:46:38.341+0200] {processor.py:840} INFO - DAG(s) 'example_branch_labels' retrieved from /Users/noejalabert/airflow_venv/lib/python3.11/site-packages/airflow/example_dags/example_branch_labels.py
[2024-06-14T17:46:38.388+0200] {logging_mixin.py:188} INFO - [2024-06-14T17:46:38.388+0200] {dag.py:3096} INFO - Sync 1 DAGs
[2024-06-14T17:46:38.396+0200] {logging_mixin.py:188} INFO - [2024-06-14T17:46:38.396+0200] {dag.py:3954} INFO - Setting next_dagrun for example_branch_labels to 2024-06-13 00:00:00+00:00, run_after=2024-06-14 00:00:00+00:00
[2024-06-14T17:46:38.403+0200] {processor.py:183} INFO - Processing /Users/noejalabert/airflow_venv/lib/python3.11/site-packages/airflow/example_dags/example_branch_labels.py took 0.069 seconds
