[2024-06-14T10:00:08.714+0200] {processor.py:161} INFO - Started process (PID=22309) to work on /Users/noejalabert/airflow_venv/lib/python3.11/site-packages/airflow/example_dags/example_skip_dag.py
[2024-06-14T10:00:08.714+0200] {processor.py:830} INFO - Processing file /Users/noejalabert/airflow_venv/lib/python3.11/site-packages/airflow/example_dags/example_skip_dag.py for tasks to queue
[2024-06-14T10:00:08.714+0200] {logging_mixin.py:188} INFO - [2024-06-14T10:00:08.714+0200] {dagbag.py:540} INFO - Filling up the DagBag from /Users/noejalabert/airflow_venv/lib/python3.11/site-packages/airflow/example_dags/example_skip_dag.py
[2024-06-14T10:00:08.718+0200] {processor.py:840} INFO - DAG(s) 'example_skip_dag' retrieved from /Users/noejalabert/airflow_venv/lib/python3.11/site-packages/airflow/example_dags/example_skip_dag.py
[2024-06-14T10:00:08.798+0200] {logging_mixin.py:188} INFO - [2024-06-14T10:00:08.798+0200] {dag.py:3096} INFO - Sync 1 DAGs
[2024-06-14T10:00:08.804+0200] {logging_mixin.py:188} INFO - [2024-06-14T10:00:08.804+0200] {dag.py:3954} INFO - Setting next_dagrun for example_skip_dag to 2024-06-13 00:00:00+00:00, run_after=2024-06-14 00:00:00+00:00
[2024-06-14T10:00:08.812+0200] {processor.py:183} INFO - Processing /Users/noejalabert/airflow_venv/lib/python3.11/site-packages/airflow/example_dags/example_skip_dag.py took 0.100 seconds
[2024-06-14T10:01:42.600+0200] {processor.py:161} INFO - Started process (PID=22449) to work on /Users/noejalabert/airflow_venv/lib/python3.11/site-packages/airflow/example_dags/example_skip_dag.py
[2024-06-14T10:01:42.601+0200] {processor.py:830} INFO - Processing file /Users/noejalabert/airflow_venv/lib/python3.11/site-packages/airflow/example_dags/example_skip_dag.py for tasks to queue
[2024-06-14T10:01:42.601+0200] {logging_mixin.py:188} INFO - [2024-06-14T10:01:42.601+0200] {dagbag.py:540} INFO - Filling up the DagBag from /Users/noejalabert/airflow_venv/lib/python3.11/site-packages/airflow/example_dags/example_skip_dag.py
[2024-06-14T10:01:42.604+0200] {processor.py:840} INFO - DAG(s) 'example_skip_dag' retrieved from /Users/noejalabert/airflow_venv/lib/python3.11/site-packages/airflow/example_dags/example_skip_dag.py
[2024-06-14T10:01:42.653+0200] {logging_mixin.py:188} INFO - [2024-06-14T10:01:42.653+0200] {dag.py:3096} INFO - Sync 1 DAGs
[2024-06-14T10:01:42.661+0200] {logging_mixin.py:188} INFO - [2024-06-14T10:01:42.661+0200] {dag.py:3954} INFO - Setting next_dagrun for example_skip_dag to 2024-06-13 00:00:00+00:00, run_after=2024-06-14 00:00:00+00:00
[2024-06-14T10:01:42.668+0200] {processor.py:183} INFO - Processing /Users/noejalabert/airflow_venv/lib/python3.11/site-packages/airflow/example_dags/example_skip_dag.py took 0.070 seconds
[2024-06-14T10:03:09.540+0200] {processor.py:161} INFO - Started process (PID=22524) to work on /Users/noejalabert/airflow_venv/lib/python3.11/site-packages/airflow/example_dags/example_skip_dag.py
[2024-06-14T10:03:09.541+0200] {processor.py:830} INFO - Processing file /Users/noejalabert/airflow_venv/lib/python3.11/site-packages/airflow/example_dags/example_skip_dag.py for tasks to queue
[2024-06-14T10:03:09.542+0200] {logging_mixin.py:188} INFO - [2024-06-14T10:03:09.542+0200] {dagbag.py:540} INFO - Filling up the DagBag from /Users/noejalabert/airflow_venv/lib/python3.11/site-packages/airflow/example_dags/example_skip_dag.py
[2024-06-14T10:03:09.546+0200] {processor.py:840} INFO - DAG(s) 'example_skip_dag' retrieved from /Users/noejalabert/airflow_venv/lib/python3.11/site-packages/airflow/example_dags/example_skip_dag.py
[2024-06-14T10:03:09.597+0200] {logging_mixin.py:188} INFO - [2024-06-14T10:03:09.597+0200] {dag.py:3096} INFO - Sync 1 DAGs
[2024-06-14T10:03:09.605+0200] {logging_mixin.py:188} INFO - [2024-06-14T10:03:09.605+0200] {dag.py:3954} INFO - Setting next_dagrun for example_skip_dag to 2024-06-13 00:00:00+00:00, run_after=2024-06-14 00:00:00+00:00
[2024-06-14T10:03:09.615+0200] {processor.py:183} INFO - Processing /Users/noejalabert/airflow_venv/lib/python3.11/site-packages/airflow/example_dags/example_skip_dag.py took 0.076 seconds
[2024-06-14T10:04:46.905+0200] {processor.py:161} INFO - Started process (PID=22705) to work on /Users/noejalabert/airflow_venv/lib/python3.11/site-packages/airflow/example_dags/example_skip_dag.py
[2024-06-14T10:04:46.906+0200] {processor.py:830} INFO - Processing file /Users/noejalabert/airflow_venv/lib/python3.11/site-packages/airflow/example_dags/example_skip_dag.py for tasks to queue
[2024-06-14T10:04:46.906+0200] {logging_mixin.py:188} INFO - [2024-06-14T10:04:46.906+0200] {dagbag.py:540} INFO - Filling up the DagBag from /Users/noejalabert/airflow_venv/lib/python3.11/site-packages/airflow/example_dags/example_skip_dag.py
[2024-06-14T10:04:46.909+0200] {processor.py:840} INFO - DAG(s) 'example_skip_dag' retrieved from /Users/noejalabert/airflow_venv/lib/python3.11/site-packages/airflow/example_dags/example_skip_dag.py
[2024-06-14T10:04:46.960+0200] {logging_mixin.py:188} INFO - [2024-06-14T10:04:46.960+0200] {dag.py:3096} INFO - Sync 1 DAGs
[2024-06-14T10:04:46.968+0200] {logging_mixin.py:188} INFO - [2024-06-14T10:04:46.968+0200] {dag.py:3954} INFO - Setting next_dagrun for example_skip_dag to 2024-06-13 00:00:00+00:00, run_after=2024-06-14 00:00:00+00:00
[2024-06-14T10:04:46.977+0200] {processor.py:183} INFO - Processing /Users/noejalabert/airflow_venv/lib/python3.11/site-packages/airflow/example_dags/example_skip_dag.py took 0.074 seconds
[2024-06-14T10:17:52.373+0200] {processor.py:161} INFO - Started process (PID=1603) to work on /Users/noejalabert/airflow_venv/lib/python3.11/site-packages/airflow/example_dags/example_skip_dag.py
[2024-06-14T10:17:52.374+0200] {processor.py:830} INFO - Processing file /Users/noejalabert/airflow_venv/lib/python3.11/site-packages/airflow/example_dags/example_skip_dag.py for tasks to queue
[2024-06-14T10:17:52.375+0200] {logging_mixin.py:188} INFO - [2024-06-14T10:17:52.374+0200] {dagbag.py:540} INFO - Filling up the DagBag from /Users/noejalabert/airflow_venv/lib/python3.11/site-packages/airflow/example_dags/example_skip_dag.py
[2024-06-14T10:17:52.378+0200] {processor.py:840} INFO - DAG(s) 'example_skip_dag' retrieved from /Users/noejalabert/airflow_venv/lib/python3.11/site-packages/airflow/example_dags/example_skip_dag.py
[2024-06-14T10:17:52.458+0200] {logging_mixin.py:188} INFO - [2024-06-14T10:17:52.458+0200] {dag.py:3096} INFO - Sync 1 DAGs
[2024-06-14T10:17:52.464+0200] {logging_mixin.py:188} INFO - [2024-06-14T10:17:52.464+0200] {dag.py:3954} INFO - Setting next_dagrun for example_skip_dag to 2024-06-13 00:00:00+00:00, run_after=2024-06-14 00:00:00+00:00
[2024-06-14T10:17:52.473+0200] {processor.py:183} INFO - Processing /Users/noejalabert/airflow_venv/lib/python3.11/site-packages/airflow/example_dags/example_skip_dag.py took 0.101 seconds
[2024-06-14T10:19:36.850+0200] {processor.py:161} INFO - Started process (PID=1705) to work on /Users/noejalabert/airflow_venv/lib/python3.11/site-packages/airflow/example_dags/example_skip_dag.py
[2024-06-14T10:19:36.851+0200] {processor.py:830} INFO - Processing file /Users/noejalabert/airflow_venv/lib/python3.11/site-packages/airflow/example_dags/example_skip_dag.py for tasks to queue
[2024-06-14T10:19:36.851+0200] {logging_mixin.py:188} INFO - [2024-06-14T10:19:36.851+0200] {dagbag.py:540} INFO - Filling up the DagBag from /Users/noejalabert/airflow_venv/lib/python3.11/site-packages/airflow/example_dags/example_skip_dag.py
[2024-06-14T10:19:36.854+0200] {processor.py:840} INFO - DAG(s) 'example_skip_dag' retrieved from /Users/noejalabert/airflow_venv/lib/python3.11/site-packages/airflow/example_dags/example_skip_dag.py
[2024-06-14T10:19:36.902+0200] {logging_mixin.py:188} INFO - [2024-06-14T10:19:36.902+0200] {dag.py:3096} INFO - Sync 1 DAGs
[2024-06-14T10:19:36.909+0200] {logging_mixin.py:188} INFO - [2024-06-14T10:19:36.909+0200] {dag.py:3954} INFO - Setting next_dagrun for example_skip_dag to 2024-06-13 00:00:00+00:00, run_after=2024-06-14 00:00:00+00:00
[2024-06-14T10:19:36.916+0200] {processor.py:183} INFO - Processing /Users/noejalabert/airflow_venv/lib/python3.11/site-packages/airflow/example_dags/example_skip_dag.py took 0.068 seconds
[2024-06-14T10:21:03.503+0200] {processor.py:161} INFO - Started process (PID=1897) to work on /Users/noejalabert/airflow_venv/lib/python3.11/site-packages/airflow/example_dags/example_skip_dag.py
[2024-06-14T10:21:03.504+0200] {processor.py:830} INFO - Processing file /Users/noejalabert/airflow_venv/lib/python3.11/site-packages/airflow/example_dags/example_skip_dag.py for tasks to queue
[2024-06-14T10:21:03.505+0200] {logging_mixin.py:188} INFO - [2024-06-14T10:21:03.505+0200] {dagbag.py:540} INFO - Filling up the DagBag from /Users/noejalabert/airflow_venv/lib/python3.11/site-packages/airflow/example_dags/example_skip_dag.py
[2024-06-14T10:21:03.509+0200] {processor.py:840} INFO - DAG(s) 'example_skip_dag' retrieved from /Users/noejalabert/airflow_venv/lib/python3.11/site-packages/airflow/example_dags/example_skip_dag.py
[2024-06-14T10:21:03.559+0200] {logging_mixin.py:188} INFO - [2024-06-14T10:21:03.559+0200] {dag.py:3096} INFO - Sync 1 DAGs
[2024-06-14T10:21:03.567+0200] {logging_mixin.py:188} INFO - [2024-06-14T10:21:03.567+0200] {dag.py:3954} INFO - Setting next_dagrun for example_skip_dag to 2024-06-13 00:00:00+00:00, run_after=2024-06-14 00:00:00+00:00
[2024-06-14T10:21:03.575+0200] {processor.py:183} INFO - Processing /Users/noejalabert/airflow_venv/lib/python3.11/site-packages/airflow/example_dags/example_skip_dag.py took 0.073 seconds
[2024-06-14T10:22:23.309+0200] {processor.py:161} INFO - Started process (PID=1974) to work on /Users/noejalabert/airflow_venv/lib/python3.11/site-packages/airflow/example_dags/example_skip_dag.py
[2024-06-14T10:22:23.309+0200] {processor.py:830} INFO - Processing file /Users/noejalabert/airflow_venv/lib/python3.11/site-packages/airflow/example_dags/example_skip_dag.py for tasks to queue
[2024-06-14T10:22:23.310+0200] {logging_mixin.py:188} INFO - [2024-06-14T10:22:23.309+0200] {dagbag.py:540} INFO - Filling up the DagBag from /Users/noejalabert/airflow_venv/lib/python3.11/site-packages/airflow/example_dags/example_skip_dag.py
[2024-06-14T10:22:23.313+0200] {processor.py:840} INFO - DAG(s) 'example_skip_dag' retrieved from /Users/noejalabert/airflow_venv/lib/python3.11/site-packages/airflow/example_dags/example_skip_dag.py
[2024-06-14T10:22:23.360+0200] {logging_mixin.py:188} INFO - [2024-06-14T10:22:23.360+0200] {dag.py:3096} INFO - Sync 1 DAGs
[2024-06-14T10:22:23.367+0200] {logging_mixin.py:188} INFO - [2024-06-14T10:22:23.367+0200] {dag.py:3954} INFO - Setting next_dagrun for example_skip_dag to 2024-06-13 00:00:00+00:00, run_after=2024-06-14 00:00:00+00:00
[2024-06-14T10:22:23.375+0200] {processor.py:183} INFO - Processing /Users/noejalabert/airflow_venv/lib/python3.11/site-packages/airflow/example_dags/example_skip_dag.py took 0.067 seconds
[2024-06-14T10:23:49.850+0200] {processor.py:161} INFO - Started process (PID=2058) to work on /Users/noejalabert/airflow_venv/lib/python3.11/site-packages/airflow/example_dags/example_skip_dag.py
[2024-06-14T10:23:49.851+0200] {processor.py:830} INFO - Processing file /Users/noejalabert/airflow_venv/lib/python3.11/site-packages/airflow/example_dags/example_skip_dag.py for tasks to queue
[2024-06-14T10:23:49.851+0200] {logging_mixin.py:188} INFO - [2024-06-14T10:23:49.851+0200] {dagbag.py:540} INFO - Filling up the DagBag from /Users/noejalabert/airflow_venv/lib/python3.11/site-packages/airflow/example_dags/example_skip_dag.py
[2024-06-14T10:23:49.854+0200] {processor.py:840} INFO - DAG(s) 'example_skip_dag' retrieved from /Users/noejalabert/airflow_venv/lib/python3.11/site-packages/airflow/example_dags/example_skip_dag.py
[2024-06-14T10:23:49.901+0200] {logging_mixin.py:188} INFO - [2024-06-14T10:23:49.901+0200] {dag.py:3096} INFO - Sync 1 DAGs
[2024-06-14T10:23:49.908+0200] {logging_mixin.py:188} INFO - [2024-06-14T10:23:49.908+0200] {dag.py:3954} INFO - Setting next_dagrun for example_skip_dag to 2024-06-13 00:00:00+00:00, run_after=2024-06-14 00:00:00+00:00
[2024-06-14T10:23:49.916+0200] {processor.py:183} INFO - Processing /Users/noejalabert/airflow_venv/lib/python3.11/site-packages/airflow/example_dags/example_skip_dag.py took 0.067 seconds
[2024-06-14T10:25:11.564+0200] {processor.py:161} INFO - Started process (PID=2149) to work on /Users/noejalabert/airflow_venv/lib/python3.11/site-packages/airflow/example_dags/example_skip_dag.py
[2024-06-14T10:25:11.565+0200] {processor.py:830} INFO - Processing file /Users/noejalabert/airflow_venv/lib/python3.11/site-packages/airflow/example_dags/example_skip_dag.py for tasks to queue
[2024-06-14T10:25:11.565+0200] {logging_mixin.py:188} INFO - [2024-06-14T10:25:11.565+0200] {dagbag.py:540} INFO - Filling up the DagBag from /Users/noejalabert/airflow_venv/lib/python3.11/site-packages/airflow/example_dags/example_skip_dag.py
[2024-06-14T10:25:11.568+0200] {processor.py:840} INFO - DAG(s) 'example_skip_dag' retrieved from /Users/noejalabert/airflow_venv/lib/python3.11/site-packages/airflow/example_dags/example_skip_dag.py
[2024-06-14T10:25:11.615+0200] {logging_mixin.py:188} INFO - [2024-06-14T10:25:11.615+0200] {dag.py:3096} INFO - Sync 1 DAGs
[2024-06-14T10:25:11.622+0200] {logging_mixin.py:188} INFO - [2024-06-14T10:25:11.622+0200] {dag.py:3954} INFO - Setting next_dagrun for example_skip_dag to 2024-06-13 00:00:00+00:00, run_after=2024-06-14 00:00:00+00:00
[2024-06-14T10:25:11.630+0200] {processor.py:183} INFO - Processing /Users/noejalabert/airflow_venv/lib/python3.11/site-packages/airflow/example_dags/example_skip_dag.py took 0.067 seconds
[2024-06-14T10:26:38.965+0200] {processor.py:161} INFO - Started process (PID=2241) to work on /Users/noejalabert/airflow_venv/lib/python3.11/site-packages/airflow/example_dags/example_skip_dag.py
[2024-06-14T10:26:38.966+0200] {processor.py:830} INFO - Processing file /Users/noejalabert/airflow_venv/lib/python3.11/site-packages/airflow/example_dags/example_skip_dag.py for tasks to queue
[2024-06-14T10:26:38.966+0200] {logging_mixin.py:188} INFO - [2024-06-14T10:26:38.966+0200] {dagbag.py:540} INFO - Filling up the DagBag from /Users/noejalabert/airflow_venv/lib/python3.11/site-packages/airflow/example_dags/example_skip_dag.py
[2024-06-14T10:26:38.969+0200] {processor.py:840} INFO - DAG(s) 'example_skip_dag' retrieved from /Users/noejalabert/airflow_venv/lib/python3.11/site-packages/airflow/example_dags/example_skip_dag.py
[2024-06-14T10:26:39.017+0200] {logging_mixin.py:188} INFO - [2024-06-14T10:26:39.017+0200] {dag.py:3096} INFO - Sync 1 DAGs
[2024-06-14T10:26:39.024+0200] {logging_mixin.py:188} INFO - [2024-06-14T10:26:39.024+0200] {dag.py:3954} INFO - Setting next_dagrun for example_skip_dag to 2024-06-13 00:00:00+00:00, run_after=2024-06-14 00:00:00+00:00
[2024-06-14T10:26:39.032+0200] {processor.py:183} INFO - Processing /Users/noejalabert/airflow_venv/lib/python3.11/site-packages/airflow/example_dags/example_skip_dag.py took 0.067 seconds
[2024-06-14T10:28:02.920+0200] {processor.py:161} INFO - Started process (PID=2331) to work on /Users/noejalabert/airflow_venv/lib/python3.11/site-packages/airflow/example_dags/example_skip_dag.py
[2024-06-14T10:28:02.921+0200] {processor.py:830} INFO - Processing file /Users/noejalabert/airflow_venv/lib/python3.11/site-packages/airflow/example_dags/example_skip_dag.py for tasks to queue
[2024-06-14T10:28:02.921+0200] {logging_mixin.py:188} INFO - [2024-06-14T10:28:02.921+0200] {dagbag.py:540} INFO - Filling up the DagBag from /Users/noejalabert/airflow_venv/lib/python3.11/site-packages/airflow/example_dags/example_skip_dag.py
[2024-06-14T10:28:02.924+0200] {processor.py:840} INFO - DAG(s) 'example_skip_dag' retrieved from /Users/noejalabert/airflow_venv/lib/python3.11/site-packages/airflow/example_dags/example_skip_dag.py
[2024-06-14T10:28:02.971+0200] {logging_mixin.py:188} INFO - [2024-06-14T10:28:02.971+0200] {dag.py:3096} INFO - Sync 1 DAGs
[2024-06-14T10:28:02.978+0200] {logging_mixin.py:188} INFO - [2024-06-14T10:28:02.978+0200] {dag.py:3954} INFO - Setting next_dagrun for example_skip_dag to 2024-06-13 00:00:00+00:00, run_after=2024-06-14 00:00:00+00:00
[2024-06-14T10:28:02.986+0200] {processor.py:183} INFO - Processing /Users/noejalabert/airflow_venv/lib/python3.11/site-packages/airflow/example_dags/example_skip_dag.py took 0.067 seconds
[2024-06-14T10:29:23.979+0200] {processor.py:161} INFO - Started process (PID=2414) to work on /Users/noejalabert/airflow_venv/lib/python3.11/site-packages/airflow/example_dags/example_skip_dag.py
[2024-06-14T10:29:23.980+0200] {processor.py:830} INFO - Processing file /Users/noejalabert/airflow_venv/lib/python3.11/site-packages/airflow/example_dags/example_skip_dag.py for tasks to queue
[2024-06-14T10:29:23.980+0200] {logging_mixin.py:188} INFO - [2024-06-14T10:29:23.980+0200] {dagbag.py:540} INFO - Filling up the DagBag from /Users/noejalabert/airflow_venv/lib/python3.11/site-packages/airflow/example_dags/example_skip_dag.py
[2024-06-14T10:29:23.983+0200] {processor.py:840} INFO - DAG(s) 'example_skip_dag' retrieved from /Users/noejalabert/airflow_venv/lib/python3.11/site-packages/airflow/example_dags/example_skip_dag.py
[2024-06-14T10:29:24.030+0200] {logging_mixin.py:188} INFO - [2024-06-14T10:29:24.030+0200] {dag.py:3096} INFO - Sync 1 DAGs
[2024-06-14T10:29:24.038+0200] {logging_mixin.py:188} INFO - [2024-06-14T10:29:24.038+0200] {dag.py:3954} INFO - Setting next_dagrun for example_skip_dag to 2024-06-13 00:00:00+00:00, run_after=2024-06-14 00:00:00+00:00
[2024-06-14T10:29:24.045+0200] {processor.py:183} INFO - Processing /Users/noejalabert/airflow_venv/lib/python3.11/site-packages/airflow/example_dags/example_skip_dag.py took 0.067 seconds
[2024-06-14T10:30:48.572+0200] {processor.py:161} INFO - Started process (PID=2498) to work on /Users/noejalabert/airflow_venv/lib/python3.11/site-packages/airflow/example_dags/example_skip_dag.py
[2024-06-14T10:30:48.573+0200] {processor.py:830} INFO - Processing file /Users/noejalabert/airflow_venv/lib/python3.11/site-packages/airflow/example_dags/example_skip_dag.py for tasks to queue
[2024-06-14T10:30:48.573+0200] {logging_mixin.py:188} INFO - [2024-06-14T10:30:48.573+0200] {dagbag.py:540} INFO - Filling up the DagBag from /Users/noejalabert/airflow_venv/lib/python3.11/site-packages/airflow/example_dags/example_skip_dag.py
[2024-06-14T10:30:48.576+0200] {processor.py:840} INFO - DAG(s) 'example_skip_dag' retrieved from /Users/noejalabert/airflow_venv/lib/python3.11/site-packages/airflow/example_dags/example_skip_dag.py
[2024-06-14T10:30:48.624+0200] {logging_mixin.py:188} INFO - [2024-06-14T10:30:48.624+0200] {dag.py:3096} INFO - Sync 1 DAGs
[2024-06-14T10:30:48.631+0200] {logging_mixin.py:188} INFO - [2024-06-14T10:30:48.631+0200] {dag.py:3954} INFO - Setting next_dagrun for example_skip_dag to 2024-06-13 00:00:00+00:00, run_after=2024-06-14 00:00:00+00:00
[2024-06-14T10:30:48.639+0200] {processor.py:183} INFO - Processing /Users/noejalabert/airflow_venv/lib/python3.11/site-packages/airflow/example_dags/example_skip_dag.py took 0.068 seconds
[2024-06-14T10:32:13.573+0200] {processor.py:161} INFO - Started process (PID=2574) to work on /Users/noejalabert/airflow_venv/lib/python3.11/site-packages/airflow/example_dags/example_skip_dag.py
[2024-06-14T10:32:13.574+0200] {processor.py:830} INFO - Processing file /Users/noejalabert/airflow_venv/lib/python3.11/site-packages/airflow/example_dags/example_skip_dag.py for tasks to queue
[2024-06-14T10:32:13.574+0200] {logging_mixin.py:188} INFO - [2024-06-14T10:32:13.574+0200] {dagbag.py:540} INFO - Filling up the DagBag from /Users/noejalabert/airflow_venv/lib/python3.11/site-packages/airflow/example_dags/example_skip_dag.py
[2024-06-14T10:32:13.577+0200] {processor.py:840} INFO - DAG(s) 'example_skip_dag' retrieved from /Users/noejalabert/airflow_venv/lib/python3.11/site-packages/airflow/example_dags/example_skip_dag.py
[2024-06-14T10:32:13.624+0200] {logging_mixin.py:188} INFO - [2024-06-14T10:32:13.624+0200] {dag.py:3096} INFO - Sync 1 DAGs
[2024-06-14T10:32:13.631+0200] {logging_mixin.py:188} INFO - [2024-06-14T10:32:13.631+0200] {dag.py:3954} INFO - Setting next_dagrun for example_skip_dag to 2024-06-13 00:00:00+00:00, run_after=2024-06-14 00:00:00+00:00
[2024-06-14T10:32:13.639+0200] {processor.py:183} INFO - Processing /Users/noejalabert/airflow_venv/lib/python3.11/site-packages/airflow/example_dags/example_skip_dag.py took 0.067 seconds
[2024-06-14T10:33:33.707+0200] {processor.py:161} INFO - Started process (PID=2765) to work on /Users/noejalabert/airflow_venv/lib/python3.11/site-packages/airflow/example_dags/example_skip_dag.py
[2024-06-14T10:33:33.707+0200] {processor.py:830} INFO - Processing file /Users/noejalabert/airflow_venv/lib/python3.11/site-packages/airflow/example_dags/example_skip_dag.py for tasks to queue
[2024-06-14T10:33:33.707+0200] {logging_mixin.py:188} INFO - [2024-06-14T10:33:33.707+0200] {dagbag.py:540} INFO - Filling up the DagBag from /Users/noejalabert/airflow_venv/lib/python3.11/site-packages/airflow/example_dags/example_skip_dag.py
[2024-06-14T10:33:33.710+0200] {processor.py:840} INFO - DAG(s) 'example_skip_dag' retrieved from /Users/noejalabert/airflow_venv/lib/python3.11/site-packages/airflow/example_dags/example_skip_dag.py
[2024-06-14T10:33:33.758+0200] {logging_mixin.py:188} INFO - [2024-06-14T10:33:33.758+0200] {dag.py:3096} INFO - Sync 1 DAGs
[2024-06-14T10:33:33.766+0200] {logging_mixin.py:188} INFO - [2024-06-14T10:33:33.766+0200] {dag.py:3954} INFO - Setting next_dagrun for example_skip_dag to 2024-06-13 00:00:00+00:00, run_after=2024-06-14 00:00:00+00:00
[2024-06-14T10:33:33.773+0200] {processor.py:183} INFO - Processing /Users/noejalabert/airflow_venv/lib/python3.11/site-packages/airflow/example_dags/example_skip_dag.py took 0.068 seconds
