[2024-06-14T10:00:28.690+0200] {processor.py:161} INFO - Started process (PID=22321) to work on /Users/noejalabert/airflow_venv/lib/python3.11/site-packages/airflow/example_dags/example_params_trigger_ui.py
[2024-06-14T10:00:28.691+0200] {processor.py:830} INFO - Processing file /Users/noejalabert/airflow_venv/lib/python3.11/site-packages/airflow/example_dags/example_params_trigger_ui.py for tasks to queue
[2024-06-14T10:00:28.691+0200] {logging_mixin.py:188} INFO - [2024-06-14T10:00:28.691+0200] {dagbag.py:540} INFO - Filling up the DagBag from /Users/noejalabert/airflow_venv/lib/python3.11/site-packages/airflow/example_dags/example_params_trigger_ui.py
[2024-06-14T10:00:28.710+0200] {processor.py:840} INFO - DAG(s) 'example_params_trigger_ui' retrieved from /Users/noejalabert/airflow_venv/lib/python3.11/site-packages/airflow/example_dags/example_params_trigger_ui.py
[2024-06-14T10:00:28.840+0200] {logging_mixin.py:188} INFO - [2024-06-14T10:00:28.839+0200] {dag.py:3096} INFO - Sync 1 DAGs
[2024-06-14T10:00:28.844+0200] {logging_mixin.py:188} INFO - [2024-06-14T10:00:28.844+0200] {dag.py:3954} INFO - Setting next_dagrun for example_params_trigger_ui to None, run_after=None
[2024-06-14T10:00:28.853+0200] {processor.py:183} INFO - Processing /Users/noejalabert/airflow_venv/lib/python3.11/site-packages/airflow/example_dags/example_params_trigger_ui.py took 0.164 seconds
[2024-06-14T10:02:01.538+0200] {processor.py:161} INFO - Started process (PID=22465) to work on /Users/noejalabert/airflow_venv/lib/python3.11/site-packages/airflow/example_dags/example_params_trigger_ui.py
[2024-06-14T10:02:01.539+0200] {processor.py:830} INFO - Processing file /Users/noejalabert/airflow_venv/lib/python3.11/site-packages/airflow/example_dags/example_params_trigger_ui.py for tasks to queue
[2024-06-14T10:02:01.540+0200] {logging_mixin.py:188} INFO - [2024-06-14T10:02:01.539+0200] {dagbag.py:540} INFO - Filling up the DagBag from /Users/noejalabert/airflow_venv/lib/python3.11/site-packages/airflow/example_dags/example_params_trigger_ui.py
[2024-06-14T10:02:01.558+0200] {processor.py:840} INFO - DAG(s) 'example_params_trigger_ui' retrieved from /Users/noejalabert/airflow_venv/lib/python3.11/site-packages/airflow/example_dags/example_params_trigger_ui.py
[2024-06-14T10:02:01.613+0200] {logging_mixin.py:188} INFO - [2024-06-14T10:02:01.613+0200] {dag.py:3096} INFO - Sync 1 DAGs
[2024-06-14T10:02:01.617+0200] {logging_mixin.py:188} INFO - [2024-06-14T10:02:01.617+0200] {dag.py:3954} INFO - Setting next_dagrun for example_params_trigger_ui to None, run_after=None
[2024-06-14T10:02:01.625+0200] {processor.py:183} INFO - Processing /Users/noejalabert/airflow_venv/lib/python3.11/site-packages/airflow/example_dags/example_params_trigger_ui.py took 0.089 seconds
[2024-06-14T10:03:37.904+0200] {processor.py:161} INFO - Started process (PID=22552) to work on /Users/noejalabert/airflow_venv/lib/python3.11/site-packages/airflow/example_dags/example_params_trigger_ui.py
[2024-06-14T10:03:37.905+0200] {processor.py:830} INFO - Processing file /Users/noejalabert/airflow_venv/lib/python3.11/site-packages/airflow/example_dags/example_params_trigger_ui.py for tasks to queue
[2024-06-14T10:03:37.906+0200] {logging_mixin.py:188} INFO - [2024-06-14T10:03:37.906+0200] {dagbag.py:540} INFO - Filling up the DagBag from /Users/noejalabert/airflow_venv/lib/python3.11/site-packages/airflow/example_dags/example_params_trigger_ui.py
[2024-06-14T10:03:37.925+0200] {processor.py:840} INFO - DAG(s) 'example_params_trigger_ui' retrieved from /Users/noejalabert/airflow_venv/lib/python3.11/site-packages/airflow/example_dags/example_params_trigger_ui.py
[2024-06-14T10:03:37.980+0200] {logging_mixin.py:188} INFO - [2024-06-14T10:03:37.980+0200] {dag.py:3096} INFO - Sync 1 DAGs
[2024-06-14T10:03:37.984+0200] {logging_mixin.py:188} INFO - [2024-06-14T10:03:37.984+0200] {dag.py:3954} INFO - Setting next_dagrun for example_params_trigger_ui to None, run_after=None
[2024-06-14T10:03:37.992+0200] {processor.py:183} INFO - Processing /Users/noejalabert/airflow_venv/lib/python3.11/site-packages/airflow/example_dags/example_params_trigger_ui.py took 0.089 seconds
[2024-06-14T10:18:12.469+0200] {processor.py:161} INFO - Started process (PID=1623) to work on /Users/noejalabert/airflow_venv/lib/python3.11/site-packages/airflow/example_dags/example_params_trigger_ui.py
[2024-06-14T10:18:12.470+0200] {processor.py:830} INFO - Processing file /Users/noejalabert/airflow_venv/lib/python3.11/site-packages/airflow/example_dags/example_params_trigger_ui.py for tasks to queue
[2024-06-14T10:18:12.470+0200] {logging_mixin.py:188} INFO - [2024-06-14T10:18:12.470+0200] {dagbag.py:540} INFO - Filling up the DagBag from /Users/noejalabert/airflow_venv/lib/python3.11/site-packages/airflow/example_dags/example_params_trigger_ui.py
[2024-06-14T10:18:12.490+0200] {processor.py:840} INFO - DAG(s) 'example_params_trigger_ui' retrieved from /Users/noejalabert/airflow_venv/lib/python3.11/site-packages/airflow/example_dags/example_params_trigger_ui.py
[2024-06-14T10:18:12.609+0200] {logging_mixin.py:188} INFO - [2024-06-14T10:18:12.609+0200] {dag.py:3096} INFO - Sync 1 DAGs
[2024-06-14T10:18:12.613+0200] {logging_mixin.py:188} INFO - [2024-06-14T10:18:12.613+0200] {dag.py:3954} INFO - Setting next_dagrun for example_params_trigger_ui to None, run_after=None
[2024-06-14T10:18:12.622+0200] {processor.py:183} INFO - Processing /Users/noejalabert/airflow_venv/lib/python3.11/site-packages/airflow/example_dags/example_params_trigger_ui.py took 0.154 seconds
[2024-06-14T10:19:54.326+0200] {processor.py:161} INFO - Started process (PID=1722) to work on /Users/noejalabert/airflow_venv/lib/python3.11/site-packages/airflow/example_dags/example_params_trigger_ui.py
[2024-06-14T10:19:54.327+0200] {processor.py:830} INFO - Processing file /Users/noejalabert/airflow_venv/lib/python3.11/site-packages/airflow/example_dags/example_params_trigger_ui.py for tasks to queue
[2024-06-14T10:19:54.327+0200] {logging_mixin.py:188} INFO - [2024-06-14T10:19:54.327+0200] {dagbag.py:540} INFO - Filling up the DagBag from /Users/noejalabert/airflow_venv/lib/python3.11/site-packages/airflow/example_dags/example_params_trigger_ui.py
[2024-06-14T10:19:54.349+0200] {processor.py:840} INFO - DAG(s) 'example_params_trigger_ui' retrieved from /Users/noejalabert/airflow_venv/lib/python3.11/site-packages/airflow/example_dags/example_params_trigger_ui.py
[2024-06-14T10:19:54.416+0200] {logging_mixin.py:188} INFO - [2024-06-14T10:19:54.416+0200] {dag.py:3096} INFO - Sync 1 DAGs
[2024-06-14T10:19:54.421+0200] {logging_mixin.py:188} INFO - [2024-06-14T10:19:54.421+0200] {dag.py:3954} INFO - Setting next_dagrun for example_params_trigger_ui to None, run_after=None
[2024-06-14T10:19:54.429+0200] {processor.py:183} INFO - Processing /Users/noejalabert/airflow_venv/lib/python3.11/site-packages/airflow/example_dags/example_params_trigger_ui.py took 0.104 seconds
[2024-06-14T10:21:20.767+0200] {processor.py:161} INFO - Started process (PID=1916) to work on /Users/noejalabert/airflow_venv/lib/python3.11/site-packages/airflow/example_dags/example_params_trigger_ui.py
[2024-06-14T10:21:20.769+0200] {processor.py:830} INFO - Processing file /Users/noejalabert/airflow_venv/lib/python3.11/site-packages/airflow/example_dags/example_params_trigger_ui.py for tasks to queue
[2024-06-14T10:21:20.769+0200] {logging_mixin.py:188} INFO - [2024-06-14T10:21:20.769+0200] {dagbag.py:540} INFO - Filling up the DagBag from /Users/noejalabert/airflow_venv/lib/python3.11/site-packages/airflow/example_dags/example_params_trigger_ui.py
[2024-06-14T10:21:20.787+0200] {processor.py:840} INFO - DAG(s) 'example_params_trigger_ui' retrieved from /Users/noejalabert/airflow_venv/lib/python3.11/site-packages/airflow/example_dags/example_params_trigger_ui.py
[2024-06-14T10:21:20.842+0200] {logging_mixin.py:188} INFO - [2024-06-14T10:21:20.842+0200] {dag.py:3096} INFO - Sync 1 DAGs
[2024-06-14T10:21:20.846+0200] {logging_mixin.py:188} INFO - [2024-06-14T10:21:20.846+0200] {dag.py:3954} INFO - Setting next_dagrun for example_params_trigger_ui to None, run_after=None
[2024-06-14T10:21:20.853+0200] {processor.py:183} INFO - Processing /Users/noejalabert/airflow_venv/lib/python3.11/site-packages/airflow/example_dags/example_params_trigger_ui.py took 0.087 seconds
[2024-06-14T10:22:43.094+0200] {processor.py:161} INFO - Started process (PID=1998) to work on /Users/noejalabert/airflow_venv/lib/python3.11/site-packages/airflow/example_dags/example_params_trigger_ui.py
[2024-06-14T10:22:43.095+0200] {processor.py:830} INFO - Processing file /Users/noejalabert/airflow_venv/lib/python3.11/site-packages/airflow/example_dags/example_params_trigger_ui.py for tasks to queue
[2024-06-14T10:22:43.095+0200] {logging_mixin.py:188} INFO - [2024-06-14T10:22:43.095+0200] {dagbag.py:540} INFO - Filling up the DagBag from /Users/noejalabert/airflow_venv/lib/python3.11/site-packages/airflow/example_dags/example_params_trigger_ui.py
[2024-06-14T10:22:43.113+0200] {processor.py:840} INFO - DAG(s) 'example_params_trigger_ui' retrieved from /Users/noejalabert/airflow_venv/lib/python3.11/site-packages/airflow/example_dags/example_params_trigger_ui.py
[2024-06-14T10:22:43.167+0200] {logging_mixin.py:188} INFO - [2024-06-14T10:22:43.167+0200] {dag.py:3096} INFO - Sync 1 DAGs
[2024-06-14T10:22:43.171+0200] {logging_mixin.py:188} INFO - [2024-06-14T10:22:43.171+0200] {dag.py:3954} INFO - Setting next_dagrun for example_params_trigger_ui to None, run_after=None
[2024-06-14T10:22:43.179+0200] {processor.py:183} INFO - Processing /Users/noejalabert/airflow_venv/lib/python3.11/site-packages/airflow/example_dags/example_params_trigger_ui.py took 0.086 seconds
[2024-06-14T10:24:07.507+0200] {processor.py:161} INFO - Started process (PID=2083) to work on /Users/noejalabert/airflow_venv/lib/python3.11/site-packages/airflow/example_dags/example_params_trigger_ui.py
[2024-06-14T10:24:07.507+0200] {processor.py:830} INFO - Processing file /Users/noejalabert/airflow_venv/lib/python3.11/site-packages/airflow/example_dags/example_params_trigger_ui.py for tasks to queue
[2024-06-14T10:24:07.508+0200] {logging_mixin.py:188} INFO - [2024-06-14T10:24:07.508+0200] {dagbag.py:540} INFO - Filling up the DagBag from /Users/noejalabert/airflow_venv/lib/python3.11/site-packages/airflow/example_dags/example_params_trigger_ui.py
[2024-06-14T10:24:07.526+0200] {processor.py:840} INFO - DAG(s) 'example_params_trigger_ui' retrieved from /Users/noejalabert/airflow_venv/lib/python3.11/site-packages/airflow/example_dags/example_params_trigger_ui.py
[2024-06-14T10:24:07.580+0200] {logging_mixin.py:188} INFO - [2024-06-14T10:24:07.580+0200] {dag.py:3096} INFO - Sync 1 DAGs
[2024-06-14T10:24:07.584+0200] {logging_mixin.py:188} INFO - [2024-06-14T10:24:07.584+0200] {dag.py:3954} INFO - Setting next_dagrun for example_params_trigger_ui to None, run_after=None
[2024-06-14T10:24:07.592+0200] {processor.py:183} INFO - Processing /Users/noejalabert/airflow_venv/lib/python3.11/site-packages/airflow/example_dags/example_params_trigger_ui.py took 0.086 seconds
[2024-06-14T10:25:31.567+0200] {processor.py:161} INFO - Started process (PID=2166) to work on /Users/noejalabert/airflow_venv/lib/python3.11/site-packages/airflow/example_dags/example_params_trigger_ui.py
[2024-06-14T10:25:31.568+0200] {processor.py:830} INFO - Processing file /Users/noejalabert/airflow_venv/lib/python3.11/site-packages/airflow/example_dags/example_params_trigger_ui.py for tasks to queue
[2024-06-14T10:25:31.568+0200] {logging_mixin.py:188} INFO - [2024-06-14T10:25:31.568+0200] {dagbag.py:540} INFO - Filling up the DagBag from /Users/noejalabert/airflow_venv/lib/python3.11/site-packages/airflow/example_dags/example_params_trigger_ui.py
[2024-06-14T10:25:31.586+0200] {processor.py:840} INFO - DAG(s) 'example_params_trigger_ui' retrieved from /Users/noejalabert/airflow_venv/lib/python3.11/site-packages/airflow/example_dags/example_params_trigger_ui.py
[2024-06-14T10:25:31.642+0200] {logging_mixin.py:188} INFO - [2024-06-14T10:25:31.641+0200] {dag.py:3096} INFO - Sync 1 DAGs
[2024-06-14T10:25:31.646+0200] {logging_mixin.py:188} INFO - [2024-06-14T10:25:31.646+0200] {dag.py:3954} INFO - Setting next_dagrun for example_params_trigger_ui to None, run_after=None
[2024-06-14T10:25:31.653+0200] {processor.py:183} INFO - Processing /Users/noejalabert/airflow_venv/lib/python3.11/site-packages/airflow/example_dags/example_params_trigger_ui.py took 0.087 seconds
[2024-06-14T10:26:57.694+0200] {processor.py:161} INFO - Started process (PID=2258) to work on /Users/noejalabert/airflow_venv/lib/python3.11/site-packages/airflow/example_dags/example_params_trigger_ui.py
[2024-06-14T10:26:57.694+0200] {processor.py:830} INFO - Processing file /Users/noejalabert/airflow_venv/lib/python3.11/site-packages/airflow/example_dags/example_params_trigger_ui.py for tasks to queue
[2024-06-14T10:26:57.694+0200] {logging_mixin.py:188} INFO - [2024-06-14T10:26:57.694+0200] {dagbag.py:540} INFO - Filling up the DagBag from /Users/noejalabert/airflow_venv/lib/python3.11/site-packages/airflow/example_dags/example_params_trigger_ui.py
[2024-06-14T10:26:57.713+0200] {processor.py:840} INFO - DAG(s) 'example_params_trigger_ui' retrieved from /Users/noejalabert/airflow_venv/lib/python3.11/site-packages/airflow/example_dags/example_params_trigger_ui.py
[2024-06-14T10:26:57.767+0200] {logging_mixin.py:188} INFO - [2024-06-14T10:26:57.767+0200] {dag.py:3096} INFO - Sync 1 DAGs
[2024-06-14T10:26:57.771+0200] {logging_mixin.py:188} INFO - [2024-06-14T10:26:57.771+0200] {dag.py:3954} INFO - Setting next_dagrun for example_params_trigger_ui to None, run_after=None
[2024-06-14T10:26:57.779+0200] {processor.py:183} INFO - Processing /Users/noejalabert/airflow_venv/lib/python3.11/site-packages/airflow/example_dags/example_params_trigger_ui.py took 0.087 seconds
[2024-06-14T10:28:20.378+0200] {processor.py:161} INFO - Started process (PID=2349) to work on /Users/noejalabert/airflow_venv/lib/python3.11/site-packages/airflow/example_dags/example_params_trigger_ui.py
[2024-06-14T10:28:20.378+0200] {processor.py:830} INFO - Processing file /Users/noejalabert/airflow_venv/lib/python3.11/site-packages/airflow/example_dags/example_params_trigger_ui.py for tasks to queue
[2024-06-14T10:28:20.379+0200] {logging_mixin.py:188} INFO - [2024-06-14T10:28:20.378+0200] {dagbag.py:540} INFO - Filling up the DagBag from /Users/noejalabert/airflow_venv/lib/python3.11/site-packages/airflow/example_dags/example_params_trigger_ui.py
[2024-06-14T10:28:20.396+0200] {processor.py:840} INFO - DAG(s) 'example_params_trigger_ui' retrieved from /Users/noejalabert/airflow_venv/lib/python3.11/site-packages/airflow/example_dags/example_params_trigger_ui.py
[2024-06-14T10:28:20.452+0200] {logging_mixin.py:188} INFO - [2024-06-14T10:28:20.452+0200] {dag.py:3096} INFO - Sync 1 DAGs
[2024-06-14T10:28:20.456+0200] {logging_mixin.py:188} INFO - [2024-06-14T10:28:20.456+0200] {dag.py:3954} INFO - Setting next_dagrun for example_params_trigger_ui to None, run_after=None
[2024-06-14T10:28:20.463+0200] {processor.py:183} INFO - Processing /Users/noejalabert/airflow_venv/lib/python3.11/site-packages/airflow/example_dags/example_params_trigger_ui.py took 0.087 seconds
[2024-06-14T10:29:41.299+0200] {processor.py:161} INFO - Started process (PID=2432) to work on /Users/noejalabert/airflow_venv/lib/python3.11/site-packages/airflow/example_dags/example_params_trigger_ui.py
[2024-06-14T10:29:41.299+0200] {processor.py:830} INFO - Processing file /Users/noejalabert/airflow_venv/lib/python3.11/site-packages/airflow/example_dags/example_params_trigger_ui.py for tasks to queue
[2024-06-14T10:29:41.300+0200] {logging_mixin.py:188} INFO - [2024-06-14T10:29:41.300+0200] {dagbag.py:540} INFO - Filling up the DagBag from /Users/noejalabert/airflow_venv/lib/python3.11/site-packages/airflow/example_dags/example_params_trigger_ui.py
[2024-06-14T10:29:41.318+0200] {processor.py:840} INFO - DAG(s) 'example_params_trigger_ui' retrieved from /Users/noejalabert/airflow_venv/lib/python3.11/site-packages/airflow/example_dags/example_params_trigger_ui.py
[2024-06-14T10:29:41.374+0200] {logging_mixin.py:188} INFO - [2024-06-14T10:29:41.374+0200] {dag.py:3096} INFO - Sync 1 DAGs
[2024-06-14T10:29:41.378+0200] {logging_mixin.py:188} INFO - [2024-06-14T10:29:41.378+0200] {dag.py:3954} INFO - Setting next_dagrun for example_params_trigger_ui to None, run_after=None
[2024-06-14T10:29:41.386+0200] {processor.py:183} INFO - Processing /Users/noejalabert/airflow_venv/lib/python3.11/site-packages/airflow/example_dags/example_params_trigger_ui.py took 0.088 seconds
[2024-06-14T10:31:06.688+0200] {processor.py:161} INFO - Started process (PID=2514) to work on /Users/noejalabert/airflow_venv/lib/python3.11/site-packages/airflow/example_dags/example_params_trigger_ui.py
[2024-06-14T10:31:06.689+0200] {processor.py:830} INFO - Processing file /Users/noejalabert/airflow_venv/lib/python3.11/site-packages/airflow/example_dags/example_params_trigger_ui.py for tasks to queue
[2024-06-14T10:31:06.689+0200] {logging_mixin.py:188} INFO - [2024-06-14T10:31:06.689+0200] {dagbag.py:540} INFO - Filling up the DagBag from /Users/noejalabert/airflow_venv/lib/python3.11/site-packages/airflow/example_dags/example_params_trigger_ui.py
[2024-06-14T10:31:06.708+0200] {processor.py:840} INFO - DAG(s) 'example_params_trigger_ui' retrieved from /Users/noejalabert/airflow_venv/lib/python3.11/site-packages/airflow/example_dags/example_params_trigger_ui.py
[2024-06-14T10:31:06.775+0200] {logging_mixin.py:188} INFO - [2024-06-14T10:31:06.775+0200] {dag.py:3096} INFO - Sync 1 DAGs
[2024-06-14T10:31:06.780+0200] {logging_mixin.py:188} INFO - [2024-06-14T10:31:06.780+0200] {dag.py:3954} INFO - Setting next_dagrun for example_params_trigger_ui to None, run_after=None
[2024-06-14T10:31:06.789+0200] {processor.py:183} INFO - Processing /Users/noejalabert/airflow_venv/lib/python3.11/site-packages/airflow/example_dags/example_params_trigger_ui.py took 0.102 seconds
[2024-06-14T10:32:31.981+0200] {processor.py:161} INFO - Started process (PID=2593) to work on /Users/noejalabert/airflow_venv/lib/python3.11/site-packages/airflow/example_dags/example_params_trigger_ui.py
[2024-06-14T10:32:31.982+0200] {processor.py:830} INFO - Processing file /Users/noejalabert/airflow_venv/lib/python3.11/site-packages/airflow/example_dags/example_params_trigger_ui.py for tasks to queue
[2024-06-14T10:32:31.982+0200] {logging_mixin.py:188} INFO - [2024-06-14T10:32:31.982+0200] {dagbag.py:540} INFO - Filling up the DagBag from /Users/noejalabert/airflow_venv/lib/python3.11/site-packages/airflow/example_dags/example_params_trigger_ui.py
[2024-06-14T10:32:32.000+0200] {processor.py:840} INFO - DAG(s) 'example_params_trigger_ui' retrieved from /Users/noejalabert/airflow_venv/lib/python3.11/site-packages/airflow/example_dags/example_params_trigger_ui.py
[2024-06-14T10:32:32.063+0200] {logging_mixin.py:188} INFO - [2024-06-14T10:32:32.063+0200] {dag.py:3096} INFO - Sync 1 DAGs
[2024-06-14T10:32:32.068+0200] {logging_mixin.py:188} INFO - [2024-06-14T10:32:32.068+0200] {dag.py:3954} INFO - Setting next_dagrun for example_params_trigger_ui to None, run_after=None
[2024-06-14T10:32:32.077+0200] {processor.py:183} INFO - Processing /Users/noejalabert/airflow_venv/lib/python3.11/site-packages/airflow/example_dags/example_params_trigger_ui.py took 0.096 seconds
[2024-06-14T10:33:53.140+0200] {processor.py:161} INFO - Started process (PID=2781) to work on /Users/noejalabert/airflow_venv/lib/python3.11/site-packages/airflow/example_dags/example_params_trigger_ui.py
[2024-06-14T10:33:53.140+0200] {processor.py:830} INFO - Processing file /Users/noejalabert/airflow_venv/lib/python3.11/site-packages/airflow/example_dags/example_params_trigger_ui.py for tasks to queue
[2024-06-14T10:33:53.141+0200] {logging_mixin.py:188} INFO - [2024-06-14T10:33:53.141+0200] {dagbag.py:540} INFO - Filling up the DagBag from /Users/noejalabert/airflow_venv/lib/python3.11/site-packages/airflow/example_dags/example_params_trigger_ui.py
[2024-06-14T10:33:53.159+0200] {processor.py:840} INFO - DAG(s) 'example_params_trigger_ui' retrieved from /Users/noejalabert/airflow_venv/lib/python3.11/site-packages/airflow/example_dags/example_params_trigger_ui.py
[2024-06-14T10:33:53.214+0200] {logging_mixin.py:188} INFO - [2024-06-14T10:33:53.214+0200] {dag.py:3096} INFO - Sync 1 DAGs
[2024-06-14T10:33:53.218+0200] {logging_mixin.py:188} INFO - [2024-06-14T10:33:53.218+0200] {dag.py:3954} INFO - Setting next_dagrun for example_params_trigger_ui to None, run_after=None
[2024-06-14T10:33:53.226+0200] {processor.py:183} INFO - Processing /Users/noejalabert/airflow_venv/lib/python3.11/site-packages/airflow/example_dags/example_params_trigger_ui.py took 0.087 seconds
