[2024-06-14T10:00:12.550+0200] {processor.py:161} INFO - Started process (PID=22311) to work on /Users/noejalabert/airflow_venv/lib/python3.11/site-packages/airflow/example_dags/example_short_circuit_decorator.py
[2024-06-14T10:00:12.550+0200] {processor.py:830} INFO - Processing file /Users/noejalabert/airflow_venv/lib/python3.11/site-packages/airflow/example_dags/example_short_circuit_decorator.py for tasks to queue
[2024-06-14T10:00:12.551+0200] {logging_mixin.py:188} INFO - [2024-06-14T10:00:12.551+0200] {dagbag.py:540} INFO - Filling up the DagBag from /Users/noejalabert/airflow_venv/lib/python3.11/site-packages/airflow/example_dags/example_short_circuit_decorator.py
[2024-06-14T10:00:12.568+0200] {processor.py:840} INFO - DAG(s) 'example_short_circuit_decorator' retrieved from /Users/noejalabert/airflow_venv/lib/python3.11/site-packages/airflow/example_dags/example_short_circuit_decorator.py
[2024-06-14T10:00:12.650+0200] {logging_mixin.py:188} INFO - [2024-06-14T10:00:12.650+0200] {dag.py:3096} INFO - Sync 1 DAGs
[2024-06-14T10:00:12.684+0200] {logging_mixin.py:188} INFO - [2024-06-14T10:00:12.684+0200] {dag.py:3954} INFO - Setting next_dagrun for example_short_circuit_decorator to 2024-06-13 00:00:00+00:00, run_after=2024-06-14 00:00:00+00:00
[2024-06-14T10:00:12.692+0200] {processor.py:183} INFO - Processing /Users/noejalabert/airflow_venv/lib/python3.11/site-packages/airflow/example_dags/example_short_circuit_decorator.py took 0.144 seconds
[2024-06-14T10:01:46.401+0200] {processor.py:161} INFO - Started process (PID=22453) to work on /Users/noejalabert/airflow_venv/lib/python3.11/site-packages/airflow/example_dags/example_short_circuit_decorator.py
[2024-06-14T10:01:46.402+0200] {processor.py:830} INFO - Processing file /Users/noejalabert/airflow_venv/lib/python3.11/site-packages/airflow/example_dags/example_short_circuit_decorator.py for tasks to queue
[2024-06-14T10:01:46.402+0200] {logging_mixin.py:188} INFO - [2024-06-14T10:01:46.402+0200] {dagbag.py:540} INFO - Filling up the DagBag from /Users/noejalabert/airflow_venv/lib/python3.11/site-packages/airflow/example_dags/example_short_circuit_decorator.py
[2024-06-14T10:01:46.420+0200] {processor.py:840} INFO - DAG(s) 'example_short_circuit_decorator' retrieved from /Users/noejalabert/airflow_venv/lib/python3.11/site-packages/airflow/example_dags/example_short_circuit_decorator.py
[2024-06-14T10:01:46.467+0200] {logging_mixin.py:188} INFO - [2024-06-14T10:01:46.467+0200] {dag.py:3096} INFO - Sync 1 DAGs
[2024-06-14T10:01:46.474+0200] {logging_mixin.py:188} INFO - [2024-06-14T10:01:46.473+0200] {dag.py:3954} INFO - Setting next_dagrun for example_short_circuit_decorator to 2024-06-13 00:00:00+00:00, run_after=2024-06-14 00:00:00+00:00
[2024-06-14T10:01:46.482+0200] {processor.py:183} INFO - Processing /Users/noejalabert/airflow_venv/lib/python3.11/site-packages/airflow/example_dags/example_short_circuit_decorator.py took 0.082 seconds
[2024-06-14T10:03:12.031+0200] {processor.py:161} INFO - Started process (PID=22527) to work on /Users/noejalabert/airflow_venv/lib/python3.11/site-packages/airflow/example_dags/example_short_circuit_decorator.py
[2024-06-14T10:03:12.032+0200] {processor.py:830} INFO - Processing file /Users/noejalabert/airflow_venv/lib/python3.11/site-packages/airflow/example_dags/example_short_circuit_decorator.py for tasks to queue
[2024-06-14T10:03:12.033+0200] {logging_mixin.py:188} INFO - [2024-06-14T10:03:12.033+0200] {dagbag.py:540} INFO - Filling up the DagBag from /Users/noejalabert/airflow_venv/lib/python3.11/site-packages/airflow/example_dags/example_short_circuit_decorator.py
[2024-06-14T10:03:12.053+0200] {processor.py:840} INFO - DAG(s) 'example_short_circuit_decorator' retrieved from /Users/noejalabert/airflow_venv/lib/python3.11/site-packages/airflow/example_dags/example_short_circuit_decorator.py
[2024-06-14T10:03:12.104+0200] {logging_mixin.py:188} INFO - [2024-06-14T10:03:12.104+0200] {dag.py:3096} INFO - Sync 1 DAGs
[2024-06-14T10:03:12.111+0200] {logging_mixin.py:188} INFO - [2024-06-14T10:03:12.111+0200] {dag.py:3954} INFO - Setting next_dagrun for example_short_circuit_decorator to 2024-06-13 00:00:00+00:00, run_after=2024-06-14 00:00:00+00:00
[2024-06-14T10:03:12.120+0200] {processor.py:183} INFO - Processing /Users/noejalabert/airflow_venv/lib/python3.11/site-packages/airflow/example_dags/example_short_circuit_decorator.py took 0.091 seconds
[2024-06-14T10:04:49.853+0200] {processor.py:161} INFO - Started process (PID=22707) to work on /Users/noejalabert/airflow_venv/lib/python3.11/site-packages/airflow/example_dags/example_short_circuit_decorator.py
[2024-06-14T10:04:49.854+0200] {processor.py:830} INFO - Processing file /Users/noejalabert/airflow_venv/lib/python3.11/site-packages/airflow/example_dags/example_short_circuit_decorator.py for tasks to queue
[2024-06-14T10:04:49.854+0200] {logging_mixin.py:188} INFO - [2024-06-14T10:04:49.854+0200] {dagbag.py:540} INFO - Filling up the DagBag from /Users/noejalabert/airflow_venv/lib/python3.11/site-packages/airflow/example_dags/example_short_circuit_decorator.py
[2024-06-14T10:04:49.875+0200] {processor.py:840} INFO - DAG(s) 'example_short_circuit_decorator' retrieved from /Users/noejalabert/airflow_venv/lib/python3.11/site-packages/airflow/example_dags/example_short_circuit_decorator.py
[2024-06-14T10:04:49.932+0200] {logging_mixin.py:188} INFO - [2024-06-14T10:04:49.931+0200] {dag.py:3096} INFO - Sync 1 DAGs
[2024-06-14T10:04:49.939+0200] {logging_mixin.py:188} INFO - [2024-06-14T10:04:49.939+0200] {dag.py:3954} INFO - Setting next_dagrun for example_short_circuit_decorator to 2024-06-13 00:00:00+00:00, run_after=2024-06-14 00:00:00+00:00
[2024-06-14T10:04:49.948+0200] {processor.py:183} INFO - Processing /Users/noejalabert/airflow_venv/lib/python3.11/site-packages/airflow/example_dags/example_short_circuit_decorator.py took 0.097 seconds
[2024-06-14T10:17:56.147+0200] {processor.py:161} INFO - Started process (PID=1607) to work on /Users/noejalabert/airflow_venv/lib/python3.11/site-packages/airflow/example_dags/example_short_circuit_decorator.py
[2024-06-14T10:17:56.148+0200] {processor.py:830} INFO - Processing file /Users/noejalabert/airflow_venv/lib/python3.11/site-packages/airflow/example_dags/example_short_circuit_decorator.py for tasks to queue
[2024-06-14T10:17:56.148+0200] {logging_mixin.py:188} INFO - [2024-06-14T10:17:56.148+0200] {dagbag.py:540} INFO - Filling up the DagBag from /Users/noejalabert/airflow_venv/lib/python3.11/site-packages/airflow/example_dags/example_short_circuit_decorator.py
[2024-06-14T10:17:56.166+0200] {processor.py:840} INFO - DAG(s) 'example_short_circuit_decorator' retrieved from /Users/noejalabert/airflow_venv/lib/python3.11/site-packages/airflow/example_dags/example_short_circuit_decorator.py
[2024-06-14T10:17:56.247+0200] {logging_mixin.py:188} INFO - [2024-06-14T10:17:56.247+0200] {dag.py:3096} INFO - Sync 1 DAGs
[2024-06-14T10:17:56.279+0200] {logging_mixin.py:188} INFO - [2024-06-14T10:17:56.279+0200] {dag.py:3954} INFO - Setting next_dagrun for example_short_circuit_decorator to 2024-06-13 00:00:00+00:00, run_after=2024-06-14 00:00:00+00:00
[2024-06-14T10:17:56.287+0200] {processor.py:183} INFO - Processing /Users/noejalabert/airflow_venv/lib/python3.11/site-packages/airflow/example_dags/example_short_circuit_decorator.py took 0.141 seconds
[2024-06-14T10:19:39.371+0200] {processor.py:161} INFO - Started process (PID=1707) to work on /Users/noejalabert/airflow_venv/lib/python3.11/site-packages/airflow/example_dags/example_short_circuit_decorator.py
[2024-06-14T10:19:39.372+0200] {processor.py:830} INFO - Processing file /Users/noejalabert/airflow_venv/lib/python3.11/site-packages/airflow/example_dags/example_short_circuit_decorator.py for tasks to queue
[2024-06-14T10:19:39.373+0200] {logging_mixin.py:188} INFO - [2024-06-14T10:19:39.373+0200] {dagbag.py:540} INFO - Filling up the DagBag from /Users/noejalabert/airflow_venv/lib/python3.11/site-packages/airflow/example_dags/example_short_circuit_decorator.py
[2024-06-14T10:19:39.390+0200] {processor.py:840} INFO - DAG(s) 'example_short_circuit_decorator' retrieved from /Users/noejalabert/airflow_venv/lib/python3.11/site-packages/airflow/example_dags/example_short_circuit_decorator.py
[2024-06-14T10:19:39.437+0200] {logging_mixin.py:188} INFO - [2024-06-14T10:19:39.437+0200] {dag.py:3096} INFO - Sync 1 DAGs
[2024-06-14T10:19:39.444+0200] {logging_mixin.py:188} INFO - [2024-06-14T10:19:39.444+0200] {dag.py:3954} INFO - Setting next_dagrun for example_short_circuit_decorator to 2024-06-13 00:00:00+00:00, run_after=2024-06-14 00:00:00+00:00
[2024-06-14T10:19:39.452+0200] {processor.py:183} INFO - Processing /Users/noejalabert/airflow_venv/lib/python3.11/site-packages/airflow/example_dags/example_short_circuit_decorator.py took 0.082 seconds
[2024-06-14T10:21:07.226+0200] {processor.py:161} INFO - Started process (PID=1900) to work on /Users/noejalabert/airflow_venv/lib/python3.11/site-packages/airflow/example_dags/example_short_circuit_decorator.py
[2024-06-14T10:21:07.227+0200] {processor.py:830} INFO - Processing file /Users/noejalabert/airflow_venv/lib/python3.11/site-packages/airflow/example_dags/example_short_circuit_decorator.py for tasks to queue
[2024-06-14T10:21:07.228+0200] {logging_mixin.py:188} INFO - [2024-06-14T10:21:07.228+0200] {dagbag.py:540} INFO - Filling up the DagBag from /Users/noejalabert/airflow_venv/lib/python3.11/site-packages/airflow/example_dags/example_short_circuit_decorator.py
[2024-06-14T10:21:07.246+0200] {processor.py:840} INFO - DAG(s) 'example_short_circuit_decorator' retrieved from /Users/noejalabert/airflow_venv/lib/python3.11/site-packages/airflow/example_dags/example_short_circuit_decorator.py
[2024-06-14T10:21:07.292+0200] {logging_mixin.py:188} INFO - [2024-06-14T10:21:07.292+0200] {dag.py:3096} INFO - Sync 1 DAGs
[2024-06-14T10:21:07.299+0200] {logging_mixin.py:188} INFO - [2024-06-14T10:21:07.299+0200] {dag.py:3954} INFO - Setting next_dagrun for example_short_circuit_decorator to 2024-06-13 00:00:00+00:00, run_after=2024-06-14 00:00:00+00:00
[2024-06-14T10:21:07.307+0200] {processor.py:183} INFO - Processing /Users/noejalabert/airflow_venv/lib/python3.11/site-packages/airflow/example_dags/example_short_circuit_decorator.py took 0.082 seconds
[2024-06-14T10:22:26.979+0200] {processor.py:161} INFO - Started process (PID=1977) to work on /Users/noejalabert/airflow_venv/lib/python3.11/site-packages/airflow/example_dags/example_short_circuit_decorator.py
[2024-06-14T10:22:26.979+0200] {processor.py:830} INFO - Processing file /Users/noejalabert/airflow_venv/lib/python3.11/site-packages/airflow/example_dags/example_short_circuit_decorator.py for tasks to queue
[2024-06-14T10:22:26.980+0200] {logging_mixin.py:188} INFO - [2024-06-14T10:22:26.980+0200] {dagbag.py:540} INFO - Filling up the DagBag from /Users/noejalabert/airflow_venv/lib/python3.11/site-packages/airflow/example_dags/example_short_circuit_decorator.py
[2024-06-14T10:22:26.997+0200] {processor.py:840} INFO - DAG(s) 'example_short_circuit_decorator' retrieved from /Users/noejalabert/airflow_venv/lib/python3.11/site-packages/airflow/example_dags/example_short_circuit_decorator.py
[2024-06-14T10:22:27.043+0200] {logging_mixin.py:188} INFO - [2024-06-14T10:22:27.043+0200] {dag.py:3096} INFO - Sync 1 DAGs
[2024-06-14T10:22:27.050+0200] {logging_mixin.py:188} INFO - [2024-06-14T10:22:27.050+0200] {dag.py:3954} INFO - Setting next_dagrun for example_short_circuit_decorator to 2024-06-13 00:00:00+00:00, run_after=2024-06-14 00:00:00+00:00
[2024-06-14T10:22:27.058+0200] {processor.py:183} INFO - Processing /Users/noejalabert/airflow_venv/lib/python3.11/site-packages/airflow/example_dags/example_short_circuit_decorator.py took 0.080 seconds
[2024-06-14T10:23:52.494+0200] {processor.py:161} INFO - Started process (PID=2062) to work on /Users/noejalabert/airflow_venv/lib/python3.11/site-packages/airflow/example_dags/example_short_circuit_decorator.py
[2024-06-14T10:23:52.494+0200] {processor.py:830} INFO - Processing file /Users/noejalabert/airflow_venv/lib/python3.11/site-packages/airflow/example_dags/example_short_circuit_decorator.py for tasks to queue
[2024-06-14T10:23:52.494+0200] {logging_mixin.py:188} INFO - [2024-06-14T10:23:52.494+0200] {dagbag.py:540} INFO - Filling up the DagBag from /Users/noejalabert/airflow_venv/lib/python3.11/site-packages/airflow/example_dags/example_short_circuit_decorator.py
[2024-06-14T10:23:52.511+0200] {processor.py:840} INFO - DAG(s) 'example_short_circuit_decorator' retrieved from /Users/noejalabert/airflow_venv/lib/python3.11/site-packages/airflow/example_dags/example_short_circuit_decorator.py
[2024-06-14T10:23:52.558+0200] {logging_mixin.py:188} INFO - [2024-06-14T10:23:52.558+0200] {dag.py:3096} INFO - Sync 1 DAGs
[2024-06-14T10:23:52.565+0200] {logging_mixin.py:188} INFO - [2024-06-14T10:23:52.565+0200] {dag.py:3954} INFO - Setting next_dagrun for example_short_circuit_decorator to 2024-06-13 00:00:00+00:00, run_after=2024-06-14 00:00:00+00:00
[2024-06-14T10:23:52.573+0200] {processor.py:183} INFO - Processing /Users/noejalabert/airflow_venv/lib/python3.11/site-packages/airflow/example_dags/example_short_circuit_decorator.py took 0.081 seconds
[2024-06-14T10:25:15.224+0200] {processor.py:161} INFO - Started process (PID=2152) to work on /Users/noejalabert/airflow_venv/lib/python3.11/site-packages/airflow/example_dags/example_short_circuit_decorator.py
[2024-06-14T10:25:15.224+0200] {processor.py:830} INFO - Processing file /Users/noejalabert/airflow_venv/lib/python3.11/site-packages/airflow/example_dags/example_short_circuit_decorator.py for tasks to queue
[2024-06-14T10:25:15.224+0200] {logging_mixin.py:188} INFO - [2024-06-14T10:25:15.224+0200] {dagbag.py:540} INFO - Filling up the DagBag from /Users/noejalabert/airflow_venv/lib/python3.11/site-packages/airflow/example_dags/example_short_circuit_decorator.py
[2024-06-14T10:25:15.243+0200] {processor.py:840} INFO - DAG(s) 'example_short_circuit_decorator' retrieved from /Users/noejalabert/airflow_venv/lib/python3.11/site-packages/airflow/example_dags/example_short_circuit_decorator.py
[2024-06-14T10:25:15.290+0200] {logging_mixin.py:188} INFO - [2024-06-14T10:25:15.290+0200] {dag.py:3096} INFO - Sync 1 DAGs
[2024-06-14T10:25:15.297+0200] {logging_mixin.py:188} INFO - [2024-06-14T10:25:15.297+0200] {dag.py:3954} INFO - Setting next_dagrun for example_short_circuit_decorator to 2024-06-13 00:00:00+00:00, run_after=2024-06-14 00:00:00+00:00
[2024-06-14T10:25:15.305+0200] {processor.py:183} INFO - Processing /Users/noejalabert/airflow_venv/lib/python3.11/site-packages/airflow/example_dags/example_short_circuit_decorator.py took 0.083 seconds
[2024-06-14T10:26:41.961+0200] {processor.py:161} INFO - Started process (PID=2246) to work on /Users/noejalabert/airflow_venv/lib/python3.11/site-packages/airflow/example_dags/example_short_circuit_decorator.py
[2024-06-14T10:26:41.961+0200] {processor.py:830} INFO - Processing file /Users/noejalabert/airflow_venv/lib/python3.11/site-packages/airflow/example_dags/example_short_circuit_decorator.py for tasks to queue
[2024-06-14T10:26:41.962+0200] {logging_mixin.py:188} INFO - [2024-06-14T10:26:41.962+0200] {dagbag.py:540} INFO - Filling up the DagBag from /Users/noejalabert/airflow_venv/lib/python3.11/site-packages/airflow/example_dags/example_short_circuit_decorator.py
[2024-06-14T10:26:41.979+0200] {processor.py:840} INFO - DAG(s) 'example_short_circuit_decorator' retrieved from /Users/noejalabert/airflow_venv/lib/python3.11/site-packages/airflow/example_dags/example_short_circuit_decorator.py
[2024-06-14T10:26:42.027+0200] {logging_mixin.py:188} INFO - [2024-06-14T10:26:42.027+0200] {dag.py:3096} INFO - Sync 1 DAGs
[2024-06-14T10:26:42.034+0200] {logging_mixin.py:188} INFO - [2024-06-14T10:26:42.033+0200] {dag.py:3954} INFO - Setting next_dagrun for example_short_circuit_decorator to 2024-06-13 00:00:00+00:00, run_after=2024-06-14 00:00:00+00:00
[2024-06-14T10:26:42.042+0200] {processor.py:183} INFO - Processing /Users/noejalabert/airflow_venv/lib/python3.11/site-packages/airflow/example_dags/example_short_circuit_decorator.py took 0.082 seconds
[2024-06-14T10:28:06.577+0200] {processor.py:161} INFO - Started process (PID=2335) to work on /Users/noejalabert/airflow_venv/lib/python3.11/site-packages/airflow/example_dags/example_short_circuit_decorator.py
[2024-06-14T10:28:06.578+0200] {processor.py:830} INFO - Processing file /Users/noejalabert/airflow_venv/lib/python3.11/site-packages/airflow/example_dags/example_short_circuit_decorator.py for tasks to queue
[2024-06-14T10:28:06.578+0200] {logging_mixin.py:188} INFO - [2024-06-14T10:28:06.578+0200] {dagbag.py:540} INFO - Filling up the DagBag from /Users/noejalabert/airflow_venv/lib/python3.11/site-packages/airflow/example_dags/example_short_circuit_decorator.py
[2024-06-14T10:28:06.595+0200] {processor.py:840} INFO - DAG(s) 'example_short_circuit_decorator' retrieved from /Users/noejalabert/airflow_venv/lib/python3.11/site-packages/airflow/example_dags/example_short_circuit_decorator.py
[2024-06-14T10:28:06.642+0200] {logging_mixin.py:188} INFO - [2024-06-14T10:28:06.642+0200] {dag.py:3096} INFO - Sync 1 DAGs
[2024-06-14T10:28:06.649+0200] {logging_mixin.py:188} INFO - [2024-06-14T10:28:06.648+0200] {dag.py:3954} INFO - Setting next_dagrun for example_short_circuit_decorator to 2024-06-13 00:00:00+00:00, run_after=2024-06-14 00:00:00+00:00
[2024-06-14T10:28:06.657+0200] {processor.py:183} INFO - Processing /Users/noejalabert/airflow_venv/lib/python3.11/site-packages/airflow/example_dags/example_short_circuit_decorator.py took 0.081 seconds
[2024-06-14T10:29:26.216+0200] {processor.py:161} INFO - Started process (PID=2417) to work on /Users/noejalabert/airflow_venv/lib/python3.11/site-packages/airflow/example_dags/example_short_circuit_decorator.py
[2024-06-14T10:29:26.217+0200] {processor.py:830} INFO - Processing file /Users/noejalabert/airflow_venv/lib/python3.11/site-packages/airflow/example_dags/example_short_circuit_decorator.py for tasks to queue
[2024-06-14T10:29:26.217+0200] {logging_mixin.py:188} INFO - [2024-06-14T10:29:26.217+0200] {dagbag.py:540} INFO - Filling up the DagBag from /Users/noejalabert/airflow_venv/lib/python3.11/site-packages/airflow/example_dags/example_short_circuit_decorator.py
[2024-06-14T10:29:26.234+0200] {processor.py:840} INFO - DAG(s) 'example_short_circuit_decorator' retrieved from /Users/noejalabert/airflow_venv/lib/python3.11/site-packages/airflow/example_dags/example_short_circuit_decorator.py
[2024-06-14T10:29:26.282+0200] {logging_mixin.py:188} INFO - [2024-06-14T10:29:26.282+0200] {dag.py:3096} INFO - Sync 1 DAGs
[2024-06-14T10:29:26.289+0200] {logging_mixin.py:188} INFO - [2024-06-14T10:29:26.289+0200] {dag.py:3954} INFO - Setting next_dagrun for example_short_circuit_decorator to 2024-06-13 00:00:00+00:00, run_after=2024-06-14 00:00:00+00:00
[2024-06-14T10:29:26.297+0200] {processor.py:183} INFO - Processing /Users/noejalabert/airflow_venv/lib/python3.11/site-packages/airflow/example_dags/example_short_circuit_decorator.py took 0.082 seconds
[2024-06-14T10:30:51.968+0200] {processor.py:161} INFO - Started process (PID=2502) to work on /Users/noejalabert/airflow_venv/lib/python3.11/site-packages/airflow/example_dags/example_short_circuit_decorator.py
[2024-06-14T10:30:51.969+0200] {processor.py:830} INFO - Processing file /Users/noejalabert/airflow_venv/lib/python3.11/site-packages/airflow/example_dags/example_short_circuit_decorator.py for tasks to queue
[2024-06-14T10:30:51.969+0200] {logging_mixin.py:188} INFO - [2024-06-14T10:30:51.969+0200] {dagbag.py:540} INFO - Filling up the DagBag from /Users/noejalabert/airflow_venv/lib/python3.11/site-packages/airflow/example_dags/example_short_circuit_decorator.py
[2024-06-14T10:30:51.987+0200] {processor.py:840} INFO - DAG(s) 'example_short_circuit_decorator' retrieved from /Users/noejalabert/airflow_venv/lib/python3.11/site-packages/airflow/example_dags/example_short_circuit_decorator.py
[2024-06-14T10:30:52.037+0200] {logging_mixin.py:188} INFO - [2024-06-14T10:30:52.037+0200] {dag.py:3096} INFO - Sync 1 DAGs
[2024-06-14T10:30:52.045+0200] {logging_mixin.py:188} INFO - [2024-06-14T10:30:52.045+0200] {dag.py:3954} INFO - Setting next_dagrun for example_short_circuit_decorator to 2024-06-13 00:00:00+00:00, run_after=2024-06-14 00:00:00+00:00
[2024-06-14T10:30:52.054+0200] {processor.py:183} INFO - Processing /Users/noejalabert/airflow_venv/lib/python3.11/site-packages/airflow/example_dags/example_short_circuit_decorator.py took 0.087 seconds
[2024-06-14T10:32:16.194+0200] {processor.py:161} INFO - Started process (PID=2577) to work on /Users/noejalabert/airflow_venv/lib/python3.11/site-packages/airflow/example_dags/example_short_circuit_decorator.py
[2024-06-14T10:32:16.194+0200] {processor.py:830} INFO - Processing file /Users/noejalabert/airflow_venv/lib/python3.11/site-packages/airflow/example_dags/example_short_circuit_decorator.py for tasks to queue
[2024-06-14T10:32:16.194+0200] {logging_mixin.py:188} INFO - [2024-06-14T10:32:16.194+0200] {dagbag.py:540} INFO - Filling up the DagBag from /Users/noejalabert/airflow_venv/lib/python3.11/site-packages/airflow/example_dags/example_short_circuit_decorator.py
[2024-06-14T10:32:16.211+0200] {processor.py:840} INFO - DAG(s) 'example_short_circuit_decorator' retrieved from /Users/noejalabert/airflow_venv/lib/python3.11/site-packages/airflow/example_dags/example_short_circuit_decorator.py
[2024-06-14T10:32:16.258+0200] {logging_mixin.py:188} INFO - [2024-06-14T10:32:16.258+0200] {dag.py:3096} INFO - Sync 1 DAGs
[2024-06-14T10:32:16.265+0200] {logging_mixin.py:188} INFO - [2024-06-14T10:32:16.265+0200] {dag.py:3954} INFO - Setting next_dagrun for example_short_circuit_decorator to 2024-06-13 00:00:00+00:00, run_after=2024-06-14 00:00:00+00:00
[2024-06-14T10:32:16.273+0200] {processor.py:183} INFO - Processing /Users/noejalabert/airflow_venv/lib/python3.11/site-packages/airflow/example_dags/example_short_circuit_decorator.py took 0.081 seconds
[2024-06-14T10:33:36.782+0200] {processor.py:161} INFO - Started process (PID=2767) to work on /Users/noejalabert/airflow_venv/lib/python3.11/site-packages/airflow/example_dags/example_short_circuit_decorator.py
[2024-06-14T10:33:36.782+0200] {processor.py:830} INFO - Processing file /Users/noejalabert/airflow_venv/lib/python3.11/site-packages/airflow/example_dags/example_short_circuit_decorator.py for tasks to queue
[2024-06-14T10:33:36.782+0200] {logging_mixin.py:188} INFO - [2024-06-14T10:33:36.782+0200] {dagbag.py:540} INFO - Filling up the DagBag from /Users/noejalabert/airflow_venv/lib/python3.11/site-packages/airflow/example_dags/example_short_circuit_decorator.py
[2024-06-14T10:33:36.799+0200] {processor.py:840} INFO - DAG(s) 'example_short_circuit_decorator' retrieved from /Users/noejalabert/airflow_venv/lib/python3.11/site-packages/airflow/example_dags/example_short_circuit_decorator.py
[2024-06-14T10:33:36.846+0200] {logging_mixin.py:188} INFO - [2024-06-14T10:33:36.846+0200] {dag.py:3096} INFO - Sync 1 DAGs
[2024-06-14T10:33:36.853+0200] {logging_mixin.py:188} INFO - [2024-06-14T10:33:36.853+0200] {dag.py:3954} INFO - Setting next_dagrun for example_short_circuit_decorator to 2024-06-13 00:00:00+00:00, run_after=2024-06-14 00:00:00+00:00
[2024-06-14T10:33:36.863+0200] {processor.py:183} INFO - Processing /Users/noejalabert/airflow_venv/lib/python3.11/site-packages/airflow/example_dags/example_short_circuit_decorator.py took 0.082 seconds
