[2024-06-14T10:00:13.819+0200] {processor.py:161} INFO - Started process (PID=22312) to work on /Users/noejalabert/airflow_venv/lib/python3.11/site-packages/airflow/example_dags/example_setup_teardown_taskflow.py
[2024-06-14T10:00:13.819+0200] {processor.py:830} INFO - Processing file /Users/noejalabert/airflow_venv/lib/python3.11/site-packages/airflow/example_dags/example_setup_teardown_taskflow.py for tasks to queue
[2024-06-14T10:00:13.820+0200] {logging_mixin.py:188} INFO - [2024-06-14T10:00:13.819+0200] {dagbag.py:540} INFO - Filling up the DagBag from /Users/noejalabert/airflow_venv/lib/python3.11/site-packages/airflow/example_dags/example_setup_teardown_taskflow.py
[2024-06-14T10:00:13.836+0200] {processor.py:840} INFO - DAG(s) 'example_setup_teardown_taskflow' retrieved from /Users/noejalabert/airflow_venv/lib/python3.11/site-packages/airflow/example_dags/example_setup_teardown_taskflow.py
[2024-06-14T10:00:13.916+0200] {logging_mixin.py:188} INFO - [2024-06-14T10:00:13.916+0200] {dag.py:3096} INFO - Sync 1 DAGs
[2024-06-14T10:00:13.950+0200] {logging_mixin.py:188} INFO - [2024-06-14T10:00:13.950+0200] {dag.py:3954} INFO - Setting next_dagrun for example_setup_teardown_taskflow to 2024-06-13 00:00:00+00:00, run_after=2024-06-14 00:00:00+00:00
[2024-06-14T10:00:13.958+0200] {processor.py:183} INFO - Processing /Users/noejalabert/airflow_venv/lib/python3.11/site-packages/airflow/example_dags/example_setup_teardown_taskflow.py took 0.141 seconds
[2024-06-14T10:01:48.319+0200] {processor.py:161} INFO - Started process (PID=22454) to work on /Users/noejalabert/airflow_venv/lib/python3.11/site-packages/airflow/example_dags/example_setup_teardown_taskflow.py
[2024-06-14T10:01:48.320+0200] {processor.py:830} INFO - Processing file /Users/noejalabert/airflow_venv/lib/python3.11/site-packages/airflow/example_dags/example_setup_teardown_taskflow.py for tasks to queue
[2024-06-14T10:01:48.321+0200] {logging_mixin.py:188} INFO - [2024-06-14T10:01:48.321+0200] {dagbag.py:540} INFO - Filling up the DagBag from /Users/noejalabert/airflow_venv/lib/python3.11/site-packages/airflow/example_dags/example_setup_teardown_taskflow.py
[2024-06-14T10:01:48.338+0200] {processor.py:840} INFO - DAG(s) 'example_setup_teardown_taskflow' retrieved from /Users/noejalabert/airflow_venv/lib/python3.11/site-packages/airflow/example_dags/example_setup_teardown_taskflow.py
[2024-06-14T10:01:48.385+0200] {logging_mixin.py:188} INFO - [2024-06-14T10:01:48.385+0200] {dag.py:3096} INFO - Sync 1 DAGs
[2024-06-14T10:01:48.391+0200] {logging_mixin.py:188} INFO - [2024-06-14T10:01:48.391+0200] {dag.py:3954} INFO - Setting next_dagrun for example_setup_teardown_taskflow to 2024-06-13 00:00:00+00:00, run_after=2024-06-14 00:00:00+00:00
[2024-06-14T10:01:48.400+0200] {processor.py:183} INFO - Processing /Users/noejalabert/airflow_venv/lib/python3.11/site-packages/airflow/example_dags/example_setup_teardown_taskflow.py took 0.082 seconds
[2024-06-14T10:03:14.067+0200] {processor.py:161} INFO - Started process (PID=22528) to work on /Users/noejalabert/airflow_venv/lib/python3.11/site-packages/airflow/example_dags/example_setup_teardown_taskflow.py
[2024-06-14T10:03:14.068+0200] {processor.py:830} INFO - Processing file /Users/noejalabert/airflow_venv/lib/python3.11/site-packages/airflow/example_dags/example_setup_teardown_taskflow.py for tasks to queue
[2024-06-14T10:03:14.068+0200] {logging_mixin.py:188} INFO - [2024-06-14T10:03:14.068+0200] {dagbag.py:540} INFO - Filling up the DagBag from /Users/noejalabert/airflow_venv/lib/python3.11/site-packages/airflow/example_dags/example_setup_teardown_taskflow.py
[2024-06-14T10:03:14.087+0200] {processor.py:840} INFO - DAG(s) 'example_setup_teardown_taskflow' retrieved from /Users/noejalabert/airflow_venv/lib/python3.11/site-packages/airflow/example_dags/example_setup_teardown_taskflow.py
[2024-06-14T10:03:14.134+0200] {logging_mixin.py:188} INFO - [2024-06-14T10:03:14.134+0200] {dag.py:3096} INFO - Sync 1 DAGs
[2024-06-14T10:03:14.141+0200] {logging_mixin.py:188} INFO - [2024-06-14T10:03:14.141+0200] {dag.py:3954} INFO - Setting next_dagrun for example_setup_teardown_taskflow to 2024-06-13 00:00:00+00:00, run_after=2024-06-14 00:00:00+00:00
[2024-06-14T10:03:14.150+0200] {processor.py:183} INFO - Processing /Users/noejalabert/airflow_venv/lib/python3.11/site-packages/airflow/example_dags/example_setup_teardown_taskflow.py took 0.084 seconds
[2024-06-14T10:04:51.795+0200] {processor.py:161} INFO - Started process (PID=22708) to work on /Users/noejalabert/airflow_venv/lib/python3.11/site-packages/airflow/example_dags/example_setup_teardown_taskflow.py
[2024-06-14T10:04:51.796+0200] {processor.py:830} INFO - Processing file /Users/noejalabert/airflow_venv/lib/python3.11/site-packages/airflow/example_dags/example_setup_teardown_taskflow.py for tasks to queue
[2024-06-14T10:04:51.797+0200] {logging_mixin.py:188} INFO - [2024-06-14T10:04:51.796+0200] {dagbag.py:540} INFO - Filling up the DagBag from /Users/noejalabert/airflow_venv/lib/python3.11/site-packages/airflow/example_dags/example_setup_teardown_taskflow.py
[2024-06-14T10:04:51.814+0200] {processor.py:840} INFO - DAG(s) 'example_setup_teardown_taskflow' retrieved from /Users/noejalabert/airflow_venv/lib/python3.11/site-packages/airflow/example_dags/example_setup_teardown_taskflow.py
[2024-06-14T10:04:51.863+0200] {logging_mixin.py:188} INFO - [2024-06-14T10:04:51.863+0200] {dag.py:3096} INFO - Sync 1 DAGs
[2024-06-14T10:04:51.870+0200] {logging_mixin.py:188} INFO - [2024-06-14T10:04:51.870+0200] {dag.py:3954} INFO - Setting next_dagrun for example_setup_teardown_taskflow to 2024-06-13 00:00:00+00:00, run_after=2024-06-14 00:00:00+00:00
[2024-06-14T10:04:51.878+0200] {processor.py:183} INFO - Processing /Users/noejalabert/airflow_venv/lib/python3.11/site-packages/airflow/example_dags/example_setup_teardown_taskflow.py took 0.084 seconds
