[2024-06-14T10:00:47.005+0200] {processor.py:161} INFO - Started process (PID=22381) to work on /Users/noejalabert/airflow_venv/lib/python3.11/site-packages/airflow/example_dags/example_display_name.py
[2024-06-14T10:00:47.005+0200] {processor.py:830} INFO - Processing file /Users/noejalabert/airflow_venv/lib/python3.11/site-packages/airflow/example_dags/example_display_name.py for tasks to queue
[2024-06-14T10:00:47.005+0200] {logging_mixin.py:188} INFO - [2024-06-14T10:00:47.005+0200] {dagbag.py:540} INFO - Filling up the DagBag from /Users/noejalabert/airflow_venv/lib/python3.11/site-packages/airflow/example_dags/example_display_name.py
[2024-06-14T10:00:47.022+0200] {processor.py:840} INFO - DAG(s) 'example_display_name' retrieved from /Users/noejalabert/airflow_venv/lib/python3.11/site-packages/airflow/example_dags/example_display_name.py
[2024-06-14T10:00:47.100+0200] {logging_mixin.py:188} INFO - [2024-06-14T10:00:47.100+0200] {dag.py:3096} INFO - Sync 1 DAGs
[2024-06-14T10:00:47.131+0200] {logging_mixin.py:188} INFO - [2024-06-14T10:00:47.131+0200] {dag.py:3954} INFO - Setting next_dagrun for example_display_name to None, run_after=None
[2024-06-14T10:00:47.139+0200] {processor.py:183} INFO - Processing /Users/noejalabert/airflow_venv/lib/python3.11/site-packages/airflow/example_dags/example_display_name.py took 0.136 seconds
[2024-06-14T10:02:17.965+0200] {processor.py:161} INFO - Started process (PID=22485) to work on /Users/noejalabert/airflow_venv/lib/python3.11/site-packages/airflow/example_dags/example_display_name.py
[2024-06-14T10:02:17.966+0200] {processor.py:830} INFO - Processing file /Users/noejalabert/airflow_venv/lib/python3.11/site-packages/airflow/example_dags/example_display_name.py for tasks to queue
[2024-06-14T10:02:17.967+0200] {logging_mixin.py:188} INFO - [2024-06-14T10:02:17.966+0200] {dagbag.py:540} INFO - Filling up the DagBag from /Users/noejalabert/airflow_venv/lib/python3.11/site-packages/airflow/example_dags/example_display_name.py
[2024-06-14T10:02:17.985+0200] {processor.py:840} INFO - DAG(s) 'example_display_name' retrieved from /Users/noejalabert/airflow_venv/lib/python3.11/site-packages/airflow/example_dags/example_display_name.py
[2024-06-14T10:02:18.032+0200] {logging_mixin.py:188} INFO - [2024-06-14T10:02:18.032+0200] {dag.py:3096} INFO - Sync 1 DAGs
[2024-06-14T10:02:18.036+0200] {logging_mixin.py:188} INFO - [2024-06-14T10:02:18.036+0200] {dag.py:3954} INFO - Setting next_dagrun for example_display_name to None, run_after=None
[2024-06-14T10:02:18.043+0200] {processor.py:183} INFO - Processing /Users/noejalabert/airflow_venv/lib/python3.11/site-packages/airflow/example_dags/example_display_name.py took 0.080 seconds
[2024-06-14T10:03:53.214+0200] {processor.py:161} INFO - Started process (PID=22565) to work on /Users/noejalabert/airflow_venv/lib/python3.11/site-packages/airflow/example_dags/example_display_name.py
[2024-06-14T10:03:53.215+0200] {processor.py:830} INFO - Processing file /Users/noejalabert/airflow_venv/lib/python3.11/site-packages/airflow/example_dags/example_display_name.py for tasks to queue
[2024-06-14T10:03:53.215+0200] {logging_mixin.py:188} INFO - [2024-06-14T10:03:53.215+0200] {dagbag.py:540} INFO - Filling up the DagBag from /Users/noejalabert/airflow_venv/lib/python3.11/site-packages/airflow/example_dags/example_display_name.py
[2024-06-14T10:03:53.231+0200] {processor.py:840} INFO - DAG(s) 'example_display_name' retrieved from /Users/noejalabert/airflow_venv/lib/python3.11/site-packages/airflow/example_dags/example_display_name.py
[2024-06-14T10:03:53.278+0200] {logging_mixin.py:188} INFO - [2024-06-14T10:03:53.277+0200] {dag.py:3096} INFO - Sync 1 DAGs
[2024-06-14T10:03:53.282+0200] {logging_mixin.py:188} INFO - [2024-06-14T10:03:53.281+0200] {dag.py:3954} INFO - Setting next_dagrun for example_display_name to None, run_after=None
[2024-06-14T10:03:53.289+0200] {processor.py:183} INFO - Processing /Users/noejalabert/airflow_venv/lib/python3.11/site-packages/airflow/example_dags/example_display_name.py took 0.077 seconds
