[2024-04-30T15:02:07.990+0200] {local_task_job_runner.py:120} INFO - ::group::Pre task execution logs
[2024-04-30T15:02:08.002+0200] {taskinstance.py:2073} INFO - Dependencies all met for dep_context=non-requeueable deps ti=<TaskInstance: example_bash_operator.runme_2 manual__2024-04-30T13:01:59+00:00 [queued]>
[2024-04-30T15:02:08.005+0200] {taskinstance.py:2073} INFO - Dependencies all met for dep_context=requeueable deps ti=<TaskInstance: example_bash_operator.runme_2 manual__2024-04-30T13:01:59+00:00 [queued]>
[2024-04-30T15:02:08.005+0200] {taskinstance.py:2303} INFO - Starting attempt 1 of 1
[2024-04-30T15:02:08.009+0200] {taskinstance.py:2327} INFO - Executing <Task(BashOperator): runme_2> on 2024-04-30 13:01:59+00:00
[2024-04-30T15:02:08.014+0200] {standard_task_runner.py:63} INFO - Started process 29005 to run task
[2024-04-30T15:02:08.018+0200] {standard_task_runner.py:90} INFO - Running: ['airflow', 'tasks', 'run', 'example_bash_operator', 'runme_2', 'manual__2024-04-30T13:01:59+00:00', '--job-id', '19', '--raw', '--subdir', '/Users/noejalabert/airflow_venv/lib/python3.11/site-packages/airflow/example_dags/example_bash_operator.py', '--cfg-path', '/var/folders/lz/gv7z_f1x3156jvrgkgylt68w0000gn/T/tmpszic5iej']
[2024-04-30T15:02:08.019+0200] {standard_task_runner.py:91} INFO - Job 19: Subtask runme_2
[2024-04-30T15:02:08.038+0200] {task_command.py:426} INFO - Running <TaskInstance: example_bash_operator.runme_2 manual__2024-04-30T13:01:59+00:00 [running]> on host macbook-air-de-noe.local
[2024-04-30T15:02:08.064+0200] {taskinstance.py:2644} INFO - Exporting env vars: AIRFLOW_CTX_DAG_OWNER='airflow' AIRFLOW_CTX_DAG_ID='example_bash_operator' AIRFLOW_CTX_TASK_ID='runme_2' AIRFLOW_CTX_EXECUTION_DATE='2024-04-30T13:01:59+00:00' AIRFLOW_CTX_TRY_NUMBER='1' AIRFLOW_CTX_DAG_RUN_ID='manual__2024-04-30T13:01:59+00:00'
[2024-04-30T15:02:08.065+0200] {taskinstance.py:430} INFO - ::endgroup::
[2024-04-30T15:02:08.065+0200] {subprocess.py:63} INFO - Tmp dir root location: /var/folders/lz/gv7z_f1x3156jvrgkgylt68w0000gn/T
[2024-04-30T15:02:08.066+0200] {subprocess.py:75} INFO - Running command: ['/bin/bash', '-c', 'echo "example_bash_operator__runme_2__20240430" && sleep 1']
[2024-04-30T15:02:08.072+0200] {subprocess.py:86} INFO - Output:
[2024-04-30T15:02:08.076+0200] {subprocess.py:93} INFO - example_bash_operator__runme_2__20240430
[2024-04-30T15:02:09.091+0200] {subprocess.py:97} INFO - Command exited with return code 0
[2024-04-30T15:02:09.096+0200] {taskinstance.py:441} INFO - ::group::Post task execution logs
[2024-04-30T15:02:09.126+0200] {taskinstance.py:1205} INFO - Marking task as SUCCESS. dag_id=example_bash_operator, task_id=runme_2, execution_date=20240430T130159, start_date=20240430T130208, end_date=20240430T130209
[2024-04-30T15:02:09.144+0200] {local_task_job_runner.py:240} INFO - Task exited with return code 0
[2024-04-30T15:02:09.163+0200] {taskinstance.py:3482} INFO - 1 downstream tasks scheduled from follow-on schedule check
[2024-04-30T15:02:09.163+0200] {local_task_job_runner.py:222} INFO - ::endgroup::
