[2024-06-13T12:19:13.695+0200] {processor.py:161} INFO - Started process (PID=1673) to work on /Users/noejalabert/airflow_venv/lib/python3.11/site-packages/airflow/example_dags/example_external_task_marker_dag.py
[2024-06-13T12:19:13.696+0200] {processor.py:830} INFO - Processing file /Users/noejalabert/airflow_venv/lib/python3.11/site-packages/airflow/example_dags/example_external_task_marker_dag.py for tasks to queue
[2024-06-13T12:19:13.696+0200] {logging_mixin.py:188} INFO - [2024-06-13T12:19:13.696+0200] {dagbag.py:540} INFO - Filling up the DagBag from /Users/noejalabert/airflow_venv/lib/python3.11/site-packages/airflow/example_dags/example_external_task_marker_dag.py
[2024-06-13T12:19:13.701+0200] {processor.py:840} INFO - DAG(s) 'example_external_task_marker_child', 'example_external_task_marker_parent' retrieved from /Users/noejalabert/airflow_venv/lib/python3.11/site-packages/airflow/example_dags/example_external_task_marker_dag.py
[2024-06-13T12:19:13.786+0200] {logging_mixin.py:188} INFO - [2024-06-13T12:19:13.785+0200] {dag.py:3096} INFO - Sync 2 DAGs
[2024-06-13T12:19:13.789+0200] {logging_mixin.py:188} INFO - [2024-06-13T12:19:13.789+0200] {dag.py:3954} INFO - Setting next_dagrun for example_external_task_marker_child to None, run_after=None
[2024-06-13T12:19:13.790+0200] {logging_mixin.py:188} INFO - [2024-06-13T12:19:13.790+0200] {dag.py:3954} INFO - Setting next_dagrun for example_external_task_marker_parent to None, run_after=None
[2024-06-13T12:19:13.798+0200] {processor.py:183} INFO - Processing /Users/noejalabert/airflow_venv/lib/python3.11/site-packages/airflow/example_dags/example_external_task_marker_dag.py took 0.104 seconds
[2024-06-13T12:20:42.895+0200] {processor.py:161} INFO - Started process (PID=1762) to work on /Users/noejalabert/airflow_venv/lib/python3.11/site-packages/airflow/example_dags/example_external_task_marker_dag.py
[2024-06-13T12:20:42.895+0200] {processor.py:830} INFO - Processing file /Users/noejalabert/airflow_venv/lib/python3.11/site-packages/airflow/example_dags/example_external_task_marker_dag.py for tasks to queue
[2024-06-13T12:20:42.895+0200] {logging_mixin.py:188} INFO - [2024-06-13T12:20:42.895+0200] {dagbag.py:540} INFO - Filling up the DagBag from /Users/noejalabert/airflow_venv/lib/python3.11/site-packages/airflow/example_dags/example_external_task_marker_dag.py
[2024-06-13T12:20:42.901+0200] {processor.py:840} INFO - DAG(s) 'example_external_task_marker_child', 'example_external_task_marker_parent' retrieved from /Users/noejalabert/airflow_venv/lib/python3.11/site-packages/airflow/example_dags/example_external_task_marker_dag.py
[2024-06-13T12:20:42.950+0200] {logging_mixin.py:188} INFO - [2024-06-13T12:20:42.950+0200] {dag.py:3096} INFO - Sync 2 DAGs
[2024-06-13T12:20:42.954+0200] {logging_mixin.py:188} INFO - [2024-06-13T12:20:42.954+0200] {dag.py:3954} INFO - Setting next_dagrun for example_external_task_marker_child to None, run_after=None
[2024-06-13T12:20:42.956+0200] {logging_mixin.py:188} INFO - [2024-06-13T12:20:42.956+0200] {dag.py:3954} INFO - Setting next_dagrun for example_external_task_marker_parent to None, run_after=None
[2024-06-13T12:20:42.963+0200] {processor.py:183} INFO - Processing /Users/noejalabert/airflow_venv/lib/python3.11/site-packages/airflow/example_dags/example_external_task_marker_dag.py took 0.069 seconds
[2024-06-13T12:22:13.519+0200] {processor.py:161} INFO - Started process (PID=1915) to work on /Users/noejalabert/airflow_venv/lib/python3.11/site-packages/airflow/example_dags/example_external_task_marker_dag.py
[2024-06-13T12:22:13.519+0200] {processor.py:830} INFO - Processing file /Users/noejalabert/airflow_venv/lib/python3.11/site-packages/airflow/example_dags/example_external_task_marker_dag.py for tasks to queue
[2024-06-13T12:22:13.520+0200] {logging_mixin.py:188} INFO - [2024-06-13T12:22:13.520+0200] {dagbag.py:540} INFO - Filling up the DagBag from /Users/noejalabert/airflow_venv/lib/python3.11/site-packages/airflow/example_dags/example_external_task_marker_dag.py
[2024-06-13T12:22:13.526+0200] {processor.py:840} INFO - DAG(s) 'example_external_task_marker_child', 'example_external_task_marker_parent' retrieved from /Users/noejalabert/airflow_venv/lib/python3.11/site-packages/airflow/example_dags/example_external_task_marker_dag.py
[2024-06-13T12:22:13.583+0200] {logging_mixin.py:188} INFO - [2024-06-13T12:22:13.582+0200] {dag.py:3096} INFO - Sync 2 DAGs
[2024-06-13T12:22:13.587+0200] {logging_mixin.py:188} INFO - [2024-06-13T12:22:13.587+0200] {dag.py:3954} INFO - Setting next_dagrun for example_external_task_marker_child to None, run_after=None
[2024-06-13T12:22:13.589+0200] {logging_mixin.py:188} INFO - [2024-06-13T12:22:13.589+0200] {dag.py:3954} INFO - Setting next_dagrun for example_external_task_marker_parent to None, run_after=None
[2024-06-13T12:22:13.598+0200] {processor.py:183} INFO - Processing /Users/noejalabert/airflow_venv/lib/python3.11/site-packages/airflow/example_dags/example_external_task_marker_dag.py took 0.081 seconds
[2024-06-13T12:23:39.117+0200] {processor.py:161} INFO - Started process (PID=2039) to work on /Users/noejalabert/airflow_venv/lib/python3.11/site-packages/airflow/example_dags/example_external_task_marker_dag.py
[2024-06-13T12:23:39.117+0200] {processor.py:830} INFO - Processing file /Users/noejalabert/airflow_venv/lib/python3.11/site-packages/airflow/example_dags/example_external_task_marker_dag.py for tasks to queue
[2024-06-13T12:23:39.118+0200] {logging_mixin.py:188} INFO - [2024-06-13T12:23:39.118+0200] {dagbag.py:540} INFO - Filling up the DagBag from /Users/noejalabert/airflow_venv/lib/python3.11/site-packages/airflow/example_dags/example_external_task_marker_dag.py
[2024-06-13T12:23:39.124+0200] {processor.py:840} INFO - DAG(s) 'example_external_task_marker_child', 'example_external_task_marker_parent' retrieved from /Users/noejalabert/airflow_venv/lib/python3.11/site-packages/airflow/example_dags/example_external_task_marker_dag.py
[2024-06-13T12:23:39.176+0200] {logging_mixin.py:188} INFO - [2024-06-13T12:23:39.176+0200] {dag.py:3096} INFO - Sync 2 DAGs
[2024-06-13T12:23:39.181+0200] {logging_mixin.py:188} INFO - [2024-06-13T12:23:39.181+0200] {dag.py:3954} INFO - Setting next_dagrun for example_external_task_marker_child to None, run_after=None
[2024-06-13T12:23:39.182+0200] {logging_mixin.py:188} INFO - [2024-06-13T12:23:39.182+0200] {dag.py:3954} INFO - Setting next_dagrun for example_external_task_marker_parent to None, run_after=None
[2024-06-13T12:23:39.192+0200] {processor.py:183} INFO - Processing /Users/noejalabert/airflow_venv/lib/python3.11/site-packages/airflow/example_dags/example_external_task_marker_dag.py took 0.076 seconds
[2024-06-13T12:25:06.720+0200] {processor.py:161} INFO - Started process (PID=2296) to work on /Users/noejalabert/airflow_venv/lib/python3.11/site-packages/airflow/example_dags/example_external_task_marker_dag.py
[2024-06-13T12:25:06.721+0200] {processor.py:830} INFO - Processing file /Users/noejalabert/airflow_venv/lib/python3.11/site-packages/airflow/example_dags/example_external_task_marker_dag.py for tasks to queue
[2024-06-13T12:25:06.721+0200] {logging_mixin.py:188} INFO - [2024-06-13T12:25:06.721+0200] {dagbag.py:540} INFO - Filling up the DagBag from /Users/noejalabert/airflow_venv/lib/python3.11/site-packages/airflow/example_dags/example_external_task_marker_dag.py
[2024-06-13T12:25:06.727+0200] {processor.py:840} INFO - DAG(s) 'example_external_task_marker_child', 'example_external_task_marker_parent' retrieved from /Users/noejalabert/airflow_venv/lib/python3.11/site-packages/airflow/example_dags/example_external_task_marker_dag.py
[2024-06-13T12:25:06.777+0200] {logging_mixin.py:188} INFO - [2024-06-13T12:25:06.777+0200] {dag.py:3096} INFO - Sync 2 DAGs
[2024-06-13T12:25:06.782+0200] {logging_mixin.py:188} INFO - [2024-06-13T12:25:06.782+0200] {dag.py:3954} INFO - Setting next_dagrun for example_external_task_marker_child to None, run_after=None
[2024-06-13T12:25:06.783+0200] {logging_mixin.py:188} INFO - [2024-06-13T12:25:06.783+0200] {dag.py:3954} INFO - Setting next_dagrun for example_external_task_marker_parent to None, run_after=None
[2024-06-13T12:25:06.790+0200] {processor.py:183} INFO - Processing /Users/noejalabert/airflow_venv/lib/python3.11/site-packages/airflow/example_dags/example_external_task_marker_dag.py took 0.071 seconds
