[2024-06-13T12:18:47.294+0200] {processor.py:161} INFO - Started process (PID=1638) to work on /Users/noejalabert/airflow_venv/lib/python3.11/site-packages/airflow/example_dags/example_setup_teardown_taskflow.py
[2024-06-13T12:18:47.295+0200] {processor.py:830} INFO - Processing file /Users/noejalabert/airflow_venv/lib/python3.11/site-packages/airflow/example_dags/example_setup_teardown_taskflow.py for tasks to queue
[2024-06-13T12:18:47.295+0200] {logging_mixin.py:188} INFO - [2024-06-13T12:18:47.295+0200] {dagbag.py:540} INFO - Filling up the DagBag from /Users/noejalabert/airflow_venv/lib/python3.11/site-packages/airflow/example_dags/example_setup_teardown_taskflow.py
[2024-06-13T12:18:47.312+0200] {processor.py:840} INFO - DAG(s) 'example_setup_teardown_taskflow' retrieved from /Users/noejalabert/airflow_venv/lib/python3.11/site-packages/airflow/example_dags/example_setup_teardown_taskflow.py
[2024-06-13T12:18:47.393+0200] {logging_mixin.py:188} INFO - [2024-06-13T12:18:47.393+0200] {dag.py:3096} INFO - Sync 1 DAGs
[2024-06-13T12:18:47.425+0200] {logging_mixin.py:188} INFO - [2024-06-13T12:18:47.425+0200] {dag.py:3954} INFO - Setting next_dagrun for example_setup_teardown_taskflow to 2024-06-12 00:00:00+00:00, run_after=2024-06-13 00:00:00+00:00
[2024-06-13T12:18:47.433+0200] {processor.py:183} INFO - Processing /Users/noejalabert/airflow_venv/lib/python3.11/site-packages/airflow/example_dags/example_setup_teardown_taskflow.py took 0.140 seconds
[2024-06-13T12:20:17.631+0200] {processor.py:161} INFO - Started process (PID=1734) to work on /Users/noejalabert/airflow_venv/lib/python3.11/site-packages/airflow/example_dags/example_setup_teardown_taskflow.py
[2024-06-13T12:20:17.631+0200] {processor.py:830} INFO - Processing file /Users/noejalabert/airflow_venv/lib/python3.11/site-packages/airflow/example_dags/example_setup_teardown_taskflow.py for tasks to queue
[2024-06-13T12:20:17.632+0200] {logging_mixin.py:188} INFO - [2024-06-13T12:20:17.631+0200] {dagbag.py:540} INFO - Filling up the DagBag from /Users/noejalabert/airflow_venv/lib/python3.11/site-packages/airflow/example_dags/example_setup_teardown_taskflow.py
[2024-06-13T12:20:17.649+0200] {processor.py:840} INFO - DAG(s) 'example_setup_teardown_taskflow' retrieved from /Users/noejalabert/airflow_venv/lib/python3.11/site-packages/airflow/example_dags/example_setup_teardown_taskflow.py
[2024-06-13T12:20:17.695+0200] {logging_mixin.py:188} INFO - [2024-06-13T12:20:17.695+0200] {dag.py:3096} INFO - Sync 1 DAGs
[2024-06-13T12:20:17.702+0200] {logging_mixin.py:188} INFO - [2024-06-13T12:20:17.702+0200] {dag.py:3954} INFO - Setting next_dagrun for example_setup_teardown_taskflow to 2024-06-12 00:00:00+00:00, run_after=2024-06-13 00:00:00+00:00
[2024-06-13T12:20:17.710+0200] {processor.py:183} INFO - Processing /Users/noejalabert/airflow_venv/lib/python3.11/site-packages/airflow/example_dags/example_setup_teardown_taskflow.py took 0.080 seconds
[2024-06-13T12:21:46.560+0200] {processor.py:161} INFO - Started process (PID=1870) to work on /Users/noejalabert/airflow_venv/lib/python3.11/site-packages/airflow/example_dags/example_setup_teardown_taskflow.py
[2024-06-13T12:21:46.561+0200] {processor.py:830} INFO - Processing file /Users/noejalabert/airflow_venv/lib/python3.11/site-packages/airflow/example_dags/example_setup_teardown_taskflow.py for tasks to queue
[2024-06-13T12:21:46.561+0200] {logging_mixin.py:188} INFO - [2024-06-13T12:21:46.561+0200] {dagbag.py:540} INFO - Filling up the DagBag from /Users/noejalabert/airflow_venv/lib/python3.11/site-packages/airflow/example_dags/example_setup_teardown_taskflow.py
[2024-06-13T12:21:46.583+0200] {processor.py:840} INFO - DAG(s) 'example_setup_teardown_taskflow' retrieved from /Users/noejalabert/airflow_venv/lib/python3.11/site-packages/airflow/example_dags/example_setup_teardown_taskflow.py
[2024-06-13T12:21:46.635+0200] {logging_mixin.py:188} INFO - [2024-06-13T12:21:46.635+0200] {dag.py:3096} INFO - Sync 1 DAGs
[2024-06-13T12:21:46.643+0200] {logging_mixin.py:188} INFO - [2024-06-13T12:21:46.643+0200] {dag.py:3954} INFO - Setting next_dagrun for example_setup_teardown_taskflow to 2024-06-12 00:00:00+00:00, run_after=2024-06-13 00:00:00+00:00
[2024-06-13T12:21:46.652+0200] {processor.py:183} INFO - Processing /Users/noejalabert/airflow_venv/lib/python3.11/site-packages/airflow/example_dags/example_setup_teardown_taskflow.py took 0.094 seconds
[2024-06-13T12:23:14.840+0200] {processor.py:161} INFO - Started process (PID=2006) to work on /Users/noejalabert/airflow_venv/lib/python3.11/site-packages/airflow/example_dags/example_setup_teardown_taskflow.py
[2024-06-13T12:23:14.841+0200] {processor.py:830} INFO - Processing file /Users/noejalabert/airflow_venv/lib/python3.11/site-packages/airflow/example_dags/example_setup_teardown_taskflow.py for tasks to queue
[2024-06-13T12:23:14.841+0200] {logging_mixin.py:188} INFO - [2024-06-13T12:23:14.841+0200] {dagbag.py:540} INFO - Filling up the DagBag from /Users/noejalabert/airflow_venv/lib/python3.11/site-packages/airflow/example_dags/example_setup_teardown_taskflow.py
[2024-06-13T12:23:14.859+0200] {processor.py:840} INFO - DAG(s) 'example_setup_teardown_taskflow' retrieved from /Users/noejalabert/airflow_venv/lib/python3.11/site-packages/airflow/example_dags/example_setup_teardown_taskflow.py
[2024-06-13T12:23:14.906+0200] {logging_mixin.py:188} INFO - [2024-06-13T12:23:14.906+0200] {dag.py:3096} INFO - Sync 1 DAGs
[2024-06-13T12:23:14.913+0200] {logging_mixin.py:188} INFO - [2024-06-13T12:23:14.913+0200] {dag.py:3954} INFO - Setting next_dagrun for example_setup_teardown_taskflow to 2024-06-12 00:00:00+00:00, run_after=2024-06-13 00:00:00+00:00
[2024-06-13T12:23:14.922+0200] {processor.py:183} INFO - Processing /Users/noejalabert/airflow_venv/lib/python3.11/site-packages/airflow/example_dags/example_setup_teardown_taskflow.py took 0.083 seconds
[2024-06-13T12:24:42.938+0200] {processor.py:161} INFO - Started process (PID=2212) to work on /Users/noejalabert/airflow_venv/lib/python3.11/site-packages/airflow/example_dags/example_setup_teardown_taskflow.py
[2024-06-13T12:24:42.939+0200] {processor.py:830} INFO - Processing file /Users/noejalabert/airflow_venv/lib/python3.11/site-packages/airflow/example_dags/example_setup_teardown_taskflow.py for tasks to queue
[2024-06-13T12:24:42.940+0200] {logging_mixin.py:188} INFO - [2024-06-13T12:24:42.940+0200] {dagbag.py:540} INFO - Filling up the DagBag from /Users/noejalabert/airflow_venv/lib/python3.11/site-packages/airflow/example_dags/example_setup_teardown_taskflow.py
[2024-06-13T12:24:42.959+0200] {processor.py:840} INFO - DAG(s) 'example_setup_teardown_taskflow' retrieved from /Users/noejalabert/airflow_venv/lib/python3.11/site-packages/airflow/example_dags/example_setup_teardown_taskflow.py
[2024-06-13T12:24:43.012+0200] {logging_mixin.py:188} INFO - [2024-06-13T12:24:43.012+0200] {dag.py:3096} INFO - Sync 1 DAGs
[2024-06-13T12:24:43.019+0200] {logging_mixin.py:188} INFO - [2024-06-13T12:24:43.019+0200] {dag.py:3954} INFO - Setting next_dagrun for example_setup_teardown_taskflow to 2024-06-12 00:00:00+00:00, run_after=2024-06-13 00:00:00+00:00
[2024-06-13T12:24:43.028+0200] {processor.py:183} INFO - Processing /Users/noejalabert/airflow_venv/lib/python3.11/site-packages/airflow/example_dags/example_setup_teardown_taskflow.py took 0.091 seconds
