[2024-06-13T12:19:03.145+0200] {processor.py:161} INFO - Started process (PID=1666) to work on /Users/noejalabert/airflow_venv/lib/python3.11/site-packages/airflow/example_dags/example_params_trigger_ui.py
[2024-06-13T12:19:03.145+0200] {processor.py:830} INFO - Processing file /Users/noejalabert/airflow_venv/lib/python3.11/site-packages/airflow/example_dags/example_params_trigger_ui.py for tasks to queue
[2024-06-13T12:19:03.145+0200] {logging_mixin.py:188} INFO - [2024-06-13T12:19:03.145+0200] {dagbag.py:540} INFO - Filling up the DagBag from /Users/noejalabert/airflow_venv/lib/python3.11/site-packages/airflow/example_dags/example_params_trigger_ui.py
[2024-06-13T12:19:03.164+0200] {processor.py:840} INFO - DAG(s) 'example_params_trigger_ui' retrieved from /Users/noejalabert/airflow_venv/lib/python3.11/site-packages/airflow/example_dags/example_params_trigger_ui.py
[2024-06-13T12:19:03.278+0200] {logging_mixin.py:188} INFO - [2024-06-13T12:19:03.278+0200] {dag.py:3096} INFO - Sync 1 DAGs
[2024-06-13T12:19:03.282+0200] {logging_mixin.py:188} INFO - [2024-06-13T12:19:03.282+0200] {dag.py:3954} INFO - Setting next_dagrun for example_params_trigger_ui to None, run_after=None
[2024-06-13T12:19:03.290+0200] {processor.py:183} INFO - Processing /Users/noejalabert/airflow_venv/lib/python3.11/site-packages/airflow/example_dags/example_params_trigger_ui.py took 0.147 seconds
[2024-06-13T12:20:32.090+0200] {processor.py:161} INFO - Started process (PID=1751) to work on /Users/noejalabert/airflow_venv/lib/python3.11/site-packages/airflow/example_dags/example_params_trigger_ui.py
[2024-06-13T12:20:32.091+0200] {processor.py:830} INFO - Processing file /Users/noejalabert/airflow_venv/lib/python3.11/site-packages/airflow/example_dags/example_params_trigger_ui.py for tasks to queue
[2024-06-13T12:20:32.091+0200] {logging_mixin.py:188} INFO - [2024-06-13T12:20:32.091+0200] {dagbag.py:540} INFO - Filling up the DagBag from /Users/noejalabert/airflow_venv/lib/python3.11/site-packages/airflow/example_dags/example_params_trigger_ui.py
[2024-06-13T12:20:32.109+0200] {processor.py:840} INFO - DAG(s) 'example_params_trigger_ui' retrieved from /Users/noejalabert/airflow_venv/lib/python3.11/site-packages/airflow/example_dags/example_params_trigger_ui.py
[2024-06-13T12:20:32.163+0200] {logging_mixin.py:188} INFO - [2024-06-13T12:20:32.163+0200] {dag.py:3096} INFO - Sync 1 DAGs
[2024-06-13T12:20:32.167+0200] {logging_mixin.py:188} INFO - [2024-06-13T12:20:32.167+0200] {dag.py:3954} INFO - Setting next_dagrun for example_params_trigger_ui to None, run_after=None
[2024-06-13T12:20:32.174+0200] {processor.py:183} INFO - Processing /Users/noejalabert/airflow_venv/lib/python3.11/site-packages/airflow/example_dags/example_params_trigger_ui.py took 0.085 seconds
[2024-06-13T12:22:01.804+0200] {processor.py:161} INFO - Started process (PID=1894) to work on /Users/noejalabert/airflow_venv/lib/python3.11/site-packages/airflow/example_dags/example_params_trigger_ui.py
[2024-06-13T12:22:01.804+0200] {processor.py:830} INFO - Processing file /Users/noejalabert/airflow_venv/lib/python3.11/site-packages/airflow/example_dags/example_params_trigger_ui.py for tasks to queue
[2024-06-13T12:22:01.805+0200] {logging_mixin.py:188} INFO - [2024-06-13T12:22:01.805+0200] {dagbag.py:540} INFO - Filling up the DagBag from /Users/noejalabert/airflow_venv/lib/python3.11/site-packages/airflow/example_dags/example_params_trigger_ui.py
[2024-06-13T12:22:01.823+0200] {processor.py:840} INFO - DAG(s) 'example_params_trigger_ui' retrieved from /Users/noejalabert/airflow_venv/lib/python3.11/site-packages/airflow/example_dags/example_params_trigger_ui.py
[2024-06-13T12:22:01.879+0200] {logging_mixin.py:188} INFO - [2024-06-13T12:22:01.879+0200] {dag.py:3096} INFO - Sync 1 DAGs
[2024-06-13T12:22:01.883+0200] {logging_mixin.py:188} INFO - [2024-06-13T12:22:01.883+0200] {dag.py:3954} INFO - Setting next_dagrun for example_params_trigger_ui to None, run_after=None
[2024-06-13T12:22:01.891+0200] {processor.py:183} INFO - Processing /Users/noejalabert/airflow_venv/lib/python3.11/site-packages/airflow/example_dags/example_params_trigger_ui.py took 0.089 seconds
[2024-06-13T12:23:28.481+0200] {processor.py:161} INFO - Started process (PID=2020) to work on /Users/noejalabert/airflow_venv/lib/python3.11/site-packages/airflow/example_dags/example_params_trigger_ui.py
[2024-06-13T12:23:28.482+0200] {processor.py:830} INFO - Processing file /Users/noejalabert/airflow_venv/lib/python3.11/site-packages/airflow/example_dags/example_params_trigger_ui.py for tasks to queue
[2024-06-13T12:23:28.482+0200] {logging_mixin.py:188} INFO - [2024-06-13T12:23:28.482+0200] {dagbag.py:540} INFO - Filling up the DagBag from /Users/noejalabert/airflow_venv/lib/python3.11/site-packages/airflow/example_dags/example_params_trigger_ui.py
[2024-06-13T12:23:28.501+0200] {processor.py:840} INFO - DAG(s) 'example_params_trigger_ui' retrieved from /Users/noejalabert/airflow_venv/lib/python3.11/site-packages/airflow/example_dags/example_params_trigger_ui.py
[2024-06-13T12:23:28.555+0200] {logging_mixin.py:188} INFO - [2024-06-13T12:23:28.555+0200] {dag.py:3096} INFO - Sync 1 DAGs
[2024-06-13T12:23:28.559+0200] {logging_mixin.py:188} INFO - [2024-06-13T12:23:28.559+0200] {dag.py:3954} INFO - Setting next_dagrun for example_params_trigger_ui to None, run_after=None
[2024-06-13T12:23:28.567+0200] {processor.py:183} INFO - Processing /Users/noejalabert/airflow_venv/lib/python3.11/site-packages/airflow/example_dags/example_params_trigger_ui.py took 0.088 seconds
[2024-06-13T12:24:57.677+0200] {processor.py:161} INFO - Started process (PID=2280) to work on /Users/noejalabert/airflow_venv/lib/python3.11/site-packages/airflow/example_dags/example_params_trigger_ui.py
[2024-06-13T12:24:57.678+0200] {processor.py:830} INFO - Processing file /Users/noejalabert/airflow_venv/lib/python3.11/site-packages/airflow/example_dags/example_params_trigger_ui.py for tasks to queue
[2024-06-13T12:24:57.679+0200] {logging_mixin.py:188} INFO - [2024-06-13T12:24:57.679+0200] {dagbag.py:540} INFO - Filling up the DagBag from /Users/noejalabert/airflow_venv/lib/python3.11/site-packages/airflow/example_dags/example_params_trigger_ui.py
[2024-06-13T12:24:57.703+0200] {processor.py:840} INFO - DAG(s) 'example_params_trigger_ui' retrieved from /Users/noejalabert/airflow_venv/lib/python3.11/site-packages/airflow/example_dags/example_params_trigger_ui.py
[2024-06-13T12:24:57.781+0200] {logging_mixin.py:188} INFO - [2024-06-13T12:24:57.781+0200] {dag.py:3096} INFO - Sync 1 DAGs
[2024-06-13T12:24:57.786+0200] {logging_mixin.py:188} INFO - [2024-06-13T12:24:57.786+0200] {dag.py:3954} INFO - Setting next_dagrun for example_params_trigger_ui to None, run_after=None
[2024-06-13T12:24:57.795+0200] {processor.py:183} INFO - Processing /Users/noejalabert/airflow_venv/lib/python3.11/site-packages/airflow/example_dags/example_params_trigger_ui.py took 0.119 seconds
[2024-06-13T14:01:03.652+0200] {processor.py:161} INFO - Started process (PID=2782) to work on /Users/noejalabert/airflow_venv/lib/python3.11/site-packages/airflow/example_dags/example_params_trigger_ui.py
[2024-06-13T14:01:03.652+0200] {processor.py:830} INFO - Processing file /Users/noejalabert/airflow_venv/lib/python3.11/site-packages/airflow/example_dags/example_params_trigger_ui.py for tasks to queue
[2024-06-13T14:01:03.653+0200] {logging_mixin.py:188} INFO - [2024-06-13T14:01:03.653+0200] {dagbag.py:540} INFO - Filling up the DagBag from /Users/noejalabert/airflow_venv/lib/python3.11/site-packages/airflow/example_dags/example_params_trigger_ui.py
[2024-06-13T14:01:03.671+0200] {processor.py:840} INFO - DAG(s) 'example_params_trigger_ui' retrieved from /Users/noejalabert/airflow_venv/lib/python3.11/site-packages/airflow/example_dags/example_params_trigger_ui.py
[2024-06-13T14:01:03.787+0200] {logging_mixin.py:188} INFO - [2024-06-13T14:01:03.787+0200] {dag.py:3096} INFO - Sync 1 DAGs
[2024-06-13T14:01:03.791+0200] {logging_mixin.py:188} INFO - [2024-06-13T14:01:03.791+0200] {dag.py:3954} INFO - Setting next_dagrun for example_params_trigger_ui to None, run_after=None
[2024-06-13T14:01:03.799+0200] {processor.py:183} INFO - Processing /Users/noejalabert/airflow_venv/lib/python3.11/site-packages/airflow/example_dags/example_params_trigger_ui.py took 0.148 seconds
