[2024-06-13T12:19:33.006+0200] {processor.py:161} INFO - Started process (PID=1693) to work on /Users/noejalabert/airflow_venv/lib/python3.11/site-packages/airflow/example_dags/example_branch_day_of_week_operator.py
[2024-06-13T12:19:33.007+0200] {processor.py:830} INFO - Processing file /Users/noejalabert/airflow_venv/lib/python3.11/site-packages/airflow/example_dags/example_branch_day_of_week_operator.py for tasks to queue
[2024-06-13T12:19:33.007+0200] {logging_mixin.py:188} INFO - [2024-06-13T12:19:33.007+0200] {dagbag.py:540} INFO - Filling up the DagBag from /Users/noejalabert/airflow_venv/lib/python3.11/site-packages/airflow/example_dags/example_branch_day_of_week_operator.py
[2024-06-13T12:19:33.011+0200] {processor.py:840} INFO - DAG(s) 'example_weekday_branch_operator' retrieved from /Users/noejalabert/airflow_venv/lib/python3.11/site-packages/airflow/example_dags/example_branch_day_of_week_operator.py
[2024-06-13T12:19:33.090+0200] {logging_mixin.py:188} INFO - [2024-06-13T12:19:33.090+0200] {dag.py:3096} INFO - Sync 1 DAGs
[2024-06-13T12:19:33.097+0200] {logging_mixin.py:188} INFO - [2024-06-13T12:19:33.097+0200] {dag.py:3954} INFO - Setting next_dagrun for example_weekday_branch_operator to 2024-06-12 00:00:00+00:00, run_after=2024-06-13 00:00:00+00:00
[2024-06-13T12:19:33.105+0200] {processor.py:183} INFO - Processing /Users/noejalabert/airflow_venv/lib/python3.11/site-packages/airflow/example_dags/example_branch_day_of_week_operator.py took 0.100 seconds
[2024-06-13T12:21:02.434+0200] {processor.py:161} INFO - Started process (PID=1775) to work on /Users/noejalabert/airflow_venv/lib/python3.11/site-packages/airflow/example_dags/example_branch_day_of_week_operator.py
[2024-06-13T12:21:02.434+0200] {processor.py:830} INFO - Processing file /Users/noejalabert/airflow_venv/lib/python3.11/site-packages/airflow/example_dags/example_branch_day_of_week_operator.py for tasks to queue
[2024-06-13T12:21:02.434+0200] {logging_mixin.py:188} INFO - [2024-06-13T12:21:02.434+0200] {dagbag.py:540} INFO - Filling up the DagBag from /Users/noejalabert/airflow_venv/lib/python3.11/site-packages/airflow/example_dags/example_branch_day_of_week_operator.py
[2024-06-13T12:21:02.439+0200] {processor.py:840} INFO - DAG(s) 'example_weekday_branch_operator' retrieved from /Users/noejalabert/airflow_venv/lib/python3.11/site-packages/airflow/example_dags/example_branch_day_of_week_operator.py
[2024-06-13T12:21:02.485+0200] {logging_mixin.py:188} INFO - [2024-06-13T12:21:02.485+0200] {dag.py:3096} INFO - Sync 1 DAGs
[2024-06-13T12:21:02.493+0200] {logging_mixin.py:188} INFO - [2024-06-13T12:21:02.492+0200] {dag.py:3954} INFO - Setting next_dagrun for example_weekday_branch_operator to 2024-06-12 00:00:00+00:00, run_after=2024-06-13 00:00:00+00:00
[2024-06-13T12:21:02.500+0200] {processor.py:183} INFO - Processing /Users/noejalabert/airflow_venv/lib/python3.11/site-packages/airflow/example_dags/example_branch_day_of_week_operator.py took 0.068 seconds
[2024-06-13T12:23:59.181+0200] {processor.py:161} INFO - Started process (PID=2076) to work on /Users/noejalabert/airflow_venv/lib/python3.11/site-packages/airflow/example_dags/example_branch_day_of_week_operator.py
[2024-06-13T12:23:59.182+0200] {processor.py:830} INFO - Processing file /Users/noejalabert/airflow_venv/lib/python3.11/site-packages/airflow/example_dags/example_branch_day_of_week_operator.py for tasks to queue
[2024-06-13T12:23:59.183+0200] {logging_mixin.py:188} INFO - [2024-06-13T12:23:59.183+0200] {dagbag.py:540} INFO - Filling up the DagBag from /Users/noejalabert/airflow_venv/lib/python3.11/site-packages/airflow/example_dags/example_branch_day_of_week_operator.py
[2024-06-13T12:23:59.187+0200] {processor.py:840} INFO - DAG(s) 'example_weekday_branch_operator' retrieved from /Users/noejalabert/airflow_venv/lib/python3.11/site-packages/airflow/example_dags/example_branch_day_of_week_operator.py
[2024-06-13T12:23:59.235+0200] {logging_mixin.py:188} INFO - [2024-06-13T12:23:59.234+0200] {dag.py:3096} INFO - Sync 1 DAGs
[2024-06-13T12:23:59.242+0200] {logging_mixin.py:188} INFO - [2024-06-13T12:23:59.242+0200] {dag.py:3954} INFO - Setting next_dagrun for example_weekday_branch_operator to 2024-06-12 00:00:00+00:00, run_after=2024-06-13 00:00:00+00:00
[2024-06-13T12:23:59.250+0200] {processor.py:183} INFO - Processing /Users/noejalabert/airflow_venv/lib/python3.11/site-packages/airflow/example_dags/example_branch_day_of_week_operator.py took 0.070 seconds
