[2024-06-13T12:19:06.947+0200] {processor.py:161} INFO - Started process (PID=1669) to work on /Users/noejalabert/airflow_venv/lib/python3.11/site-packages/airflow/example_dags/example_local_kubernetes_executor.py
[2024-06-13T12:19:06.948+0200] {processor.py:830} INFO - Processing file /Users/noejalabert/airflow_venv/lib/python3.11/site-packages/airflow/example_dags/example_local_kubernetes_executor.py for tasks to queue
[2024-06-13T12:19:06.948+0200] {logging_mixin.py:188} INFO - [2024-06-13T12:19:06.948+0200] {dagbag.py:540} INFO - Filling up the DagBag from /Users/noejalabert/airflow_venv/lib/python3.11/site-packages/airflow/example_dags/example_local_kubernetes_executor.py
[2024-06-13T12:19:06.963+0200] {logging_mixin.py:188} INFO - [2024-06-13T12:19:06.963+0200] {example_local_kubernetes_executor.py:40} WARNING - Could not import DAGs in example_local_kubernetes_executor.py
Traceback (most recent call last):
  File "/Users/noejalabert/airflow_venv/lib/python3.11/site-packages/airflow/example_dags/example_local_kubernetes_executor.py", line 38, in <module>
    from kubernetes.client import models as k8s
ModuleNotFoundError: No module named 'kubernetes'
[2024-06-13T12:19:06.963+0200] {logging_mixin.py:188} INFO - [2024-06-13T12:19:06.963+0200] {example_local_kubernetes_executor.py:41} WARNING - Install Kubernetes dependencies with: pip install apache-airflow[cncf.kubernetes]
[2024-06-13T12:19:06.963+0200] {processor.py:842} WARNING - No viable dags retrieved from /Users/noejalabert/airflow_venv/lib/python3.11/site-packages/airflow/example_dags/example_local_kubernetes_executor.py
[2024-06-13T12:19:06.996+0200] {processor.py:183} INFO - Processing /Users/noejalabert/airflow_venv/lib/python3.11/site-packages/airflow/example_dags/example_local_kubernetes_executor.py took 0.050 seconds
[2024-06-13T12:20:35.767+0200] {processor.py:161} INFO - Started process (PID=1755) to work on /Users/noejalabert/airflow_venv/lib/python3.11/site-packages/airflow/example_dags/example_local_kubernetes_executor.py
[2024-06-13T12:20:35.768+0200] {processor.py:830} INFO - Processing file /Users/noejalabert/airflow_venv/lib/python3.11/site-packages/airflow/example_dags/example_local_kubernetes_executor.py for tasks to queue
[2024-06-13T12:20:35.768+0200] {logging_mixin.py:188} INFO - [2024-06-13T12:20:35.768+0200] {dagbag.py:540} INFO - Filling up the DagBag from /Users/noejalabert/airflow_venv/lib/python3.11/site-packages/airflow/example_dags/example_local_kubernetes_executor.py
[2024-06-13T12:20:35.783+0200] {logging_mixin.py:188} INFO - [2024-06-13T12:20:35.783+0200] {example_local_kubernetes_executor.py:40} WARNING - Could not import DAGs in example_local_kubernetes_executor.py
Traceback (most recent call last):
  File "/Users/noejalabert/airflow_venv/lib/python3.11/site-packages/airflow/example_dags/example_local_kubernetes_executor.py", line 38, in <module>
    from kubernetes.client import models as k8s
ModuleNotFoundError: No module named 'kubernetes'
[2024-06-13T12:20:35.783+0200] {logging_mixin.py:188} INFO - [2024-06-13T12:20:35.783+0200] {example_local_kubernetes_executor.py:41} WARNING - Install Kubernetes dependencies with: pip install apache-airflow[cncf.kubernetes]
[2024-06-13T12:20:35.783+0200] {processor.py:842} WARNING - No viable dags retrieved from /Users/noejalabert/airflow_venv/lib/python3.11/site-packages/airflow/example_dags/example_local_kubernetes_executor.py
[2024-06-13T12:20:35.816+0200] {processor.py:183} INFO - Processing /Users/noejalabert/airflow_venv/lib/python3.11/site-packages/airflow/example_dags/example_local_kubernetes_executor.py took 0.050 seconds
[2024-06-13T12:22:05.654+0200] {processor.py:161} INFO - Started process (PID=1907) to work on /Users/noejalabert/airflow_venv/lib/python3.11/site-packages/airflow/example_dags/example_local_kubernetes_executor.py
[2024-06-13T12:22:05.655+0200] {processor.py:830} INFO - Processing file /Users/noejalabert/airflow_venv/lib/python3.11/site-packages/airflow/example_dags/example_local_kubernetes_executor.py for tasks to queue
[2024-06-13T12:22:05.655+0200] {logging_mixin.py:188} INFO - [2024-06-13T12:22:05.655+0200] {dagbag.py:540} INFO - Filling up the DagBag from /Users/noejalabert/airflow_venv/lib/python3.11/site-packages/airflow/example_dags/example_local_kubernetes_executor.py
[2024-06-13T12:22:05.687+0200] {logging_mixin.py:188} INFO - [2024-06-13T12:22:05.686+0200] {example_local_kubernetes_executor.py:40} WARNING - Could not import DAGs in example_local_kubernetes_executor.py
Traceback (most recent call last):
  File "/Users/noejalabert/airflow_venv/lib/python3.11/site-packages/airflow/example_dags/example_local_kubernetes_executor.py", line 38, in <module>
    from kubernetes.client import models as k8s
ModuleNotFoundError: No module named 'kubernetes'
[2024-06-13T12:22:05.687+0200] {logging_mixin.py:188} INFO - [2024-06-13T12:22:05.687+0200] {example_local_kubernetes_executor.py:41} WARNING - Install Kubernetes dependencies with: pip install apache-airflow[cncf.kubernetes]
[2024-06-13T12:22:05.687+0200] {processor.py:842} WARNING - No viable dags retrieved from /Users/noejalabert/airflow_venv/lib/python3.11/site-packages/airflow/example_dags/example_local_kubernetes_executor.py
[2024-06-13T12:22:05.734+0200] {processor.py:183} INFO - Processing /Users/noejalabert/airflow_venv/lib/python3.11/site-packages/airflow/example_dags/example_local_kubernetes_executor.py took 0.082 seconds
[2024-06-13T12:23:31.631+0200] {processor.py:161} INFO - Started process (PID=2024) to work on /Users/noejalabert/airflow_venv/lib/python3.11/site-packages/airflow/example_dags/example_local_kubernetes_executor.py
[2024-06-13T12:23:31.631+0200] {processor.py:830} INFO - Processing file /Users/noejalabert/airflow_venv/lib/python3.11/site-packages/airflow/example_dags/example_local_kubernetes_executor.py for tasks to queue
[2024-06-13T12:23:31.632+0200] {logging_mixin.py:188} INFO - [2024-06-13T12:23:31.632+0200] {dagbag.py:540} INFO - Filling up the DagBag from /Users/noejalabert/airflow_venv/lib/python3.11/site-packages/airflow/example_dags/example_local_kubernetes_executor.py
[2024-06-13T12:23:31.647+0200] {logging_mixin.py:188} INFO - [2024-06-13T12:23:31.647+0200] {example_local_kubernetes_executor.py:40} WARNING - Could not import DAGs in example_local_kubernetes_executor.py
Traceback (most recent call last):
  File "/Users/noejalabert/airflow_venv/lib/python3.11/site-packages/airflow/example_dags/example_local_kubernetes_executor.py", line 38, in <module>
    from kubernetes.client import models as k8s
ModuleNotFoundError: No module named 'kubernetes'
[2024-06-13T12:23:31.647+0200] {logging_mixin.py:188} INFO - [2024-06-13T12:23:31.647+0200] {example_local_kubernetes_executor.py:41} WARNING - Install Kubernetes dependencies with: pip install apache-airflow[cncf.kubernetes]
[2024-06-13T12:23:31.647+0200] {processor.py:842} WARNING - No viable dags retrieved from /Users/noejalabert/airflow_venv/lib/python3.11/site-packages/airflow/example_dags/example_local_kubernetes_executor.py
[2024-06-13T12:23:31.681+0200] {processor.py:183} INFO - Processing /Users/noejalabert/airflow_venv/lib/python3.11/site-packages/airflow/example_dags/example_local_kubernetes_executor.py took 0.052 seconds
[2024-06-13T12:24:59.712+0200] {processor.py:161} INFO - Started process (PID=2284) to work on /Users/noejalabert/airflow_venv/lib/python3.11/site-packages/airflow/example_dags/example_local_kubernetes_executor.py
[2024-06-13T12:24:59.713+0200] {processor.py:830} INFO - Processing file /Users/noejalabert/airflow_venv/lib/python3.11/site-packages/airflow/example_dags/example_local_kubernetes_executor.py for tasks to queue
[2024-06-13T12:24:59.713+0200] {logging_mixin.py:188} INFO - [2024-06-13T12:24:59.713+0200] {dagbag.py:540} INFO - Filling up the DagBag from /Users/noejalabert/airflow_venv/lib/python3.11/site-packages/airflow/example_dags/example_local_kubernetes_executor.py
[2024-06-13T12:24:59.731+0200] {logging_mixin.py:188} INFO - [2024-06-13T12:24:59.731+0200] {example_local_kubernetes_executor.py:40} WARNING - Could not import DAGs in example_local_kubernetes_executor.py
Traceback (most recent call last):
  File "/Users/noejalabert/airflow_venv/lib/python3.11/site-packages/airflow/example_dags/example_local_kubernetes_executor.py", line 38, in <module>
    from kubernetes.client import models as k8s
ModuleNotFoundError: No module named 'kubernetes'
[2024-06-13T12:24:59.731+0200] {logging_mixin.py:188} INFO - [2024-06-13T12:24:59.731+0200] {example_local_kubernetes_executor.py:41} WARNING - Install Kubernetes dependencies with: pip install apache-airflow[cncf.kubernetes]
[2024-06-13T12:24:59.732+0200] {processor.py:842} WARNING - No viable dags retrieved from /Users/noejalabert/airflow_venv/lib/python3.11/site-packages/airflow/example_dags/example_local_kubernetes_executor.py
[2024-06-13T12:24:59.771+0200] {processor.py:183} INFO - Processing /Users/noejalabert/airflow_venv/lib/python3.11/site-packages/airflow/example_dags/example_local_kubernetes_executor.py took 0.060 seconds
