[2024-06-13T12:18:26.597+0200] {processor.py:161} INFO - Started process (PID=1612) to work on /Users/noejalabert/airflow_venv/lib/python3.11/site-packages/airflow/example_dags/example_task_group_decorator.py
[2024-06-13T12:18:26.597+0200] {processor.py:830} INFO - Processing file /Users/noejalabert/airflow_venv/lib/python3.11/site-packages/airflow/example_dags/example_task_group_decorator.py for tasks to queue
[2024-06-13T12:18:26.597+0200] {logging_mixin.py:188} INFO - [2024-06-13T12:18:26.597+0200] {dagbag.py:540} INFO - Filling up the DagBag from /Users/noejalabert/airflow_venv/lib/python3.11/site-packages/airflow/example_dags/example_task_group_decorator.py
[2024-06-13T12:18:26.616+0200] {processor.py:840} INFO - DAG(s) 'example_task_group_decorator' retrieved from /Users/noejalabert/airflow_venv/lib/python3.11/site-packages/airflow/example_dags/example_task_group_decorator.py
[2024-06-13T12:18:26.723+0200] {logging_mixin.py:188} INFO - [2024-06-13T12:18:26.723+0200] {dag.py:3096} INFO - Sync 1 DAGs
[2024-06-13T12:18:26.730+0200] {logging_mixin.py:188} INFO - [2024-06-13T12:18:26.730+0200] {dag.py:3954} INFO - Setting next_dagrun for example_task_group_decorator to 2024-06-12 00:00:00+00:00, run_after=2024-06-13 00:00:00+00:00
[2024-06-13T12:18:26.738+0200] {processor.py:183} INFO - Processing /Users/noejalabert/airflow_venv/lib/python3.11/site-packages/airflow/example_dags/example_task_group_decorator.py took 0.143 seconds
[2024-06-13T12:20:06.763+0200] {processor.py:161} INFO - Started process (PID=1724) to work on /Users/noejalabert/airflow_venv/lib/python3.11/site-packages/airflow/example_dags/example_task_group_decorator.py
[2024-06-13T12:20:06.764+0200] {processor.py:830} INFO - Processing file /Users/noejalabert/airflow_venv/lib/python3.11/site-packages/airflow/example_dags/example_task_group_decorator.py for tasks to queue
[2024-06-13T12:20:06.764+0200] {logging_mixin.py:188} INFO - [2024-06-13T12:20:06.764+0200] {dagbag.py:540} INFO - Filling up the DagBag from /Users/noejalabert/airflow_venv/lib/python3.11/site-packages/airflow/example_dags/example_task_group_decorator.py
[2024-06-13T12:20:06.783+0200] {processor.py:840} INFO - DAG(s) 'example_task_group_decorator' retrieved from /Users/noejalabert/airflow_venv/lib/python3.11/site-packages/airflow/example_dags/example_task_group_decorator.py
[2024-06-13T12:20:06.831+0200] {logging_mixin.py:188} INFO - [2024-06-13T12:20:06.831+0200] {dag.py:3096} INFO - Sync 1 DAGs
[2024-06-13T12:20:06.838+0200] {logging_mixin.py:188} INFO - [2024-06-13T12:20:06.838+0200] {dag.py:3954} INFO - Setting next_dagrun for example_task_group_decorator to 2024-06-12 00:00:00+00:00, run_after=2024-06-13 00:00:00+00:00
[2024-06-13T12:20:06.846+0200] {processor.py:183} INFO - Processing /Users/noejalabert/airflow_venv/lib/python3.11/site-packages/airflow/example_dags/example_task_group_decorator.py took 0.084 seconds
[2024-06-13T12:21:34.169+0200] {processor.py:161} INFO - Started process (PID=1856) to work on /Users/noejalabert/airflow_venv/lib/python3.11/site-packages/airflow/example_dags/example_task_group_decorator.py
[2024-06-13T12:21:34.170+0200] {processor.py:830} INFO - Processing file /Users/noejalabert/airflow_venv/lib/python3.11/site-packages/airflow/example_dags/example_task_group_decorator.py for tasks to queue
[2024-06-13T12:21:34.171+0200] {logging_mixin.py:188} INFO - [2024-06-13T12:21:34.171+0200] {dagbag.py:540} INFO - Filling up the DagBag from /Users/noejalabert/airflow_venv/lib/python3.11/site-packages/airflow/example_dags/example_task_group_decorator.py
[2024-06-13T12:21:34.190+0200] {processor.py:840} INFO - DAG(s) 'example_task_group_decorator' retrieved from /Users/noejalabert/airflow_venv/lib/python3.11/site-packages/airflow/example_dags/example_task_group_decorator.py
[2024-06-13T12:21:34.239+0200] {logging_mixin.py:188} INFO - [2024-06-13T12:21:34.238+0200] {dag.py:3096} INFO - Sync 1 DAGs
[2024-06-13T12:21:34.245+0200] {logging_mixin.py:188} INFO - [2024-06-13T12:21:34.245+0200] {dag.py:3954} INFO - Setting next_dagrun for example_task_group_decorator to 2024-06-12 00:00:00+00:00, run_after=2024-06-13 00:00:00+00:00
[2024-06-13T12:21:34.254+0200] {processor.py:183} INFO - Processing /Users/noejalabert/airflow_venv/lib/python3.11/site-packages/airflow/example_dags/example_task_group_decorator.py took 0.086 seconds
[2024-06-13T12:23:01.729+0200] {processor.py:161} INFO - Started process (PID=1970) to work on /Users/noejalabert/airflow_venv/lib/python3.11/site-packages/airflow/example_dags/example_task_group_decorator.py
[2024-06-13T12:23:01.731+0200] {processor.py:830} INFO - Processing file /Users/noejalabert/airflow_venv/lib/python3.11/site-packages/airflow/example_dags/example_task_group_decorator.py for tasks to queue
[2024-06-13T12:23:01.731+0200] {logging_mixin.py:188} INFO - [2024-06-13T12:23:01.731+0200] {dagbag.py:540} INFO - Filling up the DagBag from /Users/noejalabert/airflow_venv/lib/python3.11/site-packages/airflow/example_dags/example_task_group_decorator.py
[2024-06-13T12:23:01.750+0200] {processor.py:840} INFO - DAG(s) 'example_task_group_decorator' retrieved from /Users/noejalabert/airflow_venv/lib/python3.11/site-packages/airflow/example_dags/example_task_group_decorator.py
[2024-06-13T12:23:01.798+0200] {logging_mixin.py:188} INFO - [2024-06-13T12:23:01.798+0200] {dag.py:3096} INFO - Sync 1 DAGs
[2024-06-13T12:23:01.805+0200] {logging_mixin.py:188} INFO - [2024-06-13T12:23:01.805+0200] {dag.py:3954} INFO - Setting next_dagrun for example_task_group_decorator to 2024-06-12 00:00:00+00:00, run_after=2024-06-13 00:00:00+00:00
[2024-06-13T12:23:01.813+0200] {processor.py:183} INFO - Processing /Users/noejalabert/airflow_venv/lib/python3.11/site-packages/airflow/example_dags/example_task_group_decorator.py took 0.085 seconds
[2024-06-13T12:24:31.544+0200] {processor.py:161} INFO - Started process (PID=2120) to work on /Users/noejalabert/airflow_venv/lib/python3.11/site-packages/airflow/example_dags/example_task_group_decorator.py
[2024-06-13T12:24:31.545+0200] {processor.py:830} INFO - Processing file /Users/noejalabert/airflow_venv/lib/python3.11/site-packages/airflow/example_dags/example_task_group_decorator.py for tasks to queue
[2024-06-13T12:24:31.546+0200] {logging_mixin.py:188} INFO - [2024-06-13T12:24:31.545+0200] {dagbag.py:540} INFO - Filling up the DagBag from /Users/noejalabert/airflow_venv/lib/python3.11/site-packages/airflow/example_dags/example_task_group_decorator.py
[2024-06-13T12:24:31.566+0200] {processor.py:840} INFO - DAG(s) 'example_task_group_decorator' retrieved from /Users/noejalabert/airflow_venv/lib/python3.11/site-packages/airflow/example_dags/example_task_group_decorator.py
[2024-06-13T12:24:31.616+0200] {logging_mixin.py:188} INFO - [2024-06-13T12:24:31.616+0200] {dag.py:3096} INFO - Sync 1 DAGs
[2024-06-13T12:24:31.623+0200] {logging_mixin.py:188} INFO - [2024-06-13T12:24:31.623+0200] {dag.py:3954} INFO - Setting next_dagrun for example_task_group_decorator to 2024-06-12 00:00:00+00:00, run_after=2024-06-13 00:00:00+00:00
[2024-06-13T12:24:31.631+0200] {processor.py:183} INFO - Processing /Users/noejalabert/airflow_venv/lib/python3.11/site-packages/airflow/example_dags/example_task_group_decorator.py took 0.089 seconds
[2024-06-13T14:00:36.199+0200] {processor.py:161} INFO - Started process (PID=2763) to work on /Users/noejalabert/airflow_venv/lib/python3.11/site-packages/airflow/example_dags/example_task_group_decorator.py
[2024-06-13T14:00:36.199+0200] {processor.py:830} INFO - Processing file /Users/noejalabert/airflow_venv/lib/python3.11/site-packages/airflow/example_dags/example_task_group_decorator.py for tasks to queue
[2024-06-13T14:00:36.200+0200] {logging_mixin.py:188} INFO - [2024-06-13T14:00:36.200+0200] {dagbag.py:540} INFO - Filling up the DagBag from /Users/noejalabert/airflow_venv/lib/python3.11/site-packages/airflow/example_dags/example_task_group_decorator.py
[2024-06-13T14:00:36.219+0200] {processor.py:840} INFO - DAG(s) 'example_task_group_decorator' retrieved from /Users/noejalabert/airflow_venv/lib/python3.11/site-packages/airflow/example_dags/example_task_group_decorator.py
[2024-06-13T14:00:36.324+0200] {logging_mixin.py:188} INFO - [2024-06-13T14:00:36.324+0200] {dag.py:3096} INFO - Sync 1 DAGs
[2024-06-13T14:00:36.330+0200] {logging_mixin.py:188} INFO - [2024-06-13T14:00:36.330+0200] {dag.py:3954} INFO - Setting next_dagrun for example_task_group_decorator to 2024-06-12 00:00:00+00:00, run_after=2024-06-13 00:00:00+00:00
[2024-06-13T14:00:36.338+0200] {processor.py:183} INFO - Processing /Users/noejalabert/airflow_venv/lib/python3.11/site-packages/airflow/example_dags/example_task_group_decorator.py took 0.141 seconds
