[2024-06-13T12:19:21.532+0200] {processor.py:161} INFO - Started process (PID=1686) to work on /Users/noejalabert/airflow_venv/lib/python3.11/site-packages/airflow/example_dags/example_datasets.py
[2024-06-13T12:19:21.532+0200] {processor.py:830} INFO - Processing file /Users/noejalabert/airflow_venv/lib/python3.11/site-packages/airflow/example_dags/example_datasets.py for tasks to queue
[2024-06-13T12:19:21.533+0200] {logging_mixin.py:188} INFO - [2024-06-13T12:19:21.533+0200] {dagbag.py:540} INFO - Filling up the DagBag from /Users/noejalabert/airflow_venv/lib/python3.11/site-packages/airflow/example_dags/example_datasets.py
[2024-06-13T12:19:21.553+0200] {processor.py:840} INFO - DAG(s) 'dataset_consumes_unknown_never_scheduled', 'consume_1_or_2_with_dataset_expressions', 'dataset_produces_2', 'dataset_consumes_1', 'dataset_produces_1', 'conditional_dataset_and_time_based_timetable', 'consume_1_or_both_2_and_3_with_dataset_expressions', 'dataset_consumes_1_never_scheduled', 'consume_1_and_2_with_dataset_expressions', 'dataset_consumes_1_and_2' retrieved from /Users/noejalabert/airflow_venv/lib/python3.11/site-packages/airflow/example_dags/example_datasets.py
[2024-06-13T12:19:21.657+0200] {logging_mixin.py:188} INFO - [2024-06-13T12:19:21.657+0200] {dag.py:3096} INFO - Sync 10 DAGs
[2024-06-13T12:19:21.690+0200] {logging_mixin.py:188} INFO - [2024-06-13T12:19:21.690+0200] {dag.py:3954} INFO - Setting next_dagrun for conditional_dataset_and_time_based_timetable to 2024-06-12 01:00:00+00:00, run_after=2024-06-12 01:00:00+00:00
[2024-06-13T12:19:21.691+0200] {logging_mixin.py:188} INFO - [2024-06-13T12:19:21.691+0200] {dag.py:3954} INFO - Setting next_dagrun for consume_1_and_2_with_dataset_expressions to None, run_after=None
[2024-06-13T12:19:21.692+0200] {logging_mixin.py:188} INFO - [2024-06-13T12:19:21.692+0200] {dag.py:3954} INFO - Setting next_dagrun for consume_1_or_2_with_dataset_expressions to None, run_after=None
[2024-06-13T12:19:21.692+0200] {logging_mixin.py:188} INFO - [2024-06-13T12:19:21.692+0200] {dag.py:3954} INFO - Setting next_dagrun for consume_1_or_both_2_and_3_with_dataset_expressions to None, run_after=None
[2024-06-13T12:19:21.692+0200] {logging_mixin.py:188} INFO - [2024-06-13T12:19:21.692+0200] {dag.py:3954} INFO - Setting next_dagrun for dataset_consumes_1 to None, run_after=None
[2024-06-13T12:19:21.693+0200] {logging_mixin.py:188} INFO - [2024-06-13T12:19:21.693+0200] {dag.py:3954} INFO - Setting next_dagrun for dataset_consumes_1_and_2 to None, run_after=None
[2024-06-13T12:19:21.693+0200] {logging_mixin.py:188} INFO - [2024-06-13T12:19:21.693+0200] {dag.py:3954} INFO - Setting next_dagrun for dataset_consumes_1_never_scheduled to None, run_after=None
[2024-06-13T12:19:21.693+0200] {logging_mixin.py:188} INFO - [2024-06-13T12:19:21.693+0200] {dag.py:3954} INFO - Setting next_dagrun for dataset_consumes_unknown_never_scheduled to None, run_after=None
[2024-06-13T12:19:21.694+0200] {logging_mixin.py:188} INFO - [2024-06-13T12:19:21.694+0200] {dag.py:3954} INFO - Setting next_dagrun for dataset_produces_1 to 2024-06-12 00:00:00+00:00, run_after=2024-06-13 00:00:00+00:00
[2024-06-13T12:19:21.695+0200] {logging_mixin.py:188} INFO - [2024-06-13T12:19:21.695+0200] {dag.py:3954} INFO - Setting next_dagrun for dataset_produces_2 to None, run_after=None
[2024-06-13T12:19:21.707+0200] {processor.py:183} INFO - Processing /Users/noejalabert/airflow_venv/lib/python3.11/site-packages/airflow/example_dags/example_datasets.py took 0.176 seconds
[2024-06-13T12:20:49.744+0200] {processor.py:161} INFO - Started process (PID=1767) to work on /Users/noejalabert/airflow_venv/lib/python3.11/site-packages/airflow/example_dags/example_datasets.py
[2024-06-13T12:20:49.745+0200] {processor.py:830} INFO - Processing file /Users/noejalabert/airflow_venv/lib/python3.11/site-packages/airflow/example_dags/example_datasets.py for tasks to queue
[2024-06-13T12:20:49.745+0200] {logging_mixin.py:188} INFO - [2024-06-13T12:20:49.745+0200] {dagbag.py:540} INFO - Filling up the DagBag from /Users/noejalabert/airflow_venv/lib/python3.11/site-packages/airflow/example_dags/example_datasets.py
[2024-06-13T12:20:49.764+0200] {processor.py:840} INFO - DAG(s) 'dataset_produces_2', 'dataset_produces_1', 'consume_1_and_2_with_dataset_expressions', 'dataset_consumes_1_never_scheduled', 'consume_1_or_2_with_dataset_expressions', 'dataset_consumes_unknown_never_scheduled', 'dataset_consumes_1', 'conditional_dataset_and_time_based_timetable', 'consume_1_or_both_2_and_3_with_dataset_expressions', 'dataset_consumes_1_and_2' retrieved from /Users/noejalabert/airflow_venv/lib/python3.11/site-packages/airflow/example_dags/example_datasets.py
[2024-06-13T12:20:49.819+0200] {logging_mixin.py:188} INFO - [2024-06-13T12:20:49.819+0200] {dag.py:3096} INFO - Sync 10 DAGs
[2024-06-13T12:20:49.827+0200] {logging_mixin.py:188} INFO - [2024-06-13T12:20:49.827+0200] {dag.py:3954} INFO - Setting next_dagrun for conditional_dataset_and_time_based_timetable to 2024-06-12 01:00:00+00:00, run_after=2024-06-12 01:00:00+00:00
[2024-06-13T12:20:49.828+0200] {logging_mixin.py:188} INFO - [2024-06-13T12:20:49.828+0200] {dag.py:3954} INFO - Setting next_dagrun for consume_1_and_2_with_dataset_expressions to None, run_after=None
[2024-06-13T12:20:49.829+0200] {logging_mixin.py:188} INFO - [2024-06-13T12:20:49.829+0200] {dag.py:3954} INFO - Setting next_dagrun for consume_1_or_2_with_dataset_expressions to None, run_after=None
[2024-06-13T12:20:49.829+0200] {logging_mixin.py:188} INFO - [2024-06-13T12:20:49.829+0200] {dag.py:3954} INFO - Setting next_dagrun for consume_1_or_both_2_and_3_with_dataset_expressions to None, run_after=None
[2024-06-13T12:20:49.829+0200] {logging_mixin.py:188} INFO - [2024-06-13T12:20:49.829+0200] {dag.py:3954} INFO - Setting next_dagrun for dataset_consumes_1 to None, run_after=None
[2024-06-13T12:20:49.830+0200] {logging_mixin.py:188} INFO - [2024-06-13T12:20:49.830+0200] {dag.py:3954} INFO - Setting next_dagrun for dataset_consumes_1_and_2 to None, run_after=None
[2024-06-13T12:20:49.830+0200] {logging_mixin.py:188} INFO - [2024-06-13T12:20:49.830+0200] {dag.py:3954} INFO - Setting next_dagrun for dataset_consumes_1_never_scheduled to None, run_after=None
[2024-06-13T12:20:49.830+0200] {logging_mixin.py:188} INFO - [2024-06-13T12:20:49.830+0200] {dag.py:3954} INFO - Setting next_dagrun for dataset_consumes_unknown_never_scheduled to None, run_after=None
[2024-06-13T12:20:49.831+0200] {logging_mixin.py:188} INFO - [2024-06-13T12:20:49.831+0200] {dag.py:3954} INFO - Setting next_dagrun for dataset_produces_1 to 2024-06-12 00:00:00+00:00, run_after=2024-06-13 00:00:00+00:00
[2024-06-13T12:20:49.832+0200] {logging_mixin.py:188} INFO - [2024-06-13T12:20:49.832+0200] {dag.py:3954} INFO - Setting next_dagrun for dataset_produces_2 to None, run_after=None
[2024-06-13T12:20:49.842+0200] {processor.py:183} INFO - Processing /Users/noejalabert/airflow_venv/lib/python3.11/site-packages/airflow/example_dags/example_datasets.py took 0.099 seconds
[2024-06-13T12:22:20.219+0200] {processor.py:161} INFO - Started process (PID=1921) to work on /Users/noejalabert/airflow_venv/lib/python3.11/site-packages/airflow/example_dags/example_datasets.py
[2024-06-13T12:22:20.221+0200] {processor.py:830} INFO - Processing file /Users/noejalabert/airflow_venv/lib/python3.11/site-packages/airflow/example_dags/example_datasets.py for tasks to queue
[2024-06-13T12:22:20.221+0200] {logging_mixin.py:188} INFO - [2024-06-13T12:22:20.221+0200] {dagbag.py:540} INFO - Filling up the DagBag from /Users/noejalabert/airflow_venv/lib/python3.11/site-packages/airflow/example_dags/example_datasets.py
[2024-06-13T12:22:20.247+0200] {processor.py:840} INFO - DAG(s) 'dataset_consumes_1_never_scheduled', 'consume_1_and_2_with_dataset_expressions', 'dataset_produces_1', 'dataset_consumes_unknown_never_scheduled', 'consume_1_or_2_with_dataset_expressions', 'consume_1_or_both_2_and_3_with_dataset_expressions', 'dataset_consumes_1_and_2', 'conditional_dataset_and_time_based_timetable', 'dataset_consumes_1', 'dataset_produces_2' retrieved from /Users/noejalabert/airflow_venv/lib/python3.11/site-packages/airflow/example_dags/example_datasets.py
[2024-06-13T12:22:20.303+0200] {logging_mixin.py:188} INFO - [2024-06-13T12:22:20.303+0200] {dag.py:3096} INFO - Sync 10 DAGs
[2024-06-13T12:22:20.311+0200] {logging_mixin.py:188} INFO - [2024-06-13T12:22:20.311+0200] {dag.py:3954} INFO - Setting next_dagrun for conditional_dataset_and_time_based_timetable to 2024-06-12 01:00:00+00:00, run_after=2024-06-12 01:00:00+00:00
[2024-06-13T12:22:20.313+0200] {logging_mixin.py:188} INFO - [2024-06-13T12:22:20.313+0200] {dag.py:3954} INFO - Setting next_dagrun for consume_1_and_2_with_dataset_expressions to None, run_after=None
[2024-06-13T12:22:20.313+0200] {logging_mixin.py:188} INFO - [2024-06-13T12:22:20.313+0200] {dag.py:3954} INFO - Setting next_dagrun for consume_1_or_2_with_dataset_expressions to None, run_after=None
[2024-06-13T12:22:20.313+0200] {logging_mixin.py:188} INFO - [2024-06-13T12:22:20.313+0200] {dag.py:3954} INFO - Setting next_dagrun for consume_1_or_both_2_and_3_with_dataset_expressions to None, run_after=None
[2024-06-13T12:22:20.314+0200] {logging_mixin.py:188} INFO - [2024-06-13T12:22:20.314+0200] {dag.py:3954} INFO - Setting next_dagrun for dataset_consumes_1 to None, run_after=None
[2024-06-13T12:22:20.314+0200] {logging_mixin.py:188} INFO - [2024-06-13T12:22:20.314+0200] {dag.py:3954} INFO - Setting next_dagrun for dataset_consumes_1_and_2 to None, run_after=None
[2024-06-13T12:22:20.314+0200] {logging_mixin.py:188} INFO - [2024-06-13T12:22:20.314+0200] {dag.py:3954} INFO - Setting next_dagrun for dataset_consumes_1_never_scheduled to None, run_after=None
[2024-06-13T12:22:20.315+0200] {logging_mixin.py:188} INFO - [2024-06-13T12:22:20.315+0200] {dag.py:3954} INFO - Setting next_dagrun for dataset_consumes_unknown_never_scheduled to None, run_after=None
[2024-06-13T12:22:20.316+0200] {logging_mixin.py:188} INFO - [2024-06-13T12:22:20.316+0200] {dag.py:3954} INFO - Setting next_dagrun for dataset_produces_1 to 2024-06-12 00:00:00+00:00, run_after=2024-06-13 00:00:00+00:00
[2024-06-13T12:22:20.316+0200] {logging_mixin.py:188} INFO - [2024-06-13T12:22:20.316+0200] {dag.py:3954} INFO - Setting next_dagrun for dataset_produces_2 to None, run_after=None
[2024-06-13T12:22:20.327+0200] {processor.py:183} INFO - Processing /Users/noejalabert/airflow_venv/lib/python3.11/site-packages/airflow/example_dags/example_datasets.py took 0.109 seconds
[2024-06-13T12:23:46.184+0200] {processor.py:161} INFO - Started process (PID=2054) to work on /Users/noejalabert/airflow_venv/lib/python3.11/site-packages/airflow/example_dags/example_datasets.py
[2024-06-13T12:23:46.185+0200] {processor.py:830} INFO - Processing file /Users/noejalabert/airflow_venv/lib/python3.11/site-packages/airflow/example_dags/example_datasets.py for tasks to queue
[2024-06-13T12:23:46.186+0200] {logging_mixin.py:188} INFO - [2024-06-13T12:23:46.185+0200] {dagbag.py:540} INFO - Filling up the DagBag from /Users/noejalabert/airflow_venv/lib/python3.11/site-packages/airflow/example_dags/example_datasets.py
[2024-06-13T12:23:46.211+0200] {processor.py:840} INFO - DAG(s) 'consume_1_or_2_with_dataset_expressions', 'conditional_dataset_and_time_based_timetable', 'dataset_produces_2', 'dataset_produces_1', 'dataset_consumes_unknown_never_scheduled', 'consume_1_and_2_with_dataset_expressions', 'dataset_consumes_1', 'dataset_consumes_1_and_2', 'consume_1_or_both_2_and_3_with_dataset_expressions', 'dataset_consumes_1_never_scheduled' retrieved from /Users/noejalabert/airflow_venv/lib/python3.11/site-packages/airflow/example_dags/example_datasets.py
[2024-06-13T12:23:46.268+0200] {logging_mixin.py:188} INFO - [2024-06-13T12:23:46.268+0200] {dag.py:3096} INFO - Sync 10 DAGs
[2024-06-13T12:23:46.276+0200] {logging_mixin.py:188} INFO - [2024-06-13T12:23:46.276+0200] {dag.py:3954} INFO - Setting next_dagrun for conditional_dataset_and_time_based_timetable to 2024-06-12 01:00:00+00:00, run_after=2024-06-12 01:00:00+00:00
[2024-06-13T12:23:46.277+0200] {logging_mixin.py:188} INFO - [2024-06-13T12:23:46.277+0200] {dag.py:3954} INFO - Setting next_dagrun for consume_1_and_2_with_dataset_expressions to None, run_after=None
[2024-06-13T12:23:46.278+0200] {logging_mixin.py:188} INFO - [2024-06-13T12:23:46.278+0200] {dag.py:3954} INFO - Setting next_dagrun for consume_1_or_2_with_dataset_expressions to None, run_after=None
[2024-06-13T12:23:46.278+0200] {logging_mixin.py:188} INFO - [2024-06-13T12:23:46.278+0200] {dag.py:3954} INFO - Setting next_dagrun for consume_1_or_both_2_and_3_with_dataset_expressions to None, run_after=None
[2024-06-13T12:23:46.279+0200] {logging_mixin.py:188} INFO - [2024-06-13T12:23:46.278+0200] {dag.py:3954} INFO - Setting next_dagrun for dataset_consumes_1 to None, run_after=None
[2024-06-13T12:23:46.279+0200] {logging_mixin.py:188} INFO - [2024-06-13T12:23:46.279+0200] {dag.py:3954} INFO - Setting next_dagrun for dataset_consumes_1_and_2 to None, run_after=None
[2024-06-13T12:23:46.279+0200] {logging_mixin.py:188} INFO - [2024-06-13T12:23:46.279+0200] {dag.py:3954} INFO - Setting next_dagrun for dataset_consumes_1_never_scheduled to None, run_after=None
[2024-06-13T12:23:46.280+0200] {logging_mixin.py:188} INFO - [2024-06-13T12:23:46.279+0200] {dag.py:3954} INFO - Setting next_dagrun for dataset_consumes_unknown_never_scheduled to None, run_after=None
[2024-06-13T12:23:46.280+0200] {logging_mixin.py:188} INFO - [2024-06-13T12:23:46.280+0200] {dag.py:3954} INFO - Setting next_dagrun for dataset_produces_1 to 2024-06-12 00:00:00+00:00, run_after=2024-06-13 00:00:00+00:00
[2024-06-13T12:23:46.281+0200] {logging_mixin.py:188} INFO - [2024-06-13T12:23:46.281+0200] {dag.py:3954} INFO - Setting next_dagrun for dataset_produces_2 to None, run_after=None
[2024-06-13T12:23:46.292+0200] {processor.py:183} INFO - Processing /Users/noejalabert/airflow_venv/lib/python3.11/site-packages/airflow/example_dags/example_datasets.py took 0.109 seconds
