[2024-06-13T12:19:10.613+0200] {processor.py:161} INFO - Started process (PID=1671) to work on /Users/noejalabert/airflow_venv/lib/python3.11/site-packages/airflow/example_dags/example_latest_only.py
[2024-06-13T12:19:10.613+0200] {processor.py:830} INFO - Processing file /Users/noejalabert/airflow_venv/lib/python3.11/site-packages/airflow/example_dags/example_latest_only.py for tasks to queue
[2024-06-13T12:19:10.613+0200] {logging_mixin.py:188} INFO - [2024-06-13T12:19:10.613+0200] {dagbag.py:540} INFO - Filling up the DagBag from /Users/noejalabert/airflow_venv/lib/python3.11/site-packages/airflow/example_dags/example_latest_only.py
[2024-06-13T12:19:10.616+0200] {processor.py:840} INFO - DAG(s) 'latest_only' retrieved from /Users/noejalabert/airflow_venv/lib/python3.11/site-packages/airflow/example_dags/example_latest_only.py
[2024-06-13T12:19:10.697+0200] {logging_mixin.py:188} INFO - [2024-06-13T12:19:10.696+0200] {dag.py:3096} INFO - Sync 1 DAGs
[2024-06-13T12:19:10.703+0200] {logging_mixin.py:188} INFO - [2024-06-13T12:19:10.703+0200] {dag.py:3954} INFO - Setting next_dagrun for latest_only to 2024-06-13 04:00:00+00:00, run_after=2024-06-13 08:00:00+00:00
[2024-06-13T12:19:10.711+0200] {processor.py:183} INFO - Processing /Users/noejalabert/airflow_venv/lib/python3.11/site-packages/airflow/example_dags/example_latest_only.py took 0.100 seconds
[2024-06-13T12:20:39.251+0200] {processor.py:161} INFO - Started process (PID=1757) to work on /Users/noejalabert/airflow_venv/lib/python3.11/site-packages/airflow/example_dags/example_latest_only.py
[2024-06-13T12:20:39.252+0200] {processor.py:830} INFO - Processing file /Users/noejalabert/airflow_venv/lib/python3.11/site-packages/airflow/example_dags/example_latest_only.py for tasks to queue
[2024-06-13T12:20:39.252+0200] {logging_mixin.py:188} INFO - [2024-06-13T12:20:39.252+0200] {dagbag.py:540} INFO - Filling up the DagBag from /Users/noejalabert/airflow_venv/lib/python3.11/site-packages/airflow/example_dags/example_latest_only.py
[2024-06-13T12:20:39.255+0200] {processor.py:840} INFO - DAG(s) 'latest_only' retrieved from /Users/noejalabert/airflow_venv/lib/python3.11/site-packages/airflow/example_dags/example_latest_only.py
[2024-06-13T12:20:39.303+0200] {logging_mixin.py:188} INFO - [2024-06-13T12:20:39.303+0200] {dag.py:3096} INFO - Sync 1 DAGs
[2024-06-13T12:20:39.311+0200] {logging_mixin.py:188} INFO - [2024-06-13T12:20:39.311+0200] {dag.py:3954} INFO - Setting next_dagrun for latest_only to 2024-06-13 04:00:00+00:00, run_after=2024-06-13 08:00:00+00:00
[2024-06-13T12:20:39.318+0200] {processor.py:183} INFO - Processing /Users/noejalabert/airflow_venv/lib/python3.11/site-packages/airflow/example_dags/example_latest_only.py took 0.068 seconds
[2024-06-13T12:22:09.612+0200] {processor.py:161} INFO - Started process (PID=1913) to work on /Users/noejalabert/airflow_venv/lib/python3.11/site-packages/airflow/example_dags/example_latest_only.py
[2024-06-13T12:22:09.612+0200] {processor.py:830} INFO - Processing file /Users/noejalabert/airflow_venv/lib/python3.11/site-packages/airflow/example_dags/example_latest_only.py for tasks to queue
[2024-06-13T12:22:09.613+0200] {logging_mixin.py:188} INFO - [2024-06-13T12:22:09.613+0200] {dagbag.py:540} INFO - Filling up the DagBag from /Users/noejalabert/airflow_venv/lib/python3.11/site-packages/airflow/example_dags/example_latest_only.py
[2024-06-13T12:22:09.616+0200] {processor.py:840} INFO - DAG(s) 'latest_only' retrieved from /Users/noejalabert/airflow_venv/lib/python3.11/site-packages/airflow/example_dags/example_latest_only.py
[2024-06-13T12:22:09.663+0200] {logging_mixin.py:188} INFO - [2024-06-13T12:22:09.663+0200] {dag.py:3096} INFO - Sync 1 DAGs
[2024-06-13T12:22:09.671+0200] {logging_mixin.py:188} INFO - [2024-06-13T12:22:09.671+0200] {dag.py:3954} INFO - Setting next_dagrun for latest_only to 2024-06-13 04:00:00+00:00, run_after=2024-06-13 08:00:00+00:00
[2024-06-13T12:22:09.678+0200] {processor.py:183} INFO - Processing /Users/noejalabert/airflow_venv/lib/python3.11/site-packages/airflow/example_dags/example_latest_only.py took 0.068 seconds
[2024-06-13T12:23:35.324+0200] {processor.py:161} INFO - Started process (PID=2028) to work on /Users/noejalabert/airflow_venv/lib/python3.11/site-packages/airflow/example_dags/example_latest_only.py
[2024-06-13T12:23:35.324+0200] {processor.py:830} INFO - Processing file /Users/noejalabert/airflow_venv/lib/python3.11/site-packages/airflow/example_dags/example_latest_only.py for tasks to queue
[2024-06-13T12:23:35.325+0200] {logging_mixin.py:188} INFO - [2024-06-13T12:23:35.325+0200] {dagbag.py:540} INFO - Filling up the DagBag from /Users/noejalabert/airflow_venv/lib/python3.11/site-packages/airflow/example_dags/example_latest_only.py
[2024-06-13T12:23:35.328+0200] {processor.py:840} INFO - DAG(s) 'latest_only' retrieved from /Users/noejalabert/airflow_venv/lib/python3.11/site-packages/airflow/example_dags/example_latest_only.py
[2024-06-13T12:23:35.375+0200] {logging_mixin.py:188} INFO - [2024-06-13T12:23:35.375+0200] {dag.py:3096} INFO - Sync 1 DAGs
[2024-06-13T12:23:35.383+0200] {logging_mixin.py:188} INFO - [2024-06-13T12:23:35.383+0200] {dag.py:3954} INFO - Setting next_dagrun for latest_only to 2024-06-13 04:00:00+00:00, run_after=2024-06-13 08:00:00+00:00
[2024-06-13T12:23:35.390+0200] {processor.py:183} INFO - Processing /Users/noejalabert/airflow_venv/lib/python3.11/site-packages/airflow/example_dags/example_latest_only.py took 0.068 seconds
[2024-06-13T12:25:03.546+0200] {processor.py:161} INFO - Started process (PID=2290) to work on /Users/noejalabert/airflow_venv/lib/python3.11/site-packages/airflow/example_dags/example_latest_only.py
[2024-06-13T12:25:03.548+0200] {processor.py:830} INFO - Processing file /Users/noejalabert/airflow_venv/lib/python3.11/site-packages/airflow/example_dags/example_latest_only.py for tasks to queue
[2024-06-13T12:25:03.548+0200] {logging_mixin.py:188} INFO - [2024-06-13T12:25:03.548+0200] {dagbag.py:540} INFO - Filling up the DagBag from /Users/noejalabert/airflow_venv/lib/python3.11/site-packages/airflow/example_dags/example_latest_only.py
[2024-06-13T12:25:03.554+0200] {processor.py:840} INFO - DAG(s) 'latest_only' retrieved from /Users/noejalabert/airflow_venv/lib/python3.11/site-packages/airflow/example_dags/example_latest_only.py
[2024-06-13T12:25:03.615+0200] {logging_mixin.py:188} INFO - [2024-06-13T12:25:03.615+0200] {dag.py:3096} INFO - Sync 1 DAGs
[2024-06-13T12:25:03.623+0200] {logging_mixin.py:188} INFO - [2024-06-13T12:25:03.623+0200] {dag.py:3954} INFO - Setting next_dagrun for latest_only to 2024-06-13 04:00:00+00:00, run_after=2024-06-13 08:00:00+00:00
[2024-06-13T12:25:03.631+0200] {processor.py:183} INFO - Processing /Users/noejalabert/airflow_venv/lib/python3.11/site-packages/airflow/example_dags/example_latest_only.py took 0.087 seconds
