[2024-06-13T12:19:08.754+0200] {processor.py:161} INFO - Started process (PID=1670) to work on /Users/noejalabert/airflow_venv/lib/python3.11/site-packages/airflow/example_dags/example_latest_only_with_trigger.py
[2024-06-13T12:19:08.754+0200] {processor.py:830} INFO - Processing file /Users/noejalabert/airflow_venv/lib/python3.11/site-packages/airflow/example_dags/example_latest_only_with_trigger.py for tasks to queue
[2024-06-13T12:19:08.754+0200] {logging_mixin.py:188} INFO - [2024-06-13T12:19:08.754+0200] {dagbag.py:540} INFO - Filling up the DagBag from /Users/noejalabert/airflow_venv/lib/python3.11/site-packages/airflow/example_dags/example_latest_only_with_trigger.py
[2024-06-13T12:19:08.758+0200] {processor.py:840} INFO - DAG(s) 'latest_only_with_trigger' retrieved from /Users/noejalabert/airflow_venv/lib/python3.11/site-packages/airflow/example_dags/example_latest_only_with_trigger.py
[2024-06-13T12:19:08.838+0200] {logging_mixin.py:188} INFO - [2024-06-13T12:19:08.838+0200] {dag.py:3096} INFO - Sync 1 DAGs
[2024-06-13T12:19:08.844+0200] {logging_mixin.py:188} INFO - [2024-06-13T12:19:08.844+0200] {dag.py:3954} INFO - Setting next_dagrun for latest_only_with_trigger to 2024-06-13 04:00:00+00:00, run_after=2024-06-13 08:00:00+00:00
[2024-06-13T12:19:08.853+0200] {processor.py:183} INFO - Processing /Users/noejalabert/airflow_venv/lib/python3.11/site-packages/airflow/example_dags/example_latest_only_with_trigger.py took 0.100 seconds
[2024-06-13T12:20:37.552+0200] {processor.py:161} INFO - Started process (PID=1756) to work on /Users/noejalabert/airflow_venv/lib/python3.11/site-packages/airflow/example_dags/example_latest_only_with_trigger.py
[2024-06-13T12:20:37.553+0200] {processor.py:830} INFO - Processing file /Users/noejalabert/airflow_venv/lib/python3.11/site-packages/airflow/example_dags/example_latest_only_with_trigger.py for tasks to queue
[2024-06-13T12:20:37.553+0200] {logging_mixin.py:188} INFO - [2024-06-13T12:20:37.553+0200] {dagbag.py:540} INFO - Filling up the DagBag from /Users/noejalabert/airflow_venv/lib/python3.11/site-packages/airflow/example_dags/example_latest_only_with_trigger.py
[2024-06-13T12:20:37.556+0200] {processor.py:840} INFO - DAG(s) 'latest_only_with_trigger' retrieved from /Users/noejalabert/airflow_venv/lib/python3.11/site-packages/airflow/example_dags/example_latest_only_with_trigger.py
[2024-06-13T12:20:37.602+0200] {logging_mixin.py:188} INFO - [2024-06-13T12:20:37.602+0200] {dag.py:3096} INFO - Sync 1 DAGs
[2024-06-13T12:20:37.610+0200] {logging_mixin.py:188} INFO - [2024-06-13T12:20:37.610+0200] {dag.py:3954} INFO - Setting next_dagrun for latest_only_with_trigger to 2024-06-13 04:00:00+00:00, run_after=2024-06-13 08:00:00+00:00
[2024-06-13T12:20:37.617+0200] {processor.py:183} INFO - Processing /Users/noejalabert/airflow_venv/lib/python3.11/site-packages/airflow/example_dags/example_latest_only_with_trigger.py took 0.066 seconds
[2024-06-13T12:22:07.760+0200] {processor.py:161} INFO - Started process (PID=1912) to work on /Users/noejalabert/airflow_venv/lib/python3.11/site-packages/airflow/example_dags/example_latest_only_with_trigger.py
[2024-06-13T12:22:07.761+0200] {processor.py:830} INFO - Processing file /Users/noejalabert/airflow_venv/lib/python3.11/site-packages/airflow/example_dags/example_latest_only_with_trigger.py for tasks to queue
[2024-06-13T12:22:07.761+0200] {logging_mixin.py:188} INFO - [2024-06-13T12:22:07.761+0200] {dagbag.py:540} INFO - Filling up the DagBag from /Users/noejalabert/airflow_venv/lib/python3.11/site-packages/airflow/example_dags/example_latest_only_with_trigger.py
[2024-06-13T12:22:07.765+0200] {processor.py:840} INFO - DAG(s) 'latest_only_with_trigger' retrieved from /Users/noejalabert/airflow_venv/lib/python3.11/site-packages/airflow/example_dags/example_latest_only_with_trigger.py
[2024-06-13T12:22:07.813+0200] {logging_mixin.py:188} INFO - [2024-06-13T12:22:07.812+0200] {dag.py:3096} INFO - Sync 1 DAGs
[2024-06-13T12:22:07.820+0200] {logging_mixin.py:188} INFO - [2024-06-13T12:22:07.820+0200] {dag.py:3954} INFO - Setting next_dagrun for latest_only_with_trigger to 2024-06-13 04:00:00+00:00, run_after=2024-06-13 08:00:00+00:00
[2024-06-13T12:22:07.828+0200] {processor.py:183} INFO - Processing /Users/noejalabert/airflow_venv/lib/python3.11/site-packages/airflow/example_dags/example_latest_only_with_trigger.py took 0.069 seconds
[2024-06-13T12:23:33.443+0200] {processor.py:161} INFO - Started process (PID=2025) to work on /Users/noejalabert/airflow_venv/lib/python3.11/site-packages/airflow/example_dags/example_latest_only_with_trigger.py
[2024-06-13T12:23:33.444+0200] {processor.py:830} INFO - Processing file /Users/noejalabert/airflow_venv/lib/python3.11/site-packages/airflow/example_dags/example_latest_only_with_trigger.py for tasks to queue
[2024-06-13T12:23:33.444+0200] {logging_mixin.py:188} INFO - [2024-06-13T12:23:33.444+0200] {dagbag.py:540} INFO - Filling up the DagBag from /Users/noejalabert/airflow_venv/lib/python3.11/site-packages/airflow/example_dags/example_latest_only_with_trigger.py
[2024-06-13T12:23:33.448+0200] {processor.py:840} INFO - DAG(s) 'latest_only_with_trigger' retrieved from /Users/noejalabert/airflow_venv/lib/python3.11/site-packages/airflow/example_dags/example_latest_only_with_trigger.py
[2024-06-13T12:23:33.498+0200] {logging_mixin.py:188} INFO - [2024-06-13T12:23:33.497+0200] {dag.py:3096} INFO - Sync 1 DAGs
[2024-06-13T12:23:33.505+0200] {logging_mixin.py:188} INFO - [2024-06-13T12:23:33.505+0200] {dag.py:3954} INFO - Setting next_dagrun for latest_only_with_trigger to 2024-06-13 04:00:00+00:00, run_after=2024-06-13 08:00:00+00:00
[2024-06-13T12:23:33.512+0200] {processor.py:183} INFO - Processing /Users/noejalabert/airflow_venv/lib/python3.11/site-packages/airflow/example_dags/example_latest_only_with_trigger.py took 0.071 seconds
[2024-06-13T12:25:01.597+0200] {processor.py:161} INFO - Started process (PID=2285) to work on /Users/noejalabert/airflow_venv/lib/python3.11/site-packages/airflow/example_dags/example_latest_only_with_trigger.py
[2024-06-13T12:25:01.597+0200] {processor.py:830} INFO - Processing file /Users/noejalabert/airflow_venv/lib/python3.11/site-packages/airflow/example_dags/example_latest_only_with_trigger.py for tasks to queue
[2024-06-13T12:25:01.598+0200] {logging_mixin.py:188} INFO - [2024-06-13T12:25:01.598+0200] {dagbag.py:540} INFO - Filling up the DagBag from /Users/noejalabert/airflow_venv/lib/python3.11/site-packages/airflow/example_dags/example_latest_only_with_trigger.py
[2024-06-13T12:25:01.602+0200] {processor.py:840} INFO - DAG(s) 'latest_only_with_trigger' retrieved from /Users/noejalabert/airflow_venv/lib/python3.11/site-packages/airflow/example_dags/example_latest_only_with_trigger.py
[2024-06-13T12:25:01.657+0200] {logging_mixin.py:188} INFO - [2024-06-13T12:25:01.657+0200] {dag.py:3096} INFO - Sync 1 DAGs
[2024-06-13T12:25:01.665+0200] {logging_mixin.py:188} INFO - [2024-06-13T12:25:01.665+0200] {dag.py:3954} INFO - Setting next_dagrun for latest_only_with_trigger to 2024-06-13 04:00:00+00:00, run_after=2024-06-13 08:00:00+00:00
[2024-06-13T12:25:01.673+0200] {processor.py:183} INFO - Processing /Users/noejalabert/airflow_venv/lib/python3.11/site-packages/airflow/example_dags/example_latest_only_with_trigger.py took 0.078 seconds
[2024-06-13T14:01:09.203+0200] {processor.py:161} INFO - Started process (PID=2785) to work on /Users/noejalabert/airflow_venv/lib/python3.11/site-packages/airflow/example_dags/example_latest_only_with_trigger.py
[2024-06-13T14:01:09.204+0200] {processor.py:830} INFO - Processing file /Users/noejalabert/airflow_venv/lib/python3.11/site-packages/airflow/example_dags/example_latest_only_with_trigger.py for tasks to queue
[2024-06-13T14:01:09.204+0200] {logging_mixin.py:188} INFO - [2024-06-13T14:01:09.204+0200] {dagbag.py:540} INFO - Filling up the DagBag from /Users/noejalabert/airflow_venv/lib/python3.11/site-packages/airflow/example_dags/example_latest_only_with_trigger.py
[2024-06-13T14:01:09.207+0200] {processor.py:840} INFO - DAG(s) 'latest_only_with_trigger' retrieved from /Users/noejalabert/airflow_venv/lib/python3.11/site-packages/airflow/example_dags/example_latest_only_with_trigger.py
[2024-06-13T14:01:09.287+0200] {logging_mixin.py:188} INFO - [2024-06-13T14:01:09.287+0200] {dag.py:3096} INFO - Sync 1 DAGs
[2024-06-13T14:01:09.294+0200] {logging_mixin.py:188} INFO - [2024-06-13T14:01:09.293+0200] {dag.py:3954} INFO - Setting next_dagrun for latest_only_with_trigger to 2024-06-13 08:00:00+00:00, run_after=2024-06-13 12:00:00+00:00
[2024-06-13T14:01:09.302+0200] {processor.py:183} INFO - Processing /Users/noejalabert/airflow_venv/lib/python3.11/site-packages/airflow/example_dags/example_latest_only_with_trigger.py took 0.100 seconds
