[2024-06-13T12:19:24.515+0200] {processor.py:161} INFO - Started process (PID=1688) to work on /Users/noejalabert/airflow_venv/lib/python3.11/site-packages/airflow/example_dags/example_complex.py
[2024-06-13T12:19:24.516+0200] {processor.py:830} INFO - Processing file /Users/noejalabert/airflow_venv/lib/python3.11/site-packages/airflow/example_dags/example_complex.py for tasks to queue
[2024-06-13T12:19:24.516+0200] {logging_mixin.py:188} INFO - [2024-06-13T12:19:24.516+0200] {dagbag.py:540} INFO - Filling up the DagBag from /Users/noejalabert/airflow_venv/lib/python3.11/site-packages/airflow/example_dags/example_complex.py
[2024-06-13T12:19:24.521+0200] {processor.py:840} INFO - DAG(s) 'example_complex' retrieved from /Users/noejalabert/airflow_venv/lib/python3.11/site-packages/airflow/example_dags/example_complex.py
[2024-06-13T12:19:24.606+0200] {logging_mixin.py:188} INFO - [2024-06-13T12:19:24.606+0200] {dag.py:3096} INFO - Sync 1 DAGs
[2024-06-13T12:19:24.609+0200] {logging_mixin.py:188} INFO - [2024-06-13T12:19:24.609+0200] {dag.py:3954} INFO - Setting next_dagrun for example_complex to None, run_after=None
[2024-06-13T12:19:24.617+0200] {processor.py:183} INFO - Processing /Users/noejalabert/airflow_venv/lib/python3.11/site-packages/airflow/example_dags/example_complex.py took 0.104 seconds
[2024-06-13T12:20:53.579+0200] {processor.py:161} INFO - Started process (PID=1770) to work on /Users/noejalabert/airflow_venv/lib/python3.11/site-packages/airflow/example_dags/example_complex.py
[2024-06-13T12:20:53.579+0200] {processor.py:830} INFO - Processing file /Users/noejalabert/airflow_venv/lib/python3.11/site-packages/airflow/example_dags/example_complex.py for tasks to queue
[2024-06-13T12:20:53.580+0200] {logging_mixin.py:188} INFO - [2024-06-13T12:20:53.580+0200] {dagbag.py:540} INFO - Filling up the DagBag from /Users/noejalabert/airflow_venv/lib/python3.11/site-packages/airflow/example_dags/example_complex.py
[2024-06-13T12:20:53.586+0200] {processor.py:840} INFO - DAG(s) 'example_complex' retrieved from /Users/noejalabert/airflow_venv/lib/python3.11/site-packages/airflow/example_dags/example_complex.py
[2024-06-13T12:20:53.642+0200] {logging_mixin.py:188} INFO - [2024-06-13T12:20:53.642+0200] {dag.py:3096} INFO - Sync 1 DAGs
[2024-06-13T12:20:53.647+0200] {logging_mixin.py:188} INFO - [2024-06-13T12:20:53.647+0200] {dag.py:3954} INFO - Setting next_dagrun for example_complex to None, run_after=None
[2024-06-13T12:20:53.655+0200] {processor.py:183} INFO - Processing /Users/noejalabert/airflow_venv/lib/python3.11/site-packages/airflow/example_dags/example_complex.py took 0.078 seconds
[2024-06-13T12:22:23.895+0200] {processor.py:161} INFO - Started process (PID=1927) to work on /Users/noejalabert/airflow_venv/lib/python3.11/site-packages/airflow/example_dags/example_complex.py
[2024-06-13T12:22:23.896+0200] {processor.py:830} INFO - Processing file /Users/noejalabert/airflow_venv/lib/python3.11/site-packages/airflow/example_dags/example_complex.py for tasks to queue
[2024-06-13T12:22:23.896+0200] {logging_mixin.py:188} INFO - [2024-06-13T12:22:23.896+0200] {dagbag.py:540} INFO - Filling up the DagBag from /Users/noejalabert/airflow_venv/lib/python3.11/site-packages/airflow/example_dags/example_complex.py
[2024-06-13T12:22:23.902+0200] {processor.py:840} INFO - DAG(s) 'example_complex' retrieved from /Users/noejalabert/airflow_venv/lib/python3.11/site-packages/airflow/example_dags/example_complex.py
[2024-06-13T12:22:23.956+0200] {logging_mixin.py:188} INFO - [2024-06-13T12:22:23.956+0200] {dag.py:3096} INFO - Sync 1 DAGs
[2024-06-13T12:22:23.961+0200] {logging_mixin.py:188} INFO - [2024-06-13T12:22:23.961+0200] {dag.py:3954} INFO - Setting next_dagrun for example_complex to None, run_after=None
[2024-06-13T12:22:23.971+0200] {processor.py:183} INFO - Processing /Users/noejalabert/airflow_venv/lib/python3.11/site-packages/airflow/example_dags/example_complex.py took 0.077 seconds
[2024-06-13T12:23:50.122+0200] {processor.py:161} INFO - Started process (PID=2057) to work on /Users/noejalabert/airflow_venv/lib/python3.11/site-packages/airflow/example_dags/example_complex.py
[2024-06-13T12:23:50.122+0200] {processor.py:830} INFO - Processing file /Users/noejalabert/airflow_venv/lib/python3.11/site-packages/airflow/example_dags/example_complex.py for tasks to queue
[2024-06-13T12:23:50.123+0200] {logging_mixin.py:188} INFO - [2024-06-13T12:23:50.123+0200] {dagbag.py:540} INFO - Filling up the DagBag from /Users/noejalabert/airflow_venv/lib/python3.11/site-packages/airflow/example_dags/example_complex.py
[2024-06-13T12:23:50.129+0200] {processor.py:840} INFO - DAG(s) 'example_complex' retrieved from /Users/noejalabert/airflow_venv/lib/python3.11/site-packages/airflow/example_dags/example_complex.py
[2024-06-13T12:23:50.201+0200] {logging_mixin.py:188} INFO - [2024-06-13T12:23:50.201+0200] {dag.py:3096} INFO - Sync 1 DAGs
[2024-06-13T12:23:50.207+0200] {logging_mixin.py:188} INFO - [2024-06-13T12:23:50.207+0200] {dag.py:3954} INFO - Setting next_dagrun for example_complex to None, run_after=None
[2024-06-13T12:23:50.215+0200] {processor.py:183} INFO - Processing /Users/noejalabert/airflow_venv/lib/python3.11/site-packages/airflow/example_dags/example_complex.py took 0.095 seconds
