[2024-06-13T12:18:28.746+0200] {processor.py:161} INFO - Started process (PID=1613) to work on /Users/noejalabert/airflow_venv/lib/python3.11/site-packages/airflow/example_dags/example_task_group.py
[2024-06-13T12:18:28.747+0200] {processor.py:830} INFO - Processing file /Users/noejalabert/airflow_venv/lib/python3.11/site-packages/airflow/example_dags/example_task_group.py for tasks to queue
[2024-06-13T12:18:28.747+0200] {logging_mixin.py:188} INFO - [2024-06-13T12:18:28.747+0200] {dagbag.py:540} INFO - Filling up the DagBag from /Users/noejalabert/airflow_venv/lib/python3.11/site-packages/airflow/example_dags/example_task_group.py
[2024-06-13T12:18:28.751+0200] {processor.py:840} INFO - DAG(s) 'example_task_group' retrieved from /Users/noejalabert/airflow_venv/lib/python3.11/site-packages/airflow/example_dags/example_task_group.py
[2024-06-13T12:18:28.837+0200] {logging_mixin.py:188} INFO - [2024-06-13T12:18:28.837+0200] {dag.py:3096} INFO - Sync 1 DAGs
[2024-06-13T12:18:28.844+0200] {logging_mixin.py:188} INFO - [2024-06-13T12:18:28.843+0200] {dag.py:3954} INFO - Setting next_dagrun for example_task_group to 2024-06-12 00:00:00+00:00, run_after=2024-06-13 00:00:00+00:00
[2024-06-13T12:18:28.852+0200] {processor.py:183} INFO - Processing /Users/noejalabert/airflow_venv/lib/python3.11/site-packages/airflow/example_dags/example_task_group.py took 0.107 seconds
[2024-06-13T12:20:07.729+0200] {processor.py:161} INFO - Started process (PID=1725) to work on /Users/noejalabert/airflow_venv/lib/python3.11/site-packages/airflow/example_dags/example_task_group.py
[2024-06-13T12:20:07.730+0200] {processor.py:830} INFO - Processing file /Users/noejalabert/airflow_venv/lib/python3.11/site-packages/airflow/example_dags/example_task_group.py for tasks to queue
[2024-06-13T12:20:07.730+0200] {logging_mixin.py:188} INFO - [2024-06-13T12:20:07.730+0200] {dagbag.py:540} INFO - Filling up the DagBag from /Users/noejalabert/airflow_venv/lib/python3.11/site-packages/airflow/example_dags/example_task_group.py
[2024-06-13T12:20:07.734+0200] {processor.py:840} INFO - DAG(s) 'example_task_group' retrieved from /Users/noejalabert/airflow_venv/lib/python3.11/site-packages/airflow/example_dags/example_task_group.py
[2024-06-13T12:20:07.789+0200] {logging_mixin.py:188} INFO - [2024-06-13T12:20:07.788+0200] {dag.py:3096} INFO - Sync 1 DAGs
[2024-06-13T12:20:07.796+0200] {logging_mixin.py:188} INFO - [2024-06-13T12:20:07.796+0200] {dag.py:3954} INFO - Setting next_dagrun for example_task_group to 2024-06-12 00:00:00+00:00, run_after=2024-06-13 00:00:00+00:00
[2024-06-13T12:20:07.804+0200] {processor.py:183} INFO - Processing /Users/noejalabert/airflow_venv/lib/python3.11/site-packages/airflow/example_dags/example_task_group.py took 0.076 seconds
[2024-06-13T12:21:35.712+0200] {processor.py:161} INFO - Started process (PID=1860) to work on /Users/noejalabert/airflow_venv/lib/python3.11/site-packages/airflow/example_dags/example_task_group.py
[2024-06-13T12:21:35.713+0200] {processor.py:830} INFO - Processing file /Users/noejalabert/airflow_venv/lib/python3.11/site-packages/airflow/example_dags/example_task_group.py for tasks to queue
[2024-06-13T12:21:35.713+0200] {logging_mixin.py:188} INFO - [2024-06-13T12:21:35.713+0200] {dagbag.py:540} INFO - Filling up the DagBag from /Users/noejalabert/airflow_venv/lib/python3.11/site-packages/airflow/example_dags/example_task_group.py
[2024-06-13T12:21:35.717+0200] {processor.py:840} INFO - DAG(s) 'example_task_group' retrieved from /Users/noejalabert/airflow_venv/lib/python3.11/site-packages/airflow/example_dags/example_task_group.py
[2024-06-13T12:21:35.764+0200] {logging_mixin.py:188} INFO - [2024-06-13T12:21:35.764+0200] {dag.py:3096} INFO - Sync 1 DAGs
[2024-06-13T12:21:35.772+0200] {logging_mixin.py:188} INFO - [2024-06-13T12:21:35.771+0200] {dag.py:3954} INFO - Setting next_dagrun for example_task_group to 2024-06-12 00:00:00+00:00, run_after=2024-06-13 00:00:00+00:00
[2024-06-13T12:21:35.780+0200] {processor.py:183} INFO - Processing /Users/noejalabert/airflow_venv/lib/python3.11/site-packages/airflow/example_dags/example_task_group.py took 0.069 seconds
[2024-06-13T12:23:03.583+0200] {processor.py:161} INFO - Started process (PID=1971) to work on /Users/noejalabert/airflow_venv/lib/python3.11/site-packages/airflow/example_dags/example_task_group.py
[2024-06-13T12:23:03.584+0200] {processor.py:830} INFO - Processing file /Users/noejalabert/airflow_venv/lib/python3.11/site-packages/airflow/example_dags/example_task_group.py for tasks to queue
[2024-06-13T12:23:03.585+0200] {logging_mixin.py:188} INFO - [2024-06-13T12:23:03.585+0200] {dagbag.py:540} INFO - Filling up the DagBag from /Users/noejalabert/airflow_venv/lib/python3.11/site-packages/airflow/example_dags/example_task_group.py
[2024-06-13T12:23:03.588+0200] {processor.py:840} INFO - DAG(s) 'example_task_group' retrieved from /Users/noejalabert/airflow_venv/lib/python3.11/site-packages/airflow/example_dags/example_task_group.py
[2024-06-13T12:23:03.635+0200] {logging_mixin.py:188} INFO - [2024-06-13T12:23:03.635+0200] {dag.py:3096} INFO - Sync 1 DAGs
[2024-06-13T12:23:03.643+0200] {logging_mixin.py:188} INFO - [2024-06-13T12:23:03.643+0200] {dag.py:3954} INFO - Setting next_dagrun for example_task_group to 2024-06-12 00:00:00+00:00, run_after=2024-06-13 00:00:00+00:00
[2024-06-13T12:23:03.650+0200] {processor.py:183} INFO - Processing /Users/noejalabert/airflow_venv/lib/python3.11/site-packages/airflow/example_dags/example_task_group.py took 0.068 seconds
[2024-06-13T12:24:32.843+0200] {processor.py:161} INFO - Started process (PID=2121) to work on /Users/noejalabert/airflow_venv/lib/python3.11/site-packages/airflow/example_dags/example_task_group.py
[2024-06-13T12:24:32.844+0200] {processor.py:830} INFO - Processing file /Users/noejalabert/airflow_venv/lib/python3.11/site-packages/airflow/example_dags/example_task_group.py for tasks to queue
[2024-06-13T12:24:32.844+0200] {logging_mixin.py:188} INFO - [2024-06-13T12:24:32.844+0200] {dagbag.py:540} INFO - Filling up the DagBag from /Users/noejalabert/airflow_venv/lib/python3.11/site-packages/airflow/example_dags/example_task_group.py
[2024-06-13T12:24:32.848+0200] {processor.py:840} INFO - DAG(s) 'example_task_group' retrieved from /Users/noejalabert/airflow_venv/lib/python3.11/site-packages/airflow/example_dags/example_task_group.py
[2024-06-13T12:24:32.898+0200] {logging_mixin.py:188} INFO - [2024-06-13T12:24:32.898+0200] {dag.py:3096} INFO - Sync 1 DAGs
[2024-06-13T12:24:32.906+0200] {logging_mixin.py:188} INFO - [2024-06-13T12:24:32.905+0200] {dag.py:3954} INFO - Setting next_dagrun for example_task_group to 2024-06-12 00:00:00+00:00, run_after=2024-06-13 00:00:00+00:00
[2024-06-13T12:24:32.913+0200] {processor.py:183} INFO - Processing /Users/noejalabert/airflow_venv/lib/python3.11/site-packages/airflow/example_dags/example_task_group.py took 0.072 seconds
