[2024-06-13T12:18:14.492+0200] {processor.py:161} INFO - Started process (PID=1594) to work on /Users/noejalabert/airflow_venv/lib/python3.11/site-packages/airflow/example_dags/tutorial_dag.py
[2024-06-13T12:18:14.493+0200] {processor.py:830} INFO - Processing file /Users/noejalabert/airflow_venv/lib/python3.11/site-packages/airflow/example_dags/tutorial_dag.py for tasks to queue
[2024-06-13T12:18:14.493+0200] {logging_mixin.py:188} INFO - [2024-06-13T12:18:14.493+0200] {dagbag.py:540} INFO - Filling up the DagBag from /Users/noejalabert/airflow_venv/lib/python3.11/site-packages/airflow/example_dags/tutorial_dag.py
[2024-06-13T12:18:14.504+0200] {processor.py:840} INFO - DAG(s) 'tutorial_dag' retrieved from /Users/noejalabert/airflow_venv/lib/python3.11/site-packages/airflow/example_dags/tutorial_dag.py
[2024-06-13T12:18:14.514+0200] {logging_mixin.py:188} INFO - [2024-06-13T12:18:14.514+0200] {dag.py:3096} INFO - Sync 1 DAGs
[2024-06-13T12:18:14.548+0200] {logging_mixin.py:188} INFO - [2024-06-13T12:18:14.548+0200] {dag.py:3954} INFO - Setting next_dagrun for tutorial_dag to None, run_after=None
[2024-06-13T12:18:14.556+0200] {processor.py:183} INFO - Processing /Users/noejalabert/airflow_venv/lib/python3.11/site-packages/airflow/example_dags/tutorial_dag.py took 0.065 seconds
[2024-06-13T12:19:55.876+0200] {processor.py:161} INFO - Started process (PID=1716) to work on /Users/noejalabert/airflow_venv/lib/python3.11/site-packages/airflow/example_dags/tutorial_dag.py
[2024-06-13T12:19:55.877+0200] {processor.py:830} INFO - Processing file /Users/noejalabert/airflow_venv/lib/python3.11/site-packages/airflow/example_dags/tutorial_dag.py for tasks to queue
[2024-06-13T12:19:55.877+0200] {logging_mixin.py:188} INFO - [2024-06-13T12:19:55.877+0200] {dagbag.py:540} INFO - Filling up the DagBag from /Users/noejalabert/airflow_venv/lib/python3.11/site-packages/airflow/example_dags/tutorial_dag.py
[2024-06-13T12:19:55.888+0200] {processor.py:840} INFO - DAG(s) 'tutorial_dag' retrieved from /Users/noejalabert/airflow_venv/lib/python3.11/site-packages/airflow/example_dags/tutorial_dag.py
[2024-06-13T12:19:55.967+0200] {logging_mixin.py:188} INFO - [2024-06-13T12:19:55.966+0200] {dag.py:3096} INFO - Sync 1 DAGs
[2024-06-13T12:19:55.995+0200] {logging_mixin.py:188} INFO - [2024-06-13T12:19:55.995+0200] {dag.py:3954} INFO - Setting next_dagrun for tutorial_dag to None, run_after=None
[2024-06-13T12:19:56.003+0200] {processor.py:183} INFO - Processing /Users/noejalabert/airflow_venv/lib/python3.11/site-packages/airflow/example_dags/tutorial_dag.py took 0.128 seconds
[2024-06-13T12:21:21.496+0200] {processor.py:161} INFO - Started process (PID=1847) to work on /Users/noejalabert/airflow_venv/lib/python3.11/site-packages/airflow/example_dags/tutorial_dag.py
[2024-06-13T12:21:21.496+0200] {processor.py:830} INFO - Processing file /Users/noejalabert/airflow_venv/lib/python3.11/site-packages/airflow/example_dags/tutorial_dag.py for tasks to queue
[2024-06-13T12:21:21.496+0200] {logging_mixin.py:188} INFO - [2024-06-13T12:21:21.496+0200] {dagbag.py:540} INFO - Filling up the DagBag from /Users/noejalabert/airflow_venv/lib/python3.11/site-packages/airflow/example_dags/tutorial_dag.py
[2024-06-13T12:21:21.507+0200] {processor.py:840} INFO - DAG(s) 'tutorial_dag' retrieved from /Users/noejalabert/airflow_venv/lib/python3.11/site-packages/airflow/example_dags/tutorial_dag.py
[2024-06-13T12:21:21.556+0200] {logging_mixin.py:188} INFO - [2024-06-13T12:21:21.556+0200] {dag.py:3096} INFO - Sync 1 DAGs
[2024-06-13T12:21:21.560+0200] {logging_mixin.py:188} INFO - [2024-06-13T12:21:21.560+0200] {dag.py:3954} INFO - Setting next_dagrun for tutorial_dag to None, run_after=None
[2024-06-13T12:21:21.568+0200] {processor.py:183} INFO - Processing /Users/noejalabert/airflow_venv/lib/python3.11/site-packages/airflow/example_dags/tutorial_dag.py took 0.074 seconds
[2024-06-13T12:22:51.929+0200] {processor.py:161} INFO - Started process (PID=1960) to work on /Users/noejalabert/airflow_venv/lib/python3.11/site-packages/airflow/example_dags/tutorial_dag.py
[2024-06-13T12:22:51.930+0200] {processor.py:830} INFO - Processing file /Users/noejalabert/airflow_venv/lib/python3.11/site-packages/airflow/example_dags/tutorial_dag.py for tasks to queue
[2024-06-13T12:22:51.930+0200] {logging_mixin.py:188} INFO - [2024-06-13T12:22:51.930+0200] {dagbag.py:540} INFO - Filling up the DagBag from /Users/noejalabert/airflow_venv/lib/python3.11/site-packages/airflow/example_dags/tutorial_dag.py
[2024-06-13T12:22:51.942+0200] {processor.py:840} INFO - DAG(s) 'tutorial_dag' retrieved from /Users/noejalabert/airflow_venv/lib/python3.11/site-packages/airflow/example_dags/tutorial_dag.py
[2024-06-13T12:22:51.987+0200] {logging_mixin.py:188} INFO - [2024-06-13T12:22:51.986+0200] {dag.py:3096} INFO - Sync 1 DAGs
[2024-06-13T12:22:51.991+0200] {logging_mixin.py:188} INFO - [2024-06-13T12:22:51.990+0200] {dag.py:3954} INFO - Setting next_dagrun for tutorial_dag to None, run_after=None
[2024-06-13T12:22:51.998+0200] {processor.py:183} INFO - Processing /Users/noejalabert/airflow_venv/lib/python3.11/site-packages/airflow/example_dags/tutorial_dag.py took 0.071 seconds
[2024-06-13T12:24:20.426+0200] {processor.py:161} INFO - Started process (PID=2102) to work on /Users/noejalabert/airflow_venv/lib/python3.11/site-packages/airflow/example_dags/tutorial_dag.py
[2024-06-13T12:24:20.427+0200] {processor.py:830} INFO - Processing file /Users/noejalabert/airflow_venv/lib/python3.11/site-packages/airflow/example_dags/tutorial_dag.py for tasks to queue
[2024-06-13T12:24:20.427+0200] {logging_mixin.py:188} INFO - [2024-06-13T12:24:20.427+0200] {dagbag.py:540} INFO - Filling up the DagBag from /Users/noejalabert/airflow_venv/lib/python3.11/site-packages/airflow/example_dags/tutorial_dag.py
[2024-06-13T12:24:20.439+0200] {processor.py:840} INFO - DAG(s) 'tutorial_dag' retrieved from /Users/noejalabert/airflow_venv/lib/python3.11/site-packages/airflow/example_dags/tutorial_dag.py
[2024-06-13T12:24:20.485+0200] {logging_mixin.py:188} INFO - [2024-06-13T12:24:20.485+0200] {dag.py:3096} INFO - Sync 1 DAGs
[2024-06-13T12:24:20.489+0200] {logging_mixin.py:188} INFO - [2024-06-13T12:24:20.489+0200] {dag.py:3954} INFO - Setting next_dagrun for tutorial_dag to None, run_after=None
[2024-06-13T12:24:20.497+0200] {processor.py:183} INFO - Processing /Users/noejalabert/airflow_venv/lib/python3.11/site-packages/airflow/example_dags/tutorial_dag.py took 0.073 seconds
