[2024-04-30T14:48:53.493+0200] {processor.py:161} INFO - Started process (PID=28427) to work on /Users/noejalabert/airflow_venv/lib/python3.11/site-packages/airflow/example_dags/plugins/listener_plugin.py
[2024-04-30T14:48:53.493+0200] {processor.py:830} INFO - Processing file /Users/noejalabert/airflow_venv/lib/python3.11/site-packages/airflow/example_dags/plugins/listener_plugin.py for tasks to queue
[2024-04-30T14:48:53.494+0200] {logging_mixin.py:188} INFO - [2024-04-30T14:48:53.493+0200] {dagbag.py:540} INFO - Filling up the DagBag from /Users/noejalabert/airflow_venv/lib/python3.11/site-packages/airflow/example_dags/plugins/listener_plugin.py
[2024-04-30T14:48:53.494+0200] {processor.py:842} WARNING - No viable dags retrieved from /Users/noejalabert/airflow_venv/lib/python3.11/site-packages/airflow/example_dags/plugins/listener_plugin.py
[2024-04-30T14:48:53.530+0200] {processor.py:183} INFO - Processing /Users/noejalabert/airflow_venv/lib/python3.11/site-packages/airflow/example_dags/plugins/listener_plugin.py took 0.039 seconds
[2024-04-30T14:50:18.214+0200] {processor.py:161} INFO - Started process (PID=28480) to work on /Users/noejalabert/airflow_venv/lib/python3.11/site-packages/airflow/example_dags/plugins/listener_plugin.py
[2024-04-30T14:50:18.215+0200] {processor.py:830} INFO - Processing file /Users/noejalabert/airflow_venv/lib/python3.11/site-packages/airflow/example_dags/plugins/listener_plugin.py for tasks to queue
[2024-04-30T14:50:18.215+0200] {logging_mixin.py:188} INFO - [2024-04-30T14:50:18.215+0200] {dagbag.py:540} INFO - Filling up the DagBag from /Users/noejalabert/airflow_venv/lib/python3.11/site-packages/airflow/example_dags/plugins/listener_plugin.py
[2024-04-30T14:50:18.216+0200] {processor.py:842} WARNING - No viable dags retrieved from /Users/noejalabert/airflow_venv/lib/python3.11/site-packages/airflow/example_dags/plugins/listener_plugin.py
[2024-04-30T14:50:18.250+0200] {processor.py:183} INFO - Processing /Users/noejalabert/airflow_venv/lib/python3.11/site-packages/airflow/example_dags/plugins/listener_plugin.py took 0.037 seconds
[2024-04-30T14:51:12.454+0200] {processor.py:161} INFO - Started process (PID=28515) to work on /Users/noejalabert/airflow_venv/lib/python3.11/site-packages/airflow/example_dags/plugins/listener_plugin.py
[2024-04-30T14:51:12.454+0200] {processor.py:830} INFO - Processing file /Users/noejalabert/airflow_venv/lib/python3.11/site-packages/airflow/example_dags/plugins/listener_plugin.py for tasks to queue
[2024-04-30T14:51:12.454+0200] {logging_mixin.py:188} INFO - [2024-04-30T14:51:12.454+0200] {dagbag.py:540} INFO - Filling up the DagBag from /Users/noejalabert/airflow_venv/lib/python3.11/site-packages/airflow/example_dags/plugins/listener_plugin.py
[2024-04-30T14:51:12.455+0200] {processor.py:842} WARNING - No viable dags retrieved from /Users/noejalabert/airflow_venv/lib/python3.11/site-packages/airflow/example_dags/plugins/listener_plugin.py
[2024-04-30T14:51:12.490+0200] {processor.py:183} INFO - Processing /Users/noejalabert/airflow_venv/lib/python3.11/site-packages/airflow/example_dags/plugins/listener_plugin.py took 0.037 seconds
[2024-04-30T14:52:08.613+0200] {processor.py:161} INFO - Started process (PID=28553) to work on /Users/noejalabert/airflow_venv/lib/python3.11/site-packages/airflow/example_dags/plugins/listener_plugin.py
[2024-04-30T14:52:08.614+0200] {processor.py:830} INFO - Processing file /Users/noejalabert/airflow_venv/lib/python3.11/site-packages/airflow/example_dags/plugins/listener_plugin.py for tasks to queue
[2024-04-30T14:52:08.615+0200] {logging_mixin.py:188} INFO - [2024-04-30T14:52:08.615+0200] {dagbag.py:540} INFO - Filling up the DagBag from /Users/noejalabert/airflow_venv/lib/python3.11/site-packages/airflow/example_dags/plugins/listener_plugin.py
[2024-04-30T14:52:08.616+0200] {processor.py:842} WARNING - No viable dags retrieved from /Users/noejalabert/airflow_venv/lib/python3.11/site-packages/airflow/example_dags/plugins/listener_plugin.py
[2024-04-30T14:52:08.651+0200] {processor.py:183} INFO - Processing /Users/noejalabert/airflow_venv/lib/python3.11/site-packages/airflow/example_dags/plugins/listener_plugin.py took 0.039 seconds
[2024-04-30T14:53:06.267+0200] {processor.py:161} INFO - Started process (PID=28598) to work on /Users/noejalabert/airflow_venv/lib/python3.11/site-packages/airflow/example_dags/plugins/listener_plugin.py
[2024-04-30T14:53:06.268+0200] {processor.py:830} INFO - Processing file /Users/noejalabert/airflow_venv/lib/python3.11/site-packages/airflow/example_dags/plugins/listener_plugin.py for tasks to queue
[2024-04-30T14:53:06.269+0200] {logging_mixin.py:188} INFO - [2024-04-30T14:53:06.269+0200] {dagbag.py:540} INFO - Filling up the DagBag from /Users/noejalabert/airflow_venv/lib/python3.11/site-packages/airflow/example_dags/plugins/listener_plugin.py
[2024-04-30T14:53:06.273+0200] {processor.py:842} WARNING - No viable dags retrieved from /Users/noejalabert/airflow_venv/lib/python3.11/site-packages/airflow/example_dags/plugins/listener_plugin.py
[2024-04-30T14:53:06.308+0200] {processor.py:183} INFO - Processing /Users/noejalabert/airflow_venv/lib/python3.11/site-packages/airflow/example_dags/plugins/listener_plugin.py took 0.042 seconds
[2024-04-30T14:54:01.147+0200] {processor.py:161} INFO - Started process (PID=28633) to work on /Users/noejalabert/airflow_venv/lib/python3.11/site-packages/airflow/example_dags/plugins/listener_plugin.py
[2024-04-30T14:54:01.147+0200] {processor.py:830} INFO - Processing file /Users/noejalabert/airflow_venv/lib/python3.11/site-packages/airflow/example_dags/plugins/listener_plugin.py for tasks to queue
[2024-04-30T14:54:01.147+0200] {logging_mixin.py:188} INFO - [2024-04-30T14:54:01.147+0200] {dagbag.py:540} INFO - Filling up the DagBag from /Users/noejalabert/airflow_venv/lib/python3.11/site-packages/airflow/example_dags/plugins/listener_plugin.py
[2024-04-30T14:54:01.148+0200] {processor.py:842} WARNING - No viable dags retrieved from /Users/noejalabert/airflow_venv/lib/python3.11/site-packages/airflow/example_dags/plugins/listener_plugin.py
[2024-04-30T14:54:01.183+0200] {processor.py:183} INFO - Processing /Users/noejalabert/airflow_venv/lib/python3.11/site-packages/airflow/example_dags/plugins/listener_plugin.py took 0.038 seconds
[2024-04-30T14:54:54.975+0200] {processor.py:161} INFO - Started process (PID=28666) to work on /Users/noejalabert/airflow_venv/lib/python3.11/site-packages/airflow/example_dags/plugins/listener_plugin.py
[2024-04-30T14:54:54.975+0200] {processor.py:830} INFO - Processing file /Users/noejalabert/airflow_venv/lib/python3.11/site-packages/airflow/example_dags/plugins/listener_plugin.py for tasks to queue
[2024-04-30T14:54:54.975+0200] {logging_mixin.py:188} INFO - [2024-04-30T14:54:54.975+0200] {dagbag.py:540} INFO - Filling up the DagBag from /Users/noejalabert/airflow_venv/lib/python3.11/site-packages/airflow/example_dags/plugins/listener_plugin.py
[2024-04-30T14:54:54.976+0200] {processor.py:842} WARNING - No viable dags retrieved from /Users/noejalabert/airflow_venv/lib/python3.11/site-packages/airflow/example_dags/plugins/listener_plugin.py
[2024-04-30T14:54:55.011+0200] {processor.py:183} INFO - Processing /Users/noejalabert/airflow_venv/lib/python3.11/site-packages/airflow/example_dags/plugins/listener_plugin.py took 0.038 seconds
[2024-04-30T14:55:54.339+0200] {processor.py:161} INFO - Started process (PID=28710) to work on /Users/noejalabert/airflow_venv/lib/python3.11/site-packages/airflow/example_dags/plugins/listener_plugin.py
[2024-04-30T14:55:54.340+0200] {processor.py:830} INFO - Processing file /Users/noejalabert/airflow_venv/lib/python3.11/site-packages/airflow/example_dags/plugins/listener_plugin.py for tasks to queue
[2024-04-30T14:55:54.340+0200] {logging_mixin.py:188} INFO - [2024-04-30T14:55:54.340+0200] {dagbag.py:540} INFO - Filling up the DagBag from /Users/noejalabert/airflow_venv/lib/python3.11/site-packages/airflow/example_dags/plugins/listener_plugin.py
[2024-04-30T14:55:54.341+0200] {processor.py:842} WARNING - No viable dags retrieved from /Users/noejalabert/airflow_venv/lib/python3.11/site-packages/airflow/example_dags/plugins/listener_plugin.py
[2024-04-30T14:55:54.376+0200] {processor.py:183} INFO - Processing /Users/noejalabert/airflow_venv/lib/python3.11/site-packages/airflow/example_dags/plugins/listener_plugin.py took 0.038 seconds
[2024-04-30T14:56:50.376+0200] {processor.py:161} INFO - Started process (PID=28751) to work on /Users/noejalabert/airflow_venv/lib/python3.11/site-packages/airflow/example_dags/plugins/listener_plugin.py
[2024-04-30T14:56:50.376+0200] {processor.py:830} INFO - Processing file /Users/noejalabert/airflow_venv/lib/python3.11/site-packages/airflow/example_dags/plugins/listener_plugin.py for tasks to queue
[2024-04-30T14:56:50.377+0200] {logging_mixin.py:188} INFO - [2024-04-30T14:56:50.377+0200] {dagbag.py:540} INFO - Filling up the DagBag from /Users/noejalabert/airflow_venv/lib/python3.11/site-packages/airflow/example_dags/plugins/listener_plugin.py
[2024-04-30T14:56:50.377+0200] {processor.py:842} WARNING - No viable dags retrieved from /Users/noejalabert/airflow_venv/lib/python3.11/site-packages/airflow/example_dags/plugins/listener_plugin.py
[2024-04-30T14:56:50.412+0200] {processor.py:183} INFO - Processing /Users/noejalabert/airflow_venv/lib/python3.11/site-packages/airflow/example_dags/plugins/listener_plugin.py took 0.038 seconds
[2024-04-30T14:57:53.500+0200] {processor.py:161} INFO - Started process (PID=28819) to work on /Users/noejalabert/airflow_venv/lib/python3.11/site-packages/airflow/example_dags/plugins/listener_plugin.py
[2024-04-30T14:57:53.500+0200] {processor.py:830} INFO - Processing file /Users/noejalabert/airflow_venv/lib/python3.11/site-packages/airflow/example_dags/plugins/listener_plugin.py for tasks to queue
[2024-04-30T14:57:53.500+0200] {logging_mixin.py:188} INFO - [2024-04-30T14:57:53.500+0200] {dagbag.py:540} INFO - Filling up the DagBag from /Users/noejalabert/airflow_venv/lib/python3.11/site-packages/airflow/example_dags/plugins/listener_plugin.py
[2024-04-30T14:57:53.501+0200] {processor.py:842} WARNING - No viable dags retrieved from /Users/noejalabert/airflow_venv/lib/python3.11/site-packages/airflow/example_dags/plugins/listener_plugin.py
[2024-04-30T14:57:53.536+0200] {processor.py:183} INFO - Processing /Users/noejalabert/airflow_venv/lib/python3.11/site-packages/airflow/example_dags/plugins/listener_plugin.py took 0.038 seconds
[2024-04-30T14:58:59.650+0200] {processor.py:161} INFO - Started process (PID=28858) to work on /Users/noejalabert/airflow_venv/lib/python3.11/site-packages/airflow/example_dags/plugins/listener_plugin.py
[2024-04-30T14:58:59.651+0200] {processor.py:830} INFO - Processing file /Users/noejalabert/airflow_venv/lib/python3.11/site-packages/airflow/example_dags/plugins/listener_plugin.py for tasks to queue
[2024-04-30T14:58:59.651+0200] {logging_mixin.py:188} INFO - [2024-04-30T14:58:59.651+0200] {dagbag.py:540} INFO - Filling up the DagBag from /Users/noejalabert/airflow_venv/lib/python3.11/site-packages/airflow/example_dags/plugins/listener_plugin.py
[2024-04-30T14:58:59.652+0200] {processor.py:842} WARNING - No viable dags retrieved from /Users/noejalabert/airflow_venv/lib/python3.11/site-packages/airflow/example_dags/plugins/listener_plugin.py
[2024-04-30T14:58:59.686+0200] {processor.py:183} INFO - Processing /Users/noejalabert/airflow_venv/lib/python3.11/site-packages/airflow/example_dags/plugins/listener_plugin.py took 0.037 seconds
[2024-04-30T14:59:59.050+0200] {processor.py:161} INFO - Started process (PID=28899) to work on /Users/noejalabert/airflow_venv/lib/python3.11/site-packages/airflow/example_dags/plugins/listener_plugin.py
[2024-04-30T14:59:59.051+0200] {processor.py:830} INFO - Processing file /Users/noejalabert/airflow_venv/lib/python3.11/site-packages/airflow/example_dags/plugins/listener_plugin.py for tasks to queue
[2024-04-30T14:59:59.051+0200] {logging_mixin.py:188} INFO - [2024-04-30T14:59:59.051+0200] {dagbag.py:540} INFO - Filling up the DagBag from /Users/noejalabert/airflow_venv/lib/python3.11/site-packages/airflow/example_dags/plugins/listener_plugin.py
[2024-04-30T14:59:59.053+0200] {processor.py:842} WARNING - No viable dags retrieved from /Users/noejalabert/airflow_venv/lib/python3.11/site-packages/airflow/example_dags/plugins/listener_plugin.py
[2024-04-30T14:59:59.087+0200] {processor.py:183} INFO - Processing /Users/noejalabert/airflow_venv/lib/python3.11/site-packages/airflow/example_dags/plugins/listener_plugin.py took 0.039 seconds
[2024-04-30T15:01:00.050+0200] {processor.py:161} INFO - Started process (PID=28941) to work on /Users/noejalabert/airflow_venv/lib/python3.11/site-packages/airflow/example_dags/plugins/listener_plugin.py
[2024-04-30T15:01:00.051+0200] {processor.py:830} INFO - Processing file /Users/noejalabert/airflow_venv/lib/python3.11/site-packages/airflow/example_dags/plugins/listener_plugin.py for tasks to queue
[2024-04-30T15:01:00.051+0200] {logging_mixin.py:188} INFO - [2024-04-30T15:01:00.051+0200] {dagbag.py:540} INFO - Filling up the DagBag from /Users/noejalabert/airflow_venv/lib/python3.11/site-packages/airflow/example_dags/plugins/listener_plugin.py
[2024-04-30T15:01:00.053+0200] {processor.py:842} WARNING - No viable dags retrieved from /Users/noejalabert/airflow_venv/lib/python3.11/site-packages/airflow/example_dags/plugins/listener_plugin.py
[2024-04-30T15:01:00.088+0200] {processor.py:183} INFO - Processing /Users/noejalabert/airflow_venv/lib/python3.11/site-packages/airflow/example_dags/plugins/listener_plugin.py took 0.039 seconds
[2024-04-30T15:02:17.290+0200] {processor.py:161} INFO - Started process (PID=29021) to work on /Users/noejalabert/airflow_venv/lib/python3.11/site-packages/airflow/example_dags/plugins/listener_plugin.py
[2024-04-30T15:02:17.291+0200] {processor.py:830} INFO - Processing file /Users/noejalabert/airflow_venv/lib/python3.11/site-packages/airflow/example_dags/plugins/listener_plugin.py for tasks to queue
[2024-04-30T15:02:17.291+0200] {logging_mixin.py:188} INFO - [2024-04-30T15:02:17.291+0200] {dagbag.py:540} INFO - Filling up the DagBag from /Users/noejalabert/airflow_venv/lib/python3.11/site-packages/airflow/example_dags/plugins/listener_plugin.py
[2024-04-30T15:02:17.292+0200] {processor.py:842} WARNING - No viable dags retrieved from /Users/noejalabert/airflow_venv/lib/python3.11/site-packages/airflow/example_dags/plugins/listener_plugin.py
[2024-04-30T15:02:17.327+0200] {processor.py:183} INFO - Processing /Users/noejalabert/airflow_venv/lib/python3.11/site-packages/airflow/example_dags/plugins/listener_plugin.py took 0.038 seconds
[2024-04-30T15:03:25.952+0200] {processor.py:161} INFO - Started process (PID=29070) to work on /Users/noejalabert/airflow_venv/lib/python3.11/site-packages/airflow/example_dags/plugins/listener_plugin.py
[2024-04-30T15:03:25.952+0200] {processor.py:830} INFO - Processing file /Users/noejalabert/airflow_venv/lib/python3.11/site-packages/airflow/example_dags/plugins/listener_plugin.py for tasks to queue
[2024-04-30T15:03:25.953+0200] {logging_mixin.py:188} INFO - [2024-04-30T15:03:25.953+0200] {dagbag.py:540} INFO - Filling up the DagBag from /Users/noejalabert/airflow_venv/lib/python3.11/site-packages/airflow/example_dags/plugins/listener_plugin.py
[2024-04-30T15:03:25.953+0200] {processor.py:842} WARNING - No viable dags retrieved from /Users/noejalabert/airflow_venv/lib/python3.11/site-packages/airflow/example_dags/plugins/listener_plugin.py
[2024-04-30T15:03:25.988+0200] {processor.py:183} INFO - Processing /Users/noejalabert/airflow_venv/lib/python3.11/site-packages/airflow/example_dags/plugins/listener_plugin.py took 0.037 seconds
[2024-04-30T15:04:25.821+0200] {processor.py:161} INFO - Started process (PID=29106) to work on /Users/noejalabert/airflow_venv/lib/python3.11/site-packages/airflow/example_dags/plugins/listener_plugin.py
[2024-04-30T15:04:25.822+0200] {processor.py:830} INFO - Processing file /Users/noejalabert/airflow_venv/lib/python3.11/site-packages/airflow/example_dags/plugins/listener_plugin.py for tasks to queue
[2024-04-30T15:04:25.822+0200] {logging_mixin.py:188} INFO - [2024-04-30T15:04:25.822+0200] {dagbag.py:540} INFO - Filling up the DagBag from /Users/noejalabert/airflow_venv/lib/python3.11/site-packages/airflow/example_dags/plugins/listener_plugin.py
[2024-04-30T15:04:25.823+0200] {processor.py:842} WARNING - No viable dags retrieved from /Users/noejalabert/airflow_venv/lib/python3.11/site-packages/airflow/example_dags/plugins/listener_plugin.py
[2024-04-30T15:04:25.857+0200] {processor.py:183} INFO - Processing /Users/noejalabert/airflow_venv/lib/python3.11/site-packages/airflow/example_dags/plugins/listener_plugin.py took 0.037 seconds
[2024-04-30T15:05:22.636+0200] {processor.py:161} INFO - Started process (PID=29147) to work on /Users/noejalabert/airflow_venv/lib/python3.11/site-packages/airflow/example_dags/plugins/listener_plugin.py
[2024-04-30T15:05:22.637+0200] {processor.py:830} INFO - Processing file /Users/noejalabert/airflow_venv/lib/python3.11/site-packages/airflow/example_dags/plugins/listener_plugin.py for tasks to queue
[2024-04-30T15:05:22.637+0200] {logging_mixin.py:188} INFO - [2024-04-30T15:05:22.637+0200] {dagbag.py:540} INFO - Filling up the DagBag from /Users/noejalabert/airflow_venv/lib/python3.11/site-packages/airflow/example_dags/plugins/listener_plugin.py
[2024-04-30T15:05:22.638+0200] {processor.py:842} WARNING - No viable dags retrieved from /Users/noejalabert/airflow_venv/lib/python3.11/site-packages/airflow/example_dags/plugins/listener_plugin.py
[2024-04-30T15:05:22.672+0200] {processor.py:183} INFO - Processing /Users/noejalabert/airflow_venv/lib/python3.11/site-packages/airflow/example_dags/plugins/listener_plugin.py took 0.037 seconds
[2024-04-30T15:07:07.454+0200] {processor.py:161} INFO - Started process (PID=29222) to work on /Users/noejalabert/airflow_venv/lib/python3.11/site-packages/airflow/example_dags/plugins/listener_plugin.py
[2024-04-30T15:07:07.456+0200] {processor.py:830} INFO - Processing file /Users/noejalabert/airflow_venv/lib/python3.11/site-packages/airflow/example_dags/plugins/listener_plugin.py for tasks to queue
[2024-04-30T15:07:07.456+0200] {logging_mixin.py:188} INFO - [2024-04-30T15:07:07.456+0200] {dagbag.py:540} INFO - Filling up the DagBag from /Users/noejalabert/airflow_venv/lib/python3.11/site-packages/airflow/example_dags/plugins/listener_plugin.py
[2024-04-30T15:07:07.457+0200] {processor.py:842} WARNING - No viable dags retrieved from /Users/noejalabert/airflow_venv/lib/python3.11/site-packages/airflow/example_dags/plugins/listener_plugin.py
[2024-04-30T15:07:07.491+0200] {processor.py:183} INFO - Processing /Users/noejalabert/airflow_venv/lib/python3.11/site-packages/airflow/example_dags/plugins/listener_plugin.py took 0.039 seconds
[2024-04-30T15:08:01.514+0200] {processor.py:161} INFO - Started process (PID=29259) to work on /Users/noejalabert/airflow_venv/lib/python3.11/site-packages/airflow/example_dags/plugins/listener_plugin.py
[2024-04-30T15:08:01.515+0200] {processor.py:830} INFO - Processing file /Users/noejalabert/airflow_venv/lib/python3.11/site-packages/airflow/example_dags/plugins/listener_plugin.py for tasks to queue
[2024-04-30T15:08:01.515+0200] {logging_mixin.py:188} INFO - [2024-04-30T15:08:01.515+0200] {dagbag.py:540} INFO - Filling up the DagBag from /Users/noejalabert/airflow_venv/lib/python3.11/site-packages/airflow/example_dags/plugins/listener_plugin.py
[2024-04-30T15:08:01.516+0200] {processor.py:842} WARNING - No viable dags retrieved from /Users/noejalabert/airflow_venv/lib/python3.11/site-packages/airflow/example_dags/plugins/listener_plugin.py
[2024-04-30T15:08:01.551+0200] {processor.py:183} INFO - Processing /Users/noejalabert/airflow_venv/lib/python3.11/site-packages/airflow/example_dags/plugins/listener_plugin.py took 0.038 seconds
[2024-04-30T15:08:56.991+0200] {processor.py:161} INFO - Started process (PID=29293) to work on /Users/noejalabert/airflow_venv/lib/python3.11/site-packages/airflow/example_dags/plugins/listener_plugin.py
[2024-04-30T15:08:56.991+0200] {processor.py:830} INFO - Processing file /Users/noejalabert/airflow_venv/lib/python3.11/site-packages/airflow/example_dags/plugins/listener_plugin.py for tasks to queue
[2024-04-30T15:08:56.992+0200] {logging_mixin.py:188} INFO - [2024-04-30T15:08:56.991+0200] {dagbag.py:540} INFO - Filling up the DagBag from /Users/noejalabert/airflow_venv/lib/python3.11/site-packages/airflow/example_dags/plugins/listener_plugin.py
[2024-04-30T15:08:56.992+0200] {processor.py:842} WARNING - No viable dags retrieved from /Users/noejalabert/airflow_venv/lib/python3.11/site-packages/airflow/example_dags/plugins/listener_plugin.py
[2024-04-30T15:08:57.027+0200] {processor.py:183} INFO - Processing /Users/noejalabert/airflow_venv/lib/python3.11/site-packages/airflow/example_dags/plugins/listener_plugin.py took 0.037 seconds
[2024-04-30T15:09:54.156+0200] {processor.py:161} INFO - Started process (PID=29329) to work on /Users/noejalabert/airflow_venv/lib/python3.11/site-packages/airflow/example_dags/plugins/listener_plugin.py
[2024-04-30T15:09:54.156+0200] {processor.py:830} INFO - Processing file /Users/noejalabert/airflow_venv/lib/python3.11/site-packages/airflow/example_dags/plugins/listener_plugin.py for tasks to queue
[2024-04-30T15:09:54.157+0200] {logging_mixin.py:188} INFO - [2024-04-30T15:09:54.156+0200] {dagbag.py:540} INFO - Filling up the DagBag from /Users/noejalabert/airflow_venv/lib/python3.11/site-packages/airflow/example_dags/plugins/listener_plugin.py
[2024-04-30T15:09:54.157+0200] {processor.py:842} WARNING - No viable dags retrieved from /Users/noejalabert/airflow_venv/lib/python3.11/site-packages/airflow/example_dags/plugins/listener_plugin.py
[2024-04-30T15:09:54.191+0200] {processor.py:183} INFO - Processing /Users/noejalabert/airflow_venv/lib/python3.11/site-packages/airflow/example_dags/plugins/listener_plugin.py took 0.037 seconds
[2024-04-30T15:10:50.508+0200] {processor.py:161} INFO - Started process (PID=29364) to work on /Users/noejalabert/airflow_venv/lib/python3.11/site-packages/airflow/example_dags/plugins/listener_plugin.py
[2024-04-30T15:10:50.508+0200] {processor.py:830} INFO - Processing file /Users/noejalabert/airflow_venv/lib/python3.11/site-packages/airflow/example_dags/plugins/listener_plugin.py for tasks to queue
[2024-04-30T15:10:50.509+0200] {logging_mixin.py:188} INFO - [2024-04-30T15:10:50.509+0200] {dagbag.py:540} INFO - Filling up the DagBag from /Users/noejalabert/airflow_venv/lib/python3.11/site-packages/airflow/example_dags/plugins/listener_plugin.py
[2024-04-30T15:10:50.509+0200] {processor.py:842} WARNING - No viable dags retrieved from /Users/noejalabert/airflow_venv/lib/python3.11/site-packages/airflow/example_dags/plugins/listener_plugin.py
[2024-04-30T15:10:50.544+0200] {processor.py:183} INFO - Processing /Users/noejalabert/airflow_venv/lib/python3.11/site-packages/airflow/example_dags/plugins/listener_plugin.py took 0.037 seconds
[2024-04-30T15:11:48.410+0200] {processor.py:161} INFO - Started process (PID=29405) to work on /Users/noejalabert/airflow_venv/lib/python3.11/site-packages/airflow/example_dags/plugins/listener_plugin.py
[2024-04-30T15:11:48.410+0200] {processor.py:830} INFO - Processing file /Users/noejalabert/airflow_venv/lib/python3.11/site-packages/airflow/example_dags/plugins/listener_plugin.py for tasks to queue
[2024-04-30T15:11:48.411+0200] {logging_mixin.py:188} INFO - [2024-04-30T15:11:48.411+0200] {dagbag.py:540} INFO - Filling up the DagBag from /Users/noejalabert/airflow_venv/lib/python3.11/site-packages/airflow/example_dags/plugins/listener_plugin.py
[2024-04-30T15:11:48.412+0200] {processor.py:842} WARNING - No viable dags retrieved from /Users/noejalabert/airflow_venv/lib/python3.11/site-packages/airflow/example_dags/plugins/listener_plugin.py
[2024-04-30T15:11:48.446+0200] {processor.py:183} INFO - Processing /Users/noejalabert/airflow_venv/lib/python3.11/site-packages/airflow/example_dags/plugins/listener_plugin.py took 0.037 seconds
[2024-04-30T15:12:45.349+0200] {processor.py:161} INFO - Started process (PID=29442) to work on /Users/noejalabert/airflow_venv/lib/python3.11/site-packages/airflow/example_dags/plugins/listener_plugin.py
[2024-04-30T15:12:45.350+0200] {processor.py:830} INFO - Processing file /Users/noejalabert/airflow_venv/lib/python3.11/site-packages/airflow/example_dags/plugins/listener_plugin.py for tasks to queue
[2024-04-30T15:12:45.350+0200] {logging_mixin.py:188} INFO - [2024-04-30T15:12:45.350+0200] {dagbag.py:540} INFO - Filling up the DagBag from /Users/noejalabert/airflow_venv/lib/python3.11/site-packages/airflow/example_dags/plugins/listener_plugin.py
[2024-04-30T15:12:45.351+0200] {processor.py:842} WARNING - No viable dags retrieved from /Users/noejalabert/airflow_venv/lib/python3.11/site-packages/airflow/example_dags/plugins/listener_plugin.py
[2024-04-30T15:12:45.385+0200] {processor.py:183} INFO - Processing /Users/noejalabert/airflow_venv/lib/python3.11/site-packages/airflow/example_dags/plugins/listener_plugin.py took 0.037 seconds
[2024-04-30T15:13:40.871+0200] {processor.py:161} INFO - Started process (PID=29477) to work on /Users/noejalabert/airflow_venv/lib/python3.11/site-packages/airflow/example_dags/plugins/listener_plugin.py
[2024-04-30T15:13:40.872+0200] {processor.py:830} INFO - Processing file /Users/noejalabert/airflow_venv/lib/python3.11/site-packages/airflow/example_dags/plugins/listener_plugin.py for tasks to queue
[2024-04-30T15:13:40.872+0200] {logging_mixin.py:188} INFO - [2024-04-30T15:13:40.872+0200] {dagbag.py:540} INFO - Filling up the DagBag from /Users/noejalabert/airflow_venv/lib/python3.11/site-packages/airflow/example_dags/plugins/listener_plugin.py
[2024-04-30T15:13:40.873+0200] {processor.py:842} WARNING - No viable dags retrieved from /Users/noejalabert/airflow_venv/lib/python3.11/site-packages/airflow/example_dags/plugins/listener_plugin.py
[2024-04-30T15:13:40.908+0200] {processor.py:183} INFO - Processing /Users/noejalabert/airflow_venv/lib/python3.11/site-packages/airflow/example_dags/plugins/listener_plugin.py took 0.038 seconds
[2024-04-30T15:14:35.622+0200] {processor.py:161} INFO - Started process (PID=29512) to work on /Users/noejalabert/airflow_venv/lib/python3.11/site-packages/airflow/example_dags/plugins/listener_plugin.py
[2024-04-30T15:14:35.622+0200] {processor.py:830} INFO - Processing file /Users/noejalabert/airflow_venv/lib/python3.11/site-packages/airflow/example_dags/plugins/listener_plugin.py for tasks to queue
[2024-04-30T15:14:35.622+0200] {logging_mixin.py:188} INFO - [2024-04-30T15:14:35.622+0200] {dagbag.py:540} INFO - Filling up the DagBag from /Users/noejalabert/airflow_venv/lib/python3.11/site-packages/airflow/example_dags/plugins/listener_plugin.py
[2024-04-30T15:14:35.623+0200] {processor.py:842} WARNING - No viable dags retrieved from /Users/noejalabert/airflow_venv/lib/python3.11/site-packages/airflow/example_dags/plugins/listener_plugin.py
[2024-04-30T15:14:35.658+0200] {processor.py:183} INFO - Processing /Users/noejalabert/airflow_venv/lib/python3.11/site-packages/airflow/example_dags/plugins/listener_plugin.py took 0.037 seconds
[2024-04-30T15:15:29.396+0200] {processor.py:161} INFO - Started process (PID=29548) to work on /Users/noejalabert/airflow_venv/lib/python3.11/site-packages/airflow/example_dags/plugins/listener_plugin.py
[2024-04-30T15:15:29.396+0200] {processor.py:830} INFO - Processing file /Users/noejalabert/airflow_venv/lib/python3.11/site-packages/airflow/example_dags/plugins/listener_plugin.py for tasks to queue
[2024-04-30T15:15:29.396+0200] {logging_mixin.py:188} INFO - [2024-04-30T15:15:29.396+0200] {dagbag.py:540} INFO - Filling up the DagBag from /Users/noejalabert/airflow_venv/lib/python3.11/site-packages/airflow/example_dags/plugins/listener_plugin.py
[2024-04-30T15:15:29.397+0200] {processor.py:842} WARNING - No viable dags retrieved from /Users/noejalabert/airflow_venv/lib/python3.11/site-packages/airflow/example_dags/plugins/listener_plugin.py
[2024-04-30T15:15:29.432+0200] {processor.py:183} INFO - Processing /Users/noejalabert/airflow_venv/lib/python3.11/site-packages/airflow/example_dags/plugins/listener_plugin.py took 0.038 seconds
[2024-04-30T15:16:27.282+0200] {processor.py:161} INFO - Started process (PID=29602) to work on /Users/noejalabert/airflow_venv/lib/python3.11/site-packages/airflow/example_dags/plugins/listener_plugin.py
[2024-04-30T15:16:27.283+0200] {processor.py:830} INFO - Processing file /Users/noejalabert/airflow_venv/lib/python3.11/site-packages/airflow/example_dags/plugins/listener_plugin.py for tasks to queue
[2024-04-30T15:16:27.284+0200] {logging_mixin.py:188} INFO - [2024-04-30T15:16:27.284+0200] {dagbag.py:540} INFO - Filling up the DagBag from /Users/noejalabert/airflow_venv/lib/python3.11/site-packages/airflow/example_dags/plugins/listener_plugin.py
[2024-04-30T15:16:27.285+0200] {processor.py:842} WARNING - No viable dags retrieved from /Users/noejalabert/airflow_venv/lib/python3.11/site-packages/airflow/example_dags/plugins/listener_plugin.py
[2024-04-30T15:16:27.319+0200] {processor.py:183} INFO - Processing /Users/noejalabert/airflow_venv/lib/python3.11/site-packages/airflow/example_dags/plugins/listener_plugin.py took 0.039 seconds
[2024-04-30T15:17:23.298+0200] {processor.py:161} INFO - Started process (PID=29649) to work on /Users/noejalabert/airflow_venv/lib/python3.11/site-packages/airflow/example_dags/plugins/listener_plugin.py
[2024-04-30T15:17:23.299+0200] {processor.py:830} INFO - Processing file /Users/noejalabert/airflow_venv/lib/python3.11/site-packages/airflow/example_dags/plugins/listener_plugin.py for tasks to queue
[2024-04-30T15:17:23.299+0200] {logging_mixin.py:188} INFO - [2024-04-30T15:17:23.299+0200] {dagbag.py:540} INFO - Filling up the DagBag from /Users/noejalabert/airflow_venv/lib/python3.11/site-packages/airflow/example_dags/plugins/listener_plugin.py
[2024-04-30T15:17:23.301+0200] {processor.py:842} WARNING - No viable dags retrieved from /Users/noejalabert/airflow_venv/lib/python3.11/site-packages/airflow/example_dags/plugins/listener_plugin.py
[2024-04-30T15:17:23.340+0200] {processor.py:183} INFO - Processing /Users/noejalabert/airflow_venv/lib/python3.11/site-packages/airflow/example_dags/plugins/listener_plugin.py took 0.043 seconds
[2024-04-30T15:18:25.684+0200] {processor.py:161} INFO - Started process (PID=29882) to work on /Users/noejalabert/airflow_venv/lib/python3.11/site-packages/airflow/example_dags/plugins/listener_plugin.py
[2024-04-30T15:18:25.685+0200] {processor.py:830} INFO - Processing file /Users/noejalabert/airflow_venv/lib/python3.11/site-packages/airflow/example_dags/plugins/listener_plugin.py for tasks to queue
[2024-04-30T15:18:25.685+0200] {logging_mixin.py:188} INFO - [2024-04-30T15:18:25.685+0200] {dagbag.py:540} INFO - Filling up the DagBag from /Users/noejalabert/airflow_venv/lib/python3.11/site-packages/airflow/example_dags/plugins/listener_plugin.py
[2024-04-30T15:18:25.687+0200] {processor.py:842} WARNING - No viable dags retrieved from /Users/noejalabert/airflow_venv/lib/python3.11/site-packages/airflow/example_dags/plugins/listener_plugin.py
[2024-04-30T15:18:25.724+0200] {processor.py:183} INFO - Processing /Users/noejalabert/airflow_venv/lib/python3.11/site-packages/airflow/example_dags/plugins/listener_plugin.py took 0.041 seconds
[2024-04-30T15:19:37.478+0200] {processor.py:161} INFO - Started process (PID=30177) to work on /Users/noejalabert/airflow_venv/lib/python3.11/site-packages/airflow/example_dags/plugins/listener_plugin.py
[2024-04-30T15:19:37.479+0200] {processor.py:830} INFO - Processing file /Users/noejalabert/airflow_venv/lib/python3.11/site-packages/airflow/example_dags/plugins/listener_plugin.py for tasks to queue
[2024-04-30T15:19:37.480+0200] {logging_mixin.py:188} INFO - [2024-04-30T15:19:37.480+0200] {dagbag.py:540} INFO - Filling up the DagBag from /Users/noejalabert/airflow_venv/lib/python3.11/site-packages/airflow/example_dags/plugins/listener_plugin.py
[2024-04-30T15:19:37.481+0200] {processor.py:842} WARNING - No viable dags retrieved from /Users/noejalabert/airflow_venv/lib/python3.11/site-packages/airflow/example_dags/plugins/listener_plugin.py
[2024-04-30T15:19:37.517+0200] {processor.py:183} INFO - Processing /Users/noejalabert/airflow_venv/lib/python3.11/site-packages/airflow/example_dags/plugins/listener_plugin.py took 0.040 seconds
[2024-04-30T15:20:37.497+0200] {processor.py:161} INFO - Started process (PID=30221) to work on /Users/noejalabert/airflow_venv/lib/python3.11/site-packages/airflow/example_dags/plugins/listener_plugin.py
[2024-04-30T15:20:37.498+0200] {processor.py:830} INFO - Processing file /Users/noejalabert/airflow_venv/lib/python3.11/site-packages/airflow/example_dags/plugins/listener_plugin.py for tasks to queue
[2024-04-30T15:20:37.498+0200] {logging_mixin.py:188} INFO - [2024-04-30T15:20:37.498+0200] {dagbag.py:540} INFO - Filling up the DagBag from /Users/noejalabert/airflow_venv/lib/python3.11/site-packages/airflow/example_dags/plugins/listener_plugin.py
[2024-04-30T15:20:37.500+0200] {processor.py:842} WARNING - No viable dags retrieved from /Users/noejalabert/airflow_venv/lib/python3.11/site-packages/airflow/example_dags/plugins/listener_plugin.py
[2024-04-30T15:20:37.534+0200] {processor.py:183} INFO - Processing /Users/noejalabert/airflow_venv/lib/python3.11/site-packages/airflow/example_dags/plugins/listener_plugin.py took 0.039 seconds
[2024-04-30T15:21:37.818+0200] {processor.py:161} INFO - Started process (PID=30260) to work on /Users/noejalabert/airflow_venv/lib/python3.11/site-packages/airflow/example_dags/plugins/listener_plugin.py
[2024-04-30T15:21:37.820+0200] {processor.py:830} INFO - Processing file /Users/noejalabert/airflow_venv/lib/python3.11/site-packages/airflow/example_dags/plugins/listener_plugin.py for tasks to queue
[2024-04-30T15:21:37.820+0200] {logging_mixin.py:188} INFO - [2024-04-30T15:21:37.820+0200] {dagbag.py:540} INFO - Filling up the DagBag from /Users/noejalabert/airflow_venv/lib/python3.11/site-packages/airflow/example_dags/plugins/listener_plugin.py
[2024-04-30T15:21:37.822+0200] {processor.py:842} WARNING - No viable dags retrieved from /Users/noejalabert/airflow_venv/lib/python3.11/site-packages/airflow/example_dags/plugins/listener_plugin.py
[2024-04-30T15:21:37.857+0200] {processor.py:183} INFO - Processing /Users/noejalabert/airflow_venv/lib/python3.11/site-packages/airflow/example_dags/plugins/listener_plugin.py took 0.039 seconds
[2024-04-30T15:22:36.786+0200] {processor.py:161} INFO - Started process (PID=30313) to work on /Users/noejalabert/airflow_venv/lib/python3.11/site-packages/airflow/example_dags/plugins/listener_plugin.py
[2024-04-30T15:22:36.787+0200] {processor.py:830} INFO - Processing file /Users/noejalabert/airflow_venv/lib/python3.11/site-packages/airflow/example_dags/plugins/listener_plugin.py for tasks to queue
[2024-04-30T15:22:36.788+0200] {logging_mixin.py:188} INFO - [2024-04-30T15:22:36.787+0200] {dagbag.py:540} INFO - Filling up the DagBag from /Users/noejalabert/airflow_venv/lib/python3.11/site-packages/airflow/example_dags/plugins/listener_plugin.py
[2024-04-30T15:22:36.789+0200] {processor.py:842} WARNING - No viable dags retrieved from /Users/noejalabert/airflow_venv/lib/python3.11/site-packages/airflow/example_dags/plugins/listener_plugin.py
[2024-04-30T15:22:36.827+0200] {processor.py:183} INFO - Processing /Users/noejalabert/airflow_venv/lib/python3.11/site-packages/airflow/example_dags/plugins/listener_plugin.py took 0.042 seconds
[2024-04-30T15:23:33.535+0200] {processor.py:161} INFO - Started process (PID=30364) to work on /Users/noejalabert/airflow_venv/lib/python3.11/site-packages/airflow/example_dags/plugins/listener_plugin.py
[2024-04-30T15:23:33.536+0200] {processor.py:830} INFO - Processing file /Users/noejalabert/airflow_venv/lib/python3.11/site-packages/airflow/example_dags/plugins/listener_plugin.py for tasks to queue
[2024-04-30T15:23:33.536+0200] {logging_mixin.py:188} INFO - [2024-04-30T15:23:33.536+0200] {dagbag.py:540} INFO - Filling up the DagBag from /Users/noejalabert/airflow_venv/lib/python3.11/site-packages/airflow/example_dags/plugins/listener_plugin.py
[2024-04-30T15:23:33.537+0200] {processor.py:842} WARNING - No viable dags retrieved from /Users/noejalabert/airflow_venv/lib/python3.11/site-packages/airflow/example_dags/plugins/listener_plugin.py
[2024-04-30T15:23:33.579+0200] {processor.py:183} INFO - Processing /Users/noejalabert/airflow_venv/lib/python3.11/site-packages/airflow/example_dags/plugins/listener_plugin.py took 0.045 seconds
[2024-04-30T15:24:35.882+0200] {processor.py:161} INFO - Started process (PID=30410) to work on /Users/noejalabert/airflow_venv/lib/python3.11/site-packages/airflow/example_dags/plugins/listener_plugin.py
[2024-04-30T15:24:35.883+0200] {processor.py:830} INFO - Processing file /Users/noejalabert/airflow_venv/lib/python3.11/site-packages/airflow/example_dags/plugins/listener_plugin.py for tasks to queue
[2024-04-30T15:24:35.883+0200] {logging_mixin.py:188} INFO - [2024-04-30T15:24:35.883+0200] {dagbag.py:540} INFO - Filling up the DagBag from /Users/noejalabert/airflow_venv/lib/python3.11/site-packages/airflow/example_dags/plugins/listener_plugin.py
[2024-04-30T15:24:35.885+0200] {processor.py:842} WARNING - No viable dags retrieved from /Users/noejalabert/airflow_venv/lib/python3.11/site-packages/airflow/example_dags/plugins/listener_plugin.py
[2024-04-30T15:24:35.919+0200] {processor.py:183} INFO - Processing /Users/noejalabert/airflow_venv/lib/python3.11/site-packages/airflow/example_dags/plugins/listener_plugin.py took 0.039 seconds
[2024-04-30T15:25:33.372+0200] {processor.py:161} INFO - Started process (PID=30472) to work on /Users/noejalabert/airflow_venv/lib/python3.11/site-packages/airflow/example_dags/plugins/listener_plugin.py
[2024-04-30T15:25:33.373+0200] {processor.py:830} INFO - Processing file /Users/noejalabert/airflow_venv/lib/python3.11/site-packages/airflow/example_dags/plugins/listener_plugin.py for tasks to queue
[2024-04-30T15:25:33.373+0200] {logging_mixin.py:188} INFO - [2024-04-30T15:25:33.373+0200] {dagbag.py:540} INFO - Filling up the DagBag from /Users/noejalabert/airflow_venv/lib/python3.11/site-packages/airflow/example_dags/plugins/listener_plugin.py
[2024-04-30T15:25:33.375+0200] {processor.py:842} WARNING - No viable dags retrieved from /Users/noejalabert/airflow_venv/lib/python3.11/site-packages/airflow/example_dags/plugins/listener_plugin.py
[2024-04-30T15:25:33.410+0200] {processor.py:183} INFO - Processing /Users/noejalabert/airflow_venv/lib/python3.11/site-packages/airflow/example_dags/plugins/listener_plugin.py took 0.039 seconds
[2024-04-30T15:26:26.062+0200] {processor.py:161} INFO - Started process (PID=30516) to work on /Users/noejalabert/airflow_venv/lib/python3.11/site-packages/airflow/example_dags/plugins/listener_plugin.py
[2024-04-30T15:26:26.063+0200] {processor.py:830} INFO - Processing file /Users/noejalabert/airflow_venv/lib/python3.11/site-packages/airflow/example_dags/plugins/listener_plugin.py for tasks to queue
[2024-04-30T15:26:26.063+0200] {logging_mixin.py:188} INFO - [2024-04-30T15:26:26.063+0200] {dagbag.py:540} INFO - Filling up the DagBag from /Users/noejalabert/airflow_venv/lib/python3.11/site-packages/airflow/example_dags/plugins/listener_plugin.py
[2024-04-30T15:26:26.064+0200] {processor.py:842} WARNING - No viable dags retrieved from /Users/noejalabert/airflow_venv/lib/python3.11/site-packages/airflow/example_dags/plugins/listener_plugin.py
[2024-04-30T15:26:26.099+0200] {processor.py:183} INFO - Processing /Users/noejalabert/airflow_venv/lib/python3.11/site-packages/airflow/example_dags/plugins/listener_plugin.py took 0.038 seconds
[2024-04-30T15:33:25.055+0200] {processor.py:161} INFO - Started process (PID=30607) to work on /Users/noejalabert/airflow_venv/lib/python3.11/site-packages/airflow/example_dags/plugins/listener_plugin.py
[2024-04-30T15:33:25.056+0200] {processor.py:830} INFO - Processing file /Users/noejalabert/airflow_venv/lib/python3.11/site-packages/airflow/example_dags/plugins/listener_plugin.py for tasks to queue
[2024-04-30T15:33:25.056+0200] {logging_mixin.py:188} INFO - [2024-04-30T15:33:25.056+0200] {dagbag.py:540} INFO - Filling up the DagBag from /Users/noejalabert/airflow_venv/lib/python3.11/site-packages/airflow/example_dags/plugins/listener_plugin.py
[2024-04-30T15:33:25.057+0200] {processor.py:842} WARNING - No viable dags retrieved from /Users/noejalabert/airflow_venv/lib/python3.11/site-packages/airflow/example_dags/plugins/listener_plugin.py
[2024-04-30T15:33:25.091+0200] {processor.py:183} INFO - Processing /Users/noejalabert/airflow_venv/lib/python3.11/site-packages/airflow/example_dags/plugins/listener_plugin.py took 0.037 seconds
[2024-04-30T15:39:55.521+0200] {processor.py:161} INFO - Started process (PID=30712) to work on /Users/noejalabert/airflow_venv/lib/python3.11/site-packages/airflow/example_dags/plugins/listener_plugin.py
[2024-04-30T15:39:55.521+0200] {processor.py:830} INFO - Processing file /Users/noejalabert/airflow_venv/lib/python3.11/site-packages/airflow/example_dags/plugins/listener_plugin.py for tasks to queue
[2024-04-30T15:39:55.522+0200] {logging_mixin.py:188} INFO - [2024-04-30T15:39:55.522+0200] {dagbag.py:540} INFO - Filling up the DagBag from /Users/noejalabert/airflow_venv/lib/python3.11/site-packages/airflow/example_dags/plugins/listener_plugin.py
[2024-04-30T15:39:55.522+0200] {processor.py:842} WARNING - No viable dags retrieved from /Users/noejalabert/airflow_venv/lib/python3.11/site-packages/airflow/example_dags/plugins/listener_plugin.py
[2024-04-30T15:39:55.556+0200] {processor.py:183} INFO - Processing /Users/noejalabert/airflow_venv/lib/python3.11/site-packages/airflow/example_dags/plugins/listener_plugin.py took 0.036 seconds
[2024-04-30T15:44:18.805+0200] {processor.py:161} INFO - Started process (PID=30807) to work on /Users/noejalabert/airflow_venv/lib/python3.11/site-packages/airflow/example_dags/plugins/listener_plugin.py
[2024-04-30T15:44:18.806+0200] {processor.py:830} INFO - Processing file /Users/noejalabert/airflow_venv/lib/python3.11/site-packages/airflow/example_dags/plugins/listener_plugin.py for tasks to queue
[2024-04-30T15:44:18.806+0200] {logging_mixin.py:188} INFO - [2024-04-30T15:44:18.806+0200] {dagbag.py:540} INFO - Filling up the DagBag from /Users/noejalabert/airflow_venv/lib/python3.11/site-packages/airflow/example_dags/plugins/listener_plugin.py
[2024-04-30T15:44:18.808+0200] {processor.py:842} WARNING - No viable dags retrieved from /Users/noejalabert/airflow_venv/lib/python3.11/site-packages/airflow/example_dags/plugins/listener_plugin.py
[2024-04-30T15:44:18.842+0200] {processor.py:183} INFO - Processing /Users/noejalabert/airflow_venv/lib/python3.11/site-packages/airflow/example_dags/plugins/listener_plugin.py took 0.038 seconds
[2024-04-30T15:45:27.453+0200] {processor.py:161} INFO - Started process (PID=30851) to work on /Users/noejalabert/airflow_venv/lib/python3.11/site-packages/airflow/example_dags/plugins/listener_plugin.py
[2024-04-30T15:45:27.454+0200] {processor.py:830} INFO - Processing file /Users/noejalabert/airflow_venv/lib/python3.11/site-packages/airflow/example_dags/plugins/listener_plugin.py for tasks to queue
[2024-04-30T15:45:27.454+0200] {logging_mixin.py:188} INFO - [2024-04-30T15:45:27.454+0200] {dagbag.py:540} INFO - Filling up the DagBag from /Users/noejalabert/airflow_venv/lib/python3.11/site-packages/airflow/example_dags/plugins/listener_plugin.py
[2024-04-30T15:45:27.455+0200] {processor.py:842} WARNING - No viable dags retrieved from /Users/noejalabert/airflow_venv/lib/python3.11/site-packages/airflow/example_dags/plugins/listener_plugin.py
[2024-04-30T15:45:27.490+0200] {processor.py:183} INFO - Processing /Users/noejalabert/airflow_venv/lib/python3.11/site-packages/airflow/example_dags/plugins/listener_plugin.py took 0.038 seconds
[2024-04-30T15:46:28.140+0200] {processor.py:161} INFO - Started process (PID=30887) to work on /Users/noejalabert/airflow_venv/lib/python3.11/site-packages/airflow/example_dags/plugins/listener_plugin.py
[2024-04-30T15:46:28.141+0200] {processor.py:830} INFO - Processing file /Users/noejalabert/airflow_venv/lib/python3.11/site-packages/airflow/example_dags/plugins/listener_plugin.py for tasks to queue
[2024-04-30T15:46:28.141+0200] {logging_mixin.py:188} INFO - [2024-04-30T15:46:28.141+0200] {dagbag.py:540} INFO - Filling up the DagBag from /Users/noejalabert/airflow_venv/lib/python3.11/site-packages/airflow/example_dags/plugins/listener_plugin.py
[2024-04-30T15:46:28.142+0200] {processor.py:842} WARNING - No viable dags retrieved from /Users/noejalabert/airflow_venv/lib/python3.11/site-packages/airflow/example_dags/plugins/listener_plugin.py
[2024-04-30T15:46:28.176+0200] {processor.py:183} INFO - Processing /Users/noejalabert/airflow_venv/lib/python3.11/site-packages/airflow/example_dags/plugins/listener_plugin.py took 0.037 seconds
[2024-04-30T15:47:26.406+0200] {processor.py:161} INFO - Started process (PID=30925) to work on /Users/noejalabert/airflow_venv/lib/python3.11/site-packages/airflow/example_dags/plugins/listener_plugin.py
[2024-04-30T15:47:26.406+0200] {processor.py:830} INFO - Processing file /Users/noejalabert/airflow_venv/lib/python3.11/site-packages/airflow/example_dags/plugins/listener_plugin.py for tasks to queue
[2024-04-30T15:47:26.407+0200] {logging_mixin.py:188} INFO - [2024-04-30T15:47:26.407+0200] {dagbag.py:540} INFO - Filling up the DagBag from /Users/noejalabert/airflow_venv/lib/python3.11/site-packages/airflow/example_dags/plugins/listener_plugin.py
[2024-04-30T15:47:26.408+0200] {processor.py:842} WARNING - No viable dags retrieved from /Users/noejalabert/airflow_venv/lib/python3.11/site-packages/airflow/example_dags/plugins/listener_plugin.py
[2024-04-30T15:47:26.443+0200] {processor.py:183} INFO - Processing /Users/noejalabert/airflow_venv/lib/python3.11/site-packages/airflow/example_dags/plugins/listener_plugin.py took 0.038 seconds
[2024-04-30T15:48:28.362+0200] {processor.py:161} INFO - Started process (PID=30966) to work on /Users/noejalabert/airflow_venv/lib/python3.11/site-packages/airflow/example_dags/plugins/listener_plugin.py
[2024-04-30T15:48:28.362+0200] {processor.py:830} INFO - Processing file /Users/noejalabert/airflow_venv/lib/python3.11/site-packages/airflow/example_dags/plugins/listener_plugin.py for tasks to queue
[2024-04-30T15:48:28.363+0200] {logging_mixin.py:188} INFO - [2024-04-30T15:48:28.362+0200] {dagbag.py:540} INFO - Filling up the DagBag from /Users/noejalabert/airflow_venv/lib/python3.11/site-packages/airflow/example_dags/plugins/listener_plugin.py
[2024-04-30T15:48:28.363+0200] {processor.py:842} WARNING - No viable dags retrieved from /Users/noejalabert/airflow_venv/lib/python3.11/site-packages/airflow/example_dags/plugins/listener_plugin.py
[2024-04-30T15:48:28.398+0200] {processor.py:183} INFO - Processing /Users/noejalabert/airflow_venv/lib/python3.11/site-packages/airflow/example_dags/plugins/listener_plugin.py took 0.038 seconds
[2024-04-30T15:49:26.819+0200] {processor.py:161} INFO - Started process (PID=31013) to work on /Users/noejalabert/airflow_venv/lib/python3.11/site-packages/airflow/example_dags/plugins/listener_plugin.py
[2024-04-30T15:49:26.820+0200] {processor.py:830} INFO - Processing file /Users/noejalabert/airflow_venv/lib/python3.11/site-packages/airflow/example_dags/plugins/listener_plugin.py for tasks to queue
[2024-04-30T15:49:26.820+0200] {logging_mixin.py:188} INFO - [2024-04-30T15:49:26.820+0200] {dagbag.py:540} INFO - Filling up the DagBag from /Users/noejalabert/airflow_venv/lib/python3.11/site-packages/airflow/example_dags/plugins/listener_plugin.py
[2024-04-30T15:49:26.821+0200] {processor.py:842} WARNING - No viable dags retrieved from /Users/noejalabert/airflow_venv/lib/python3.11/site-packages/airflow/example_dags/plugins/listener_plugin.py
[2024-04-30T15:49:26.855+0200] {processor.py:183} INFO - Processing /Users/noejalabert/airflow_venv/lib/python3.11/site-packages/airflow/example_dags/plugins/listener_plugin.py took 0.037 seconds
[2024-04-30T15:50:24.179+0200] {processor.py:161} INFO - Started process (PID=31055) to work on /Users/noejalabert/airflow_venv/lib/python3.11/site-packages/airflow/example_dags/plugins/listener_plugin.py
[2024-04-30T15:50:24.180+0200] {processor.py:830} INFO - Processing file /Users/noejalabert/airflow_venv/lib/python3.11/site-packages/airflow/example_dags/plugins/listener_plugin.py for tasks to queue
[2024-04-30T15:50:24.180+0200] {logging_mixin.py:188} INFO - [2024-04-30T15:50:24.180+0200] {dagbag.py:540} INFO - Filling up the DagBag from /Users/noejalabert/airflow_venv/lib/python3.11/site-packages/airflow/example_dags/plugins/listener_plugin.py
[2024-04-30T15:50:24.181+0200] {processor.py:842} WARNING - No viable dags retrieved from /Users/noejalabert/airflow_venv/lib/python3.11/site-packages/airflow/example_dags/plugins/listener_plugin.py
[2024-04-30T15:50:24.215+0200] {processor.py:183} INFO - Processing /Users/noejalabert/airflow_venv/lib/python3.11/site-packages/airflow/example_dags/plugins/listener_plugin.py took 0.037 seconds
[2024-04-30T15:51:54.551+0200] {processor.py:161} INFO - Started process (PID=31086) to work on /Users/noejalabert/airflow_venv/lib/python3.11/site-packages/airflow/example_dags/plugins/listener_plugin.py
[2024-04-30T15:51:54.552+0200] {processor.py:830} INFO - Processing file /Users/noejalabert/airflow_venv/lib/python3.11/site-packages/airflow/example_dags/plugins/listener_plugin.py for tasks to queue
[2024-04-30T15:51:54.552+0200] {logging_mixin.py:188} INFO - [2024-04-30T15:51:54.552+0200] {dagbag.py:540} INFO - Filling up the DagBag from /Users/noejalabert/airflow_venv/lib/python3.11/site-packages/airflow/example_dags/plugins/listener_plugin.py
[2024-04-30T15:51:54.553+0200] {processor.py:842} WARNING - No viable dags retrieved from /Users/noejalabert/airflow_venv/lib/python3.11/site-packages/airflow/example_dags/plugins/listener_plugin.py
[2024-04-30T15:51:54.591+0200] {processor.py:183} INFO - Processing /Users/noejalabert/airflow_venv/lib/python3.11/site-packages/airflow/example_dags/plugins/listener_plugin.py took 0.041 seconds
[2024-04-30T15:53:26.205+0200] {processor.py:161} INFO - Started process (PID=31152) to work on /Users/noejalabert/airflow_venv/lib/python3.11/site-packages/airflow/example_dags/plugins/listener_plugin.py
[2024-04-30T15:53:26.206+0200] {processor.py:830} INFO - Processing file /Users/noejalabert/airflow_venv/lib/python3.11/site-packages/airflow/example_dags/plugins/listener_plugin.py for tasks to queue
[2024-04-30T15:53:26.206+0200] {logging_mixin.py:188} INFO - [2024-04-30T15:53:26.206+0200] {dagbag.py:540} INFO - Filling up the DagBag from /Users/noejalabert/airflow_venv/lib/python3.11/site-packages/airflow/example_dags/plugins/listener_plugin.py
[2024-04-30T15:53:26.207+0200] {processor.py:842} WARNING - No viable dags retrieved from /Users/noejalabert/airflow_venv/lib/python3.11/site-packages/airflow/example_dags/plugins/listener_plugin.py
[2024-04-30T15:53:26.241+0200] {processor.py:183} INFO - Processing /Users/noejalabert/airflow_venv/lib/python3.11/site-packages/airflow/example_dags/plugins/listener_plugin.py took 0.037 seconds
[2024-04-30T15:54:49.829+0200] {processor.py:161} INFO - Started process (PID=31218) to work on /Users/noejalabert/airflow_venv/lib/python3.11/site-packages/airflow/example_dags/plugins/listener_plugin.py
[2024-04-30T15:54:49.830+0200] {processor.py:830} INFO - Processing file /Users/noejalabert/airflow_venv/lib/python3.11/site-packages/airflow/example_dags/plugins/listener_plugin.py for tasks to queue
[2024-04-30T15:54:49.830+0200] {logging_mixin.py:188} INFO - [2024-04-30T15:54:49.830+0200] {dagbag.py:540} INFO - Filling up the DagBag from /Users/noejalabert/airflow_venv/lib/python3.11/site-packages/airflow/example_dags/plugins/listener_plugin.py
[2024-04-30T15:54:49.831+0200] {processor.py:842} WARNING - No viable dags retrieved from /Users/noejalabert/airflow_venv/lib/python3.11/site-packages/airflow/example_dags/plugins/listener_plugin.py
[2024-04-30T15:54:49.865+0200] {processor.py:183} INFO - Processing /Users/noejalabert/airflow_venv/lib/python3.11/site-packages/airflow/example_dags/plugins/listener_plugin.py took 0.037 seconds
[2024-04-30T15:56:15.130+0200] {processor.py:161} INFO - Started process (PID=31273) to work on /Users/noejalabert/airflow_venv/lib/python3.11/site-packages/airflow/example_dags/plugins/listener_plugin.py
[2024-04-30T15:56:15.131+0200] {processor.py:830} INFO - Processing file /Users/noejalabert/airflow_venv/lib/python3.11/site-packages/airflow/example_dags/plugins/listener_plugin.py for tasks to queue
[2024-04-30T15:56:15.131+0200] {logging_mixin.py:188} INFO - [2024-04-30T15:56:15.131+0200] {dagbag.py:540} INFO - Filling up the DagBag from /Users/noejalabert/airflow_venv/lib/python3.11/site-packages/airflow/example_dags/plugins/listener_plugin.py
[2024-04-30T15:56:15.132+0200] {processor.py:842} WARNING - No viable dags retrieved from /Users/noejalabert/airflow_venv/lib/python3.11/site-packages/airflow/example_dags/plugins/listener_plugin.py
[2024-04-30T15:56:15.166+0200] {processor.py:183} INFO - Processing /Users/noejalabert/airflow_venv/lib/python3.11/site-packages/airflow/example_dags/plugins/listener_plugin.py took 0.037 seconds
[2024-04-30T15:57:39.248+0200] {processor.py:161} INFO - Started process (PID=31344) to work on /Users/noejalabert/airflow_venv/lib/python3.11/site-packages/airflow/example_dags/plugins/listener_plugin.py
[2024-04-30T15:57:39.249+0200] {processor.py:830} INFO - Processing file /Users/noejalabert/airflow_venv/lib/python3.11/site-packages/airflow/example_dags/plugins/listener_plugin.py for tasks to queue
[2024-04-30T15:57:39.249+0200] {logging_mixin.py:188} INFO - [2024-04-30T15:57:39.249+0200] {dagbag.py:540} INFO - Filling up the DagBag from /Users/noejalabert/airflow_venv/lib/python3.11/site-packages/airflow/example_dags/plugins/listener_plugin.py
[2024-04-30T15:57:39.250+0200] {processor.py:842} WARNING - No viable dags retrieved from /Users/noejalabert/airflow_venv/lib/python3.11/site-packages/airflow/example_dags/plugins/listener_plugin.py
[2024-04-30T15:57:39.285+0200] {processor.py:183} INFO - Processing /Users/noejalabert/airflow_venv/lib/python3.11/site-packages/airflow/example_dags/plugins/listener_plugin.py took 0.038 seconds
[2024-04-30T15:59:06.896+0200] {processor.py:161} INFO - Started process (PID=31627) to work on /Users/noejalabert/airflow_venv/lib/python3.11/site-packages/airflow/example_dags/plugins/listener_plugin.py
[2024-04-30T15:59:06.897+0200] {processor.py:830} INFO - Processing file /Users/noejalabert/airflow_venv/lib/python3.11/site-packages/airflow/example_dags/plugins/listener_plugin.py for tasks to queue
[2024-04-30T15:59:06.897+0200] {logging_mixin.py:188} INFO - [2024-04-30T15:59:06.897+0200] {dagbag.py:540} INFO - Filling up the DagBag from /Users/noejalabert/airflow_venv/lib/python3.11/site-packages/airflow/example_dags/plugins/listener_plugin.py
[2024-04-30T15:59:06.898+0200] {processor.py:842} WARNING - No viable dags retrieved from /Users/noejalabert/airflow_venv/lib/python3.11/site-packages/airflow/example_dags/plugins/listener_plugin.py
[2024-04-30T15:59:06.933+0200] {processor.py:183} INFO - Processing /Users/noejalabert/airflow_venv/lib/python3.11/site-packages/airflow/example_dags/plugins/listener_plugin.py took 0.039 seconds
[2024-04-30T16:00:30.300+0200] {processor.py:161} INFO - Started process (PID=31696) to work on /Users/noejalabert/airflow_venv/lib/python3.11/site-packages/airflow/example_dags/plugins/listener_plugin.py
[2024-04-30T16:00:30.300+0200] {processor.py:830} INFO - Processing file /Users/noejalabert/airflow_venv/lib/python3.11/site-packages/airflow/example_dags/plugins/listener_plugin.py for tasks to queue
[2024-04-30T16:00:30.301+0200] {logging_mixin.py:188} INFO - [2024-04-30T16:00:30.300+0200] {dagbag.py:540} INFO - Filling up the DagBag from /Users/noejalabert/airflow_venv/lib/python3.11/site-packages/airflow/example_dags/plugins/listener_plugin.py
[2024-04-30T16:00:30.301+0200] {processor.py:842} WARNING - No viable dags retrieved from /Users/noejalabert/airflow_venv/lib/python3.11/site-packages/airflow/example_dags/plugins/listener_plugin.py
[2024-04-30T16:00:30.336+0200] {processor.py:183} INFO - Processing /Users/noejalabert/airflow_venv/lib/python3.11/site-packages/airflow/example_dags/plugins/listener_plugin.py took 0.038 seconds
[2024-04-30T16:01:54.032+0200] {processor.py:161} INFO - Started process (PID=31754) to work on /Users/noejalabert/airflow_venv/lib/python3.11/site-packages/airflow/example_dags/plugins/listener_plugin.py
[2024-04-30T16:01:54.032+0200] {processor.py:830} INFO - Processing file /Users/noejalabert/airflow_venv/lib/python3.11/site-packages/airflow/example_dags/plugins/listener_plugin.py for tasks to queue
[2024-04-30T16:01:54.033+0200] {logging_mixin.py:188} INFO - [2024-04-30T16:01:54.033+0200] {dagbag.py:540} INFO - Filling up the DagBag from /Users/noejalabert/airflow_venv/lib/python3.11/site-packages/airflow/example_dags/plugins/listener_plugin.py
[2024-04-30T16:01:54.034+0200] {processor.py:842} WARNING - No viable dags retrieved from /Users/noejalabert/airflow_venv/lib/python3.11/site-packages/airflow/example_dags/plugins/listener_plugin.py
[2024-04-30T16:01:54.071+0200] {processor.py:183} INFO - Processing /Users/noejalabert/airflow_venv/lib/python3.11/site-packages/airflow/example_dags/plugins/listener_plugin.py took 0.040 seconds
[2024-04-30T16:03:19.696+0200] {processor.py:161} INFO - Started process (PID=31816) to work on /Users/noejalabert/airflow_venv/lib/python3.11/site-packages/airflow/example_dags/plugins/listener_plugin.py
[2024-04-30T16:03:19.696+0200] {processor.py:830} INFO - Processing file /Users/noejalabert/airflow_venv/lib/python3.11/site-packages/airflow/example_dags/plugins/listener_plugin.py for tasks to queue
[2024-04-30T16:03:19.697+0200] {logging_mixin.py:188} INFO - [2024-04-30T16:03:19.697+0200] {dagbag.py:540} INFO - Filling up the DagBag from /Users/noejalabert/airflow_venv/lib/python3.11/site-packages/airflow/example_dags/plugins/listener_plugin.py
[2024-04-30T16:03:19.698+0200] {processor.py:842} WARNING - No viable dags retrieved from /Users/noejalabert/airflow_venv/lib/python3.11/site-packages/airflow/example_dags/plugins/listener_plugin.py
[2024-04-30T16:03:19.733+0200] {processor.py:183} INFO - Processing /Users/noejalabert/airflow_venv/lib/python3.11/site-packages/airflow/example_dags/plugins/listener_plugin.py took 0.038 seconds
[2024-04-30T16:04:44.172+0200] {processor.py:161} INFO - Started process (PID=31884) to work on /Users/noejalabert/airflow_venv/lib/python3.11/site-packages/airflow/example_dags/plugins/listener_plugin.py
[2024-04-30T16:04:44.173+0200] {processor.py:830} INFO - Processing file /Users/noejalabert/airflow_venv/lib/python3.11/site-packages/airflow/example_dags/plugins/listener_plugin.py for tasks to queue
[2024-04-30T16:04:44.174+0200] {logging_mixin.py:188} INFO - [2024-04-30T16:04:44.174+0200] {dagbag.py:540} INFO - Filling up the DagBag from /Users/noejalabert/airflow_venv/lib/python3.11/site-packages/airflow/example_dags/plugins/listener_plugin.py
[2024-04-30T16:04:44.175+0200] {processor.py:842} WARNING - No viable dags retrieved from /Users/noejalabert/airflow_venv/lib/python3.11/site-packages/airflow/example_dags/plugins/listener_plugin.py
[2024-04-30T16:04:44.210+0200] {processor.py:183} INFO - Processing /Users/noejalabert/airflow_venv/lib/python3.11/site-packages/airflow/example_dags/plugins/listener_plugin.py took 0.039 seconds
[2024-04-30T16:07:46.014+0200] {processor.py:161} INFO - Started process (PID=31974) to work on /Users/noejalabert/airflow_venv/lib/python3.11/site-packages/airflow/example_dags/plugins/listener_plugin.py
[2024-04-30T16:07:46.016+0200] {processor.py:830} INFO - Processing file /Users/noejalabert/airflow_venv/lib/python3.11/site-packages/airflow/example_dags/plugins/listener_plugin.py for tasks to queue
[2024-04-30T16:07:46.016+0200] {logging_mixin.py:188} INFO - [2024-04-30T16:07:46.016+0200] {dagbag.py:540} INFO - Filling up the DagBag from /Users/noejalabert/airflow_venv/lib/python3.11/site-packages/airflow/example_dags/plugins/listener_plugin.py
[2024-04-30T16:07:46.026+0200] {processor.py:842} WARNING - No viable dags retrieved from /Users/noejalabert/airflow_venv/lib/python3.11/site-packages/airflow/example_dags/plugins/listener_plugin.py
[2024-04-30T16:07:46.104+0200] {processor.py:183} INFO - Processing /Users/noejalabert/airflow_venv/lib/python3.11/site-packages/airflow/example_dags/plugins/listener_plugin.py took 0.091 seconds
[2024-04-30T16:09:08.440+0200] {processor.py:161} INFO - Started process (PID=32048) to work on /Users/noejalabert/airflow_venv/lib/python3.11/site-packages/airflow/example_dags/plugins/listener_plugin.py
[2024-04-30T16:09:08.441+0200] {processor.py:830} INFO - Processing file /Users/noejalabert/airflow_venv/lib/python3.11/site-packages/airflow/example_dags/plugins/listener_plugin.py for tasks to queue
[2024-04-30T16:09:08.441+0200] {logging_mixin.py:188} INFO - [2024-04-30T16:09:08.441+0200] {dagbag.py:540} INFO - Filling up the DagBag from /Users/noejalabert/airflow_venv/lib/python3.11/site-packages/airflow/example_dags/plugins/listener_plugin.py
[2024-04-30T16:09:08.442+0200] {processor.py:842} WARNING - No viable dags retrieved from /Users/noejalabert/airflow_venv/lib/python3.11/site-packages/airflow/example_dags/plugins/listener_plugin.py
[2024-04-30T16:09:08.476+0200] {processor.py:183} INFO - Processing /Users/noejalabert/airflow_venv/lib/python3.11/site-packages/airflow/example_dags/plugins/listener_plugin.py took 0.037 seconds
[2024-04-30T16:10:31.758+0200] {processor.py:161} INFO - Started process (PID=32114) to work on /Users/noejalabert/airflow_venv/lib/python3.11/site-packages/airflow/example_dags/plugins/listener_plugin.py
[2024-04-30T16:10:31.759+0200] {processor.py:830} INFO - Processing file /Users/noejalabert/airflow_venv/lib/python3.11/site-packages/airflow/example_dags/plugins/listener_plugin.py for tasks to queue
[2024-04-30T16:10:31.759+0200] {logging_mixin.py:188} INFO - [2024-04-30T16:10:31.759+0200] {dagbag.py:540} INFO - Filling up the DagBag from /Users/noejalabert/airflow_venv/lib/python3.11/site-packages/airflow/example_dags/plugins/listener_plugin.py
[2024-04-30T16:10:31.760+0200] {processor.py:842} WARNING - No viable dags retrieved from /Users/noejalabert/airflow_venv/lib/python3.11/site-packages/airflow/example_dags/plugins/listener_plugin.py
[2024-04-30T16:10:31.797+0200] {processor.py:183} INFO - Processing /Users/noejalabert/airflow_venv/lib/python3.11/site-packages/airflow/example_dags/plugins/listener_plugin.py took 0.040 seconds
[2024-04-30T16:11:59.173+0200] {processor.py:161} INFO - Started process (PID=32182) to work on /Users/noejalabert/airflow_venv/lib/python3.11/site-packages/airflow/example_dags/plugins/listener_plugin.py
[2024-04-30T16:11:59.174+0200] {processor.py:830} INFO - Processing file /Users/noejalabert/airflow_venv/lib/python3.11/site-packages/airflow/example_dags/plugins/listener_plugin.py for tasks to queue
[2024-04-30T16:11:59.175+0200] {logging_mixin.py:188} INFO - [2024-04-30T16:11:59.175+0200] {dagbag.py:540} INFO - Filling up the DagBag from /Users/noejalabert/airflow_venv/lib/python3.11/site-packages/airflow/example_dags/plugins/listener_plugin.py
[2024-04-30T16:11:59.176+0200] {processor.py:842} WARNING - No viable dags retrieved from /Users/noejalabert/airflow_venv/lib/python3.11/site-packages/airflow/example_dags/plugins/listener_plugin.py
[2024-04-30T16:11:59.210+0200] {processor.py:183} INFO - Processing /Users/noejalabert/airflow_venv/lib/python3.11/site-packages/airflow/example_dags/plugins/listener_plugin.py took 0.038 seconds
[2024-04-30T16:13:23.034+0200] {processor.py:161} INFO - Started process (PID=32246) to work on /Users/noejalabert/airflow_venv/lib/python3.11/site-packages/airflow/example_dags/plugins/listener_plugin.py
[2024-04-30T16:13:23.034+0200] {processor.py:830} INFO - Processing file /Users/noejalabert/airflow_venv/lib/python3.11/site-packages/airflow/example_dags/plugins/listener_plugin.py for tasks to queue
[2024-04-30T16:13:23.035+0200] {logging_mixin.py:188} INFO - [2024-04-30T16:13:23.035+0200] {dagbag.py:540} INFO - Filling up the DagBag from /Users/noejalabert/airflow_venv/lib/python3.11/site-packages/airflow/example_dags/plugins/listener_plugin.py
[2024-04-30T16:13:23.036+0200] {processor.py:842} WARNING - No viable dags retrieved from /Users/noejalabert/airflow_venv/lib/python3.11/site-packages/airflow/example_dags/plugins/listener_plugin.py
[2024-04-30T16:13:23.070+0200] {processor.py:183} INFO - Processing /Users/noejalabert/airflow_venv/lib/python3.11/site-packages/airflow/example_dags/plugins/listener_plugin.py took 0.037 seconds
[2024-04-30T16:14:49.646+0200] {processor.py:161} INFO - Started process (PID=32311) to work on /Users/noejalabert/airflow_venv/lib/python3.11/site-packages/airflow/example_dags/plugins/listener_plugin.py
[2024-04-30T16:14:49.647+0200] {processor.py:830} INFO - Processing file /Users/noejalabert/airflow_venv/lib/python3.11/site-packages/airflow/example_dags/plugins/listener_plugin.py for tasks to queue
[2024-04-30T16:14:49.648+0200] {logging_mixin.py:188} INFO - [2024-04-30T16:14:49.647+0200] {dagbag.py:540} INFO - Filling up the DagBag from /Users/noejalabert/airflow_venv/lib/python3.11/site-packages/airflow/example_dags/plugins/listener_plugin.py
[2024-04-30T16:14:49.648+0200] {processor.py:842} WARNING - No viable dags retrieved from /Users/noejalabert/airflow_venv/lib/python3.11/site-packages/airflow/example_dags/plugins/listener_plugin.py
[2024-04-30T16:14:49.683+0200] {processor.py:183} INFO - Processing /Users/noejalabert/airflow_venv/lib/python3.11/site-packages/airflow/example_dags/plugins/listener_plugin.py took 0.039 seconds
[2024-04-30T16:16:15.412+0200] {processor.py:161} INFO - Started process (PID=32377) to work on /Users/noejalabert/airflow_venv/lib/python3.11/site-packages/airflow/example_dags/plugins/listener_plugin.py
[2024-04-30T16:16:15.413+0200] {processor.py:830} INFO - Processing file /Users/noejalabert/airflow_venv/lib/python3.11/site-packages/airflow/example_dags/plugins/listener_plugin.py for tasks to queue
[2024-04-30T16:16:15.413+0200] {logging_mixin.py:188} INFO - [2024-04-30T16:16:15.413+0200] {dagbag.py:540} INFO - Filling up the DagBag from /Users/noejalabert/airflow_venv/lib/python3.11/site-packages/airflow/example_dags/plugins/listener_plugin.py
[2024-04-30T16:16:15.414+0200] {processor.py:842} WARNING - No viable dags retrieved from /Users/noejalabert/airflow_venv/lib/python3.11/site-packages/airflow/example_dags/plugins/listener_plugin.py
[2024-04-30T16:16:15.448+0200] {processor.py:183} INFO - Processing /Users/noejalabert/airflow_venv/lib/python3.11/site-packages/airflow/example_dags/plugins/listener_plugin.py took 0.037 seconds
[2024-04-30T16:17:36.799+0200] {processor.py:161} INFO - Started process (PID=32451) to work on /Users/noejalabert/airflow_venv/lib/python3.11/site-packages/airflow/example_dags/plugins/listener_plugin.py
[2024-04-30T16:17:36.799+0200] {processor.py:830} INFO - Processing file /Users/noejalabert/airflow_venv/lib/python3.11/site-packages/airflow/example_dags/plugins/listener_plugin.py for tasks to queue
[2024-04-30T16:17:36.799+0200] {logging_mixin.py:188} INFO - [2024-04-30T16:17:36.799+0200] {dagbag.py:540} INFO - Filling up the DagBag from /Users/noejalabert/airflow_venv/lib/python3.11/site-packages/airflow/example_dags/plugins/listener_plugin.py
[2024-04-30T16:17:36.800+0200] {processor.py:842} WARNING - No viable dags retrieved from /Users/noejalabert/airflow_venv/lib/python3.11/site-packages/airflow/example_dags/plugins/listener_plugin.py
[2024-04-30T16:17:36.835+0200] {processor.py:183} INFO - Processing /Users/noejalabert/airflow_venv/lib/python3.11/site-packages/airflow/example_dags/plugins/listener_plugin.py took 0.038 seconds
[2024-04-30T16:19:00.759+0200] {processor.py:161} INFO - Started process (PID=32508) to work on /Users/noejalabert/airflow_venv/lib/python3.11/site-packages/airflow/example_dags/plugins/listener_plugin.py
[2024-04-30T16:19:00.760+0200] {processor.py:830} INFO - Processing file /Users/noejalabert/airflow_venv/lib/python3.11/site-packages/airflow/example_dags/plugins/listener_plugin.py for tasks to queue
[2024-04-30T16:19:00.760+0200] {logging_mixin.py:188} INFO - [2024-04-30T16:19:00.760+0200] {dagbag.py:540} INFO - Filling up the DagBag from /Users/noejalabert/airflow_venv/lib/python3.11/site-packages/airflow/example_dags/plugins/listener_plugin.py
[2024-04-30T16:19:00.761+0200] {processor.py:842} WARNING - No viable dags retrieved from /Users/noejalabert/airflow_venv/lib/python3.11/site-packages/airflow/example_dags/plugins/listener_plugin.py
[2024-04-30T16:19:00.795+0200] {processor.py:183} INFO - Processing /Users/noejalabert/airflow_venv/lib/python3.11/site-packages/airflow/example_dags/plugins/listener_plugin.py took 0.037 seconds
[2024-04-30T16:20:20.305+0200] {processor.py:161} INFO - Started process (PID=32567) to work on /Users/noejalabert/airflow_venv/lib/python3.11/site-packages/airflow/example_dags/plugins/listener_plugin.py
[2024-04-30T16:20:20.305+0200] {processor.py:830} INFO - Processing file /Users/noejalabert/airflow_venv/lib/python3.11/site-packages/airflow/example_dags/plugins/listener_plugin.py for tasks to queue
[2024-04-30T16:20:20.305+0200] {logging_mixin.py:188} INFO - [2024-04-30T16:20:20.305+0200] {dagbag.py:540} INFO - Filling up the DagBag from /Users/noejalabert/airflow_venv/lib/python3.11/site-packages/airflow/example_dags/plugins/listener_plugin.py
[2024-04-30T16:20:20.306+0200] {processor.py:842} WARNING - No viable dags retrieved from /Users/noejalabert/airflow_venv/lib/python3.11/site-packages/airflow/example_dags/plugins/listener_plugin.py
[2024-04-30T16:20:20.341+0200] {processor.py:183} INFO - Processing /Users/noejalabert/airflow_venv/lib/python3.11/site-packages/airflow/example_dags/plugins/listener_plugin.py took 0.038 seconds
[2024-04-30T16:22:02.647+0200] {processor.py:161} INFO - Started process (PID=32645) to work on /Users/noejalabert/airflow_venv/lib/python3.11/site-packages/airflow/example_dags/plugins/listener_plugin.py
[2024-04-30T16:22:02.649+0200] {processor.py:830} INFO - Processing file /Users/noejalabert/airflow_venv/lib/python3.11/site-packages/airflow/example_dags/plugins/listener_plugin.py for tasks to queue
[2024-04-30T16:22:02.649+0200] {logging_mixin.py:188} INFO - [2024-04-30T16:22:02.649+0200] {dagbag.py:540} INFO - Filling up the DagBag from /Users/noejalabert/airflow_venv/lib/python3.11/site-packages/airflow/example_dags/plugins/listener_plugin.py
[2024-04-30T16:22:02.650+0200] {processor.py:842} WARNING - No viable dags retrieved from /Users/noejalabert/airflow_venv/lib/python3.11/site-packages/airflow/example_dags/plugins/listener_plugin.py
[2024-04-30T16:22:02.685+0200] {processor.py:183} INFO - Processing /Users/noejalabert/airflow_venv/lib/python3.11/site-packages/airflow/example_dags/plugins/listener_plugin.py took 0.039 seconds
[2024-04-30T16:23:27.311+0200] {processor.py:161} INFO - Started process (PID=32729) to work on /Users/noejalabert/airflow_venv/lib/python3.11/site-packages/airflow/example_dags/plugins/listener_plugin.py
[2024-04-30T16:23:27.311+0200] {processor.py:830} INFO - Processing file /Users/noejalabert/airflow_venv/lib/python3.11/site-packages/airflow/example_dags/plugins/listener_plugin.py for tasks to queue
[2024-04-30T16:23:27.312+0200] {logging_mixin.py:188} INFO - [2024-04-30T16:23:27.312+0200] {dagbag.py:540} INFO - Filling up the DagBag from /Users/noejalabert/airflow_venv/lib/python3.11/site-packages/airflow/example_dags/plugins/listener_plugin.py
[2024-04-30T16:23:27.313+0200] {processor.py:842} WARNING - No viable dags retrieved from /Users/noejalabert/airflow_venv/lib/python3.11/site-packages/airflow/example_dags/plugins/listener_plugin.py
[2024-04-30T16:23:27.347+0200] {processor.py:183} INFO - Processing /Users/noejalabert/airflow_venv/lib/python3.11/site-packages/airflow/example_dags/plugins/listener_plugin.py took 0.037 seconds
[2024-04-30T16:24:55.114+0200] {processor.py:161} INFO - Started process (PID=32810) to work on /Users/noejalabert/airflow_venv/lib/python3.11/site-packages/airflow/example_dags/plugins/listener_plugin.py
[2024-04-30T16:24:55.115+0200] {processor.py:830} INFO - Processing file /Users/noejalabert/airflow_venv/lib/python3.11/site-packages/airflow/example_dags/plugins/listener_plugin.py for tasks to queue
[2024-04-30T16:24:55.115+0200] {logging_mixin.py:188} INFO - [2024-04-30T16:24:55.115+0200] {dagbag.py:540} INFO - Filling up the DagBag from /Users/noejalabert/airflow_venv/lib/python3.11/site-packages/airflow/example_dags/plugins/listener_plugin.py
[2024-04-30T16:24:55.116+0200] {processor.py:842} WARNING - No viable dags retrieved from /Users/noejalabert/airflow_venv/lib/python3.11/site-packages/airflow/example_dags/plugins/listener_plugin.py
[2024-04-30T16:24:55.151+0200] {processor.py:183} INFO - Processing /Users/noejalabert/airflow_venv/lib/python3.11/site-packages/airflow/example_dags/plugins/listener_plugin.py took 0.038 seconds
[2024-04-30T16:26:14.893+0200] {processor.py:161} INFO - Started process (PID=32870) to work on /Users/noejalabert/airflow_venv/lib/python3.11/site-packages/airflow/example_dags/plugins/listener_plugin.py
[2024-04-30T16:26:14.894+0200] {processor.py:830} INFO - Processing file /Users/noejalabert/airflow_venv/lib/python3.11/site-packages/airflow/example_dags/plugins/listener_plugin.py for tasks to queue
[2024-04-30T16:26:14.894+0200] {logging_mixin.py:188} INFO - [2024-04-30T16:26:14.894+0200] {dagbag.py:540} INFO - Filling up the DagBag from /Users/noejalabert/airflow_venv/lib/python3.11/site-packages/airflow/example_dags/plugins/listener_plugin.py
[2024-04-30T16:26:14.895+0200] {processor.py:842} WARNING - No viable dags retrieved from /Users/noejalabert/airflow_venv/lib/python3.11/site-packages/airflow/example_dags/plugins/listener_plugin.py
[2024-04-30T16:26:14.929+0200] {processor.py:183} INFO - Processing /Users/noejalabert/airflow_venv/lib/python3.11/site-packages/airflow/example_dags/plugins/listener_plugin.py took 0.037 seconds
[2024-04-30T16:27:40.687+0200] {processor.py:161} INFO - Started process (PID=32948) to work on /Users/noejalabert/airflow_venv/lib/python3.11/site-packages/airflow/example_dags/plugins/listener_plugin.py
[2024-04-30T16:27:40.688+0200] {processor.py:830} INFO - Processing file /Users/noejalabert/airflow_venv/lib/python3.11/site-packages/airflow/example_dags/plugins/listener_plugin.py for tasks to queue
[2024-04-30T16:27:40.688+0200] {logging_mixin.py:188} INFO - [2024-04-30T16:27:40.688+0200] {dagbag.py:540} INFO - Filling up the DagBag from /Users/noejalabert/airflow_venv/lib/python3.11/site-packages/airflow/example_dags/plugins/listener_plugin.py
[2024-04-30T16:27:40.689+0200] {processor.py:842} WARNING - No viable dags retrieved from /Users/noejalabert/airflow_venv/lib/python3.11/site-packages/airflow/example_dags/plugins/listener_plugin.py
[2024-04-30T16:27:40.724+0200] {processor.py:183} INFO - Processing /Users/noejalabert/airflow_venv/lib/python3.11/site-packages/airflow/example_dags/plugins/listener_plugin.py took 0.039 seconds
[2024-04-30T16:29:07.540+0200] {processor.py:161} INFO - Started process (PID=33007) to work on /Users/noejalabert/airflow_venv/lib/python3.11/site-packages/airflow/example_dags/plugins/listener_plugin.py
[2024-04-30T16:29:07.540+0200] {processor.py:830} INFO - Processing file /Users/noejalabert/airflow_venv/lib/python3.11/site-packages/airflow/example_dags/plugins/listener_plugin.py for tasks to queue
[2024-04-30T16:29:07.541+0200] {logging_mixin.py:188} INFO - [2024-04-30T16:29:07.541+0200] {dagbag.py:540} INFO - Filling up the DagBag from /Users/noejalabert/airflow_venv/lib/python3.11/site-packages/airflow/example_dags/plugins/listener_plugin.py
[2024-04-30T16:29:07.542+0200] {processor.py:842} WARNING - No viable dags retrieved from /Users/noejalabert/airflow_venv/lib/python3.11/site-packages/airflow/example_dags/plugins/listener_plugin.py
[2024-04-30T16:29:07.577+0200] {processor.py:183} INFO - Processing /Users/noejalabert/airflow_venv/lib/python3.11/site-packages/airflow/example_dags/plugins/listener_plugin.py took 0.038 seconds
[2024-04-30T16:30:33.498+0200] {processor.py:161} INFO - Started process (PID=33065) to work on /Users/noejalabert/airflow_venv/lib/python3.11/site-packages/airflow/example_dags/plugins/listener_plugin.py
[2024-04-30T16:30:33.498+0200] {processor.py:830} INFO - Processing file /Users/noejalabert/airflow_venv/lib/python3.11/site-packages/airflow/example_dags/plugins/listener_plugin.py for tasks to queue
[2024-04-30T16:30:33.498+0200] {logging_mixin.py:188} INFO - [2024-04-30T16:30:33.498+0200] {dagbag.py:540} INFO - Filling up the DagBag from /Users/noejalabert/airflow_venv/lib/python3.11/site-packages/airflow/example_dags/plugins/listener_plugin.py
[2024-04-30T16:30:33.499+0200] {processor.py:842} WARNING - No viable dags retrieved from /Users/noejalabert/airflow_venv/lib/python3.11/site-packages/airflow/example_dags/plugins/listener_plugin.py
[2024-04-30T16:30:33.534+0200] {processor.py:183} INFO - Processing /Users/noejalabert/airflow_venv/lib/python3.11/site-packages/airflow/example_dags/plugins/listener_plugin.py took 0.037 seconds
