[2024-06-09T12:27:42.244+0200] {processor.py:161} INFO - Started process (PID=80699) to work on /Users/noejalabert/airflow_venv/lib/python3.11/site-packages/airflow/example_dags/plugins/decreasing_priority_weight_strategy.py
[2024-06-09T12:27:42.245+0200] {processor.py:830} INFO - Processing file /Users/noejalabert/airflow_venv/lib/python3.11/site-packages/airflow/example_dags/plugins/decreasing_priority_weight_strategy.py for tasks to queue
[2024-06-09T12:27:42.245+0200] {logging_mixin.py:188} INFO - [2024-06-09T12:27:42.245+0200] {dagbag.py:540} INFO - Filling up the DagBag from /Users/noejalabert/airflow_venv/lib/python3.11/site-packages/airflow/example_dags/plugins/decreasing_priority_weight_strategy.py
[2024-06-09T12:27:42.246+0200] {processor.py:842} WARNING - No viable dags retrieved from /Users/noejalabert/airflow_venv/lib/python3.11/site-packages/airflow/example_dags/plugins/decreasing_priority_weight_strategy.py
[2024-06-09T12:27:42.287+0200] {processor.py:183} INFO - Processing /Users/noejalabert/airflow_venv/lib/python3.11/site-packages/airflow/example_dags/plugins/decreasing_priority_weight_strategy.py took 0.045 seconds
[2024-06-09T12:29:21.706+0200] {processor.py:161} INFO - Started process (PID=81014) to work on /Users/noejalabert/airflow_venv/lib/python3.11/site-packages/airflow/example_dags/plugins/decreasing_priority_weight_strategy.py
[2024-06-09T12:29:21.707+0200] {processor.py:830} INFO - Processing file /Users/noejalabert/airflow_venv/lib/python3.11/site-packages/airflow/example_dags/plugins/decreasing_priority_weight_strategy.py for tasks to queue
[2024-06-09T12:29:21.708+0200] {logging_mixin.py:188} INFO - [2024-06-09T12:29:21.708+0200] {dagbag.py:540} INFO - Filling up the DagBag from /Users/noejalabert/airflow_venv/lib/python3.11/site-packages/airflow/example_dags/plugins/decreasing_priority_weight_strategy.py
[2024-06-09T12:29:21.709+0200] {processor.py:842} WARNING - No viable dags retrieved from /Users/noejalabert/airflow_venv/lib/python3.11/site-packages/airflow/example_dags/plugins/decreasing_priority_weight_strategy.py
[2024-06-09T12:29:21.745+0200] {processor.py:183} INFO - Processing /Users/noejalabert/airflow_venv/lib/python3.11/site-packages/airflow/example_dags/plugins/decreasing_priority_weight_strategy.py took 0.041 seconds
[2024-06-09T12:31:02.842+0200] {processor.py:161} INFO - Started process (PID=81310) to work on /Users/noejalabert/airflow_venv/lib/python3.11/site-packages/airflow/example_dags/plugins/decreasing_priority_weight_strategy.py
[2024-06-09T12:31:02.843+0200] {processor.py:830} INFO - Processing file /Users/noejalabert/airflow_venv/lib/python3.11/site-packages/airflow/example_dags/plugins/decreasing_priority_weight_strategy.py for tasks to queue
[2024-06-09T12:31:02.844+0200] {logging_mixin.py:188} INFO - [2024-06-09T12:31:02.844+0200] {dagbag.py:540} INFO - Filling up the DagBag from /Users/noejalabert/airflow_venv/lib/python3.11/site-packages/airflow/example_dags/plugins/decreasing_priority_weight_strategy.py
[2024-06-09T12:31:02.844+0200] {processor.py:842} WARNING - No viable dags retrieved from /Users/noejalabert/airflow_venv/lib/python3.11/site-packages/airflow/example_dags/plugins/decreasing_priority_weight_strategy.py
[2024-06-09T12:31:02.880+0200] {processor.py:183} INFO - Processing /Users/noejalabert/airflow_venv/lib/python3.11/site-packages/airflow/example_dags/plugins/decreasing_priority_weight_strategy.py took 0.040 seconds
[2024-06-09T12:32:32.741+0200] {processor.py:161} INFO - Started process (PID=81573) to work on /Users/noejalabert/airflow_venv/lib/python3.11/site-packages/airflow/example_dags/plugins/decreasing_priority_weight_strategy.py
[2024-06-09T12:32:32.742+0200] {processor.py:830} INFO - Processing file /Users/noejalabert/airflow_venv/lib/python3.11/site-packages/airflow/example_dags/plugins/decreasing_priority_weight_strategy.py for tasks to queue
[2024-06-09T12:32:32.742+0200] {logging_mixin.py:188} INFO - [2024-06-09T12:32:32.742+0200] {dagbag.py:540} INFO - Filling up the DagBag from /Users/noejalabert/airflow_venv/lib/python3.11/site-packages/airflow/example_dags/plugins/decreasing_priority_weight_strategy.py
[2024-06-09T12:32:32.743+0200] {processor.py:842} WARNING - No viable dags retrieved from /Users/noejalabert/airflow_venv/lib/python3.11/site-packages/airflow/example_dags/plugins/decreasing_priority_weight_strategy.py
[2024-06-09T12:32:32.778+0200] {processor.py:183} INFO - Processing /Users/noejalabert/airflow_venv/lib/python3.11/site-packages/airflow/example_dags/plugins/decreasing_priority_weight_strategy.py took 0.039 seconds
[2024-06-09T12:34:00.125+0200] {processor.py:161} INFO - Started process (PID=81816) to work on /Users/noejalabert/airflow_venv/lib/python3.11/site-packages/airflow/example_dags/plugins/decreasing_priority_weight_strategy.py
[2024-06-09T12:34:00.126+0200] {processor.py:830} INFO - Processing file /Users/noejalabert/airflow_venv/lib/python3.11/site-packages/airflow/example_dags/plugins/decreasing_priority_weight_strategy.py for tasks to queue
[2024-06-09T12:34:00.126+0200] {logging_mixin.py:188} INFO - [2024-06-09T12:34:00.126+0200] {dagbag.py:540} INFO - Filling up the DagBag from /Users/noejalabert/airflow_venv/lib/python3.11/site-packages/airflow/example_dags/plugins/decreasing_priority_weight_strategy.py
[2024-06-09T12:34:00.127+0200] {processor.py:842} WARNING - No viable dags retrieved from /Users/noejalabert/airflow_venv/lib/python3.11/site-packages/airflow/example_dags/plugins/decreasing_priority_weight_strategy.py
[2024-06-09T12:34:00.165+0200] {processor.py:183} INFO - Processing /Users/noejalabert/airflow_venv/lib/python3.11/site-packages/airflow/example_dags/plugins/decreasing_priority_weight_strategy.py took 0.041 seconds
[2024-06-09T12:35:28.982+0200] {processor.py:161} INFO - Started process (PID=82092) to work on /Users/noejalabert/airflow_venv/lib/python3.11/site-packages/airflow/example_dags/plugins/decreasing_priority_weight_strategy.py
[2024-06-09T12:35:28.983+0200] {processor.py:830} INFO - Processing file /Users/noejalabert/airflow_venv/lib/python3.11/site-packages/airflow/example_dags/plugins/decreasing_priority_weight_strategy.py for tasks to queue
[2024-06-09T12:35:28.984+0200] {logging_mixin.py:188} INFO - [2024-06-09T12:35:28.984+0200] {dagbag.py:540} INFO - Filling up the DagBag from /Users/noejalabert/airflow_venv/lib/python3.11/site-packages/airflow/example_dags/plugins/decreasing_priority_weight_strategy.py
[2024-06-09T12:35:28.984+0200] {processor.py:842} WARNING - No viable dags retrieved from /Users/noejalabert/airflow_venv/lib/python3.11/site-packages/airflow/example_dags/plugins/decreasing_priority_weight_strategy.py
[2024-06-09T12:35:29.020+0200] {processor.py:183} INFO - Processing /Users/noejalabert/airflow_venv/lib/python3.11/site-packages/airflow/example_dags/plugins/decreasing_priority_weight_strategy.py took 0.039 seconds
[2024-06-09T12:37:00.267+0200] {processor.py:161} INFO - Started process (PID=82365) to work on /Users/noejalabert/airflow_venv/lib/python3.11/site-packages/airflow/example_dags/plugins/decreasing_priority_weight_strategy.py
[2024-06-09T12:37:00.269+0200] {processor.py:830} INFO - Processing file /Users/noejalabert/airflow_venv/lib/python3.11/site-packages/airflow/example_dags/plugins/decreasing_priority_weight_strategy.py for tasks to queue
[2024-06-09T12:37:00.269+0200] {logging_mixin.py:188} INFO - [2024-06-09T12:37:00.269+0200] {dagbag.py:540} INFO - Filling up the DagBag from /Users/noejalabert/airflow_venv/lib/python3.11/site-packages/airflow/example_dags/plugins/decreasing_priority_weight_strategy.py
[2024-06-09T12:37:00.270+0200] {processor.py:842} WARNING - No viable dags retrieved from /Users/noejalabert/airflow_venv/lib/python3.11/site-packages/airflow/example_dags/plugins/decreasing_priority_weight_strategy.py
[2024-06-09T12:37:00.309+0200] {processor.py:183} INFO - Processing /Users/noejalabert/airflow_venv/lib/python3.11/site-packages/airflow/example_dags/plugins/decreasing_priority_weight_strategy.py took 0.042 seconds
[2024-06-09T12:38:26.085+0200] {processor.py:161} INFO - Started process (PID=82627) to work on /Users/noejalabert/airflow_venv/lib/python3.11/site-packages/airflow/example_dags/plugins/decreasing_priority_weight_strategy.py
[2024-06-09T12:38:26.086+0200] {processor.py:830} INFO - Processing file /Users/noejalabert/airflow_venv/lib/python3.11/site-packages/airflow/example_dags/plugins/decreasing_priority_weight_strategy.py for tasks to queue
[2024-06-09T12:38:26.086+0200] {logging_mixin.py:188} INFO - [2024-06-09T12:38:26.086+0200] {dagbag.py:540} INFO - Filling up the DagBag from /Users/noejalabert/airflow_venv/lib/python3.11/site-packages/airflow/example_dags/plugins/decreasing_priority_weight_strategy.py
[2024-06-09T12:38:26.087+0200] {processor.py:842} WARNING - No viable dags retrieved from /Users/noejalabert/airflow_venv/lib/python3.11/site-packages/airflow/example_dags/plugins/decreasing_priority_weight_strategy.py
[2024-06-09T12:38:26.150+0200] {processor.py:183} INFO - Processing /Users/noejalabert/airflow_venv/lib/python3.11/site-packages/airflow/example_dags/plugins/decreasing_priority_weight_strategy.py took 0.067 seconds
[2024-06-09T12:39:56.760+0200] {processor.py:161} INFO - Started process (PID=82908) to work on /Users/noejalabert/airflow_venv/lib/python3.11/site-packages/airflow/example_dags/plugins/decreasing_priority_weight_strategy.py
[2024-06-09T12:39:56.761+0200] {processor.py:830} INFO - Processing file /Users/noejalabert/airflow_venv/lib/python3.11/site-packages/airflow/example_dags/plugins/decreasing_priority_weight_strategy.py for tasks to queue
[2024-06-09T12:39:56.761+0200] {logging_mixin.py:188} INFO - [2024-06-09T12:39:56.761+0200] {dagbag.py:540} INFO - Filling up the DagBag from /Users/noejalabert/airflow_venv/lib/python3.11/site-packages/airflow/example_dags/plugins/decreasing_priority_weight_strategy.py
[2024-06-09T12:39:56.762+0200] {processor.py:842} WARNING - No viable dags retrieved from /Users/noejalabert/airflow_venv/lib/python3.11/site-packages/airflow/example_dags/plugins/decreasing_priority_weight_strategy.py
[2024-06-09T12:39:56.797+0200] {processor.py:183} INFO - Processing /Users/noejalabert/airflow_venv/lib/python3.11/site-packages/airflow/example_dags/plugins/decreasing_priority_weight_strategy.py took 0.038 seconds
[2024-06-09T12:41:22.294+0200] {processor.py:161} INFO - Started process (PID=83149) to work on /Users/noejalabert/airflow_venv/lib/python3.11/site-packages/airflow/example_dags/plugins/decreasing_priority_weight_strategy.py
[2024-06-09T12:41:22.295+0200] {processor.py:830} INFO - Processing file /Users/noejalabert/airflow_venv/lib/python3.11/site-packages/airflow/example_dags/plugins/decreasing_priority_weight_strategy.py for tasks to queue
[2024-06-09T12:41:22.295+0200] {logging_mixin.py:188} INFO - [2024-06-09T12:41:22.295+0200] {dagbag.py:540} INFO - Filling up the DagBag from /Users/noejalabert/airflow_venv/lib/python3.11/site-packages/airflow/example_dags/plugins/decreasing_priority_weight_strategy.py
[2024-06-09T12:41:22.296+0200] {processor.py:842} WARNING - No viable dags retrieved from /Users/noejalabert/airflow_venv/lib/python3.11/site-packages/airflow/example_dags/plugins/decreasing_priority_weight_strategy.py
[2024-06-09T12:41:22.333+0200] {processor.py:183} INFO - Processing /Users/noejalabert/airflow_venv/lib/python3.11/site-packages/airflow/example_dags/plugins/decreasing_priority_weight_strategy.py took 0.040 seconds
[2024-06-09T12:42:52.914+0200] {processor.py:161} INFO - Started process (PID=83428) to work on /Users/noejalabert/airflow_venv/lib/python3.11/site-packages/airflow/example_dags/plugins/decreasing_priority_weight_strategy.py
[2024-06-09T12:42:52.916+0200] {processor.py:830} INFO - Processing file /Users/noejalabert/airflow_venv/lib/python3.11/site-packages/airflow/example_dags/plugins/decreasing_priority_weight_strategy.py for tasks to queue
[2024-06-09T12:42:52.916+0200] {logging_mixin.py:188} INFO - [2024-06-09T12:42:52.916+0200] {dagbag.py:540} INFO - Filling up the DagBag from /Users/noejalabert/airflow_venv/lib/python3.11/site-packages/airflow/example_dags/plugins/decreasing_priority_weight_strategy.py
[2024-06-09T12:42:52.917+0200] {processor.py:842} WARNING - No viable dags retrieved from /Users/noejalabert/airflow_venv/lib/python3.11/site-packages/airflow/example_dags/plugins/decreasing_priority_weight_strategy.py
[2024-06-09T12:42:52.952+0200] {processor.py:183} INFO - Processing /Users/noejalabert/airflow_venv/lib/python3.11/site-packages/airflow/example_dags/plugins/decreasing_priority_weight_strategy.py took 0.040 seconds
[2024-06-09T12:44:19.167+0200] {processor.py:161} INFO - Started process (PID=83668) to work on /Users/noejalabert/airflow_venv/lib/python3.11/site-packages/airflow/example_dags/plugins/decreasing_priority_weight_strategy.py
[2024-06-09T12:44:19.168+0200] {processor.py:830} INFO - Processing file /Users/noejalabert/airflow_venv/lib/python3.11/site-packages/airflow/example_dags/plugins/decreasing_priority_weight_strategy.py for tasks to queue
[2024-06-09T12:44:19.169+0200] {logging_mixin.py:188} INFO - [2024-06-09T12:44:19.169+0200] {dagbag.py:540} INFO - Filling up the DagBag from /Users/noejalabert/airflow_venv/lib/python3.11/site-packages/airflow/example_dags/plugins/decreasing_priority_weight_strategy.py
[2024-06-09T12:44:19.170+0200] {processor.py:842} WARNING - No viable dags retrieved from /Users/noejalabert/airflow_venv/lib/python3.11/site-packages/airflow/example_dags/plugins/decreasing_priority_weight_strategy.py
[2024-06-09T12:44:19.209+0200] {processor.py:183} INFO - Processing /Users/noejalabert/airflow_venv/lib/python3.11/site-packages/airflow/example_dags/plugins/decreasing_priority_weight_strategy.py took 0.045 seconds
