[2024-06-09T12:28:28.499+0200] {processor.py:161} INFO - Started process (PID=80849) to work on /Users/noejalabert/airflow_venv/lib/python3.11/site-packages/airflow/example_dags/example_params_ui_tutorial.py
[2024-06-09T12:28:28.499+0200] {processor.py:830} INFO - Processing file /Users/noejalabert/airflow_venv/lib/python3.11/site-packages/airflow/example_dags/example_params_ui_tutorial.py for tasks to queue
[2024-06-09T12:28:28.499+0200] {logging_mixin.py:188} INFO - [2024-06-09T12:28:28.499+0200] {dagbag.py:540} INFO - Filling up the DagBag from /Users/noejalabert/airflow_venv/lib/python3.11/site-packages/airflow/example_dags/example_params_ui_tutorial.py
[2024-06-09T12:28:28.519+0200] {processor.py:840} INFO - DAG(s) 'example_params_ui_tutorial' retrieved from /Users/noejalabert/airflow_venv/lib/python3.11/site-packages/airflow/example_dags/example_params_ui_tutorial.py
[2024-06-09T12:28:28.648+0200] {logging_mixin.py:188} INFO - [2024-06-09T12:28:28.648+0200] {dag.py:3096} INFO - Sync 1 DAGs
[2024-06-09T12:28:28.652+0200] {logging_mixin.py:188} INFO - [2024-06-09T12:28:28.652+0200] {dag.py:3954} INFO - Setting next_dagrun for example_params_ui_tutorial to None, run_after=None
[2024-06-09T12:28:28.661+0200] {processor.py:183} INFO - Processing /Users/noejalabert/airflow_venv/lib/python3.11/site-packages/airflow/example_dags/example_params_ui_tutorial.py took 0.164 seconds
[2024-06-09T12:30:07.031+0200] {processor.py:161} INFO - Started process (PID=81154) to work on /Users/noejalabert/airflow_venv/lib/python3.11/site-packages/airflow/example_dags/example_params_ui_tutorial.py
[2024-06-09T12:30:07.032+0200] {processor.py:830} INFO - Processing file /Users/noejalabert/airflow_venv/lib/python3.11/site-packages/airflow/example_dags/example_params_ui_tutorial.py for tasks to queue
[2024-06-09T12:30:07.032+0200] {logging_mixin.py:188} INFO - [2024-06-09T12:30:07.032+0200] {dagbag.py:540} INFO - Filling up the DagBag from /Users/noejalabert/airflow_venv/lib/python3.11/site-packages/airflow/example_dags/example_params_ui_tutorial.py
[2024-06-09T12:30:07.051+0200] {processor.py:840} INFO - DAG(s) 'example_params_ui_tutorial' retrieved from /Users/noejalabert/airflow_venv/lib/python3.11/site-packages/airflow/example_dags/example_params_ui_tutorial.py
[2024-06-09T12:30:07.107+0200] {logging_mixin.py:188} INFO - [2024-06-09T12:30:07.107+0200] {dag.py:3096} INFO - Sync 1 DAGs
[2024-06-09T12:30:07.111+0200] {logging_mixin.py:188} INFO - [2024-06-09T12:30:07.111+0200] {dag.py:3954} INFO - Setting next_dagrun for example_params_ui_tutorial to None, run_after=None
[2024-06-09T12:30:07.119+0200] {processor.py:183} INFO - Processing /Users/noejalabert/airflow_venv/lib/python3.11/site-packages/airflow/example_dags/example_params_ui_tutorial.py took 0.090 seconds
[2024-06-09T12:31:46.764+0200] {processor.py:161} INFO - Started process (PID=81445) to work on /Users/noejalabert/airflow_venv/lib/python3.11/site-packages/airflow/example_dags/example_params_ui_tutorial.py
[2024-06-09T12:31:46.766+0200] {processor.py:830} INFO - Processing file /Users/noejalabert/airflow_venv/lib/python3.11/site-packages/airflow/example_dags/example_params_ui_tutorial.py for tasks to queue
[2024-06-09T12:31:46.766+0200] {logging_mixin.py:188} INFO - [2024-06-09T12:31:46.766+0200] {dagbag.py:540} INFO - Filling up the DagBag from /Users/noejalabert/airflow_venv/lib/python3.11/site-packages/airflow/example_dags/example_params_ui_tutorial.py
[2024-06-09T12:31:46.788+0200] {processor.py:840} INFO - DAG(s) 'example_params_ui_tutorial' retrieved from /Users/noejalabert/airflow_venv/lib/python3.11/site-packages/airflow/example_dags/example_params_ui_tutorial.py
[2024-06-09T12:31:46.854+0200] {logging_mixin.py:188} INFO - [2024-06-09T12:31:46.854+0200] {dag.py:3096} INFO - Sync 1 DAGs
[2024-06-09T12:31:46.860+0200] {logging_mixin.py:188} INFO - [2024-06-09T12:31:46.859+0200] {dag.py:3954} INFO - Setting next_dagrun for example_params_ui_tutorial to None, run_after=None
[2024-06-09T12:31:46.869+0200] {processor.py:183} INFO - Processing /Users/noejalabert/airflow_venv/lib/python3.11/site-packages/airflow/example_dags/example_params_ui_tutorial.py took 0.106 seconds
[2024-06-09T12:33:15.940+0200] {processor.py:161} INFO - Started process (PID=81700) to work on /Users/noejalabert/airflow_venv/lib/python3.11/site-packages/airflow/example_dags/example_params_ui_tutorial.py
[2024-06-09T12:33:15.941+0200] {processor.py:830} INFO - Processing file /Users/noejalabert/airflow_venv/lib/python3.11/site-packages/airflow/example_dags/example_params_ui_tutorial.py for tasks to queue
[2024-06-09T12:33:15.941+0200] {logging_mixin.py:188} INFO - [2024-06-09T12:33:15.941+0200] {dagbag.py:540} INFO - Filling up the DagBag from /Users/noejalabert/airflow_venv/lib/python3.11/site-packages/airflow/example_dags/example_params_ui_tutorial.py
[2024-06-09T12:33:15.959+0200] {processor.py:840} INFO - DAG(s) 'example_params_ui_tutorial' retrieved from /Users/noejalabert/airflow_venv/lib/python3.11/site-packages/airflow/example_dags/example_params_ui_tutorial.py
[2024-06-09T12:33:16.016+0200] {logging_mixin.py:188} INFO - [2024-06-09T12:33:16.016+0200] {dag.py:3096} INFO - Sync 1 DAGs
[2024-06-09T12:33:16.020+0200] {logging_mixin.py:188} INFO - [2024-06-09T12:33:16.020+0200] {dag.py:3954} INFO - Setting next_dagrun for example_params_ui_tutorial to None, run_after=None
[2024-06-09T12:33:16.028+0200] {processor.py:183} INFO - Processing /Users/noejalabert/airflow_venv/lib/python3.11/site-packages/airflow/example_dags/example_params_ui_tutorial.py took 0.089 seconds
[2024-06-09T12:34:45.093+0200] {processor.py:161} INFO - Started process (PID=81970) to work on /Users/noejalabert/airflow_venv/lib/python3.11/site-packages/airflow/example_dags/example_params_ui_tutorial.py
[2024-06-09T12:34:45.094+0200] {processor.py:830} INFO - Processing file /Users/noejalabert/airflow_venv/lib/python3.11/site-packages/airflow/example_dags/example_params_ui_tutorial.py for tasks to queue
[2024-06-09T12:34:45.094+0200] {logging_mixin.py:188} INFO - [2024-06-09T12:34:45.094+0200] {dagbag.py:540} INFO - Filling up the DagBag from /Users/noejalabert/airflow_venv/lib/python3.11/site-packages/airflow/example_dags/example_params_ui_tutorial.py
[2024-06-09T12:34:45.113+0200] {processor.py:840} INFO - DAG(s) 'example_params_ui_tutorial' retrieved from /Users/noejalabert/airflow_venv/lib/python3.11/site-packages/airflow/example_dags/example_params_ui_tutorial.py
[2024-06-09T12:34:45.184+0200] {logging_mixin.py:188} INFO - [2024-06-09T12:34:45.183+0200] {dag.py:3096} INFO - Sync 1 DAGs
[2024-06-09T12:34:45.188+0200] {logging_mixin.py:188} INFO - [2024-06-09T12:34:45.188+0200] {dag.py:3954} INFO - Setting next_dagrun for example_params_ui_tutorial to None, run_after=None
[2024-06-09T12:34:45.196+0200] {processor.py:183} INFO - Processing /Users/noejalabert/airflow_venv/lib/python3.11/site-packages/airflow/example_dags/example_params_ui_tutorial.py took 0.105 seconds
[2024-06-09T12:36:12.788+0200] {processor.py:161} INFO - Started process (PID=82219) to work on /Users/noejalabert/airflow_venv/lib/python3.11/site-packages/airflow/example_dags/example_params_ui_tutorial.py
[2024-06-09T12:36:12.789+0200] {processor.py:830} INFO - Processing file /Users/noejalabert/airflow_venv/lib/python3.11/site-packages/airflow/example_dags/example_params_ui_tutorial.py for tasks to queue
[2024-06-09T12:36:12.789+0200] {logging_mixin.py:188} INFO - [2024-06-09T12:36:12.789+0200] {dagbag.py:540} INFO - Filling up the DagBag from /Users/noejalabert/airflow_venv/lib/python3.11/site-packages/airflow/example_dags/example_params_ui_tutorial.py
[2024-06-09T12:36:12.813+0200] {processor.py:840} INFO - DAG(s) 'example_params_ui_tutorial' retrieved from /Users/noejalabert/airflow_venv/lib/python3.11/site-packages/airflow/example_dags/example_params_ui_tutorial.py
[2024-06-09T12:36:12.879+0200] {logging_mixin.py:188} INFO - [2024-06-09T12:36:12.879+0200] {dag.py:3096} INFO - Sync 1 DAGs
[2024-06-09T12:36:12.884+0200] {logging_mixin.py:188} INFO - [2024-06-09T12:36:12.883+0200] {dag.py:3954} INFO - Setting next_dagrun for example_params_ui_tutorial to None, run_after=None
[2024-06-09T12:36:12.892+0200] {processor.py:183} INFO - Processing /Users/noejalabert/airflow_venv/lib/python3.11/site-packages/airflow/example_dags/example_params_ui_tutorial.py took 0.105 seconds
[2024-06-09T12:37:40.065+0200] {processor.py:161} INFO - Started process (PID=82492) to work on /Users/noejalabert/airflow_venv/lib/python3.11/site-packages/airflow/example_dags/example_params_ui_tutorial.py
[2024-06-09T12:37:40.067+0200] {processor.py:830} INFO - Processing file /Users/noejalabert/airflow_venv/lib/python3.11/site-packages/airflow/example_dags/example_params_ui_tutorial.py for tasks to queue
[2024-06-09T12:37:40.067+0200] {logging_mixin.py:188} INFO - [2024-06-09T12:37:40.067+0200] {dagbag.py:540} INFO - Filling up the DagBag from /Users/noejalabert/airflow_venv/lib/python3.11/site-packages/airflow/example_dags/example_params_ui_tutorial.py
[2024-06-09T12:37:40.087+0200] {processor.py:840} INFO - DAG(s) 'example_params_ui_tutorial' retrieved from /Users/noejalabert/airflow_venv/lib/python3.11/site-packages/airflow/example_dags/example_params_ui_tutorial.py
[2024-06-09T12:37:40.151+0200] {logging_mixin.py:188} INFO - [2024-06-09T12:37:40.151+0200] {dag.py:3096} INFO - Sync 1 DAGs
[2024-06-09T12:37:40.156+0200] {logging_mixin.py:188} INFO - [2024-06-09T12:37:40.156+0200] {dag.py:3954} INFO - Setting next_dagrun for example_params_ui_tutorial to None, run_after=None
[2024-06-09T12:37:40.165+0200] {processor.py:183} INFO - Processing /Users/noejalabert/airflow_venv/lib/python3.11/site-packages/airflow/example_dags/example_params_ui_tutorial.py took 0.101 seconds
[2024-06-09T12:39:10.347+0200] {processor.py:161} INFO - Started process (PID=82775) to work on /Users/noejalabert/airflow_venv/lib/python3.11/site-packages/airflow/example_dags/example_params_ui_tutorial.py
[2024-06-09T12:39:10.348+0200] {processor.py:830} INFO - Processing file /Users/noejalabert/airflow_venv/lib/python3.11/site-packages/airflow/example_dags/example_params_ui_tutorial.py for tasks to queue
[2024-06-09T12:39:10.348+0200] {logging_mixin.py:188} INFO - [2024-06-09T12:39:10.348+0200] {dagbag.py:540} INFO - Filling up the DagBag from /Users/noejalabert/airflow_venv/lib/python3.11/site-packages/airflow/example_dags/example_params_ui_tutorial.py
[2024-06-09T12:39:10.367+0200] {processor.py:840} INFO - DAG(s) 'example_params_ui_tutorial' retrieved from /Users/noejalabert/airflow_venv/lib/python3.11/site-packages/airflow/example_dags/example_params_ui_tutorial.py
[2024-06-09T12:39:10.428+0200] {logging_mixin.py:188} INFO - [2024-06-09T12:39:10.428+0200] {dag.py:3096} INFO - Sync 1 DAGs
[2024-06-09T12:39:10.433+0200] {logging_mixin.py:188} INFO - [2024-06-09T12:39:10.433+0200] {dag.py:3954} INFO - Setting next_dagrun for example_params_ui_tutorial to None, run_after=None
[2024-06-09T12:39:10.445+0200] {processor.py:183} INFO - Processing /Users/noejalabert/airflow_venv/lib/python3.11/site-packages/airflow/example_dags/example_params_ui_tutorial.py took 0.099 seconds
[2024-06-09T12:40:38.294+0200] {processor.py:161} INFO - Started process (PID=83027) to work on /Users/noejalabert/airflow_venv/lib/python3.11/site-packages/airflow/example_dags/example_params_ui_tutorial.py
[2024-06-09T12:40:38.294+0200] {processor.py:830} INFO - Processing file /Users/noejalabert/airflow_venv/lib/python3.11/site-packages/airflow/example_dags/example_params_ui_tutorial.py for tasks to queue
[2024-06-09T12:40:38.295+0200] {logging_mixin.py:188} INFO - [2024-06-09T12:40:38.294+0200] {dagbag.py:540} INFO - Filling up the DagBag from /Users/noejalabert/airflow_venv/lib/python3.11/site-packages/airflow/example_dags/example_params_ui_tutorial.py
[2024-06-09T12:40:38.314+0200] {processor.py:840} INFO - DAG(s) 'example_params_ui_tutorial' retrieved from /Users/noejalabert/airflow_venv/lib/python3.11/site-packages/airflow/example_dags/example_params_ui_tutorial.py
[2024-06-09T12:40:38.373+0200] {logging_mixin.py:188} INFO - [2024-06-09T12:40:38.373+0200] {dag.py:3096} INFO - Sync 1 DAGs
[2024-06-09T12:40:38.378+0200] {logging_mixin.py:188} INFO - [2024-06-09T12:40:38.377+0200] {dag.py:3954} INFO - Setting next_dagrun for example_params_ui_tutorial to None, run_after=None
[2024-06-09T12:40:38.385+0200] {processor.py:183} INFO - Processing /Users/noejalabert/airflow_venv/lib/python3.11/site-packages/airflow/example_dags/example_params_ui_tutorial.py took 0.093 seconds
[2024-06-09T12:42:07.328+0200] {processor.py:161} INFO - Started process (PID=83286) to work on /Users/noejalabert/airflow_venv/lib/python3.11/site-packages/airflow/example_dags/example_params_ui_tutorial.py
[2024-06-09T12:42:07.330+0200] {processor.py:830} INFO - Processing file /Users/noejalabert/airflow_venv/lib/python3.11/site-packages/airflow/example_dags/example_params_ui_tutorial.py for tasks to queue
[2024-06-09T12:42:07.330+0200] {logging_mixin.py:188} INFO - [2024-06-09T12:42:07.330+0200] {dagbag.py:540} INFO - Filling up the DagBag from /Users/noejalabert/airflow_venv/lib/python3.11/site-packages/airflow/example_dags/example_params_ui_tutorial.py
[2024-06-09T12:42:07.349+0200] {processor.py:840} INFO - DAG(s) 'example_params_ui_tutorial' retrieved from /Users/noejalabert/airflow_venv/lib/python3.11/site-packages/airflow/example_dags/example_params_ui_tutorial.py
[2024-06-09T12:42:07.411+0200] {logging_mixin.py:188} INFO - [2024-06-09T12:42:07.411+0200] {dag.py:3096} INFO - Sync 1 DAGs
[2024-06-09T12:42:07.415+0200] {logging_mixin.py:188} INFO - [2024-06-09T12:42:07.415+0200] {dag.py:3954} INFO - Setting next_dagrun for example_params_ui_tutorial to None, run_after=None
[2024-06-09T12:42:07.423+0200] {processor.py:183} INFO - Processing /Users/noejalabert/airflow_venv/lib/python3.11/site-packages/airflow/example_dags/example_params_ui_tutorial.py took 0.096 seconds
[2024-06-09T12:43:35.784+0200] {processor.py:161} INFO - Started process (PID=83545) to work on /Users/noejalabert/airflow_venv/lib/python3.11/site-packages/airflow/example_dags/example_params_ui_tutorial.py
[2024-06-09T12:43:35.785+0200] {processor.py:830} INFO - Processing file /Users/noejalabert/airflow_venv/lib/python3.11/site-packages/airflow/example_dags/example_params_ui_tutorial.py for tasks to queue
[2024-06-09T12:43:35.785+0200] {logging_mixin.py:188} INFO - [2024-06-09T12:43:35.785+0200] {dagbag.py:540} INFO - Filling up the DagBag from /Users/noejalabert/airflow_venv/lib/python3.11/site-packages/airflow/example_dags/example_params_ui_tutorial.py
[2024-06-09T12:43:35.806+0200] {processor.py:840} INFO - DAG(s) 'example_params_ui_tutorial' retrieved from /Users/noejalabert/airflow_venv/lib/python3.11/site-packages/airflow/example_dags/example_params_ui_tutorial.py
[2024-06-09T12:43:35.863+0200] {logging_mixin.py:188} INFO - [2024-06-09T12:43:35.863+0200] {dag.py:3096} INFO - Sync 1 DAGs
[2024-06-09T12:43:35.867+0200] {logging_mixin.py:188} INFO - [2024-06-09T12:43:35.867+0200] {dag.py:3954} INFO - Setting next_dagrun for example_params_ui_tutorial to None, run_after=None
[2024-06-09T12:43:35.875+0200] {processor.py:183} INFO - Processing /Users/noejalabert/airflow_venv/lib/python3.11/site-packages/airflow/example_dags/example_params_ui_tutorial.py took 0.093 seconds
[2024-06-09T12:45:01.233+0200] {processor.py:161} INFO - Started process (PID=83785) to work on /Users/noejalabert/airflow_venv/lib/python3.11/site-packages/airflow/example_dags/example_params_ui_tutorial.py
[2024-06-09T12:45:01.233+0200] {processor.py:830} INFO - Processing file /Users/noejalabert/airflow_venv/lib/python3.11/site-packages/airflow/example_dags/example_params_ui_tutorial.py for tasks to queue
[2024-06-09T12:45:01.234+0200] {logging_mixin.py:188} INFO - [2024-06-09T12:45:01.234+0200] {dagbag.py:540} INFO - Filling up the DagBag from /Users/noejalabert/airflow_venv/lib/python3.11/site-packages/airflow/example_dags/example_params_ui_tutorial.py
[2024-06-09T12:45:01.254+0200] {processor.py:840} INFO - DAG(s) 'example_params_ui_tutorial' retrieved from /Users/noejalabert/airflow_venv/lib/python3.11/site-packages/airflow/example_dags/example_params_ui_tutorial.py
[2024-06-09T12:45:01.311+0200] {logging_mixin.py:188} INFO - [2024-06-09T12:45:01.311+0200] {dag.py:3096} INFO - Sync 1 DAGs
[2024-06-09T12:45:01.315+0200] {logging_mixin.py:188} INFO - [2024-06-09T12:45:01.315+0200] {dag.py:3954} INFO - Setting next_dagrun for example_params_ui_tutorial to None, run_after=None
[2024-06-09T12:45:01.323+0200] {processor.py:183} INFO - Processing /Users/noejalabert/airflow_venv/lib/python3.11/site-packages/airflow/example_dags/example_params_ui_tutorial.py took 0.091 seconds
