[2024-06-09T12:28:56.617+0200] {processor.py:161} INFO - Started process (PID=80939) to work on /Users/noejalabert/airflow_venv/lib/python3.11/site-packages/airflow/example_dags/example_branch_operator_decorator.py
[2024-06-09T12:28:56.618+0200] {processor.py:830} INFO - Processing file /Users/noejalabert/airflow_venv/lib/python3.11/site-packages/airflow/example_dags/example_branch_operator_decorator.py for tasks to queue
[2024-06-09T12:28:56.619+0200] {logging_mixin.py:188} INFO - [2024-06-09T12:28:56.618+0200] {dagbag.py:540} INFO - Filling up the DagBag from /Users/noejalabert/airflow_venv/lib/python3.11/site-packages/airflow/example_dags/example_branch_operator_decorator.py
[2024-06-09T12:28:56.631+0200] {processor.py:842} WARNING - No viable dags retrieved from /Users/noejalabert/airflow_venv/lib/python3.11/site-packages/airflow/example_dags/example_branch_operator_decorator.py
[2024-06-09T12:28:56.667+0200] {processor.py:183} INFO - Processing /Users/noejalabert/airflow_venv/lib/python3.11/site-packages/airflow/example_dags/example_branch_operator_decorator.py took 0.051 seconds
[2024-06-09T12:30:39.359+0200] {processor.py:161} INFO - Started process (PID=81247) to work on /Users/noejalabert/airflow_venv/lib/python3.11/site-packages/airflow/example_dags/example_branch_operator_decorator.py
[2024-06-09T12:30:39.360+0200] {processor.py:830} INFO - Processing file /Users/noejalabert/airflow_venv/lib/python3.11/site-packages/airflow/example_dags/example_branch_operator_decorator.py for tasks to queue
[2024-06-09T12:30:39.360+0200] {logging_mixin.py:188} INFO - [2024-06-09T12:30:39.360+0200] {dagbag.py:540} INFO - Filling up the DagBag from /Users/noejalabert/airflow_venv/lib/python3.11/site-packages/airflow/example_dags/example_branch_operator_decorator.py
[2024-06-09T12:30:39.370+0200] {processor.py:842} WARNING - No viable dags retrieved from /Users/noejalabert/airflow_venv/lib/python3.11/site-packages/airflow/example_dags/example_branch_operator_decorator.py
[2024-06-09T12:30:39.406+0200] {processor.py:183} INFO - Processing /Users/noejalabert/airflow_venv/lib/python3.11/site-packages/airflow/example_dags/example_branch_operator_decorator.py took 0.049 seconds
[2024-06-09T12:32:13.535+0200] {processor.py:161} INFO - Started process (PID=81519) to work on /Users/noejalabert/airflow_venv/lib/python3.11/site-packages/airflow/example_dags/example_branch_operator_decorator.py
[2024-06-09T12:32:13.536+0200] {processor.py:830} INFO - Processing file /Users/noejalabert/airflow_venv/lib/python3.11/site-packages/airflow/example_dags/example_branch_operator_decorator.py for tasks to queue
[2024-06-09T12:32:13.537+0200] {logging_mixin.py:188} INFO - [2024-06-09T12:32:13.537+0200] {dagbag.py:540} INFO - Filling up the DagBag from /Users/noejalabert/airflow_venv/lib/python3.11/site-packages/airflow/example_dags/example_branch_operator_decorator.py
[2024-06-09T12:32:13.548+0200] {processor.py:842} WARNING - No viable dags retrieved from /Users/noejalabert/airflow_venv/lib/python3.11/site-packages/airflow/example_dags/example_branch_operator_decorator.py
[2024-06-09T12:32:13.582+0200] {processor.py:183} INFO - Processing /Users/noejalabert/airflow_venv/lib/python3.11/site-packages/airflow/example_dags/example_branch_operator_decorator.py took 0.048 seconds
[2024-06-09T12:33:43.065+0200] {processor.py:161} INFO - Started process (PID=81773) to work on /Users/noejalabert/airflow_venv/lib/python3.11/site-packages/airflow/example_dags/example_branch_operator_decorator.py
[2024-06-09T12:33:43.066+0200] {processor.py:830} INFO - Processing file /Users/noejalabert/airflow_venv/lib/python3.11/site-packages/airflow/example_dags/example_branch_operator_decorator.py for tasks to queue
[2024-06-09T12:33:43.066+0200] {logging_mixin.py:188} INFO - [2024-06-09T12:33:43.066+0200] {dagbag.py:540} INFO - Filling up the DagBag from /Users/noejalabert/airflow_venv/lib/python3.11/site-packages/airflow/example_dags/example_branch_operator_decorator.py
[2024-06-09T12:33:43.076+0200] {processor.py:842} WARNING - No viable dags retrieved from /Users/noejalabert/airflow_venv/lib/python3.11/site-packages/airflow/example_dags/example_branch_operator_decorator.py
[2024-06-09T12:33:43.109+0200] {processor.py:183} INFO - Processing /Users/noejalabert/airflow_venv/lib/python3.11/site-packages/airflow/example_dags/example_branch_operator_decorator.py took 0.045 seconds
[2024-06-09T12:35:09.226+0200] {processor.py:161} INFO - Started process (PID=82036) to work on /Users/noejalabert/airflow_venv/lib/python3.11/site-packages/airflow/example_dags/example_branch_operator_decorator.py
[2024-06-09T12:35:09.227+0200] {processor.py:830} INFO - Processing file /Users/noejalabert/airflow_venv/lib/python3.11/site-packages/airflow/example_dags/example_branch_operator_decorator.py for tasks to queue
[2024-06-09T12:35:09.227+0200] {logging_mixin.py:188} INFO - [2024-06-09T12:35:09.227+0200] {dagbag.py:540} INFO - Filling up the DagBag from /Users/noejalabert/airflow_venv/lib/python3.11/site-packages/airflow/example_dags/example_branch_operator_decorator.py
[2024-06-09T12:35:09.238+0200] {processor.py:842} WARNING - No viable dags retrieved from /Users/noejalabert/airflow_venv/lib/python3.11/site-packages/airflow/example_dags/example_branch_operator_decorator.py
[2024-06-09T12:35:09.273+0200] {processor.py:183} INFO - Processing /Users/noejalabert/airflow_venv/lib/python3.11/site-packages/airflow/example_dags/example_branch_operator_decorator.py took 0.049 seconds
[2024-06-09T12:36:39.971+0200] {processor.py:161} INFO - Started process (PID=82300) to work on /Users/noejalabert/airflow_venv/lib/python3.11/site-packages/airflow/example_dags/example_branch_operator_decorator.py
[2024-06-09T12:36:39.972+0200] {processor.py:830} INFO - Processing file /Users/noejalabert/airflow_venv/lib/python3.11/site-packages/airflow/example_dags/example_branch_operator_decorator.py for tasks to queue
[2024-06-09T12:36:39.972+0200] {logging_mixin.py:188} INFO - [2024-06-09T12:36:39.972+0200] {dagbag.py:540} INFO - Filling up the DagBag from /Users/noejalabert/airflow_venv/lib/python3.11/site-packages/airflow/example_dags/example_branch_operator_decorator.py
[2024-06-09T12:36:39.983+0200] {processor.py:842} WARNING - No viable dags retrieved from /Users/noejalabert/airflow_venv/lib/python3.11/site-packages/airflow/example_dags/example_branch_operator_decorator.py
[2024-06-09T12:36:40.016+0200] {processor.py:183} INFO - Processing /Users/noejalabert/airflow_venv/lib/python3.11/site-packages/airflow/example_dags/example_branch_operator_decorator.py took 0.047 seconds
[2024-06-09T12:38:07.567+0200] {processor.py:161} INFO - Started process (PID=82574) to work on /Users/noejalabert/airflow_venv/lib/python3.11/site-packages/airflow/example_dags/example_branch_operator_decorator.py
[2024-06-09T12:38:07.568+0200] {processor.py:830} INFO - Processing file /Users/noejalabert/airflow_venv/lib/python3.11/site-packages/airflow/example_dags/example_branch_operator_decorator.py for tasks to queue
[2024-06-09T12:38:07.568+0200] {logging_mixin.py:188} INFO - [2024-06-09T12:38:07.568+0200] {dagbag.py:540} INFO - Filling up the DagBag from /Users/noejalabert/airflow_venv/lib/python3.11/site-packages/airflow/example_dags/example_branch_operator_decorator.py
[2024-06-09T12:38:07.580+0200] {processor.py:842} WARNING - No viable dags retrieved from /Users/noejalabert/airflow_venv/lib/python3.11/site-packages/airflow/example_dags/example_branch_operator_decorator.py
[2024-06-09T12:38:07.616+0200] {processor.py:183} INFO - Processing /Users/noejalabert/airflow_venv/lib/python3.11/site-packages/airflow/example_dags/example_branch_operator_decorator.py took 0.051 seconds
[2024-06-09T12:39:37.427+0200] {processor.py:161} INFO - Started process (PID=82849) to work on /Users/noejalabert/airflow_venv/lib/python3.11/site-packages/airflow/example_dags/example_branch_operator_decorator.py
[2024-06-09T12:39:37.428+0200] {processor.py:830} INFO - Processing file /Users/noejalabert/airflow_venv/lib/python3.11/site-packages/airflow/example_dags/example_branch_operator_decorator.py for tasks to queue
[2024-06-09T12:39:37.429+0200] {logging_mixin.py:188} INFO - [2024-06-09T12:39:37.428+0200] {dagbag.py:540} INFO - Filling up the DagBag from /Users/noejalabert/airflow_venv/lib/python3.11/site-packages/airflow/example_dags/example_branch_operator_decorator.py
[2024-06-09T12:39:37.439+0200] {processor.py:842} WARNING - No viable dags retrieved from /Users/noejalabert/airflow_venv/lib/python3.11/site-packages/airflow/example_dags/example_branch_operator_decorator.py
[2024-06-09T12:39:37.474+0200] {processor.py:183} INFO - Processing /Users/noejalabert/airflow_venv/lib/python3.11/site-packages/airflow/example_dags/example_branch_operator_decorator.py took 0.048 seconds
[2024-06-09T12:41:04.581+0200] {processor.py:161} INFO - Started process (PID=83098) to work on /Users/noejalabert/airflow_venv/lib/python3.11/site-packages/airflow/example_dags/example_branch_operator_decorator.py
[2024-06-09T12:41:04.581+0200] {processor.py:830} INFO - Processing file /Users/noejalabert/airflow_venv/lib/python3.11/site-packages/airflow/example_dags/example_branch_operator_decorator.py for tasks to queue
[2024-06-09T12:41:04.582+0200] {logging_mixin.py:188} INFO - [2024-06-09T12:41:04.582+0200] {dagbag.py:540} INFO - Filling up the DagBag from /Users/noejalabert/airflow_venv/lib/python3.11/site-packages/airflow/example_dags/example_branch_operator_decorator.py
[2024-06-09T12:41:04.592+0200] {processor.py:842} WARNING - No viable dags retrieved from /Users/noejalabert/airflow_venv/lib/python3.11/site-packages/airflow/example_dags/example_branch_operator_decorator.py
[2024-06-09T12:41:04.626+0200] {processor.py:183} INFO - Processing /Users/noejalabert/airflow_venv/lib/python3.11/site-packages/airflow/example_dags/example_branch_operator_decorator.py took 0.047 seconds
[2024-06-09T12:42:34.111+0200] {processor.py:161} INFO - Started process (PID=83365) to work on /Users/noejalabert/airflow_venv/lib/python3.11/site-packages/airflow/example_dags/example_branch_operator_decorator.py
[2024-06-09T12:42:34.113+0200] {processor.py:830} INFO - Processing file /Users/noejalabert/airflow_venv/lib/python3.11/site-packages/airflow/example_dags/example_branch_operator_decorator.py for tasks to queue
[2024-06-09T12:42:34.113+0200] {logging_mixin.py:188} INFO - [2024-06-09T12:42:34.113+0200] {dagbag.py:540} INFO - Filling up the DagBag from /Users/noejalabert/airflow_venv/lib/python3.11/site-packages/airflow/example_dags/example_branch_operator_decorator.py
[2024-06-09T12:42:34.123+0200] {processor.py:842} WARNING - No viable dags retrieved from /Users/noejalabert/airflow_venv/lib/python3.11/site-packages/airflow/example_dags/example_branch_operator_decorator.py
[2024-06-09T12:42:34.157+0200] {processor.py:183} INFO - Processing /Users/noejalabert/airflow_venv/lib/python3.11/site-packages/airflow/example_dags/example_branch_operator_decorator.py took 0.047 seconds
[2024-06-09T12:44:00.310+0200] {processor.py:161} INFO - Started process (PID=83618) to work on /Users/noejalabert/airflow_venv/lib/python3.11/site-packages/airflow/example_dags/example_branch_operator_decorator.py
[2024-06-09T12:44:00.311+0200] {processor.py:830} INFO - Processing file /Users/noejalabert/airflow_venv/lib/python3.11/site-packages/airflow/example_dags/example_branch_operator_decorator.py for tasks to queue
[2024-06-09T12:44:00.311+0200] {logging_mixin.py:188} INFO - [2024-06-09T12:44:00.311+0200] {dagbag.py:540} INFO - Filling up the DagBag from /Users/noejalabert/airflow_venv/lib/python3.11/site-packages/airflow/example_dags/example_branch_operator_decorator.py
[2024-06-09T12:44:00.323+0200] {processor.py:842} WARNING - No viable dags retrieved from /Users/noejalabert/airflow_venv/lib/python3.11/site-packages/airflow/example_dags/example_branch_operator_decorator.py
[2024-06-09T12:44:00.359+0200] {processor.py:183} INFO - Processing /Users/noejalabert/airflow_venv/lib/python3.11/site-packages/airflow/example_dags/example_branch_operator_decorator.py took 0.051 seconds
