[2024-06-09T12:28:58.459+0200] {processor.py:161} INFO - Started process (PID=80944) to work on /Users/noejalabert/airflow_venv/lib/python3.11/site-packages/airflow/example_dags/example_branch_operator.py
[2024-06-09T12:28:58.460+0200] {processor.py:830} INFO - Processing file /Users/noejalabert/airflow_venv/lib/python3.11/site-packages/airflow/example_dags/example_branch_operator.py for tasks to queue
[2024-06-09T12:28:58.460+0200] {logging_mixin.py:188} INFO - [2024-06-09T12:28:58.460+0200] {dagbag.py:540} INFO - Filling up the DagBag from /Users/noejalabert/airflow_venv/lib/python3.11/site-packages/airflow/example_dags/example_branch_operator.py
[2024-06-09T12:28:58.471+0200] {processor.py:842} WARNING - No viable dags retrieved from /Users/noejalabert/airflow_venv/lib/python3.11/site-packages/airflow/example_dags/example_branch_operator.py
[2024-06-09T12:28:58.507+0200] {processor.py:183} INFO - Processing /Users/noejalabert/airflow_venv/lib/python3.11/site-packages/airflow/example_dags/example_branch_operator.py took 0.049 seconds
[2024-06-09T12:30:41.168+0200] {processor.py:161} INFO - Started process (PID=81249) to work on /Users/noejalabert/airflow_venv/lib/python3.11/site-packages/airflow/example_dags/example_branch_operator.py
[2024-06-09T12:30:41.170+0200] {processor.py:830} INFO - Processing file /Users/noejalabert/airflow_venv/lib/python3.11/site-packages/airflow/example_dags/example_branch_operator.py for tasks to queue
[2024-06-09T12:30:41.170+0200] {logging_mixin.py:188} INFO - [2024-06-09T12:30:41.170+0200] {dagbag.py:540} INFO - Filling up the DagBag from /Users/noejalabert/airflow_venv/lib/python3.11/site-packages/airflow/example_dags/example_branch_operator.py
[2024-06-09T12:30:41.180+0200] {processor.py:842} WARNING - No viable dags retrieved from /Users/noejalabert/airflow_venv/lib/python3.11/site-packages/airflow/example_dags/example_branch_operator.py
[2024-06-09T12:30:41.213+0200] {processor.py:183} INFO - Processing /Users/noejalabert/airflow_venv/lib/python3.11/site-packages/airflow/example_dags/example_branch_operator.py took 0.046 seconds
[2024-06-09T12:32:14.433+0200] {processor.py:161} INFO - Started process (PID=81524) to work on /Users/noejalabert/airflow_venv/lib/python3.11/site-packages/airflow/example_dags/example_branch_operator.py
[2024-06-09T12:32:14.434+0200] {processor.py:830} INFO - Processing file /Users/noejalabert/airflow_venv/lib/python3.11/site-packages/airflow/example_dags/example_branch_operator.py for tasks to queue
[2024-06-09T12:32:14.434+0200] {logging_mixin.py:188} INFO - [2024-06-09T12:32:14.434+0200] {dagbag.py:540} INFO - Filling up the DagBag from /Users/noejalabert/airflow_venv/lib/python3.11/site-packages/airflow/example_dags/example_branch_operator.py
[2024-06-09T12:32:14.445+0200] {processor.py:842} WARNING - No viable dags retrieved from /Users/noejalabert/airflow_venv/lib/python3.11/site-packages/airflow/example_dags/example_branch_operator.py
[2024-06-09T12:32:14.479+0200] {processor.py:183} INFO - Processing /Users/noejalabert/airflow_venv/lib/python3.11/site-packages/airflow/example_dags/example_branch_operator.py took 0.048 seconds
[2024-06-09T12:33:44.242+0200] {processor.py:161} INFO - Started process (PID=81774) to work on /Users/noejalabert/airflow_venv/lib/python3.11/site-packages/airflow/example_dags/example_branch_operator.py
[2024-06-09T12:33:44.242+0200] {processor.py:830} INFO - Processing file /Users/noejalabert/airflow_venv/lib/python3.11/site-packages/airflow/example_dags/example_branch_operator.py for tasks to queue
[2024-06-09T12:33:44.242+0200] {logging_mixin.py:188} INFO - [2024-06-09T12:33:44.242+0200] {dagbag.py:540} INFO - Filling up the DagBag from /Users/noejalabert/airflow_venv/lib/python3.11/site-packages/airflow/example_dags/example_branch_operator.py
[2024-06-09T12:33:44.252+0200] {processor.py:842} WARNING - No viable dags retrieved from /Users/noejalabert/airflow_venv/lib/python3.11/site-packages/airflow/example_dags/example_branch_operator.py
[2024-06-09T12:33:44.286+0200] {processor.py:183} INFO - Processing /Users/noejalabert/airflow_venv/lib/python3.11/site-packages/airflow/example_dags/example_branch_operator.py took 0.045 seconds
[2024-06-09T12:36:41.829+0200] {processor.py:161} INFO - Started process (PID=82301) to work on /Users/noejalabert/airflow_venv/lib/python3.11/site-packages/airflow/example_dags/example_branch_operator.py
[2024-06-09T12:36:41.830+0200] {processor.py:830} INFO - Processing file /Users/noejalabert/airflow_venv/lib/python3.11/site-packages/airflow/example_dags/example_branch_operator.py for tasks to queue
[2024-06-09T12:36:41.831+0200] {logging_mixin.py:188} INFO - [2024-06-09T12:36:41.831+0200] {dagbag.py:540} INFO - Filling up the DagBag from /Users/noejalabert/airflow_venv/lib/python3.11/site-packages/airflow/example_dags/example_branch_operator.py
[2024-06-09T12:36:41.840+0200] {processor.py:842} WARNING - No viable dags retrieved from /Users/noejalabert/airflow_venv/lib/python3.11/site-packages/airflow/example_dags/example_branch_operator.py
[2024-06-09T12:36:41.873+0200] {processor.py:183} INFO - Processing /Users/noejalabert/airflow_venv/lib/python3.11/site-packages/airflow/example_dags/example_branch_operator.py took 0.046 seconds
[2024-06-09T12:39:39.323+0200] {processor.py:161} INFO - Started process (PID=82857) to work on /Users/noejalabert/airflow_venv/lib/python3.11/site-packages/airflow/example_dags/example_branch_operator.py
[2024-06-09T12:39:39.324+0200] {processor.py:830} INFO - Processing file /Users/noejalabert/airflow_venv/lib/python3.11/site-packages/airflow/example_dags/example_branch_operator.py for tasks to queue
[2024-06-09T12:39:39.324+0200] {logging_mixin.py:188} INFO - [2024-06-09T12:39:39.324+0200] {dagbag.py:540} INFO - Filling up the DagBag from /Users/noejalabert/airflow_venv/lib/python3.11/site-packages/airflow/example_dags/example_branch_operator.py
[2024-06-09T12:39:39.335+0200] {processor.py:842} WARNING - No viable dags retrieved from /Users/noejalabert/airflow_venv/lib/python3.11/site-packages/airflow/example_dags/example_branch_operator.py
[2024-06-09T12:39:39.370+0200] {processor.py:183} INFO - Processing /Users/noejalabert/airflow_venv/lib/python3.11/site-packages/airflow/example_dags/example_branch_operator.py took 0.050 seconds
[2024-06-09T12:42:35.932+0200] {processor.py:161} INFO - Started process (PID=83373) to work on /Users/noejalabert/airflow_venv/lib/python3.11/site-packages/airflow/example_dags/example_branch_operator.py
[2024-06-09T12:42:35.933+0200] {processor.py:830} INFO - Processing file /Users/noejalabert/airflow_venv/lib/python3.11/site-packages/airflow/example_dags/example_branch_operator.py for tasks to queue
[2024-06-09T12:42:35.934+0200] {logging_mixin.py:188} INFO - [2024-06-09T12:42:35.934+0200] {dagbag.py:540} INFO - Filling up the DagBag from /Users/noejalabert/airflow_venv/lib/python3.11/site-packages/airflow/example_dags/example_branch_operator.py
[2024-06-09T12:42:35.943+0200] {processor.py:842} WARNING - No viable dags retrieved from /Users/noejalabert/airflow_venv/lib/python3.11/site-packages/airflow/example_dags/example_branch_operator.py
[2024-06-09T12:42:35.978+0200] {processor.py:183} INFO - Processing /Users/noejalabert/airflow_venv/lib/python3.11/site-packages/airflow/example_dags/example_branch_operator.py took 0.047 seconds
