[2024-06-09T12:29:02.364+0200] {processor.py:161} INFO - Started process (PID=80953) to work on /Users/noejalabert/airflow_venv/lib/python3.11/site-packages/airflow/example_dags/example_branch_day_of_week_operator.py
[2024-06-09T12:29:02.365+0200] {processor.py:830} INFO - Processing file /Users/noejalabert/airflow_venv/lib/python3.11/site-packages/airflow/example_dags/example_branch_day_of_week_operator.py for tasks to queue
[2024-06-09T12:29:02.365+0200] {logging_mixin.py:188} INFO - [2024-06-09T12:29:02.365+0200] {dagbag.py:540} INFO - Filling up the DagBag from /Users/noejalabert/airflow_venv/lib/python3.11/site-packages/airflow/example_dags/example_branch_day_of_week_operator.py
[2024-06-09T12:29:02.371+0200] {processor.py:840} INFO - DAG(s) 'example_weekday_branch_operator' retrieved from /Users/noejalabert/airflow_venv/lib/python3.11/site-packages/airflow/example_dags/example_branch_day_of_week_operator.py
[2024-06-09T12:29:02.456+0200] {logging_mixin.py:188} INFO - [2024-06-09T12:29:02.455+0200] {dag.py:3096} INFO - Sync 1 DAGs
[2024-06-09T12:29:02.462+0200] {logging_mixin.py:188} INFO - [2024-06-09T12:29:02.462+0200] {dag.py:3954} INFO - Setting next_dagrun for example_weekday_branch_operator to 2024-06-08 00:00:00+00:00, run_after=2024-06-09 00:00:00+00:00
[2024-06-09T12:29:02.471+0200] {processor.py:183} INFO - Processing /Users/noejalabert/airflow_venv/lib/python3.11/site-packages/airflow/example_dags/example_branch_day_of_week_operator.py took 0.109 seconds
[2024-06-09T12:30:44.879+0200] {processor.py:161} INFO - Started process (PID=81259) to work on /Users/noejalabert/airflow_venv/lib/python3.11/site-packages/airflow/example_dags/example_branch_day_of_week_operator.py
[2024-06-09T12:30:44.880+0200] {processor.py:830} INFO - Processing file /Users/noejalabert/airflow_venv/lib/python3.11/site-packages/airflow/example_dags/example_branch_day_of_week_operator.py for tasks to queue
[2024-06-09T12:30:44.881+0200] {logging_mixin.py:188} INFO - [2024-06-09T12:30:44.881+0200] {dagbag.py:540} INFO - Filling up the DagBag from /Users/noejalabert/airflow_venv/lib/python3.11/site-packages/airflow/example_dags/example_branch_day_of_week_operator.py
[2024-06-09T12:30:44.885+0200] {processor.py:840} INFO - DAG(s) 'example_weekday_branch_operator' retrieved from /Users/noejalabert/airflow_venv/lib/python3.11/site-packages/airflow/example_dags/example_branch_day_of_week_operator.py
[2024-06-09T12:30:44.934+0200] {logging_mixin.py:188} INFO - [2024-06-09T12:30:44.934+0200] {dag.py:3096} INFO - Sync 1 DAGs
[2024-06-09T12:30:44.942+0200] {logging_mixin.py:188} INFO - [2024-06-09T12:30:44.942+0200] {dag.py:3954} INFO - Setting next_dagrun for example_weekday_branch_operator to 2024-06-08 00:00:00+00:00, run_after=2024-06-09 00:00:00+00:00
[2024-06-09T12:30:44.949+0200] {processor.py:183} INFO - Processing /Users/noejalabert/airflow_venv/lib/python3.11/site-packages/airflow/example_dags/example_branch_day_of_week_operator.py took 0.072 seconds
[2024-06-09T12:33:47.065+0200] {processor.py:161} INFO - Started process (PID=81785) to work on /Users/noejalabert/airflow_venv/lib/python3.11/site-packages/airflow/example_dags/example_branch_day_of_week_operator.py
[2024-06-09T12:33:47.066+0200] {processor.py:830} INFO - Processing file /Users/noejalabert/airflow_venv/lib/python3.11/site-packages/airflow/example_dags/example_branch_day_of_week_operator.py for tasks to queue
[2024-06-09T12:33:47.066+0200] {logging_mixin.py:188} INFO - [2024-06-09T12:33:47.066+0200] {dagbag.py:540} INFO - Filling up the DagBag from /Users/noejalabert/airflow_venv/lib/python3.11/site-packages/airflow/example_dags/example_branch_day_of_week_operator.py
[2024-06-09T12:33:47.071+0200] {processor.py:840} INFO - DAG(s) 'example_weekday_branch_operator' retrieved from /Users/noejalabert/airflow_venv/lib/python3.11/site-packages/airflow/example_dags/example_branch_day_of_week_operator.py
[2024-06-09T12:33:47.119+0200] {logging_mixin.py:188} INFO - [2024-06-09T12:33:47.119+0200] {dag.py:3096} INFO - Sync 1 DAGs
[2024-06-09T12:33:47.127+0200] {logging_mixin.py:188} INFO - [2024-06-09T12:33:47.127+0200] {dag.py:3954} INFO - Setting next_dagrun for example_weekday_branch_operator to 2024-06-08 00:00:00+00:00, run_after=2024-06-09 00:00:00+00:00
[2024-06-09T12:33:47.134+0200] {processor.py:183} INFO - Processing /Users/noejalabert/airflow_venv/lib/python3.11/site-packages/airflow/example_dags/example_branch_day_of_week_operator.py took 0.071 seconds
[2024-06-09T12:36:45.724+0200] {processor.py:161} INFO - Started process (PID=82319) to work on /Users/noejalabert/airflow_venv/lib/python3.11/site-packages/airflow/example_dags/example_branch_day_of_week_operator.py
[2024-06-09T12:36:45.726+0200] {processor.py:830} INFO - Processing file /Users/noejalabert/airflow_venv/lib/python3.11/site-packages/airflow/example_dags/example_branch_day_of_week_operator.py for tasks to queue
[2024-06-09T12:36:45.726+0200] {logging_mixin.py:188} INFO - [2024-06-09T12:36:45.726+0200] {dagbag.py:540} INFO - Filling up the DagBag from /Users/noejalabert/airflow_venv/lib/python3.11/site-packages/airflow/example_dags/example_branch_day_of_week_operator.py
[2024-06-09T12:36:45.732+0200] {processor.py:840} INFO - DAG(s) 'example_weekday_branch_operator' retrieved from /Users/noejalabert/airflow_venv/lib/python3.11/site-packages/airflow/example_dags/example_branch_day_of_week_operator.py
[2024-06-09T12:36:45.784+0200] {logging_mixin.py:188} INFO - [2024-06-09T12:36:45.784+0200] {dag.py:3096} INFO - Sync 1 DAGs
[2024-06-09T12:36:45.795+0200] {logging_mixin.py:188} INFO - [2024-06-09T12:36:45.795+0200] {dag.py:3954} INFO - Setting next_dagrun for example_weekday_branch_operator to 2024-06-08 00:00:00+00:00, run_after=2024-06-09 00:00:00+00:00
[2024-06-09T12:36:45.803+0200] {processor.py:183} INFO - Processing /Users/noejalabert/airflow_venv/lib/python3.11/site-packages/airflow/example_dags/example_branch_day_of_week_operator.py took 0.081 seconds
[2024-06-09T12:39:43.177+0200] {processor.py:161} INFO - Started process (PID=82870) to work on /Users/noejalabert/airflow_venv/lib/python3.11/site-packages/airflow/example_dags/example_branch_day_of_week_operator.py
[2024-06-09T12:39:43.178+0200] {processor.py:830} INFO - Processing file /Users/noejalabert/airflow_venv/lib/python3.11/site-packages/airflow/example_dags/example_branch_day_of_week_operator.py for tasks to queue
[2024-06-09T12:39:43.178+0200] {logging_mixin.py:188} INFO - [2024-06-09T12:39:43.178+0200] {dagbag.py:540} INFO - Filling up the DagBag from /Users/noejalabert/airflow_venv/lib/python3.11/site-packages/airflow/example_dags/example_branch_day_of_week_operator.py
[2024-06-09T12:39:43.183+0200] {processor.py:840} INFO - DAG(s) 'example_weekday_branch_operator' retrieved from /Users/noejalabert/airflow_venv/lib/python3.11/site-packages/airflow/example_dags/example_branch_day_of_week_operator.py
[2024-06-09T12:39:43.237+0200] {logging_mixin.py:188} INFO - [2024-06-09T12:39:43.236+0200] {dag.py:3096} INFO - Sync 1 DAGs
[2024-06-09T12:39:43.245+0200] {logging_mixin.py:188} INFO - [2024-06-09T12:39:43.245+0200] {dag.py:3954} INFO - Setting next_dagrun for example_weekday_branch_operator to 2024-06-08 00:00:00+00:00, run_after=2024-06-09 00:00:00+00:00
[2024-06-09T12:39:43.253+0200] {processor.py:183} INFO - Processing /Users/noejalabert/airflow_venv/lib/python3.11/site-packages/airflow/example_dags/example_branch_day_of_week_operator.py took 0.078 seconds
[2024-06-09T12:42:39.633+0200] {processor.py:161} INFO - Started process (PID=83383) to work on /Users/noejalabert/airflow_venv/lib/python3.11/site-packages/airflow/example_dags/example_branch_day_of_week_operator.py
[2024-06-09T12:42:39.634+0200] {processor.py:830} INFO - Processing file /Users/noejalabert/airflow_venv/lib/python3.11/site-packages/airflow/example_dags/example_branch_day_of_week_operator.py for tasks to queue
[2024-06-09T12:42:39.634+0200] {logging_mixin.py:188} INFO - [2024-06-09T12:42:39.634+0200] {dagbag.py:540} INFO - Filling up the DagBag from /Users/noejalabert/airflow_venv/lib/python3.11/site-packages/airflow/example_dags/example_branch_day_of_week_operator.py
[2024-06-09T12:42:39.640+0200] {processor.py:840} INFO - DAG(s) 'example_weekday_branch_operator' retrieved from /Users/noejalabert/airflow_venv/lib/python3.11/site-packages/airflow/example_dags/example_branch_day_of_week_operator.py
[2024-06-09T12:42:39.687+0200] {logging_mixin.py:188} INFO - [2024-06-09T12:42:39.687+0200] {dag.py:3096} INFO - Sync 1 DAGs
[2024-06-09T12:42:39.695+0200] {logging_mixin.py:188} INFO - [2024-06-09T12:42:39.695+0200] {dag.py:3954} INFO - Setting next_dagrun for example_weekday_branch_operator to 2024-06-08 00:00:00+00:00, run_after=2024-06-09 00:00:00+00:00
[2024-06-09T12:42:39.703+0200] {processor.py:183} INFO - Processing /Users/noejalabert/airflow_venv/lib/python3.11/site-packages/airflow/example_dags/example_branch_day_of_week_operator.py took 0.071 seconds
