[2024-06-09T12:28:02.764+0200] {processor.py:161} INFO - Started process (PID=80761) to work on /Users/noejalabert/airflow_venv/lib/python3.11/site-packages/airflow/example_dags/example_task_group_decorator.py
[2024-06-09T12:28:02.765+0200] {processor.py:830} INFO - Processing file /Users/noejalabert/airflow_venv/lib/python3.11/site-packages/airflow/example_dags/example_task_group_decorator.py for tasks to queue
[2024-06-09T12:28:02.765+0200] {logging_mixin.py:188} INFO - [2024-06-09T12:28:02.765+0200] {dagbag.py:540} INFO - Filling up the DagBag from /Users/noejalabert/airflow_venv/lib/python3.11/site-packages/airflow/example_dags/example_task_group_decorator.py
[2024-06-09T12:28:02.787+0200] {processor.py:840} INFO - DAG(s) 'example_task_group_decorator' retrieved from /Users/noejalabert/airflow_venv/lib/python3.11/site-packages/airflow/example_dags/example_task_group_decorator.py
[2024-06-09T12:28:02.910+0200] {logging_mixin.py:188} INFO - [2024-06-09T12:28:02.909+0200] {dag.py:3096} INFO - Sync 1 DAGs
[2024-06-09T12:28:02.918+0200] {logging_mixin.py:188} INFO - [2024-06-09T12:28:02.917+0200] {dag.py:3954} INFO - Setting next_dagrun for example_task_group_decorator to 2024-06-08 00:00:00+00:00, run_after=2024-06-09 00:00:00+00:00
[2024-06-09T12:28:02.926+0200] {processor.py:183} INFO - Processing /Users/noejalabert/airflow_venv/lib/python3.11/site-packages/airflow/example_dags/example_task_group_decorator.py took 0.163 seconds
[2024-06-09T12:29:42.145+0200] {processor.py:161} INFO - Started process (PID=81079) to work on /Users/noejalabert/airflow_venv/lib/python3.11/site-packages/airflow/example_dags/example_task_group_decorator.py
[2024-06-09T12:29:42.147+0200] {processor.py:830} INFO - Processing file /Users/noejalabert/airflow_venv/lib/python3.11/site-packages/airflow/example_dags/example_task_group_decorator.py for tasks to queue
[2024-06-09T12:29:42.147+0200] {logging_mixin.py:188} INFO - [2024-06-09T12:29:42.147+0200] {dagbag.py:540} INFO - Filling up the DagBag from /Users/noejalabert/airflow_venv/lib/python3.11/site-packages/airflow/example_dags/example_task_group_decorator.py
[2024-06-09T12:29:42.167+0200] {processor.py:840} INFO - DAG(s) 'example_task_group_decorator' retrieved from /Users/noejalabert/airflow_venv/lib/python3.11/site-packages/airflow/example_dags/example_task_group_decorator.py
[2024-06-09T12:29:42.217+0200] {logging_mixin.py:188} INFO - [2024-06-09T12:29:42.216+0200] {dag.py:3096} INFO - Sync 1 DAGs
[2024-06-09T12:29:42.224+0200] {logging_mixin.py:188} INFO - [2024-06-09T12:29:42.224+0200] {dag.py:3954} INFO - Setting next_dagrun for example_task_group_decorator to 2024-06-08 00:00:00+00:00, run_after=2024-06-09 00:00:00+00:00
[2024-06-09T12:29:42.232+0200] {processor.py:183} INFO - Processing /Users/noejalabert/airflow_venv/lib/python3.11/site-packages/airflow/example_dags/example_task_group_decorator.py took 0.088 seconds
[2024-06-09T12:31:22.635+0200] {processor.py:161} INFO - Started process (PID=81374) to work on /Users/noejalabert/airflow_venv/lib/python3.11/site-packages/airflow/example_dags/example_task_group_decorator.py
[2024-06-09T12:31:22.636+0200] {processor.py:830} INFO - Processing file /Users/noejalabert/airflow_venv/lib/python3.11/site-packages/airflow/example_dags/example_task_group_decorator.py for tasks to queue
[2024-06-09T12:31:22.637+0200] {logging_mixin.py:188} INFO - [2024-06-09T12:31:22.637+0200] {dagbag.py:540} INFO - Filling up the DagBag from /Users/noejalabert/airflow_venv/lib/python3.11/site-packages/airflow/example_dags/example_task_group_decorator.py
[2024-06-09T12:31:22.659+0200] {processor.py:840} INFO - DAG(s) 'example_task_group_decorator' retrieved from /Users/noejalabert/airflow_venv/lib/python3.11/site-packages/airflow/example_dags/example_task_group_decorator.py
[2024-06-09T12:31:22.709+0200] {logging_mixin.py:188} INFO - [2024-06-09T12:31:22.708+0200] {dag.py:3096} INFO - Sync 1 DAGs
[2024-06-09T12:31:22.716+0200] {logging_mixin.py:188} INFO - [2024-06-09T12:31:22.715+0200] {dag.py:3954} INFO - Setting next_dagrun for example_task_group_decorator to 2024-06-08 00:00:00+00:00, run_after=2024-06-09 00:00:00+00:00
[2024-06-09T12:31:22.724+0200] {processor.py:183} INFO - Processing /Users/noejalabert/airflow_venv/lib/python3.11/site-packages/airflow/example_dags/example_task_group_decorator.py took 0.090 seconds
[2024-06-09T12:32:52.323+0200] {processor.py:161} INFO - Started process (PID=81631) to work on /Users/noejalabert/airflow_venv/lib/python3.11/site-packages/airflow/example_dags/example_task_group_decorator.py
[2024-06-09T12:32:52.324+0200] {processor.py:830} INFO - Processing file /Users/noejalabert/airflow_venv/lib/python3.11/site-packages/airflow/example_dags/example_task_group_decorator.py for tasks to queue
[2024-06-09T12:32:52.324+0200] {logging_mixin.py:188} INFO - [2024-06-09T12:32:52.324+0200] {dagbag.py:540} INFO - Filling up the DagBag from /Users/noejalabert/airflow_venv/lib/python3.11/site-packages/airflow/example_dags/example_task_group_decorator.py
[2024-06-09T12:32:52.345+0200] {processor.py:840} INFO - DAG(s) 'example_task_group_decorator' retrieved from /Users/noejalabert/airflow_venv/lib/python3.11/site-packages/airflow/example_dags/example_task_group_decorator.py
[2024-06-09T12:32:52.394+0200] {logging_mixin.py:188} INFO - [2024-06-09T12:32:52.393+0200] {dag.py:3096} INFO - Sync 1 DAGs
[2024-06-09T12:32:52.401+0200] {logging_mixin.py:188} INFO - [2024-06-09T12:32:52.400+0200] {dag.py:3954} INFO - Setting next_dagrun for example_task_group_decorator to 2024-06-08 00:00:00+00:00, run_after=2024-06-09 00:00:00+00:00
[2024-06-09T12:32:52.409+0200] {processor.py:183} INFO - Processing /Users/noejalabert/airflow_venv/lib/python3.11/site-packages/airflow/example_dags/example_task_group_decorator.py took 0.088 seconds
[2024-06-09T12:34:19.655+0200] {processor.py:161} INFO - Started process (PID=81876) to work on /Users/noejalabert/airflow_venv/lib/python3.11/site-packages/airflow/example_dags/example_task_group_decorator.py
[2024-06-09T12:34:19.656+0200] {processor.py:830} INFO - Processing file /Users/noejalabert/airflow_venv/lib/python3.11/site-packages/airflow/example_dags/example_task_group_decorator.py for tasks to queue
[2024-06-09T12:34:19.656+0200] {logging_mixin.py:188} INFO - [2024-06-09T12:34:19.656+0200] {dagbag.py:540} INFO - Filling up the DagBag from /Users/noejalabert/airflow_venv/lib/python3.11/site-packages/airflow/example_dags/example_task_group_decorator.py
[2024-06-09T12:34:19.682+0200] {processor.py:840} INFO - DAG(s) 'example_task_group_decorator' retrieved from /Users/noejalabert/airflow_venv/lib/python3.11/site-packages/airflow/example_dags/example_task_group_decorator.py
[2024-06-09T12:34:19.735+0200] {logging_mixin.py:188} INFO - [2024-06-09T12:34:19.735+0200] {dag.py:3096} INFO - Sync 1 DAGs
[2024-06-09T12:34:19.742+0200] {logging_mixin.py:188} INFO - [2024-06-09T12:34:19.742+0200] {dag.py:3954} INFO - Setting next_dagrun for example_task_group_decorator to 2024-06-08 00:00:00+00:00, run_after=2024-06-09 00:00:00+00:00
[2024-06-09T12:34:19.751+0200] {processor.py:183} INFO - Processing /Users/noejalabert/airflow_venv/lib/python3.11/site-packages/airflow/example_dags/example_task_group_decorator.py took 0.097 seconds
[2024-06-09T12:35:48.172+0200] {processor.py:161} INFO - Started process (PID=82148) to work on /Users/noejalabert/airflow_venv/lib/python3.11/site-packages/airflow/example_dags/example_task_group_decorator.py
[2024-06-09T12:35:48.173+0200] {processor.py:830} INFO - Processing file /Users/noejalabert/airflow_venv/lib/python3.11/site-packages/airflow/example_dags/example_task_group_decorator.py for tasks to queue
[2024-06-09T12:35:48.174+0200] {logging_mixin.py:188} INFO - [2024-06-09T12:35:48.174+0200] {dagbag.py:540} INFO - Filling up the DagBag from /Users/noejalabert/airflow_venv/lib/python3.11/site-packages/airflow/example_dags/example_task_group_decorator.py
[2024-06-09T12:35:48.193+0200] {processor.py:840} INFO - DAG(s) 'example_task_group_decorator' retrieved from /Users/noejalabert/airflow_venv/lib/python3.11/site-packages/airflow/example_dags/example_task_group_decorator.py
[2024-06-09T12:35:48.243+0200] {logging_mixin.py:188} INFO - [2024-06-09T12:35:48.242+0200] {dag.py:3096} INFO - Sync 1 DAGs
[2024-06-09T12:35:48.249+0200] {logging_mixin.py:188} INFO - [2024-06-09T12:35:48.249+0200] {dag.py:3954} INFO - Setting next_dagrun for example_task_group_decorator to 2024-06-08 00:00:00+00:00, run_after=2024-06-09 00:00:00+00:00
[2024-06-09T12:35:48.258+0200] {processor.py:183} INFO - Processing /Users/noejalabert/airflow_venv/lib/python3.11/site-packages/airflow/example_dags/example_task_group_decorator.py took 0.087 seconds
[2024-06-09T12:37:19.208+0200] {processor.py:161} INFO - Started process (PID=82423) to work on /Users/noejalabert/airflow_venv/lib/python3.11/site-packages/airflow/example_dags/example_task_group_decorator.py
[2024-06-09T12:37:19.209+0200] {processor.py:830} INFO - Processing file /Users/noejalabert/airflow_venv/lib/python3.11/site-packages/airflow/example_dags/example_task_group_decorator.py for tasks to queue
[2024-06-09T12:37:19.210+0200] {logging_mixin.py:188} INFO - [2024-06-09T12:37:19.209+0200] {dagbag.py:540} INFO - Filling up the DagBag from /Users/noejalabert/airflow_venv/lib/python3.11/site-packages/airflow/example_dags/example_task_group_decorator.py
[2024-06-09T12:37:19.230+0200] {processor.py:840} INFO - DAG(s) 'example_task_group_decorator' retrieved from /Users/noejalabert/airflow_venv/lib/python3.11/site-packages/airflow/example_dags/example_task_group_decorator.py
[2024-06-09T12:37:19.283+0200] {logging_mixin.py:188} INFO - [2024-06-09T12:37:19.283+0200] {dag.py:3096} INFO - Sync 1 DAGs
[2024-06-09T12:37:19.291+0200] {logging_mixin.py:188} INFO - [2024-06-09T12:37:19.291+0200] {dag.py:3954} INFO - Setting next_dagrun for example_task_group_decorator to 2024-06-08 00:00:00+00:00, run_after=2024-06-09 00:00:00+00:00
[2024-06-09T12:37:19.300+0200] {processor.py:183} INFO - Processing /Users/noejalabert/airflow_venv/lib/python3.11/site-packages/airflow/example_dags/example_task_group_decorator.py took 0.094 seconds
[2024-06-09T12:38:45.103+0200] {processor.py:161} INFO - Started process (PID=82702) to work on /Users/noejalabert/airflow_venv/lib/python3.11/site-packages/airflow/example_dags/example_task_group_decorator.py
[2024-06-09T12:38:45.104+0200] {processor.py:830} INFO - Processing file /Users/noejalabert/airflow_venv/lib/python3.11/site-packages/airflow/example_dags/example_task_group_decorator.py for tasks to queue
[2024-06-09T12:38:45.105+0200] {logging_mixin.py:188} INFO - [2024-06-09T12:38:45.104+0200] {dagbag.py:540} INFO - Filling up the DagBag from /Users/noejalabert/airflow_venv/lib/python3.11/site-packages/airflow/example_dags/example_task_group_decorator.py
[2024-06-09T12:38:45.125+0200] {processor.py:840} INFO - DAG(s) 'example_task_group_decorator' retrieved from /Users/noejalabert/airflow_venv/lib/python3.11/site-packages/airflow/example_dags/example_task_group_decorator.py
[2024-06-09T12:38:45.178+0200] {logging_mixin.py:188} INFO - [2024-06-09T12:38:45.178+0200] {dag.py:3096} INFO - Sync 1 DAGs
[2024-06-09T12:38:45.185+0200] {logging_mixin.py:188} INFO - [2024-06-09T12:38:45.185+0200] {dag.py:3954} INFO - Setting next_dagrun for example_task_group_decorator to 2024-06-08 00:00:00+00:00, run_after=2024-06-09 00:00:00+00:00
[2024-06-09T12:38:45.194+0200] {processor.py:183} INFO - Processing /Users/noejalabert/airflow_venv/lib/python3.11/site-packages/airflow/example_dags/example_task_group_decorator.py took 0.092 seconds
[2024-06-09T12:40:14.893+0200] {processor.py:161} INFO - Started process (PID=82961) to work on /Users/noejalabert/airflow_venv/lib/python3.11/site-packages/airflow/example_dags/example_task_group_decorator.py
[2024-06-09T12:40:14.894+0200] {processor.py:830} INFO - Processing file /Users/noejalabert/airflow_venv/lib/python3.11/site-packages/airflow/example_dags/example_task_group_decorator.py for tasks to queue
[2024-06-09T12:40:14.894+0200] {logging_mixin.py:188} INFO - [2024-06-09T12:40:14.894+0200] {dagbag.py:540} INFO - Filling up the DagBag from /Users/noejalabert/airflow_venv/lib/python3.11/site-packages/airflow/example_dags/example_task_group_decorator.py
[2024-06-09T12:40:14.914+0200] {processor.py:840} INFO - DAG(s) 'example_task_group_decorator' retrieved from /Users/noejalabert/airflow_venv/lib/python3.11/site-packages/airflow/example_dags/example_task_group_decorator.py
[2024-06-09T12:40:14.965+0200] {logging_mixin.py:188} INFO - [2024-06-09T12:40:14.965+0200] {dag.py:3096} INFO - Sync 1 DAGs
[2024-06-09T12:40:14.972+0200] {logging_mixin.py:188} INFO - [2024-06-09T12:40:14.972+0200] {dag.py:3954} INFO - Setting next_dagrun for example_task_group_decorator to 2024-06-08 00:00:00+00:00, run_after=2024-06-09 00:00:00+00:00
[2024-06-09T12:40:14.981+0200] {processor.py:183} INFO - Processing /Users/noejalabert/airflow_venv/lib/python3.11/site-packages/airflow/example_dags/example_task_group_decorator.py took 0.089 seconds
[2024-06-09T12:41:41.163+0200] {processor.py:161} INFO - Started process (PID=83206) to work on /Users/noejalabert/airflow_venv/lib/python3.11/site-packages/airflow/example_dags/example_task_group_decorator.py
[2024-06-09T12:41:41.163+0200] {processor.py:830} INFO - Processing file /Users/noejalabert/airflow_venv/lib/python3.11/site-packages/airflow/example_dags/example_task_group_decorator.py for tasks to queue
[2024-06-09T12:41:41.164+0200] {logging_mixin.py:188} INFO - [2024-06-09T12:41:41.164+0200] {dagbag.py:540} INFO - Filling up the DagBag from /Users/noejalabert/airflow_venv/lib/python3.11/site-packages/airflow/example_dags/example_task_group_decorator.py
[2024-06-09T12:41:41.183+0200] {processor.py:840} INFO - DAG(s) 'example_task_group_decorator' retrieved from /Users/noejalabert/airflow_venv/lib/python3.11/site-packages/airflow/example_dags/example_task_group_decorator.py
[2024-06-09T12:41:41.238+0200] {logging_mixin.py:188} INFO - [2024-06-09T12:41:41.237+0200] {dag.py:3096} INFO - Sync 1 DAGs
[2024-06-09T12:41:41.245+0200] {logging_mixin.py:188} INFO - [2024-06-09T12:41:41.245+0200] {dag.py:3954} INFO - Setting next_dagrun for example_task_group_decorator to 2024-06-08 00:00:00+00:00, run_after=2024-06-09 00:00:00+00:00
[2024-06-09T12:41:41.254+0200] {processor.py:183} INFO - Processing /Users/noejalabert/airflow_venv/lib/python3.11/site-packages/airflow/example_dags/example_task_group_decorator.py took 0.092 seconds
[2024-06-09T12:43:11.467+0200] {processor.py:161} INFO - Started process (PID=83480) to work on /Users/noejalabert/airflow_venv/lib/python3.11/site-packages/airflow/example_dags/example_task_group_decorator.py
[2024-06-09T12:43:11.468+0200] {processor.py:830} INFO - Processing file /Users/noejalabert/airflow_venv/lib/python3.11/site-packages/airflow/example_dags/example_task_group_decorator.py for tasks to queue
[2024-06-09T12:43:11.469+0200] {logging_mixin.py:188} INFO - [2024-06-09T12:43:11.469+0200] {dagbag.py:540} INFO - Filling up the DagBag from /Users/noejalabert/airflow_venv/lib/python3.11/site-packages/airflow/example_dags/example_task_group_decorator.py
[2024-06-09T12:43:11.489+0200] {processor.py:840} INFO - DAG(s) 'example_task_group_decorator' retrieved from /Users/noejalabert/airflow_venv/lib/python3.11/site-packages/airflow/example_dags/example_task_group_decorator.py
[2024-06-09T12:43:11.538+0200] {logging_mixin.py:188} INFO - [2024-06-09T12:43:11.537+0200] {dag.py:3096} INFO - Sync 1 DAGs
[2024-06-09T12:43:11.545+0200] {logging_mixin.py:188} INFO - [2024-06-09T12:43:11.544+0200] {dag.py:3954} INFO - Setting next_dagrun for example_task_group_decorator to 2024-06-08 00:00:00+00:00, run_after=2024-06-09 00:00:00+00:00
[2024-06-09T12:43:11.553+0200] {processor.py:183} INFO - Processing /Users/noejalabert/airflow_venv/lib/python3.11/site-packages/airflow/example_dags/example_task_group_decorator.py took 0.087 seconds
[2024-06-09T12:44:36.172+0200] {processor.py:161} INFO - Started process (PID=83719) to work on /Users/noejalabert/airflow_venv/lib/python3.11/site-packages/airflow/example_dags/example_task_group_decorator.py
[2024-06-09T12:44:36.172+0200] {processor.py:830} INFO - Processing file /Users/noejalabert/airflow_venv/lib/python3.11/site-packages/airflow/example_dags/example_task_group_decorator.py for tasks to queue
[2024-06-09T12:44:36.173+0200] {logging_mixin.py:188} INFO - [2024-06-09T12:44:36.172+0200] {dagbag.py:540} INFO - Filling up the DagBag from /Users/noejalabert/airflow_venv/lib/python3.11/site-packages/airflow/example_dags/example_task_group_decorator.py
[2024-06-09T12:44:36.193+0200] {processor.py:840} INFO - DAG(s) 'example_task_group_decorator' retrieved from /Users/noejalabert/airflow_venv/lib/python3.11/site-packages/airflow/example_dags/example_task_group_decorator.py
[2024-06-09T12:44:36.244+0200] {logging_mixin.py:188} INFO - [2024-06-09T12:44:36.244+0200] {dag.py:3096} INFO - Sync 1 DAGs
[2024-06-09T12:44:36.251+0200] {logging_mixin.py:188} INFO - [2024-06-09T12:44:36.251+0200] {dag.py:3954} INFO - Setting next_dagrun for example_task_group_decorator to 2024-06-08 00:00:00+00:00, run_after=2024-06-09 00:00:00+00:00
[2024-06-09T12:44:36.260+0200] {processor.py:183} INFO - Processing /Users/noejalabert/airflow_venv/lib/python3.11/site-packages/airflow/example_dags/example_task_group_decorator.py took 0.090 seconds
