[2024-06-09T12:28:40.587+0200] {processor.py:161} INFO - Started process (PID=80887) to work on /Users/noejalabert/airflow_venv/lib/python3.11/site-packages/airflow/example_dags/example_kubernetes_executor.py
[2024-06-09T12:28:40.588+0200] {processor.py:830} INFO - Processing file /Users/noejalabert/airflow_venv/lib/python3.11/site-packages/airflow/example_dags/example_kubernetes_executor.py for tasks to queue
[2024-06-09T12:28:40.588+0200] {logging_mixin.py:188} INFO - [2024-06-09T12:28:40.588+0200] {dagbag.py:540} INFO - Filling up the DagBag from /Users/noejalabert/airflow_venv/lib/python3.11/site-packages/airflow/example_dags/example_kubernetes_executor.py
[2024-06-09T12:28:40.605+0200] {logging_mixin.py:188} INFO - [2024-06-09T12:28:40.605+0200] {example_kubernetes_executor.py:39} WARNING - The example_kubernetes_executor example DAG requires the kubernetes provider. Please install it with: pip install apache-airflow[cncf.kubernetes]
[2024-06-09T12:28:40.605+0200] {processor.py:842} WARNING - No viable dags retrieved from /Users/noejalabert/airflow_venv/lib/python3.11/site-packages/airflow/example_dags/example_kubernetes_executor.py
[2024-06-09T12:28:40.642+0200] {processor.py:183} INFO - Processing /Users/noejalabert/airflow_venv/lib/python3.11/site-packages/airflow/example_dags/example_kubernetes_executor.py took 0.056 seconds
[2024-06-09T12:30:18.271+0200] {processor.py:161} INFO - Started process (PID=81182) to work on /Users/noejalabert/airflow_venv/lib/python3.11/site-packages/airflow/example_dags/example_kubernetes_executor.py
[2024-06-09T12:30:18.272+0200] {processor.py:830} INFO - Processing file /Users/noejalabert/airflow_venv/lib/python3.11/site-packages/airflow/example_dags/example_kubernetes_executor.py for tasks to queue
[2024-06-09T12:30:18.272+0200] {logging_mixin.py:188} INFO - [2024-06-09T12:30:18.272+0200] {dagbag.py:540} INFO - Filling up the DagBag from /Users/noejalabert/airflow_venv/lib/python3.11/site-packages/airflow/example_dags/example_kubernetes_executor.py
[2024-06-09T12:30:18.288+0200] {logging_mixin.py:188} INFO - [2024-06-09T12:30:18.288+0200] {example_kubernetes_executor.py:39} WARNING - The example_kubernetes_executor example DAG requires the kubernetes provider. Please install it with: pip install apache-airflow[cncf.kubernetes]
[2024-06-09T12:30:18.289+0200] {processor.py:842} WARNING - No viable dags retrieved from /Users/noejalabert/airflow_venv/lib/python3.11/site-packages/airflow/example_dags/example_kubernetes_executor.py
[2024-06-09T12:30:18.322+0200] {processor.py:183} INFO - Processing /Users/noejalabert/airflow_venv/lib/python3.11/site-packages/airflow/example_dags/example_kubernetes_executor.py took 0.053 seconds
[2024-06-09T12:31:57.760+0200] {processor.py:161} INFO - Started process (PID=81476) to work on /Users/noejalabert/airflow_venv/lib/python3.11/site-packages/airflow/example_dags/example_kubernetes_executor.py
[2024-06-09T12:31:57.761+0200] {processor.py:830} INFO - Processing file /Users/noejalabert/airflow_venv/lib/python3.11/site-packages/airflow/example_dags/example_kubernetes_executor.py for tasks to queue
[2024-06-09T12:31:57.761+0200] {logging_mixin.py:188} INFO - [2024-06-09T12:31:57.761+0200] {dagbag.py:540} INFO - Filling up the DagBag from /Users/noejalabert/airflow_venv/lib/python3.11/site-packages/airflow/example_dags/example_kubernetes_executor.py
[2024-06-09T12:31:57.777+0200] {logging_mixin.py:188} INFO - [2024-06-09T12:31:57.777+0200] {example_kubernetes_executor.py:39} WARNING - The example_kubernetes_executor example DAG requires the kubernetes provider. Please install it with: pip install apache-airflow[cncf.kubernetes]
[2024-06-09T12:31:57.777+0200] {processor.py:842} WARNING - No viable dags retrieved from /Users/noejalabert/airflow_venv/lib/python3.11/site-packages/airflow/example_dags/example_kubernetes_executor.py
[2024-06-09T12:31:57.822+0200] {processor.py:183} INFO - Processing /Users/noejalabert/airflow_venv/lib/python3.11/site-packages/airflow/example_dags/example_kubernetes_executor.py took 0.064 seconds
[2024-06-09T12:33:26.822+0200] {processor.py:161} INFO - Started process (PID=81728) to work on /Users/noejalabert/airflow_venv/lib/python3.11/site-packages/airflow/example_dags/example_kubernetes_executor.py
[2024-06-09T12:33:26.822+0200] {processor.py:830} INFO - Processing file /Users/noejalabert/airflow_venv/lib/python3.11/site-packages/airflow/example_dags/example_kubernetes_executor.py for tasks to queue
[2024-06-09T12:33:26.822+0200] {logging_mixin.py:188} INFO - [2024-06-09T12:33:26.822+0200] {dagbag.py:540} INFO - Filling up the DagBag from /Users/noejalabert/airflow_venv/lib/python3.11/site-packages/airflow/example_dags/example_kubernetes_executor.py
[2024-06-09T12:33:26.838+0200] {logging_mixin.py:188} INFO - [2024-06-09T12:33:26.838+0200] {example_kubernetes_executor.py:39} WARNING - The example_kubernetes_executor example DAG requires the kubernetes provider. Please install it with: pip install apache-airflow[cncf.kubernetes]
[2024-06-09T12:33:26.838+0200] {processor.py:842} WARNING - No viable dags retrieved from /Users/noejalabert/airflow_venv/lib/python3.11/site-packages/airflow/example_dags/example_kubernetes_executor.py
[2024-06-09T12:33:26.871+0200] {processor.py:183} INFO - Processing /Users/noejalabert/airflow_venv/lib/python3.11/site-packages/airflow/example_dags/example_kubernetes_executor.py took 0.051 seconds
[2024-06-09T12:34:54.046+0200] {processor.py:161} INFO - Started process (PID=81995) to work on /Users/noejalabert/airflow_venv/lib/python3.11/site-packages/airflow/example_dags/example_kubernetes_executor.py
[2024-06-09T12:34:54.047+0200] {processor.py:830} INFO - Processing file /Users/noejalabert/airflow_venv/lib/python3.11/site-packages/airflow/example_dags/example_kubernetes_executor.py for tasks to queue
[2024-06-09T12:34:54.047+0200] {logging_mixin.py:188} INFO - [2024-06-09T12:34:54.047+0200] {dagbag.py:540} INFO - Filling up the DagBag from /Users/noejalabert/airflow_venv/lib/python3.11/site-packages/airflow/example_dags/example_kubernetes_executor.py
[2024-06-09T12:34:54.062+0200] {logging_mixin.py:188} INFO - [2024-06-09T12:34:54.062+0200] {example_kubernetes_executor.py:39} WARNING - The example_kubernetes_executor example DAG requires the kubernetes provider. Please install it with: pip install apache-airflow[cncf.kubernetes]
[2024-06-09T12:34:54.062+0200] {processor.py:842} WARNING - No viable dags retrieved from /Users/noejalabert/airflow_venv/lib/python3.11/site-packages/airflow/example_dags/example_kubernetes_executor.py
[2024-06-09T12:34:54.096+0200] {processor.py:183} INFO - Processing /Users/noejalabert/airflow_venv/lib/python3.11/site-packages/airflow/example_dags/example_kubernetes_executor.py took 0.052 seconds
[2024-06-09T12:36:23.940+0200] {processor.py:161} INFO - Started process (PID=82254) to work on /Users/noejalabert/airflow_venv/lib/python3.11/site-packages/airflow/example_dags/example_kubernetes_executor.py
[2024-06-09T12:36:23.941+0200] {processor.py:830} INFO - Processing file /Users/noejalabert/airflow_venv/lib/python3.11/site-packages/airflow/example_dags/example_kubernetes_executor.py for tasks to queue
[2024-06-09T12:36:23.941+0200] {logging_mixin.py:188} INFO - [2024-06-09T12:36:23.941+0200] {dagbag.py:540} INFO - Filling up the DagBag from /Users/noejalabert/airflow_venv/lib/python3.11/site-packages/airflow/example_dags/example_kubernetes_executor.py
[2024-06-09T12:36:23.958+0200] {logging_mixin.py:188} INFO - [2024-06-09T12:36:23.957+0200] {example_kubernetes_executor.py:39} WARNING - The example_kubernetes_executor example DAG requires the kubernetes provider. Please install it with: pip install apache-airflow[cncf.kubernetes]
[2024-06-09T12:36:23.958+0200] {processor.py:842} WARNING - No viable dags retrieved from /Users/noejalabert/airflow_venv/lib/python3.11/site-packages/airflow/example_dags/example_kubernetes_executor.py
[2024-06-09T12:36:23.991+0200] {processor.py:183} INFO - Processing /Users/noejalabert/airflow_venv/lib/python3.11/site-packages/airflow/example_dags/example_kubernetes_executor.py took 0.052 seconds
[2024-06-09T12:37:51.599+0200] {processor.py:161} INFO - Started process (PID=82526) to work on /Users/noejalabert/airflow_venv/lib/python3.11/site-packages/airflow/example_dags/example_kubernetes_executor.py
[2024-06-09T12:37:51.601+0200] {processor.py:830} INFO - Processing file /Users/noejalabert/airflow_venv/lib/python3.11/site-packages/airflow/example_dags/example_kubernetes_executor.py for tasks to queue
[2024-06-09T12:37:51.601+0200] {logging_mixin.py:188} INFO - [2024-06-09T12:37:51.601+0200] {dagbag.py:540} INFO - Filling up the DagBag from /Users/noejalabert/airflow_venv/lib/python3.11/site-packages/airflow/example_dags/example_kubernetes_executor.py
[2024-06-09T12:37:51.618+0200] {logging_mixin.py:188} INFO - [2024-06-09T12:37:51.617+0200] {example_kubernetes_executor.py:39} WARNING - The example_kubernetes_executor example DAG requires the kubernetes provider. Please install it with: pip install apache-airflow[cncf.kubernetes]
[2024-06-09T12:37:51.618+0200] {processor.py:842} WARNING - No viable dags retrieved from /Users/noejalabert/airflow_venv/lib/python3.11/site-packages/airflow/example_dags/example_kubernetes_executor.py
[2024-06-09T12:37:51.653+0200] {processor.py:183} INFO - Processing /Users/noejalabert/airflow_venv/lib/python3.11/site-packages/airflow/example_dags/example_kubernetes_executor.py took 0.056 seconds
[2024-06-09T12:39:21.224+0200] {processor.py:161} INFO - Started process (PID=82804) to work on /Users/noejalabert/airflow_venv/lib/python3.11/site-packages/airflow/example_dags/example_kubernetes_executor.py
[2024-06-09T12:39:21.225+0200] {processor.py:830} INFO - Processing file /Users/noejalabert/airflow_venv/lib/python3.11/site-packages/airflow/example_dags/example_kubernetes_executor.py for tasks to queue
[2024-06-09T12:39:21.225+0200] {logging_mixin.py:188} INFO - [2024-06-09T12:39:21.225+0200] {dagbag.py:540} INFO - Filling up the DagBag from /Users/noejalabert/airflow_venv/lib/python3.11/site-packages/airflow/example_dags/example_kubernetes_executor.py
[2024-06-09T12:39:21.241+0200] {logging_mixin.py:188} INFO - [2024-06-09T12:39:21.241+0200] {example_kubernetes_executor.py:39} WARNING - The example_kubernetes_executor example DAG requires the kubernetes provider. Please install it with: pip install apache-airflow[cncf.kubernetes]
[2024-06-09T12:39:21.241+0200] {processor.py:842} WARNING - No viable dags retrieved from /Users/noejalabert/airflow_venv/lib/python3.11/site-packages/airflow/example_dags/example_kubernetes_executor.py
[2024-06-09T12:39:21.274+0200] {processor.py:183} INFO - Processing /Users/noejalabert/airflow_venv/lib/python3.11/site-packages/airflow/example_dags/example_kubernetes_executor.py took 0.051 seconds
[2024-06-09T12:40:47.703+0200] {processor.py:161} INFO - Started process (PID=83054) to work on /Users/noejalabert/airflow_venv/lib/python3.11/site-packages/airflow/example_dags/example_kubernetes_executor.py
[2024-06-09T12:40:47.704+0200] {processor.py:830} INFO - Processing file /Users/noejalabert/airflow_venv/lib/python3.11/site-packages/airflow/example_dags/example_kubernetes_executor.py for tasks to queue
[2024-06-09T12:40:47.704+0200] {logging_mixin.py:188} INFO - [2024-06-09T12:40:47.704+0200] {dagbag.py:540} INFO - Filling up the DagBag from /Users/noejalabert/airflow_venv/lib/python3.11/site-packages/airflow/example_dags/example_kubernetes_executor.py
[2024-06-09T12:40:47.723+0200] {logging_mixin.py:188} INFO - [2024-06-09T12:40:47.723+0200] {example_kubernetes_executor.py:39} WARNING - The example_kubernetes_executor example DAG requires the kubernetes provider. Please install it with: pip install apache-airflow[cncf.kubernetes]
[2024-06-09T12:40:47.723+0200] {processor.py:842} WARNING - No viable dags retrieved from /Users/noejalabert/airflow_venv/lib/python3.11/site-packages/airflow/example_dags/example_kubernetes_executor.py
[2024-06-09T12:40:47.758+0200] {processor.py:183} INFO - Processing /Users/noejalabert/airflow_venv/lib/python3.11/site-packages/airflow/example_dags/example_kubernetes_executor.py took 0.057 seconds
[2024-06-09T12:42:18.024+0200] {processor.py:161} INFO - Started process (PID=83321) to work on /Users/noejalabert/airflow_venv/lib/python3.11/site-packages/airflow/example_dags/example_kubernetes_executor.py
[2024-06-09T12:42:18.025+0200] {processor.py:830} INFO - Processing file /Users/noejalabert/airflow_venv/lib/python3.11/site-packages/airflow/example_dags/example_kubernetes_executor.py for tasks to queue
[2024-06-09T12:42:18.025+0200] {logging_mixin.py:188} INFO - [2024-06-09T12:42:18.025+0200] {dagbag.py:540} INFO - Filling up the DagBag from /Users/noejalabert/airflow_venv/lib/python3.11/site-packages/airflow/example_dags/example_kubernetes_executor.py
[2024-06-09T12:42:18.041+0200] {logging_mixin.py:188} INFO - [2024-06-09T12:42:18.040+0200] {example_kubernetes_executor.py:39} WARNING - The example_kubernetes_executor example DAG requires the kubernetes provider. Please install it with: pip install apache-airflow[cncf.kubernetes]
[2024-06-09T12:42:18.041+0200] {processor.py:842} WARNING - No viable dags retrieved from /Users/noejalabert/airflow_venv/lib/python3.11/site-packages/airflow/example_dags/example_kubernetes_executor.py
[2024-06-09T12:42:18.074+0200] {processor.py:183} INFO - Processing /Users/noejalabert/airflow_venv/lib/python3.11/site-packages/airflow/example_dags/example_kubernetes_executor.py took 0.052 seconds
[2024-06-09T12:43:45.513+0200] {processor.py:161} INFO - Started process (PID=83576) to work on /Users/noejalabert/airflow_venv/lib/python3.11/site-packages/airflow/example_dags/example_kubernetes_executor.py
[2024-06-09T12:43:45.515+0200] {processor.py:830} INFO - Processing file /Users/noejalabert/airflow_venv/lib/python3.11/site-packages/airflow/example_dags/example_kubernetes_executor.py for tasks to queue
[2024-06-09T12:43:45.515+0200] {logging_mixin.py:188} INFO - [2024-06-09T12:43:45.515+0200] {dagbag.py:540} INFO - Filling up the DagBag from /Users/noejalabert/airflow_venv/lib/python3.11/site-packages/airflow/example_dags/example_kubernetes_executor.py
[2024-06-09T12:43:45.533+0200] {logging_mixin.py:188} INFO - [2024-06-09T12:43:45.533+0200] {example_kubernetes_executor.py:39} WARNING - The example_kubernetes_executor example DAG requires the kubernetes provider. Please install it with: pip install apache-airflow[cncf.kubernetes]
[2024-06-09T12:43:45.534+0200] {processor.py:842} WARNING - No viable dags retrieved from /Users/noejalabert/airflow_venv/lib/python3.11/site-packages/airflow/example_dags/example_kubernetes_executor.py
[2024-06-09T12:43:45.569+0200] {processor.py:183} INFO - Processing /Users/noejalabert/airflow_venv/lib/python3.11/site-packages/airflow/example_dags/example_kubernetes_executor.py took 0.057 seconds
