[2024-06-09T12:28:42.525+0200] {processor.py:161} INFO - Started process (PID=80892) to work on /Users/noejalabert/airflow_venv/lib/python3.11/site-packages/airflow/example_dags/example_external_task_marker_dag.py
[2024-06-09T12:28:42.526+0200] {processor.py:830} INFO - Processing file /Users/noejalabert/airflow_venv/lib/python3.11/site-packages/airflow/example_dags/example_external_task_marker_dag.py for tasks to queue
[2024-06-09T12:28:42.526+0200] {logging_mixin.py:188} INFO - [2024-06-09T12:28:42.526+0200] {dagbag.py:540} INFO - Filling up the DagBag from /Users/noejalabert/airflow_venv/lib/python3.11/site-packages/airflow/example_dags/example_external_task_marker_dag.py
[2024-06-09T12:28:42.533+0200] {processor.py:840} INFO - DAG(s) 'example_external_task_marker_parent', 'example_external_task_marker_child' retrieved from /Users/noejalabert/airflow_venv/lib/python3.11/site-packages/airflow/example_dags/example_external_task_marker_dag.py
[2024-06-09T12:28:42.644+0200] {logging_mixin.py:188} INFO - [2024-06-09T12:28:42.644+0200] {dag.py:3096} INFO - Sync 2 DAGs
[2024-06-09T12:28:42.648+0200] {logging_mixin.py:188} INFO - [2024-06-09T12:28:42.648+0200] {dag.py:3954} INFO - Setting next_dagrun for example_external_task_marker_child to None, run_after=None
[2024-06-09T12:28:42.649+0200] {logging_mixin.py:188} INFO - [2024-06-09T12:28:42.649+0200] {dag.py:3954} INFO - Setting next_dagrun for example_external_task_marker_parent to None, run_after=None
[2024-06-09T12:28:42.658+0200] {processor.py:183} INFO - Processing /Users/noejalabert/airflow_venv/lib/python3.11/site-packages/airflow/example_dags/example_external_task_marker_dag.py took 0.134 seconds
[2024-06-09T12:30:20.312+0200] {processor.py:161} INFO - Started process (PID=81190) to work on /Users/noejalabert/airflow_venv/lib/python3.11/site-packages/airflow/example_dags/example_external_task_marker_dag.py
[2024-06-09T12:30:20.313+0200] {processor.py:830} INFO - Processing file /Users/noejalabert/airflow_venv/lib/python3.11/site-packages/airflow/example_dags/example_external_task_marker_dag.py for tasks to queue
[2024-06-09T12:30:20.314+0200] {logging_mixin.py:188} INFO - [2024-06-09T12:30:20.314+0200] {dagbag.py:540} INFO - Filling up the DagBag from /Users/noejalabert/airflow_venv/lib/python3.11/site-packages/airflow/example_dags/example_external_task_marker_dag.py
[2024-06-09T12:30:20.320+0200] {processor.py:840} INFO - DAG(s) 'example_external_task_marker_child', 'example_external_task_marker_parent' retrieved from /Users/noejalabert/airflow_venv/lib/python3.11/site-packages/airflow/example_dags/example_external_task_marker_dag.py
[2024-06-09T12:30:20.371+0200] {logging_mixin.py:188} INFO - [2024-06-09T12:30:20.371+0200] {dag.py:3096} INFO - Sync 2 DAGs
[2024-06-09T12:30:20.375+0200] {logging_mixin.py:188} INFO - [2024-06-09T12:30:20.375+0200] {dag.py:3954} INFO - Setting next_dagrun for example_external_task_marker_child to None, run_after=None
[2024-06-09T12:30:20.377+0200] {logging_mixin.py:188} INFO - [2024-06-09T12:30:20.377+0200] {dag.py:3954} INFO - Setting next_dagrun for example_external_task_marker_parent to None, run_after=None
[2024-06-09T12:30:20.384+0200] {processor.py:183} INFO - Processing /Users/noejalabert/airflow_venv/lib/python3.11/site-packages/airflow/example_dags/example_external_task_marker_dag.py took 0.073 seconds
[2024-06-09T12:31:59.081+0200] {processor.py:161} INFO - Started process (PID=81477) to work on /Users/noejalabert/airflow_venv/lib/python3.11/site-packages/airflow/example_dags/example_external_task_marker_dag.py
[2024-06-09T12:31:59.082+0200] {processor.py:830} INFO - Processing file /Users/noejalabert/airflow_venv/lib/python3.11/site-packages/airflow/example_dags/example_external_task_marker_dag.py for tasks to queue
[2024-06-09T12:31:59.083+0200] {logging_mixin.py:188} INFO - [2024-06-09T12:31:59.082+0200] {dagbag.py:540} INFO - Filling up the DagBag from /Users/noejalabert/airflow_venv/lib/python3.11/site-packages/airflow/example_dags/example_external_task_marker_dag.py
[2024-06-09T12:31:59.089+0200] {processor.py:840} INFO - DAG(s) 'example_external_task_marker_child', 'example_external_task_marker_parent' retrieved from /Users/noejalabert/airflow_venv/lib/python3.11/site-packages/airflow/example_dags/example_external_task_marker_dag.py
[2024-06-09T12:31:59.145+0200] {logging_mixin.py:188} INFO - [2024-06-09T12:31:59.145+0200] {dag.py:3096} INFO - Sync 2 DAGs
[2024-06-09T12:31:59.150+0200] {logging_mixin.py:188} INFO - [2024-06-09T12:31:59.150+0200] {dag.py:3954} INFO - Setting next_dagrun for example_external_task_marker_child to None, run_after=None
[2024-06-09T12:31:59.152+0200] {logging_mixin.py:188} INFO - [2024-06-09T12:31:59.151+0200] {dag.py:3954} INFO - Setting next_dagrun for example_external_task_marker_parent to None, run_after=None
[2024-06-09T12:31:59.160+0200] {processor.py:183} INFO - Processing /Users/noejalabert/airflow_venv/lib/python3.11/site-packages/airflow/example_dags/example_external_task_marker_dag.py took 0.081 seconds
[2024-06-09T12:33:28.382+0200] {processor.py:161} INFO - Started process (PID=81733) to work on /Users/noejalabert/airflow_venv/lib/python3.11/site-packages/airflow/example_dags/example_external_task_marker_dag.py
[2024-06-09T12:33:28.383+0200] {processor.py:830} INFO - Processing file /Users/noejalabert/airflow_venv/lib/python3.11/site-packages/airflow/example_dags/example_external_task_marker_dag.py for tasks to queue
[2024-06-09T12:33:28.383+0200] {logging_mixin.py:188} INFO - [2024-06-09T12:33:28.383+0200] {dagbag.py:540} INFO - Filling up the DagBag from /Users/noejalabert/airflow_venv/lib/python3.11/site-packages/airflow/example_dags/example_external_task_marker_dag.py
[2024-06-09T12:33:28.389+0200] {processor.py:840} INFO - DAG(s) 'example_external_task_marker_child', 'example_external_task_marker_parent' retrieved from /Users/noejalabert/airflow_venv/lib/python3.11/site-packages/airflow/example_dags/example_external_task_marker_dag.py
[2024-06-09T12:33:28.442+0200] {logging_mixin.py:188} INFO - [2024-06-09T12:33:28.442+0200] {dag.py:3096} INFO - Sync 2 DAGs
[2024-06-09T12:33:28.447+0200] {logging_mixin.py:188} INFO - [2024-06-09T12:33:28.447+0200] {dag.py:3954} INFO - Setting next_dagrun for example_external_task_marker_child to None, run_after=None
[2024-06-09T12:33:28.448+0200] {logging_mixin.py:188} INFO - [2024-06-09T12:33:28.448+0200] {dag.py:3954} INFO - Setting next_dagrun for example_external_task_marker_parent to None, run_after=None
[2024-06-09T12:33:28.455+0200] {processor.py:183} INFO - Processing /Users/noejalabert/airflow_venv/lib/python3.11/site-packages/airflow/example_dags/example_external_task_marker_dag.py took 0.074 seconds
[2024-06-09T12:34:55.884+0200] {processor.py:161} INFO - Started process (PID=82000) to work on /Users/noejalabert/airflow_venv/lib/python3.11/site-packages/airflow/example_dags/example_external_task_marker_dag.py
[2024-06-09T12:34:55.886+0200] {processor.py:830} INFO - Processing file /Users/noejalabert/airflow_venv/lib/python3.11/site-packages/airflow/example_dags/example_external_task_marker_dag.py for tasks to queue
[2024-06-09T12:34:55.887+0200] {logging_mixin.py:188} INFO - [2024-06-09T12:34:55.887+0200] {dagbag.py:540} INFO - Filling up the DagBag from /Users/noejalabert/airflow_venv/lib/python3.11/site-packages/airflow/example_dags/example_external_task_marker_dag.py
[2024-06-09T12:34:55.893+0200] {processor.py:840} INFO - DAG(s) 'example_external_task_marker_child', 'example_external_task_marker_parent' retrieved from /Users/noejalabert/airflow_venv/lib/python3.11/site-packages/airflow/example_dags/example_external_task_marker_dag.py
[2024-06-09T12:34:55.946+0200] {logging_mixin.py:188} INFO - [2024-06-09T12:34:55.946+0200] {dag.py:3096} INFO - Sync 2 DAGs
[2024-06-09T12:34:55.950+0200] {logging_mixin.py:188} INFO - [2024-06-09T12:34:55.950+0200] {dag.py:3954} INFO - Setting next_dagrun for example_external_task_marker_child to None, run_after=None
[2024-06-09T12:34:55.952+0200] {logging_mixin.py:188} INFO - [2024-06-09T12:34:55.952+0200] {dag.py:3954} INFO - Setting next_dagrun for example_external_task_marker_parent to None, run_after=None
[2024-06-09T12:34:55.959+0200] {processor.py:183} INFO - Processing /Users/noejalabert/airflow_venv/lib/python3.11/site-packages/airflow/example_dags/example_external_task_marker_dag.py took 0.076 seconds
[2024-06-09T12:36:25.632+0200] {processor.py:161} INFO - Started process (PID=82260) to work on /Users/noejalabert/airflow_venv/lib/python3.11/site-packages/airflow/example_dags/example_external_task_marker_dag.py
[2024-06-09T12:36:25.633+0200] {processor.py:830} INFO - Processing file /Users/noejalabert/airflow_venv/lib/python3.11/site-packages/airflow/example_dags/example_external_task_marker_dag.py for tasks to queue
[2024-06-09T12:36:25.633+0200] {logging_mixin.py:188} INFO - [2024-06-09T12:36:25.633+0200] {dagbag.py:540} INFO - Filling up the DagBag from /Users/noejalabert/airflow_venv/lib/python3.11/site-packages/airflow/example_dags/example_external_task_marker_dag.py
[2024-06-09T12:36:25.639+0200] {processor.py:840} INFO - DAG(s) 'example_external_task_marker_child', 'example_external_task_marker_parent' retrieved from /Users/noejalabert/airflow_venv/lib/python3.11/site-packages/airflow/example_dags/example_external_task_marker_dag.py
[2024-06-09T12:36:25.692+0200] {logging_mixin.py:188} INFO - [2024-06-09T12:36:25.691+0200] {dag.py:3096} INFO - Sync 2 DAGs
[2024-06-09T12:36:25.696+0200] {logging_mixin.py:188} INFO - [2024-06-09T12:36:25.696+0200] {dag.py:3954} INFO - Setting next_dagrun for example_external_task_marker_child to None, run_after=None
[2024-06-09T12:36:25.697+0200] {logging_mixin.py:188} INFO - [2024-06-09T12:36:25.697+0200] {dag.py:3954} INFO - Setting next_dagrun for example_external_task_marker_parent to None, run_after=None
[2024-06-09T12:36:25.705+0200] {processor.py:183} INFO - Processing /Users/noejalabert/airflow_venv/lib/python3.11/site-packages/airflow/example_dags/example_external_task_marker_dag.py took 0.074 seconds
[2024-06-09T12:37:52.921+0200] {processor.py:161} INFO - Started process (PID=82534) to work on /Users/noejalabert/airflow_venv/lib/python3.11/site-packages/airflow/example_dags/example_external_task_marker_dag.py
[2024-06-09T12:37:52.923+0200] {processor.py:830} INFO - Processing file /Users/noejalabert/airflow_venv/lib/python3.11/site-packages/airflow/example_dags/example_external_task_marker_dag.py for tasks to queue
[2024-06-09T12:37:52.923+0200] {logging_mixin.py:188} INFO - [2024-06-09T12:37:52.923+0200] {dagbag.py:540} INFO - Filling up the DagBag from /Users/noejalabert/airflow_venv/lib/python3.11/site-packages/airflow/example_dags/example_external_task_marker_dag.py
[2024-06-09T12:37:52.930+0200] {processor.py:840} INFO - DAG(s) 'example_external_task_marker_parent', 'example_external_task_marker_child' retrieved from /Users/noejalabert/airflow_venv/lib/python3.11/site-packages/airflow/example_dags/example_external_task_marker_dag.py
[2024-06-09T12:37:52.987+0200] {logging_mixin.py:188} INFO - [2024-06-09T12:37:52.987+0200] {dag.py:3096} INFO - Sync 2 DAGs
[2024-06-09T12:37:52.993+0200] {logging_mixin.py:188} INFO - [2024-06-09T12:37:52.993+0200] {dag.py:3954} INFO - Setting next_dagrun for example_external_task_marker_child to None, run_after=None
[2024-06-09T12:37:52.995+0200] {logging_mixin.py:188} INFO - [2024-06-09T12:37:52.994+0200] {dag.py:3954} INFO - Setting next_dagrun for example_external_task_marker_parent to None, run_after=None
[2024-06-09T12:37:53.002+0200] {processor.py:183} INFO - Processing /Users/noejalabert/airflow_venv/lib/python3.11/site-packages/airflow/example_dags/example_external_task_marker_dag.py took 0.083 seconds
[2024-06-09T12:39:23.066+0200] {processor.py:161} INFO - Started process (PID=82812) to work on /Users/noejalabert/airflow_venv/lib/python3.11/site-packages/airflow/example_dags/example_external_task_marker_dag.py
[2024-06-09T12:39:23.067+0200] {processor.py:830} INFO - Processing file /Users/noejalabert/airflow_venv/lib/python3.11/site-packages/airflow/example_dags/example_external_task_marker_dag.py for tasks to queue
[2024-06-09T12:39:23.067+0200] {logging_mixin.py:188} INFO - [2024-06-09T12:39:23.067+0200] {dagbag.py:540} INFO - Filling up the DagBag from /Users/noejalabert/airflow_venv/lib/python3.11/site-packages/airflow/example_dags/example_external_task_marker_dag.py
[2024-06-09T12:39:23.073+0200] {processor.py:840} INFO - DAG(s) 'example_external_task_marker_parent', 'example_external_task_marker_child' retrieved from /Users/noejalabert/airflow_venv/lib/python3.11/site-packages/airflow/example_dags/example_external_task_marker_dag.py
[2024-06-09T12:39:23.127+0200] {logging_mixin.py:188} INFO - [2024-06-09T12:39:23.127+0200] {dag.py:3096} INFO - Sync 2 DAGs
[2024-06-09T12:39:23.132+0200] {logging_mixin.py:188} INFO - [2024-06-09T12:39:23.132+0200] {dag.py:3954} INFO - Setting next_dagrun for example_external_task_marker_child to None, run_after=None
[2024-06-09T12:39:23.133+0200] {logging_mixin.py:188} INFO - [2024-06-09T12:39:23.133+0200] {dag.py:3954} INFO - Setting next_dagrun for example_external_task_marker_parent to None, run_after=None
[2024-06-09T12:39:23.140+0200] {processor.py:183} INFO - Processing /Users/noejalabert/airflow_venv/lib/python3.11/site-packages/airflow/example_dags/example_external_task_marker_dag.py took 0.076 seconds
[2024-06-09T12:40:49.573+0200] {processor.py:161} INFO - Started process (PID=83059) to work on /Users/noejalabert/airflow_venv/lib/python3.11/site-packages/airflow/example_dags/example_external_task_marker_dag.py
[2024-06-09T12:40:49.573+0200] {processor.py:830} INFO - Processing file /Users/noejalabert/airflow_venv/lib/python3.11/site-packages/airflow/example_dags/example_external_task_marker_dag.py for tasks to queue
[2024-06-09T12:40:49.574+0200] {logging_mixin.py:188} INFO - [2024-06-09T12:40:49.574+0200] {dagbag.py:540} INFO - Filling up the DagBag from /Users/noejalabert/airflow_venv/lib/python3.11/site-packages/airflow/example_dags/example_external_task_marker_dag.py
[2024-06-09T12:40:49.581+0200] {processor.py:840} INFO - DAG(s) 'example_external_task_marker_parent', 'example_external_task_marker_child' retrieved from /Users/noejalabert/airflow_venv/lib/python3.11/site-packages/airflow/example_dags/example_external_task_marker_dag.py
[2024-06-09T12:40:49.636+0200] {logging_mixin.py:188} INFO - [2024-06-09T12:40:49.635+0200] {dag.py:3096} INFO - Sync 2 DAGs
[2024-06-09T12:40:49.641+0200] {logging_mixin.py:188} INFO - [2024-06-09T12:40:49.640+0200] {dag.py:3954} INFO - Setting next_dagrun for example_external_task_marker_child to None, run_after=None
[2024-06-09T12:40:49.642+0200] {logging_mixin.py:188} INFO - [2024-06-09T12:40:49.642+0200] {dag.py:3954} INFO - Setting next_dagrun for example_external_task_marker_parent to None, run_after=None
[2024-06-09T12:40:49.649+0200] {processor.py:183} INFO - Processing /Users/noejalabert/airflow_venv/lib/python3.11/site-packages/airflow/example_dags/example_external_task_marker_dag.py took 0.077 seconds
[2024-06-09T12:42:19.938+0200] {processor.py:161} INFO - Started process (PID=83322) to work on /Users/noejalabert/airflow_venv/lib/python3.11/site-packages/airflow/example_dags/example_external_task_marker_dag.py
[2024-06-09T12:42:19.939+0200] {processor.py:830} INFO - Processing file /Users/noejalabert/airflow_venv/lib/python3.11/site-packages/airflow/example_dags/example_external_task_marker_dag.py for tasks to queue
[2024-06-09T12:42:19.939+0200] {logging_mixin.py:188} INFO - [2024-06-09T12:42:19.939+0200] {dagbag.py:540} INFO - Filling up the DagBag from /Users/noejalabert/airflow_venv/lib/python3.11/site-packages/airflow/example_dags/example_external_task_marker_dag.py
[2024-06-09T12:42:19.948+0200] {processor.py:840} INFO - DAG(s) 'example_external_task_marker_child', 'example_external_task_marker_parent' retrieved from /Users/noejalabert/airflow_venv/lib/python3.11/site-packages/airflow/example_dags/example_external_task_marker_dag.py
[2024-06-09T12:42:20.004+0200] {logging_mixin.py:188} INFO - [2024-06-09T12:42:20.004+0200] {dag.py:3096} INFO - Sync 2 DAGs
[2024-06-09T12:42:20.009+0200] {logging_mixin.py:188} INFO - [2024-06-09T12:42:20.009+0200] {dag.py:3954} INFO - Setting next_dagrun for example_external_task_marker_child to None, run_after=None
[2024-06-09T12:42:20.010+0200] {logging_mixin.py:188} INFO - [2024-06-09T12:42:20.010+0200] {dag.py:3954} INFO - Setting next_dagrun for example_external_task_marker_parent to None, run_after=None
[2024-06-09T12:42:20.018+0200] {processor.py:183} INFO - Processing /Users/noejalabert/airflow_venv/lib/python3.11/site-packages/airflow/example_dags/example_external_task_marker_dag.py took 0.082 seconds
[2024-06-09T12:43:47.411+0200] {processor.py:161} INFO - Started process (PID=83581) to work on /Users/noejalabert/airflow_venv/lib/python3.11/site-packages/airflow/example_dags/example_external_task_marker_dag.py
[2024-06-09T12:43:47.413+0200] {processor.py:830} INFO - Processing file /Users/noejalabert/airflow_venv/lib/python3.11/site-packages/airflow/example_dags/example_external_task_marker_dag.py for tasks to queue
[2024-06-09T12:43:47.413+0200] {logging_mixin.py:188} INFO - [2024-06-09T12:43:47.413+0200] {dagbag.py:540} INFO - Filling up the DagBag from /Users/noejalabert/airflow_venv/lib/python3.11/site-packages/airflow/example_dags/example_external_task_marker_dag.py
[2024-06-09T12:43:47.419+0200] {processor.py:840} INFO - DAG(s) 'example_external_task_marker_parent', 'example_external_task_marker_child' retrieved from /Users/noejalabert/airflow_venv/lib/python3.11/site-packages/airflow/example_dags/example_external_task_marker_dag.py
[2024-06-09T12:43:47.472+0200] {logging_mixin.py:188} INFO - [2024-06-09T12:43:47.472+0200] {dag.py:3096} INFO - Sync 2 DAGs
[2024-06-09T12:43:47.477+0200] {logging_mixin.py:188} INFO - [2024-06-09T12:43:47.477+0200] {dag.py:3954} INFO - Setting next_dagrun for example_external_task_marker_child to None, run_after=None
[2024-06-09T12:43:47.478+0200] {logging_mixin.py:188} INFO - [2024-06-09T12:43:47.478+0200] {dag.py:3954} INFO - Setting next_dagrun for example_external_task_marker_parent to None, run_after=None
[2024-06-09T12:43:47.486+0200] {processor.py:183} INFO - Processing /Users/noejalabert/airflow_venv/lib/python3.11/site-packages/airflow/example_dags/example_external_task_marker_dag.py took 0.076 seconds
