[2024-06-09T12:27:44.281+0200] {processor.py:161} INFO - Started process (PID=80705) to work on /Users/noejalabert/airflow_venv/lib/python3.11/site-packages/airflow/example_dags/tutorial_taskflow_api_virtualenv.py
[2024-06-09T12:27:44.282+0200] {processor.py:830} INFO - Processing file /Users/noejalabert/airflow_venv/lib/python3.11/site-packages/airflow/example_dags/tutorial_taskflow_api_virtualenv.py for tasks to queue
[2024-06-09T12:27:44.283+0200] {logging_mixin.py:188} INFO - [2024-06-09T12:27:44.283+0200] {dagbag.py:540} INFO - Filling up the DagBag from /Users/noejalabert/airflow_venv/lib/python3.11/site-packages/airflow/example_dags/tutorial_taskflow_api_virtualenv.py
[2024-06-09T12:27:44.303+0200] {logging_mixin.py:188} INFO - [2024-06-09T12:27:44.303+0200] {tutorial_taskflow_api_virtualenv.py:29} WARNING - The tutorial_taskflow_api_virtualenv example DAG requires virtualenv, please install it.
[2024-06-09T12:27:44.303+0200] {processor.py:842} WARNING - No viable dags retrieved from /Users/noejalabert/airflow_venv/lib/python3.11/site-packages/airflow/example_dags/tutorial_taskflow_api_virtualenv.py
[2024-06-09T12:27:44.337+0200] {processor.py:183} INFO - Processing /Users/noejalabert/airflow_venv/lib/python3.11/site-packages/airflow/example_dags/tutorial_taskflow_api_virtualenv.py took 0.057 seconds
[2024-06-09T12:29:23.529+0200] {processor.py:161} INFO - Started process (PID=81019) to work on /Users/noejalabert/airflow_venv/lib/python3.11/site-packages/airflow/example_dags/tutorial_taskflow_api_virtualenv.py
[2024-06-09T12:29:23.530+0200] {processor.py:830} INFO - Processing file /Users/noejalabert/airflow_venv/lib/python3.11/site-packages/airflow/example_dags/tutorial_taskflow_api_virtualenv.py for tasks to queue
[2024-06-09T12:29:23.531+0200] {logging_mixin.py:188} INFO - [2024-06-09T12:29:23.531+0200] {dagbag.py:540} INFO - Filling up the DagBag from /Users/noejalabert/airflow_venv/lib/python3.11/site-packages/airflow/example_dags/tutorial_taskflow_api_virtualenv.py
[2024-06-09T12:29:23.546+0200] {logging_mixin.py:188} INFO - [2024-06-09T12:29:23.546+0200] {tutorial_taskflow_api_virtualenv.py:29} WARNING - The tutorial_taskflow_api_virtualenv example DAG requires virtualenv, please install it.
[2024-06-09T12:29:23.546+0200] {processor.py:842} WARNING - No viable dags retrieved from /Users/noejalabert/airflow_venv/lib/python3.11/site-packages/airflow/example_dags/tutorial_taskflow_api_virtualenv.py
[2024-06-09T12:29:23.581+0200] {processor.py:183} INFO - Processing /Users/noejalabert/airflow_venv/lib/python3.11/site-packages/airflow/example_dags/tutorial_taskflow_api_virtualenv.py took 0.053 seconds
[2024-06-09T12:31:04.133+0200] {processor.py:161} INFO - Started process (PID=81315) to work on /Users/noejalabert/airflow_venv/lib/python3.11/site-packages/airflow/example_dags/tutorial_taskflow_api_virtualenv.py
[2024-06-09T12:31:04.134+0200] {processor.py:830} INFO - Processing file /Users/noejalabert/airflow_venv/lib/python3.11/site-packages/airflow/example_dags/tutorial_taskflow_api_virtualenv.py for tasks to queue
[2024-06-09T12:31:04.135+0200] {logging_mixin.py:188} INFO - [2024-06-09T12:31:04.135+0200] {dagbag.py:540} INFO - Filling up the DagBag from /Users/noejalabert/airflow_venv/lib/python3.11/site-packages/airflow/example_dags/tutorial_taskflow_api_virtualenv.py
[2024-06-09T12:31:04.150+0200] {logging_mixin.py:188} INFO - [2024-06-09T12:31:04.150+0200] {tutorial_taskflow_api_virtualenv.py:29} WARNING - The tutorial_taskflow_api_virtualenv example DAG requires virtualenv, please install it.
[2024-06-09T12:31:04.150+0200] {processor.py:842} WARNING - No viable dags retrieved from /Users/noejalabert/airflow_venv/lib/python3.11/site-packages/airflow/example_dags/tutorial_taskflow_api_virtualenv.py
[2024-06-09T12:31:04.184+0200] {processor.py:183} INFO - Processing /Users/noejalabert/airflow_venv/lib/python3.11/site-packages/airflow/example_dags/tutorial_taskflow_api_virtualenv.py took 0.053 seconds
[2024-06-09T12:32:34.554+0200] {processor.py:161} INFO - Started process (PID=81574) to work on /Users/noejalabert/airflow_venv/lib/python3.11/site-packages/airflow/example_dags/tutorial_taskflow_api_virtualenv.py
[2024-06-09T12:32:34.555+0200] {processor.py:830} INFO - Processing file /Users/noejalabert/airflow_venv/lib/python3.11/site-packages/airflow/example_dags/tutorial_taskflow_api_virtualenv.py for tasks to queue
[2024-06-09T12:32:34.556+0200] {logging_mixin.py:188} INFO - [2024-06-09T12:32:34.555+0200] {dagbag.py:540} INFO - Filling up the DagBag from /Users/noejalabert/airflow_venv/lib/python3.11/site-packages/airflow/example_dags/tutorial_taskflow_api_virtualenv.py
[2024-06-09T12:32:34.572+0200] {logging_mixin.py:188} INFO - [2024-06-09T12:32:34.572+0200] {tutorial_taskflow_api_virtualenv.py:29} WARNING - The tutorial_taskflow_api_virtualenv example DAG requires virtualenv, please install it.
[2024-06-09T12:32:34.572+0200] {processor.py:842} WARNING - No viable dags retrieved from /Users/noejalabert/airflow_venv/lib/python3.11/site-packages/airflow/example_dags/tutorial_taskflow_api_virtualenv.py
[2024-06-09T12:32:34.605+0200] {processor.py:183} INFO - Processing /Users/noejalabert/airflow_venv/lib/python3.11/site-packages/airflow/example_dags/tutorial_taskflow_api_virtualenv.py took 0.053 seconds
[2024-06-09T12:34:01.995+0200] {processor.py:161} INFO - Started process (PID=81824) to work on /Users/noejalabert/airflow_venv/lib/python3.11/site-packages/airflow/example_dags/tutorial_taskflow_api_virtualenv.py
[2024-06-09T12:34:01.995+0200] {processor.py:830} INFO - Processing file /Users/noejalabert/airflow_venv/lib/python3.11/site-packages/airflow/example_dags/tutorial_taskflow_api_virtualenv.py for tasks to queue
[2024-06-09T12:34:01.996+0200] {logging_mixin.py:188} INFO - [2024-06-09T12:34:01.996+0200] {dagbag.py:540} INFO - Filling up the DagBag from /Users/noejalabert/airflow_venv/lib/python3.11/site-packages/airflow/example_dags/tutorial_taskflow_api_virtualenv.py
[2024-06-09T12:34:02.013+0200] {logging_mixin.py:188} INFO - [2024-06-09T12:34:02.013+0200] {tutorial_taskflow_api_virtualenv.py:29} WARNING - The tutorial_taskflow_api_virtualenv example DAG requires virtualenv, please install it.
[2024-06-09T12:34:02.013+0200] {processor.py:842} WARNING - No viable dags retrieved from /Users/noejalabert/airflow_venv/lib/python3.11/site-packages/airflow/example_dags/tutorial_taskflow_api_virtualenv.py
[2024-06-09T12:34:02.046+0200] {processor.py:183} INFO - Processing /Users/noejalabert/airflow_venv/lib/python3.11/site-packages/airflow/example_dags/tutorial_taskflow_api_virtualenv.py took 0.053 seconds
[2024-06-09T12:35:30.812+0200] {processor.py:161} INFO - Started process (PID=82099) to work on /Users/noejalabert/airflow_venv/lib/python3.11/site-packages/airflow/example_dags/tutorial_taskflow_api_virtualenv.py
[2024-06-09T12:35:30.812+0200] {processor.py:830} INFO - Processing file /Users/noejalabert/airflow_venv/lib/python3.11/site-packages/airflow/example_dags/tutorial_taskflow_api_virtualenv.py for tasks to queue
[2024-06-09T12:35:30.813+0200] {logging_mixin.py:188} INFO - [2024-06-09T12:35:30.813+0200] {dagbag.py:540} INFO - Filling up the DagBag from /Users/noejalabert/airflow_venv/lib/python3.11/site-packages/airflow/example_dags/tutorial_taskflow_api_virtualenv.py
[2024-06-09T12:35:30.830+0200] {logging_mixin.py:188} INFO - [2024-06-09T12:35:30.830+0200] {tutorial_taskflow_api_virtualenv.py:29} WARNING - The tutorial_taskflow_api_virtualenv example DAG requires virtualenv, please install it.
[2024-06-09T12:35:30.830+0200] {processor.py:842} WARNING - No viable dags retrieved from /Users/noejalabert/airflow_venv/lib/python3.11/site-packages/airflow/example_dags/tutorial_taskflow_api_virtualenv.py
[2024-06-09T12:35:30.871+0200] {processor.py:183} INFO - Processing /Users/noejalabert/airflow_venv/lib/python3.11/site-packages/airflow/example_dags/tutorial_taskflow_api_virtualenv.py took 0.061 seconds
[2024-06-09T12:37:02.125+0200] {processor.py:161} INFO - Started process (PID=82370) to work on /Users/noejalabert/airflow_venv/lib/python3.11/site-packages/airflow/example_dags/tutorial_taskflow_api_virtualenv.py
[2024-06-09T12:37:02.126+0200] {processor.py:830} INFO - Processing file /Users/noejalabert/airflow_venv/lib/python3.11/site-packages/airflow/example_dags/tutorial_taskflow_api_virtualenv.py for tasks to queue
[2024-06-09T12:37:02.126+0200] {logging_mixin.py:188} INFO - [2024-06-09T12:37:02.126+0200] {dagbag.py:540} INFO - Filling up the DagBag from /Users/noejalabert/airflow_venv/lib/python3.11/site-packages/airflow/example_dags/tutorial_taskflow_api_virtualenv.py
[2024-06-09T12:37:02.144+0200] {logging_mixin.py:188} INFO - [2024-06-09T12:37:02.144+0200] {tutorial_taskflow_api_virtualenv.py:29} WARNING - The tutorial_taskflow_api_virtualenv example DAG requires virtualenv, please install it.
[2024-06-09T12:37:02.144+0200] {processor.py:842} WARNING - No viable dags retrieved from /Users/noejalabert/airflow_venv/lib/python3.11/site-packages/airflow/example_dags/tutorial_taskflow_api_virtualenv.py
[2024-06-09T12:37:02.177+0200] {processor.py:183} INFO - Processing /Users/noejalabert/airflow_venv/lib/python3.11/site-packages/airflow/example_dags/tutorial_taskflow_api_virtualenv.py took 0.054 seconds
[2024-06-09T12:38:28.148+0200] {processor.py:161} INFO - Started process (PID=82633) to work on /Users/noejalabert/airflow_venv/lib/python3.11/site-packages/airflow/example_dags/tutorial_taskflow_api_virtualenv.py
[2024-06-09T12:38:28.150+0200] {processor.py:830} INFO - Processing file /Users/noejalabert/airflow_venv/lib/python3.11/site-packages/airflow/example_dags/tutorial_taskflow_api_virtualenv.py for tasks to queue
[2024-06-09T12:38:28.150+0200] {logging_mixin.py:188} INFO - [2024-06-09T12:38:28.150+0200] {dagbag.py:540} INFO - Filling up the DagBag from /Users/noejalabert/airflow_venv/lib/python3.11/site-packages/airflow/example_dags/tutorial_taskflow_api_virtualenv.py
[2024-06-09T12:38:28.171+0200] {logging_mixin.py:188} INFO - [2024-06-09T12:38:28.171+0200] {tutorial_taskflow_api_virtualenv.py:29} WARNING - The tutorial_taskflow_api_virtualenv example DAG requires virtualenv, please install it.
[2024-06-09T12:38:28.171+0200] {processor.py:842} WARNING - No viable dags retrieved from /Users/noejalabert/airflow_venv/lib/python3.11/site-packages/airflow/example_dags/tutorial_taskflow_api_virtualenv.py
[2024-06-09T12:38:28.206+0200] {processor.py:183} INFO - Processing /Users/noejalabert/airflow_venv/lib/python3.11/site-packages/airflow/example_dags/tutorial_taskflow_api_virtualenv.py took 0.059 seconds
[2024-06-09T12:39:58.588+0200] {processor.py:161} INFO - Started process (PID=82913) to work on /Users/noejalabert/airflow_venv/lib/python3.11/site-packages/airflow/example_dags/tutorial_taskflow_api_virtualenv.py
[2024-06-09T12:39:58.588+0200] {processor.py:830} INFO - Processing file /Users/noejalabert/airflow_venv/lib/python3.11/site-packages/airflow/example_dags/tutorial_taskflow_api_virtualenv.py for tasks to queue
[2024-06-09T12:39:58.588+0200] {logging_mixin.py:188} INFO - [2024-06-09T12:39:58.588+0200] {dagbag.py:540} INFO - Filling up the DagBag from /Users/noejalabert/airflow_venv/lib/python3.11/site-packages/airflow/example_dags/tutorial_taskflow_api_virtualenv.py
[2024-06-09T12:39:58.604+0200] {logging_mixin.py:188} INFO - [2024-06-09T12:39:58.604+0200] {tutorial_taskflow_api_virtualenv.py:29} WARNING - The tutorial_taskflow_api_virtualenv example DAG requires virtualenv, please install it.
[2024-06-09T12:39:58.604+0200] {processor.py:842} WARNING - No viable dags retrieved from /Users/noejalabert/airflow_venv/lib/python3.11/site-packages/airflow/example_dags/tutorial_taskflow_api_virtualenv.py
[2024-06-09T12:39:58.637+0200] {processor.py:183} INFO - Processing /Users/noejalabert/airflow_venv/lib/python3.11/site-packages/airflow/example_dags/tutorial_taskflow_api_virtualenv.py took 0.051 seconds
[2024-06-09T12:41:24.122+0200] {processor.py:161} INFO - Started process (PID=83154) to work on /Users/noejalabert/airflow_venv/lib/python3.11/site-packages/airflow/example_dags/tutorial_taskflow_api_virtualenv.py
[2024-06-09T12:41:24.123+0200] {processor.py:830} INFO - Processing file /Users/noejalabert/airflow_venv/lib/python3.11/site-packages/airflow/example_dags/tutorial_taskflow_api_virtualenv.py for tasks to queue
[2024-06-09T12:41:24.123+0200] {logging_mixin.py:188} INFO - [2024-06-09T12:41:24.123+0200] {dagbag.py:540} INFO - Filling up the DagBag from /Users/noejalabert/airflow_venv/lib/python3.11/site-packages/airflow/example_dags/tutorial_taskflow_api_virtualenv.py
[2024-06-09T12:41:24.138+0200] {logging_mixin.py:188} INFO - [2024-06-09T12:41:24.138+0200] {tutorial_taskflow_api_virtualenv.py:29} WARNING - The tutorial_taskflow_api_virtualenv example DAG requires virtualenv, please install it.
[2024-06-09T12:41:24.138+0200] {processor.py:842} WARNING - No viable dags retrieved from /Users/noejalabert/airflow_venv/lib/python3.11/site-packages/airflow/example_dags/tutorial_taskflow_api_virtualenv.py
[2024-06-09T12:41:24.172+0200] {processor.py:183} INFO - Processing /Users/noejalabert/airflow_venv/lib/python3.11/site-packages/airflow/example_dags/tutorial_taskflow_api_virtualenv.py took 0.051 seconds
[2024-06-09T12:42:54.240+0200] {processor.py:161} INFO - Started process (PID=83430) to work on /Users/noejalabert/airflow_venv/lib/python3.11/site-packages/airflow/example_dags/tutorial_taskflow_api_virtualenv.py
[2024-06-09T12:42:54.242+0200] {processor.py:830} INFO - Processing file /Users/noejalabert/airflow_venv/lib/python3.11/site-packages/airflow/example_dags/tutorial_taskflow_api_virtualenv.py for tasks to queue
[2024-06-09T12:42:54.242+0200] {logging_mixin.py:188} INFO - [2024-06-09T12:42:54.242+0200] {dagbag.py:540} INFO - Filling up the DagBag from /Users/noejalabert/airflow_venv/lib/python3.11/site-packages/airflow/example_dags/tutorial_taskflow_api_virtualenv.py
[2024-06-09T12:42:54.257+0200] {logging_mixin.py:188} INFO - [2024-06-09T12:42:54.257+0200] {tutorial_taskflow_api_virtualenv.py:29} WARNING - The tutorial_taskflow_api_virtualenv example DAG requires virtualenv, please install it.
[2024-06-09T12:42:54.257+0200] {processor.py:842} WARNING - No viable dags retrieved from /Users/noejalabert/airflow_venv/lib/python3.11/site-packages/airflow/example_dags/tutorial_taskflow_api_virtualenv.py
[2024-06-09T12:42:54.290+0200] {processor.py:183} INFO - Processing /Users/noejalabert/airflow_venv/lib/python3.11/site-packages/airflow/example_dags/tutorial_taskflow_api_virtualenv.py took 0.052 seconds
[2024-06-09T12:44:20.187+0200] {processor.py:161} INFO - Started process (PID=83676) to work on /Users/noejalabert/airflow_venv/lib/python3.11/site-packages/airflow/example_dags/tutorial_taskflow_api_virtualenv.py
[2024-06-09T12:44:20.188+0200] {processor.py:830} INFO - Processing file /Users/noejalabert/airflow_venv/lib/python3.11/site-packages/airflow/example_dags/tutorial_taskflow_api_virtualenv.py for tasks to queue
[2024-06-09T12:44:20.188+0200] {logging_mixin.py:188} INFO - [2024-06-09T12:44:20.188+0200] {dagbag.py:540} INFO - Filling up the DagBag from /Users/noejalabert/airflow_venv/lib/python3.11/site-packages/airflow/example_dags/tutorial_taskflow_api_virtualenv.py
[2024-06-09T12:44:20.204+0200] {logging_mixin.py:188} INFO - [2024-06-09T12:44:20.204+0200] {tutorial_taskflow_api_virtualenv.py:29} WARNING - The tutorial_taskflow_api_virtualenv example DAG requires virtualenv, please install it.
[2024-06-09T12:44:20.205+0200] {processor.py:842} WARNING - No viable dags retrieved from /Users/noejalabert/airflow_venv/lib/python3.11/site-packages/airflow/example_dags/tutorial_taskflow_api_virtualenv.py
[2024-06-09T12:44:20.238+0200] {processor.py:183} INFO - Processing /Users/noejalabert/airflow_venv/lib/python3.11/site-packages/airflow/example_dags/tutorial_taskflow_api_virtualenv.py took 0.053 seconds
