[2024-06-09T12:27:34.168+0200] {processor.py:161} INFO - Started process (PID=80642) to work on /Users/noejalabert/airflow_venv/lib/python3.11/site-packages/airflow/example_dags/subdags/subdag.py
[2024-06-09T12:27:34.169+0200] {processor.py:830} INFO - Processing file /Users/noejalabert/airflow_venv/lib/python3.11/site-packages/airflow/example_dags/subdags/subdag.py for tasks to queue
[2024-06-09T12:27:34.169+0200] {logging_mixin.py:188} INFO - [2024-06-09T12:27:34.169+0200] {dagbag.py:540} INFO - Filling up the DagBag from /Users/noejalabert/airflow_venv/lib/python3.11/site-packages/airflow/example_dags/subdags/subdag.py
[2024-06-09T12:27:34.170+0200] {processor.py:842} WARNING - No viable dags retrieved from /Users/noejalabert/airflow_venv/lib/python3.11/site-packages/airflow/example_dags/subdags/subdag.py
[2024-06-09T12:27:34.210+0200] {processor.py:183} INFO - Processing /Users/noejalabert/airflow_venv/lib/python3.11/site-packages/airflow/example_dags/subdags/subdag.py took 0.044 seconds
[2024-06-09T12:29:13.874+0200] {processor.py:161} INFO - Started process (PID=80987) to work on /Users/noejalabert/airflow_venv/lib/python3.11/site-packages/airflow/example_dags/subdags/subdag.py
[2024-06-09T12:29:13.876+0200] {processor.py:830} INFO - Processing file /Users/noejalabert/airflow_venv/lib/python3.11/site-packages/airflow/example_dags/subdags/subdag.py for tasks to queue
[2024-06-09T12:29:13.876+0200] {logging_mixin.py:188} INFO - [2024-06-09T12:29:13.876+0200] {dagbag.py:540} INFO - Filling up the DagBag from /Users/noejalabert/airflow_venv/lib/python3.11/site-packages/airflow/example_dags/subdags/subdag.py
[2024-06-09T12:29:13.877+0200] {processor.py:842} WARNING - No viable dags retrieved from /Users/noejalabert/airflow_venv/lib/python3.11/site-packages/airflow/example_dags/subdags/subdag.py
[2024-06-09T12:29:13.913+0200] {processor.py:183} INFO - Processing /Users/noejalabert/airflow_venv/lib/python3.11/site-packages/airflow/example_dags/subdags/subdag.py took 0.040 seconds
[2024-06-09T12:30:55.098+0200] {processor.py:161} INFO - Started process (PID=81290) to work on /Users/noejalabert/airflow_venv/lib/python3.11/site-packages/airflow/example_dags/subdags/subdag.py
[2024-06-09T12:30:55.099+0200] {processor.py:830} INFO - Processing file /Users/noejalabert/airflow_venv/lib/python3.11/site-packages/airflow/example_dags/subdags/subdag.py for tasks to queue
[2024-06-09T12:30:55.099+0200] {logging_mixin.py:188} INFO - [2024-06-09T12:30:55.099+0200] {dagbag.py:540} INFO - Filling up the DagBag from /Users/noejalabert/airflow_venv/lib/python3.11/site-packages/airflow/example_dags/subdags/subdag.py
[2024-06-09T12:30:55.100+0200] {processor.py:842} WARNING - No viable dags retrieved from /Users/noejalabert/airflow_venv/lib/python3.11/site-packages/airflow/example_dags/subdags/subdag.py
[2024-06-09T12:30:55.139+0200] {processor.py:183} INFO - Processing /Users/noejalabert/airflow_venv/lib/python3.11/site-packages/airflow/example_dags/subdags/subdag.py took 0.042 seconds
[2024-06-09T12:32:25.659+0200] {processor.py:161} INFO - Started process (PID=81553) to work on /Users/noejalabert/airflow_venv/lib/python3.11/site-packages/airflow/example_dags/subdags/subdag.py
[2024-06-09T12:32:25.660+0200] {processor.py:830} INFO - Processing file /Users/noejalabert/airflow_venv/lib/python3.11/site-packages/airflow/example_dags/subdags/subdag.py for tasks to queue
[2024-06-09T12:32:25.660+0200] {logging_mixin.py:188} INFO - [2024-06-09T12:32:25.660+0200] {dagbag.py:540} INFO - Filling up the DagBag from /Users/noejalabert/airflow_venv/lib/python3.11/site-packages/airflow/example_dags/subdags/subdag.py
[2024-06-09T12:32:25.661+0200] {processor.py:842} WARNING - No viable dags retrieved from /Users/noejalabert/airflow_venv/lib/python3.11/site-packages/airflow/example_dags/subdags/subdag.py
[2024-06-09T12:32:25.696+0200] {processor.py:183} INFO - Processing /Users/noejalabert/airflow_venv/lib/python3.11/site-packages/airflow/example_dags/subdags/subdag.py took 0.039 seconds
[2024-06-09T12:33:52.922+0200] {processor.py:161} INFO - Started process (PID=81796) to work on /Users/noejalabert/airflow_venv/lib/python3.11/site-packages/airflow/example_dags/subdags/subdag.py
[2024-06-09T12:33:52.923+0200] {processor.py:830} INFO - Processing file /Users/noejalabert/airflow_venv/lib/python3.11/site-packages/airflow/example_dags/subdags/subdag.py for tasks to queue
[2024-06-09T12:33:52.923+0200] {logging_mixin.py:188} INFO - [2024-06-09T12:33:52.923+0200] {dagbag.py:540} INFO - Filling up the DagBag from /Users/noejalabert/airflow_venv/lib/python3.11/site-packages/airflow/example_dags/subdags/subdag.py
[2024-06-09T12:33:52.924+0200] {processor.py:842} WARNING - No viable dags retrieved from /Users/noejalabert/airflow_venv/lib/python3.11/site-packages/airflow/example_dags/subdags/subdag.py
[2024-06-09T12:33:52.961+0200] {processor.py:183} INFO - Processing /Users/noejalabert/airflow_venv/lib/python3.11/site-packages/airflow/example_dags/subdags/subdag.py took 0.040 seconds
[2024-06-09T12:35:21.212+0200] {processor.py:161} INFO - Started process (PID=82068) to work on /Users/noejalabert/airflow_venv/lib/python3.11/site-packages/airflow/example_dags/subdags/subdag.py
[2024-06-09T12:35:21.213+0200] {processor.py:830} INFO - Processing file /Users/noejalabert/airflow_venv/lib/python3.11/site-packages/airflow/example_dags/subdags/subdag.py for tasks to queue
[2024-06-09T12:35:21.213+0200] {logging_mixin.py:188} INFO - [2024-06-09T12:35:21.213+0200] {dagbag.py:540} INFO - Filling up the DagBag from /Users/noejalabert/airflow_venv/lib/python3.11/site-packages/airflow/example_dags/subdags/subdag.py
[2024-06-09T12:35:21.214+0200] {processor.py:842} WARNING - No viable dags retrieved from /Users/noejalabert/airflow_venv/lib/python3.11/site-packages/airflow/example_dags/subdags/subdag.py
[2024-06-09T12:35:21.253+0200] {processor.py:183} INFO - Processing /Users/noejalabert/airflow_venv/lib/python3.11/site-packages/airflow/example_dags/subdags/subdag.py took 0.043 seconds
[2024-06-09T12:36:52.578+0200] {processor.py:161} INFO - Started process (PID=82348) to work on /Users/noejalabert/airflow_venv/lib/python3.11/site-packages/airflow/example_dags/subdags/subdag.py
[2024-06-09T12:36:52.579+0200] {processor.py:830} INFO - Processing file /Users/noejalabert/airflow_venv/lib/python3.11/site-packages/airflow/example_dags/subdags/subdag.py for tasks to queue
[2024-06-09T12:36:52.580+0200] {logging_mixin.py:188} INFO - [2024-06-09T12:36:52.579+0200] {dagbag.py:540} INFO - Filling up the DagBag from /Users/noejalabert/airflow_venv/lib/python3.11/site-packages/airflow/example_dags/subdags/subdag.py
[2024-06-09T12:36:52.581+0200] {processor.py:842} WARNING - No viable dags retrieved from /Users/noejalabert/airflow_venv/lib/python3.11/site-packages/airflow/example_dags/subdags/subdag.py
[2024-06-09T12:36:52.619+0200] {processor.py:183} INFO - Processing /Users/noejalabert/airflow_venv/lib/python3.11/site-packages/airflow/example_dags/subdags/subdag.py took 0.044 seconds
[2024-06-09T12:38:19.098+0200] {processor.py:161} INFO - Started process (PID=82607) to work on /Users/noejalabert/airflow_venv/lib/python3.11/site-packages/airflow/example_dags/subdags/subdag.py
[2024-06-09T12:38:19.098+0200] {processor.py:830} INFO - Processing file /Users/noejalabert/airflow_venv/lib/python3.11/site-packages/airflow/example_dags/subdags/subdag.py for tasks to queue
[2024-06-09T12:38:19.099+0200] {logging_mixin.py:188} INFO - [2024-06-09T12:38:19.099+0200] {dagbag.py:540} INFO - Filling up the DagBag from /Users/noejalabert/airflow_venv/lib/python3.11/site-packages/airflow/example_dags/subdags/subdag.py
[2024-06-09T12:38:19.100+0200] {processor.py:842} WARNING - No viable dags retrieved from /Users/noejalabert/airflow_venv/lib/python3.11/site-packages/airflow/example_dags/subdags/subdag.py
[2024-06-09T12:38:19.135+0200] {processor.py:183} INFO - Processing /Users/noejalabert/airflow_venv/lib/python3.11/site-packages/airflow/example_dags/subdags/subdag.py took 0.039 seconds
[2024-06-09T12:39:49.051+0200] {processor.py:161} INFO - Started process (PID=82885) to work on /Users/noejalabert/airflow_venv/lib/python3.11/site-packages/airflow/example_dags/subdags/subdag.py
[2024-06-09T12:39:49.051+0200] {processor.py:830} INFO - Processing file /Users/noejalabert/airflow_venv/lib/python3.11/site-packages/airflow/example_dags/subdags/subdag.py for tasks to queue
[2024-06-09T12:39:49.051+0200] {logging_mixin.py:188} INFO - [2024-06-09T12:39:49.051+0200] {dagbag.py:540} INFO - Filling up the DagBag from /Users/noejalabert/airflow_venv/lib/python3.11/site-packages/airflow/example_dags/subdags/subdag.py
[2024-06-09T12:39:49.052+0200] {processor.py:842} WARNING - No viable dags retrieved from /Users/noejalabert/airflow_venv/lib/python3.11/site-packages/airflow/example_dags/subdags/subdag.py
[2024-06-09T12:39:49.088+0200] {processor.py:183} INFO - Processing /Users/noejalabert/airflow_venv/lib/python3.11/site-packages/airflow/example_dags/subdags/subdag.py took 0.038 seconds
[2024-06-09T12:41:14.546+0200] {processor.py:161} INFO - Started process (PID=83130) to work on /Users/noejalabert/airflow_venv/lib/python3.11/site-packages/airflow/example_dags/subdags/subdag.py
[2024-06-09T12:41:14.546+0200] {processor.py:830} INFO - Processing file /Users/noejalabert/airflow_venv/lib/python3.11/site-packages/airflow/example_dags/subdags/subdag.py for tasks to queue
[2024-06-09T12:41:14.547+0200] {logging_mixin.py:188} INFO - [2024-06-09T12:41:14.547+0200] {dagbag.py:540} INFO - Filling up the DagBag from /Users/noejalabert/airflow_venv/lib/python3.11/site-packages/airflow/example_dags/subdags/subdag.py
[2024-06-09T12:41:14.548+0200] {processor.py:842} WARNING - No viable dags retrieved from /Users/noejalabert/airflow_venv/lib/python3.11/site-packages/airflow/example_dags/subdags/subdag.py
[2024-06-09T12:41:14.584+0200] {processor.py:183} INFO - Processing /Users/noejalabert/airflow_venv/lib/python3.11/site-packages/airflow/example_dags/subdags/subdag.py took 0.040 seconds
[2024-06-09T12:42:45.241+0200] {processor.py:161} INFO - Started process (PID=83399) to work on /Users/noejalabert/airflow_venv/lib/python3.11/site-packages/airflow/example_dags/subdags/subdag.py
[2024-06-09T12:42:45.243+0200] {processor.py:830} INFO - Processing file /Users/noejalabert/airflow_venv/lib/python3.11/site-packages/airflow/example_dags/subdags/subdag.py for tasks to queue
[2024-06-09T12:42:45.243+0200] {logging_mixin.py:188} INFO - [2024-06-09T12:42:45.243+0200] {dagbag.py:540} INFO - Filling up the DagBag from /Users/noejalabert/airflow_venv/lib/python3.11/site-packages/airflow/example_dags/subdags/subdag.py
[2024-06-09T12:42:45.244+0200] {processor.py:842} WARNING - No viable dags retrieved from /Users/noejalabert/airflow_venv/lib/python3.11/site-packages/airflow/example_dags/subdags/subdag.py
[2024-06-09T12:42:45.279+0200] {processor.py:183} INFO - Processing /Users/noejalabert/airflow_venv/lib/python3.11/site-packages/airflow/example_dags/subdags/subdag.py took 0.039 seconds
[2024-06-09T12:44:11.204+0200] {processor.py:161} INFO - Started process (PID=83650) to work on /Users/noejalabert/airflow_venv/lib/python3.11/site-packages/airflow/example_dags/subdags/subdag.py
[2024-06-09T12:44:11.206+0200] {processor.py:830} INFO - Processing file /Users/noejalabert/airflow_venv/lib/python3.11/site-packages/airflow/example_dags/subdags/subdag.py for tasks to queue
[2024-06-09T12:44:11.207+0200] {logging_mixin.py:188} INFO - [2024-06-09T12:44:11.206+0200] {dagbag.py:540} INFO - Filling up the DagBag from /Users/noejalabert/airflow_venv/lib/python3.11/site-packages/airflow/example_dags/subdags/subdag.py
[2024-06-09T12:44:11.208+0200] {processor.py:842} WARNING - No viable dags retrieved from /Users/noejalabert/airflow_venv/lib/python3.11/site-packages/airflow/example_dags/subdags/subdag.py
[2024-06-09T12:44:11.244+0200] {processor.py:183} INFO - Processing /Users/noejalabert/airflow_venv/lib/python3.11/site-packages/airflow/example_dags/subdags/subdag.py took 0.041 seconds
