[2024-04-30T14:49:28.189+0200] {processor.py:161} INFO - Started process (PID=28449) to work on /Users/noejalabert/airflow_venv/lib/python3.11/site-packages/airflow/example_dags/example_sensors.py
[2024-04-30T14:49:28.189+0200] {processor.py:830} INFO - Processing file /Users/noejalabert/airflow_venv/lib/python3.11/site-packages/airflow/example_dags/example_sensors.py for tasks to queue
[2024-04-30T14:49:28.189+0200] {logging_mixin.py:188} INFO - [2024-04-30T14:49:28.189+0200] {dagbag.py:540} INFO - Filling up the DagBag from /Users/noejalabert/airflow_venv/lib/python3.11/site-packages/airflow/example_dags/example_sensors.py
[2024-04-30T14:49:28.195+0200] {processor.py:840} INFO - DAG(s) 'example_sensors' retrieved from /Users/noejalabert/airflow_venv/lib/python3.11/site-packages/airflow/example_dags/example_sensors.py
[2024-04-30T14:49:28.282+0200] {logging_mixin.py:188} INFO - [2024-04-30T14:49:28.281+0200] {override.py:1829} INFO - Created Permission View: can read on DAG:example_sensors
[2024-04-30T14:49:28.285+0200] {logging_mixin.py:188} INFO - [2024-04-30T14:49:28.285+0200] {override.py:1829} INFO - Created Permission View: can delete on DAG:example_sensors
[2024-04-30T14:49:28.287+0200] {logging_mixin.py:188} INFO - [2024-04-30T14:49:28.287+0200] {override.py:1829} INFO - Created Permission View: can edit on DAG:example_sensors
[2024-04-30T14:49:28.287+0200] {logging_mixin.py:188} INFO - [2024-04-30T14:49:28.287+0200] {dag.py:3096} INFO - Sync 1 DAGs
[2024-04-30T14:49:28.291+0200] {logging_mixin.py:188} INFO - [2024-04-30T14:49:28.291+0200] {dag.py:3118} INFO - Creating ORM DAG for example_sensors
[2024-04-30T14:49:28.291+0200] {logging_mixin.py:188} INFO - [2024-04-30T14:49:28.291+0200] {dag.py:3954} INFO - Setting next_dagrun for example_sensors to None, run_after=None
[2024-04-30T14:49:28.323+0200] {processor.py:183} INFO - Processing /Users/noejalabert/airflow_venv/lib/python3.11/site-packages/airflow/example_dags/example_sensors.py took 0.135 seconds
[2024-04-30T14:50:54.886+0200] {processor.py:161} INFO - Started process (PID=28503) to work on /Users/noejalabert/airflow_venv/lib/python3.11/site-packages/airflow/example_dags/example_sensors.py
[2024-04-30T14:50:54.887+0200] {processor.py:830} INFO - Processing file /Users/noejalabert/airflow_venv/lib/python3.11/site-packages/airflow/example_dags/example_sensors.py for tasks to queue
[2024-04-30T14:50:54.888+0200] {logging_mixin.py:188} INFO - [2024-04-30T14:50:54.888+0200] {dagbag.py:540} INFO - Filling up the DagBag from /Users/noejalabert/airflow_venv/lib/python3.11/site-packages/airflow/example_dags/example_sensors.py
[2024-04-30T14:50:54.895+0200] {processor.py:840} INFO - DAG(s) 'example_sensors' retrieved from /Users/noejalabert/airflow_venv/lib/python3.11/site-packages/airflow/example_dags/example_sensors.py
[2024-04-30T14:50:54.948+0200] {logging_mixin.py:188} INFO - [2024-04-30T14:50:54.948+0200] {dag.py:3096} INFO - Sync 1 DAGs
[2024-04-30T14:50:54.952+0200] {logging_mixin.py:188} INFO - [2024-04-30T14:50:54.952+0200] {dag.py:3954} INFO - Setting next_dagrun for example_sensors to None, run_after=None
[2024-04-30T14:50:54.960+0200] {processor.py:183} INFO - Processing /Users/noejalabert/airflow_venv/lib/python3.11/site-packages/airflow/example_dags/example_sensors.py took 0.075 seconds
[2024-04-30T14:52:44.986+0200] {processor.py:161} INFO - Started process (PID=28584) to work on /Users/noejalabert/airflow_venv/lib/python3.11/site-packages/airflow/example_dags/example_sensors.py
[2024-04-30T14:52:44.986+0200] {processor.py:830} INFO - Processing file /Users/noejalabert/airflow_venv/lib/python3.11/site-packages/airflow/example_dags/example_sensors.py for tasks to queue
[2024-04-30T14:52:44.987+0200] {logging_mixin.py:188} INFO - [2024-04-30T14:52:44.987+0200] {dagbag.py:540} INFO - Filling up the DagBag from /Users/noejalabert/airflow_venv/lib/python3.11/site-packages/airflow/example_dags/example_sensors.py
[2024-04-30T14:52:44.994+0200] {processor.py:840} INFO - DAG(s) 'example_sensors' retrieved from /Users/noejalabert/airflow_venv/lib/python3.11/site-packages/airflow/example_dags/example_sensors.py
[2024-04-30T14:52:45.048+0200] {logging_mixin.py:188} INFO - [2024-04-30T14:52:45.048+0200] {dag.py:3096} INFO - Sync 1 DAGs
[2024-04-30T14:52:45.052+0200] {logging_mixin.py:188} INFO - [2024-04-30T14:52:45.052+0200] {dag.py:3954} INFO - Setting next_dagrun for example_sensors to None, run_after=None
[2024-04-30T14:52:45.059+0200] {processor.py:183} INFO - Processing /Users/noejalabert/airflow_venv/lib/python3.11/site-packages/airflow/example_dags/example_sensors.py took 0.075 seconds
[2024-04-30T14:54:34.521+0200] {processor.py:161} INFO - Started process (PID=28654) to work on /Users/noejalabert/airflow_venv/lib/python3.11/site-packages/airflow/example_dags/example_sensors.py
[2024-04-30T14:54:34.522+0200] {processor.py:830} INFO - Processing file /Users/noejalabert/airflow_venv/lib/python3.11/site-packages/airflow/example_dags/example_sensors.py for tasks to queue
[2024-04-30T14:54:34.523+0200] {logging_mixin.py:188} INFO - [2024-04-30T14:54:34.522+0200] {dagbag.py:540} INFO - Filling up the DagBag from /Users/noejalabert/airflow_venv/lib/python3.11/site-packages/airflow/example_dags/example_sensors.py
[2024-04-30T14:54:34.529+0200] {processor.py:840} INFO - DAG(s) 'example_sensors' retrieved from /Users/noejalabert/airflow_venv/lib/python3.11/site-packages/airflow/example_dags/example_sensors.py
[2024-04-30T14:54:34.583+0200] {logging_mixin.py:188} INFO - [2024-04-30T14:54:34.583+0200] {dag.py:3096} INFO - Sync 1 DAGs
[2024-04-30T14:54:34.587+0200] {logging_mixin.py:188} INFO - [2024-04-30T14:54:34.587+0200] {dag.py:3954} INFO - Setting next_dagrun for example_sensors to None, run_after=None
[2024-04-30T14:54:34.595+0200] {processor.py:183} INFO - Processing /Users/noejalabert/airflow_venv/lib/python3.11/site-packages/airflow/example_dags/example_sensors.py took 0.075 seconds
[2024-04-30T14:56:30.529+0200] {processor.py:161} INFO - Started process (PID=28739) to work on /Users/noejalabert/airflow_venv/lib/python3.11/site-packages/airflow/example_dags/example_sensors.py
[2024-04-30T14:56:30.530+0200] {processor.py:830} INFO - Processing file /Users/noejalabert/airflow_venv/lib/python3.11/site-packages/airflow/example_dags/example_sensors.py for tasks to queue
[2024-04-30T14:56:30.530+0200] {logging_mixin.py:188} INFO - [2024-04-30T14:56:30.530+0200] {dagbag.py:540} INFO - Filling up the DagBag from /Users/noejalabert/airflow_venv/lib/python3.11/site-packages/airflow/example_dags/example_sensors.py
[2024-04-30T14:56:30.536+0200] {processor.py:840} INFO - DAG(s) 'example_sensors' retrieved from /Users/noejalabert/airflow_venv/lib/python3.11/site-packages/airflow/example_dags/example_sensors.py
[2024-04-30T14:56:30.590+0200] {logging_mixin.py:188} INFO - [2024-04-30T14:56:30.590+0200] {dag.py:3096} INFO - Sync 1 DAGs
[2024-04-30T14:56:30.595+0200] {logging_mixin.py:188} INFO - [2024-04-30T14:56:30.594+0200] {dag.py:3954} INFO - Setting next_dagrun for example_sensors to None, run_after=None
[2024-04-30T14:56:30.602+0200] {processor.py:183} INFO - Processing /Users/noejalabert/airflow_venv/lib/python3.11/site-packages/airflow/example_dags/example_sensors.py took 0.075 seconds
[2024-04-30T14:58:31.339+0200] {processor.py:161} INFO - Started process (PID=28841) to work on /Users/noejalabert/airflow_venv/lib/python3.11/site-packages/airflow/example_dags/example_sensors.py
[2024-04-30T14:58:31.339+0200] {processor.py:830} INFO - Processing file /Users/noejalabert/airflow_venv/lib/python3.11/site-packages/airflow/example_dags/example_sensors.py for tasks to queue
[2024-04-30T14:58:31.340+0200] {logging_mixin.py:188} INFO - [2024-04-30T14:58:31.340+0200] {dagbag.py:540} INFO - Filling up the DagBag from /Users/noejalabert/airflow_venv/lib/python3.11/site-packages/airflow/example_dags/example_sensors.py
[2024-04-30T14:58:31.345+0200] {processor.py:840} INFO - DAG(s) 'example_sensors' retrieved from /Users/noejalabert/airflow_venv/lib/python3.11/site-packages/airflow/example_dags/example_sensors.py
[2024-04-30T14:58:31.399+0200] {logging_mixin.py:188} INFO - [2024-04-30T14:58:31.399+0200] {dag.py:3096} INFO - Sync 1 DAGs
[2024-04-30T14:58:31.403+0200] {logging_mixin.py:188} INFO - [2024-04-30T14:58:31.403+0200] {dag.py:3954} INFO - Setting next_dagrun for example_sensors to None, run_after=None
[2024-04-30T14:58:31.410+0200] {processor.py:183} INFO - Processing /Users/noejalabert/airflow_venv/lib/python3.11/site-packages/airflow/example_dags/example_sensors.py took 0.073 seconds
[2024-04-30T15:00:30.880+0200] {processor.py:161} INFO - Started process (PID=28920) to work on /Users/noejalabert/airflow_venv/lib/python3.11/site-packages/airflow/example_dags/example_sensors.py
[2024-04-30T15:00:30.881+0200] {processor.py:830} INFO - Processing file /Users/noejalabert/airflow_venv/lib/python3.11/site-packages/airflow/example_dags/example_sensors.py for tasks to queue
[2024-04-30T15:00:30.881+0200] {logging_mixin.py:188} INFO - [2024-04-30T15:00:30.881+0200] {dagbag.py:540} INFO - Filling up the DagBag from /Users/noejalabert/airflow_venv/lib/python3.11/site-packages/airflow/example_dags/example_sensors.py
[2024-04-30T15:00:30.888+0200] {processor.py:840} INFO - DAG(s) 'example_sensors' retrieved from /Users/noejalabert/airflow_venv/lib/python3.11/site-packages/airflow/example_dags/example_sensors.py
[2024-04-30T15:00:30.942+0200] {logging_mixin.py:188} INFO - [2024-04-30T15:00:30.942+0200] {dag.py:3096} INFO - Sync 1 DAGs
[2024-04-30T15:00:30.946+0200] {logging_mixin.py:188} INFO - [2024-04-30T15:00:30.946+0200] {dag.py:3954} INFO - Setting next_dagrun for example_sensors to None, run_after=None
[2024-04-30T15:00:30.954+0200] {processor.py:183} INFO - Processing /Users/noejalabert/airflow_venv/lib/python3.11/site-packages/airflow/example_dags/example_sensors.py took 0.075 seconds
[2024-04-30T15:02:54.783+0200] {processor.py:161} INFO - Started process (PID=29052) to work on /Users/noejalabert/airflow_venv/lib/python3.11/site-packages/airflow/example_dags/example_sensors.py
[2024-04-30T15:02:54.784+0200] {processor.py:830} INFO - Processing file /Users/noejalabert/airflow_venv/lib/python3.11/site-packages/airflow/example_dags/example_sensors.py for tasks to queue
[2024-04-30T15:02:54.785+0200] {logging_mixin.py:188} INFO - [2024-04-30T15:02:54.785+0200] {dagbag.py:540} INFO - Filling up the DagBag from /Users/noejalabert/airflow_venv/lib/python3.11/site-packages/airflow/example_dags/example_sensors.py
[2024-04-30T15:02:54.790+0200] {processor.py:840} INFO - DAG(s) 'example_sensors' retrieved from /Users/noejalabert/airflow_venv/lib/python3.11/site-packages/airflow/example_dags/example_sensors.py
[2024-04-30T15:02:54.844+0200] {logging_mixin.py:188} INFO - [2024-04-30T15:02:54.843+0200] {dag.py:3096} INFO - Sync 1 DAGs
[2024-04-30T15:02:54.848+0200] {logging_mixin.py:188} INFO - [2024-04-30T15:02:54.847+0200] {dag.py:3954} INFO - Setting next_dagrun for example_sensors to None, run_after=None
[2024-04-30T15:02:54.855+0200] {processor.py:183} INFO - Processing /Users/noejalabert/airflow_venv/lib/python3.11/site-packages/airflow/example_dags/example_sensors.py took 0.073 seconds
[2024-04-30T15:04:51.966+0200] {processor.py:161} INFO - Started process (PID=29124) to work on /Users/noejalabert/airflow_venv/lib/python3.11/site-packages/airflow/example_dags/example_sensors.py
[2024-04-30T15:04:51.966+0200] {processor.py:830} INFO - Processing file /Users/noejalabert/airflow_venv/lib/python3.11/site-packages/airflow/example_dags/example_sensors.py for tasks to queue
[2024-04-30T15:04:51.967+0200] {logging_mixin.py:188} INFO - [2024-04-30T15:04:51.967+0200] {dagbag.py:540} INFO - Filling up the DagBag from /Users/noejalabert/airflow_venv/lib/python3.11/site-packages/airflow/example_dags/example_sensors.py
[2024-04-30T15:04:51.972+0200] {processor.py:840} INFO - DAG(s) 'example_sensors' retrieved from /Users/noejalabert/airflow_venv/lib/python3.11/site-packages/airflow/example_dags/example_sensors.py
[2024-04-30T15:04:52.026+0200] {logging_mixin.py:188} INFO - [2024-04-30T15:04:52.026+0200] {dag.py:3096} INFO - Sync 1 DAGs
[2024-04-30T15:04:52.030+0200] {logging_mixin.py:188} INFO - [2024-04-30T15:04:52.030+0200] {dag.py:3954} INFO - Setting next_dagrun for example_sensors to None, run_after=None
[2024-04-30T15:04:52.037+0200] {processor.py:183} INFO - Processing /Users/noejalabert/airflow_venv/lib/python3.11/site-packages/airflow/example_dags/example_sensors.py took 0.073 seconds
[2024-04-30T15:07:33.229+0200] {processor.py:161} INFO - Started process (PID=29238) to work on /Users/noejalabert/airflow_venv/lib/python3.11/site-packages/airflow/example_dags/example_sensors.py
[2024-04-30T15:07:33.230+0200] {processor.py:830} INFO - Processing file /Users/noejalabert/airflow_venv/lib/python3.11/site-packages/airflow/example_dags/example_sensors.py for tasks to queue
[2024-04-30T15:07:33.231+0200] {logging_mixin.py:188} INFO - [2024-04-30T15:07:33.231+0200] {dagbag.py:540} INFO - Filling up the DagBag from /Users/noejalabert/airflow_venv/lib/python3.11/site-packages/airflow/example_dags/example_sensors.py
[2024-04-30T15:07:33.238+0200] {processor.py:840} INFO - DAG(s) 'example_sensors' retrieved from /Users/noejalabert/airflow_venv/lib/python3.11/site-packages/airflow/example_dags/example_sensors.py
[2024-04-30T15:07:33.290+0200] {logging_mixin.py:188} INFO - [2024-04-30T15:07:33.290+0200] {dag.py:3096} INFO - Sync 1 DAGs
[2024-04-30T15:07:33.294+0200] {logging_mixin.py:188} INFO - [2024-04-30T15:07:33.294+0200] {dag.py:3954} INFO - Setting next_dagrun for example_sensors to None, run_after=None
[2024-04-30T15:07:33.302+0200] {processor.py:183} INFO - Processing /Users/noejalabert/airflow_venv/lib/python3.11/site-packages/airflow/example_dags/example_sensors.py took 0.074 seconds
[2024-04-30T15:09:24.614+0200] {processor.py:161} INFO - Started process (PID=29309) to work on /Users/noejalabert/airflow_venv/lib/python3.11/site-packages/airflow/example_dags/example_sensors.py
[2024-04-30T15:09:24.614+0200] {processor.py:830} INFO - Processing file /Users/noejalabert/airflow_venv/lib/python3.11/site-packages/airflow/example_dags/example_sensors.py for tasks to queue
[2024-04-30T15:09:24.614+0200] {logging_mixin.py:188} INFO - [2024-04-30T15:09:24.614+0200] {dagbag.py:540} INFO - Filling up the DagBag from /Users/noejalabert/airflow_venv/lib/python3.11/site-packages/airflow/example_dags/example_sensors.py
[2024-04-30T15:09:24.620+0200] {processor.py:840} INFO - DAG(s) 'example_sensors' retrieved from /Users/noejalabert/airflow_venv/lib/python3.11/site-packages/airflow/example_dags/example_sensors.py
[2024-04-30T15:09:24.674+0200] {logging_mixin.py:188} INFO - [2024-04-30T15:09:24.674+0200] {dag.py:3096} INFO - Sync 1 DAGs
[2024-04-30T15:09:24.678+0200] {logging_mixin.py:188} INFO - [2024-04-30T15:09:24.678+0200] {dag.py:3954} INFO - Setting next_dagrun for example_sensors to None, run_after=None
[2024-04-30T15:09:24.685+0200] {processor.py:183} INFO - Processing /Users/noejalabert/airflow_venv/lib/python3.11/site-packages/airflow/example_dags/example_sensors.py took 0.073 seconds
[2024-04-30T15:11:17.162+0200] {processor.py:161} INFO - Started process (PID=29380) to work on /Users/noejalabert/airflow_venv/lib/python3.11/site-packages/airflow/example_dags/example_sensors.py
[2024-04-30T15:11:17.162+0200] {processor.py:830} INFO - Processing file /Users/noejalabert/airflow_venv/lib/python3.11/site-packages/airflow/example_dags/example_sensors.py for tasks to queue
[2024-04-30T15:11:17.163+0200] {logging_mixin.py:188} INFO - [2024-04-30T15:11:17.163+0200] {dagbag.py:540} INFO - Filling up the DagBag from /Users/noejalabert/airflow_venv/lib/python3.11/site-packages/airflow/example_dags/example_sensors.py
[2024-04-30T15:11:17.169+0200] {processor.py:840} INFO - DAG(s) 'example_sensors' retrieved from /Users/noejalabert/airflow_venv/lib/python3.11/site-packages/airflow/example_dags/example_sensors.py
[2024-04-30T15:11:17.222+0200] {logging_mixin.py:188} INFO - [2024-04-30T15:11:17.221+0200] {dag.py:3096} INFO - Sync 1 DAGs
[2024-04-30T15:11:17.226+0200] {logging_mixin.py:188} INFO - [2024-04-30T15:11:17.225+0200] {dag.py:3954} INFO - Setting next_dagrun for example_sensors to None, run_after=None
[2024-04-30T15:11:17.233+0200] {processor.py:183} INFO - Processing /Users/noejalabert/airflow_venv/lib/python3.11/site-packages/airflow/example_dags/example_sensors.py took 0.073 seconds
[2024-04-30T15:13:09.336+0200] {processor.py:161} INFO - Started process (PID=29458) to work on /Users/noejalabert/airflow_venv/lib/python3.11/site-packages/airflow/example_dags/example_sensors.py
[2024-04-30T15:13:09.336+0200] {processor.py:830} INFO - Processing file /Users/noejalabert/airflow_venv/lib/python3.11/site-packages/airflow/example_dags/example_sensors.py for tasks to queue
[2024-04-30T15:13:09.336+0200] {logging_mixin.py:188} INFO - [2024-04-30T15:13:09.336+0200] {dagbag.py:540} INFO - Filling up the DagBag from /Users/noejalabert/airflow_venv/lib/python3.11/site-packages/airflow/example_dags/example_sensors.py
[2024-04-30T15:13:09.342+0200] {processor.py:840} INFO - DAG(s) 'example_sensors' retrieved from /Users/noejalabert/airflow_venv/lib/python3.11/site-packages/airflow/example_dags/example_sensors.py
[2024-04-30T15:13:09.396+0200] {logging_mixin.py:188} INFO - [2024-04-30T15:13:09.396+0200] {dag.py:3096} INFO - Sync 1 DAGs
[2024-04-30T15:13:09.400+0200] {logging_mixin.py:188} INFO - [2024-04-30T15:13:09.400+0200] {dag.py:3954} INFO - Setting next_dagrun for example_sensors to None, run_after=None
[2024-04-30T15:13:09.408+0200] {processor.py:183} INFO - Processing /Users/noejalabert/airflow_venv/lib/python3.11/site-packages/airflow/example_dags/example_sensors.py took 0.073 seconds
[2024-04-30T15:14:58.358+0200] {processor.py:161} INFO - Started process (PID=29529) to work on /Users/noejalabert/airflow_venv/lib/python3.11/site-packages/airflow/example_dags/example_sensors.py
[2024-04-30T15:14:58.359+0200] {processor.py:830} INFO - Processing file /Users/noejalabert/airflow_venv/lib/python3.11/site-packages/airflow/example_dags/example_sensors.py for tasks to queue
[2024-04-30T15:14:58.359+0200] {logging_mixin.py:188} INFO - [2024-04-30T15:14:58.359+0200] {dagbag.py:540} INFO - Filling up the DagBag from /Users/noejalabert/airflow_venv/lib/python3.11/site-packages/airflow/example_dags/example_sensors.py
[2024-04-30T15:14:58.365+0200] {processor.py:840} INFO - DAG(s) 'example_sensors' retrieved from /Users/noejalabert/airflow_venv/lib/python3.11/site-packages/airflow/example_dags/example_sensors.py
[2024-04-30T15:14:58.418+0200] {logging_mixin.py:188} INFO - [2024-04-30T15:14:58.418+0200] {dag.py:3096} INFO - Sync 1 DAGs
[2024-04-30T15:14:58.422+0200] {logging_mixin.py:188} INFO - [2024-04-30T15:14:58.422+0200] {dag.py:3954} INFO - Setting next_dagrun for example_sensors to None, run_after=None
[2024-04-30T15:14:58.430+0200] {processor.py:183} INFO - Processing /Users/noejalabert/airflow_venv/lib/python3.11/site-packages/airflow/example_dags/example_sensors.py took 0.073 seconds
[2024-04-30T15:16:53.759+0200] {processor.py:161} INFO - Started process (PID=29621) to work on /Users/noejalabert/airflow_venv/lib/python3.11/site-packages/airflow/example_dags/example_sensors.py
[2024-04-30T15:16:53.760+0200] {processor.py:830} INFO - Processing file /Users/noejalabert/airflow_venv/lib/python3.11/site-packages/airflow/example_dags/example_sensors.py for tasks to queue
[2024-04-30T15:16:53.760+0200] {logging_mixin.py:188} INFO - [2024-04-30T15:16:53.760+0200] {dagbag.py:540} INFO - Filling up the DagBag from /Users/noejalabert/airflow_venv/lib/python3.11/site-packages/airflow/example_dags/example_sensors.py
[2024-04-30T15:16:53.767+0200] {processor.py:840} INFO - DAG(s) 'example_sensors' retrieved from /Users/noejalabert/airflow_venv/lib/python3.11/site-packages/airflow/example_dags/example_sensors.py
[2024-04-30T15:16:53.823+0200] {logging_mixin.py:188} INFO - [2024-04-30T15:16:53.823+0200] {dag.py:3096} INFO - Sync 1 DAGs
[2024-04-30T15:16:53.827+0200] {logging_mixin.py:188} INFO - [2024-04-30T15:16:53.827+0200] {dag.py:3954} INFO - Setting next_dagrun for example_sensors to None, run_after=None
[2024-04-30T15:16:53.835+0200] {processor.py:183} INFO - Processing /Users/noejalabert/airflow_venv/lib/python3.11/site-packages/airflow/example_dags/example_sensors.py took 0.078 seconds
[2024-04-30T15:19:03.413+0200] {processor.py:161} INFO - Started process (PID=30040) to work on /Users/noejalabert/airflow_venv/lib/python3.11/site-packages/airflow/example_dags/example_sensors.py
[2024-04-30T15:19:03.414+0200] {processor.py:830} INFO - Processing file /Users/noejalabert/airflow_venv/lib/python3.11/site-packages/airflow/example_dags/example_sensors.py for tasks to queue
[2024-04-30T15:19:03.414+0200] {logging_mixin.py:188} INFO - [2024-04-30T15:19:03.414+0200] {dagbag.py:540} INFO - Filling up the DagBag from /Users/noejalabert/airflow_venv/lib/python3.11/site-packages/airflow/example_dags/example_sensors.py
[2024-04-30T15:19:03.423+0200] {processor.py:840} INFO - DAG(s) 'example_sensors' retrieved from /Users/noejalabert/airflow_venv/lib/python3.11/site-packages/airflow/example_dags/example_sensors.py
[2024-04-30T15:19:03.484+0200] {logging_mixin.py:188} INFO - [2024-04-30T15:19:03.484+0200] {dag.py:3096} INFO - Sync 1 DAGs
[2024-04-30T15:19:03.489+0200] {logging_mixin.py:188} INFO - [2024-04-30T15:19:03.489+0200] {dag.py:3954} INFO - Setting next_dagrun for example_sensors to None, run_after=None
[2024-04-30T15:19:03.498+0200] {processor.py:183} INFO - Processing /Users/noejalabert/airflow_venv/lib/python3.11/site-packages/airflow/example_dags/example_sensors.py took 0.086 seconds
[2024-04-30T15:20:13.760+0200] {processor.py:161} INFO - Started process (PID=30204) to work on /Users/noejalabert/airflow_venv/lib/python3.11/site-packages/airflow/example_dags/example_sensors.py
[2024-04-30T15:20:13.761+0200] {processor.py:830} INFO - Processing file /Users/noejalabert/airflow_venv/lib/python3.11/site-packages/airflow/example_dags/example_sensors.py for tasks to queue
[2024-04-30T15:20:13.762+0200] {logging_mixin.py:188} INFO - [2024-04-30T15:20:13.762+0200] {dagbag.py:540} INFO - Filling up the DagBag from /Users/noejalabert/airflow_venv/lib/python3.11/site-packages/airflow/example_dags/example_sensors.py
[2024-04-30T15:20:13.769+0200] {processor.py:840} INFO - DAG(s) 'example_sensors' retrieved from /Users/noejalabert/airflow_venv/lib/python3.11/site-packages/airflow/example_dags/example_sensors.py
[2024-04-30T15:20:13.823+0200] {logging_mixin.py:188} INFO - [2024-04-30T15:20:13.822+0200] {dag.py:3096} INFO - Sync 1 DAGs
[2024-04-30T15:20:13.827+0200] {logging_mixin.py:188} INFO - [2024-04-30T15:20:13.826+0200] {dag.py:3954} INFO - Setting next_dagrun for example_sensors to None, run_after=None
[2024-04-30T15:20:13.834+0200] {processor.py:183} INFO - Processing /Users/noejalabert/airflow_venv/lib/python3.11/site-packages/airflow/example_dags/example_sensors.py took 0.076 seconds
[2024-04-30T15:22:12.380+0200] {processor.py:161} INFO - Started process (PID=30293) to work on /Users/noejalabert/airflow_venv/lib/python3.11/site-packages/airflow/example_dags/example_sensors.py
[2024-04-30T15:22:12.381+0200] {processor.py:830} INFO - Processing file /Users/noejalabert/airflow_venv/lib/python3.11/site-packages/airflow/example_dags/example_sensors.py for tasks to queue
[2024-04-30T15:22:12.381+0200] {logging_mixin.py:188} INFO - [2024-04-30T15:22:12.381+0200] {dagbag.py:540} INFO - Filling up the DagBag from /Users/noejalabert/airflow_venv/lib/python3.11/site-packages/airflow/example_dags/example_sensors.py
[2024-04-30T15:22:12.390+0200] {processor.py:840} INFO - DAG(s) 'example_sensors' retrieved from /Users/noejalabert/airflow_venv/lib/python3.11/site-packages/airflow/example_dags/example_sensors.py
[2024-04-30T15:22:12.445+0200] {logging_mixin.py:188} INFO - [2024-04-30T15:22:12.444+0200] {dag.py:3096} INFO - Sync 1 DAGs
[2024-04-30T15:22:12.449+0200] {logging_mixin.py:188} INFO - [2024-04-30T15:22:12.449+0200] {dag.py:3954} INFO - Setting next_dagrun for example_sensors to None, run_after=None
[2024-04-30T15:22:12.456+0200] {processor.py:183} INFO - Processing /Users/noejalabert/airflow_venv/lib/python3.11/site-packages/airflow/example_dags/example_sensors.py took 0.078 seconds
[2024-04-30T15:24:10.375+0200] {processor.py:161} INFO - Started process (PID=30389) to work on /Users/noejalabert/airflow_venv/lib/python3.11/site-packages/airflow/example_dags/example_sensors.py
[2024-04-30T15:24:10.376+0200] {processor.py:830} INFO - Processing file /Users/noejalabert/airflow_venv/lib/python3.11/site-packages/airflow/example_dags/example_sensors.py for tasks to queue
[2024-04-30T15:24:10.376+0200] {logging_mixin.py:188} INFO - [2024-04-30T15:24:10.376+0200] {dagbag.py:540} INFO - Filling up the DagBag from /Users/noejalabert/airflow_venv/lib/python3.11/site-packages/airflow/example_dags/example_sensors.py
[2024-04-30T15:24:10.383+0200] {processor.py:840} INFO - DAG(s) 'example_sensors' retrieved from /Users/noejalabert/airflow_venv/lib/python3.11/site-packages/airflow/example_dags/example_sensors.py
[2024-04-30T15:24:10.438+0200] {logging_mixin.py:188} INFO - [2024-04-30T15:24:10.438+0200] {dag.py:3096} INFO - Sync 1 DAGs
[2024-04-30T15:24:10.442+0200] {logging_mixin.py:188} INFO - [2024-04-30T15:24:10.442+0200] {dag.py:3954} INFO - Setting next_dagrun for example_sensors to None, run_after=None
[2024-04-30T15:24:10.450+0200] {processor.py:183} INFO - Processing /Users/noejalabert/airflow_venv/lib/python3.11/site-packages/airflow/example_dags/example_sensors.py took 0.076 seconds
[2024-04-30T15:26:02.129+0200] {processor.py:161} INFO - Started process (PID=30497) to work on /Users/noejalabert/airflow_venv/lib/python3.11/site-packages/airflow/example_dags/example_sensors.py
[2024-04-30T15:26:02.131+0200] {processor.py:830} INFO - Processing file /Users/noejalabert/airflow_venv/lib/python3.11/site-packages/airflow/example_dags/example_sensors.py for tasks to queue
[2024-04-30T15:26:02.131+0200] {logging_mixin.py:188} INFO - [2024-04-30T15:26:02.131+0200] {dagbag.py:540} INFO - Filling up the DagBag from /Users/noejalabert/airflow_venv/lib/python3.11/site-packages/airflow/example_dags/example_sensors.py
[2024-04-30T15:26:02.138+0200] {processor.py:840} INFO - DAG(s) 'example_sensors' retrieved from /Users/noejalabert/airflow_venv/lib/python3.11/site-packages/airflow/example_dags/example_sensors.py
[2024-04-30T15:26:02.192+0200] {logging_mixin.py:188} INFO - [2024-04-30T15:26:02.192+0200] {dag.py:3096} INFO - Sync 1 DAGs
[2024-04-30T15:26:02.196+0200] {logging_mixin.py:188} INFO - [2024-04-30T15:26:02.196+0200] {dag.py:3954} INFO - Setting next_dagrun for example_sensors to None, run_after=None
[2024-04-30T15:26:02.203+0200] {processor.py:183} INFO - Processing /Users/noejalabert/airflow_venv/lib/python3.11/site-packages/airflow/example_dags/example_sensors.py took 0.076 seconds
[2024-04-30T15:36:06.042+0200] {processor.py:161} INFO - Started process (PID=30651) to work on /Users/noejalabert/airflow_venv/lib/python3.11/site-packages/airflow/example_dags/example_sensors.py
[2024-04-30T15:36:06.043+0200] {processor.py:830} INFO - Processing file /Users/noejalabert/airflow_venv/lib/python3.11/site-packages/airflow/example_dags/example_sensors.py for tasks to queue
[2024-04-30T15:36:06.043+0200] {logging_mixin.py:188} INFO - [2024-04-30T15:36:06.043+0200] {dagbag.py:540} INFO - Filling up the DagBag from /Users/noejalabert/airflow_venv/lib/python3.11/site-packages/airflow/example_dags/example_sensors.py
[2024-04-30T15:36:06.049+0200] {processor.py:840} INFO - DAG(s) 'example_sensors' retrieved from /Users/noejalabert/airflow_venv/lib/python3.11/site-packages/airflow/example_dags/example_sensors.py
[2024-04-30T15:36:06.100+0200] {logging_mixin.py:188} INFO - [2024-04-30T15:36:06.100+0200] {dag.py:3096} INFO - Sync 1 DAGs
[2024-04-30T15:36:06.104+0200] {logging_mixin.py:188} INFO - [2024-04-30T15:36:06.104+0200] {dag.py:3954} INFO - Setting next_dagrun for example_sensors to None, run_after=None
[2024-04-30T15:36:06.112+0200] {processor.py:183} INFO - Processing /Users/noejalabert/airflow_venv/lib/python3.11/site-packages/airflow/example_dags/example_sensors.py took 0.070 seconds
[2024-04-30T15:42:37.375+0200] {processor.py:161} INFO - Started process (PID=30749) to work on /Users/noejalabert/airflow_venv/lib/python3.11/site-packages/airflow/example_dags/example_sensors.py
[2024-04-30T15:42:37.376+0200] {processor.py:830} INFO - Processing file /Users/noejalabert/airflow_venv/lib/python3.11/site-packages/airflow/example_dags/example_sensors.py for tasks to queue
[2024-04-30T15:42:37.376+0200] {logging_mixin.py:188} INFO - [2024-04-30T15:42:37.376+0200] {dagbag.py:540} INFO - Filling up the DagBag from /Users/noejalabert/airflow_venv/lib/python3.11/site-packages/airflow/example_dags/example_sensors.py
[2024-04-30T15:42:37.382+0200] {processor.py:840} INFO - DAG(s) 'example_sensors' retrieved from /Users/noejalabert/airflow_venv/lib/python3.11/site-packages/airflow/example_dags/example_sensors.py
[2024-04-30T15:42:37.434+0200] {logging_mixin.py:188} INFO - [2024-04-30T15:42:37.434+0200] {dag.py:3096} INFO - Sync 1 DAGs
[2024-04-30T15:42:37.438+0200] {logging_mixin.py:188} INFO - [2024-04-30T15:42:37.438+0200] {dag.py:3954} INFO - Setting next_dagrun for example_sensors to None, run_after=None
[2024-04-30T15:42:37.445+0200] {processor.py:183} INFO - Processing /Users/noejalabert/airflow_venv/lib/python3.11/site-packages/airflow/example_dags/example_sensors.py took 0.071 seconds
[2024-04-30T15:44:57.653+0200] {processor.py:161} INFO - Started process (PID=30831) to work on /Users/noejalabert/airflow_venv/lib/python3.11/site-packages/airflow/example_dags/example_sensors.py
[2024-04-30T15:44:57.654+0200] {processor.py:830} INFO - Processing file /Users/noejalabert/airflow_venv/lib/python3.11/site-packages/airflow/example_dags/example_sensors.py for tasks to queue
[2024-04-30T15:44:57.654+0200] {logging_mixin.py:188} INFO - [2024-04-30T15:44:57.654+0200] {dagbag.py:540} INFO - Filling up the DagBag from /Users/noejalabert/airflow_venv/lib/python3.11/site-packages/airflow/example_dags/example_sensors.py
[2024-04-30T15:44:57.661+0200] {processor.py:840} INFO - DAG(s) 'example_sensors' retrieved from /Users/noejalabert/airflow_venv/lib/python3.11/site-packages/airflow/example_dags/example_sensors.py
[2024-04-30T15:44:57.714+0200] {logging_mixin.py:188} INFO - [2024-04-30T15:44:57.714+0200] {dag.py:3096} INFO - Sync 1 DAGs
[2024-04-30T15:44:57.718+0200] {logging_mixin.py:188} INFO - [2024-04-30T15:44:57.717+0200] {dag.py:3954} INFO - Setting next_dagrun for example_sensors to None, run_after=None
[2024-04-30T15:44:57.725+0200] {processor.py:183} INFO - Processing /Users/noejalabert/airflow_venv/lib/python3.11/site-packages/airflow/example_dags/example_sensors.py took 0.074 seconds
[2024-04-30T15:46:57.300+0200] {processor.py:161} INFO - Started process (PID=30905) to work on /Users/noejalabert/airflow_venv/lib/python3.11/site-packages/airflow/example_dags/example_sensors.py
[2024-04-30T15:46:57.300+0200] {processor.py:830} INFO - Processing file /Users/noejalabert/airflow_venv/lib/python3.11/site-packages/airflow/example_dags/example_sensors.py for tasks to queue
[2024-04-30T15:46:57.301+0200] {logging_mixin.py:188} INFO - [2024-04-30T15:46:57.301+0200] {dagbag.py:540} INFO - Filling up the DagBag from /Users/noejalabert/airflow_venv/lib/python3.11/site-packages/airflow/example_dags/example_sensors.py
[2024-04-30T15:46:57.307+0200] {processor.py:840} INFO - DAG(s) 'example_sensors' retrieved from /Users/noejalabert/airflow_venv/lib/python3.11/site-packages/airflow/example_dags/example_sensors.py
[2024-04-30T15:46:57.359+0200] {logging_mixin.py:188} INFO - [2024-04-30T15:46:57.359+0200] {dag.py:3096} INFO - Sync 1 DAGs
[2024-04-30T15:46:57.363+0200] {logging_mixin.py:188} INFO - [2024-04-30T15:46:57.363+0200] {dag.py:3954} INFO - Setting next_dagrun for example_sensors to None, run_after=None
[2024-04-30T15:46:57.371+0200] {processor.py:183} INFO - Processing /Users/noejalabert/airflow_venv/lib/python3.11/site-packages/airflow/example_dags/example_sensors.py took 0.073 seconds
[2024-04-30T15:48:58.725+0200] {processor.py:161} INFO - Started process (PID=30984) to work on /Users/noejalabert/airflow_venv/lib/python3.11/site-packages/airflow/example_dags/example_sensors.py
[2024-04-30T15:48:58.726+0200] {processor.py:830} INFO - Processing file /Users/noejalabert/airflow_venv/lib/python3.11/site-packages/airflow/example_dags/example_sensors.py for tasks to queue
[2024-04-30T15:48:58.726+0200] {logging_mixin.py:188} INFO - [2024-04-30T15:48:58.726+0200] {dagbag.py:540} INFO - Filling up the DagBag from /Users/noejalabert/airflow_venv/lib/python3.11/site-packages/airflow/example_dags/example_sensors.py
[2024-04-30T15:48:58.732+0200] {processor.py:840} INFO - DAG(s) 'example_sensors' retrieved from /Users/noejalabert/airflow_venv/lib/python3.11/site-packages/airflow/example_dags/example_sensors.py
[2024-04-30T15:48:58.785+0200] {logging_mixin.py:188} INFO - [2024-04-30T15:48:58.785+0200] {dag.py:3096} INFO - Sync 1 DAGs
[2024-04-30T15:48:58.789+0200] {logging_mixin.py:188} INFO - [2024-04-30T15:48:58.789+0200] {dag.py:3954} INFO - Setting next_dagrun for example_sensors to None, run_after=None
[2024-04-30T15:48:58.796+0200] {processor.py:183} INFO - Processing /Users/noejalabert/airflow_venv/lib/python3.11/site-packages/airflow/example_dags/example_sensors.py took 0.072 seconds
[2024-04-30T15:52:33.443+0200] {processor.py:161} INFO - Started process (PID=31117) to work on /Users/noejalabert/airflow_venv/lib/python3.11/site-packages/airflow/example_dags/example_sensors.py
[2024-04-30T15:52:33.444+0200] {processor.py:830} INFO - Processing file /Users/noejalabert/airflow_venv/lib/python3.11/site-packages/airflow/example_dags/example_sensors.py for tasks to queue
[2024-04-30T15:52:33.444+0200] {logging_mixin.py:188} INFO - [2024-04-30T15:52:33.444+0200] {dagbag.py:540} INFO - Filling up the DagBag from /Users/noejalabert/airflow_venv/lib/python3.11/site-packages/airflow/example_dags/example_sensors.py
[2024-04-30T15:52:33.450+0200] {processor.py:840} INFO - DAG(s) 'example_sensors' retrieved from /Users/noejalabert/airflow_venv/lib/python3.11/site-packages/airflow/example_dags/example_sensors.py
[2024-04-30T15:52:33.536+0200] {logging_mixin.py:188} INFO - [2024-04-30T15:52:33.536+0200] {dag.py:3096} INFO - Sync 1 DAGs
[2024-04-30T15:52:33.540+0200] {logging_mixin.py:188} INFO - [2024-04-30T15:52:33.540+0200] {dag.py:3954} INFO - Setting next_dagrun for example_sensors to None, run_after=None
[2024-04-30T15:52:33.572+0200] {processor.py:183} INFO - Processing /Users/noejalabert/airflow_venv/lib/python3.11/site-packages/airflow/example_dags/example_sensors.py took 0.130 seconds
[2024-04-30T15:54:04.050+0200] {processor.py:161} INFO - Started process (PID=31186) to work on /Users/noejalabert/airflow_venv/lib/python3.11/site-packages/airflow/example_dags/example_sensors.py
[2024-04-30T15:54:04.051+0200] {processor.py:830} INFO - Processing file /Users/noejalabert/airflow_venv/lib/python3.11/site-packages/airflow/example_dags/example_sensors.py for tasks to queue
[2024-04-30T15:54:04.051+0200] {logging_mixin.py:188} INFO - [2024-04-30T15:54:04.051+0200] {dagbag.py:540} INFO - Filling up the DagBag from /Users/noejalabert/airflow_venv/lib/python3.11/site-packages/airflow/example_dags/example_sensors.py
[2024-04-30T15:54:04.057+0200] {processor.py:840} INFO - DAG(s) 'example_sensors' retrieved from /Users/noejalabert/airflow_venv/lib/python3.11/site-packages/airflow/example_dags/example_sensors.py
[2024-04-30T15:54:04.110+0200] {logging_mixin.py:188} INFO - [2024-04-30T15:54:04.110+0200] {dag.py:3096} INFO - Sync 1 DAGs
[2024-04-30T15:54:04.114+0200] {logging_mixin.py:188} INFO - [2024-04-30T15:54:04.114+0200] {dag.py:3954} INFO - Setting next_dagrun for example_sensors to None, run_after=None
[2024-04-30T15:54:04.122+0200] {processor.py:183} INFO - Processing /Users/noejalabert/airflow_venv/lib/python3.11/site-packages/airflow/example_dags/example_sensors.py took 0.073 seconds
[2024-04-30T15:55:27.972+0200] {processor.py:161} INFO - Started process (PID=31243) to work on /Users/noejalabert/airflow_venv/lib/python3.11/site-packages/airflow/example_dags/example_sensors.py
[2024-04-30T15:55:27.972+0200] {processor.py:830} INFO - Processing file /Users/noejalabert/airflow_venv/lib/python3.11/site-packages/airflow/example_dags/example_sensors.py for tasks to queue
[2024-04-30T15:55:27.973+0200] {logging_mixin.py:188} INFO - [2024-04-30T15:55:27.972+0200] {dagbag.py:540} INFO - Filling up the DagBag from /Users/noejalabert/airflow_venv/lib/python3.11/site-packages/airflow/example_dags/example_sensors.py
[2024-04-30T15:55:27.978+0200] {processor.py:840} INFO - DAG(s) 'example_sensors' retrieved from /Users/noejalabert/airflow_venv/lib/python3.11/site-packages/airflow/example_dags/example_sensors.py
[2024-04-30T15:55:28.032+0200] {logging_mixin.py:188} INFO - [2024-04-30T15:55:28.031+0200] {dag.py:3096} INFO - Sync 1 DAGs
[2024-04-30T15:55:28.036+0200] {logging_mixin.py:188} INFO - [2024-04-30T15:55:28.035+0200] {dag.py:3954} INFO - Setting next_dagrun for example_sensors to None, run_after=None
[2024-04-30T15:55:28.043+0200] {processor.py:183} INFO - Processing /Users/noejalabert/airflow_venv/lib/python3.11/site-packages/airflow/example_dags/example_sensors.py took 0.073 seconds
[2024-04-30T15:56:53.113+0200] {processor.py:161} INFO - Started process (PID=31306) to work on /Users/noejalabert/airflow_venv/lib/python3.11/site-packages/airflow/example_dags/example_sensors.py
[2024-04-30T15:56:53.113+0200] {processor.py:830} INFO - Processing file /Users/noejalabert/airflow_venv/lib/python3.11/site-packages/airflow/example_dags/example_sensors.py for tasks to queue
[2024-04-30T15:56:53.113+0200] {logging_mixin.py:188} INFO - [2024-04-30T15:56:53.113+0200] {dagbag.py:540} INFO - Filling up the DagBag from /Users/noejalabert/airflow_venv/lib/python3.11/site-packages/airflow/example_dags/example_sensors.py
[2024-04-30T15:56:53.119+0200] {processor.py:840} INFO - DAG(s) 'example_sensors' retrieved from /Users/noejalabert/airflow_venv/lib/python3.11/site-packages/airflow/example_dags/example_sensors.py
[2024-04-30T15:56:53.174+0200] {logging_mixin.py:188} INFO - [2024-04-30T15:56:53.174+0200] {dag.py:3096} INFO - Sync 1 DAGs
[2024-04-30T15:56:53.178+0200] {logging_mixin.py:188} INFO - [2024-04-30T15:56:53.178+0200] {dag.py:3954} INFO - Setting next_dagrun for example_sensors to None, run_after=None
[2024-04-30T15:56:53.186+0200] {processor.py:183} INFO - Processing /Users/noejalabert/airflow_venv/lib/python3.11/site-packages/airflow/example_dags/example_sensors.py took 0.074 seconds
[2024-04-30T15:58:18.860+0200] {processor.py:161} INFO - Started process (PID=31436) to work on /Users/noejalabert/airflow_venv/lib/python3.11/site-packages/airflow/example_dags/example_sensors.py
[2024-04-30T15:58:18.862+0200] {processor.py:830} INFO - Processing file /Users/noejalabert/airflow_venv/lib/python3.11/site-packages/airflow/example_dags/example_sensors.py for tasks to queue
[2024-04-30T15:58:18.862+0200] {logging_mixin.py:188} INFO - [2024-04-30T15:58:18.862+0200] {dagbag.py:540} INFO - Filling up the DagBag from /Users/noejalabert/airflow_venv/lib/python3.11/site-packages/airflow/example_dags/example_sensors.py
[2024-04-30T15:58:18.871+0200] {processor.py:840} INFO - DAG(s) 'example_sensors' retrieved from /Users/noejalabert/airflow_venv/lib/python3.11/site-packages/airflow/example_dags/example_sensors.py
[2024-04-30T15:58:18.967+0200] {logging_mixin.py:188} INFO - [2024-04-30T15:58:18.966+0200] {dag.py:3096} INFO - Sync 1 DAGs
[2024-04-30T15:58:18.971+0200] {logging_mixin.py:188} INFO - [2024-04-30T15:58:18.971+0200] {dag.py:3954} INFO - Setting next_dagrun for example_sensors to None, run_after=None
[2024-04-30T15:58:18.983+0200] {processor.py:183} INFO - Processing /Users/noejalabert/airflow_venv/lib/python3.11/site-packages/airflow/example_dags/example_sensors.py took 0.127 seconds
[2024-04-30T15:59:44.756+0200] {processor.py:161} INFO - Started process (PID=31655) to work on /Users/noejalabert/airflow_venv/lib/python3.11/site-packages/airflow/example_dags/example_sensors.py
[2024-04-30T15:59:44.757+0200] {processor.py:830} INFO - Processing file /Users/noejalabert/airflow_venv/lib/python3.11/site-packages/airflow/example_dags/example_sensors.py for tasks to queue
[2024-04-30T15:59:44.757+0200] {logging_mixin.py:188} INFO - [2024-04-30T15:59:44.757+0200] {dagbag.py:540} INFO - Filling up the DagBag from /Users/noejalabert/airflow_venv/lib/python3.11/site-packages/airflow/example_dags/example_sensors.py
[2024-04-30T15:59:44.765+0200] {processor.py:840} INFO - DAG(s) 'example_sensors' retrieved from /Users/noejalabert/airflow_venv/lib/python3.11/site-packages/airflow/example_dags/example_sensors.py
[2024-04-30T15:59:44.820+0200] {logging_mixin.py:188} INFO - [2024-04-30T15:59:44.820+0200] {dag.py:3096} INFO - Sync 1 DAGs
[2024-04-30T15:59:44.824+0200] {logging_mixin.py:188} INFO - [2024-04-30T15:59:44.824+0200] {dag.py:3954} INFO - Setting next_dagrun for example_sensors to None, run_after=None
[2024-04-30T15:59:44.832+0200] {processor.py:183} INFO - Processing /Users/noejalabert/airflow_venv/lib/python3.11/site-packages/airflow/example_dags/example_sensors.py took 0.077 seconds
[2024-04-30T16:01:09.036+0200] {processor.py:161} INFO - Started process (PID=31722) to work on /Users/noejalabert/airflow_venv/lib/python3.11/site-packages/airflow/example_dags/example_sensors.py
[2024-04-30T16:01:09.037+0200] {processor.py:830} INFO - Processing file /Users/noejalabert/airflow_venv/lib/python3.11/site-packages/airflow/example_dags/example_sensors.py for tasks to queue
[2024-04-30T16:01:09.038+0200] {logging_mixin.py:188} INFO - [2024-04-30T16:01:09.038+0200] {dagbag.py:540} INFO - Filling up the DagBag from /Users/noejalabert/airflow_venv/lib/python3.11/site-packages/airflow/example_dags/example_sensors.py
[2024-04-30T16:01:09.044+0200] {processor.py:840} INFO - DAG(s) 'example_sensors' retrieved from /Users/noejalabert/airflow_venv/lib/python3.11/site-packages/airflow/example_dags/example_sensors.py
[2024-04-30T16:01:09.097+0200] {logging_mixin.py:188} INFO - [2024-04-30T16:01:09.097+0200] {dag.py:3096} INFO - Sync 1 DAGs
[2024-04-30T16:01:09.101+0200] {logging_mixin.py:188} INFO - [2024-04-30T16:01:09.101+0200] {dag.py:3954} INFO - Setting next_dagrun for example_sensors to None, run_after=None
[2024-04-30T16:01:09.109+0200] {processor.py:183} INFO - Processing /Users/noejalabert/airflow_venv/lib/python3.11/site-packages/airflow/example_dags/example_sensors.py took 0.074 seconds
[2024-04-30T16:02:32.199+0200] {processor.py:161} INFO - Started process (PID=31783) to work on /Users/noejalabert/airflow_venv/lib/python3.11/site-packages/airflow/example_dags/example_sensors.py
[2024-04-30T16:02:32.200+0200] {processor.py:830} INFO - Processing file /Users/noejalabert/airflow_venv/lib/python3.11/site-packages/airflow/example_dags/example_sensors.py for tasks to queue
[2024-04-30T16:02:32.200+0200] {logging_mixin.py:188} INFO - [2024-04-30T16:02:32.200+0200] {dagbag.py:540} INFO - Filling up the DagBag from /Users/noejalabert/airflow_venv/lib/python3.11/site-packages/airflow/example_dags/example_sensors.py
[2024-04-30T16:02:32.207+0200] {processor.py:840} INFO - DAG(s) 'example_sensors' retrieved from /Users/noejalabert/airflow_venv/lib/python3.11/site-packages/airflow/example_dags/example_sensors.py
[2024-04-30T16:02:32.261+0200] {logging_mixin.py:188} INFO - [2024-04-30T16:02:32.261+0200] {dag.py:3096} INFO - Sync 1 DAGs
[2024-04-30T16:02:32.265+0200] {logging_mixin.py:188} INFO - [2024-04-30T16:02:32.265+0200] {dag.py:3954} INFO - Setting next_dagrun for example_sensors to None, run_after=None
[2024-04-30T16:02:32.273+0200] {processor.py:183} INFO - Processing /Users/noejalabert/airflow_venv/lib/python3.11/site-packages/airflow/example_dags/example_sensors.py took 0.075 seconds
[2024-04-30T16:03:57.213+0200] {processor.py:161} INFO - Started process (PID=31843) to work on /Users/noejalabert/airflow_venv/lib/python3.11/site-packages/airflow/example_dags/example_sensors.py
[2024-04-30T16:03:57.214+0200] {processor.py:830} INFO - Processing file /Users/noejalabert/airflow_venv/lib/python3.11/site-packages/airflow/example_dags/example_sensors.py for tasks to queue
[2024-04-30T16:03:57.215+0200] {logging_mixin.py:188} INFO - [2024-04-30T16:03:57.215+0200] {dagbag.py:540} INFO - Filling up the DagBag from /Users/noejalabert/airflow_venv/lib/python3.11/site-packages/airflow/example_dags/example_sensors.py
[2024-04-30T16:03:57.222+0200] {processor.py:840} INFO - DAG(s) 'example_sensors' retrieved from /Users/noejalabert/airflow_venv/lib/python3.11/site-packages/airflow/example_dags/example_sensors.py
[2024-04-30T16:03:57.277+0200] {logging_mixin.py:188} INFO - [2024-04-30T16:03:57.277+0200] {dag.py:3096} INFO - Sync 1 DAGs
[2024-04-30T16:03:57.281+0200] {logging_mixin.py:188} INFO - [2024-04-30T16:03:57.281+0200] {dag.py:3954} INFO - Setting next_dagrun for example_sensors to None, run_after=None
[2024-04-30T16:03:57.289+0200] {processor.py:183} INFO - Processing /Users/noejalabert/airflow_venv/lib/python3.11/site-packages/airflow/example_dags/example_sensors.py took 0.077 seconds
[2024-04-30T16:05:21.864+0200] {processor.py:161} INFO - Started process (PID=31914) to work on /Users/noejalabert/airflow_venv/lib/python3.11/site-packages/airflow/example_dags/example_sensors.py
[2024-04-30T16:05:21.865+0200] {processor.py:830} INFO - Processing file /Users/noejalabert/airflow_venv/lib/python3.11/site-packages/airflow/example_dags/example_sensors.py for tasks to queue
[2024-04-30T16:05:21.865+0200] {logging_mixin.py:188} INFO - [2024-04-30T16:05:21.865+0200] {dagbag.py:540} INFO - Filling up the DagBag from /Users/noejalabert/airflow_venv/lib/python3.11/site-packages/airflow/example_dags/example_sensors.py
[2024-04-30T16:05:21.872+0200] {processor.py:840} INFO - DAG(s) 'example_sensors' retrieved from /Users/noejalabert/airflow_venv/lib/python3.11/site-packages/airflow/example_dags/example_sensors.py
[2024-04-30T16:05:21.930+0200] {logging_mixin.py:188} INFO - [2024-04-30T16:05:21.930+0200] {dag.py:3096} INFO - Sync 1 DAGs
[2024-04-30T16:05:21.934+0200] {logging_mixin.py:188} INFO - [2024-04-30T16:05:21.934+0200] {dag.py:3954} INFO - Setting next_dagrun for example_sensors to None, run_after=None
[2024-04-30T16:05:21.942+0200] {processor.py:183} INFO - Processing /Users/noejalabert/airflow_venv/lib/python3.11/site-packages/airflow/example_dags/example_sensors.py took 0.079 seconds
[2024-04-30T16:08:22.760+0200] {processor.py:161} INFO - Started process (PID=31999) to work on /Users/noejalabert/airflow_venv/lib/python3.11/site-packages/airflow/example_dags/example_sensors.py
[2024-04-30T16:08:22.762+0200] {processor.py:830} INFO - Processing file /Users/noejalabert/airflow_venv/lib/python3.11/site-packages/airflow/example_dags/example_sensors.py for tasks to queue
[2024-04-30T16:08:22.762+0200] {logging_mixin.py:188} INFO - [2024-04-30T16:08:22.762+0200] {dagbag.py:540} INFO - Filling up the DagBag from /Users/noejalabert/airflow_venv/lib/python3.11/site-packages/airflow/example_dags/example_sensors.py
[2024-04-30T16:08:22.769+0200] {processor.py:840} INFO - DAG(s) 'example_sensors' retrieved from /Users/noejalabert/airflow_venv/lib/python3.11/site-packages/airflow/example_dags/example_sensors.py
[2024-04-30T16:08:22.822+0200] {logging_mixin.py:188} INFO - [2024-04-30T16:08:22.822+0200] {dag.py:3096} INFO - Sync 1 DAGs
[2024-04-30T16:08:22.826+0200] {logging_mixin.py:188} INFO - [2024-04-30T16:08:22.826+0200] {dag.py:3954} INFO - Setting next_dagrun for example_sensors to None, run_after=None
[2024-04-30T16:08:22.834+0200] {processor.py:183} INFO - Processing /Users/noejalabert/airflow_venv/lib/python3.11/site-packages/airflow/example_dags/example_sensors.py took 0.075 seconds
[2024-04-30T16:09:46.958+0200] {processor.py:161} INFO - Started process (PID=32073) to work on /Users/noejalabert/airflow_venv/lib/python3.11/site-packages/airflow/example_dags/example_sensors.py
[2024-04-30T16:09:46.959+0200] {processor.py:830} INFO - Processing file /Users/noejalabert/airflow_venv/lib/python3.11/site-packages/airflow/example_dags/example_sensors.py for tasks to queue
[2024-04-30T16:09:46.959+0200] {logging_mixin.py:188} INFO - [2024-04-30T16:09:46.959+0200] {dagbag.py:540} INFO - Filling up the DagBag from /Users/noejalabert/airflow_venv/lib/python3.11/site-packages/airflow/example_dags/example_sensors.py
[2024-04-30T16:09:46.966+0200] {processor.py:840} INFO - DAG(s) 'example_sensors' retrieved from /Users/noejalabert/airflow_venv/lib/python3.11/site-packages/airflow/example_dags/example_sensors.py
[2024-04-30T16:09:47.025+0200] {logging_mixin.py:188} INFO - [2024-04-30T16:09:47.024+0200] {dag.py:3096} INFO - Sync 1 DAGs
[2024-04-30T16:09:47.029+0200] {logging_mixin.py:188} INFO - [2024-04-30T16:09:47.029+0200] {dag.py:3954} INFO - Setting next_dagrun for example_sensors to None, run_after=None
[2024-04-30T16:09:47.038+0200] {processor.py:183} INFO - Processing /Users/noejalabert/airflow_venv/lib/python3.11/site-packages/airflow/example_dags/example_sensors.py took 0.080 seconds
[2024-04-30T16:11:09.574+0200] {processor.py:161} INFO - Started process (PID=32145) to work on /Users/noejalabert/airflow_venv/lib/python3.11/site-packages/airflow/example_dags/example_sensors.py
[2024-04-30T16:11:09.575+0200] {processor.py:830} INFO - Processing file /Users/noejalabert/airflow_venv/lib/python3.11/site-packages/airflow/example_dags/example_sensors.py for tasks to queue
[2024-04-30T16:11:09.575+0200] {logging_mixin.py:188} INFO - [2024-04-30T16:11:09.575+0200] {dagbag.py:540} INFO - Filling up the DagBag from /Users/noejalabert/airflow_venv/lib/python3.11/site-packages/airflow/example_dags/example_sensors.py
[2024-04-30T16:11:09.581+0200] {processor.py:840} INFO - DAG(s) 'example_sensors' retrieved from /Users/noejalabert/airflow_venv/lib/python3.11/site-packages/airflow/example_dags/example_sensors.py
[2024-04-30T16:11:09.634+0200] {logging_mixin.py:188} INFO - [2024-04-30T16:11:09.634+0200] {dag.py:3096} INFO - Sync 1 DAGs
[2024-04-30T16:11:09.638+0200] {logging_mixin.py:188} INFO - [2024-04-30T16:11:09.638+0200] {dag.py:3954} INFO - Setting next_dagrun for example_sensors to None, run_after=None
[2024-04-30T16:11:09.646+0200] {processor.py:183} INFO - Processing /Users/noejalabert/airflow_venv/lib/python3.11/site-packages/airflow/example_dags/example_sensors.py took 0.073 seconds
[2024-04-30T16:12:36.099+0200] {processor.py:161} INFO - Started process (PID=32215) to work on /Users/noejalabert/airflow_venv/lib/python3.11/site-packages/airflow/example_dags/example_sensors.py
[2024-04-30T16:12:36.100+0200] {processor.py:830} INFO - Processing file /Users/noejalabert/airflow_venv/lib/python3.11/site-packages/airflow/example_dags/example_sensors.py for tasks to queue
[2024-04-30T16:12:36.100+0200] {logging_mixin.py:188} INFO - [2024-04-30T16:12:36.100+0200] {dagbag.py:540} INFO - Filling up the DagBag from /Users/noejalabert/airflow_venv/lib/python3.11/site-packages/airflow/example_dags/example_sensors.py
[2024-04-30T16:12:36.107+0200] {processor.py:840} INFO - DAG(s) 'example_sensors' retrieved from /Users/noejalabert/airflow_venv/lib/python3.11/site-packages/airflow/example_dags/example_sensors.py
[2024-04-30T16:12:36.161+0200] {logging_mixin.py:188} INFO - [2024-04-30T16:12:36.161+0200] {dag.py:3096} INFO - Sync 1 DAGs
[2024-04-30T16:12:36.165+0200] {logging_mixin.py:188} INFO - [2024-04-30T16:12:36.165+0200] {dag.py:3954} INFO - Setting next_dagrun for example_sensors to None, run_after=None
[2024-04-30T16:12:36.172+0200] {processor.py:183} INFO - Processing /Users/noejalabert/airflow_venv/lib/python3.11/site-packages/airflow/example_dags/example_sensors.py took 0.075 seconds
[2024-04-30T16:14:01.666+0200] {processor.py:161} INFO - Started process (PID=32274) to work on /Users/noejalabert/airflow_venv/lib/python3.11/site-packages/airflow/example_dags/example_sensors.py
[2024-04-30T16:14:01.667+0200] {processor.py:830} INFO - Processing file /Users/noejalabert/airflow_venv/lib/python3.11/site-packages/airflow/example_dags/example_sensors.py for tasks to queue
[2024-04-30T16:14:01.667+0200] {logging_mixin.py:188} INFO - [2024-04-30T16:14:01.667+0200] {dagbag.py:540} INFO - Filling up the DagBag from /Users/noejalabert/airflow_venv/lib/python3.11/site-packages/airflow/example_dags/example_sensors.py
[2024-04-30T16:14:01.673+0200] {processor.py:840} INFO - DAG(s) 'example_sensors' retrieved from /Users/noejalabert/airflow_venv/lib/python3.11/site-packages/airflow/example_dags/example_sensors.py
[2024-04-30T16:14:01.727+0200] {logging_mixin.py:188} INFO - [2024-04-30T16:14:01.727+0200] {dag.py:3096} INFO - Sync 1 DAGs
[2024-04-30T16:14:01.731+0200] {logging_mixin.py:188} INFO - [2024-04-30T16:14:01.731+0200] {dag.py:3954} INFO - Setting next_dagrun for example_sensors to None, run_after=None
[2024-04-30T16:14:01.739+0200] {processor.py:183} INFO - Processing /Users/noejalabert/airflow_venv/lib/python3.11/site-packages/airflow/example_dags/example_sensors.py took 0.074 seconds
[2024-04-30T16:15:27.910+0200] {processor.py:161} INFO - Started process (PID=32337) to work on /Users/noejalabert/airflow_venv/lib/python3.11/site-packages/airflow/example_dags/example_sensors.py
[2024-04-30T16:15:27.911+0200] {processor.py:830} INFO - Processing file /Users/noejalabert/airflow_venv/lib/python3.11/site-packages/airflow/example_dags/example_sensors.py for tasks to queue
[2024-04-30T16:15:27.911+0200] {logging_mixin.py:188} INFO - [2024-04-30T16:15:27.911+0200] {dagbag.py:540} INFO - Filling up the DagBag from /Users/noejalabert/airflow_venv/lib/python3.11/site-packages/airflow/example_dags/example_sensors.py
[2024-04-30T16:15:27.918+0200] {processor.py:840} INFO - DAG(s) 'example_sensors' retrieved from /Users/noejalabert/airflow_venv/lib/python3.11/site-packages/airflow/example_dags/example_sensors.py
[2024-04-30T16:15:27.976+0200] {logging_mixin.py:188} INFO - [2024-04-30T16:15:27.976+0200] {dag.py:3096} INFO - Sync 1 DAGs
[2024-04-30T16:15:27.980+0200] {logging_mixin.py:188} INFO - [2024-04-30T16:15:27.980+0200] {dag.py:3954} INFO - Setting next_dagrun for example_sensors to None, run_after=None
[2024-04-30T16:15:27.988+0200] {processor.py:183} INFO - Processing /Users/noejalabert/airflow_venv/lib/python3.11/site-packages/airflow/example_dags/example_sensors.py took 0.079 seconds
[2024-04-30T16:16:51.888+0200] {processor.py:161} INFO - Started process (PID=32406) to work on /Users/noejalabert/airflow_venv/lib/python3.11/site-packages/airflow/example_dags/example_sensors.py
[2024-04-30T16:16:51.888+0200] {processor.py:830} INFO - Processing file /Users/noejalabert/airflow_venv/lib/python3.11/site-packages/airflow/example_dags/example_sensors.py for tasks to queue
[2024-04-30T16:16:51.888+0200] {logging_mixin.py:188} INFO - [2024-04-30T16:16:51.888+0200] {dagbag.py:540} INFO - Filling up the DagBag from /Users/noejalabert/airflow_venv/lib/python3.11/site-packages/airflow/example_dags/example_sensors.py
[2024-04-30T16:16:51.894+0200] {processor.py:840} INFO - DAG(s) 'example_sensors' retrieved from /Users/noejalabert/airflow_venv/lib/python3.11/site-packages/airflow/example_dags/example_sensors.py
[2024-04-30T16:16:51.948+0200] {logging_mixin.py:188} INFO - [2024-04-30T16:16:51.948+0200] {dag.py:3096} INFO - Sync 1 DAGs
[2024-04-30T16:16:51.952+0200] {logging_mixin.py:188} INFO - [2024-04-30T16:16:51.951+0200] {dag.py:3954} INFO - Setting next_dagrun for example_sensors to None, run_after=None
[2024-04-30T16:16:51.959+0200] {processor.py:183} INFO - Processing /Users/noejalabert/airflow_venv/lib/python3.11/site-packages/airflow/example_dags/example_sensors.py took 0.073 seconds
[2024-04-30T16:18:15.767+0200] {processor.py:161} INFO - Started process (PID=32477) to work on /Users/noejalabert/airflow_venv/lib/python3.11/site-packages/airflow/example_dags/example_sensors.py
[2024-04-30T16:18:15.768+0200] {processor.py:830} INFO - Processing file /Users/noejalabert/airflow_venv/lib/python3.11/site-packages/airflow/example_dags/example_sensors.py for tasks to queue
[2024-04-30T16:18:15.768+0200] {logging_mixin.py:188} INFO - [2024-04-30T16:18:15.768+0200] {dagbag.py:540} INFO - Filling up the DagBag from /Users/noejalabert/airflow_venv/lib/python3.11/site-packages/airflow/example_dags/example_sensors.py
[2024-04-30T16:18:15.774+0200] {processor.py:840} INFO - DAG(s) 'example_sensors' retrieved from /Users/noejalabert/airflow_venv/lib/python3.11/site-packages/airflow/example_dags/example_sensors.py
[2024-04-30T16:18:15.827+0200] {logging_mixin.py:188} INFO - [2024-04-30T16:18:15.827+0200] {dag.py:3096} INFO - Sync 1 DAGs
[2024-04-30T16:18:15.831+0200] {logging_mixin.py:188} INFO - [2024-04-30T16:18:15.831+0200] {dag.py:3954} INFO - Setting next_dagrun for example_sensors to None, run_after=None
[2024-04-30T16:18:15.839+0200] {processor.py:183} INFO - Processing /Users/noejalabert/airflow_venv/lib/python3.11/site-packages/airflow/example_dags/example_sensors.py took 0.073 seconds
[2024-04-30T16:19:36.869+0200] {processor.py:161} INFO - Started process (PID=32535) to work on /Users/noejalabert/airflow_venv/lib/python3.11/site-packages/airflow/example_dags/example_sensors.py
[2024-04-30T16:19:36.869+0200] {processor.py:830} INFO - Processing file /Users/noejalabert/airflow_venv/lib/python3.11/site-packages/airflow/example_dags/example_sensors.py for tasks to queue
[2024-04-30T16:19:36.870+0200] {logging_mixin.py:188} INFO - [2024-04-30T16:19:36.869+0200] {dagbag.py:540} INFO - Filling up the DagBag from /Users/noejalabert/airflow_venv/lib/python3.11/site-packages/airflow/example_dags/example_sensors.py
[2024-04-30T16:19:36.875+0200] {processor.py:840} INFO - DAG(s) 'example_sensors' retrieved from /Users/noejalabert/airflow_venv/lib/python3.11/site-packages/airflow/example_dags/example_sensors.py
[2024-04-30T16:19:36.930+0200] {logging_mixin.py:188} INFO - [2024-04-30T16:19:36.929+0200] {dag.py:3096} INFO - Sync 1 DAGs
[2024-04-30T16:19:36.934+0200] {logging_mixin.py:188} INFO - [2024-04-30T16:19:36.933+0200] {dag.py:3954} INFO - Setting next_dagrun for example_sensors to None, run_after=None
[2024-04-30T16:19:36.941+0200] {processor.py:183} INFO - Processing /Users/noejalabert/airflow_venv/lib/python3.11/site-packages/airflow/example_dags/example_sensors.py took 0.074 seconds
[2024-04-30T16:20:56.547+0200] {processor.py:161} INFO - Started process (PID=32591) to work on /Users/noejalabert/airflow_venv/lib/python3.11/site-packages/airflow/example_dags/example_sensors.py
[2024-04-30T16:20:56.547+0200] {processor.py:830} INFO - Processing file /Users/noejalabert/airflow_venv/lib/python3.11/site-packages/airflow/example_dags/example_sensors.py for tasks to queue
[2024-04-30T16:20:56.548+0200] {logging_mixin.py:188} INFO - [2024-04-30T16:20:56.548+0200] {dagbag.py:540} INFO - Filling up the DagBag from /Users/noejalabert/airflow_venv/lib/python3.11/site-packages/airflow/example_dags/example_sensors.py
[2024-04-30T16:20:56.553+0200] {processor.py:840} INFO - DAG(s) 'example_sensors' retrieved from /Users/noejalabert/airflow_venv/lib/python3.11/site-packages/airflow/example_dags/example_sensors.py
[2024-04-30T16:20:56.607+0200] {logging_mixin.py:188} INFO - [2024-04-30T16:20:56.607+0200] {dag.py:3096} INFO - Sync 1 DAGs
[2024-04-30T16:20:56.611+0200] {logging_mixin.py:188} INFO - [2024-04-30T16:20:56.611+0200] {dag.py:3954} INFO - Setting next_dagrun for example_sensors to None, run_after=None
[2024-04-30T16:20:56.618+0200] {processor.py:183} INFO - Processing /Users/noejalabert/airflow_venv/lib/python3.11/site-packages/airflow/example_dags/example_sensors.py took 0.073 seconds
[2024-04-30T16:22:42.495+0200] {processor.py:161} INFO - Started process (PID=32680) to work on /Users/noejalabert/airflow_venv/lib/python3.11/site-packages/airflow/example_dags/example_sensors.py
[2024-04-30T16:22:42.496+0200] {processor.py:830} INFO - Processing file /Users/noejalabert/airflow_venv/lib/python3.11/site-packages/airflow/example_dags/example_sensors.py for tasks to queue
[2024-04-30T16:22:42.496+0200] {logging_mixin.py:188} INFO - [2024-04-30T16:22:42.496+0200] {dagbag.py:540} INFO - Filling up the DagBag from /Users/noejalabert/airflow_venv/lib/python3.11/site-packages/airflow/example_dags/example_sensors.py
[2024-04-30T16:22:42.503+0200] {processor.py:840} INFO - DAG(s) 'example_sensors' retrieved from /Users/noejalabert/airflow_venv/lib/python3.11/site-packages/airflow/example_dags/example_sensors.py
[2024-04-30T16:22:42.557+0200] {logging_mixin.py:188} INFO - [2024-04-30T16:22:42.557+0200] {dag.py:3096} INFO - Sync 1 DAGs
[2024-04-30T16:22:42.561+0200] {logging_mixin.py:188} INFO - [2024-04-30T16:22:42.561+0200] {dag.py:3954} INFO - Setting next_dagrun for example_sensors to None, run_after=None
[2024-04-30T16:22:42.568+0200] {processor.py:183} INFO - Processing /Users/noejalabert/airflow_venv/lib/python3.11/site-packages/airflow/example_dags/example_sensors.py took 0.075 seconds
[2024-04-30T16:24:08.241+0200] {processor.py:161} INFO - Started process (PID=32776) to work on /Users/noejalabert/airflow_venv/lib/python3.11/site-packages/airflow/example_dags/example_sensors.py
[2024-04-30T16:24:08.242+0200] {processor.py:830} INFO - Processing file /Users/noejalabert/airflow_venv/lib/python3.11/site-packages/airflow/example_dags/example_sensors.py for tasks to queue
[2024-04-30T16:24:08.242+0200] {logging_mixin.py:188} INFO - [2024-04-30T16:24:08.242+0200] {dagbag.py:540} INFO - Filling up the DagBag from /Users/noejalabert/airflow_venv/lib/python3.11/site-packages/airflow/example_dags/example_sensors.py
[2024-04-30T16:24:08.248+0200] {processor.py:840} INFO - DAG(s) 'example_sensors' retrieved from /Users/noejalabert/airflow_venv/lib/python3.11/site-packages/airflow/example_dags/example_sensors.py
[2024-04-30T16:24:08.301+0200] {logging_mixin.py:188} INFO - [2024-04-30T16:24:08.301+0200] {dag.py:3096} INFO - Sync 1 DAGs
[2024-04-30T16:24:08.305+0200] {logging_mixin.py:188} INFO - [2024-04-30T16:24:08.305+0200] {dag.py:3954} INFO - Setting next_dagrun for example_sensors to None, run_after=None
[2024-04-30T16:24:08.313+0200] {processor.py:183} INFO - Processing /Users/noejalabert/airflow_venv/lib/python3.11/site-packages/airflow/example_dags/example_sensors.py took 0.073 seconds
[2024-04-30T16:25:30.910+0200] {processor.py:161} INFO - Started process (PID=32836) to work on /Users/noejalabert/airflow_venv/lib/python3.11/site-packages/airflow/example_dags/example_sensors.py
[2024-04-30T16:25:30.910+0200] {processor.py:830} INFO - Processing file /Users/noejalabert/airflow_venv/lib/python3.11/site-packages/airflow/example_dags/example_sensors.py for tasks to queue
[2024-04-30T16:25:30.911+0200] {logging_mixin.py:188} INFO - [2024-04-30T16:25:30.911+0200] {dagbag.py:540} INFO - Filling up the DagBag from /Users/noejalabert/airflow_venv/lib/python3.11/site-packages/airflow/example_dags/example_sensors.py
[2024-04-30T16:25:30.916+0200] {processor.py:840} INFO - DAG(s) 'example_sensors' retrieved from /Users/noejalabert/airflow_venv/lib/python3.11/site-packages/airflow/example_dags/example_sensors.py
[2024-04-30T16:25:30.970+0200] {logging_mixin.py:188} INFO - [2024-04-30T16:25:30.970+0200] {dag.py:3096} INFO - Sync 1 DAGs
[2024-04-30T16:25:30.974+0200] {logging_mixin.py:188} INFO - [2024-04-30T16:25:30.974+0200] {dag.py:3954} INFO - Setting next_dagrun for example_sensors to None, run_after=None
[2024-04-30T16:25:30.981+0200] {processor.py:183} INFO - Processing /Users/noejalabert/airflow_venv/lib/python3.11/site-packages/airflow/example_dags/example_sensors.py took 0.073 seconds
[2024-04-30T16:26:54.535+0200] {processor.py:161} INFO - Started process (PID=32897) to work on /Users/noejalabert/airflow_venv/lib/python3.11/site-packages/airflow/example_dags/example_sensors.py
[2024-04-30T16:26:54.536+0200] {processor.py:830} INFO - Processing file /Users/noejalabert/airflow_venv/lib/python3.11/site-packages/airflow/example_dags/example_sensors.py for tasks to queue
[2024-04-30T16:26:54.536+0200] {logging_mixin.py:188} INFO - [2024-04-30T16:26:54.536+0200] {dagbag.py:540} INFO - Filling up the DagBag from /Users/noejalabert/airflow_venv/lib/python3.11/site-packages/airflow/example_dags/example_sensors.py
[2024-04-30T16:26:54.543+0200] {processor.py:840} INFO - DAG(s) 'example_sensors' retrieved from /Users/noejalabert/airflow_venv/lib/python3.11/site-packages/airflow/example_dags/example_sensors.py
[2024-04-30T16:26:54.597+0200] {logging_mixin.py:188} INFO - [2024-04-30T16:26:54.597+0200] {dag.py:3096} INFO - Sync 1 DAGs
[2024-04-30T16:26:54.601+0200] {logging_mixin.py:188} INFO - [2024-04-30T16:26:54.601+0200] {dag.py:3954} INFO - Setting next_dagrun for example_sensors to None, run_after=None
[2024-04-30T16:26:54.608+0200] {processor.py:183} INFO - Processing /Users/noejalabert/airflow_venv/lib/python3.11/site-packages/airflow/example_dags/example_sensors.py took 0.076 seconds
[2024-04-30T16:28:19.179+0200] {processor.py:161} INFO - Started process (PID=32972) to work on /Users/noejalabert/airflow_venv/lib/python3.11/site-packages/airflow/example_dags/example_sensors.py
[2024-04-30T16:28:19.180+0200] {processor.py:830} INFO - Processing file /Users/noejalabert/airflow_venv/lib/python3.11/site-packages/airflow/example_dags/example_sensors.py for tasks to queue
[2024-04-30T16:28:19.180+0200] {logging_mixin.py:188} INFO - [2024-04-30T16:28:19.180+0200] {dagbag.py:540} INFO - Filling up the DagBag from /Users/noejalabert/airflow_venv/lib/python3.11/site-packages/airflow/example_dags/example_sensors.py
[2024-04-30T16:28:19.186+0200] {processor.py:840} INFO - DAG(s) 'example_sensors' retrieved from /Users/noejalabert/airflow_venv/lib/python3.11/site-packages/airflow/example_dags/example_sensors.py
[2024-04-30T16:28:19.240+0200] {logging_mixin.py:188} INFO - [2024-04-30T16:28:19.239+0200] {dag.py:3096} INFO - Sync 1 DAGs
[2024-04-30T16:28:19.244+0200] {logging_mixin.py:188} INFO - [2024-04-30T16:28:19.243+0200] {dag.py:3954} INFO - Setting next_dagrun for example_sensors to None, run_after=None
[2024-04-30T16:28:19.251+0200] {processor.py:183} INFO - Processing /Users/noejalabert/airflow_venv/lib/python3.11/site-packages/airflow/example_dags/example_sensors.py took 0.074 seconds
[2024-04-30T16:29:46.458+0200] {processor.py:161} INFO - Started process (PID=33031) to work on /Users/noejalabert/airflow_venv/lib/python3.11/site-packages/airflow/example_dags/example_sensors.py
[2024-04-30T16:29:46.459+0200] {processor.py:830} INFO - Processing file /Users/noejalabert/airflow_venv/lib/python3.11/site-packages/airflow/example_dags/example_sensors.py for tasks to queue
[2024-04-30T16:29:46.459+0200] {logging_mixin.py:188} INFO - [2024-04-30T16:29:46.459+0200] {dagbag.py:540} INFO - Filling up the DagBag from /Users/noejalabert/airflow_venv/lib/python3.11/site-packages/airflow/example_dags/example_sensors.py
[2024-04-30T16:29:46.465+0200] {processor.py:840} INFO - DAG(s) 'example_sensors' retrieved from /Users/noejalabert/airflow_venv/lib/python3.11/site-packages/airflow/example_dags/example_sensors.py
[2024-04-30T16:29:46.518+0200] {logging_mixin.py:188} INFO - [2024-04-30T16:29:46.518+0200] {dag.py:3096} INFO - Sync 1 DAGs
[2024-04-30T16:29:46.522+0200] {logging_mixin.py:188} INFO - [2024-04-30T16:29:46.522+0200] {dag.py:3954} INFO - Setting next_dagrun for example_sensors to None, run_after=None
[2024-04-30T16:29:46.530+0200] {processor.py:183} INFO - Processing /Users/noejalabert/airflow_venv/lib/python3.11/site-packages/airflow/example_dags/example_sensors.py took 0.073 seconds
[2024-04-30T16:31:10.890+0200] {processor.py:161} INFO - Started process (PID=33107) to work on /Users/noejalabert/airflow_venv/lib/python3.11/site-packages/airflow/example_dags/example_sensors.py
[2024-04-30T16:31:10.891+0200] {processor.py:830} INFO - Processing file /Users/noejalabert/airflow_venv/lib/python3.11/site-packages/airflow/example_dags/example_sensors.py for tasks to queue
[2024-04-30T16:31:10.891+0200] {logging_mixin.py:188} INFO - [2024-04-30T16:31:10.891+0200] {dagbag.py:540} INFO - Filling up the DagBag from /Users/noejalabert/airflow_venv/lib/python3.11/site-packages/airflow/example_dags/example_sensors.py
[2024-04-30T16:31:10.897+0200] {processor.py:840} INFO - DAG(s) 'example_sensors' retrieved from /Users/noejalabert/airflow_venv/lib/python3.11/site-packages/airflow/example_dags/example_sensors.py
[2024-04-30T16:31:10.953+0200] {logging_mixin.py:188} INFO - [2024-04-30T16:31:10.953+0200] {dag.py:3096} INFO - Sync 1 DAGs
[2024-04-30T16:31:10.957+0200] {logging_mixin.py:188} INFO - [2024-04-30T16:31:10.957+0200] {dag.py:3954} INFO - Setting next_dagrun for example_sensors to None, run_after=None
[2024-04-30T16:31:10.965+0200] {processor.py:183} INFO - Processing /Users/noejalabert/airflow_venv/lib/python3.11/site-packages/airflow/example_dags/example_sensors.py took 0.076 seconds
