[2024-04-30T14:49:20.167+0200] {processor.py:161} INFO - Started process (PID=28444) to work on /Users/noejalabert/airflow_venv/lib/python3.11/site-packages/airflow/example_dags/example_skip_dag.py
[2024-04-30T14:49:20.168+0200] {processor.py:830} INFO - Processing file /Users/noejalabert/airflow_venv/lib/python3.11/site-packages/airflow/example_dags/example_skip_dag.py for tasks to queue
[2024-04-30T14:49:20.168+0200] {logging_mixin.py:188} INFO - [2024-04-30T14:49:20.168+0200] {dagbag.py:540} INFO - Filling up the DagBag from /Users/noejalabert/airflow_venv/lib/python3.11/site-packages/airflow/example_dags/example_skip_dag.py
[2024-04-30T14:49:20.171+0200] {processor.py:840} INFO - DAG(s) 'example_skip_dag' retrieved from /Users/noejalabert/airflow_venv/lib/python3.11/site-packages/airflow/example_dags/example_skip_dag.py
[2024-04-30T14:49:20.252+0200] {logging_mixin.py:188} INFO - [2024-04-30T14:49:20.252+0200] {override.py:1829} INFO - Created Permission View: can edit on DAG:example_skip_dag
[2024-04-30T14:49:20.256+0200] {logging_mixin.py:188} INFO - [2024-04-30T14:49:20.255+0200] {override.py:1829} INFO - Created Permission View: can delete on DAG:example_skip_dag
[2024-04-30T14:49:20.258+0200] {logging_mixin.py:188} INFO - [2024-04-30T14:49:20.257+0200] {override.py:1829} INFO - Created Permission View: can read on DAG:example_skip_dag
[2024-04-30T14:49:20.258+0200] {logging_mixin.py:188} INFO - [2024-04-30T14:49:20.258+0200] {dag.py:3096} INFO - Sync 1 DAGs
[2024-04-30T14:49:20.262+0200] {logging_mixin.py:188} INFO - [2024-04-30T14:49:20.262+0200] {dag.py:3118} INFO - Creating ORM DAG for example_skip_dag
[2024-04-30T14:49:20.265+0200] {logging_mixin.py:188} INFO - [2024-04-30T14:49:20.265+0200] {dag.py:3954} INFO - Setting next_dagrun for example_skip_dag to 2024-04-29 00:00:00+00:00, run_after=2024-04-30 00:00:00+00:00
[2024-04-30T14:49:20.271+0200] {processor.py:183} INFO - Processing /Users/noejalabert/airflow_venv/lib/python3.11/site-packages/airflow/example_dags/example_skip_dag.py took 0.105 seconds
[2024-04-30T14:50:46.809+0200] {processor.py:161} INFO - Started process (PID=28497) to work on /Users/noejalabert/airflow_venv/lib/python3.11/site-packages/airflow/example_dags/example_skip_dag.py
[2024-04-30T14:50:46.810+0200] {processor.py:830} INFO - Processing file /Users/noejalabert/airflow_venv/lib/python3.11/site-packages/airflow/example_dags/example_skip_dag.py for tasks to queue
[2024-04-30T14:50:46.811+0200] {logging_mixin.py:188} INFO - [2024-04-30T14:50:46.811+0200] {dagbag.py:540} INFO - Filling up the DagBag from /Users/noejalabert/airflow_venv/lib/python3.11/site-packages/airflow/example_dags/example_skip_dag.py
[2024-04-30T14:50:46.814+0200] {processor.py:840} INFO - DAG(s) 'example_skip_dag' retrieved from /Users/noejalabert/airflow_venv/lib/python3.11/site-packages/airflow/example_dags/example_skip_dag.py
[2024-04-30T14:50:46.862+0200] {logging_mixin.py:188} INFO - [2024-04-30T14:50:46.862+0200] {dag.py:3096} INFO - Sync 1 DAGs
[2024-04-30T14:50:46.869+0200] {logging_mixin.py:188} INFO - [2024-04-30T14:50:46.869+0200] {dag.py:3954} INFO - Setting next_dagrun for example_skip_dag to 2024-04-29 00:00:00+00:00, run_after=2024-04-30 00:00:00+00:00
[2024-04-30T14:50:46.877+0200] {processor.py:183} INFO - Processing /Users/noejalabert/airflow_venv/lib/python3.11/site-packages/airflow/example_dags/example_skip_dag.py took 0.069 seconds
[2024-04-30T14:52:36.467+0200] {processor.py:161} INFO - Started process (PID=28579) to work on /Users/noejalabert/airflow_venv/lib/python3.11/site-packages/airflow/example_dags/example_skip_dag.py
[2024-04-30T14:52:36.469+0200] {processor.py:830} INFO - Processing file /Users/noejalabert/airflow_venv/lib/python3.11/site-packages/airflow/example_dags/example_skip_dag.py for tasks to queue
[2024-04-30T14:52:36.469+0200] {logging_mixin.py:188} INFO - [2024-04-30T14:52:36.469+0200] {dagbag.py:540} INFO - Filling up the DagBag from /Users/noejalabert/airflow_venv/lib/python3.11/site-packages/airflow/example_dags/example_skip_dag.py
[2024-04-30T14:52:36.472+0200] {processor.py:840} INFO - DAG(s) 'example_skip_dag' retrieved from /Users/noejalabert/airflow_venv/lib/python3.11/site-packages/airflow/example_dags/example_skip_dag.py
[2024-04-30T14:52:36.519+0200] {logging_mixin.py:188} INFO - [2024-04-30T14:52:36.519+0200] {dag.py:3096} INFO - Sync 1 DAGs
[2024-04-30T14:52:36.527+0200] {logging_mixin.py:188} INFO - [2024-04-30T14:52:36.527+0200] {dag.py:3954} INFO - Setting next_dagrun for example_skip_dag to 2024-04-29 00:00:00+00:00, run_after=2024-04-30 00:00:00+00:00
[2024-04-30T14:52:36.534+0200] {processor.py:183} INFO - Processing /Users/noejalabert/airflow_venv/lib/python3.11/site-packages/airflow/example_dags/example_skip_dag.py took 0.068 seconds
[2024-04-30T14:54:25.545+0200] {processor.py:161} INFO - Started process (PID=28649) to work on /Users/noejalabert/airflow_venv/lib/python3.11/site-packages/airflow/example_dags/example_skip_dag.py
[2024-04-30T14:54:25.546+0200] {processor.py:830} INFO - Processing file /Users/noejalabert/airflow_venv/lib/python3.11/site-packages/airflow/example_dags/example_skip_dag.py for tasks to queue
[2024-04-30T14:54:25.546+0200] {logging_mixin.py:188} INFO - [2024-04-30T14:54:25.546+0200] {dagbag.py:540} INFO - Filling up the DagBag from /Users/noejalabert/airflow_venv/lib/python3.11/site-packages/airflow/example_dags/example_skip_dag.py
[2024-04-30T14:54:25.549+0200] {processor.py:840} INFO - DAG(s) 'example_skip_dag' retrieved from /Users/noejalabert/airflow_venv/lib/python3.11/site-packages/airflow/example_dags/example_skip_dag.py
[2024-04-30T14:54:25.596+0200] {logging_mixin.py:188} INFO - [2024-04-30T14:54:25.596+0200] {dag.py:3096} INFO - Sync 1 DAGs
[2024-04-30T14:54:25.603+0200] {logging_mixin.py:188} INFO - [2024-04-30T14:54:25.603+0200] {dag.py:3954} INFO - Setting next_dagrun for example_skip_dag to 2024-04-29 00:00:00+00:00, run_after=2024-04-30 00:00:00+00:00
[2024-04-30T14:54:25.611+0200] {processor.py:183} INFO - Processing /Users/noejalabert/airflow_venv/lib/python3.11/site-packages/airflow/example_dags/example_skip_dag.py took 0.068 seconds
[2024-04-30T14:56:23.505+0200] {processor.py:161} INFO - Started process (PID=28732) to work on /Users/noejalabert/airflow_venv/lib/python3.11/site-packages/airflow/example_dags/example_skip_dag.py
[2024-04-30T14:56:23.506+0200] {processor.py:830} INFO - Processing file /Users/noejalabert/airflow_venv/lib/python3.11/site-packages/airflow/example_dags/example_skip_dag.py for tasks to queue
[2024-04-30T14:56:23.506+0200] {logging_mixin.py:188} INFO - [2024-04-30T14:56:23.506+0200] {dagbag.py:540} INFO - Filling up the DagBag from /Users/noejalabert/airflow_venv/lib/python3.11/site-packages/airflow/example_dags/example_skip_dag.py
[2024-04-30T14:56:23.509+0200] {processor.py:840} INFO - DAG(s) 'example_skip_dag' retrieved from /Users/noejalabert/airflow_venv/lib/python3.11/site-packages/airflow/example_dags/example_skip_dag.py
[2024-04-30T14:56:23.557+0200] {logging_mixin.py:188} INFO - [2024-04-30T14:56:23.556+0200] {dag.py:3096} INFO - Sync 1 DAGs
[2024-04-30T14:56:23.564+0200] {logging_mixin.py:188} INFO - [2024-04-30T14:56:23.564+0200] {dag.py:3954} INFO - Setting next_dagrun for example_skip_dag to 2024-04-29 00:00:00+00:00, run_after=2024-04-30 00:00:00+00:00
[2024-04-30T14:56:23.571+0200] {processor.py:183} INFO - Processing /Users/noejalabert/airflow_venv/lib/python3.11/site-packages/airflow/example_dags/example_skip_dag.py took 0.067 seconds
[2024-04-30T14:58:22.156+0200] {processor.py:161} INFO - Started process (PID=28836) to work on /Users/noejalabert/airflow_venv/lib/python3.11/site-packages/airflow/example_dags/example_skip_dag.py
[2024-04-30T14:58:22.156+0200] {processor.py:830} INFO - Processing file /Users/noejalabert/airflow_venv/lib/python3.11/site-packages/airflow/example_dags/example_skip_dag.py for tasks to queue
[2024-04-30T14:58:22.157+0200] {logging_mixin.py:188} INFO - [2024-04-30T14:58:22.157+0200] {dagbag.py:540} INFO - Filling up the DagBag from /Users/noejalabert/airflow_venv/lib/python3.11/site-packages/airflow/example_dags/example_skip_dag.py
[2024-04-30T14:58:22.160+0200] {processor.py:840} INFO - DAG(s) 'example_skip_dag' retrieved from /Users/noejalabert/airflow_venv/lib/python3.11/site-packages/airflow/example_dags/example_skip_dag.py
[2024-04-30T14:58:22.207+0200] {logging_mixin.py:188} INFO - [2024-04-30T14:58:22.207+0200] {dag.py:3096} INFO - Sync 1 DAGs
[2024-04-30T14:58:22.214+0200] {logging_mixin.py:188} INFO - [2024-04-30T14:58:22.214+0200] {dag.py:3954} INFO - Setting next_dagrun for example_skip_dag to 2024-04-29 00:00:00+00:00, run_after=2024-04-30 00:00:00+00:00
[2024-04-30T14:58:22.222+0200] {processor.py:183} INFO - Processing /Users/noejalabert/airflow_venv/lib/python3.11/site-packages/airflow/example_dags/example_skip_dag.py took 0.067 seconds
[2024-04-30T14:59:29.550+0200] {processor.py:161} INFO - Started process (PID=28877) to work on /Users/noejalabert/airflow_venv/lib/python3.11/site-packages/airflow/example_dags/example_skip_dag.py
[2024-04-30T14:59:29.551+0200] {processor.py:830} INFO - Processing file /Users/noejalabert/airflow_venv/lib/python3.11/site-packages/airflow/example_dags/example_skip_dag.py for tasks to queue
[2024-04-30T14:59:29.551+0200] {logging_mixin.py:188} INFO - [2024-04-30T14:59:29.551+0200] {dagbag.py:540} INFO - Filling up the DagBag from /Users/noejalabert/airflow_venv/lib/python3.11/site-packages/airflow/example_dags/example_skip_dag.py
[2024-04-30T14:59:29.560+0200] {processor.py:840} INFO - DAG(s) 'example_skip_dag' retrieved from /Users/noejalabert/airflow_venv/lib/python3.11/site-packages/airflow/example_dags/example_skip_dag.py
[2024-04-30T14:59:29.610+0200] {logging_mixin.py:188} INFO - [2024-04-30T14:59:29.609+0200] {dag.py:3096} INFO - Sync 1 DAGs
[2024-04-30T14:59:29.617+0200] {logging_mixin.py:188} INFO - [2024-04-30T14:59:29.617+0200] {dag.py:3954} INFO - Setting next_dagrun for example_skip_dag to 2024-04-29 00:00:00+00:00, run_after=2024-04-30 00:00:00+00:00
[2024-04-30T14:59:29.625+0200] {processor.py:183} INFO - Processing /Users/noejalabert/airflow_venv/lib/python3.11/site-packages/airflow/example_dags/example_skip_dag.py took 0.077 seconds
[2024-04-30T15:01:29.977+0200] {processor.py:161} INFO - Started process (PID=28958) to work on /Users/noejalabert/airflow_venv/lib/python3.11/site-packages/airflow/example_dags/example_skip_dag.py
[2024-04-30T15:01:29.979+0200] {processor.py:830} INFO - Processing file /Users/noejalabert/airflow_venv/lib/python3.11/site-packages/airflow/example_dags/example_skip_dag.py for tasks to queue
[2024-04-30T15:01:29.979+0200] {logging_mixin.py:188} INFO - [2024-04-30T15:01:29.979+0200] {dagbag.py:540} INFO - Filling up the DagBag from /Users/noejalabert/airflow_venv/lib/python3.11/site-packages/airflow/example_dags/example_skip_dag.py
[2024-04-30T15:01:29.982+0200] {processor.py:840} INFO - DAG(s) 'example_skip_dag' retrieved from /Users/noejalabert/airflow_venv/lib/python3.11/site-packages/airflow/example_dags/example_skip_dag.py
[2024-04-30T15:01:30.029+0200] {logging_mixin.py:188} INFO - [2024-04-30T15:01:30.029+0200] {dag.py:3096} INFO - Sync 1 DAGs
[2024-04-30T15:01:30.036+0200] {logging_mixin.py:188} INFO - [2024-04-30T15:01:30.036+0200] {dag.py:3954} INFO - Setting next_dagrun for example_skip_dag to 2024-04-29 00:00:00+00:00, run_after=2024-04-30 00:00:00+00:00
[2024-04-30T15:01:30.044+0200] {processor.py:183} INFO - Processing /Users/noejalabert/airflow_venv/lib/python3.11/site-packages/airflow/example_dags/example_skip_dag.py took 0.068 seconds
[2024-04-30T15:02:45.848+0200] {processor.py:161} INFO - Started process (PID=29047) to work on /Users/noejalabert/airflow_venv/lib/python3.11/site-packages/airflow/example_dags/example_skip_dag.py
[2024-04-30T15:02:45.848+0200] {processor.py:830} INFO - Processing file /Users/noejalabert/airflow_venv/lib/python3.11/site-packages/airflow/example_dags/example_skip_dag.py for tasks to queue
[2024-04-30T15:02:45.849+0200] {logging_mixin.py:188} INFO - [2024-04-30T15:02:45.849+0200] {dagbag.py:540} INFO - Filling up the DagBag from /Users/noejalabert/airflow_venv/lib/python3.11/site-packages/airflow/example_dags/example_skip_dag.py
[2024-04-30T15:02:45.852+0200] {processor.py:840} INFO - DAG(s) 'example_skip_dag' retrieved from /Users/noejalabert/airflow_venv/lib/python3.11/site-packages/airflow/example_dags/example_skip_dag.py
[2024-04-30T15:02:45.899+0200] {logging_mixin.py:188} INFO - [2024-04-30T15:02:45.899+0200] {dag.py:3096} INFO - Sync 1 DAGs
[2024-04-30T15:02:45.907+0200] {logging_mixin.py:188} INFO - [2024-04-30T15:02:45.906+0200] {dag.py:3954} INFO - Setting next_dagrun for example_skip_dag to 2024-04-29 00:00:00+00:00, run_after=2024-04-30 00:00:00+00:00
[2024-04-30T15:02:45.914+0200] {processor.py:183} INFO - Processing /Users/noejalabert/airflow_venv/lib/python3.11/site-packages/airflow/example_dags/example_skip_dag.py took 0.067 seconds
[2024-04-30T15:03:55.384+0200] {processor.py:161} INFO - Started process (PID=29088) to work on /Users/noejalabert/airflow_venv/lib/python3.11/site-packages/airflow/example_dags/example_skip_dag.py
[2024-04-30T15:03:55.384+0200] {processor.py:830} INFO - Processing file /Users/noejalabert/airflow_venv/lib/python3.11/site-packages/airflow/example_dags/example_skip_dag.py for tasks to queue
[2024-04-30T15:03:55.385+0200] {logging_mixin.py:188} INFO - [2024-04-30T15:03:55.385+0200] {dagbag.py:540} INFO - Filling up the DagBag from /Users/noejalabert/airflow_venv/lib/python3.11/site-packages/airflow/example_dags/example_skip_dag.py
[2024-04-30T15:03:55.388+0200] {processor.py:840} INFO - DAG(s) 'example_skip_dag' retrieved from /Users/noejalabert/airflow_venv/lib/python3.11/site-packages/airflow/example_dags/example_skip_dag.py
[2024-04-30T15:03:55.435+0200] {logging_mixin.py:188} INFO - [2024-04-30T15:03:55.435+0200] {dag.py:3096} INFO - Sync 1 DAGs
[2024-04-30T15:03:55.443+0200] {logging_mixin.py:188} INFO - [2024-04-30T15:03:55.442+0200] {dag.py:3954} INFO - Setting next_dagrun for example_skip_dag to 2024-04-29 00:00:00+00:00, run_after=2024-04-30 00:00:00+00:00
[2024-04-30T15:03:55.450+0200] {processor.py:183} INFO - Processing /Users/noejalabert/airflow_venv/lib/python3.11/site-packages/airflow/example_dags/example_skip_dag.py took 0.068 seconds
[2024-04-30T15:06:39.504+0200] {processor.py:161} INFO - Started process (PID=29187) to work on /Users/noejalabert/airflow_venv/lib/python3.11/site-packages/airflow/example_dags/example_skip_dag.py
[2024-04-30T15:06:39.504+0200] {processor.py:830} INFO - Processing file /Users/noejalabert/airflow_venv/lib/python3.11/site-packages/airflow/example_dags/example_skip_dag.py for tasks to queue
[2024-04-30T15:06:39.505+0200] {logging_mixin.py:188} INFO - [2024-04-30T15:06:39.505+0200] {dagbag.py:540} INFO - Filling up the DagBag from /Users/noejalabert/airflow_venv/lib/python3.11/site-packages/airflow/example_dags/example_skip_dag.py
[2024-04-30T15:06:39.509+0200] {processor.py:840} INFO - DAG(s) 'example_skip_dag' retrieved from /Users/noejalabert/airflow_venv/lib/python3.11/site-packages/airflow/example_dags/example_skip_dag.py
[2024-04-30T15:06:39.560+0200] {logging_mixin.py:188} INFO - [2024-04-30T15:06:39.560+0200] {dag.py:3096} INFO - Sync 1 DAGs
[2024-04-30T15:06:39.568+0200] {logging_mixin.py:188} INFO - [2024-04-30T15:06:39.568+0200] {dag.py:3954} INFO - Setting next_dagrun for example_skip_dag to 2024-04-29 00:00:00+00:00, run_after=2024-04-30 00:00:00+00:00
[2024-04-30T15:06:39.576+0200] {processor.py:183} INFO - Processing /Users/noejalabert/airflow_venv/lib/python3.11/site-packages/airflow/example_dags/example_skip_dag.py took 0.074 seconds
[2024-04-30T15:08:26.731+0200] {processor.py:161} INFO - Started process (PID=29274) to work on /Users/noejalabert/airflow_venv/lib/python3.11/site-packages/airflow/example_dags/example_skip_dag.py
[2024-04-30T15:08:26.731+0200] {processor.py:830} INFO - Processing file /Users/noejalabert/airflow_venv/lib/python3.11/site-packages/airflow/example_dags/example_skip_dag.py for tasks to queue
[2024-04-30T15:08:26.732+0200] {logging_mixin.py:188} INFO - [2024-04-30T15:08:26.732+0200] {dagbag.py:540} INFO - Filling up the DagBag from /Users/noejalabert/airflow_venv/lib/python3.11/site-packages/airflow/example_dags/example_skip_dag.py
[2024-04-30T15:08:26.735+0200] {processor.py:840} INFO - DAG(s) 'example_skip_dag' retrieved from /Users/noejalabert/airflow_venv/lib/python3.11/site-packages/airflow/example_dags/example_skip_dag.py
[2024-04-30T15:08:26.783+0200] {logging_mixin.py:188} INFO - [2024-04-30T15:08:26.782+0200] {dag.py:3096} INFO - Sync 1 DAGs
[2024-04-30T15:08:26.790+0200] {logging_mixin.py:188} INFO - [2024-04-30T15:08:26.790+0200] {dag.py:3954} INFO - Setting next_dagrun for example_skip_dag to 2024-04-29 00:00:00+00:00, run_after=2024-04-30 00:00:00+00:00
[2024-04-30T15:08:26.797+0200] {processor.py:183} INFO - Processing /Users/noejalabert/airflow_venv/lib/python3.11/site-packages/airflow/example_dags/example_skip_dag.py took 0.068 seconds
[2024-04-30T15:10:21.624+0200] {processor.py:161} INFO - Started process (PID=29346) to work on /Users/noejalabert/airflow_venv/lib/python3.11/site-packages/airflow/example_dags/example_skip_dag.py
[2024-04-30T15:10:21.624+0200] {processor.py:830} INFO - Processing file /Users/noejalabert/airflow_venv/lib/python3.11/site-packages/airflow/example_dags/example_skip_dag.py for tasks to queue
[2024-04-30T15:10:21.625+0200] {logging_mixin.py:188} INFO - [2024-04-30T15:10:21.625+0200] {dagbag.py:540} INFO - Filling up the DagBag from /Users/noejalabert/airflow_venv/lib/python3.11/site-packages/airflow/example_dags/example_skip_dag.py
[2024-04-30T15:10:21.628+0200] {processor.py:840} INFO - DAG(s) 'example_skip_dag' retrieved from /Users/noejalabert/airflow_venv/lib/python3.11/site-packages/airflow/example_dags/example_skip_dag.py
[2024-04-30T15:10:21.674+0200] {logging_mixin.py:188} INFO - [2024-04-30T15:10:21.674+0200] {dag.py:3096} INFO - Sync 1 DAGs
[2024-04-30T15:10:21.681+0200] {logging_mixin.py:188} INFO - [2024-04-30T15:10:21.681+0200] {dag.py:3954} INFO - Setting next_dagrun for example_skip_dag to 2024-04-29 00:00:00+00:00, run_after=2024-04-30 00:00:00+00:00
[2024-04-30T15:10:21.689+0200] {processor.py:183} INFO - Processing /Users/noejalabert/airflow_venv/lib/python3.11/site-packages/airflow/example_dags/example_skip_dag.py took 0.066 seconds
[2024-04-30T15:12:17.576+0200] {processor.py:161} INFO - Started process (PID=29423) to work on /Users/noejalabert/airflow_venv/lib/python3.11/site-packages/airflow/example_dags/example_skip_dag.py
[2024-04-30T15:12:17.576+0200] {processor.py:830} INFO - Processing file /Users/noejalabert/airflow_venv/lib/python3.11/site-packages/airflow/example_dags/example_skip_dag.py for tasks to queue
[2024-04-30T15:12:17.576+0200] {logging_mixin.py:188} INFO - [2024-04-30T15:12:17.576+0200] {dagbag.py:540} INFO - Filling up the DagBag from /Users/noejalabert/airflow_venv/lib/python3.11/site-packages/airflow/example_dags/example_skip_dag.py
[2024-04-30T15:12:17.580+0200] {processor.py:840} INFO - DAG(s) 'example_skip_dag' retrieved from /Users/noejalabert/airflow_venv/lib/python3.11/site-packages/airflow/example_dags/example_skip_dag.py
[2024-04-30T15:12:17.626+0200] {logging_mixin.py:188} INFO - [2024-04-30T15:12:17.626+0200] {dag.py:3096} INFO - Sync 1 DAGs
[2024-04-30T15:12:17.634+0200] {logging_mixin.py:188} INFO - [2024-04-30T15:12:17.634+0200] {dag.py:3954} INFO - Setting next_dagrun for example_skip_dag to 2024-04-29 00:00:00+00:00, run_after=2024-04-30 00:00:00+00:00
[2024-04-30T15:12:17.641+0200] {processor.py:183} INFO - Processing /Users/noejalabert/airflow_venv/lib/python3.11/site-packages/airflow/example_dags/example_skip_dag.py took 0.067 seconds
[2024-04-30T15:14:07.720+0200] {processor.py:161} INFO - Started process (PID=29494) to work on /Users/noejalabert/airflow_venv/lib/python3.11/site-packages/airflow/example_dags/example_skip_dag.py
[2024-04-30T15:14:07.720+0200] {processor.py:830} INFO - Processing file /Users/noejalabert/airflow_venv/lib/python3.11/site-packages/airflow/example_dags/example_skip_dag.py for tasks to queue
[2024-04-30T15:14:07.721+0200] {logging_mixin.py:188} INFO - [2024-04-30T15:14:07.720+0200] {dagbag.py:540} INFO - Filling up the DagBag from /Users/noejalabert/airflow_venv/lib/python3.11/site-packages/airflow/example_dags/example_skip_dag.py
[2024-04-30T15:14:07.724+0200] {processor.py:840} INFO - DAG(s) 'example_skip_dag' retrieved from /Users/noejalabert/airflow_venv/lib/python3.11/site-packages/airflow/example_dags/example_skip_dag.py
[2024-04-30T15:14:07.771+0200] {logging_mixin.py:188} INFO - [2024-04-30T15:14:07.771+0200] {dag.py:3096} INFO - Sync 1 DAGs
[2024-04-30T15:14:07.778+0200] {logging_mixin.py:188} INFO - [2024-04-30T15:14:07.778+0200] {dag.py:3954} INFO - Setting next_dagrun for example_skip_dag to 2024-04-29 00:00:00+00:00, run_after=2024-04-30 00:00:00+00:00
[2024-04-30T15:14:07.786+0200] {processor.py:183} INFO - Processing /Users/noejalabert/airflow_venv/lib/python3.11/site-packages/airflow/example_dags/example_skip_dag.py took 0.067 seconds
[2024-04-30T15:15:57.733+0200] {processor.py:161} INFO - Started process (PID=29565) to work on /Users/noejalabert/airflow_venv/lib/python3.11/site-packages/airflow/example_dags/example_skip_dag.py
[2024-04-30T15:15:57.733+0200] {processor.py:830} INFO - Processing file /Users/noejalabert/airflow_venv/lib/python3.11/site-packages/airflow/example_dags/example_skip_dag.py for tasks to queue
[2024-04-30T15:15:57.733+0200] {logging_mixin.py:188} INFO - [2024-04-30T15:15:57.733+0200] {dagbag.py:540} INFO - Filling up the DagBag from /Users/noejalabert/airflow_venv/lib/python3.11/site-packages/airflow/example_dags/example_skip_dag.py
[2024-04-30T15:15:57.737+0200] {processor.py:840} INFO - DAG(s) 'example_skip_dag' retrieved from /Users/noejalabert/airflow_venv/lib/python3.11/site-packages/airflow/example_dags/example_skip_dag.py
[2024-04-30T15:15:57.785+0200] {logging_mixin.py:188} INFO - [2024-04-30T15:15:57.785+0200] {dag.py:3096} INFO - Sync 1 DAGs
[2024-04-30T15:15:57.793+0200] {logging_mixin.py:188} INFO - [2024-04-30T15:15:57.793+0200] {dag.py:3954} INFO - Setting next_dagrun for example_skip_dag to 2024-04-29 00:00:00+00:00, run_after=2024-04-30 00:00:00+00:00
[2024-04-30T15:15:57.800+0200] {processor.py:183} INFO - Processing /Users/noejalabert/airflow_venv/lib/python3.11/site-packages/airflow/example_dags/example_skip_dag.py took 0.069 seconds
[2024-04-30T15:17:50.891+0200] {processor.py:161} INFO - Started process (PID=29712) to work on /Users/noejalabert/airflow_venv/lib/python3.11/site-packages/airflow/example_dags/example_skip_dag.py
[2024-04-30T15:17:50.892+0200] {processor.py:830} INFO - Processing file /Users/noejalabert/airflow_venv/lib/python3.11/site-packages/airflow/example_dags/example_skip_dag.py for tasks to queue
[2024-04-30T15:17:50.892+0200] {logging_mixin.py:188} INFO - [2024-04-30T15:17:50.892+0200] {dagbag.py:540} INFO - Filling up the DagBag from /Users/noejalabert/airflow_venv/lib/python3.11/site-packages/airflow/example_dags/example_skip_dag.py
[2024-04-30T15:17:50.896+0200] {processor.py:840} INFO - DAG(s) 'example_skip_dag' retrieved from /Users/noejalabert/airflow_venv/lib/python3.11/site-packages/airflow/example_dags/example_skip_dag.py
[2024-04-30T15:17:50.970+0200] {logging_mixin.py:188} INFO - [2024-04-30T15:17:50.970+0200] {dag.py:3096} INFO - Sync 1 DAGs
[2024-04-30T15:17:50.984+0200] {logging_mixin.py:188} INFO - [2024-04-30T15:17:50.983+0200] {dag.py:3954} INFO - Setting next_dagrun for example_skip_dag to 2024-04-29 00:00:00+00:00, run_after=2024-04-30 00:00:00+00:00
[2024-04-30T15:17:50.992+0200] {processor.py:183} INFO - Processing /Users/noejalabert/airflow_venv/lib/python3.11/site-packages/airflow/example_dags/example_skip_dag.py took 0.102 seconds
[2024-04-30T15:18:59.459+0200] {processor.py:161} INFO - Started process (PID=30027) to work on /Users/noejalabert/airflow_venv/lib/python3.11/site-packages/airflow/example_dags/example_skip_dag.py
[2024-04-30T15:18:59.459+0200] {processor.py:830} INFO - Processing file /Users/noejalabert/airflow_venv/lib/python3.11/site-packages/airflow/example_dags/example_skip_dag.py for tasks to queue
[2024-04-30T15:18:59.460+0200] {logging_mixin.py:188} INFO - [2024-04-30T15:18:59.460+0200] {dagbag.py:540} INFO - Filling up the DagBag from /Users/noejalabert/airflow_venv/lib/python3.11/site-packages/airflow/example_dags/example_skip_dag.py
[2024-04-30T15:18:59.464+0200] {processor.py:840} INFO - DAG(s) 'example_skip_dag' retrieved from /Users/noejalabert/airflow_venv/lib/python3.11/site-packages/airflow/example_dags/example_skip_dag.py
[2024-04-30T15:18:59.519+0200] {logging_mixin.py:188} INFO - [2024-04-30T15:18:59.519+0200] {dag.py:3096} INFO - Sync 1 DAGs
[2024-04-30T15:18:59.529+0200] {logging_mixin.py:188} INFO - [2024-04-30T15:18:59.529+0200] {dag.py:3954} INFO - Setting next_dagrun for example_skip_dag to 2024-04-29 00:00:00+00:00, run_after=2024-04-30 00:00:00+00:00
[2024-04-30T15:18:59.538+0200] {processor.py:183} INFO - Processing /Users/noejalabert/airflow_venv/lib/python3.11/site-packages/airflow/example_dags/example_skip_dag.py took 0.081 seconds
[2024-04-30T15:20:04.457+0200] {processor.py:161} INFO - Started process (PID=30199) to work on /Users/noejalabert/airflow_venv/lib/python3.11/site-packages/airflow/example_dags/example_skip_dag.py
[2024-04-30T15:20:04.458+0200] {processor.py:830} INFO - Processing file /Users/noejalabert/airflow_venv/lib/python3.11/site-packages/airflow/example_dags/example_skip_dag.py for tasks to queue
[2024-04-30T15:20:04.459+0200] {logging_mixin.py:188} INFO - [2024-04-30T15:20:04.459+0200] {dagbag.py:540} INFO - Filling up the DagBag from /Users/noejalabert/airflow_venv/lib/python3.11/site-packages/airflow/example_dags/example_skip_dag.py
[2024-04-30T15:20:04.462+0200] {processor.py:840} INFO - DAG(s) 'example_skip_dag' retrieved from /Users/noejalabert/airflow_venv/lib/python3.11/site-packages/airflow/example_dags/example_skip_dag.py
[2024-04-30T15:20:04.510+0200] {logging_mixin.py:188} INFO - [2024-04-30T15:20:04.510+0200] {dag.py:3096} INFO - Sync 1 DAGs
[2024-04-30T15:20:04.518+0200] {logging_mixin.py:188} INFO - [2024-04-30T15:20:04.517+0200] {dag.py:3954} INFO - Setting next_dagrun for example_skip_dag to 2024-04-29 00:00:00+00:00, run_after=2024-04-30 00:00:00+00:00
[2024-04-30T15:20:04.525+0200] {processor.py:183} INFO - Processing /Users/noejalabert/airflow_venv/lib/python3.11/site-packages/airflow/example_dags/example_skip_dag.py took 0.069 seconds
[2024-04-30T15:22:04.480+0200] {processor.py:161} INFO - Started process (PID=30286) to work on /Users/noejalabert/airflow_venv/lib/python3.11/site-packages/airflow/example_dags/example_skip_dag.py
[2024-04-30T15:22:04.481+0200] {processor.py:830} INFO - Processing file /Users/noejalabert/airflow_venv/lib/python3.11/site-packages/airflow/example_dags/example_skip_dag.py for tasks to queue
[2024-04-30T15:22:04.482+0200] {logging_mixin.py:188} INFO - [2024-04-30T15:22:04.481+0200] {dagbag.py:540} INFO - Filling up the DagBag from /Users/noejalabert/airflow_venv/lib/python3.11/site-packages/airflow/example_dags/example_skip_dag.py
[2024-04-30T15:22:04.485+0200] {processor.py:840} INFO - DAG(s) 'example_skip_dag' retrieved from /Users/noejalabert/airflow_venv/lib/python3.11/site-packages/airflow/example_dags/example_skip_dag.py
[2024-04-30T15:22:04.534+0200] {logging_mixin.py:188} INFO - [2024-04-30T15:22:04.534+0200] {dag.py:3096} INFO - Sync 1 DAGs
[2024-04-30T15:22:04.541+0200] {logging_mixin.py:188} INFO - [2024-04-30T15:22:04.541+0200] {dag.py:3954} INFO - Setting next_dagrun for example_skip_dag to 2024-04-29 00:00:00+00:00, run_after=2024-04-30 00:00:00+00:00
[2024-04-30T15:22:04.550+0200] {processor.py:183} INFO - Processing /Users/noejalabert/airflow_venv/lib/python3.11/site-packages/airflow/example_dags/example_skip_dag.py took 0.072 seconds
[2024-04-30T15:24:02.077+0200] {processor.py:161} INFO - Started process (PID=30383) to work on /Users/noejalabert/airflow_venv/lib/python3.11/site-packages/airflow/example_dags/example_skip_dag.py
[2024-04-30T15:24:02.078+0200] {processor.py:830} INFO - Processing file /Users/noejalabert/airflow_venv/lib/python3.11/site-packages/airflow/example_dags/example_skip_dag.py for tasks to queue
[2024-04-30T15:24:02.078+0200] {logging_mixin.py:188} INFO - [2024-04-30T15:24:02.078+0200] {dagbag.py:540} INFO - Filling up the DagBag from /Users/noejalabert/airflow_venv/lib/python3.11/site-packages/airflow/example_dags/example_skip_dag.py
[2024-04-30T15:24:02.081+0200] {processor.py:840} INFO - DAG(s) 'example_skip_dag' retrieved from /Users/noejalabert/airflow_venv/lib/python3.11/site-packages/airflow/example_dags/example_skip_dag.py
[2024-04-30T15:24:02.130+0200] {logging_mixin.py:188} INFO - [2024-04-30T15:24:02.130+0200] {dag.py:3096} INFO - Sync 1 DAGs
[2024-04-30T15:24:02.137+0200] {logging_mixin.py:188} INFO - [2024-04-30T15:24:02.137+0200] {dag.py:3954} INFO - Setting next_dagrun for example_skip_dag to 2024-04-29 00:00:00+00:00, run_after=2024-04-30 00:00:00+00:00
[2024-04-30T15:24:02.145+0200] {processor.py:183} INFO - Processing /Users/noejalabert/airflow_venv/lib/python3.11/site-packages/airflow/example_dags/example_skip_dag.py took 0.069 seconds
[2024-04-30T15:25:55.003+0200] {processor.py:161} INFO - Started process (PID=30491) to work on /Users/noejalabert/airflow_venv/lib/python3.11/site-packages/airflow/example_dags/example_skip_dag.py
[2024-04-30T15:25:55.005+0200] {processor.py:830} INFO - Processing file /Users/noejalabert/airflow_venv/lib/python3.11/site-packages/airflow/example_dags/example_skip_dag.py for tasks to queue
[2024-04-30T15:25:55.005+0200] {logging_mixin.py:188} INFO - [2024-04-30T15:25:55.005+0200] {dagbag.py:540} INFO - Filling up the DagBag from /Users/noejalabert/airflow_venv/lib/python3.11/site-packages/airflow/example_dags/example_skip_dag.py
[2024-04-30T15:25:55.008+0200] {processor.py:840} INFO - DAG(s) 'example_skip_dag' retrieved from /Users/noejalabert/airflow_venv/lib/python3.11/site-packages/airflow/example_dags/example_skip_dag.py
[2024-04-30T15:25:55.056+0200] {logging_mixin.py:188} INFO - [2024-04-30T15:25:55.055+0200] {dag.py:3096} INFO - Sync 1 DAGs
[2024-04-30T15:25:55.063+0200] {logging_mixin.py:188} INFO - [2024-04-30T15:25:55.063+0200] {dag.py:3954} INFO - Setting next_dagrun for example_skip_dag to 2024-04-29 00:00:00+00:00, run_after=2024-04-30 00:00:00+00:00
[2024-04-30T15:25:55.070+0200] {processor.py:183} INFO - Processing /Users/noejalabert/airflow_venv/lib/python3.11/site-packages/airflow/example_dags/example_skip_dag.py took 0.068 seconds
[2024-04-30T15:34:57.310+0200] {processor.py:161} INFO - Started process (PID=30637) to work on /Users/noejalabert/airflow_venv/lib/python3.11/site-packages/airflow/example_dags/example_skip_dag.py
[2024-04-30T15:34:57.310+0200] {processor.py:830} INFO - Processing file /Users/noejalabert/airflow_venv/lib/python3.11/site-packages/airflow/example_dags/example_skip_dag.py for tasks to queue
[2024-04-30T15:34:57.310+0200] {logging_mixin.py:188} INFO - [2024-04-30T15:34:57.310+0200] {dagbag.py:540} INFO - Filling up the DagBag from /Users/noejalabert/airflow_venv/lib/python3.11/site-packages/airflow/example_dags/example_skip_dag.py
[2024-04-30T15:34:57.314+0200] {processor.py:840} INFO - DAG(s) 'example_skip_dag' retrieved from /Users/noejalabert/airflow_venv/lib/python3.11/site-packages/airflow/example_dags/example_skip_dag.py
[2024-04-30T15:34:57.360+0200] {logging_mixin.py:188} INFO - [2024-04-30T15:34:57.360+0200] {dag.py:3096} INFO - Sync 1 DAGs
[2024-04-30T15:34:57.368+0200] {logging_mixin.py:188} INFO - [2024-04-30T15:34:57.368+0200] {dag.py:3954} INFO - Setting next_dagrun for example_skip_dag to 2024-04-29 00:00:00+00:00, run_after=2024-04-30 00:00:00+00:00
[2024-04-30T15:34:57.375+0200] {processor.py:183} INFO - Processing /Users/noejalabert/airflow_venv/lib/python3.11/site-packages/airflow/example_dags/example_skip_dag.py took 0.067 seconds
[2024-04-30T15:42:28.079+0200] {processor.py:161} INFO - Started process (PID=30738) to work on /Users/noejalabert/airflow_venv/lib/python3.11/site-packages/airflow/example_dags/example_skip_dag.py
[2024-04-30T15:42:28.080+0200] {processor.py:830} INFO - Processing file /Users/noejalabert/airflow_venv/lib/python3.11/site-packages/airflow/example_dags/example_skip_dag.py for tasks to queue
[2024-04-30T15:42:28.080+0200] {logging_mixin.py:188} INFO - [2024-04-30T15:42:28.080+0200] {dagbag.py:540} INFO - Filling up the DagBag from /Users/noejalabert/airflow_venv/lib/python3.11/site-packages/airflow/example_dags/example_skip_dag.py
[2024-04-30T15:42:28.083+0200] {processor.py:840} INFO - DAG(s) 'example_skip_dag' retrieved from /Users/noejalabert/airflow_venv/lib/python3.11/site-packages/airflow/example_dags/example_skip_dag.py
[2024-04-30T15:42:28.129+0200] {logging_mixin.py:188} INFO - [2024-04-30T15:42:28.129+0200] {dag.py:3096} INFO - Sync 1 DAGs
[2024-04-30T15:42:28.136+0200] {logging_mixin.py:188} INFO - [2024-04-30T15:42:28.136+0200] {dag.py:3954} INFO - Setting next_dagrun for example_skip_dag to 2024-04-29 00:00:00+00:00, run_after=2024-04-30 00:00:00+00:00
[2024-04-30T15:42:28.144+0200] {processor.py:183} INFO - Processing /Users/noejalabert/airflow_venv/lib/python3.11/site-packages/airflow/example_dags/example_skip_dag.py took 0.066 seconds
[2024-04-30T15:44:49.165+0200] {processor.py:161} INFO - Started process (PID=30825) to work on /Users/noejalabert/airflow_venv/lib/python3.11/site-packages/airflow/example_dags/example_skip_dag.py
[2024-04-30T15:44:49.167+0200] {processor.py:830} INFO - Processing file /Users/noejalabert/airflow_venv/lib/python3.11/site-packages/airflow/example_dags/example_skip_dag.py for tasks to queue
[2024-04-30T15:44:49.167+0200] {logging_mixin.py:188} INFO - [2024-04-30T15:44:49.167+0200] {dagbag.py:540} INFO - Filling up the DagBag from /Users/noejalabert/airflow_venv/lib/python3.11/site-packages/airflow/example_dags/example_skip_dag.py
[2024-04-30T15:44:49.170+0200] {processor.py:840} INFO - DAG(s) 'example_skip_dag' retrieved from /Users/noejalabert/airflow_venv/lib/python3.11/site-packages/airflow/example_dags/example_skip_dag.py
[2024-04-30T15:44:49.217+0200] {logging_mixin.py:188} INFO - [2024-04-30T15:44:49.217+0200] {dag.py:3096} INFO - Sync 1 DAGs
[2024-04-30T15:44:49.225+0200] {logging_mixin.py:188} INFO - [2024-04-30T15:44:49.225+0200] {dag.py:3954} INFO - Setting next_dagrun for example_skip_dag to 2024-04-29 00:00:00+00:00, run_after=2024-04-30 00:00:00+00:00
[2024-04-30T15:44:49.233+0200] {processor.py:183} INFO - Processing /Users/noejalabert/airflow_venv/lib/python3.11/site-packages/airflow/example_dags/example_skip_dag.py took 0.069 seconds
[2024-04-30T15:45:57.519+0200] {processor.py:161} INFO - Started process (PID=30869) to work on /Users/noejalabert/airflow_venv/lib/python3.11/site-packages/airflow/example_dags/example_skip_dag.py
[2024-04-30T15:45:57.519+0200] {processor.py:830} INFO - Processing file /Users/noejalabert/airflow_venv/lib/python3.11/site-packages/airflow/example_dags/example_skip_dag.py for tasks to queue
[2024-04-30T15:45:57.519+0200] {logging_mixin.py:188} INFO - [2024-04-30T15:45:57.519+0200] {dagbag.py:540} INFO - Filling up the DagBag from /Users/noejalabert/airflow_venv/lib/python3.11/site-packages/airflow/example_dags/example_skip_dag.py
[2024-04-30T15:45:57.523+0200] {processor.py:840} INFO - DAG(s) 'example_skip_dag' retrieved from /Users/noejalabert/airflow_venv/lib/python3.11/site-packages/airflow/example_dags/example_skip_dag.py
[2024-04-30T15:45:57.569+0200] {logging_mixin.py:188} INFO - [2024-04-30T15:45:57.569+0200] {dag.py:3096} INFO - Sync 1 DAGs
[2024-04-30T15:45:57.576+0200] {logging_mixin.py:188} INFO - [2024-04-30T15:45:57.576+0200] {dag.py:3954} INFO - Setting next_dagrun for example_skip_dag to 2024-04-29 00:00:00+00:00, run_after=2024-04-30 00:00:00+00:00
[2024-04-30T15:45:57.584+0200] {processor.py:183} INFO - Processing /Users/noejalabert/airflow_venv/lib/python3.11/site-packages/airflow/example_dags/example_skip_dag.py took 0.067 seconds
[2024-04-30T15:47:55.863+0200] {processor.py:161} INFO - Started process (PID=30944) to work on /Users/noejalabert/airflow_venv/lib/python3.11/site-packages/airflow/example_dags/example_skip_dag.py
[2024-04-30T15:47:55.864+0200] {processor.py:830} INFO - Processing file /Users/noejalabert/airflow_venv/lib/python3.11/site-packages/airflow/example_dags/example_skip_dag.py for tasks to queue
[2024-04-30T15:47:55.864+0200] {logging_mixin.py:188} INFO - [2024-04-30T15:47:55.864+0200] {dagbag.py:540} INFO - Filling up the DagBag from /Users/noejalabert/airflow_venv/lib/python3.11/site-packages/airflow/example_dags/example_skip_dag.py
[2024-04-30T15:47:55.868+0200] {processor.py:840} INFO - DAG(s) 'example_skip_dag' retrieved from /Users/noejalabert/airflow_venv/lib/python3.11/site-packages/airflow/example_dags/example_skip_dag.py
[2024-04-30T15:47:55.915+0200] {logging_mixin.py:188} INFO - [2024-04-30T15:47:55.914+0200] {dag.py:3096} INFO - Sync 1 DAGs
[2024-04-30T15:47:55.922+0200] {logging_mixin.py:188} INFO - [2024-04-30T15:47:55.922+0200] {dag.py:3954} INFO - Setting next_dagrun for example_skip_dag to 2024-04-29 00:00:00+00:00, run_after=2024-04-30 00:00:00+00:00
[2024-04-30T15:47:55.929+0200] {processor.py:183} INFO - Processing /Users/noejalabert/airflow_venv/lib/python3.11/site-packages/airflow/example_dags/example_skip_dag.py took 0.067 seconds
[2024-04-30T15:49:53.152+0200] {processor.py:161} INFO - Started process (PID=31035) to work on /Users/noejalabert/airflow_venv/lib/python3.11/site-packages/airflow/example_dags/example_skip_dag.py
[2024-04-30T15:49:53.152+0200] {processor.py:830} INFO - Processing file /Users/noejalabert/airflow_venv/lib/python3.11/site-packages/airflow/example_dags/example_skip_dag.py for tasks to queue
[2024-04-30T15:49:53.152+0200] {logging_mixin.py:188} INFO - [2024-04-30T15:49:53.152+0200] {dagbag.py:540} INFO - Filling up the DagBag from /Users/noejalabert/airflow_venv/lib/python3.11/site-packages/airflow/example_dags/example_skip_dag.py
[2024-04-30T15:49:53.156+0200] {processor.py:840} INFO - DAG(s) 'example_skip_dag' retrieved from /Users/noejalabert/airflow_venv/lib/python3.11/site-packages/airflow/example_dags/example_skip_dag.py
[2024-04-30T15:49:53.202+0200] {logging_mixin.py:188} INFO - [2024-04-30T15:49:53.202+0200] {dag.py:3096} INFO - Sync 1 DAGs
[2024-04-30T15:49:53.209+0200] {logging_mixin.py:188} INFO - [2024-04-30T15:49:53.209+0200] {dag.py:3954} INFO - Setting next_dagrun for example_skip_dag to 2024-04-29 00:00:00+00:00, run_after=2024-04-30 00:00:00+00:00
[2024-04-30T15:49:53.217+0200] {processor.py:183} INFO - Processing /Users/noejalabert/airflow_venv/lib/python3.11/site-packages/airflow/example_dags/example_skip_dag.py took 0.067 seconds
[2024-04-30T15:52:24.040+0200] {processor.py:161} INFO - Started process (PID=31109) to work on /Users/noejalabert/airflow_venv/lib/python3.11/site-packages/airflow/example_dags/example_skip_dag.py
[2024-04-30T15:52:24.041+0200] {processor.py:830} INFO - Processing file /Users/noejalabert/airflow_venv/lib/python3.11/site-packages/airflow/example_dags/example_skip_dag.py for tasks to queue
[2024-04-30T15:52:24.041+0200] {logging_mixin.py:188} INFO - [2024-04-30T15:52:24.041+0200] {dagbag.py:540} INFO - Filling up the DagBag from /Users/noejalabert/airflow_venv/lib/python3.11/site-packages/airflow/example_dags/example_skip_dag.py
[2024-04-30T15:52:24.044+0200] {processor.py:840} INFO - DAG(s) 'example_skip_dag' retrieved from /Users/noejalabert/airflow_venv/lib/python3.11/site-packages/airflow/example_dags/example_skip_dag.py
[2024-04-30T15:52:24.124+0200] {logging_mixin.py:188} INFO - [2024-04-30T15:52:24.124+0200] {dag.py:3096} INFO - Sync 1 DAGs
[2024-04-30T15:52:24.130+0200] {logging_mixin.py:188} INFO - [2024-04-30T15:52:24.130+0200] {dag.py:3954} INFO - Setting next_dagrun for example_skip_dag to 2024-04-29 00:00:00+00:00, run_after=2024-04-30 00:00:00+00:00
[2024-04-30T15:52:24.138+0200] {processor.py:183} INFO - Processing /Users/noejalabert/airflow_venv/lib/python3.11/site-packages/airflow/example_dags/example_skip_dag.py took 0.099 seconds
[2024-04-30T15:53:54.913+0200] {processor.py:161} INFO - Started process (PID=31174) to work on /Users/noejalabert/airflow_venv/lib/python3.11/site-packages/airflow/example_dags/example_skip_dag.py
[2024-04-30T15:53:54.914+0200] {processor.py:830} INFO - Processing file /Users/noejalabert/airflow_venv/lib/python3.11/site-packages/airflow/example_dags/example_skip_dag.py for tasks to queue
[2024-04-30T15:53:54.914+0200] {logging_mixin.py:188} INFO - [2024-04-30T15:53:54.914+0200] {dagbag.py:540} INFO - Filling up the DagBag from /Users/noejalabert/airflow_venv/lib/python3.11/site-packages/airflow/example_dags/example_skip_dag.py
[2024-04-30T15:53:54.917+0200] {processor.py:840} INFO - DAG(s) 'example_skip_dag' retrieved from /Users/noejalabert/airflow_venv/lib/python3.11/site-packages/airflow/example_dags/example_skip_dag.py
[2024-04-30T15:53:54.964+0200] {logging_mixin.py:188} INFO - [2024-04-30T15:53:54.964+0200] {dag.py:3096} INFO - Sync 1 DAGs
[2024-04-30T15:53:54.971+0200] {logging_mixin.py:188} INFO - [2024-04-30T15:53:54.971+0200] {dag.py:3954} INFO - Setting next_dagrun for example_skip_dag to 2024-04-29 00:00:00+00:00, run_after=2024-04-30 00:00:00+00:00
[2024-04-30T15:53:54.979+0200] {processor.py:183} INFO - Processing /Users/noejalabert/airflow_venv/lib/python3.11/site-packages/airflow/example_dags/example_skip_dag.py took 0.066 seconds
[2024-04-30T15:55:19.430+0200] {processor.py:161} INFO - Started process (PID=31237) to work on /Users/noejalabert/airflow_venv/lib/python3.11/site-packages/airflow/example_dags/example_skip_dag.py
[2024-04-30T15:55:19.430+0200] {processor.py:830} INFO - Processing file /Users/noejalabert/airflow_venv/lib/python3.11/site-packages/airflow/example_dags/example_skip_dag.py for tasks to queue
[2024-04-30T15:55:19.431+0200] {logging_mixin.py:188} INFO - [2024-04-30T15:55:19.431+0200] {dagbag.py:540} INFO - Filling up the DagBag from /Users/noejalabert/airflow_venv/lib/python3.11/site-packages/airflow/example_dags/example_skip_dag.py
[2024-04-30T15:55:19.434+0200] {processor.py:840} INFO - DAG(s) 'example_skip_dag' retrieved from /Users/noejalabert/airflow_venv/lib/python3.11/site-packages/airflow/example_dags/example_skip_dag.py
[2024-04-30T15:55:19.481+0200] {logging_mixin.py:188} INFO - [2024-04-30T15:55:19.481+0200] {dag.py:3096} INFO - Sync 1 DAGs
[2024-04-30T15:55:19.488+0200] {logging_mixin.py:188} INFO - [2024-04-30T15:55:19.488+0200] {dag.py:3954} INFO - Setting next_dagrun for example_skip_dag to 2024-04-29 00:00:00+00:00, run_after=2024-04-30 00:00:00+00:00
[2024-04-30T15:55:19.496+0200] {processor.py:183} INFO - Processing /Users/noejalabert/airflow_venv/lib/python3.11/site-packages/airflow/example_dags/example_skip_dag.py took 0.067 seconds
[2024-04-30T15:56:45.473+0200] {processor.py:161} INFO - Started process (PID=31296) to work on /Users/noejalabert/airflow_venv/lib/python3.11/site-packages/airflow/example_dags/example_skip_dag.py
[2024-04-30T15:56:45.474+0200] {processor.py:830} INFO - Processing file /Users/noejalabert/airflow_venv/lib/python3.11/site-packages/airflow/example_dags/example_skip_dag.py for tasks to queue
[2024-04-30T15:56:45.474+0200] {logging_mixin.py:188} INFO - [2024-04-30T15:56:45.474+0200] {dagbag.py:540} INFO - Filling up the DagBag from /Users/noejalabert/airflow_venv/lib/python3.11/site-packages/airflow/example_dags/example_skip_dag.py
[2024-04-30T15:56:45.477+0200] {processor.py:840} INFO - DAG(s) 'example_skip_dag' retrieved from /Users/noejalabert/airflow_venv/lib/python3.11/site-packages/airflow/example_dags/example_skip_dag.py
[2024-04-30T15:56:45.524+0200] {logging_mixin.py:188} INFO - [2024-04-30T15:56:45.524+0200] {dag.py:3096} INFO - Sync 1 DAGs
[2024-04-30T15:56:45.532+0200] {logging_mixin.py:188} INFO - [2024-04-30T15:56:45.532+0200] {dag.py:3954} INFO - Setting next_dagrun for example_skip_dag to 2024-04-29 00:00:00+00:00, run_after=2024-04-30 00:00:00+00:00
[2024-04-30T15:56:45.539+0200] {processor.py:183} INFO - Processing /Users/noejalabert/airflow_venv/lib/python3.11/site-packages/airflow/example_dags/example_skip_dag.py took 0.068 seconds
[2024-04-30T15:58:08.554+0200] {processor.py:161} INFO - Started process (PID=31375) to work on /Users/noejalabert/airflow_venv/lib/python3.11/site-packages/airflow/example_dags/example_skip_dag.py
[2024-04-30T15:58:08.555+0200] {processor.py:830} INFO - Processing file /Users/noejalabert/airflow_venv/lib/python3.11/site-packages/airflow/example_dags/example_skip_dag.py for tasks to queue
[2024-04-30T15:58:08.555+0200] {logging_mixin.py:188} INFO - [2024-04-30T15:58:08.555+0200] {dagbag.py:540} INFO - Filling up the DagBag from /Users/noejalabert/airflow_venv/lib/python3.11/site-packages/airflow/example_dags/example_skip_dag.py
[2024-04-30T15:58:08.558+0200] {processor.py:840} INFO - DAG(s) 'example_skip_dag' retrieved from /Users/noejalabert/airflow_venv/lib/python3.11/site-packages/airflow/example_dags/example_skip_dag.py
[2024-04-30T15:58:08.609+0200] {logging_mixin.py:188} INFO - [2024-04-30T15:58:08.609+0200] {dag.py:3096} INFO - Sync 1 DAGs
[2024-04-30T15:58:08.617+0200] {logging_mixin.py:188} INFO - [2024-04-30T15:58:08.617+0200] {dag.py:3954} INFO - Setting next_dagrun for example_skip_dag to 2024-04-29 00:00:00+00:00, run_after=2024-04-30 00:00:00+00:00
[2024-04-30T15:58:08.625+0200] {processor.py:183} INFO - Processing /Users/noejalabert/airflow_venv/lib/python3.11/site-packages/airflow/example_dags/example_skip_dag.py took 0.072 seconds
[2024-04-30T15:59:35.794+0200] {processor.py:161} INFO - Started process (PID=31647) to work on /Users/noejalabert/airflow_venv/lib/python3.11/site-packages/airflow/example_dags/example_skip_dag.py
[2024-04-30T15:59:35.796+0200] {processor.py:830} INFO - Processing file /Users/noejalabert/airflow_venv/lib/python3.11/site-packages/airflow/example_dags/example_skip_dag.py for tasks to queue
[2024-04-30T15:59:35.796+0200] {logging_mixin.py:188} INFO - [2024-04-30T15:59:35.796+0200] {dagbag.py:540} INFO - Filling up the DagBag from /Users/noejalabert/airflow_venv/lib/python3.11/site-packages/airflow/example_dags/example_skip_dag.py
[2024-04-30T15:59:35.799+0200] {processor.py:840} INFO - DAG(s) 'example_skip_dag' retrieved from /Users/noejalabert/airflow_venv/lib/python3.11/site-packages/airflow/example_dags/example_skip_dag.py
[2024-04-30T15:59:35.847+0200] {logging_mixin.py:188} INFO - [2024-04-30T15:59:35.847+0200] {dag.py:3096} INFO - Sync 1 DAGs
[2024-04-30T15:59:35.855+0200] {logging_mixin.py:188} INFO - [2024-04-30T15:59:35.855+0200] {dag.py:3954} INFO - Setting next_dagrun for example_skip_dag to 2024-04-29 00:00:00+00:00, run_after=2024-04-30 00:00:00+00:00
[2024-04-30T15:59:35.862+0200] {processor.py:183} INFO - Processing /Users/noejalabert/airflow_venv/lib/python3.11/site-packages/airflow/example_dags/example_skip_dag.py took 0.070 seconds
[2024-04-30T16:00:59.805+0200] {processor.py:161} INFO - Started process (PID=31716) to work on /Users/noejalabert/airflow_venv/lib/python3.11/site-packages/airflow/example_dags/example_skip_dag.py
[2024-04-30T16:00:59.807+0200] {processor.py:830} INFO - Processing file /Users/noejalabert/airflow_venv/lib/python3.11/site-packages/airflow/example_dags/example_skip_dag.py for tasks to queue
[2024-04-30T16:00:59.807+0200] {logging_mixin.py:188} INFO - [2024-04-30T16:00:59.807+0200] {dagbag.py:540} INFO - Filling up the DagBag from /Users/noejalabert/airflow_venv/lib/python3.11/site-packages/airflow/example_dags/example_skip_dag.py
[2024-04-30T16:00:59.810+0200] {processor.py:840} INFO - DAG(s) 'example_skip_dag' retrieved from /Users/noejalabert/airflow_venv/lib/python3.11/site-packages/airflow/example_dags/example_skip_dag.py
[2024-04-30T16:00:59.858+0200] {logging_mixin.py:188} INFO - [2024-04-30T16:00:59.857+0200] {dag.py:3096} INFO - Sync 1 DAGs
[2024-04-30T16:00:59.865+0200] {logging_mixin.py:188} INFO - [2024-04-30T16:00:59.865+0200] {dag.py:3954} INFO - Setting next_dagrun for example_skip_dag to 2024-04-29 00:00:00+00:00, run_after=2024-04-30 00:00:00+00:00
[2024-04-30T16:00:59.872+0200] {processor.py:183} INFO - Processing /Users/noejalabert/airflow_venv/lib/python3.11/site-packages/airflow/example_dags/example_skip_dag.py took 0.068 seconds
[2024-04-30T16:02:23.128+0200] {processor.py:161} INFO - Started process (PID=31776) to work on /Users/noejalabert/airflow_venv/lib/python3.11/site-packages/airflow/example_dags/example_skip_dag.py
[2024-04-30T16:02:23.130+0200] {processor.py:830} INFO - Processing file /Users/noejalabert/airflow_venv/lib/python3.11/site-packages/airflow/example_dags/example_skip_dag.py for tasks to queue
[2024-04-30T16:02:23.130+0200] {logging_mixin.py:188} INFO - [2024-04-30T16:02:23.130+0200] {dagbag.py:540} INFO - Filling up the DagBag from /Users/noejalabert/airflow_venv/lib/python3.11/site-packages/airflow/example_dags/example_skip_dag.py
[2024-04-30T16:02:23.133+0200] {processor.py:840} INFO - DAG(s) 'example_skip_dag' retrieved from /Users/noejalabert/airflow_venv/lib/python3.11/site-packages/airflow/example_dags/example_skip_dag.py
[2024-04-30T16:02:23.181+0200] {logging_mixin.py:188} INFO - [2024-04-30T16:02:23.180+0200] {dag.py:3096} INFO - Sync 1 DAGs
[2024-04-30T16:02:23.188+0200] {logging_mixin.py:188} INFO - [2024-04-30T16:02:23.188+0200] {dag.py:3954} INFO - Setting next_dagrun for example_skip_dag to 2024-04-29 00:00:00+00:00, run_after=2024-04-30 00:00:00+00:00
[2024-04-30T16:02:23.195+0200] {processor.py:183} INFO - Processing /Users/noejalabert/airflow_venv/lib/python3.11/site-packages/airflow/example_dags/example_skip_dag.py took 0.069 seconds
[2024-04-30T16:03:50.470+0200] {processor.py:161} INFO - Started process (PID=31837) to work on /Users/noejalabert/airflow_venv/lib/python3.11/site-packages/airflow/example_dags/example_skip_dag.py
[2024-04-30T16:03:50.471+0200] {processor.py:830} INFO - Processing file /Users/noejalabert/airflow_venv/lib/python3.11/site-packages/airflow/example_dags/example_skip_dag.py for tasks to queue
[2024-04-30T16:03:50.472+0200] {logging_mixin.py:188} INFO - [2024-04-30T16:03:50.472+0200] {dagbag.py:540} INFO - Filling up the DagBag from /Users/noejalabert/airflow_venv/lib/python3.11/site-packages/airflow/example_dags/example_skip_dag.py
[2024-04-30T16:03:50.475+0200] {processor.py:840} INFO - DAG(s) 'example_skip_dag' retrieved from /Users/noejalabert/airflow_venv/lib/python3.11/site-packages/airflow/example_dags/example_skip_dag.py
[2024-04-30T16:03:50.527+0200] {logging_mixin.py:188} INFO - [2024-04-30T16:03:50.527+0200] {dag.py:3096} INFO - Sync 1 DAGs
[2024-04-30T16:03:50.534+0200] {logging_mixin.py:188} INFO - [2024-04-30T16:03:50.534+0200] {dag.py:3954} INFO - Setting next_dagrun for example_skip_dag to 2024-04-29 00:00:00+00:00, run_after=2024-04-30 00:00:00+00:00
[2024-04-30T16:03:50.541+0200] {processor.py:183} INFO - Processing /Users/noejalabert/airflow_venv/lib/python3.11/site-packages/airflow/example_dags/example_skip_dag.py took 0.072 seconds
[2024-04-30T16:05:13.175+0200] {processor.py:161} INFO - Started process (PID=31904) to work on /Users/noejalabert/airflow_venv/lib/python3.11/site-packages/airflow/example_dags/example_skip_dag.py
[2024-04-30T16:05:13.176+0200] {processor.py:830} INFO - Processing file /Users/noejalabert/airflow_venv/lib/python3.11/site-packages/airflow/example_dags/example_skip_dag.py for tasks to queue
[2024-04-30T16:05:13.177+0200] {logging_mixin.py:188} INFO - [2024-04-30T16:05:13.176+0200] {dagbag.py:540} INFO - Filling up the DagBag from /Users/noejalabert/airflow_venv/lib/python3.11/site-packages/airflow/example_dags/example_skip_dag.py
[2024-04-30T16:05:13.180+0200] {processor.py:840} INFO - DAG(s) 'example_skip_dag' retrieved from /Users/noejalabert/airflow_venv/lib/python3.11/site-packages/airflow/example_dags/example_skip_dag.py
[2024-04-30T16:05:13.227+0200] {logging_mixin.py:188} INFO - [2024-04-30T16:05:13.227+0200] {dag.py:3096} INFO - Sync 1 DAGs
[2024-04-30T16:05:13.234+0200] {logging_mixin.py:188} INFO - [2024-04-30T16:05:13.234+0200] {dag.py:3954} INFO - Setting next_dagrun for example_skip_dag to 2024-04-29 00:00:00+00:00, run_after=2024-04-30 00:00:00+00:00
[2024-04-30T16:05:13.242+0200] {processor.py:183} INFO - Processing /Users/noejalabert/airflow_venv/lib/python3.11/site-packages/airflow/example_dags/example_skip_dag.py took 0.068 seconds
[2024-04-30T16:08:15.106+0200] {processor.py:161} INFO - Started process (PID=31994) to work on /Users/noejalabert/airflow_venv/lib/python3.11/site-packages/airflow/example_dags/example_skip_dag.py
[2024-04-30T16:08:15.107+0200] {processor.py:830} INFO - Processing file /Users/noejalabert/airflow_venv/lib/python3.11/site-packages/airflow/example_dags/example_skip_dag.py for tasks to queue
[2024-04-30T16:08:15.107+0200] {logging_mixin.py:188} INFO - [2024-04-30T16:08:15.107+0200] {dagbag.py:540} INFO - Filling up the DagBag from /Users/noejalabert/airflow_venv/lib/python3.11/site-packages/airflow/example_dags/example_skip_dag.py
[2024-04-30T16:08:15.111+0200] {processor.py:840} INFO - DAG(s) 'example_skip_dag' retrieved from /Users/noejalabert/airflow_venv/lib/python3.11/site-packages/airflow/example_dags/example_skip_dag.py
[2024-04-30T16:08:15.158+0200] {logging_mixin.py:188} INFO - [2024-04-30T16:08:15.158+0200] {dag.py:3096} INFO - Sync 1 DAGs
[2024-04-30T16:08:15.166+0200] {logging_mixin.py:188} INFO - [2024-04-30T16:08:15.166+0200] {dag.py:3954} INFO - Setting next_dagrun for example_skip_dag to 2024-04-29 00:00:00+00:00, run_after=2024-04-30 00:00:00+00:00
[2024-04-30T16:08:15.173+0200] {processor.py:183} INFO - Processing /Users/noejalabert/airflow_venv/lib/python3.11/site-packages/airflow/example_dags/example_skip_dag.py took 0.068 seconds
[2024-04-30T16:09:37.825+0200] {processor.py:161} INFO - Started process (PID=32068) to work on /Users/noejalabert/airflow_venv/lib/python3.11/site-packages/airflow/example_dags/example_skip_dag.py
[2024-04-30T16:09:37.825+0200] {processor.py:830} INFO - Processing file /Users/noejalabert/airflow_venv/lib/python3.11/site-packages/airflow/example_dags/example_skip_dag.py for tasks to queue
[2024-04-30T16:09:37.826+0200] {logging_mixin.py:188} INFO - [2024-04-30T16:09:37.825+0200] {dagbag.py:540} INFO - Filling up the DagBag from /Users/noejalabert/airflow_venv/lib/python3.11/site-packages/airflow/example_dags/example_skip_dag.py
[2024-04-30T16:09:37.829+0200] {processor.py:840} INFO - DAG(s) 'example_skip_dag' retrieved from /Users/noejalabert/airflow_venv/lib/python3.11/site-packages/airflow/example_dags/example_skip_dag.py
[2024-04-30T16:09:37.876+0200] {logging_mixin.py:188} INFO - [2024-04-30T16:09:37.875+0200] {dag.py:3096} INFO - Sync 1 DAGs
[2024-04-30T16:09:37.883+0200] {logging_mixin.py:188} INFO - [2024-04-30T16:09:37.883+0200] {dag.py:3954} INFO - Setting next_dagrun for example_skip_dag to 2024-04-29 00:00:00+00:00, run_after=2024-04-30 00:00:00+00:00
[2024-04-30T16:09:37.890+0200] {processor.py:183} INFO - Processing /Users/noejalabert/airflow_venv/lib/python3.11/site-packages/airflow/example_dags/example_skip_dag.py took 0.067 seconds
[2024-04-30T16:11:01.039+0200] {processor.py:161} INFO - Started process (PID=32135) to work on /Users/noejalabert/airflow_venv/lib/python3.11/site-packages/airflow/example_dags/example_skip_dag.py
[2024-04-30T16:11:01.040+0200] {processor.py:830} INFO - Processing file /Users/noejalabert/airflow_venv/lib/python3.11/site-packages/airflow/example_dags/example_skip_dag.py for tasks to queue
[2024-04-30T16:11:01.040+0200] {logging_mixin.py:188} INFO - [2024-04-30T16:11:01.040+0200] {dagbag.py:540} INFO - Filling up the DagBag from /Users/noejalabert/airflow_venv/lib/python3.11/site-packages/airflow/example_dags/example_skip_dag.py
[2024-04-30T16:11:01.043+0200] {processor.py:840} INFO - DAG(s) 'example_skip_dag' retrieved from /Users/noejalabert/airflow_venv/lib/python3.11/site-packages/airflow/example_dags/example_skip_dag.py
[2024-04-30T16:11:01.090+0200] {logging_mixin.py:188} INFO - [2024-04-30T16:11:01.090+0200] {dag.py:3096} INFO - Sync 1 DAGs
[2024-04-30T16:11:01.098+0200] {logging_mixin.py:188} INFO - [2024-04-30T16:11:01.098+0200] {dag.py:3954} INFO - Setting next_dagrun for example_skip_dag to 2024-04-29 00:00:00+00:00, run_after=2024-04-30 00:00:00+00:00
[2024-04-30T16:11:01.106+0200] {processor.py:183} INFO - Processing /Users/noejalabert/airflow_venv/lib/python3.11/site-packages/airflow/example_dags/example_skip_dag.py took 0.068 seconds
[2024-04-30T16:12:28.987+0200] {processor.py:161} INFO - Started process (PID=32208) to work on /Users/noejalabert/airflow_venv/lib/python3.11/site-packages/airflow/example_dags/example_skip_dag.py
[2024-04-30T16:12:28.988+0200] {processor.py:830} INFO - Processing file /Users/noejalabert/airflow_venv/lib/python3.11/site-packages/airflow/example_dags/example_skip_dag.py for tasks to queue
[2024-04-30T16:12:28.989+0200] {logging_mixin.py:188} INFO - [2024-04-30T16:12:28.988+0200] {dagbag.py:540} INFO - Filling up the DagBag from /Users/noejalabert/airflow_venv/lib/python3.11/site-packages/airflow/example_dags/example_skip_dag.py
[2024-04-30T16:12:28.992+0200] {processor.py:840} INFO - DAG(s) 'example_skip_dag' retrieved from /Users/noejalabert/airflow_venv/lib/python3.11/site-packages/airflow/example_dags/example_skip_dag.py
[2024-04-30T16:12:29.039+0200] {logging_mixin.py:188} INFO - [2024-04-30T16:12:29.039+0200] {dag.py:3096} INFO - Sync 1 DAGs
[2024-04-30T16:12:29.047+0200] {logging_mixin.py:188} INFO - [2024-04-30T16:12:29.046+0200] {dag.py:3954} INFO - Setting next_dagrun for example_skip_dag to 2024-04-29 00:00:00+00:00, run_after=2024-04-30 00:00:00+00:00
[2024-04-30T16:12:29.054+0200] {processor.py:183} INFO - Processing /Users/noejalabert/airflow_venv/lib/python3.11/site-packages/airflow/example_dags/example_skip_dag.py took 0.068 seconds
[2024-04-30T16:13:52.652+0200] {processor.py:161} INFO - Started process (PID=32266) to work on /Users/noejalabert/airflow_venv/lib/python3.11/site-packages/airflow/example_dags/example_skip_dag.py
[2024-04-30T16:13:52.652+0200] {processor.py:830} INFO - Processing file /Users/noejalabert/airflow_venv/lib/python3.11/site-packages/airflow/example_dags/example_skip_dag.py for tasks to queue
[2024-04-30T16:13:52.653+0200] {logging_mixin.py:188} INFO - [2024-04-30T16:13:52.653+0200] {dagbag.py:540} INFO - Filling up the DagBag from /Users/noejalabert/airflow_venv/lib/python3.11/site-packages/airflow/example_dags/example_skip_dag.py
[2024-04-30T16:13:52.656+0200] {processor.py:840} INFO - DAG(s) 'example_skip_dag' retrieved from /Users/noejalabert/airflow_venv/lib/python3.11/site-packages/airflow/example_dags/example_skip_dag.py
[2024-04-30T16:13:52.703+0200] {logging_mixin.py:188} INFO - [2024-04-30T16:13:52.703+0200] {dag.py:3096} INFO - Sync 1 DAGs
[2024-04-30T16:13:52.710+0200] {logging_mixin.py:188} INFO - [2024-04-30T16:13:52.710+0200] {dag.py:3954} INFO - Setting next_dagrun for example_skip_dag to 2024-04-29 00:00:00+00:00, run_after=2024-04-30 00:00:00+00:00
[2024-04-30T16:13:52.718+0200] {processor.py:183} INFO - Processing /Users/noejalabert/airflow_venv/lib/python3.11/site-packages/airflow/example_dags/example_skip_dag.py took 0.067 seconds
[2024-04-30T16:15:18.928+0200] {processor.py:161} INFO - Started process (PID=32331) to work on /Users/noejalabert/airflow_venv/lib/python3.11/site-packages/airflow/example_dags/example_skip_dag.py
[2024-04-30T16:15:18.930+0200] {processor.py:830} INFO - Processing file /Users/noejalabert/airflow_venv/lib/python3.11/site-packages/airflow/example_dags/example_skip_dag.py for tasks to queue
[2024-04-30T16:15:18.930+0200] {logging_mixin.py:188} INFO - [2024-04-30T16:15:18.930+0200] {dagbag.py:540} INFO - Filling up the DagBag from /Users/noejalabert/airflow_venv/lib/python3.11/site-packages/airflow/example_dags/example_skip_dag.py
[2024-04-30T16:15:18.933+0200] {processor.py:840} INFO - DAG(s) 'example_skip_dag' retrieved from /Users/noejalabert/airflow_venv/lib/python3.11/site-packages/airflow/example_dags/example_skip_dag.py
[2024-04-30T16:15:18.982+0200] {logging_mixin.py:188} INFO - [2024-04-30T16:15:18.982+0200] {dag.py:3096} INFO - Sync 1 DAGs
[2024-04-30T16:15:18.990+0200] {logging_mixin.py:188} INFO - [2024-04-30T16:15:18.990+0200] {dag.py:3954} INFO - Setting next_dagrun for example_skip_dag to 2024-04-29 00:00:00+00:00, run_after=2024-04-30 00:00:00+00:00
[2024-04-30T16:15:18.998+0200] {processor.py:183} INFO - Processing /Users/noejalabert/airflow_venv/lib/python3.11/site-packages/airflow/example_dags/example_skip_dag.py took 0.071 seconds
[2024-04-30T16:16:43.205+0200] {processor.py:161} INFO - Started process (PID=32398) to work on /Users/noejalabert/airflow_venv/lib/python3.11/site-packages/airflow/example_dags/example_skip_dag.py
[2024-04-30T16:16:43.205+0200] {processor.py:830} INFO - Processing file /Users/noejalabert/airflow_venv/lib/python3.11/site-packages/airflow/example_dags/example_skip_dag.py for tasks to queue
[2024-04-30T16:16:43.206+0200] {logging_mixin.py:188} INFO - [2024-04-30T16:16:43.206+0200] {dagbag.py:540} INFO - Filling up the DagBag from /Users/noejalabert/airflow_venv/lib/python3.11/site-packages/airflow/example_dags/example_skip_dag.py
[2024-04-30T16:16:43.209+0200] {processor.py:840} INFO - DAG(s) 'example_skip_dag' retrieved from /Users/noejalabert/airflow_venv/lib/python3.11/site-packages/airflow/example_dags/example_skip_dag.py
[2024-04-30T16:16:43.256+0200] {logging_mixin.py:188} INFO - [2024-04-30T16:16:43.256+0200] {dag.py:3096} INFO - Sync 1 DAGs
[2024-04-30T16:16:43.263+0200] {logging_mixin.py:188} INFO - [2024-04-30T16:16:43.263+0200] {dag.py:3954} INFO - Setting next_dagrun for example_skip_dag to 2024-04-29 00:00:00+00:00, run_after=2024-04-30 00:00:00+00:00
[2024-04-30T16:16:43.271+0200] {processor.py:183} INFO - Processing /Users/noejalabert/airflow_venv/lib/python3.11/site-packages/airflow/example_dags/example_skip_dag.py took 0.067 seconds
[2024-04-30T16:18:06.749+0200] {processor.py:161} INFO - Started process (PID=32470) to work on /Users/noejalabert/airflow_venv/lib/python3.11/site-packages/airflow/example_dags/example_skip_dag.py
[2024-04-30T16:18:06.750+0200] {processor.py:830} INFO - Processing file /Users/noejalabert/airflow_venv/lib/python3.11/site-packages/airflow/example_dags/example_skip_dag.py for tasks to queue
[2024-04-30T16:18:06.750+0200] {logging_mixin.py:188} INFO - [2024-04-30T16:18:06.750+0200] {dagbag.py:540} INFO - Filling up the DagBag from /Users/noejalabert/airflow_venv/lib/python3.11/site-packages/airflow/example_dags/example_skip_dag.py
[2024-04-30T16:18:06.753+0200] {processor.py:840} INFO - DAG(s) 'example_skip_dag' retrieved from /Users/noejalabert/airflow_venv/lib/python3.11/site-packages/airflow/example_dags/example_skip_dag.py
[2024-04-30T16:18:06.800+0200] {logging_mixin.py:188} INFO - [2024-04-30T16:18:06.800+0200] {dag.py:3096} INFO - Sync 1 DAGs
[2024-04-30T16:18:06.808+0200] {logging_mixin.py:188} INFO - [2024-04-30T16:18:06.808+0200] {dag.py:3954} INFO - Setting next_dagrun for example_skip_dag to 2024-04-29 00:00:00+00:00, run_after=2024-04-30 00:00:00+00:00
[2024-04-30T16:18:06.815+0200] {processor.py:183} INFO - Processing /Users/noejalabert/airflow_venv/lib/python3.11/site-packages/airflow/example_dags/example_skip_dag.py took 0.067 seconds
[2024-04-30T16:19:29.245+0200] {processor.py:161} INFO - Started process (PID=32529) to work on /Users/noejalabert/airflow_venv/lib/python3.11/site-packages/airflow/example_dags/example_skip_dag.py
[2024-04-30T16:19:29.246+0200] {processor.py:830} INFO - Processing file /Users/noejalabert/airflow_venv/lib/python3.11/site-packages/airflow/example_dags/example_skip_dag.py for tasks to queue
[2024-04-30T16:19:29.246+0200] {logging_mixin.py:188} INFO - [2024-04-30T16:19:29.246+0200] {dagbag.py:540} INFO - Filling up the DagBag from /Users/noejalabert/airflow_venv/lib/python3.11/site-packages/airflow/example_dags/example_skip_dag.py
[2024-04-30T16:19:29.249+0200] {processor.py:840} INFO - DAG(s) 'example_skip_dag' retrieved from /Users/noejalabert/airflow_venv/lib/python3.11/site-packages/airflow/example_dags/example_skip_dag.py
[2024-04-30T16:19:29.297+0200] {logging_mixin.py:188} INFO - [2024-04-30T16:19:29.297+0200] {dag.py:3096} INFO - Sync 1 DAGs
[2024-04-30T16:19:29.304+0200] {logging_mixin.py:188} INFO - [2024-04-30T16:19:29.304+0200] {dag.py:3954} INFO - Setting next_dagrun for example_skip_dag to 2024-04-29 00:00:00+00:00, run_after=2024-04-30 00:00:00+00:00
[2024-04-30T16:19:29.311+0200] {processor.py:183} INFO - Processing /Users/noejalabert/airflow_venv/lib/python3.11/site-packages/airflow/example_dags/example_skip_dag.py took 0.068 seconds
[2024-04-30T16:20:47.509+0200] {processor.py:161} INFO - Started process (PID=32586) to work on /Users/noejalabert/airflow_venv/lib/python3.11/site-packages/airflow/example_dags/example_skip_dag.py
[2024-04-30T16:20:47.509+0200] {processor.py:830} INFO - Processing file /Users/noejalabert/airflow_venv/lib/python3.11/site-packages/airflow/example_dags/example_skip_dag.py for tasks to queue
[2024-04-30T16:20:47.510+0200] {logging_mixin.py:188} INFO - [2024-04-30T16:20:47.510+0200] {dagbag.py:540} INFO - Filling up the DagBag from /Users/noejalabert/airflow_venv/lib/python3.11/site-packages/airflow/example_dags/example_skip_dag.py
[2024-04-30T16:20:47.513+0200] {processor.py:840} INFO - DAG(s) 'example_skip_dag' retrieved from /Users/noejalabert/airflow_venv/lib/python3.11/site-packages/airflow/example_dags/example_skip_dag.py
[2024-04-30T16:20:47.560+0200] {logging_mixin.py:188} INFO - [2024-04-30T16:20:47.560+0200] {dag.py:3096} INFO - Sync 1 DAGs
[2024-04-30T16:20:47.568+0200] {logging_mixin.py:188} INFO - [2024-04-30T16:20:47.568+0200] {dag.py:3954} INFO - Setting next_dagrun for example_skip_dag to 2024-04-29 00:00:00+00:00, run_after=2024-04-30 00:00:00+00:00
[2024-04-30T16:20:47.575+0200] {processor.py:183} INFO - Processing /Users/noejalabert/airflow_venv/lib/python3.11/site-packages/airflow/example_dags/example_skip_dag.py took 0.068 seconds
[2024-04-30T16:22:33.273+0200] {processor.py:161} INFO - Started process (PID=32674) to work on /Users/noejalabert/airflow_venv/lib/python3.11/site-packages/airflow/example_dags/example_skip_dag.py
[2024-04-30T16:22:33.274+0200] {processor.py:830} INFO - Processing file /Users/noejalabert/airflow_venv/lib/python3.11/site-packages/airflow/example_dags/example_skip_dag.py for tasks to queue
[2024-04-30T16:22:33.274+0200] {logging_mixin.py:188} INFO - [2024-04-30T16:22:33.274+0200] {dagbag.py:540} INFO - Filling up the DagBag from /Users/noejalabert/airflow_venv/lib/python3.11/site-packages/airflow/example_dags/example_skip_dag.py
[2024-04-30T16:22:33.278+0200] {processor.py:840} INFO - DAG(s) 'example_skip_dag' retrieved from /Users/noejalabert/airflow_venv/lib/python3.11/site-packages/airflow/example_dags/example_skip_dag.py
[2024-04-30T16:22:33.325+0200] {logging_mixin.py:188} INFO - [2024-04-30T16:22:33.324+0200] {dag.py:3096} INFO - Sync 1 DAGs
[2024-04-30T16:22:33.332+0200] {logging_mixin.py:188} INFO - [2024-04-30T16:22:33.332+0200] {dag.py:3954} INFO - Setting next_dagrun for example_skip_dag to 2024-04-29 00:00:00+00:00, run_after=2024-04-30 00:00:00+00:00
[2024-04-30T16:22:33.340+0200] {processor.py:183} INFO - Processing /Users/noejalabert/airflow_venv/lib/python3.11/site-packages/airflow/example_dags/example_skip_dag.py took 0.068 seconds
[2024-04-30T16:24:00.496+0200] {processor.py:161} INFO - Started process (PID=32764) to work on /Users/noejalabert/airflow_venv/lib/python3.11/site-packages/airflow/example_dags/example_skip_dag.py
[2024-04-30T16:24:00.496+0200] {processor.py:830} INFO - Processing file /Users/noejalabert/airflow_venv/lib/python3.11/site-packages/airflow/example_dags/example_skip_dag.py for tasks to queue
[2024-04-30T16:24:00.497+0200] {logging_mixin.py:188} INFO - [2024-04-30T16:24:00.497+0200] {dagbag.py:540} INFO - Filling up the DagBag from /Users/noejalabert/airflow_venv/lib/python3.11/site-packages/airflow/example_dags/example_skip_dag.py
[2024-04-30T16:24:00.524+0200] {processor.py:840} INFO - DAG(s) 'example_skip_dag' retrieved from /Users/noejalabert/airflow_venv/lib/python3.11/site-packages/airflow/example_dags/example_skip_dag.py
[2024-04-30T16:24:00.582+0200] {logging_mixin.py:188} INFO - [2024-04-30T16:24:00.582+0200] {dag.py:3096} INFO - Sync 1 DAGs
[2024-04-30T16:24:00.590+0200] {logging_mixin.py:188} INFO - [2024-04-30T16:24:00.590+0200] {dag.py:3954} INFO - Setting next_dagrun for example_skip_dag to 2024-04-29 00:00:00+00:00, run_after=2024-04-30 00:00:00+00:00
[2024-04-30T16:24:00.598+0200] {processor.py:183} INFO - Processing /Users/noejalabert/airflow_venv/lib/python3.11/site-packages/airflow/example_dags/example_skip_dag.py took 0.104 seconds
[2024-04-30T16:25:23.232+0200] {processor.py:161} INFO - Started process (PID=32831) to work on /Users/noejalabert/airflow_venv/lib/python3.11/site-packages/airflow/example_dags/example_skip_dag.py
[2024-04-30T16:25:23.232+0200] {processor.py:830} INFO - Processing file /Users/noejalabert/airflow_venv/lib/python3.11/site-packages/airflow/example_dags/example_skip_dag.py for tasks to queue
[2024-04-30T16:25:23.233+0200] {logging_mixin.py:188} INFO - [2024-04-30T16:25:23.232+0200] {dagbag.py:540} INFO - Filling up the DagBag from /Users/noejalabert/airflow_venv/lib/python3.11/site-packages/airflow/example_dags/example_skip_dag.py
[2024-04-30T16:25:23.236+0200] {processor.py:840} INFO - DAG(s) 'example_skip_dag' retrieved from /Users/noejalabert/airflow_venv/lib/python3.11/site-packages/airflow/example_dags/example_skip_dag.py
[2024-04-30T16:25:23.283+0200] {logging_mixin.py:188} INFO - [2024-04-30T16:25:23.283+0200] {dag.py:3096} INFO - Sync 1 DAGs
[2024-04-30T16:25:23.290+0200] {logging_mixin.py:188} INFO - [2024-04-30T16:25:23.290+0200] {dag.py:3954} INFO - Setting next_dagrun for example_skip_dag to 2024-04-29 00:00:00+00:00, run_after=2024-04-30 00:00:00+00:00
[2024-04-30T16:25:23.300+0200] {processor.py:183} INFO - Processing /Users/noejalabert/airflow_venv/lib/python3.11/site-packages/airflow/example_dags/example_skip_dag.py took 0.069 seconds
[2024-04-30T16:26:45.127+0200] {processor.py:161} INFO - Started process (PID=32890) to work on /Users/noejalabert/airflow_venv/lib/python3.11/site-packages/airflow/example_dags/example_skip_dag.py
[2024-04-30T16:26:45.128+0200] {processor.py:830} INFO - Processing file /Users/noejalabert/airflow_venv/lib/python3.11/site-packages/airflow/example_dags/example_skip_dag.py for tasks to queue
[2024-04-30T16:26:45.128+0200] {logging_mixin.py:188} INFO - [2024-04-30T16:26:45.128+0200] {dagbag.py:540} INFO - Filling up the DagBag from /Users/noejalabert/airflow_venv/lib/python3.11/site-packages/airflow/example_dags/example_skip_dag.py
[2024-04-30T16:26:45.131+0200] {processor.py:840} INFO - DAG(s) 'example_skip_dag' retrieved from /Users/noejalabert/airflow_venv/lib/python3.11/site-packages/airflow/example_dags/example_skip_dag.py
[2024-04-30T16:26:45.179+0200] {logging_mixin.py:188} INFO - [2024-04-30T16:26:45.178+0200] {dag.py:3096} INFO - Sync 1 DAGs
[2024-04-30T16:26:45.186+0200] {logging_mixin.py:188} INFO - [2024-04-30T16:26:45.186+0200] {dag.py:3954} INFO - Setting next_dagrun for example_skip_dag to 2024-04-29 00:00:00+00:00, run_after=2024-04-30 00:00:00+00:00
[2024-04-30T16:26:45.193+0200] {processor.py:183} INFO - Processing /Users/noejalabert/airflow_venv/lib/python3.11/site-packages/airflow/example_dags/example_skip_dag.py took 0.067 seconds
[2024-04-30T16:28:10.391+0200] {processor.py:161} INFO - Started process (PID=32967) to work on /Users/noejalabert/airflow_venv/lib/python3.11/site-packages/airflow/example_dags/example_skip_dag.py
[2024-04-30T16:28:10.392+0200] {processor.py:830} INFO - Processing file /Users/noejalabert/airflow_venv/lib/python3.11/site-packages/airflow/example_dags/example_skip_dag.py for tasks to queue
[2024-04-30T16:28:10.392+0200] {logging_mixin.py:188} INFO - [2024-04-30T16:28:10.392+0200] {dagbag.py:540} INFO - Filling up the DagBag from /Users/noejalabert/airflow_venv/lib/python3.11/site-packages/airflow/example_dags/example_skip_dag.py
[2024-04-30T16:28:10.395+0200] {processor.py:840} INFO - DAG(s) 'example_skip_dag' retrieved from /Users/noejalabert/airflow_venv/lib/python3.11/site-packages/airflow/example_dags/example_skip_dag.py
[2024-04-30T16:28:10.442+0200] {logging_mixin.py:188} INFO - [2024-04-30T16:28:10.442+0200] {dag.py:3096} INFO - Sync 1 DAGs
[2024-04-30T16:28:10.450+0200] {logging_mixin.py:188} INFO - [2024-04-30T16:28:10.449+0200] {dag.py:3954} INFO - Setting next_dagrun for example_skip_dag to 2024-04-29 00:00:00+00:00, run_after=2024-04-30 00:00:00+00:00
[2024-04-30T16:28:10.457+0200] {processor.py:183} INFO - Processing /Users/noejalabert/airflow_venv/lib/python3.11/site-packages/airflow/example_dags/example_skip_dag.py took 0.067 seconds
[2024-04-30T16:29:37.170+0200] {processor.py:161} INFO - Started process (PID=33025) to work on /Users/noejalabert/airflow_venv/lib/python3.11/site-packages/airflow/example_dags/example_skip_dag.py
[2024-04-30T16:29:37.170+0200] {processor.py:830} INFO - Processing file /Users/noejalabert/airflow_venv/lib/python3.11/site-packages/airflow/example_dags/example_skip_dag.py for tasks to queue
[2024-04-30T16:29:37.170+0200] {logging_mixin.py:188} INFO - [2024-04-30T16:29:37.170+0200] {dagbag.py:540} INFO - Filling up the DagBag from /Users/noejalabert/airflow_venv/lib/python3.11/site-packages/airflow/example_dags/example_skip_dag.py
[2024-04-30T16:29:37.174+0200] {processor.py:840} INFO - DAG(s) 'example_skip_dag' retrieved from /Users/noejalabert/airflow_venv/lib/python3.11/site-packages/airflow/example_dags/example_skip_dag.py
[2024-04-30T16:29:37.221+0200] {logging_mixin.py:188} INFO - [2024-04-30T16:29:37.221+0200] {dag.py:3096} INFO - Sync 1 DAGs
[2024-04-30T16:29:37.229+0200] {logging_mixin.py:188} INFO - [2024-04-30T16:29:37.229+0200] {dag.py:3954} INFO - Setting next_dagrun for example_skip_dag to 2024-04-29 00:00:00+00:00, run_after=2024-04-30 00:00:00+00:00
[2024-04-30T16:29:37.236+0200] {processor.py:183} INFO - Processing /Users/noejalabert/airflow_venv/lib/python3.11/site-packages/airflow/example_dags/example_skip_dag.py took 0.068 seconds
[2024-04-30T16:31:02.851+0200] {processor.py:161} INFO - Started process (PID=33082) to work on /Users/noejalabert/airflow_venv/lib/python3.11/site-packages/airflow/example_dags/example_skip_dag.py
[2024-04-30T16:31:02.852+0200] {processor.py:830} INFO - Processing file /Users/noejalabert/airflow_venv/lib/python3.11/site-packages/airflow/example_dags/example_skip_dag.py for tasks to queue
[2024-04-30T16:31:02.852+0200] {logging_mixin.py:188} INFO - [2024-04-30T16:31:02.852+0200] {dagbag.py:540} INFO - Filling up the DagBag from /Users/noejalabert/airflow_venv/lib/python3.11/site-packages/airflow/example_dags/example_skip_dag.py
[2024-04-30T16:31:02.855+0200] {processor.py:840} INFO - DAG(s) 'example_skip_dag' retrieved from /Users/noejalabert/airflow_venv/lib/python3.11/site-packages/airflow/example_dags/example_skip_dag.py
[2024-04-30T16:31:02.903+0200] {logging_mixin.py:188} INFO - [2024-04-30T16:31:02.903+0200] {dag.py:3096} INFO - Sync 1 DAGs
[2024-04-30T16:31:02.910+0200] {logging_mixin.py:188} INFO - [2024-04-30T16:31:02.910+0200] {dag.py:3954} INFO - Setting next_dagrun for example_skip_dag to 2024-04-29 00:00:00+00:00, run_after=2024-04-30 00:00:00+00:00
[2024-04-30T16:31:02.918+0200] {processor.py:183} INFO - Processing /Users/noejalabert/airflow_venv/lib/python3.11/site-packages/airflow/example_dags/example_skip_dag.py took 0.068 seconds
