[2024-04-30T14:49:12.916+0200] {processor.py:161} INFO - Started process (PID=28440) to work on /Users/noejalabert/airflow_venv/lib/python3.11/site-packages/airflow/example_dags/example_task_group_decorator.py
[2024-04-30T14:49:12.916+0200] {processor.py:830} INFO - Processing file /Users/noejalabert/airflow_venv/lib/python3.11/site-packages/airflow/example_dags/example_task_group_decorator.py for tasks to queue
[2024-04-30T14:49:12.916+0200] {logging_mixin.py:188} INFO - [2024-04-30T14:49:12.916+0200] {dagbag.py:540} INFO - Filling up the DagBag from /Users/noejalabert/airflow_venv/lib/python3.11/site-packages/airflow/example_dags/example_task_group_decorator.py
[2024-04-30T14:49:12.935+0200] {processor.py:840} INFO - DAG(s) 'example_task_group_decorator' retrieved from /Users/noejalabert/airflow_venv/lib/python3.11/site-packages/airflow/example_dags/example_task_group_decorator.py
[2024-04-30T14:49:13.017+0200] {logging_mixin.py:188} INFO - [2024-04-30T14:49:13.017+0200] {override.py:1829} INFO - Created Permission View: can edit on DAG:example_task_group_decorator
[2024-04-30T14:49:13.046+0200] {logging_mixin.py:188} INFO - [2024-04-30T14:49:13.046+0200] {override.py:1829} INFO - Created Permission View: can read on DAG:example_task_group_decorator
[2024-04-30T14:49:13.049+0200] {logging_mixin.py:188} INFO - [2024-04-30T14:49:13.049+0200] {override.py:1829} INFO - Created Permission View: can delete on DAG:example_task_group_decorator
[2024-04-30T14:49:13.049+0200] {logging_mixin.py:188} INFO - [2024-04-30T14:49:13.049+0200] {dag.py:3096} INFO - Sync 1 DAGs
[2024-04-30T14:49:13.053+0200] {logging_mixin.py:188} INFO - [2024-04-30T14:49:13.053+0200] {dag.py:3118} INFO - Creating ORM DAG for example_task_group_decorator
[2024-04-30T14:49:13.057+0200] {logging_mixin.py:188} INFO - [2024-04-30T14:49:13.057+0200] {dag.py:3954} INFO - Setting next_dagrun for example_task_group_decorator to 2024-04-29 00:00:00+00:00, run_after=2024-04-30 00:00:00+00:00
[2024-04-30T14:49:13.063+0200] {processor.py:183} INFO - Processing /Users/noejalabert/airflow_venv/lib/python3.11/site-packages/airflow/example_dags/example_task_group_decorator.py took 0.149 seconds
[2024-04-30T14:50:40.160+0200] {processor.py:161} INFO - Started process (PID=28493) to work on /Users/noejalabert/airflow_venv/lib/python3.11/site-packages/airflow/example_dags/example_task_group_decorator.py
[2024-04-30T14:50:40.162+0200] {processor.py:830} INFO - Processing file /Users/noejalabert/airflow_venv/lib/python3.11/site-packages/airflow/example_dags/example_task_group_decorator.py for tasks to queue
[2024-04-30T14:50:40.162+0200] {logging_mixin.py:188} INFO - [2024-04-30T14:50:40.162+0200] {dagbag.py:540} INFO - Filling up the DagBag from /Users/noejalabert/airflow_venv/lib/python3.11/site-packages/airflow/example_dags/example_task_group_decorator.py
[2024-04-30T14:50:40.181+0200] {processor.py:840} INFO - DAG(s) 'example_task_group_decorator' retrieved from /Users/noejalabert/airflow_venv/lib/python3.11/site-packages/airflow/example_dags/example_task_group_decorator.py
[2024-04-30T14:50:40.229+0200] {logging_mixin.py:188} INFO - [2024-04-30T14:50:40.229+0200] {dag.py:3096} INFO - Sync 1 DAGs
[2024-04-30T14:50:40.236+0200] {logging_mixin.py:188} INFO - [2024-04-30T14:50:40.235+0200] {dag.py:3954} INFO - Setting next_dagrun for example_task_group_decorator to 2024-04-29 00:00:00+00:00, run_after=2024-04-30 00:00:00+00:00
[2024-04-30T14:50:40.244+0200] {processor.py:183} INFO - Processing /Users/noejalabert/airflow_venv/lib/python3.11/site-packages/airflow/example_dags/example_task_group_decorator.py took 0.085 seconds
[2024-04-30T14:52:29.117+0200] {processor.py:161} INFO - Started process (PID=28567) to work on /Users/noejalabert/airflow_venv/lib/python3.11/site-packages/airflow/example_dags/example_task_group_decorator.py
[2024-04-30T14:52:29.118+0200] {processor.py:830} INFO - Processing file /Users/noejalabert/airflow_venv/lib/python3.11/site-packages/airflow/example_dags/example_task_group_decorator.py for tasks to queue
[2024-04-30T14:52:29.118+0200] {logging_mixin.py:188} INFO - [2024-04-30T14:52:29.118+0200] {dagbag.py:540} INFO - Filling up the DagBag from /Users/noejalabert/airflow_venv/lib/python3.11/site-packages/airflow/example_dags/example_task_group_decorator.py
[2024-04-30T14:52:29.137+0200] {processor.py:840} INFO - DAG(s) 'example_task_group_decorator' retrieved from /Users/noejalabert/airflow_venv/lib/python3.11/site-packages/airflow/example_dags/example_task_group_decorator.py
[2024-04-30T14:52:29.185+0200] {logging_mixin.py:188} INFO - [2024-04-30T14:52:29.185+0200] {dag.py:3096} INFO - Sync 1 DAGs
[2024-04-30T14:52:29.192+0200] {logging_mixin.py:188} INFO - [2024-04-30T14:52:29.191+0200] {dag.py:3954} INFO - Setting next_dagrun for example_task_group_decorator to 2024-04-29 00:00:00+00:00, run_after=2024-04-30 00:00:00+00:00
[2024-04-30T14:52:29.199+0200] {processor.py:183} INFO - Processing /Users/noejalabert/airflow_venv/lib/python3.11/site-packages/airflow/example_dags/example_task_group_decorator.py took 0.084 seconds
[2024-04-30T14:53:27.922+0200] {processor.py:161} INFO - Started process (PID=28611) to work on /Users/noejalabert/airflow_venv/lib/python3.11/site-packages/airflow/example_dags/example_task_group_decorator.py
[2024-04-30T14:53:27.923+0200] {processor.py:830} INFO - Processing file /Users/noejalabert/airflow_venv/lib/python3.11/site-packages/airflow/example_dags/example_task_group_decorator.py for tasks to queue
[2024-04-30T14:53:27.923+0200] {logging_mixin.py:188} INFO - [2024-04-30T14:53:27.923+0200] {dagbag.py:540} INFO - Filling up the DagBag from /Users/noejalabert/airflow_venv/lib/python3.11/site-packages/airflow/example_dags/example_task_group_decorator.py
[2024-04-30T14:53:27.942+0200] {processor.py:840} INFO - DAG(s) 'example_task_group_decorator' retrieved from /Users/noejalabert/airflow_venv/lib/python3.11/site-packages/airflow/example_dags/example_task_group_decorator.py
[2024-04-30T14:53:27.990+0200] {logging_mixin.py:188} INFO - [2024-04-30T14:53:27.990+0200] {dag.py:3096} INFO - Sync 1 DAGs
[2024-04-30T14:53:27.996+0200] {logging_mixin.py:188} INFO - [2024-04-30T14:53:27.996+0200] {dag.py:3954} INFO - Setting next_dagrun for example_task_group_decorator to 2024-04-29 00:00:00+00:00, run_after=2024-04-30 00:00:00+00:00
[2024-04-30T14:53:28.005+0200] {processor.py:183} INFO - Processing /Users/noejalabert/airflow_venv/lib/python3.11/site-packages/airflow/example_dags/example_task_group_decorator.py took 0.084 seconds
[2024-04-30T14:55:18.755+0200] {processor.py:161} INFO - Started process (PID=28683) to work on /Users/noejalabert/airflow_venv/lib/python3.11/site-packages/airflow/example_dags/example_task_group_decorator.py
[2024-04-30T14:55:18.756+0200] {processor.py:830} INFO - Processing file /Users/noejalabert/airflow_venv/lib/python3.11/site-packages/airflow/example_dags/example_task_group_decorator.py for tasks to queue
[2024-04-30T14:55:18.756+0200] {logging_mixin.py:188} INFO - [2024-04-30T14:55:18.756+0200] {dagbag.py:540} INFO - Filling up the DagBag from /Users/noejalabert/airflow_venv/lib/python3.11/site-packages/airflow/example_dags/example_task_group_decorator.py
[2024-04-30T14:55:18.775+0200] {processor.py:840} INFO - DAG(s) 'example_task_group_decorator' retrieved from /Users/noejalabert/airflow_venv/lib/python3.11/site-packages/airflow/example_dags/example_task_group_decorator.py
[2024-04-30T14:55:18.824+0200] {logging_mixin.py:188} INFO - [2024-04-30T14:55:18.824+0200] {dag.py:3096} INFO - Sync 1 DAGs
[2024-04-30T14:55:18.831+0200] {logging_mixin.py:188} INFO - [2024-04-30T14:55:18.831+0200] {dag.py:3954} INFO - Setting next_dagrun for example_task_group_decorator to 2024-04-29 00:00:00+00:00, run_after=2024-04-30 00:00:00+00:00
[2024-04-30T14:55:18.840+0200] {processor.py:183} INFO - Processing /Users/noejalabert/airflow_venv/lib/python3.11/site-packages/airflow/example_dags/example_task_group_decorator.py took 0.085 seconds
[2024-04-30T14:56:17.801+0200] {processor.py:161} INFO - Started process (PID=28727) to work on /Users/noejalabert/airflow_venv/lib/python3.11/site-packages/airflow/example_dags/example_task_group_decorator.py
[2024-04-30T14:56:17.802+0200] {processor.py:830} INFO - Processing file /Users/noejalabert/airflow_venv/lib/python3.11/site-packages/airflow/example_dags/example_task_group_decorator.py for tasks to queue
[2024-04-30T14:56:17.802+0200] {logging_mixin.py:188} INFO - [2024-04-30T14:56:17.802+0200] {dagbag.py:540} INFO - Filling up the DagBag from /Users/noejalabert/airflow_venv/lib/python3.11/site-packages/airflow/example_dags/example_task_group_decorator.py
[2024-04-30T14:56:17.821+0200] {processor.py:840} INFO - DAG(s) 'example_task_group_decorator' retrieved from /Users/noejalabert/airflow_venv/lib/python3.11/site-packages/airflow/example_dags/example_task_group_decorator.py
[2024-04-30T14:56:17.869+0200] {logging_mixin.py:188} INFO - [2024-04-30T14:56:17.869+0200] {dag.py:3096} INFO - Sync 1 DAGs
[2024-04-30T14:56:17.876+0200] {logging_mixin.py:188} INFO - [2024-04-30T14:56:17.876+0200] {dag.py:3954} INFO - Setting next_dagrun for example_task_group_decorator to 2024-04-29 00:00:00+00:00, run_after=2024-04-30 00:00:00+00:00
[2024-04-30T14:56:17.884+0200] {processor.py:183} INFO - Processing /Users/noejalabert/airflow_venv/lib/python3.11/site-packages/airflow/example_dags/example_task_group_decorator.py took 0.084 seconds
[2024-04-30T14:58:16.327+0200] {processor.py:161} INFO - Started process (PID=28832) to work on /Users/noejalabert/airflow_venv/lib/python3.11/site-packages/airflow/example_dags/example_task_group_decorator.py
[2024-04-30T14:58:16.328+0200] {processor.py:830} INFO - Processing file /Users/noejalabert/airflow_venv/lib/python3.11/site-packages/airflow/example_dags/example_task_group_decorator.py for tasks to queue
[2024-04-30T14:58:16.328+0200] {logging_mixin.py:188} INFO - [2024-04-30T14:58:16.328+0200] {dagbag.py:540} INFO - Filling up the DagBag from /Users/noejalabert/airflow_venv/lib/python3.11/site-packages/airflow/example_dags/example_task_group_decorator.py
[2024-04-30T14:58:16.347+0200] {processor.py:840} INFO - DAG(s) 'example_task_group_decorator' retrieved from /Users/noejalabert/airflow_venv/lib/python3.11/site-packages/airflow/example_dags/example_task_group_decorator.py
[2024-04-30T14:58:16.395+0200] {logging_mixin.py:188} INFO - [2024-04-30T14:58:16.394+0200] {dag.py:3096} INFO - Sync 1 DAGs
[2024-04-30T14:58:16.401+0200] {logging_mixin.py:188} INFO - [2024-04-30T14:58:16.401+0200] {dag.py:3954} INFO - Setting next_dagrun for example_task_group_decorator to 2024-04-29 00:00:00+00:00, run_after=2024-04-30 00:00:00+00:00
[2024-04-30T14:58:16.410+0200] {processor.py:183} INFO - Processing /Users/noejalabert/airflow_venv/lib/python3.11/site-packages/airflow/example_dags/example_task_group_decorator.py took 0.083 seconds
[2024-04-30T14:59:22.603+0200] {processor.py:161} INFO - Started process (PID=28872) to work on /Users/noejalabert/airflow_venv/lib/python3.11/site-packages/airflow/example_dags/example_task_group_decorator.py
[2024-04-30T14:59:22.603+0200] {processor.py:830} INFO - Processing file /Users/noejalabert/airflow_venv/lib/python3.11/site-packages/airflow/example_dags/example_task_group_decorator.py for tasks to queue
[2024-04-30T14:59:22.603+0200] {logging_mixin.py:188} INFO - [2024-04-30T14:59:22.603+0200] {dagbag.py:540} INFO - Filling up the DagBag from /Users/noejalabert/airflow_venv/lib/python3.11/site-packages/airflow/example_dags/example_task_group_decorator.py
[2024-04-30T14:59:22.622+0200] {processor.py:840} INFO - DAG(s) 'example_task_group_decorator' retrieved from /Users/noejalabert/airflow_venv/lib/python3.11/site-packages/airflow/example_dags/example_task_group_decorator.py
[2024-04-30T14:59:22.670+0200] {logging_mixin.py:188} INFO - [2024-04-30T14:59:22.670+0200] {dag.py:3096} INFO - Sync 1 DAGs
[2024-04-30T14:59:22.677+0200] {logging_mixin.py:188} INFO - [2024-04-30T14:59:22.677+0200] {dag.py:3954} INFO - Setting next_dagrun for example_task_group_decorator to 2024-04-29 00:00:00+00:00, run_after=2024-04-30 00:00:00+00:00
[2024-04-30T14:59:22.685+0200] {processor.py:183} INFO - Processing /Users/noejalabert/airflow_venv/lib/python3.11/site-packages/airflow/example_dags/example_task_group_decorator.py took 0.084 seconds
[2024-04-30T15:00:21.333+0200] {processor.py:161} INFO - Started process (PID=28913) to work on /Users/noejalabert/airflow_venv/lib/python3.11/site-packages/airflow/example_dags/example_task_group_decorator.py
[2024-04-30T15:00:21.334+0200] {processor.py:830} INFO - Processing file /Users/noejalabert/airflow_venv/lib/python3.11/site-packages/airflow/example_dags/example_task_group_decorator.py for tasks to queue
[2024-04-30T15:00:21.334+0200] {logging_mixin.py:188} INFO - [2024-04-30T15:00:21.334+0200] {dagbag.py:540} INFO - Filling up the DagBag from /Users/noejalabert/airflow_venv/lib/python3.11/site-packages/airflow/example_dags/example_task_group_decorator.py
[2024-04-30T15:00:21.353+0200] {processor.py:840} INFO - DAG(s) 'example_task_group_decorator' retrieved from /Users/noejalabert/airflow_venv/lib/python3.11/site-packages/airflow/example_dags/example_task_group_decorator.py
[2024-04-30T15:00:21.401+0200] {logging_mixin.py:188} INFO - [2024-04-30T15:00:21.401+0200] {dag.py:3096} INFO - Sync 1 DAGs
[2024-04-30T15:00:21.408+0200] {logging_mixin.py:188} INFO - [2024-04-30T15:00:21.408+0200] {dag.py:3954} INFO - Setting next_dagrun for example_task_group_decorator to 2024-04-29 00:00:00+00:00, run_after=2024-04-30 00:00:00+00:00
[2024-04-30T15:00:21.416+0200] {processor.py:183} INFO - Processing /Users/noejalabert/airflow_venv/lib/python3.11/site-packages/airflow/example_dags/example_task_group_decorator.py took 0.084 seconds
[2024-04-30T15:01:23.037+0200] {processor.py:161} INFO - Started process (PID=28954) to work on /Users/noejalabert/airflow_venv/lib/python3.11/site-packages/airflow/example_dags/example_task_group_decorator.py
[2024-04-30T15:01:23.038+0200] {processor.py:830} INFO - Processing file /Users/noejalabert/airflow_venv/lib/python3.11/site-packages/airflow/example_dags/example_task_group_decorator.py for tasks to queue
[2024-04-30T15:01:23.038+0200] {logging_mixin.py:188} INFO - [2024-04-30T15:01:23.038+0200] {dagbag.py:540} INFO - Filling up the DagBag from /Users/noejalabert/airflow_venv/lib/python3.11/site-packages/airflow/example_dags/example_task_group_decorator.py
[2024-04-30T15:01:23.057+0200] {processor.py:840} INFO - DAG(s) 'example_task_group_decorator' retrieved from /Users/noejalabert/airflow_venv/lib/python3.11/site-packages/airflow/example_dags/example_task_group_decorator.py
[2024-04-30T15:01:23.105+0200] {logging_mixin.py:188} INFO - [2024-04-30T15:01:23.105+0200] {dag.py:3096} INFO - Sync 1 DAGs
[2024-04-30T15:01:23.111+0200] {logging_mixin.py:188} INFO - [2024-04-30T15:01:23.111+0200] {dag.py:3954} INFO - Setting next_dagrun for example_task_group_decorator to 2024-04-29 00:00:00+00:00, run_after=2024-04-30 00:00:00+00:00
[2024-04-30T15:01:23.119+0200] {processor.py:183} INFO - Processing /Users/noejalabert/airflow_venv/lib/python3.11/site-packages/airflow/example_dags/example_task_group_decorator.py took 0.084 seconds
[2024-04-30T15:02:38.649+0200] {processor.py:161} INFO - Started process (PID=29036) to work on /Users/noejalabert/airflow_venv/lib/python3.11/site-packages/airflow/example_dags/example_task_group_decorator.py
[2024-04-30T15:02:38.650+0200] {processor.py:830} INFO - Processing file /Users/noejalabert/airflow_venv/lib/python3.11/site-packages/airflow/example_dags/example_task_group_decorator.py for tasks to queue
[2024-04-30T15:02:38.650+0200] {logging_mixin.py:188} INFO - [2024-04-30T15:02:38.650+0200] {dagbag.py:540} INFO - Filling up the DagBag from /Users/noejalabert/airflow_venv/lib/python3.11/site-packages/airflow/example_dags/example_task_group_decorator.py
[2024-04-30T15:02:38.669+0200] {processor.py:840} INFO - DAG(s) 'example_task_group_decorator' retrieved from /Users/noejalabert/airflow_venv/lib/python3.11/site-packages/airflow/example_dags/example_task_group_decorator.py
[2024-04-30T15:02:38.718+0200] {logging_mixin.py:188} INFO - [2024-04-30T15:02:38.718+0200] {dag.py:3096} INFO - Sync 1 DAGs
[2024-04-30T15:02:38.725+0200] {logging_mixin.py:188} INFO - [2024-04-30T15:02:38.725+0200] {dag.py:3954} INFO - Setting next_dagrun for example_task_group_decorator to 2024-04-29 00:00:00+00:00, run_after=2024-04-30 00:00:00+00:00
[2024-04-30T15:02:38.733+0200] {processor.py:183} INFO - Processing /Users/noejalabert/airflow_venv/lib/python3.11/site-packages/airflow/example_dags/example_task_group_decorator.py took 0.085 seconds
[2024-04-30T15:03:48.995+0200] {processor.py:161} INFO - Started process (PID=29083) to work on /Users/noejalabert/airflow_venv/lib/python3.11/site-packages/airflow/example_dags/example_task_group_decorator.py
[2024-04-30T15:03:48.995+0200] {processor.py:830} INFO - Processing file /Users/noejalabert/airflow_venv/lib/python3.11/site-packages/airflow/example_dags/example_task_group_decorator.py for tasks to queue
[2024-04-30T15:03:48.996+0200] {logging_mixin.py:188} INFO - [2024-04-30T15:03:48.996+0200] {dagbag.py:540} INFO - Filling up the DagBag from /Users/noejalabert/airflow_venv/lib/python3.11/site-packages/airflow/example_dags/example_task_group_decorator.py
[2024-04-30T15:03:49.015+0200] {processor.py:840} INFO - DAG(s) 'example_task_group_decorator' retrieved from /Users/noejalabert/airflow_venv/lib/python3.11/site-packages/airflow/example_dags/example_task_group_decorator.py
[2024-04-30T15:03:49.062+0200] {logging_mixin.py:188} INFO - [2024-04-30T15:03:49.062+0200] {dag.py:3096} INFO - Sync 1 DAGs
[2024-04-30T15:03:49.069+0200] {logging_mixin.py:188} INFO - [2024-04-30T15:03:49.069+0200] {dag.py:3954} INFO - Setting next_dagrun for example_task_group_decorator to 2024-04-29 00:00:00+00:00, run_after=2024-04-30 00:00:00+00:00
[2024-04-30T15:03:49.077+0200] {processor.py:183} INFO - Processing /Users/noejalabert/airflow_venv/lib/python3.11/site-packages/airflow/example_dags/example_task_group_decorator.py took 0.083 seconds
[2024-04-30T15:04:46.454+0200] {processor.py:161} INFO - Started process (PID=29119) to work on /Users/noejalabert/airflow_venv/lib/python3.11/site-packages/airflow/example_dags/example_task_group_decorator.py
[2024-04-30T15:04:46.454+0200] {processor.py:830} INFO - Processing file /Users/noejalabert/airflow_venv/lib/python3.11/site-packages/airflow/example_dags/example_task_group_decorator.py for tasks to queue
[2024-04-30T15:04:46.454+0200] {logging_mixin.py:188} INFO - [2024-04-30T15:04:46.454+0200] {dagbag.py:540} INFO - Filling up the DagBag from /Users/noejalabert/airflow_venv/lib/python3.11/site-packages/airflow/example_dags/example_task_group_decorator.py
[2024-04-30T15:04:46.473+0200] {processor.py:840} INFO - DAG(s) 'example_task_group_decorator' retrieved from /Users/noejalabert/airflow_venv/lib/python3.11/site-packages/airflow/example_dags/example_task_group_decorator.py
[2024-04-30T15:04:46.521+0200] {logging_mixin.py:188} INFO - [2024-04-30T15:04:46.521+0200] {dag.py:3096} INFO - Sync 1 DAGs
[2024-04-30T15:04:46.528+0200] {logging_mixin.py:188} INFO - [2024-04-30T15:04:46.528+0200] {dag.py:3954} INFO - Setting next_dagrun for example_task_group_decorator to 2024-04-29 00:00:00+00:00, run_after=2024-04-30 00:00:00+00:00
[2024-04-30T15:04:46.536+0200] {processor.py:183} INFO - Processing /Users/noejalabert/airflow_venv/lib/python3.11/site-packages/airflow/example_dags/example_task_group_decorator.py took 0.084 seconds
[2024-04-30T15:05:46.128+0200] {processor.py:161} INFO - Started process (PID=29174) to work on /Users/noejalabert/airflow_venv/lib/python3.11/site-packages/airflow/example_dags/example_task_group_decorator.py
[2024-04-30T15:05:46.129+0200] {processor.py:830} INFO - Processing file /Users/noejalabert/airflow_venv/lib/python3.11/site-packages/airflow/example_dags/example_task_group_decorator.py for tasks to queue
[2024-04-30T15:05:46.129+0200] {logging_mixin.py:188} INFO - [2024-04-30T15:05:46.129+0200] {dagbag.py:540} INFO - Filling up the DagBag from /Users/noejalabert/airflow_venv/lib/python3.11/site-packages/airflow/example_dags/example_task_group_decorator.py
[2024-04-30T15:05:46.148+0200] {processor.py:840} INFO - DAG(s) 'example_task_group_decorator' retrieved from /Users/noejalabert/airflow_venv/lib/python3.11/site-packages/airflow/example_dags/example_task_group_decorator.py
[2024-04-30T15:05:46.197+0200] {logging_mixin.py:188} INFO - [2024-04-30T15:05:46.197+0200] {dag.py:3096} INFO - Sync 1 DAGs
[2024-04-30T15:05:46.204+0200] {logging_mixin.py:188} INFO - [2024-04-30T15:05:46.204+0200] {dag.py:3954} INFO - Setting next_dagrun for example_task_group_decorator to 2024-04-29 00:00:00+00:00, run_after=2024-04-30 00:00:00+00:00
[2024-04-30T15:05:46.212+0200] {processor.py:183} INFO - Processing /Users/noejalabert/airflow_venv/lib/python3.11/site-packages/airflow/example_dags/example_task_group_decorator.py took 0.085 seconds
[2024-04-30T15:07:28.205+0200] {processor.py:161} INFO - Started process (PID=29235) to work on /Users/noejalabert/airflow_venv/lib/python3.11/site-packages/airflow/example_dags/example_task_group_decorator.py
[2024-04-30T15:07:28.205+0200] {processor.py:830} INFO - Processing file /Users/noejalabert/airflow_venv/lib/python3.11/site-packages/airflow/example_dags/example_task_group_decorator.py for tasks to queue
[2024-04-30T15:07:28.206+0200] {logging_mixin.py:188} INFO - [2024-04-30T15:07:28.206+0200] {dagbag.py:540} INFO - Filling up the DagBag from /Users/noejalabert/airflow_venv/lib/python3.11/site-packages/airflow/example_dags/example_task_group_decorator.py
[2024-04-30T15:07:28.224+0200] {processor.py:840} INFO - DAG(s) 'example_task_group_decorator' retrieved from /Users/noejalabert/airflow_venv/lib/python3.11/site-packages/airflow/example_dags/example_task_group_decorator.py
[2024-04-30T15:07:28.273+0200] {logging_mixin.py:188} INFO - [2024-04-30T15:07:28.272+0200] {dag.py:3096} INFO - Sync 1 DAGs
[2024-04-30T15:07:28.279+0200] {logging_mixin.py:188} INFO - [2024-04-30T15:07:28.279+0200] {dag.py:3954} INFO - Setting next_dagrun for example_task_group_decorator to 2024-04-29 00:00:00+00:00, run_after=2024-04-30 00:00:00+00:00
[2024-04-30T15:07:28.287+0200] {processor.py:183} INFO - Processing /Users/noejalabert/airflow_venv/lib/python3.11/site-packages/airflow/example_dags/example_task_group_decorator.py took 0.084 seconds
[2024-04-30T15:09:19.086+0200] {processor.py:161} INFO - Started process (PID=29306) to work on /Users/noejalabert/airflow_venv/lib/python3.11/site-packages/airflow/example_dags/example_task_group_decorator.py
[2024-04-30T15:09:19.087+0200] {processor.py:830} INFO - Processing file /Users/noejalabert/airflow_venv/lib/python3.11/site-packages/airflow/example_dags/example_task_group_decorator.py for tasks to queue
[2024-04-30T15:09:19.087+0200] {logging_mixin.py:188} INFO - [2024-04-30T15:09:19.087+0200] {dagbag.py:540} INFO - Filling up the DagBag from /Users/noejalabert/airflow_venv/lib/python3.11/site-packages/airflow/example_dags/example_task_group_decorator.py
[2024-04-30T15:09:19.106+0200] {processor.py:840} INFO - DAG(s) 'example_task_group_decorator' retrieved from /Users/noejalabert/airflow_venv/lib/python3.11/site-packages/airflow/example_dags/example_task_group_decorator.py
[2024-04-30T15:09:19.154+0200] {logging_mixin.py:188} INFO - [2024-04-30T15:09:19.154+0200] {dag.py:3096} INFO - Sync 1 DAGs
[2024-04-30T15:09:19.161+0200] {logging_mixin.py:188} INFO - [2024-04-30T15:09:19.160+0200] {dag.py:3954} INFO - Setting next_dagrun for example_task_group_decorator to 2024-04-29 00:00:00+00:00, run_after=2024-04-30 00:00:00+00:00
[2024-04-30T15:09:19.169+0200] {processor.py:183} INFO - Processing /Users/noejalabert/airflow_venv/lib/python3.11/site-packages/airflow/example_dags/example_task_group_decorator.py took 0.083 seconds
[2024-04-30T15:10:17.149+0200] {processor.py:161} INFO - Started process (PID=29343) to work on /Users/noejalabert/airflow_venv/lib/python3.11/site-packages/airflow/example_dags/example_task_group_decorator.py
[2024-04-30T15:10:17.150+0200] {processor.py:830} INFO - Processing file /Users/noejalabert/airflow_venv/lib/python3.11/site-packages/airflow/example_dags/example_task_group_decorator.py for tasks to queue
[2024-04-30T15:10:17.150+0200] {logging_mixin.py:188} INFO - [2024-04-30T15:10:17.150+0200] {dagbag.py:540} INFO - Filling up the DagBag from /Users/noejalabert/airflow_venv/lib/python3.11/site-packages/airflow/example_dags/example_task_group_decorator.py
[2024-04-30T15:10:17.169+0200] {processor.py:840} INFO - DAG(s) 'example_task_group_decorator' retrieved from /Users/noejalabert/airflow_venv/lib/python3.11/site-packages/airflow/example_dags/example_task_group_decorator.py
[2024-04-30T15:10:17.217+0200] {logging_mixin.py:188} INFO - [2024-04-30T15:10:17.217+0200] {dag.py:3096} INFO - Sync 1 DAGs
[2024-04-30T15:10:17.223+0200] {logging_mixin.py:188} INFO - [2024-04-30T15:10:17.223+0200] {dag.py:3954} INFO - Setting next_dagrun for example_task_group_decorator to 2024-04-29 00:00:00+00:00, run_after=2024-04-30 00:00:00+00:00
[2024-04-30T15:10:17.232+0200] {processor.py:183} INFO - Processing /Users/noejalabert/airflow_venv/lib/python3.11/site-packages/airflow/example_dags/example_task_group_decorator.py took 0.084 seconds
[2024-04-30T15:12:10.046+0200] {processor.py:161} INFO - Started process (PID=29419) to work on /Users/noejalabert/airflow_venv/lib/python3.11/site-packages/airflow/example_dags/example_task_group_decorator.py
[2024-04-30T15:12:10.046+0200] {processor.py:830} INFO - Processing file /Users/noejalabert/airflow_venv/lib/python3.11/site-packages/airflow/example_dags/example_task_group_decorator.py for tasks to queue
[2024-04-30T15:12:10.047+0200] {logging_mixin.py:188} INFO - [2024-04-30T15:12:10.047+0200] {dagbag.py:540} INFO - Filling up the DagBag from /Users/noejalabert/airflow_venv/lib/python3.11/site-packages/airflow/example_dags/example_task_group_decorator.py
[2024-04-30T15:12:10.066+0200] {processor.py:840} INFO - DAG(s) 'example_task_group_decorator' retrieved from /Users/noejalabert/airflow_venv/lib/python3.11/site-packages/airflow/example_dags/example_task_group_decorator.py
[2024-04-30T15:12:10.115+0200] {logging_mixin.py:188} INFO - [2024-04-30T15:12:10.115+0200] {dag.py:3096} INFO - Sync 1 DAGs
[2024-04-30T15:12:10.122+0200] {logging_mixin.py:188} INFO - [2024-04-30T15:12:10.121+0200] {dag.py:3954} INFO - Setting next_dagrun for example_task_group_decorator to 2024-04-29 00:00:00+00:00, run_after=2024-04-30 00:00:00+00:00
[2024-04-30T15:12:10.130+0200] {processor.py:183} INFO - Processing /Users/noejalabert/airflow_venv/lib/python3.11/site-packages/airflow/example_dags/example_task_group_decorator.py took 0.086 seconds
[2024-04-30T15:13:06.342+0200] {processor.py:161} INFO - Started process (PID=29456) to work on /Users/noejalabert/airflow_venv/lib/python3.11/site-packages/airflow/example_dags/example_task_group_decorator.py
[2024-04-30T15:13:06.342+0200] {processor.py:830} INFO - Processing file /Users/noejalabert/airflow_venv/lib/python3.11/site-packages/airflow/example_dags/example_task_group_decorator.py for tasks to queue
[2024-04-30T15:13:06.342+0200] {logging_mixin.py:188} INFO - [2024-04-30T15:13:06.342+0200] {dagbag.py:540} INFO - Filling up the DagBag from /Users/noejalabert/airflow_venv/lib/python3.11/site-packages/airflow/example_dags/example_task_group_decorator.py
[2024-04-30T15:13:06.361+0200] {processor.py:840} INFO - DAG(s) 'example_task_group_decorator' retrieved from /Users/noejalabert/airflow_venv/lib/python3.11/site-packages/airflow/example_dags/example_task_group_decorator.py
[2024-04-30T15:13:06.409+0200] {logging_mixin.py:188} INFO - [2024-04-30T15:13:06.409+0200] {dag.py:3096} INFO - Sync 1 DAGs
[2024-04-30T15:13:06.416+0200] {logging_mixin.py:188} INFO - [2024-04-30T15:13:06.416+0200] {dag.py:3954} INFO - Setting next_dagrun for example_task_group_decorator to 2024-04-29 00:00:00+00:00, run_after=2024-04-30 00:00:00+00:00
[2024-04-30T15:13:06.424+0200] {processor.py:183} INFO - Processing /Users/noejalabert/airflow_venv/lib/python3.11/site-packages/airflow/example_dags/example_task_group_decorator.py took 0.083 seconds
[2024-04-30T15:14:00.276+0200] {processor.py:161} INFO - Started process (PID=29490) to work on /Users/noejalabert/airflow_venv/lib/python3.11/site-packages/airflow/example_dags/example_task_group_decorator.py
[2024-04-30T15:14:00.276+0200] {processor.py:830} INFO - Processing file /Users/noejalabert/airflow_venv/lib/python3.11/site-packages/airflow/example_dags/example_task_group_decorator.py for tasks to queue
[2024-04-30T15:14:00.277+0200] {logging_mixin.py:188} INFO - [2024-04-30T15:14:00.276+0200] {dagbag.py:540} INFO - Filling up the DagBag from /Users/noejalabert/airflow_venv/lib/python3.11/site-packages/airflow/example_dags/example_task_group_decorator.py
[2024-04-30T15:14:00.295+0200] {processor.py:840} INFO - DAG(s) 'example_task_group_decorator' retrieved from /Users/noejalabert/airflow_venv/lib/python3.11/site-packages/airflow/example_dags/example_task_group_decorator.py
[2024-04-30T15:14:00.343+0200] {logging_mixin.py:188} INFO - [2024-04-30T15:14:00.343+0200] {dag.py:3096} INFO - Sync 1 DAGs
[2024-04-30T15:14:00.350+0200] {logging_mixin.py:188} INFO - [2024-04-30T15:14:00.350+0200] {dag.py:3954} INFO - Setting next_dagrun for example_task_group_decorator to 2024-04-29 00:00:00+00:00, run_after=2024-04-30 00:00:00+00:00
[2024-04-30T15:14:00.358+0200] {processor.py:183} INFO - Processing /Users/noejalabert/airflow_venv/lib/python3.11/site-packages/airflow/example_dags/example_task_group_decorator.py took 0.084 seconds
[2024-04-30T15:14:54.683+0200] {processor.py:161} INFO - Started process (PID=29527) to work on /Users/noejalabert/airflow_venv/lib/python3.11/site-packages/airflow/example_dags/example_task_group_decorator.py
[2024-04-30T15:14:54.683+0200] {processor.py:830} INFO - Processing file /Users/noejalabert/airflow_venv/lib/python3.11/site-packages/airflow/example_dags/example_task_group_decorator.py for tasks to queue
[2024-04-30T15:14:54.683+0200] {logging_mixin.py:188} INFO - [2024-04-30T15:14:54.683+0200] {dagbag.py:540} INFO - Filling up the DagBag from /Users/noejalabert/airflow_venv/lib/python3.11/site-packages/airflow/example_dags/example_task_group_decorator.py
[2024-04-30T15:14:54.702+0200] {processor.py:840} INFO - DAG(s) 'example_task_group_decorator' retrieved from /Users/noejalabert/airflow_venv/lib/python3.11/site-packages/airflow/example_dags/example_task_group_decorator.py
[2024-04-30T15:14:54.750+0200] {logging_mixin.py:188} INFO - [2024-04-30T15:14:54.750+0200] {dag.py:3096} INFO - Sync 1 DAGs
[2024-04-30T15:14:54.757+0200] {logging_mixin.py:188} INFO - [2024-04-30T15:14:54.757+0200] {dag.py:3954} INFO - Setting next_dagrun for example_task_group_decorator to 2024-04-29 00:00:00+00:00, run_after=2024-04-30 00:00:00+00:00
[2024-04-30T15:14:54.765+0200] {processor.py:183} INFO - Processing /Users/noejalabert/airflow_venv/lib/python3.11/site-packages/airflow/example_dags/example_task_group_decorator.py took 0.084 seconds
[2024-04-30T15:15:50.199+0200] {processor.py:161} INFO - Started process (PID=29561) to work on /Users/noejalabert/airflow_venv/lib/python3.11/site-packages/airflow/example_dags/example_task_group_decorator.py
[2024-04-30T15:15:50.200+0200] {processor.py:830} INFO - Processing file /Users/noejalabert/airflow_venv/lib/python3.11/site-packages/airflow/example_dags/example_task_group_decorator.py for tasks to queue
[2024-04-30T15:15:50.200+0200] {logging_mixin.py:188} INFO - [2024-04-30T15:15:50.200+0200] {dagbag.py:540} INFO - Filling up the DagBag from /Users/noejalabert/airflow_venv/lib/python3.11/site-packages/airflow/example_dags/example_task_group_decorator.py
[2024-04-30T15:15:50.219+0200] {processor.py:840} INFO - DAG(s) 'example_task_group_decorator' retrieved from /Users/noejalabert/airflow_venv/lib/python3.11/site-packages/airflow/example_dags/example_task_group_decorator.py
[2024-04-30T15:15:50.268+0200] {logging_mixin.py:188} INFO - [2024-04-30T15:15:50.267+0200] {dag.py:3096} INFO - Sync 1 DAGs
[2024-04-30T15:15:50.274+0200] {logging_mixin.py:188} INFO - [2024-04-30T15:15:50.274+0200] {dag.py:3954} INFO - Setting next_dagrun for example_task_group_decorator to 2024-04-29 00:00:00+00:00, run_after=2024-04-30 00:00:00+00:00
[2024-04-30T15:15:50.282+0200] {processor.py:183} INFO - Processing /Users/noejalabert/airflow_venv/lib/python3.11/site-packages/airflow/example_dags/example_task_group_decorator.py took 0.085 seconds
[2024-04-30T15:16:49.785+0200] {processor.py:161} INFO - Started process (PID=29618) to work on /Users/noejalabert/airflow_venv/lib/python3.11/site-packages/airflow/example_dags/example_task_group_decorator.py
[2024-04-30T15:16:49.786+0200] {processor.py:830} INFO - Processing file /Users/noejalabert/airflow_venv/lib/python3.11/site-packages/airflow/example_dags/example_task_group_decorator.py for tasks to queue
[2024-04-30T15:16:49.786+0200] {logging_mixin.py:188} INFO - [2024-04-30T15:16:49.786+0200] {dagbag.py:540} INFO - Filling up the DagBag from /Users/noejalabert/airflow_venv/lib/python3.11/site-packages/airflow/example_dags/example_task_group_decorator.py
[2024-04-30T15:16:49.806+0200] {processor.py:840} INFO - DAG(s) 'example_task_group_decorator' retrieved from /Users/noejalabert/airflow_venv/lib/python3.11/site-packages/airflow/example_dags/example_task_group_decorator.py
[2024-04-30T15:16:49.855+0200] {logging_mixin.py:188} INFO - [2024-04-30T15:16:49.855+0200] {dag.py:3096} INFO - Sync 1 DAGs
[2024-04-30T15:16:49.862+0200] {logging_mixin.py:188} INFO - [2024-04-30T15:16:49.862+0200] {dag.py:3954} INFO - Setting next_dagrun for example_task_group_decorator to 2024-04-29 00:00:00+00:00, run_after=2024-04-30 00:00:00+00:00
[2024-04-30T15:16:49.871+0200] {processor.py:183} INFO - Processing /Users/noejalabert/airflow_venv/lib/python3.11/site-packages/airflow/example_dags/example_task_group_decorator.py took 0.087 seconds
[2024-04-30T15:18:50.980+0200] {processor.py:161} INFO - Started process (PID=29998) to work on /Users/noejalabert/airflow_venv/lib/python3.11/site-packages/airflow/example_dags/example_task_group_decorator.py
[2024-04-30T15:18:50.981+0200] {processor.py:830} INFO - Processing file /Users/noejalabert/airflow_venv/lib/python3.11/site-packages/airflow/example_dags/example_task_group_decorator.py for tasks to queue
[2024-04-30T15:18:50.981+0200] {logging_mixin.py:188} INFO - [2024-04-30T15:18:50.981+0200] {dagbag.py:540} INFO - Filling up the DagBag from /Users/noejalabert/airflow_venv/lib/python3.11/site-packages/airflow/example_dags/example_task_group_decorator.py
[2024-04-30T15:18:51.001+0200] {processor.py:840} INFO - DAG(s) 'example_task_group_decorator' retrieved from /Users/noejalabert/airflow_venv/lib/python3.11/site-packages/airflow/example_dags/example_task_group_decorator.py
[2024-04-30T15:18:51.077+0200] {logging_mixin.py:188} INFO - [2024-04-30T15:18:51.077+0200] {dag.py:3096} INFO - Sync 1 DAGs
[2024-04-30T15:18:51.088+0200] {logging_mixin.py:188} INFO - [2024-04-30T15:18:51.087+0200] {dag.py:3954} INFO - Setting next_dagrun for example_task_group_decorator to 2024-04-29 00:00:00+00:00, run_after=2024-04-30 00:00:00+00:00
[2024-04-30T15:18:51.097+0200] {processor.py:183} INFO - Processing /Users/noejalabert/airflow_venv/lib/python3.11/site-packages/airflow/example_dags/example_task_group_decorator.py took 0.119 seconds
[2024-04-30T15:19:57.987+0200] {processor.py:161} INFO - Started process (PID=30193) to work on /Users/noejalabert/airflow_venv/lib/python3.11/site-packages/airflow/example_dags/example_task_group_decorator.py
[2024-04-30T15:19:57.989+0200] {processor.py:830} INFO - Processing file /Users/noejalabert/airflow_venv/lib/python3.11/site-packages/airflow/example_dags/example_task_group_decorator.py for tasks to queue
[2024-04-30T15:19:57.989+0200] {logging_mixin.py:188} INFO - [2024-04-30T15:19:57.989+0200] {dagbag.py:540} INFO - Filling up the DagBag from /Users/noejalabert/airflow_venv/lib/python3.11/site-packages/airflow/example_dags/example_task_group_decorator.py
[2024-04-30T15:19:58.010+0200] {processor.py:840} INFO - DAG(s) 'example_task_group_decorator' retrieved from /Users/noejalabert/airflow_venv/lib/python3.11/site-packages/airflow/example_dags/example_task_group_decorator.py
[2024-04-30T15:19:58.063+0200] {logging_mixin.py:188} INFO - [2024-04-30T15:19:58.063+0200] {dag.py:3096} INFO - Sync 1 DAGs
[2024-04-30T15:19:58.070+0200] {logging_mixin.py:188} INFO - [2024-04-30T15:19:58.070+0200] {dag.py:3954} INFO - Setting next_dagrun for example_task_group_decorator to 2024-04-29 00:00:00+00:00, run_after=2024-04-30 00:00:00+00:00
[2024-04-30T15:19:58.079+0200] {processor.py:183} INFO - Processing /Users/noejalabert/airflow_venv/lib/python3.11/site-packages/airflow/example_dags/example_task_group_decorator.py took 0.093 seconds
[2024-04-30T15:21:00.405+0200] {processor.py:161} INFO - Started process (PID=30237) to work on /Users/noejalabert/airflow_venv/lib/python3.11/site-packages/airflow/example_dags/example_task_group_decorator.py
[2024-04-30T15:21:00.406+0200] {processor.py:830} INFO - Processing file /Users/noejalabert/airflow_venv/lib/python3.11/site-packages/airflow/example_dags/example_task_group_decorator.py for tasks to queue
[2024-04-30T15:21:00.407+0200] {logging_mixin.py:188} INFO - [2024-04-30T15:21:00.406+0200] {dagbag.py:540} INFO - Filling up the DagBag from /Users/noejalabert/airflow_venv/lib/python3.11/site-packages/airflow/example_dags/example_task_group_decorator.py
[2024-04-30T15:21:00.426+0200] {processor.py:840} INFO - DAG(s) 'example_task_group_decorator' retrieved from /Users/noejalabert/airflow_venv/lib/python3.11/site-packages/airflow/example_dags/example_task_group_decorator.py
[2024-04-30T15:21:00.474+0200] {logging_mixin.py:188} INFO - [2024-04-30T15:21:00.474+0200] {dag.py:3096} INFO - Sync 1 DAGs
[2024-04-30T15:21:00.481+0200] {logging_mixin.py:188} INFO - [2024-04-30T15:21:00.481+0200] {dag.py:3954} INFO - Setting next_dagrun for example_task_group_decorator to 2024-04-29 00:00:00+00:00, run_after=2024-04-30 00:00:00+00:00
[2024-04-30T15:21:00.489+0200] {processor.py:183} INFO - Processing /Users/noejalabert/airflow_venv/lib/python3.11/site-packages/airflow/example_dags/example_task_group_decorator.py took 0.085 seconds
[2024-04-30T15:22:00.619+0200] {processor.py:161} INFO - Started process (PID=30281) to work on /Users/noejalabert/airflow_venv/lib/python3.11/site-packages/airflow/example_dags/example_task_group_decorator.py
[2024-04-30T15:22:00.620+0200] {processor.py:830} INFO - Processing file /Users/noejalabert/airflow_venv/lib/python3.11/site-packages/airflow/example_dags/example_task_group_decorator.py for tasks to queue
[2024-04-30T15:22:00.621+0200] {logging_mixin.py:188} INFO - [2024-04-30T15:22:00.620+0200] {dagbag.py:540} INFO - Filling up the DagBag from /Users/noejalabert/airflow_venv/lib/python3.11/site-packages/airflow/example_dags/example_task_group_decorator.py
[2024-04-30T15:22:00.641+0200] {processor.py:840} INFO - DAG(s) 'example_task_group_decorator' retrieved from /Users/noejalabert/airflow_venv/lib/python3.11/site-packages/airflow/example_dags/example_task_group_decorator.py
[2024-04-30T15:22:00.692+0200] {logging_mixin.py:188} INFO - [2024-04-30T15:22:00.692+0200] {dag.py:3096} INFO - Sync 1 DAGs
[2024-04-30T15:22:00.699+0200] {logging_mixin.py:188} INFO - [2024-04-30T15:22:00.699+0200] {dag.py:3954} INFO - Setting next_dagrun for example_task_group_decorator to 2024-04-29 00:00:00+00:00, run_after=2024-04-30 00:00:00+00:00
[2024-04-30T15:22:00.708+0200] {processor.py:183} INFO - Processing /Users/noejalabert/airflow_venv/lib/python3.11/site-packages/airflow/example_dags/example_task_group_decorator.py took 0.090 seconds
[2024-04-30T15:22:58.520+0200] {processor.py:161} INFO - Started process (PID=30328) to work on /Users/noejalabert/airflow_venv/lib/python3.11/site-packages/airflow/example_dags/example_task_group_decorator.py
[2024-04-30T15:22:58.521+0200] {processor.py:830} INFO - Processing file /Users/noejalabert/airflow_venv/lib/python3.11/site-packages/airflow/example_dags/example_task_group_decorator.py for tasks to queue
[2024-04-30T15:22:58.521+0200] {logging_mixin.py:188} INFO - [2024-04-30T15:22:58.521+0200] {dagbag.py:540} INFO - Filling up the DagBag from /Users/noejalabert/airflow_venv/lib/python3.11/site-packages/airflow/example_dags/example_task_group_decorator.py
[2024-04-30T15:22:58.540+0200] {processor.py:840} INFO - DAG(s) 'example_task_group_decorator' retrieved from /Users/noejalabert/airflow_venv/lib/python3.11/site-packages/airflow/example_dags/example_task_group_decorator.py
[2024-04-30T15:22:58.589+0200] {logging_mixin.py:188} INFO - [2024-04-30T15:22:58.588+0200] {dag.py:3096} INFO - Sync 1 DAGs
[2024-04-30T15:22:58.595+0200] {logging_mixin.py:188} INFO - [2024-04-30T15:22:58.595+0200] {dag.py:3954} INFO - Setting next_dagrun for example_task_group_decorator to 2024-04-29 00:00:00+00:00, run_after=2024-04-30 00:00:00+00:00
[2024-04-30T15:22:58.604+0200] {processor.py:183} INFO - Processing /Users/noejalabert/airflow_venv/lib/python3.11/site-packages/airflow/example_dags/example_task_group_decorator.py took 0.085 seconds
[2024-04-30T15:23:56.388+0200] {processor.py:161} INFO - Started process (PID=30379) to work on /Users/noejalabert/airflow_venv/lib/python3.11/site-packages/airflow/example_dags/example_task_group_decorator.py
[2024-04-30T15:23:56.389+0200] {processor.py:830} INFO - Processing file /Users/noejalabert/airflow_venv/lib/python3.11/site-packages/airflow/example_dags/example_task_group_decorator.py for tasks to queue
[2024-04-30T15:23:56.389+0200] {logging_mixin.py:188} INFO - [2024-04-30T15:23:56.389+0200] {dagbag.py:540} INFO - Filling up the DagBag from /Users/noejalabert/airflow_venv/lib/python3.11/site-packages/airflow/example_dags/example_task_group_decorator.py
[2024-04-30T15:23:56.409+0200] {processor.py:840} INFO - DAG(s) 'example_task_group_decorator' retrieved from /Users/noejalabert/airflow_venv/lib/python3.11/site-packages/airflow/example_dags/example_task_group_decorator.py
[2024-04-30T15:23:56.457+0200] {logging_mixin.py:188} INFO - [2024-04-30T15:23:56.457+0200] {dag.py:3096} INFO - Sync 1 DAGs
[2024-04-30T15:23:56.464+0200] {logging_mixin.py:188} INFO - [2024-04-30T15:23:56.464+0200] {dag.py:3954} INFO - Setting next_dagrun for example_task_group_decorator to 2024-04-29 00:00:00+00:00, run_after=2024-04-30 00:00:00+00:00
[2024-04-30T15:23:56.472+0200] {processor.py:183} INFO - Processing /Users/noejalabert/airflow_venv/lib/python3.11/site-packages/airflow/example_dags/example_task_group_decorator.py took 0.086 seconds
[2024-04-30T15:24:58.208+0200] {processor.py:161} INFO - Started process (PID=30434) to work on /Users/noejalabert/airflow_venv/lib/python3.11/site-packages/airflow/example_dags/example_task_group_decorator.py
[2024-04-30T15:24:58.209+0200] {processor.py:830} INFO - Processing file /Users/noejalabert/airflow_venv/lib/python3.11/site-packages/airflow/example_dags/example_task_group_decorator.py for tasks to queue
[2024-04-30T15:24:58.209+0200] {logging_mixin.py:188} INFO - [2024-04-30T15:24:58.209+0200] {dagbag.py:540} INFO - Filling up the DagBag from /Users/noejalabert/airflow_venv/lib/python3.11/site-packages/airflow/example_dags/example_task_group_decorator.py
[2024-04-30T15:24:58.228+0200] {processor.py:840} INFO - DAG(s) 'example_task_group_decorator' retrieved from /Users/noejalabert/airflow_venv/lib/python3.11/site-packages/airflow/example_dags/example_task_group_decorator.py
[2024-04-30T15:24:58.277+0200] {logging_mixin.py:188} INFO - [2024-04-30T15:24:58.276+0200] {dag.py:3096} INFO - Sync 1 DAGs
[2024-04-30T15:24:58.283+0200] {logging_mixin.py:188} INFO - [2024-04-30T15:24:58.283+0200] {dag.py:3954} INFO - Setting next_dagrun for example_task_group_decorator to 2024-04-29 00:00:00+00:00, run_after=2024-04-30 00:00:00+00:00
[2024-04-30T15:24:58.291+0200] {processor.py:183} INFO - Processing /Users/noejalabert/airflow_venv/lib/python3.11/site-packages/airflow/example_dags/example_task_group_decorator.py took 0.085 seconds
[2024-04-30T15:27:49.386+0200] {processor.py:161} INFO - Started process (PID=30545) to work on /Users/noejalabert/airflow_venv/lib/python3.11/site-packages/airflow/example_dags/example_task_group_decorator.py
[2024-04-30T15:27:49.387+0200] {processor.py:830} INFO - Processing file /Users/noejalabert/airflow_venv/lib/python3.11/site-packages/airflow/example_dags/example_task_group_decorator.py for tasks to queue
[2024-04-30T15:27:49.387+0200] {logging_mixin.py:188} INFO - [2024-04-30T15:27:49.387+0200] {dagbag.py:540} INFO - Filling up the DagBag from /Users/noejalabert/airflow_venv/lib/python3.11/site-packages/airflow/example_dags/example_task_group_decorator.py
[2024-04-30T15:27:49.406+0200] {processor.py:840} INFO - DAG(s) 'example_task_group_decorator' retrieved from /Users/noejalabert/airflow_venv/lib/python3.11/site-packages/airflow/example_dags/example_task_group_decorator.py
[2024-04-30T15:27:49.454+0200] {logging_mixin.py:188} INFO - [2024-04-30T15:27:49.454+0200] {dag.py:3096} INFO - Sync 1 DAGs
[2024-04-30T15:27:49.461+0200] {logging_mixin.py:188} INFO - [2024-04-30T15:27:49.461+0200] {dag.py:3954} INFO - Setting next_dagrun for example_task_group_decorator to 2024-04-29 00:00:00+00:00, run_after=2024-04-30 00:00:00+00:00
[2024-04-30T15:27:49.470+0200] {processor.py:183} INFO - Processing /Users/noejalabert/airflow_venv/lib/python3.11/site-packages/airflow/example_dags/example_task_group_decorator.py took 0.085 seconds
[2024-04-30T15:34:47.974+0200] {processor.py:161} INFO - Started process (PID=30632) to work on /Users/noejalabert/airflow_venv/lib/python3.11/site-packages/airflow/example_dags/example_task_group_decorator.py
[2024-04-30T15:34:47.974+0200] {processor.py:830} INFO - Processing file /Users/noejalabert/airflow_venv/lib/python3.11/site-packages/airflow/example_dags/example_task_group_decorator.py for tasks to queue
[2024-04-30T15:34:47.975+0200] {logging_mixin.py:188} INFO - [2024-04-30T15:34:47.975+0200] {dagbag.py:540} INFO - Filling up the DagBag from /Users/noejalabert/airflow_venv/lib/python3.11/site-packages/airflow/example_dags/example_task_group_decorator.py
[2024-04-30T15:34:47.998+0200] {processor.py:840} INFO - DAG(s) 'example_task_group_decorator' retrieved from /Users/noejalabert/airflow_venv/lib/python3.11/site-packages/airflow/example_dags/example_task_group_decorator.py
[2024-04-30T15:34:48.078+0200] {logging_mixin.py:188} INFO - [2024-04-30T15:34:48.078+0200] {dag.py:3096} INFO - Sync 1 DAGs
[2024-04-30T15:34:48.086+0200] {logging_mixin.py:188} INFO - [2024-04-30T15:34:48.086+0200] {dag.py:3954} INFO - Setting next_dagrun for example_task_group_decorator to 2024-04-29 00:00:00+00:00, run_after=2024-04-30 00:00:00+00:00
[2024-04-30T15:34:48.097+0200] {processor.py:183} INFO - Processing /Users/noejalabert/airflow_venv/lib/python3.11/site-packages/airflow/example_dags/example_task_group_decorator.py took 0.124 seconds
[2024-04-30T15:41:21.600+0200] {processor.py:161} INFO - Started process (PID=30734) to work on /Users/noejalabert/airflow_venv/lib/python3.11/site-packages/airflow/example_dags/example_task_group_decorator.py
[2024-04-30T15:41:21.600+0200] {processor.py:830} INFO - Processing file /Users/noejalabert/airflow_venv/lib/python3.11/site-packages/airflow/example_dags/example_task_group_decorator.py for tasks to queue
[2024-04-30T15:41:21.601+0200] {logging_mixin.py:188} INFO - [2024-04-30T15:41:21.601+0200] {dagbag.py:540} INFO - Filling up the DagBag from /Users/noejalabert/airflow_venv/lib/python3.11/site-packages/airflow/example_dags/example_task_group_decorator.py
[2024-04-30T15:41:21.619+0200] {processor.py:840} INFO - DAG(s) 'example_task_group_decorator' retrieved from /Users/noejalabert/airflow_venv/lib/python3.11/site-packages/airflow/example_dags/example_task_group_decorator.py
[2024-04-30T15:41:21.666+0200] {logging_mixin.py:188} INFO - [2024-04-30T15:41:21.666+0200] {dag.py:3096} INFO - Sync 1 DAGs
[2024-04-30T15:41:21.673+0200] {logging_mixin.py:188} INFO - [2024-04-30T15:41:21.673+0200] {dag.py:3954} INFO - Setting next_dagrun for example_task_group_decorator to 2024-04-29 00:00:00+00:00, run_after=2024-04-30 00:00:00+00:00
[2024-04-30T15:41:21.681+0200] {processor.py:183} INFO - Processing /Users/noejalabert/airflow_venv/lib/python3.11/site-packages/airflow/example_dags/example_task_group_decorator.py took 0.082 seconds
[2024-04-30T15:44:41.842+0200] {processor.py:161} INFO - Started process (PID=30820) to work on /Users/noejalabert/airflow_venv/lib/python3.11/site-packages/airflow/example_dags/example_task_group_decorator.py
[2024-04-30T15:44:41.843+0200] {processor.py:830} INFO - Processing file /Users/noejalabert/airflow_venv/lib/python3.11/site-packages/airflow/example_dags/example_task_group_decorator.py for tasks to queue
[2024-04-30T15:44:41.843+0200] {logging_mixin.py:188} INFO - [2024-04-30T15:44:41.843+0200] {dagbag.py:540} INFO - Filling up the DagBag from /Users/noejalabert/airflow_venv/lib/python3.11/site-packages/airflow/example_dags/example_task_group_decorator.py
[2024-04-30T15:44:41.862+0200] {processor.py:840} INFO - DAG(s) 'example_task_group_decorator' retrieved from /Users/noejalabert/airflow_venv/lib/python3.11/site-packages/airflow/example_dags/example_task_group_decorator.py
[2024-04-30T15:44:41.910+0200] {logging_mixin.py:188} INFO - [2024-04-30T15:44:41.910+0200] {dag.py:3096} INFO - Sync 1 DAGs
[2024-04-30T15:44:41.917+0200] {logging_mixin.py:188} INFO - [2024-04-30T15:44:41.917+0200] {dag.py:3954} INFO - Setting next_dagrun for example_task_group_decorator to 2024-04-29 00:00:00+00:00, run_after=2024-04-30 00:00:00+00:00
[2024-04-30T15:44:41.925+0200] {processor.py:183} INFO - Processing /Users/noejalabert/airflow_venv/lib/python3.11/site-packages/airflow/example_dags/example_task_group_decorator.py took 0.084 seconds
[2024-04-30T15:45:50.175+0200] {processor.py:161} INFO - Started process (PID=30865) to work on /Users/noejalabert/airflow_venv/lib/python3.11/site-packages/airflow/example_dags/example_task_group_decorator.py
[2024-04-30T15:45:50.176+0200] {processor.py:830} INFO - Processing file /Users/noejalabert/airflow_venv/lib/python3.11/site-packages/airflow/example_dags/example_task_group_decorator.py for tasks to queue
[2024-04-30T15:45:50.176+0200] {logging_mixin.py:188} INFO - [2024-04-30T15:45:50.176+0200] {dagbag.py:540} INFO - Filling up the DagBag from /Users/noejalabert/airflow_venv/lib/python3.11/site-packages/airflow/example_dags/example_task_group_decorator.py
[2024-04-30T15:45:50.195+0200] {processor.py:840} INFO - DAG(s) 'example_task_group_decorator' retrieved from /Users/noejalabert/airflow_venv/lib/python3.11/site-packages/airflow/example_dags/example_task_group_decorator.py
[2024-04-30T15:45:50.242+0200] {logging_mixin.py:188} INFO - [2024-04-30T15:45:50.242+0200] {dag.py:3096} INFO - Sync 1 DAGs
[2024-04-30T15:45:50.249+0200] {logging_mixin.py:188} INFO - [2024-04-30T15:45:50.249+0200] {dag.py:3954} INFO - Setting next_dagrun for example_task_group_decorator to 2024-04-29 00:00:00+00:00, run_after=2024-04-30 00:00:00+00:00
[2024-04-30T15:45:50.257+0200] {processor.py:183} INFO - Processing /Users/noejalabert/airflow_venv/lib/python3.11/site-packages/airflow/example_dags/example_task_group_decorator.py took 0.084 seconds
[2024-04-30T15:46:50.138+0200] {processor.py:161} INFO - Started process (PID=30901) to work on /Users/noejalabert/airflow_venv/lib/python3.11/site-packages/airflow/example_dags/example_task_group_decorator.py
[2024-04-30T15:46:50.138+0200] {processor.py:830} INFO - Processing file /Users/noejalabert/airflow_venv/lib/python3.11/site-packages/airflow/example_dags/example_task_group_decorator.py for tasks to queue
[2024-04-30T15:46:50.139+0200] {logging_mixin.py:188} INFO - [2024-04-30T15:46:50.138+0200] {dagbag.py:540} INFO - Filling up the DagBag from /Users/noejalabert/airflow_venv/lib/python3.11/site-packages/airflow/example_dags/example_task_group_decorator.py
[2024-04-30T15:46:50.158+0200] {processor.py:840} INFO - DAG(s) 'example_task_group_decorator' retrieved from /Users/noejalabert/airflow_venv/lib/python3.11/site-packages/airflow/example_dags/example_task_group_decorator.py
[2024-04-30T15:46:50.205+0200] {logging_mixin.py:188} INFO - [2024-04-30T15:46:50.205+0200] {dag.py:3096} INFO - Sync 1 DAGs
[2024-04-30T15:46:50.212+0200] {logging_mixin.py:188} INFO - [2024-04-30T15:46:50.212+0200] {dag.py:3954} INFO - Setting next_dagrun for example_task_group_decorator to 2024-04-29 00:00:00+00:00, run_after=2024-04-30 00:00:00+00:00
[2024-04-30T15:46:50.220+0200] {processor.py:183} INFO - Processing /Users/noejalabert/airflow_venv/lib/python3.11/site-packages/airflow/example_dags/example_task_group_decorator.py took 0.083 seconds
[2024-04-30T15:47:48.523+0200] {processor.py:161} INFO - Started process (PID=30940) to work on /Users/noejalabert/airflow_venv/lib/python3.11/site-packages/airflow/example_dags/example_task_group_decorator.py
[2024-04-30T15:47:48.523+0200] {processor.py:830} INFO - Processing file /Users/noejalabert/airflow_venv/lib/python3.11/site-packages/airflow/example_dags/example_task_group_decorator.py for tasks to queue
[2024-04-30T15:47:48.524+0200] {logging_mixin.py:188} INFO - [2024-04-30T15:47:48.524+0200] {dagbag.py:540} INFO - Filling up the DagBag from /Users/noejalabert/airflow_venv/lib/python3.11/site-packages/airflow/example_dags/example_task_group_decorator.py
[2024-04-30T15:47:48.542+0200] {processor.py:840} INFO - DAG(s) 'example_task_group_decorator' retrieved from /Users/noejalabert/airflow_venv/lib/python3.11/site-packages/airflow/example_dags/example_task_group_decorator.py
[2024-04-30T15:47:48.590+0200] {logging_mixin.py:188} INFO - [2024-04-30T15:47:48.590+0200] {dag.py:3096} INFO - Sync 1 DAGs
[2024-04-30T15:47:48.597+0200] {logging_mixin.py:188} INFO - [2024-04-30T15:47:48.597+0200] {dag.py:3954} INFO - Setting next_dagrun for example_task_group_decorator to 2024-04-29 00:00:00+00:00, run_after=2024-04-30 00:00:00+00:00
[2024-04-30T15:47:48.605+0200] {processor.py:183} INFO - Processing /Users/noejalabert/airflow_venv/lib/python3.11/site-packages/airflow/example_dags/example_task_group_decorator.py took 0.083 seconds
[2024-04-30T15:48:50.586+0200] {processor.py:161} INFO - Started process (PID=30979) to work on /Users/noejalabert/airflow_venv/lib/python3.11/site-packages/airflow/example_dags/example_task_group_decorator.py
[2024-04-30T15:48:50.587+0200] {processor.py:830} INFO - Processing file /Users/noejalabert/airflow_venv/lib/python3.11/site-packages/airflow/example_dags/example_task_group_decorator.py for tasks to queue
[2024-04-30T15:48:50.587+0200] {logging_mixin.py:188} INFO - [2024-04-30T15:48:50.587+0200] {dagbag.py:540} INFO - Filling up the DagBag from /Users/noejalabert/airflow_venv/lib/python3.11/site-packages/airflow/example_dags/example_task_group_decorator.py
[2024-04-30T15:48:50.606+0200] {processor.py:840} INFO - DAG(s) 'example_task_group_decorator' retrieved from /Users/noejalabert/airflow_venv/lib/python3.11/site-packages/airflow/example_dags/example_task_group_decorator.py
[2024-04-30T15:48:50.653+0200] {logging_mixin.py:188} INFO - [2024-04-30T15:48:50.653+0200] {dag.py:3096} INFO - Sync 1 DAGs
[2024-04-30T15:48:50.660+0200] {logging_mixin.py:188} INFO - [2024-04-30T15:48:50.660+0200] {dag.py:3954} INFO - Setting next_dagrun for example_task_group_decorator to 2024-04-29 00:00:00+00:00, run_after=2024-04-30 00:00:00+00:00
[2024-04-30T15:48:50.668+0200] {processor.py:183} INFO - Processing /Users/noejalabert/airflow_venv/lib/python3.11/site-packages/airflow/example_dags/example_task_group_decorator.py took 0.083 seconds
[2024-04-30T15:49:48.414+0200] {processor.py:161} INFO - Started process (PID=31032) to work on /Users/noejalabert/airflow_venv/lib/python3.11/site-packages/airflow/example_dags/example_task_group_decorator.py
[2024-04-30T15:49:48.414+0200] {processor.py:830} INFO - Processing file /Users/noejalabert/airflow_venv/lib/python3.11/site-packages/airflow/example_dags/example_task_group_decorator.py for tasks to queue
[2024-04-30T15:49:48.414+0200] {logging_mixin.py:188} INFO - [2024-04-30T15:49:48.414+0200] {dagbag.py:540} INFO - Filling up the DagBag from /Users/noejalabert/airflow_venv/lib/python3.11/site-packages/airflow/example_dags/example_task_group_decorator.py
[2024-04-30T15:49:48.433+0200] {processor.py:840} INFO - DAG(s) 'example_task_group_decorator' retrieved from /Users/noejalabert/airflow_venv/lib/python3.11/site-packages/airflow/example_dags/example_task_group_decorator.py
[2024-04-30T15:49:48.482+0200] {logging_mixin.py:188} INFO - [2024-04-30T15:49:48.482+0200] {dag.py:3096} INFO - Sync 1 DAGs
[2024-04-30T15:49:48.489+0200] {logging_mixin.py:188} INFO - [2024-04-30T15:49:48.489+0200] {dag.py:3954} INFO - Setting next_dagrun for example_task_group_decorator to 2024-04-29 00:00:00+00:00, run_after=2024-04-30 00:00:00+00:00
[2024-04-30T15:49:48.497+0200] {processor.py:183} INFO - Processing /Users/noejalabert/airflow_venv/lib/python3.11/site-packages/airflow/example_dags/example_task_group_decorator.py took 0.085 seconds
[2024-04-30T15:52:18.028+0200] {processor.py:161} INFO - Started process (PID=31105) to work on /Users/noejalabert/airflow_venv/lib/python3.11/site-packages/airflow/example_dags/example_task_group_decorator.py
[2024-04-30T15:52:18.029+0200] {processor.py:830} INFO - Processing file /Users/noejalabert/airflow_venv/lib/python3.11/site-packages/airflow/example_dags/example_task_group_decorator.py for tasks to queue
[2024-04-30T15:52:18.029+0200] {logging_mixin.py:188} INFO - [2024-04-30T15:52:18.029+0200] {dagbag.py:540} INFO - Filling up the DagBag from /Users/noejalabert/airflow_venv/lib/python3.11/site-packages/airflow/example_dags/example_task_group_decorator.py
[2024-04-30T15:52:18.048+0200] {processor.py:840} INFO - DAG(s) 'example_task_group_decorator' retrieved from /Users/noejalabert/airflow_venv/lib/python3.11/site-packages/airflow/example_dags/example_task_group_decorator.py
[2024-04-30T15:52:18.153+0200] {logging_mixin.py:188} INFO - [2024-04-30T15:52:18.153+0200] {dag.py:3096} INFO - Sync 1 DAGs
[2024-04-30T15:52:18.160+0200] {logging_mixin.py:188} INFO - [2024-04-30T15:52:18.160+0200] {dag.py:3954} INFO - Setting next_dagrun for example_task_group_decorator to 2024-04-29 00:00:00+00:00, run_after=2024-04-30 00:00:00+00:00
[2024-04-30T15:52:18.170+0200] {processor.py:183} INFO - Processing /Users/noejalabert/airflow_venv/lib/python3.11/site-packages/airflow/example_dags/example_task_group_decorator.py took 0.143 seconds
[2024-04-30T15:53:48.984+0200] {processor.py:161} INFO - Started process (PID=31169) to work on /Users/noejalabert/airflow_venv/lib/python3.11/site-packages/airflow/example_dags/example_task_group_decorator.py
[2024-04-30T15:53:48.984+0200] {processor.py:830} INFO - Processing file /Users/noejalabert/airflow_venv/lib/python3.11/site-packages/airflow/example_dags/example_task_group_decorator.py for tasks to queue
[2024-04-30T15:53:48.985+0200] {logging_mixin.py:188} INFO - [2024-04-30T15:53:48.984+0200] {dagbag.py:540} INFO - Filling up the DagBag from /Users/noejalabert/airflow_venv/lib/python3.11/site-packages/airflow/example_dags/example_task_group_decorator.py
[2024-04-30T15:53:49.003+0200] {processor.py:840} INFO - DAG(s) 'example_task_group_decorator' retrieved from /Users/noejalabert/airflow_venv/lib/python3.11/site-packages/airflow/example_dags/example_task_group_decorator.py
[2024-04-30T15:53:49.051+0200] {logging_mixin.py:188} INFO - [2024-04-30T15:53:49.051+0200] {dag.py:3096} INFO - Sync 1 DAGs
[2024-04-30T15:53:49.058+0200] {logging_mixin.py:188} INFO - [2024-04-30T15:53:49.058+0200] {dag.py:3954} INFO - Setting next_dagrun for example_task_group_decorator to 2024-04-29 00:00:00+00:00, run_after=2024-04-30 00:00:00+00:00
[2024-04-30T15:53:49.066+0200] {processor.py:183} INFO - Processing /Users/noejalabert/airflow_venv/lib/python3.11/site-packages/airflow/example_dags/example_task_group_decorator.py took 0.083 seconds
[2024-04-30T15:55:12.126+0200] {processor.py:161} INFO - Started process (PID=31233) to work on /Users/noejalabert/airflow_venv/lib/python3.11/site-packages/airflow/example_dags/example_task_group_decorator.py
[2024-04-30T15:55:12.126+0200] {processor.py:830} INFO - Processing file /Users/noejalabert/airflow_venv/lib/python3.11/site-packages/airflow/example_dags/example_task_group_decorator.py for tasks to queue
[2024-04-30T15:55:12.127+0200] {logging_mixin.py:188} INFO - [2024-04-30T15:55:12.127+0200] {dagbag.py:540} INFO - Filling up the DagBag from /Users/noejalabert/airflow_venv/lib/python3.11/site-packages/airflow/example_dags/example_task_group_decorator.py
[2024-04-30T15:55:12.145+0200] {processor.py:840} INFO - DAG(s) 'example_task_group_decorator' retrieved from /Users/noejalabert/airflow_venv/lib/python3.11/site-packages/airflow/example_dags/example_task_group_decorator.py
[2024-04-30T15:55:12.193+0200] {logging_mixin.py:188} INFO - [2024-04-30T15:55:12.193+0200] {dag.py:3096} INFO - Sync 1 DAGs
[2024-04-30T15:55:12.200+0200] {logging_mixin.py:188} INFO - [2024-04-30T15:55:12.200+0200] {dag.py:3954} INFO - Setting next_dagrun for example_task_group_decorator to 2024-04-29 00:00:00+00:00, run_after=2024-04-30 00:00:00+00:00
[2024-04-30T15:55:12.208+0200] {processor.py:183} INFO - Processing /Users/noejalabert/airflow_venv/lib/python3.11/site-packages/airflow/example_dags/example_task_group_decorator.py took 0.083 seconds
[2024-04-30T15:56:38.311+0200] {processor.py:161} INFO - Started process (PID=31291) to work on /Users/noejalabert/airflow_venv/lib/python3.11/site-packages/airflow/example_dags/example_task_group_decorator.py
[2024-04-30T15:56:38.312+0200] {processor.py:830} INFO - Processing file /Users/noejalabert/airflow_venv/lib/python3.11/site-packages/airflow/example_dags/example_task_group_decorator.py for tasks to queue
[2024-04-30T15:56:38.312+0200] {logging_mixin.py:188} INFO - [2024-04-30T15:56:38.312+0200] {dagbag.py:540} INFO - Filling up the DagBag from /Users/noejalabert/airflow_venv/lib/python3.11/site-packages/airflow/example_dags/example_task_group_decorator.py
[2024-04-30T15:56:38.331+0200] {processor.py:840} INFO - DAG(s) 'example_task_group_decorator' retrieved from /Users/noejalabert/airflow_venv/lib/python3.11/site-packages/airflow/example_dags/example_task_group_decorator.py
[2024-04-30T15:56:38.379+0200] {logging_mixin.py:188} INFO - [2024-04-30T15:56:38.379+0200] {dag.py:3096} INFO - Sync 1 DAGs
[2024-04-30T15:56:38.386+0200] {logging_mixin.py:188} INFO - [2024-04-30T15:56:38.386+0200] {dag.py:3954} INFO - Setting next_dagrun for example_task_group_decorator to 2024-04-29 00:00:00+00:00, run_after=2024-04-30 00:00:00+00:00
[2024-04-30T15:56:38.394+0200] {processor.py:183} INFO - Processing /Users/noejalabert/airflow_venv/lib/python3.11/site-packages/airflow/example_dags/example_task_group_decorator.py took 0.084 seconds
[2024-04-30T15:58:01.115+0200] {processor.py:161} INFO - Started process (PID=31367) to work on /Users/noejalabert/airflow_venv/lib/python3.11/site-packages/airflow/example_dags/example_task_group_decorator.py
[2024-04-30T15:58:01.116+0200] {processor.py:830} INFO - Processing file /Users/noejalabert/airflow_venv/lib/python3.11/site-packages/airflow/example_dags/example_task_group_decorator.py for tasks to queue
[2024-04-30T15:58:01.116+0200] {logging_mixin.py:188} INFO - [2024-04-30T15:58:01.116+0200] {dagbag.py:540} INFO - Filling up the DagBag from /Users/noejalabert/airflow_venv/lib/python3.11/site-packages/airflow/example_dags/example_task_group_decorator.py
[2024-04-30T15:58:01.135+0200] {processor.py:840} INFO - DAG(s) 'example_task_group_decorator' retrieved from /Users/noejalabert/airflow_venv/lib/python3.11/site-packages/airflow/example_dags/example_task_group_decorator.py
[2024-04-30T15:58:01.183+0200] {logging_mixin.py:188} INFO - [2024-04-30T15:58:01.182+0200] {dag.py:3096} INFO - Sync 1 DAGs
[2024-04-30T15:58:01.189+0200] {logging_mixin.py:188} INFO - [2024-04-30T15:58:01.189+0200] {dag.py:3954} INFO - Setting next_dagrun for example_task_group_decorator to 2024-04-29 00:00:00+00:00, run_after=2024-04-30 00:00:00+00:00
[2024-04-30T15:58:01.197+0200] {processor.py:183} INFO - Processing /Users/noejalabert/airflow_venv/lib/python3.11/site-packages/airflow/example_dags/example_task_group_decorator.py took 0.084 seconds
[2024-04-30T15:59:28.586+0200] {processor.py:161} INFO - Started process (PID=31642) to work on /Users/noejalabert/airflow_venv/lib/python3.11/site-packages/airflow/example_dags/example_task_group_decorator.py
[2024-04-30T15:59:28.588+0200] {processor.py:830} INFO - Processing file /Users/noejalabert/airflow_venv/lib/python3.11/site-packages/airflow/example_dags/example_task_group_decorator.py for tasks to queue
[2024-04-30T15:59:28.588+0200] {logging_mixin.py:188} INFO - [2024-04-30T15:59:28.588+0200] {dagbag.py:540} INFO - Filling up the DagBag from /Users/noejalabert/airflow_venv/lib/python3.11/site-packages/airflow/example_dags/example_task_group_decorator.py
[2024-04-30T15:59:28.608+0200] {processor.py:840} INFO - DAG(s) 'example_task_group_decorator' retrieved from /Users/noejalabert/airflow_venv/lib/python3.11/site-packages/airflow/example_dags/example_task_group_decorator.py
[2024-04-30T15:59:28.657+0200] {logging_mixin.py:188} INFO - [2024-04-30T15:59:28.657+0200] {dag.py:3096} INFO - Sync 1 DAGs
[2024-04-30T15:59:28.664+0200] {logging_mixin.py:188} INFO - [2024-04-30T15:59:28.664+0200] {dag.py:3954} INFO - Setting next_dagrun for example_task_group_decorator to 2024-04-29 00:00:00+00:00, run_after=2024-04-30 00:00:00+00:00
[2024-04-30T15:59:28.672+0200] {processor.py:183} INFO - Processing /Users/noejalabert/airflow_venv/lib/python3.11/site-packages/airflow/example_dags/example_task_group_decorator.py took 0.087 seconds
[2024-04-30T16:00:53.238+0200] {processor.py:161} INFO - Started process (PID=31712) to work on /Users/noejalabert/airflow_venv/lib/python3.11/site-packages/airflow/example_dags/example_task_group_decorator.py
[2024-04-30T16:00:53.240+0200] {processor.py:830} INFO - Processing file /Users/noejalabert/airflow_venv/lib/python3.11/site-packages/airflow/example_dags/example_task_group_decorator.py for tasks to queue
[2024-04-30T16:00:53.240+0200] {logging_mixin.py:188} INFO - [2024-04-30T16:00:53.240+0200] {dagbag.py:540} INFO - Filling up the DagBag from /Users/noejalabert/airflow_venv/lib/python3.11/site-packages/airflow/example_dags/example_task_group_decorator.py
[2024-04-30T16:00:53.260+0200] {processor.py:840} INFO - DAG(s) 'example_task_group_decorator' retrieved from /Users/noejalabert/airflow_venv/lib/python3.11/site-packages/airflow/example_dags/example_task_group_decorator.py
[2024-04-30T16:00:53.310+0200] {logging_mixin.py:188} INFO - [2024-04-30T16:00:53.310+0200] {dag.py:3096} INFO - Sync 1 DAGs
[2024-04-30T16:00:53.317+0200] {logging_mixin.py:188} INFO - [2024-04-30T16:00:53.317+0200] {dag.py:3954} INFO - Setting next_dagrun for example_task_group_decorator to 2024-04-29 00:00:00+00:00, run_after=2024-04-30 00:00:00+00:00
[2024-04-30T16:00:53.325+0200] {processor.py:183} INFO - Processing /Users/noejalabert/airflow_venv/lib/python3.11/site-packages/airflow/example_dags/example_task_group_decorator.py took 0.089 seconds
[2024-04-30T16:02:16.344+0200] {processor.py:161} INFO - Started process (PID=31770) to work on /Users/noejalabert/airflow_venv/lib/python3.11/site-packages/airflow/example_dags/example_task_group_decorator.py
[2024-04-30T16:02:16.345+0200] {processor.py:830} INFO - Processing file /Users/noejalabert/airflow_venv/lib/python3.11/site-packages/airflow/example_dags/example_task_group_decorator.py for tasks to queue
[2024-04-30T16:02:16.346+0200] {logging_mixin.py:188} INFO - [2024-04-30T16:02:16.346+0200] {dagbag.py:540} INFO - Filling up the DagBag from /Users/noejalabert/airflow_venv/lib/python3.11/site-packages/airflow/example_dags/example_task_group_decorator.py
[2024-04-30T16:02:16.365+0200] {processor.py:840} INFO - DAG(s) 'example_task_group_decorator' retrieved from /Users/noejalabert/airflow_venv/lib/python3.11/site-packages/airflow/example_dags/example_task_group_decorator.py
[2024-04-30T16:02:16.415+0200] {logging_mixin.py:188} INFO - [2024-04-30T16:02:16.415+0200] {dag.py:3096} INFO - Sync 1 DAGs
[2024-04-30T16:02:16.422+0200] {logging_mixin.py:188} INFO - [2024-04-30T16:02:16.422+0200] {dag.py:3954} INFO - Setting next_dagrun for example_task_group_decorator to 2024-04-29 00:00:00+00:00, run_after=2024-04-30 00:00:00+00:00
[2024-04-30T16:02:16.430+0200] {processor.py:183} INFO - Processing /Users/noejalabert/airflow_venv/lib/python3.11/site-packages/airflow/example_dags/example_task_group_decorator.py took 0.087 seconds
[2024-04-30T16:03:42.872+0200] {processor.py:161} INFO - Started process (PID=31831) to work on /Users/noejalabert/airflow_venv/lib/python3.11/site-packages/airflow/example_dags/example_task_group_decorator.py
[2024-04-30T16:03:42.872+0200] {processor.py:830} INFO - Processing file /Users/noejalabert/airflow_venv/lib/python3.11/site-packages/airflow/example_dags/example_task_group_decorator.py for tasks to queue
[2024-04-30T16:03:42.873+0200] {logging_mixin.py:188} INFO - [2024-04-30T16:03:42.873+0200] {dagbag.py:540} INFO - Filling up the DagBag from /Users/noejalabert/airflow_venv/lib/python3.11/site-packages/airflow/example_dags/example_task_group_decorator.py
[2024-04-30T16:03:42.892+0200] {processor.py:840} INFO - DAG(s) 'example_task_group_decorator' retrieved from /Users/noejalabert/airflow_venv/lib/python3.11/site-packages/airflow/example_dags/example_task_group_decorator.py
[2024-04-30T16:03:42.940+0200] {logging_mixin.py:188} INFO - [2024-04-30T16:03:42.940+0200] {dag.py:3096} INFO - Sync 1 DAGs
[2024-04-30T16:03:42.947+0200] {logging_mixin.py:188} INFO - [2024-04-30T16:03:42.947+0200] {dag.py:3954} INFO - Setting next_dagrun for example_task_group_decorator to 2024-04-29 00:00:00+00:00, run_after=2024-04-30 00:00:00+00:00
[2024-04-30T16:03:42.955+0200] {processor.py:183} INFO - Processing /Users/noejalabert/airflow_venv/lib/python3.11/site-packages/airflow/example_dags/example_task_group_decorator.py took 0.085 seconds
[2024-04-30T16:05:07.375+0200] {processor.py:161} INFO - Started process (PID=31899) to work on /Users/noejalabert/airflow_venv/lib/python3.11/site-packages/airflow/example_dags/example_task_group_decorator.py
[2024-04-30T16:05:07.375+0200] {processor.py:830} INFO - Processing file /Users/noejalabert/airflow_venv/lib/python3.11/site-packages/airflow/example_dags/example_task_group_decorator.py for tasks to queue
[2024-04-30T16:05:07.376+0200] {logging_mixin.py:188} INFO - [2024-04-30T16:05:07.376+0200] {dagbag.py:540} INFO - Filling up the DagBag from /Users/noejalabert/airflow_venv/lib/python3.11/site-packages/airflow/example_dags/example_task_group_decorator.py
[2024-04-30T16:05:07.396+0200] {processor.py:840} INFO - DAG(s) 'example_task_group_decorator' retrieved from /Users/noejalabert/airflow_venv/lib/python3.11/site-packages/airflow/example_dags/example_task_group_decorator.py
[2024-04-30T16:05:07.444+0200] {logging_mixin.py:188} INFO - [2024-04-30T16:05:07.444+0200] {dag.py:3096} INFO - Sync 1 DAGs
[2024-04-30T16:05:07.451+0200] {logging_mixin.py:188} INFO - [2024-04-30T16:05:07.451+0200] {dag.py:3954} INFO - Setting next_dagrun for example_task_group_decorator to 2024-04-29 00:00:00+00:00, run_after=2024-04-30 00:00:00+00:00
[2024-04-30T16:05:07.459+0200] {processor.py:183} INFO - Processing /Users/noejalabert/airflow_venv/lib/python3.11/site-packages/airflow/example_dags/example_task_group_decorator.py took 0.086 seconds
[2024-04-30T16:08:07.785+0200] {processor.py:161} INFO - Started process (PID=31988) to work on /Users/noejalabert/airflow_venv/lib/python3.11/site-packages/airflow/example_dags/example_task_group_decorator.py
[2024-04-30T16:08:07.787+0200] {processor.py:830} INFO - Processing file /Users/noejalabert/airflow_venv/lib/python3.11/site-packages/airflow/example_dags/example_task_group_decorator.py for tasks to queue
[2024-04-30T16:08:07.787+0200] {logging_mixin.py:188} INFO - [2024-04-30T16:08:07.787+0200] {dagbag.py:540} INFO - Filling up the DagBag from /Users/noejalabert/airflow_venv/lib/python3.11/site-packages/airflow/example_dags/example_task_group_decorator.py
[2024-04-30T16:08:07.806+0200] {processor.py:840} INFO - DAG(s) 'example_task_group_decorator' retrieved from /Users/noejalabert/airflow_venv/lib/python3.11/site-packages/airflow/example_dags/example_task_group_decorator.py
[2024-04-30T16:08:07.854+0200] {logging_mixin.py:188} INFO - [2024-04-30T16:08:07.853+0200] {dag.py:3096} INFO - Sync 1 DAGs
[2024-04-30T16:08:07.860+0200] {logging_mixin.py:188} INFO - [2024-04-30T16:08:07.860+0200] {dag.py:3954} INFO - Setting next_dagrun for example_task_group_decorator to 2024-04-29 00:00:00+00:00, run_after=2024-04-30 00:00:00+00:00
[2024-04-30T16:08:07.868+0200] {processor.py:183} INFO - Processing /Users/noejalabert/airflow_venv/lib/python3.11/site-packages/airflow/example_dags/example_task_group_decorator.py took 0.084 seconds
[2024-04-30T16:09:30.669+0200] {processor.py:161} INFO - Started process (PID=32063) to work on /Users/noejalabert/airflow_venv/lib/python3.11/site-packages/airflow/example_dags/example_task_group_decorator.py
[2024-04-30T16:09:30.669+0200] {processor.py:830} INFO - Processing file /Users/noejalabert/airflow_venv/lib/python3.11/site-packages/airflow/example_dags/example_task_group_decorator.py for tasks to queue
[2024-04-30T16:09:30.669+0200] {logging_mixin.py:188} INFO - [2024-04-30T16:09:30.669+0200] {dagbag.py:540} INFO - Filling up the DagBag from /Users/noejalabert/airflow_venv/lib/python3.11/site-packages/airflow/example_dags/example_task_group_decorator.py
[2024-04-30T16:09:30.688+0200] {processor.py:840} INFO - DAG(s) 'example_task_group_decorator' retrieved from /Users/noejalabert/airflow_venv/lib/python3.11/site-packages/airflow/example_dags/example_task_group_decorator.py
[2024-04-30T16:09:30.736+0200] {logging_mixin.py:188} INFO - [2024-04-30T16:09:30.736+0200] {dag.py:3096} INFO - Sync 1 DAGs
[2024-04-30T16:09:30.743+0200] {logging_mixin.py:188} INFO - [2024-04-30T16:09:30.743+0200] {dag.py:3954} INFO - Setting next_dagrun for example_task_group_decorator to 2024-04-29 00:00:00+00:00, run_after=2024-04-30 00:00:00+00:00
[2024-04-30T16:09:30.751+0200] {processor.py:183} INFO - Processing /Users/noejalabert/airflow_venv/lib/python3.11/site-packages/airflow/example_dags/example_task_group_decorator.py took 0.084 seconds
[2024-04-30T16:10:54.338+0200] {processor.py:161} INFO - Started process (PID=32129) to work on /Users/noejalabert/airflow_venv/lib/python3.11/site-packages/airflow/example_dags/example_task_group_decorator.py
[2024-04-30T16:10:54.339+0200] {processor.py:830} INFO - Processing file /Users/noejalabert/airflow_venv/lib/python3.11/site-packages/airflow/example_dags/example_task_group_decorator.py for tasks to queue
[2024-04-30T16:10:54.339+0200] {logging_mixin.py:188} INFO - [2024-04-30T16:10:54.339+0200] {dagbag.py:540} INFO - Filling up the DagBag from /Users/noejalabert/airflow_venv/lib/python3.11/site-packages/airflow/example_dags/example_task_group_decorator.py
[2024-04-30T16:10:54.360+0200] {processor.py:840} INFO - DAG(s) 'example_task_group_decorator' retrieved from /Users/noejalabert/airflow_venv/lib/python3.11/site-packages/airflow/example_dags/example_task_group_decorator.py
[2024-04-30T16:10:54.410+0200] {logging_mixin.py:188} INFO - [2024-04-30T16:10:54.409+0200] {dag.py:3096} INFO - Sync 1 DAGs
[2024-04-30T16:10:54.416+0200] {logging_mixin.py:188} INFO - [2024-04-30T16:10:54.416+0200] {dag.py:3954} INFO - Setting next_dagrun for example_task_group_decorator to 2024-04-29 00:00:00+00:00, run_after=2024-04-30 00:00:00+00:00
[2024-04-30T16:10:54.425+0200] {processor.py:183} INFO - Processing /Users/noejalabert/airflow_venv/lib/python3.11/site-packages/airflow/example_dags/example_task_group_decorator.py took 0.087 seconds
[2024-04-30T16:12:21.631+0200] {processor.py:161} INFO - Started process (PID=32197) to work on /Users/noejalabert/airflow_venv/lib/python3.11/site-packages/airflow/example_dags/example_task_group_decorator.py
[2024-04-30T16:12:21.632+0200] {processor.py:830} INFO - Processing file /Users/noejalabert/airflow_venv/lib/python3.11/site-packages/airflow/example_dags/example_task_group_decorator.py for tasks to queue
[2024-04-30T16:12:21.632+0200] {logging_mixin.py:188} INFO - [2024-04-30T16:12:21.632+0200] {dagbag.py:540} INFO - Filling up the DagBag from /Users/noejalabert/airflow_venv/lib/python3.11/site-packages/airflow/example_dags/example_task_group_decorator.py
[2024-04-30T16:12:21.651+0200] {processor.py:840} INFO - DAG(s) 'example_task_group_decorator' retrieved from /Users/noejalabert/airflow_venv/lib/python3.11/site-packages/airflow/example_dags/example_task_group_decorator.py
[2024-04-30T16:12:21.699+0200] {logging_mixin.py:188} INFO - [2024-04-30T16:12:21.699+0200] {dag.py:3096} INFO - Sync 1 DAGs
[2024-04-30T16:12:21.706+0200] {logging_mixin.py:188} INFO - [2024-04-30T16:12:21.706+0200] {dag.py:3954} INFO - Setting next_dagrun for example_task_group_decorator to 2024-04-29 00:00:00+00:00, run_after=2024-04-30 00:00:00+00:00
[2024-04-30T16:12:21.714+0200] {processor.py:183} INFO - Processing /Users/noejalabert/airflow_venv/lib/python3.11/site-packages/airflow/example_dags/example_task_group_decorator.py took 0.084 seconds
[2024-04-30T16:13:45.214+0200] {processor.py:161} INFO - Started process (PID=32261) to work on /Users/noejalabert/airflow_venv/lib/python3.11/site-packages/airflow/example_dags/example_task_group_decorator.py
[2024-04-30T16:13:45.215+0200] {processor.py:830} INFO - Processing file /Users/noejalabert/airflow_venv/lib/python3.11/site-packages/airflow/example_dags/example_task_group_decorator.py for tasks to queue
[2024-04-30T16:13:45.215+0200] {logging_mixin.py:188} INFO - [2024-04-30T16:13:45.215+0200] {dagbag.py:540} INFO - Filling up the DagBag from /Users/noejalabert/airflow_venv/lib/python3.11/site-packages/airflow/example_dags/example_task_group_decorator.py
[2024-04-30T16:13:45.234+0200] {processor.py:840} INFO - DAG(s) 'example_task_group_decorator' retrieved from /Users/noejalabert/airflow_venv/lib/python3.11/site-packages/airflow/example_dags/example_task_group_decorator.py
[2024-04-30T16:13:45.286+0200] {logging_mixin.py:188} INFO - [2024-04-30T16:13:45.285+0200] {dag.py:3096} INFO - Sync 1 DAGs
[2024-04-30T16:13:45.294+0200] {logging_mixin.py:188} INFO - [2024-04-30T16:13:45.294+0200] {dag.py:3954} INFO - Setting next_dagrun for example_task_group_decorator to 2024-04-29 00:00:00+00:00, run_after=2024-04-30 00:00:00+00:00
[2024-04-30T16:13:45.306+0200] {processor.py:183} INFO - Processing /Users/noejalabert/airflow_venv/lib/python3.11/site-packages/airflow/example_dags/example_task_group_decorator.py took 0.094 seconds
[2024-04-30T16:15:12.027+0200] {processor.py:161} INFO - Started process (PID=32326) to work on /Users/noejalabert/airflow_venv/lib/python3.11/site-packages/airflow/example_dags/example_task_group_decorator.py
[2024-04-30T16:15:12.028+0200] {processor.py:830} INFO - Processing file /Users/noejalabert/airflow_venv/lib/python3.11/site-packages/airflow/example_dags/example_task_group_decorator.py for tasks to queue
[2024-04-30T16:15:12.029+0200] {logging_mixin.py:188} INFO - [2024-04-30T16:15:12.029+0200] {dagbag.py:540} INFO - Filling up the DagBag from /Users/noejalabert/airflow_venv/lib/python3.11/site-packages/airflow/example_dags/example_task_group_decorator.py
[2024-04-30T16:15:12.049+0200] {processor.py:840} INFO - DAG(s) 'example_task_group_decorator' retrieved from /Users/noejalabert/airflow_venv/lib/python3.11/site-packages/airflow/example_dags/example_task_group_decorator.py
[2024-04-30T16:15:12.099+0200] {logging_mixin.py:188} INFO - [2024-04-30T16:15:12.099+0200] {dag.py:3096} INFO - Sync 1 DAGs
[2024-04-30T16:15:12.106+0200] {logging_mixin.py:188} INFO - [2024-04-30T16:15:12.106+0200] {dag.py:3954} INFO - Setting next_dagrun for example_task_group_decorator to 2024-04-29 00:00:00+00:00, run_after=2024-04-30 00:00:00+00:00
[2024-04-30T16:15:12.115+0200] {processor.py:183} INFO - Processing /Users/noejalabert/airflow_venv/lib/python3.11/site-packages/airflow/example_dags/example_task_group_decorator.py took 0.090 seconds
[2024-04-30T16:16:37.226+0200] {processor.py:161} INFO - Started process (PID=32391) to work on /Users/noejalabert/airflow_venv/lib/python3.11/site-packages/airflow/example_dags/example_task_group_decorator.py
[2024-04-30T16:16:37.226+0200] {processor.py:830} INFO - Processing file /Users/noejalabert/airflow_venv/lib/python3.11/site-packages/airflow/example_dags/example_task_group_decorator.py for tasks to queue
[2024-04-30T16:16:37.227+0200] {logging_mixin.py:188} INFO - [2024-04-30T16:16:37.227+0200] {dagbag.py:540} INFO - Filling up the DagBag from /Users/noejalabert/airflow_venv/lib/python3.11/site-packages/airflow/example_dags/example_task_group_decorator.py
[2024-04-30T16:16:37.247+0200] {processor.py:840} INFO - DAG(s) 'example_task_group_decorator' retrieved from /Users/noejalabert/airflow_venv/lib/python3.11/site-packages/airflow/example_dags/example_task_group_decorator.py
[2024-04-30T16:16:37.297+0200] {logging_mixin.py:188} INFO - [2024-04-30T16:16:37.297+0200] {dag.py:3096} INFO - Sync 1 DAGs
[2024-04-30T16:16:37.304+0200] {logging_mixin.py:188} INFO - [2024-04-30T16:16:37.304+0200] {dag.py:3954} INFO - Setting next_dagrun for example_task_group_decorator to 2024-04-29 00:00:00+00:00, run_after=2024-04-30 00:00:00+00:00
[2024-04-30T16:16:37.312+0200] {processor.py:183} INFO - Processing /Users/noejalabert/airflow_venv/lib/python3.11/site-packages/airflow/example_dags/example_task_group_decorator.py took 0.088 seconds
[2024-04-30T16:17:59.876+0200] {processor.py:161} INFO - Started process (PID=32465) to work on /Users/noejalabert/airflow_venv/lib/python3.11/site-packages/airflow/example_dags/example_task_group_decorator.py
[2024-04-30T16:17:59.877+0200] {processor.py:830} INFO - Processing file /Users/noejalabert/airflow_venv/lib/python3.11/site-packages/airflow/example_dags/example_task_group_decorator.py for tasks to queue
[2024-04-30T16:17:59.877+0200] {logging_mixin.py:188} INFO - [2024-04-30T16:17:59.877+0200] {dagbag.py:540} INFO - Filling up the DagBag from /Users/noejalabert/airflow_venv/lib/python3.11/site-packages/airflow/example_dags/example_task_group_decorator.py
[2024-04-30T16:17:59.896+0200] {processor.py:840} INFO - DAG(s) 'example_task_group_decorator' retrieved from /Users/noejalabert/airflow_venv/lib/python3.11/site-packages/airflow/example_dags/example_task_group_decorator.py
[2024-04-30T16:17:59.945+0200] {logging_mixin.py:188} INFO - [2024-04-30T16:17:59.944+0200] {dag.py:3096} INFO - Sync 1 DAGs
[2024-04-30T16:17:59.951+0200] {logging_mixin.py:188} INFO - [2024-04-30T16:17:59.951+0200] {dag.py:3954} INFO - Setting next_dagrun for example_task_group_decorator to 2024-04-29 00:00:00+00:00, run_after=2024-04-30 00:00:00+00:00
[2024-04-30T16:17:59.959+0200] {processor.py:183} INFO - Processing /Users/noejalabert/airflow_venv/lib/python3.11/site-packages/airflow/example_dags/example_task_group_decorator.py took 0.085 seconds
[2024-04-30T16:19:23.394+0200] {processor.py:161} INFO - Started process (PID=32525) to work on /Users/noejalabert/airflow_venv/lib/python3.11/site-packages/airflow/example_dags/example_task_group_decorator.py
[2024-04-30T16:19:23.394+0200] {processor.py:830} INFO - Processing file /Users/noejalabert/airflow_venv/lib/python3.11/site-packages/airflow/example_dags/example_task_group_decorator.py for tasks to queue
[2024-04-30T16:19:23.395+0200] {logging_mixin.py:188} INFO - [2024-04-30T16:19:23.395+0200] {dagbag.py:540} INFO - Filling up the DagBag from /Users/noejalabert/airflow_venv/lib/python3.11/site-packages/airflow/example_dags/example_task_group_decorator.py
[2024-04-30T16:19:23.414+0200] {processor.py:840} INFO - DAG(s) 'example_task_group_decorator' retrieved from /Users/noejalabert/airflow_venv/lib/python3.11/site-packages/airflow/example_dags/example_task_group_decorator.py
[2024-04-30T16:19:23.462+0200] {logging_mixin.py:188} INFO - [2024-04-30T16:19:23.462+0200] {dag.py:3096} INFO - Sync 1 DAGs
[2024-04-30T16:19:23.469+0200] {logging_mixin.py:188} INFO - [2024-04-30T16:19:23.469+0200] {dag.py:3954} INFO - Setting next_dagrun for example_task_group_decorator to 2024-04-29 00:00:00+00:00, run_after=2024-04-30 00:00:00+00:00
[2024-04-30T16:19:23.477+0200] {processor.py:183} INFO - Processing /Users/noejalabert/airflow_venv/lib/python3.11/site-packages/airflow/example_dags/example_task_group_decorator.py took 0.085 seconds
[2024-04-30T16:20:40.835+0200] {processor.py:161} INFO - Started process (PID=32581) to work on /Users/noejalabert/airflow_venv/lib/python3.11/site-packages/airflow/example_dags/example_task_group_decorator.py
[2024-04-30T16:20:40.835+0200] {processor.py:830} INFO - Processing file /Users/noejalabert/airflow_venv/lib/python3.11/site-packages/airflow/example_dags/example_task_group_decorator.py for tasks to queue
[2024-04-30T16:20:40.836+0200] {logging_mixin.py:188} INFO - [2024-04-30T16:20:40.835+0200] {dagbag.py:540} INFO - Filling up the DagBag from /Users/noejalabert/airflow_venv/lib/python3.11/site-packages/airflow/example_dags/example_task_group_decorator.py
[2024-04-30T16:20:40.855+0200] {processor.py:840} INFO - DAG(s) 'example_task_group_decorator' retrieved from /Users/noejalabert/airflow_venv/lib/python3.11/site-packages/airflow/example_dags/example_task_group_decorator.py
[2024-04-30T16:20:40.903+0200] {logging_mixin.py:188} INFO - [2024-04-30T16:20:40.903+0200] {dag.py:3096} INFO - Sync 1 DAGs
[2024-04-30T16:20:40.910+0200] {logging_mixin.py:188} INFO - [2024-04-30T16:20:40.910+0200] {dag.py:3954} INFO - Setting next_dagrun for example_task_group_decorator to 2024-04-29 00:00:00+00:00, run_after=2024-04-30 00:00:00+00:00
[2024-04-30T16:20:40.918+0200] {processor.py:183} INFO - Processing /Users/noejalabert/airflow_venv/lib/python3.11/site-packages/airflow/example_dags/example_task_group_decorator.py took 0.084 seconds
[2024-04-30T16:22:26.413+0200] {processor.py:161} INFO - Started process (PID=32668) to work on /Users/noejalabert/airflow_venv/lib/python3.11/site-packages/airflow/example_dags/example_task_group_decorator.py
[2024-04-30T16:22:26.414+0200] {processor.py:830} INFO - Processing file /Users/noejalabert/airflow_venv/lib/python3.11/site-packages/airflow/example_dags/example_task_group_decorator.py for tasks to queue
[2024-04-30T16:22:26.415+0200] {logging_mixin.py:188} INFO - [2024-04-30T16:22:26.415+0200] {dagbag.py:540} INFO - Filling up the DagBag from /Users/noejalabert/airflow_venv/lib/python3.11/site-packages/airflow/example_dags/example_task_group_decorator.py
[2024-04-30T16:22:26.434+0200] {processor.py:840} INFO - DAG(s) 'example_task_group_decorator' retrieved from /Users/noejalabert/airflow_venv/lib/python3.11/site-packages/airflow/example_dags/example_task_group_decorator.py
[2024-04-30T16:22:26.482+0200] {logging_mixin.py:188} INFO - [2024-04-30T16:22:26.482+0200] {dag.py:3096} INFO - Sync 1 DAGs
[2024-04-30T16:22:26.488+0200] {logging_mixin.py:188} INFO - [2024-04-30T16:22:26.488+0200] {dag.py:3954} INFO - Setting next_dagrun for example_task_group_decorator to 2024-04-29 00:00:00+00:00, run_after=2024-04-30 00:00:00+00:00
[2024-04-30T16:22:26.497+0200] {processor.py:183} INFO - Processing /Users/noejalabert/airflow_venv/lib/python3.11/site-packages/airflow/example_dags/example_task_group_decorator.py took 0.085 seconds
[2024-04-30T16:23:52.455+0200] {processor.py:161} INFO - Started process (PID=32750) to work on /Users/noejalabert/airflow_venv/lib/python3.11/site-packages/airflow/example_dags/example_task_group_decorator.py
[2024-04-30T16:23:52.456+0200] {processor.py:830} INFO - Processing file /Users/noejalabert/airflow_venv/lib/python3.11/site-packages/airflow/example_dags/example_task_group_decorator.py for tasks to queue
[2024-04-30T16:23:52.456+0200] {logging_mixin.py:188} INFO - [2024-04-30T16:23:52.456+0200] {dagbag.py:540} INFO - Filling up the DagBag from /Users/noejalabert/airflow_venv/lib/python3.11/site-packages/airflow/example_dags/example_task_group_decorator.py
[2024-04-30T16:23:52.475+0200] {processor.py:840} INFO - DAG(s) 'example_task_group_decorator' retrieved from /Users/noejalabert/airflow_venv/lib/python3.11/site-packages/airflow/example_dags/example_task_group_decorator.py
[2024-04-30T16:23:52.524+0200] {logging_mixin.py:188} INFO - [2024-04-30T16:23:52.524+0200] {dag.py:3096} INFO - Sync 1 DAGs
[2024-04-30T16:23:52.531+0200] {logging_mixin.py:188} INFO - [2024-04-30T16:23:52.530+0200] {dag.py:3954} INFO - Setting next_dagrun for example_task_group_decorator to 2024-04-29 00:00:00+00:00, run_after=2024-04-30 00:00:00+00:00
[2024-04-30T16:23:52.539+0200] {processor.py:183} INFO - Processing /Users/noejalabert/airflow_venv/lib/python3.11/site-packages/airflow/example_dags/example_task_group_decorator.py took 0.085 seconds
[2024-04-30T16:25:15.601+0200] {processor.py:161} INFO - Started process (PID=32825) to work on /Users/noejalabert/airflow_venv/lib/python3.11/site-packages/airflow/example_dags/example_task_group_decorator.py
[2024-04-30T16:25:15.602+0200] {processor.py:830} INFO - Processing file /Users/noejalabert/airflow_venv/lib/python3.11/site-packages/airflow/example_dags/example_task_group_decorator.py for tasks to queue
[2024-04-30T16:25:15.602+0200] {logging_mixin.py:188} INFO - [2024-04-30T16:25:15.602+0200] {dagbag.py:540} INFO - Filling up the DagBag from /Users/noejalabert/airflow_venv/lib/python3.11/site-packages/airflow/example_dags/example_task_group_decorator.py
[2024-04-30T16:25:15.621+0200] {processor.py:840} INFO - DAG(s) 'example_task_group_decorator' retrieved from /Users/noejalabert/airflow_venv/lib/python3.11/site-packages/airflow/example_dags/example_task_group_decorator.py
[2024-04-30T16:25:15.669+0200] {logging_mixin.py:188} INFO - [2024-04-30T16:25:15.669+0200] {dag.py:3096} INFO - Sync 1 DAGs
[2024-04-30T16:25:15.676+0200] {logging_mixin.py:188} INFO - [2024-04-30T16:25:15.676+0200] {dag.py:3954} INFO - Setting next_dagrun for example_task_group_decorator to 2024-04-29 00:00:00+00:00, run_after=2024-04-30 00:00:00+00:00
[2024-04-30T16:25:15.685+0200] {processor.py:183} INFO - Processing /Users/noejalabert/airflow_venv/lib/python3.11/site-packages/airflow/example_dags/example_task_group_decorator.py took 0.084 seconds
[2024-04-30T16:26:38.202+0200] {processor.py:161} INFO - Started process (PID=32885) to work on /Users/noejalabert/airflow_venv/lib/python3.11/site-packages/airflow/example_dags/example_task_group_decorator.py
[2024-04-30T16:26:38.202+0200] {processor.py:830} INFO - Processing file /Users/noejalabert/airflow_venv/lib/python3.11/site-packages/airflow/example_dags/example_task_group_decorator.py for tasks to queue
[2024-04-30T16:26:38.202+0200] {logging_mixin.py:188} INFO - [2024-04-30T16:26:38.202+0200] {dagbag.py:540} INFO - Filling up the DagBag from /Users/noejalabert/airflow_venv/lib/python3.11/site-packages/airflow/example_dags/example_task_group_decorator.py
[2024-04-30T16:26:38.222+0200] {processor.py:840} INFO - DAG(s) 'example_task_group_decorator' retrieved from /Users/noejalabert/airflow_venv/lib/python3.11/site-packages/airflow/example_dags/example_task_group_decorator.py
[2024-04-30T16:26:38.270+0200] {logging_mixin.py:188} INFO - [2024-04-30T16:26:38.270+0200] {dag.py:3096} INFO - Sync 1 DAGs
[2024-04-30T16:26:38.277+0200] {logging_mixin.py:188} INFO - [2024-04-30T16:26:38.277+0200] {dag.py:3954} INFO - Setting next_dagrun for example_task_group_decorator to 2024-04-29 00:00:00+00:00, run_after=2024-04-30 00:00:00+00:00
[2024-04-30T16:26:38.285+0200] {processor.py:183} INFO - Processing /Users/noejalabert/airflow_venv/lib/python3.11/site-packages/airflow/example_dags/example_task_group_decorator.py took 0.084 seconds
[2024-04-30T16:28:03.349+0200] {processor.py:161} INFO - Started process (PID=32962) to work on /Users/noejalabert/airflow_venv/lib/python3.11/site-packages/airflow/example_dags/example_task_group_decorator.py
[2024-04-30T16:28:03.350+0200] {processor.py:830} INFO - Processing file /Users/noejalabert/airflow_venv/lib/python3.11/site-packages/airflow/example_dags/example_task_group_decorator.py for tasks to queue
[2024-04-30T16:28:03.350+0200] {logging_mixin.py:188} INFO - [2024-04-30T16:28:03.350+0200] {dagbag.py:540} INFO - Filling up the DagBag from /Users/noejalabert/airflow_venv/lib/python3.11/site-packages/airflow/example_dags/example_task_group_decorator.py
[2024-04-30T16:28:03.369+0200] {processor.py:840} INFO - DAG(s) 'example_task_group_decorator' retrieved from /Users/noejalabert/airflow_venv/lib/python3.11/site-packages/airflow/example_dags/example_task_group_decorator.py
[2024-04-30T16:28:03.418+0200] {logging_mixin.py:188} INFO - [2024-04-30T16:28:03.418+0200] {dag.py:3096} INFO - Sync 1 DAGs
[2024-04-30T16:28:03.425+0200] {logging_mixin.py:188} INFO - [2024-04-30T16:28:03.424+0200] {dag.py:3954} INFO - Setting next_dagrun for example_task_group_decorator to 2024-04-29 00:00:00+00:00, run_after=2024-04-30 00:00:00+00:00
[2024-04-30T16:28:03.433+0200] {processor.py:183} INFO - Processing /Users/noejalabert/airflow_venv/lib/python3.11/site-packages/airflow/example_dags/example_task_group_decorator.py took 0.085 seconds
[2024-04-30T16:29:30.339+0200] {processor.py:161} INFO - Started process (PID=33021) to work on /Users/noejalabert/airflow_venv/lib/python3.11/site-packages/airflow/example_dags/example_task_group_decorator.py
[2024-04-30T16:29:30.339+0200] {processor.py:830} INFO - Processing file /Users/noejalabert/airflow_venv/lib/python3.11/site-packages/airflow/example_dags/example_task_group_decorator.py for tasks to queue
[2024-04-30T16:29:30.340+0200] {logging_mixin.py:188} INFO - [2024-04-30T16:29:30.339+0200] {dagbag.py:540} INFO - Filling up the DagBag from /Users/noejalabert/airflow_venv/lib/python3.11/site-packages/airflow/example_dags/example_task_group_decorator.py
[2024-04-30T16:29:30.359+0200] {processor.py:840} INFO - DAG(s) 'example_task_group_decorator' retrieved from /Users/noejalabert/airflow_venv/lib/python3.11/site-packages/airflow/example_dags/example_task_group_decorator.py
[2024-04-30T16:29:30.407+0200] {logging_mixin.py:188} INFO - [2024-04-30T16:29:30.406+0200] {dag.py:3096} INFO - Sync 1 DAGs
[2024-04-30T16:29:30.413+0200] {logging_mixin.py:188} INFO - [2024-04-30T16:29:30.413+0200] {dag.py:3954} INFO - Setting next_dagrun for example_task_group_decorator to 2024-04-29 00:00:00+00:00, run_after=2024-04-30 00:00:00+00:00
[2024-04-30T16:29:30.421+0200] {processor.py:183} INFO - Processing /Users/noejalabert/airflow_venv/lib/python3.11/site-packages/airflow/example_dags/example_task_group_decorator.py took 0.084 seconds
[2024-04-30T16:30:56.183+0200] {processor.py:161} INFO - Started process (PID=33078) to work on /Users/noejalabert/airflow_venv/lib/python3.11/site-packages/airflow/example_dags/example_task_group_decorator.py
[2024-04-30T16:30:56.184+0200] {processor.py:830} INFO - Processing file /Users/noejalabert/airflow_venv/lib/python3.11/site-packages/airflow/example_dags/example_task_group_decorator.py for tasks to queue
[2024-04-30T16:30:56.184+0200] {logging_mixin.py:188} INFO - [2024-04-30T16:30:56.184+0200] {dagbag.py:540} INFO - Filling up the DagBag from /Users/noejalabert/airflow_venv/lib/python3.11/site-packages/airflow/example_dags/example_task_group_decorator.py
[2024-04-30T16:30:56.203+0200] {processor.py:840} INFO - DAG(s) 'example_task_group_decorator' retrieved from /Users/noejalabert/airflow_venv/lib/python3.11/site-packages/airflow/example_dags/example_task_group_decorator.py
[2024-04-30T16:30:56.251+0200] {logging_mixin.py:188} INFO - [2024-04-30T16:30:56.251+0200] {dag.py:3096} INFO - Sync 1 DAGs
[2024-04-30T16:30:56.257+0200] {logging_mixin.py:188} INFO - [2024-04-30T16:30:56.257+0200] {dag.py:3954} INFO - Setting next_dagrun for example_task_group_decorator to 2024-04-29 00:00:00+00:00, run_after=2024-04-30 00:00:00+00:00
[2024-04-30T16:30:56.266+0200] {processor.py:183} INFO - Processing /Users/noejalabert/airflow_venv/lib/python3.11/site-packages/airflow/example_dags/example_task_group_decorator.py took 0.084 seconds
