[2024-04-30T14:49:58.223+0200] {processor.py:161} INFO - Started process (PID=28467) to work on /Users/noejalabert/airflow_venv/lib/python3.11/site-packages/airflow/example_dags/example_complex.py
[2024-04-30T14:49:58.224+0200] {processor.py:830} INFO - Processing file /Users/noejalabert/airflow_venv/lib/python3.11/site-packages/airflow/example_dags/example_complex.py for tasks to queue
[2024-04-30T14:49:58.224+0200] {logging_mixin.py:188} INFO - [2024-04-30T14:49:58.224+0200] {dagbag.py:540} INFO - Filling up the DagBag from /Users/noejalabert/airflow_venv/lib/python3.11/site-packages/airflow/example_dags/example_complex.py
[2024-04-30T14:49:58.230+0200] {processor.py:840} INFO - DAG(s) 'example_complex' retrieved from /Users/noejalabert/airflow_venv/lib/python3.11/site-packages/airflow/example_dags/example_complex.py
[2024-04-30T14:49:58.315+0200] {logging_mixin.py:188} INFO - [2024-04-30T14:49:58.315+0200] {override.py:1829} INFO - Created Permission View: can read on DAG:example_complex
[2024-04-30T14:49:58.319+0200] {logging_mixin.py:188} INFO - [2024-04-30T14:49:58.319+0200] {override.py:1829} INFO - Created Permission View: can edit on DAG:example_complex
[2024-04-30T14:49:58.321+0200] {logging_mixin.py:188} INFO - [2024-04-30T14:49:58.321+0200] {override.py:1829} INFO - Created Permission View: can delete on DAG:example_complex
[2024-04-30T14:49:58.321+0200] {logging_mixin.py:188} INFO - [2024-04-30T14:49:58.321+0200] {dag.py:3096} INFO - Sync 1 DAGs
[2024-04-30T14:49:58.325+0200] {logging_mixin.py:188} INFO - [2024-04-30T14:49:58.325+0200] {dag.py:3118} INFO - Creating ORM DAG for example_complex
[2024-04-30T14:49:58.325+0200] {logging_mixin.py:188} INFO - [2024-04-30T14:49:58.325+0200] {dag.py:3954} INFO - Setting next_dagrun for example_complex to None, run_after=None
[2024-04-30T14:49:58.332+0200] {processor.py:183} INFO - Processing /Users/noejalabert/airflow_venv/lib/python3.11/site-packages/airflow/example_dags/example_complex.py took 0.110 seconds
[2024-04-30T14:51:49.786+0200] {processor.py:161} INFO - Started process (PID=28540) to work on /Users/noejalabert/airflow_venv/lib/python3.11/site-packages/airflow/example_dags/example_complex.py
[2024-04-30T14:51:49.787+0200] {processor.py:830} INFO - Processing file /Users/noejalabert/airflow_venv/lib/python3.11/site-packages/airflow/example_dags/example_complex.py for tasks to queue
[2024-04-30T14:51:49.788+0200] {logging_mixin.py:188} INFO - [2024-04-30T14:51:49.788+0200] {dagbag.py:540} INFO - Filling up the DagBag from /Users/noejalabert/airflow_venv/lib/python3.11/site-packages/airflow/example_dags/example_complex.py
[2024-04-30T14:51:49.793+0200] {processor.py:840} INFO - DAG(s) 'example_complex' retrieved from /Users/noejalabert/airflow_venv/lib/python3.11/site-packages/airflow/example_dags/example_complex.py
[2024-04-30T14:51:49.845+0200] {logging_mixin.py:188} INFO - [2024-04-30T14:51:49.845+0200] {dag.py:3096} INFO - Sync 1 DAGs
[2024-04-30T14:51:49.850+0200] {logging_mixin.py:188} INFO - [2024-04-30T14:51:49.850+0200] {dag.py:3954} INFO - Setting next_dagrun for example_complex to None, run_after=None
[2024-04-30T14:51:49.858+0200] {processor.py:183} INFO - Processing /Users/noejalabert/airflow_venv/lib/python3.11/site-packages/airflow/example_dags/example_complex.py took 0.073 seconds
[2024-04-30T14:53:44.455+0200] {processor.py:161} INFO - Started process (PID=28621) to work on /Users/noejalabert/airflow_venv/lib/python3.11/site-packages/airflow/example_dags/example_complex.py
[2024-04-30T14:53:44.456+0200] {processor.py:830} INFO - Processing file /Users/noejalabert/airflow_venv/lib/python3.11/site-packages/airflow/example_dags/example_complex.py for tasks to queue
[2024-04-30T14:53:44.456+0200] {logging_mixin.py:188} INFO - [2024-04-30T14:53:44.456+0200] {dagbag.py:540} INFO - Filling up the DagBag from /Users/noejalabert/airflow_venv/lib/python3.11/site-packages/airflow/example_dags/example_complex.py
[2024-04-30T14:53:44.462+0200] {processor.py:840} INFO - DAG(s) 'example_complex' retrieved from /Users/noejalabert/airflow_venv/lib/python3.11/site-packages/airflow/example_dags/example_complex.py
[2024-04-30T14:53:44.514+0200] {logging_mixin.py:188} INFO - [2024-04-30T14:53:44.514+0200] {dag.py:3096} INFO - Sync 1 DAGs
[2024-04-30T14:53:44.519+0200] {logging_mixin.py:188} INFO - [2024-04-30T14:53:44.518+0200] {dag.py:3954} INFO - Setting next_dagrun for example_complex to None, run_after=None
[2024-04-30T14:53:44.526+0200] {processor.py:183} INFO - Processing /Users/noejalabert/airflow_venv/lib/python3.11/site-packages/airflow/example_dags/example_complex.py took 0.072 seconds
[2024-04-30T14:55:36.534+0200] {processor.py:161} INFO - Started process (PID=28698) to work on /Users/noejalabert/airflow_venv/lib/python3.11/site-packages/airflow/example_dags/example_complex.py
[2024-04-30T14:55:36.534+0200] {processor.py:830} INFO - Processing file /Users/noejalabert/airflow_venv/lib/python3.11/site-packages/airflow/example_dags/example_complex.py for tasks to queue
[2024-04-30T14:55:36.535+0200] {logging_mixin.py:188} INFO - [2024-04-30T14:55:36.535+0200] {dagbag.py:540} INFO - Filling up the DagBag from /Users/noejalabert/airflow_venv/lib/python3.11/site-packages/airflow/example_dags/example_complex.py
[2024-04-30T14:55:36.541+0200] {processor.py:840} INFO - DAG(s) 'example_complex' retrieved from /Users/noejalabert/airflow_venv/lib/python3.11/site-packages/airflow/example_dags/example_complex.py
[2024-04-30T14:55:36.593+0200] {logging_mixin.py:188} INFO - [2024-04-30T14:55:36.593+0200] {dag.py:3096} INFO - Sync 1 DAGs
[2024-04-30T14:55:36.597+0200] {logging_mixin.py:188} INFO - [2024-04-30T14:55:36.597+0200] {dag.py:3954} INFO - Setting next_dagrun for example_complex to None, run_after=None
[2024-04-30T14:55:36.605+0200] {processor.py:183} INFO - Processing /Users/noejalabert/airflow_venv/lib/python3.11/site-packages/airflow/example_dags/example_complex.py took 0.072 seconds
[2024-04-30T14:57:27.657+0200] {processor.py:161} INFO - Started process (PID=28773) to work on /Users/noejalabert/airflow_venv/lib/python3.11/site-packages/airflow/example_dags/example_complex.py
[2024-04-30T14:57:27.657+0200] {processor.py:830} INFO - Processing file /Users/noejalabert/airflow_venv/lib/python3.11/site-packages/airflow/example_dags/example_complex.py for tasks to queue
[2024-04-30T14:57:27.658+0200] {logging_mixin.py:188} INFO - [2024-04-30T14:57:27.657+0200] {dagbag.py:540} INFO - Filling up the DagBag from /Users/noejalabert/airflow_venv/lib/python3.11/site-packages/airflow/example_dags/example_complex.py
[2024-04-30T14:57:27.663+0200] {processor.py:840} INFO - DAG(s) 'example_complex' retrieved from /Users/noejalabert/airflow_venv/lib/python3.11/site-packages/airflow/example_dags/example_complex.py
[2024-04-30T14:57:27.715+0200] {logging_mixin.py:188} INFO - [2024-04-30T14:57:27.715+0200] {dag.py:3096} INFO - Sync 1 DAGs
[2024-04-30T14:57:27.720+0200] {logging_mixin.py:188} INFO - [2024-04-30T14:57:27.720+0200] {dag.py:3954} INFO - Setting next_dagrun for example_complex to None, run_after=None
[2024-04-30T14:57:27.728+0200] {processor.py:183} INFO - Processing /Users/noejalabert/airflow_venv/lib/python3.11/site-packages/airflow/example_dags/example_complex.py took 0.072 seconds
[2024-04-30T14:59:40.546+0200] {processor.py:161} INFO - Started process (PID=28883) to work on /Users/noejalabert/airflow_venv/lib/python3.11/site-packages/airflow/example_dags/example_complex.py
[2024-04-30T14:59:40.547+0200] {processor.py:830} INFO - Processing file /Users/noejalabert/airflow_venv/lib/python3.11/site-packages/airflow/example_dags/example_complex.py for tasks to queue
[2024-04-30T14:59:40.547+0200] {logging_mixin.py:188} INFO - [2024-04-30T14:59:40.547+0200] {dagbag.py:540} INFO - Filling up the DagBag from /Users/noejalabert/airflow_venv/lib/python3.11/site-packages/airflow/example_dags/example_complex.py
[2024-04-30T14:59:40.553+0200] {processor.py:840} INFO - DAG(s) 'example_complex' retrieved from /Users/noejalabert/airflow_venv/lib/python3.11/site-packages/airflow/example_dags/example_complex.py
[2024-04-30T14:59:40.606+0200] {logging_mixin.py:188} INFO - [2024-04-30T14:59:40.606+0200] {dag.py:3096} INFO - Sync 1 DAGs
[2024-04-30T14:59:40.611+0200] {logging_mixin.py:188} INFO - [2024-04-30T14:59:40.610+0200] {dag.py:3954} INFO - Setting next_dagrun for example_complex to None, run_after=None
[2024-04-30T14:59:40.618+0200] {processor.py:183} INFO - Processing /Users/noejalabert/airflow_venv/lib/python3.11/site-packages/airflow/example_dags/example_complex.py took 0.073 seconds
[2024-04-30T15:01:51.806+0200] {processor.py:161} INFO - Started process (PID=28988) to work on /Users/noejalabert/airflow_venv/lib/python3.11/site-packages/airflow/example_dags/example_complex.py
[2024-04-30T15:01:51.807+0200] {processor.py:830} INFO - Processing file /Users/noejalabert/airflow_venv/lib/python3.11/site-packages/airflow/example_dags/example_complex.py for tasks to queue
[2024-04-30T15:01:51.807+0200] {logging_mixin.py:188} INFO - [2024-04-30T15:01:51.807+0200] {dagbag.py:540} INFO - Filling up the DagBag from /Users/noejalabert/airflow_venv/lib/python3.11/site-packages/airflow/example_dags/example_complex.py
[2024-04-30T15:01:51.812+0200] {processor.py:840} INFO - DAG(s) 'example_complex' retrieved from /Users/noejalabert/airflow_venv/lib/python3.11/site-packages/airflow/example_dags/example_complex.py
[2024-04-30T15:01:51.864+0200] {logging_mixin.py:188} INFO - [2024-04-30T15:01:51.864+0200] {dag.py:3096} INFO - Sync 1 DAGs
[2024-04-30T15:01:51.869+0200] {logging_mixin.py:188} INFO - [2024-04-30T15:01:51.869+0200] {dag.py:3954} INFO - Setting next_dagrun for example_complex to None, run_after=None
[2024-04-30T15:01:51.877+0200] {processor.py:183} INFO - Processing /Users/noejalabert/airflow_venv/lib/python3.11/site-packages/airflow/example_dags/example_complex.py took 0.072 seconds
[2024-04-30T15:04:06.565+0200] {processor.py:161} INFO - Started process (PID=29094) to work on /Users/noejalabert/airflow_venv/lib/python3.11/site-packages/airflow/example_dags/example_complex.py
[2024-04-30T15:04:06.566+0200] {processor.py:830} INFO - Processing file /Users/noejalabert/airflow_venv/lib/python3.11/site-packages/airflow/example_dags/example_complex.py for tasks to queue
[2024-04-30T15:04:06.566+0200] {logging_mixin.py:188} INFO - [2024-04-30T15:04:06.566+0200] {dagbag.py:540} INFO - Filling up the DagBag from /Users/noejalabert/airflow_venv/lib/python3.11/site-packages/airflow/example_dags/example_complex.py
[2024-04-30T15:04:06.571+0200] {processor.py:840} INFO - DAG(s) 'example_complex' retrieved from /Users/noejalabert/airflow_venv/lib/python3.11/site-packages/airflow/example_dags/example_complex.py
[2024-04-30T15:04:06.623+0200] {logging_mixin.py:188} INFO - [2024-04-30T15:04:06.623+0200] {dag.py:3096} INFO - Sync 1 DAGs
[2024-04-30T15:04:06.627+0200] {logging_mixin.py:188} INFO - [2024-04-30T15:04:06.627+0200] {dag.py:3954} INFO - Setting next_dagrun for example_complex to None, run_after=None
[2024-04-30T15:04:06.635+0200] {processor.py:183} INFO - Processing /Users/noejalabert/airflow_venv/lib/python3.11/site-packages/airflow/example_dags/example_complex.py took 0.071 seconds
[2024-04-30T15:06:50.382+0200] {processor.py:161} INFO - Started process (PID=29194) to work on /Users/noejalabert/airflow_venv/lib/python3.11/site-packages/airflow/example_dags/example_complex.py
[2024-04-30T15:06:50.383+0200] {processor.py:830} INFO - Processing file /Users/noejalabert/airflow_venv/lib/python3.11/site-packages/airflow/example_dags/example_complex.py for tasks to queue
[2024-04-30T15:06:50.383+0200] {logging_mixin.py:188} INFO - [2024-04-30T15:06:50.383+0200] {dagbag.py:540} INFO - Filling up the DagBag from /Users/noejalabert/airflow_venv/lib/python3.11/site-packages/airflow/example_dags/example_complex.py
[2024-04-30T15:06:50.389+0200] {processor.py:840} INFO - DAG(s) 'example_complex' retrieved from /Users/noejalabert/airflow_venv/lib/python3.11/site-packages/airflow/example_dags/example_complex.py
[2024-04-30T15:06:50.440+0200] {logging_mixin.py:188} INFO - [2024-04-30T15:06:50.440+0200] {dag.py:3096} INFO - Sync 1 DAGs
[2024-04-30T15:06:50.445+0200] {logging_mixin.py:188} INFO - [2024-04-30T15:06:50.445+0200] {dag.py:3954} INFO - Setting next_dagrun for example_complex to None, run_after=None
[2024-04-30T15:06:50.453+0200] {processor.py:183} INFO - Processing /Users/noejalabert/airflow_venv/lib/python3.11/site-packages/airflow/example_dags/example_complex.py took 0.072 seconds
[2024-04-30T15:08:36.987+0200] {processor.py:161} INFO - Started process (PID=29282) to work on /Users/noejalabert/airflow_venv/lib/python3.11/site-packages/airflow/example_dags/example_complex.py
[2024-04-30T15:08:36.987+0200] {processor.py:830} INFO - Processing file /Users/noejalabert/airflow_venv/lib/python3.11/site-packages/airflow/example_dags/example_complex.py for tasks to queue
[2024-04-30T15:08:36.988+0200] {logging_mixin.py:188} INFO - [2024-04-30T15:08:36.988+0200] {dagbag.py:540} INFO - Filling up the DagBag from /Users/noejalabert/airflow_venv/lib/python3.11/site-packages/airflow/example_dags/example_complex.py
[2024-04-30T15:08:36.993+0200] {processor.py:840} INFO - DAG(s) 'example_complex' retrieved from /Users/noejalabert/airflow_venv/lib/python3.11/site-packages/airflow/example_dags/example_complex.py
[2024-04-30T15:08:37.045+0200] {logging_mixin.py:188} INFO - [2024-04-30T15:08:37.044+0200] {dag.py:3096} INFO - Sync 1 DAGs
[2024-04-30T15:08:37.049+0200] {logging_mixin.py:188} INFO - [2024-04-30T15:08:37.049+0200] {dag.py:3954} INFO - Setting next_dagrun for example_complex to None, run_after=None
[2024-04-30T15:08:37.057+0200] {processor.py:183} INFO - Processing /Users/noejalabert/airflow_venv/lib/python3.11/site-packages/airflow/example_dags/example_complex.py took 0.071 seconds
[2024-04-30T15:10:32.344+0200] {processor.py:161} INFO - Started process (PID=29352) to work on /Users/noejalabert/airflow_venv/lib/python3.11/site-packages/airflow/example_dags/example_complex.py
[2024-04-30T15:10:32.344+0200] {processor.py:830} INFO - Processing file /Users/noejalabert/airflow_venv/lib/python3.11/site-packages/airflow/example_dags/example_complex.py for tasks to queue
[2024-04-30T15:10:32.344+0200] {logging_mixin.py:188} INFO - [2024-04-30T15:10:32.344+0200] {dagbag.py:540} INFO - Filling up the DagBag from /Users/noejalabert/airflow_venv/lib/python3.11/site-packages/airflow/example_dags/example_complex.py
[2024-04-30T15:10:32.350+0200] {processor.py:840} INFO - DAG(s) 'example_complex' retrieved from /Users/noejalabert/airflow_venv/lib/python3.11/site-packages/airflow/example_dags/example_complex.py
[2024-04-30T15:10:32.401+0200] {logging_mixin.py:188} INFO - [2024-04-30T15:10:32.401+0200] {dag.py:3096} INFO - Sync 1 DAGs
[2024-04-30T15:10:32.405+0200] {logging_mixin.py:188} INFO - [2024-04-30T15:10:32.405+0200] {dag.py:3954} INFO - Setting next_dagrun for example_complex to None, run_after=None
[2024-04-30T15:10:32.413+0200] {processor.py:183} INFO - Processing /Users/noejalabert/airflow_venv/lib/python3.11/site-packages/airflow/example_dags/example_complex.py took 0.070 seconds
[2024-04-30T15:12:27.306+0200] {processor.py:161} INFO - Started process (PID=29429) to work on /Users/noejalabert/airflow_venv/lib/python3.11/site-packages/airflow/example_dags/example_complex.py
[2024-04-30T15:12:27.307+0200] {processor.py:830} INFO - Processing file /Users/noejalabert/airflow_venv/lib/python3.11/site-packages/airflow/example_dags/example_complex.py for tasks to queue
[2024-04-30T15:12:27.307+0200] {logging_mixin.py:188} INFO - [2024-04-30T15:12:27.307+0200] {dagbag.py:540} INFO - Filling up the DagBag from /Users/noejalabert/airflow_venv/lib/python3.11/site-packages/airflow/example_dags/example_complex.py
[2024-04-30T15:12:27.312+0200] {processor.py:840} INFO - DAG(s) 'example_complex' retrieved from /Users/noejalabert/airflow_venv/lib/python3.11/site-packages/airflow/example_dags/example_complex.py
[2024-04-30T15:12:27.364+0200] {logging_mixin.py:188} INFO - [2024-04-30T15:12:27.364+0200] {dag.py:3096} INFO - Sync 1 DAGs
[2024-04-30T15:12:27.369+0200] {logging_mixin.py:188} INFO - [2024-04-30T15:12:27.368+0200] {dag.py:3954} INFO - Setting next_dagrun for example_complex to None, run_after=None
[2024-04-30T15:12:27.376+0200] {processor.py:183} INFO - Processing /Users/noejalabert/airflow_venv/lib/python3.11/site-packages/airflow/example_dags/example_complex.py took 0.071 seconds
[2024-04-30T15:14:16.747+0200] {processor.py:161} INFO - Started process (PID=29501) to work on /Users/noejalabert/airflow_venv/lib/python3.11/site-packages/airflow/example_dags/example_complex.py
[2024-04-30T15:14:16.747+0200] {processor.py:830} INFO - Processing file /Users/noejalabert/airflow_venv/lib/python3.11/site-packages/airflow/example_dags/example_complex.py for tasks to queue
[2024-04-30T15:14:16.748+0200] {logging_mixin.py:188} INFO - [2024-04-30T15:14:16.748+0200] {dagbag.py:540} INFO - Filling up the DagBag from /Users/noejalabert/airflow_venv/lib/python3.11/site-packages/airflow/example_dags/example_complex.py
[2024-04-30T15:14:16.753+0200] {processor.py:840} INFO - DAG(s) 'example_complex' retrieved from /Users/noejalabert/airflow_venv/lib/python3.11/site-packages/airflow/example_dags/example_complex.py
[2024-04-30T15:14:16.824+0200] {logging_mixin.py:188} INFO - [2024-04-30T15:14:16.824+0200] {dag.py:3096} INFO - Sync 1 DAGs
[2024-04-30T15:14:16.829+0200] {logging_mixin.py:188} INFO - [2024-04-30T15:14:16.829+0200] {dag.py:3954} INFO - Setting next_dagrun for example_complex to None, run_after=None
[2024-04-30T15:14:16.837+0200] {processor.py:183} INFO - Processing /Users/noejalabert/airflow_venv/lib/python3.11/site-packages/airflow/example_dags/example_complex.py took 0.091 seconds
[2024-04-30T15:16:07.365+0200] {processor.py:161} INFO - Started process (PID=29580) to work on /Users/noejalabert/airflow_venv/lib/python3.11/site-packages/airflow/example_dags/example_complex.py
[2024-04-30T15:16:07.366+0200] {processor.py:830} INFO - Processing file /Users/noejalabert/airflow_venv/lib/python3.11/site-packages/airflow/example_dags/example_complex.py for tasks to queue
[2024-04-30T15:16:07.366+0200] {logging_mixin.py:188} INFO - [2024-04-30T15:16:07.366+0200] {dagbag.py:540} INFO - Filling up the DagBag from /Users/noejalabert/airflow_venv/lib/python3.11/site-packages/airflow/example_dags/example_complex.py
[2024-04-30T15:16:07.372+0200] {processor.py:840} INFO - DAG(s) 'example_complex' retrieved from /Users/noejalabert/airflow_venv/lib/python3.11/site-packages/airflow/example_dags/example_complex.py
[2024-04-30T15:16:07.425+0200] {logging_mixin.py:188} INFO - [2024-04-30T15:16:07.424+0200] {dag.py:3096} INFO - Sync 1 DAGs
[2024-04-30T15:16:07.435+0200] {logging_mixin.py:188} INFO - [2024-04-30T15:16:07.434+0200] {dag.py:3954} INFO - Setting next_dagrun for example_complex to None, run_after=None
[2024-04-30T15:16:07.462+0200] {processor.py:183} INFO - Processing /Users/noejalabert/airflow_venv/lib/python3.11/site-packages/airflow/example_dags/example_complex.py took 0.099 seconds
[2024-04-30T15:18:03.491+0200] {processor.py:161} INFO - Started process (PID=29758) to work on /Users/noejalabert/airflow_venv/lib/python3.11/site-packages/airflow/example_dags/example_complex.py
[2024-04-30T15:18:03.493+0200] {processor.py:830} INFO - Processing file /Users/noejalabert/airflow_venv/lib/python3.11/site-packages/airflow/example_dags/example_complex.py for tasks to queue
[2024-04-30T15:18:03.493+0200] {logging_mixin.py:188} INFO - [2024-04-30T15:18:03.493+0200] {dagbag.py:540} INFO - Filling up the DagBag from /Users/noejalabert/airflow_venv/lib/python3.11/site-packages/airflow/example_dags/example_complex.py
[2024-04-30T15:18:03.503+0200] {processor.py:840} INFO - DAG(s) 'example_complex' retrieved from /Users/noejalabert/airflow_venv/lib/python3.11/site-packages/airflow/example_dags/example_complex.py
[2024-04-30T15:18:03.615+0200] {logging_mixin.py:188} INFO - [2024-04-30T15:18:03.614+0200] {dag.py:3096} INFO - Sync 1 DAGs
[2024-04-30T15:18:03.628+0200] {logging_mixin.py:188} INFO - [2024-04-30T15:18:03.628+0200] {dag.py:3954} INFO - Setting next_dagrun for example_complex to None, run_after=None
[2024-04-30T15:18:03.640+0200] {processor.py:183} INFO - Processing /Users/noejalabert/airflow_venv/lib/python3.11/site-packages/airflow/example_dags/example_complex.py took 0.151 seconds
[2024-04-30T15:20:19.086+0200] {processor.py:161} INFO - Started process (PID=30208) to work on /Users/noejalabert/airflow_venv/lib/python3.11/site-packages/airflow/example_dags/example_complex.py
[2024-04-30T15:20:19.088+0200] {processor.py:830} INFO - Processing file /Users/noejalabert/airflow_venv/lib/python3.11/site-packages/airflow/example_dags/example_complex.py for tasks to queue
[2024-04-30T15:20:19.088+0200] {logging_mixin.py:188} INFO - [2024-04-30T15:20:19.088+0200] {dagbag.py:540} INFO - Filling up the DagBag from /Users/noejalabert/airflow_venv/lib/python3.11/site-packages/airflow/example_dags/example_complex.py
[2024-04-30T15:20:19.094+0200] {processor.py:840} INFO - DAG(s) 'example_complex' retrieved from /Users/noejalabert/airflow_venv/lib/python3.11/site-packages/airflow/example_dags/example_complex.py
[2024-04-30T15:20:19.145+0200] {logging_mixin.py:188} INFO - [2024-04-30T15:20:19.145+0200] {dag.py:3096} INFO - Sync 1 DAGs
[2024-04-30T15:20:19.150+0200] {logging_mixin.py:188} INFO - [2024-04-30T15:20:19.150+0200] {dag.py:3954} INFO - Setting next_dagrun for example_complex to None, run_after=None
[2024-04-30T15:20:19.158+0200] {processor.py:183} INFO - Processing /Users/noejalabert/airflow_venv/lib/python3.11/site-packages/airflow/example_dags/example_complex.py took 0.073 seconds
[2024-04-30T15:22:18.197+0200] {processor.py:161} INFO - Started process (PID=30297) to work on /Users/noejalabert/airflow_venv/lib/python3.11/site-packages/airflow/example_dags/example_complex.py
[2024-04-30T15:22:18.199+0200] {processor.py:830} INFO - Processing file /Users/noejalabert/airflow_venv/lib/python3.11/site-packages/airflow/example_dags/example_complex.py for tasks to queue
[2024-04-30T15:22:18.199+0200] {logging_mixin.py:188} INFO - [2024-04-30T15:22:18.199+0200] {dagbag.py:540} INFO - Filling up the DagBag from /Users/noejalabert/airflow_venv/lib/python3.11/site-packages/airflow/example_dags/example_complex.py
[2024-04-30T15:22:18.205+0200] {processor.py:840} INFO - DAG(s) 'example_complex' retrieved from /Users/noejalabert/airflow_venv/lib/python3.11/site-packages/airflow/example_dags/example_complex.py
[2024-04-30T15:22:18.259+0200] {logging_mixin.py:188} INFO - [2024-04-30T15:22:18.259+0200] {dag.py:3096} INFO - Sync 1 DAGs
[2024-04-30T15:22:18.264+0200] {logging_mixin.py:188} INFO - [2024-04-30T15:22:18.264+0200] {dag.py:3954} INFO - Setting next_dagrun for example_complex to None, run_after=None
[2024-04-30T15:22:18.272+0200] {processor.py:183} INFO - Processing /Users/noejalabert/airflow_venv/lib/python3.11/site-packages/airflow/example_dags/example_complex.py took 0.076 seconds
[2024-04-30T15:24:16.073+0200] {processor.py:161} INFO - Started process (PID=30392) to work on /Users/noejalabert/airflow_venv/lib/python3.11/site-packages/airflow/example_dags/example_complex.py
[2024-04-30T15:24:16.074+0200] {processor.py:830} INFO - Processing file /Users/noejalabert/airflow_venv/lib/python3.11/site-packages/airflow/example_dags/example_complex.py for tasks to queue
[2024-04-30T15:24:16.074+0200] {logging_mixin.py:188} INFO - [2024-04-30T15:24:16.074+0200] {dagbag.py:540} INFO - Filling up the DagBag from /Users/noejalabert/airflow_venv/lib/python3.11/site-packages/airflow/example_dags/example_complex.py
[2024-04-30T15:24:16.080+0200] {processor.py:840} INFO - DAG(s) 'example_complex' retrieved from /Users/noejalabert/airflow_venv/lib/python3.11/site-packages/airflow/example_dags/example_complex.py
[2024-04-30T15:24:16.132+0200] {logging_mixin.py:188} INFO - [2024-04-30T15:24:16.132+0200] {dag.py:3096} INFO - Sync 1 DAGs
[2024-04-30T15:24:16.136+0200] {logging_mixin.py:188} INFO - [2024-04-30T15:24:16.136+0200] {dag.py:3954} INFO - Setting next_dagrun for example_complex to None, run_after=None
[2024-04-30T15:24:16.144+0200] {processor.py:183} INFO - Processing /Users/noejalabert/airflow_venv/lib/python3.11/site-packages/airflow/example_dags/example_complex.py took 0.073 seconds
[2024-04-30T15:26:07.166+0200] {processor.py:161} INFO - Started process (PID=30501) to work on /Users/noejalabert/airflow_venv/lib/python3.11/site-packages/airflow/example_dags/example_complex.py
[2024-04-30T15:26:07.168+0200] {processor.py:830} INFO - Processing file /Users/noejalabert/airflow_venv/lib/python3.11/site-packages/airflow/example_dags/example_complex.py for tasks to queue
[2024-04-30T15:26:07.168+0200] {logging_mixin.py:188} INFO - [2024-04-30T15:26:07.168+0200] {dagbag.py:540} INFO - Filling up the DagBag from /Users/noejalabert/airflow_venv/lib/python3.11/site-packages/airflow/example_dags/example_complex.py
[2024-04-30T15:26:07.173+0200] {processor.py:840} INFO - DAG(s) 'example_complex' retrieved from /Users/noejalabert/airflow_venv/lib/python3.11/site-packages/airflow/example_dags/example_complex.py
[2024-04-30T15:26:07.225+0200] {logging_mixin.py:188} INFO - [2024-04-30T15:26:07.225+0200] {dag.py:3096} INFO - Sync 1 DAGs
[2024-04-30T15:26:07.230+0200] {logging_mixin.py:188} INFO - [2024-04-30T15:26:07.230+0200] {dag.py:3954} INFO - Setting next_dagrun for example_complex to None, run_after=None
[2024-04-30T15:26:07.238+0200] {processor.py:183} INFO - Processing /Users/noejalabert/airflow_venv/lib/python3.11/site-packages/airflow/example_dags/example_complex.py took 0.072 seconds
[2024-04-30T15:38:33.310+0200] {processor.py:161} INFO - Started process (PID=30694) to work on /Users/noejalabert/airflow_venv/lib/python3.11/site-packages/airflow/example_dags/example_complex.py
[2024-04-30T15:38:33.311+0200] {processor.py:830} INFO - Processing file /Users/noejalabert/airflow_venv/lib/python3.11/site-packages/airflow/example_dags/example_complex.py for tasks to queue
[2024-04-30T15:38:33.311+0200] {logging_mixin.py:188} INFO - [2024-04-30T15:38:33.311+0200] {dagbag.py:540} INFO - Filling up the DagBag from /Users/noejalabert/airflow_venv/lib/python3.11/site-packages/airflow/example_dags/example_complex.py
[2024-04-30T15:38:33.317+0200] {processor.py:840} INFO - DAG(s) 'example_complex' retrieved from /Users/noejalabert/airflow_venv/lib/python3.11/site-packages/airflow/example_dags/example_complex.py
[2024-04-30T15:38:33.368+0200] {logging_mixin.py:188} INFO - [2024-04-30T15:38:33.368+0200] {dag.py:3096} INFO - Sync 1 DAGs
[2024-04-30T15:38:33.372+0200] {logging_mixin.py:188} INFO - [2024-04-30T15:38:33.372+0200] {dag.py:3954} INFO - Setting next_dagrun for example_complex to None, run_after=None
[2024-04-30T15:38:33.380+0200] {processor.py:183} INFO - Processing /Users/noejalabert/airflow_venv/lib/python3.11/site-packages/airflow/example_dags/example_complex.py took 0.071 seconds
[2024-04-30T15:44:00.196+0200] {processor.py:161} INFO - Started process (PID=30794) to work on /Users/noejalabert/airflow_venv/lib/python3.11/site-packages/airflow/example_dags/example_complex.py
[2024-04-30T15:44:00.197+0200] {processor.py:830} INFO - Processing file /Users/noejalabert/airflow_venv/lib/python3.11/site-packages/airflow/example_dags/example_complex.py for tasks to queue
[2024-04-30T15:44:00.197+0200] {logging_mixin.py:188} INFO - [2024-04-30T15:44:00.197+0200] {dagbag.py:540} INFO - Filling up the DagBag from /Users/noejalabert/airflow_venv/lib/python3.11/site-packages/airflow/example_dags/example_complex.py
[2024-04-30T15:44:00.202+0200] {processor.py:840} INFO - DAG(s) 'example_complex' retrieved from /Users/noejalabert/airflow_venv/lib/python3.11/site-packages/airflow/example_dags/example_complex.py
[2024-04-30T15:44:00.254+0200] {logging_mixin.py:188} INFO - [2024-04-30T15:44:00.253+0200] {dag.py:3096} INFO - Sync 1 DAGs
[2024-04-30T15:44:00.258+0200] {logging_mixin.py:188} INFO - [2024-04-30T15:44:00.258+0200] {dag.py:3954} INFO - Setting next_dagrun for example_complex to None, run_after=None
[2024-04-30T15:44:00.266+0200] {processor.py:183} INFO - Processing /Users/noejalabert/airflow_venv/lib/python3.11/site-packages/airflow/example_dags/example_complex.py took 0.072 seconds
[2024-04-30T15:46:08.564+0200] {processor.py:161} INFO - Started process (PID=30876) to work on /Users/noejalabert/airflow_venv/lib/python3.11/site-packages/airflow/example_dags/example_complex.py
[2024-04-30T15:46:08.565+0200] {processor.py:830} INFO - Processing file /Users/noejalabert/airflow_venv/lib/python3.11/site-packages/airflow/example_dags/example_complex.py for tasks to queue
[2024-04-30T15:46:08.565+0200] {logging_mixin.py:188} INFO - [2024-04-30T15:46:08.565+0200] {dagbag.py:540} INFO - Filling up the DagBag from /Users/noejalabert/airflow_venv/lib/python3.11/site-packages/airflow/example_dags/example_complex.py
[2024-04-30T15:46:08.570+0200] {processor.py:840} INFO - DAG(s) 'example_complex' retrieved from /Users/noejalabert/airflow_venv/lib/python3.11/site-packages/airflow/example_dags/example_complex.py
[2024-04-30T15:46:08.622+0200] {logging_mixin.py:188} INFO - [2024-04-30T15:46:08.622+0200] {dag.py:3096} INFO - Sync 1 DAGs
[2024-04-30T15:46:08.627+0200] {logging_mixin.py:188} INFO - [2024-04-30T15:46:08.627+0200] {dag.py:3954} INFO - Setting next_dagrun for example_complex to None, run_after=None
[2024-04-30T15:46:08.635+0200] {processor.py:183} INFO - Processing /Users/noejalabert/airflow_venv/lib/python3.11/site-packages/airflow/example_dags/example_complex.py took 0.072 seconds
[2024-04-30T15:48:08.490+0200] {processor.py:161} INFO - Started process (PID=30954) to work on /Users/noejalabert/airflow_venv/lib/python3.11/site-packages/airflow/example_dags/example_complex.py
[2024-04-30T15:48:08.491+0200] {processor.py:830} INFO - Processing file /Users/noejalabert/airflow_venv/lib/python3.11/site-packages/airflow/example_dags/example_complex.py for tasks to queue
[2024-04-30T15:48:08.491+0200] {logging_mixin.py:188} INFO - [2024-04-30T15:48:08.491+0200] {dagbag.py:540} INFO - Filling up the DagBag from /Users/noejalabert/airflow_venv/lib/python3.11/site-packages/airflow/example_dags/example_complex.py
[2024-04-30T15:48:08.496+0200] {processor.py:840} INFO - DAG(s) 'example_complex' retrieved from /Users/noejalabert/airflow_venv/lib/python3.11/site-packages/airflow/example_dags/example_complex.py
[2024-04-30T15:48:08.548+0200] {logging_mixin.py:188} INFO - [2024-04-30T15:48:08.548+0200] {dag.py:3096} INFO - Sync 1 DAGs
[2024-04-30T15:48:08.552+0200] {logging_mixin.py:188} INFO - [2024-04-30T15:48:08.552+0200] {dag.py:3954} INFO - Setting next_dagrun for example_complex to None, run_after=None
[2024-04-30T15:48:08.560+0200] {processor.py:183} INFO - Processing /Users/noejalabert/airflow_venv/lib/python3.11/site-packages/airflow/example_dags/example_complex.py took 0.071 seconds
[2024-04-30T15:50:04.683+0200] {processor.py:161} INFO - Started process (PID=31043) to work on /Users/noejalabert/airflow_venv/lib/python3.11/site-packages/airflow/example_dags/example_complex.py
[2024-04-30T15:50:04.683+0200] {processor.py:830} INFO - Processing file /Users/noejalabert/airflow_venv/lib/python3.11/site-packages/airflow/example_dags/example_complex.py for tasks to queue
[2024-04-30T15:50:04.683+0200] {logging_mixin.py:188} INFO - [2024-04-30T15:50:04.683+0200] {dagbag.py:540} INFO - Filling up the DagBag from /Users/noejalabert/airflow_venv/lib/python3.11/site-packages/airflow/example_dags/example_complex.py
[2024-04-30T15:50:04.689+0200] {processor.py:840} INFO - DAG(s) 'example_complex' retrieved from /Users/noejalabert/airflow_venv/lib/python3.11/site-packages/airflow/example_dags/example_complex.py
[2024-04-30T15:50:04.740+0200] {logging_mixin.py:188} INFO - [2024-04-30T15:50:04.740+0200] {dag.py:3096} INFO - Sync 1 DAGs
[2024-04-30T15:50:04.744+0200] {logging_mixin.py:188} INFO - [2024-04-30T15:50:04.744+0200] {dag.py:3954} INFO - Setting next_dagrun for example_complex to None, run_after=None
[2024-04-30T15:50:04.752+0200] {processor.py:183} INFO - Processing /Users/noejalabert/airflow_venv/lib/python3.11/site-packages/airflow/example_dags/example_complex.py took 0.071 seconds
[2024-04-30T15:53:05.388+0200] {processor.py:161} INFO - Started process (PID=31137) to work on /Users/noejalabert/airflow_venv/lib/python3.11/site-packages/airflow/example_dags/example_complex.py
[2024-04-30T15:53:05.389+0200] {processor.py:830} INFO - Processing file /Users/noejalabert/airflow_venv/lib/python3.11/site-packages/airflow/example_dags/example_complex.py for tasks to queue
[2024-04-30T15:53:05.389+0200] {logging_mixin.py:188} INFO - [2024-04-30T15:53:05.389+0200] {dagbag.py:540} INFO - Filling up the DagBag from /Users/noejalabert/airflow_venv/lib/python3.11/site-packages/airflow/example_dags/example_complex.py
[2024-04-30T15:53:05.394+0200] {processor.py:840} INFO - DAG(s) 'example_complex' retrieved from /Users/noejalabert/airflow_venv/lib/python3.11/site-packages/airflow/example_dags/example_complex.py
[2024-04-30T15:53:05.479+0200] {logging_mixin.py:188} INFO - [2024-04-30T15:53:05.479+0200] {dag.py:3096} INFO - Sync 1 DAGs
[2024-04-30T15:53:05.483+0200] {logging_mixin.py:188} INFO - [2024-04-30T15:53:05.482+0200] {dag.py:3954} INFO - Setting next_dagrun for example_complex to None, run_after=None
[2024-04-30T15:53:05.490+0200] {processor.py:183} INFO - Processing /Users/noejalabert/airflow_venv/lib/python3.11/site-packages/airflow/example_dags/example_complex.py took 0.104 seconds
[2024-04-30T15:54:36.488+0200] {processor.py:161} INFO - Started process (PID=31207) to work on /Users/noejalabert/airflow_venv/lib/python3.11/site-packages/airflow/example_dags/example_complex.py
[2024-04-30T15:54:36.489+0200] {processor.py:830} INFO - Processing file /Users/noejalabert/airflow_venv/lib/python3.11/site-packages/airflow/example_dags/example_complex.py for tasks to queue
[2024-04-30T15:54:36.489+0200] {logging_mixin.py:188} INFO - [2024-04-30T15:54:36.489+0200] {dagbag.py:540} INFO - Filling up the DagBag from /Users/noejalabert/airflow_venv/lib/python3.11/site-packages/airflow/example_dags/example_complex.py
[2024-04-30T15:54:36.494+0200] {processor.py:840} INFO - DAG(s) 'example_complex' retrieved from /Users/noejalabert/airflow_venv/lib/python3.11/site-packages/airflow/example_dags/example_complex.py
[2024-04-30T15:54:36.546+0200] {logging_mixin.py:188} INFO - [2024-04-30T15:54:36.546+0200] {dag.py:3096} INFO - Sync 1 DAGs
[2024-04-30T15:54:36.550+0200] {logging_mixin.py:188} INFO - [2024-04-30T15:54:36.550+0200] {dag.py:3954} INFO - Setting next_dagrun for example_complex to None, run_after=None
[2024-04-30T15:54:36.558+0200] {processor.py:183} INFO - Processing /Users/noejalabert/airflow_venv/lib/python3.11/site-packages/airflow/example_dags/example_complex.py took 0.071 seconds
[2024-04-30T15:55:59.314+0200] {processor.py:161} INFO - Started process (PID=31263) to work on /Users/noejalabert/airflow_venv/lib/python3.11/site-packages/airflow/example_dags/example_complex.py
[2024-04-30T15:55:59.314+0200] {processor.py:830} INFO - Processing file /Users/noejalabert/airflow_venv/lib/python3.11/site-packages/airflow/example_dags/example_complex.py for tasks to queue
[2024-04-30T15:55:59.314+0200] {logging_mixin.py:188} INFO - [2024-04-30T15:55:59.314+0200] {dagbag.py:540} INFO - Filling up the DagBag from /Users/noejalabert/airflow_venv/lib/python3.11/site-packages/airflow/example_dags/example_complex.py
[2024-04-30T15:55:59.320+0200] {processor.py:840} INFO - DAG(s) 'example_complex' retrieved from /Users/noejalabert/airflow_venv/lib/python3.11/site-packages/airflow/example_dags/example_complex.py
[2024-04-30T15:55:59.371+0200] {logging_mixin.py:188} INFO - [2024-04-30T15:55:59.371+0200] {dag.py:3096} INFO - Sync 1 DAGs
[2024-04-30T15:55:59.376+0200] {logging_mixin.py:188} INFO - [2024-04-30T15:55:59.376+0200] {dag.py:3954} INFO - Setting next_dagrun for example_complex to None, run_after=None
[2024-04-30T15:55:59.384+0200] {processor.py:183} INFO - Processing /Users/noejalabert/airflow_venv/lib/python3.11/site-packages/airflow/example_dags/example_complex.py took 0.071 seconds
[2024-04-30T15:57:24.179+0200] {processor.py:161} INFO - Started process (PID=31328) to work on /Users/noejalabert/airflow_venv/lib/python3.11/site-packages/airflow/example_dags/example_complex.py
[2024-04-30T15:57:24.179+0200] {processor.py:830} INFO - Processing file /Users/noejalabert/airflow_venv/lib/python3.11/site-packages/airflow/example_dags/example_complex.py for tasks to queue
[2024-04-30T15:57:24.180+0200] {logging_mixin.py:188} INFO - [2024-04-30T15:57:24.180+0200] {dagbag.py:540} INFO - Filling up the DagBag from /Users/noejalabert/airflow_venv/lib/python3.11/site-packages/airflow/example_dags/example_complex.py
[2024-04-30T15:57:24.185+0200] {processor.py:840} INFO - DAG(s) 'example_complex' retrieved from /Users/noejalabert/airflow_venv/lib/python3.11/site-packages/airflow/example_dags/example_complex.py
[2024-04-30T15:57:24.240+0200] {logging_mixin.py:188} INFO - [2024-04-30T15:57:24.240+0200] {dag.py:3096} INFO - Sync 1 DAGs
[2024-04-30T15:57:24.244+0200] {logging_mixin.py:188} INFO - [2024-04-30T15:57:24.244+0200] {dag.py:3954} INFO - Setting next_dagrun for example_complex to None, run_after=None
[2024-04-30T15:57:24.252+0200] {processor.py:183} INFO - Processing /Users/noejalabert/airflow_venv/lib/python3.11/site-packages/airflow/example_dags/example_complex.py took 0.075 seconds
[2024-04-30T15:58:51.934+0200] {processor.py:161} INFO - Started process (PID=31606) to work on /Users/noejalabert/airflow_venv/lib/python3.11/site-packages/airflow/example_dags/example_complex.py
[2024-04-30T15:58:51.936+0200] {processor.py:830} INFO - Processing file /Users/noejalabert/airflow_venv/lib/python3.11/site-packages/airflow/example_dags/example_complex.py for tasks to queue
[2024-04-30T15:58:51.936+0200] {logging_mixin.py:188} INFO - [2024-04-30T15:58:51.936+0200] {dagbag.py:540} INFO - Filling up the DagBag from /Users/noejalabert/airflow_venv/lib/python3.11/site-packages/airflow/example_dags/example_complex.py
[2024-04-30T15:58:51.942+0200] {processor.py:840} INFO - DAG(s) 'example_complex' retrieved from /Users/noejalabert/airflow_venv/lib/python3.11/site-packages/airflow/example_dags/example_complex.py
[2024-04-30T15:58:51.994+0200] {logging_mixin.py:188} INFO - [2024-04-30T15:58:51.993+0200] {dag.py:3096} INFO - Sync 1 DAGs
[2024-04-30T15:58:51.998+0200] {logging_mixin.py:188} INFO - [2024-04-30T15:58:51.998+0200] {dag.py:3954} INFO - Setting next_dagrun for example_complex to None, run_after=None
[2024-04-30T15:58:52.006+0200] {processor.py:183} INFO - Processing /Users/noejalabert/airflow_venv/lib/python3.11/site-packages/airflow/example_dags/example_complex.py took 0.073 seconds
[2024-04-30T16:00:16.167+0200] {processor.py:161} INFO - Started process (PID=31682) to work on /Users/noejalabert/airflow_venv/lib/python3.11/site-packages/airflow/example_dags/example_complex.py
[2024-04-30T16:00:16.168+0200] {processor.py:830} INFO - Processing file /Users/noejalabert/airflow_venv/lib/python3.11/site-packages/airflow/example_dags/example_complex.py for tasks to queue
[2024-04-30T16:00:16.168+0200] {logging_mixin.py:188} INFO - [2024-04-30T16:00:16.168+0200] {dagbag.py:540} INFO - Filling up the DagBag from /Users/noejalabert/airflow_venv/lib/python3.11/site-packages/airflow/example_dags/example_complex.py
[2024-04-30T16:00:16.174+0200] {processor.py:840} INFO - DAG(s) 'example_complex' retrieved from /Users/noejalabert/airflow_venv/lib/python3.11/site-packages/airflow/example_dags/example_complex.py
[2024-04-30T16:00:16.242+0200] {logging_mixin.py:188} INFO - [2024-04-30T16:00:16.242+0200] {dag.py:3096} INFO - Sync 1 DAGs
[2024-04-30T16:00:16.247+0200] {logging_mixin.py:188} INFO - [2024-04-30T16:00:16.247+0200] {dag.py:3954} INFO - Setting next_dagrun for example_complex to None, run_after=None
[2024-04-30T16:00:16.256+0200] {processor.py:183} INFO - Processing /Users/noejalabert/airflow_venv/lib/python3.11/site-packages/airflow/example_dags/example_complex.py took 0.091 seconds
[2024-04-30T16:01:38.030+0200] {processor.py:161} INFO - Started process (PID=31744) to work on /Users/noejalabert/airflow_venv/lib/python3.11/site-packages/airflow/example_dags/example_complex.py
[2024-04-30T16:01:38.031+0200] {processor.py:830} INFO - Processing file /Users/noejalabert/airflow_venv/lib/python3.11/site-packages/airflow/example_dags/example_complex.py for tasks to queue
[2024-04-30T16:01:38.031+0200] {logging_mixin.py:188} INFO - [2024-04-30T16:01:38.031+0200] {dagbag.py:540} INFO - Filling up the DagBag from /Users/noejalabert/airflow_venv/lib/python3.11/site-packages/airflow/example_dags/example_complex.py
[2024-04-30T16:01:38.036+0200] {processor.py:840} INFO - DAG(s) 'example_complex' retrieved from /Users/noejalabert/airflow_venv/lib/python3.11/site-packages/airflow/example_dags/example_complex.py
[2024-04-30T16:01:38.089+0200] {logging_mixin.py:188} INFO - [2024-04-30T16:01:38.089+0200] {dag.py:3096} INFO - Sync 1 DAGs
[2024-04-30T16:01:38.093+0200] {logging_mixin.py:188} INFO - [2024-04-30T16:01:38.093+0200] {dag.py:3954} INFO - Setting next_dagrun for example_complex to None, run_after=None
[2024-04-30T16:01:38.100+0200] {processor.py:183} INFO - Processing /Users/noejalabert/airflow_venv/lib/python3.11/site-packages/airflow/example_dags/example_complex.py took 0.071 seconds
[2024-04-30T16:03:03.861+0200] {processor.py:161} INFO - Started process (PID=31806) to work on /Users/noejalabert/airflow_venv/lib/python3.11/site-packages/airflow/example_dags/example_complex.py
[2024-04-30T16:03:03.861+0200] {processor.py:830} INFO - Processing file /Users/noejalabert/airflow_venv/lib/python3.11/site-packages/airflow/example_dags/example_complex.py for tasks to queue
[2024-04-30T16:03:03.861+0200] {logging_mixin.py:188} INFO - [2024-04-30T16:03:03.861+0200] {dagbag.py:540} INFO - Filling up the DagBag from /Users/noejalabert/airflow_venv/lib/python3.11/site-packages/airflow/example_dags/example_complex.py
[2024-04-30T16:03:03.867+0200] {processor.py:840} INFO - DAG(s) 'example_complex' retrieved from /Users/noejalabert/airflow_venv/lib/python3.11/site-packages/airflow/example_dags/example_complex.py
[2024-04-30T16:03:03.919+0200] {logging_mixin.py:188} INFO - [2024-04-30T16:03:03.918+0200] {dag.py:3096} INFO - Sync 1 DAGs
[2024-04-30T16:03:03.923+0200] {logging_mixin.py:188} INFO - [2024-04-30T16:03:03.923+0200] {dag.py:3954} INFO - Setting next_dagrun for example_complex to None, run_after=None
[2024-04-30T16:03:03.931+0200] {processor.py:183} INFO - Processing /Users/noejalabert/airflow_venv/lib/python3.11/site-packages/airflow/example_dags/example_complex.py took 0.072 seconds
[2024-04-30T16:04:27.859+0200] {processor.py:161} INFO - Started process (PID=31874) to work on /Users/noejalabert/airflow_venv/lib/python3.11/site-packages/airflow/example_dags/example_complex.py
[2024-04-30T16:04:27.861+0200] {processor.py:830} INFO - Processing file /Users/noejalabert/airflow_venv/lib/python3.11/site-packages/airflow/example_dags/example_complex.py for tasks to queue
[2024-04-30T16:04:27.861+0200] {logging_mixin.py:188} INFO - [2024-04-30T16:04:27.861+0200] {dagbag.py:540} INFO - Filling up the DagBag from /Users/noejalabert/airflow_venv/lib/python3.11/site-packages/airflow/example_dags/example_complex.py
[2024-04-30T16:04:27.866+0200] {processor.py:840} INFO - DAG(s) 'example_complex' retrieved from /Users/noejalabert/airflow_venv/lib/python3.11/site-packages/airflow/example_dags/example_complex.py
[2024-04-30T16:04:27.918+0200] {logging_mixin.py:188} INFO - [2024-04-30T16:04:27.918+0200] {dag.py:3096} INFO - Sync 1 DAGs
[2024-04-30T16:04:27.923+0200] {logging_mixin.py:188} INFO - [2024-04-30T16:04:27.923+0200] {dag.py:3954} INFO - Setting next_dagrun for example_complex to None, run_after=None
[2024-04-30T16:04:27.931+0200] {processor.py:183} INFO - Processing /Users/noejalabert/airflow_venv/lib/python3.11/site-packages/airflow/example_dags/example_complex.py took 0.073 seconds
[2024-04-30T16:07:30.117+0200] {processor.py:161} INFO - Started process (PID=31964) to work on /Users/noejalabert/airflow_venv/lib/python3.11/site-packages/airflow/example_dags/example_complex.py
[2024-04-30T16:07:30.118+0200] {processor.py:830} INFO - Processing file /Users/noejalabert/airflow_venv/lib/python3.11/site-packages/airflow/example_dags/example_complex.py for tasks to queue
[2024-04-30T16:07:30.119+0200] {logging_mixin.py:188} INFO - [2024-04-30T16:07:30.118+0200] {dagbag.py:540} INFO - Filling up the DagBag from /Users/noejalabert/airflow_venv/lib/python3.11/site-packages/airflow/example_dags/example_complex.py
[2024-04-30T16:07:30.124+0200] {processor.py:840} INFO - DAG(s) 'example_complex' retrieved from /Users/noejalabert/airflow_venv/lib/python3.11/site-packages/airflow/example_dags/example_complex.py
[2024-04-30T16:07:30.176+0200] {logging_mixin.py:188} INFO - [2024-04-30T16:07:30.176+0200] {dag.py:3096} INFO - Sync 1 DAGs
[2024-04-30T16:07:30.180+0200] {logging_mixin.py:188} INFO - [2024-04-30T16:07:30.180+0200] {dag.py:3954} INFO - Setting next_dagrun for example_complex to None, run_after=None
[2024-04-30T16:07:30.189+0200] {processor.py:183} INFO - Processing /Users/noejalabert/airflow_venv/lib/python3.11/site-packages/airflow/example_dags/example_complex.py took 0.073 seconds
[2024-04-30T16:08:52.637+0200] {processor.py:161} INFO - Started process (PID=32038) to work on /Users/noejalabert/airflow_venv/lib/python3.11/site-packages/airflow/example_dags/example_complex.py
[2024-04-30T16:08:52.637+0200] {processor.py:830} INFO - Processing file /Users/noejalabert/airflow_venv/lib/python3.11/site-packages/airflow/example_dags/example_complex.py for tasks to queue
[2024-04-30T16:08:52.638+0200] {logging_mixin.py:188} INFO - [2024-04-30T16:08:52.637+0200] {dagbag.py:540} INFO - Filling up the DagBag from /Users/noejalabert/airflow_venv/lib/python3.11/site-packages/airflow/example_dags/example_complex.py
[2024-04-30T16:08:52.643+0200] {processor.py:840} INFO - DAG(s) 'example_complex' retrieved from /Users/noejalabert/airflow_venv/lib/python3.11/site-packages/airflow/example_dags/example_complex.py
[2024-04-30T16:08:52.695+0200] {logging_mixin.py:188} INFO - [2024-04-30T16:08:52.694+0200] {dag.py:3096} INFO - Sync 1 DAGs
[2024-04-30T16:08:52.699+0200] {logging_mixin.py:188} INFO - [2024-04-30T16:08:52.699+0200] {dag.py:3954} INFO - Setting next_dagrun for example_complex to None, run_after=None
[2024-04-30T16:08:52.707+0200] {processor.py:183} INFO - Processing /Users/noejalabert/airflow_venv/lib/python3.11/site-packages/airflow/example_dags/example_complex.py took 0.071 seconds
[2024-04-30T16:10:16.809+0200] {processor.py:161} INFO - Started process (PID=32095) to work on /Users/noejalabert/airflow_venv/lib/python3.11/site-packages/airflow/example_dags/example_complex.py
[2024-04-30T16:10:16.809+0200] {processor.py:830} INFO - Processing file /Users/noejalabert/airflow_venv/lib/python3.11/site-packages/airflow/example_dags/example_complex.py for tasks to queue
[2024-04-30T16:10:16.810+0200] {logging_mixin.py:188} INFO - [2024-04-30T16:10:16.810+0200] {dagbag.py:540} INFO - Filling up the DagBag from /Users/noejalabert/airflow_venv/lib/python3.11/site-packages/airflow/example_dags/example_complex.py
[2024-04-30T16:10:16.815+0200] {processor.py:840} INFO - DAG(s) 'example_complex' retrieved from /Users/noejalabert/airflow_venv/lib/python3.11/site-packages/airflow/example_dags/example_complex.py
[2024-04-30T16:10:16.866+0200] {logging_mixin.py:188} INFO - [2024-04-30T16:10:16.866+0200] {dag.py:3096} INFO - Sync 1 DAGs
[2024-04-30T16:10:16.871+0200] {logging_mixin.py:188} INFO - [2024-04-30T16:10:16.871+0200] {dag.py:3954} INFO - Setting next_dagrun for example_complex to None, run_after=None
[2024-04-30T16:10:16.878+0200] {processor.py:183} INFO - Processing /Users/noejalabert/airflow_venv/lib/python3.11/site-packages/airflow/example_dags/example_complex.py took 0.071 seconds
[2024-04-30T16:11:42.902+0200] {processor.py:161} INFO - Started process (PID=32172) to work on /Users/noejalabert/airflow_venv/lib/python3.11/site-packages/airflow/example_dags/example_complex.py
[2024-04-30T16:11:42.904+0200] {processor.py:830} INFO - Processing file /Users/noejalabert/airflow_venv/lib/python3.11/site-packages/airflow/example_dags/example_complex.py for tasks to queue
[2024-04-30T16:11:42.904+0200] {logging_mixin.py:188} INFO - [2024-04-30T16:11:42.904+0200] {dagbag.py:540} INFO - Filling up the DagBag from /Users/noejalabert/airflow_venv/lib/python3.11/site-packages/airflow/example_dags/example_complex.py
[2024-04-30T16:11:42.909+0200] {processor.py:840} INFO - DAG(s) 'example_complex' retrieved from /Users/noejalabert/airflow_venv/lib/python3.11/site-packages/airflow/example_dags/example_complex.py
[2024-04-30T16:11:42.964+0200] {logging_mixin.py:188} INFO - [2024-04-30T16:11:42.964+0200] {dag.py:3096} INFO - Sync 1 DAGs
[2024-04-30T16:11:42.969+0200] {logging_mixin.py:188} INFO - [2024-04-30T16:11:42.969+0200] {dag.py:3954} INFO - Setting next_dagrun for example_complex to None, run_after=None
[2024-04-30T16:11:42.977+0200] {processor.py:183} INFO - Processing /Users/noejalabert/airflow_venv/lib/python3.11/site-packages/airflow/example_dags/example_complex.py took 0.076 seconds
[2024-04-30T16:13:06.557+0200] {processor.py:161} INFO - Started process (PID=32235) to work on /Users/noejalabert/airflow_venv/lib/python3.11/site-packages/airflow/example_dags/example_complex.py
[2024-04-30T16:13:06.558+0200] {processor.py:830} INFO - Processing file /Users/noejalabert/airflow_venv/lib/python3.11/site-packages/airflow/example_dags/example_complex.py for tasks to queue
[2024-04-30T16:13:06.558+0200] {logging_mixin.py:188} INFO - [2024-04-30T16:13:06.558+0200] {dagbag.py:540} INFO - Filling up the DagBag from /Users/noejalabert/airflow_venv/lib/python3.11/site-packages/airflow/example_dags/example_complex.py
[2024-04-30T16:13:06.564+0200] {processor.py:840} INFO - DAG(s) 'example_complex' retrieved from /Users/noejalabert/airflow_venv/lib/python3.11/site-packages/airflow/example_dags/example_complex.py
[2024-04-30T16:13:06.616+0200] {logging_mixin.py:188} INFO - [2024-04-30T16:13:06.616+0200] {dag.py:3096} INFO - Sync 1 DAGs
[2024-04-30T16:13:06.620+0200] {logging_mixin.py:188} INFO - [2024-04-30T16:13:06.620+0200] {dag.py:3954} INFO - Setting next_dagrun for example_complex to None, run_after=None
[2024-04-30T16:13:06.628+0200] {processor.py:183} INFO - Processing /Users/noejalabert/airflow_venv/lib/python3.11/site-packages/airflow/example_dags/example_complex.py took 0.072 seconds
[2024-04-30T16:14:33.317+0200] {processor.py:161} INFO - Started process (PID=32301) to work on /Users/noejalabert/airflow_venv/lib/python3.11/site-packages/airflow/example_dags/example_complex.py
[2024-04-30T16:14:33.319+0200] {processor.py:830} INFO - Processing file /Users/noejalabert/airflow_venv/lib/python3.11/site-packages/airflow/example_dags/example_complex.py for tasks to queue
[2024-04-30T16:14:33.319+0200] {logging_mixin.py:188} INFO - [2024-04-30T16:14:33.319+0200] {dagbag.py:540} INFO - Filling up the DagBag from /Users/noejalabert/airflow_venv/lib/python3.11/site-packages/airflow/example_dags/example_complex.py
[2024-04-30T16:14:33.324+0200] {processor.py:840} INFO - DAG(s) 'example_complex' retrieved from /Users/noejalabert/airflow_venv/lib/python3.11/site-packages/airflow/example_dags/example_complex.py
[2024-04-30T16:14:33.377+0200] {logging_mixin.py:188} INFO - [2024-04-30T16:14:33.377+0200] {dag.py:3096} INFO - Sync 1 DAGs
[2024-04-30T16:14:33.381+0200] {logging_mixin.py:188} INFO - [2024-04-30T16:14:33.381+0200] {dag.py:3954} INFO - Setting next_dagrun for example_complex to None, run_after=None
[2024-04-30T16:14:33.389+0200] {processor.py:183} INFO - Processing /Users/noejalabert/airflow_venv/lib/python3.11/site-packages/airflow/example_dags/example_complex.py took 0.073 seconds
[2024-04-30T16:16:00.892+0200] {processor.py:161} INFO - Started process (PID=32361) to work on /Users/noejalabert/airflow_venv/lib/python3.11/site-packages/airflow/example_dags/example_complex.py
[2024-04-30T16:16:00.893+0200] {processor.py:830} INFO - Processing file /Users/noejalabert/airflow_venv/lib/python3.11/site-packages/airflow/example_dags/example_complex.py for tasks to queue
[2024-04-30T16:16:00.894+0200] {logging_mixin.py:188} INFO - [2024-04-30T16:16:00.894+0200] {dagbag.py:540} INFO - Filling up the DagBag from /Users/noejalabert/airflow_venv/lib/python3.11/site-packages/airflow/example_dags/example_complex.py
[2024-04-30T16:16:00.899+0200] {processor.py:840} INFO - DAG(s) 'example_complex' retrieved from /Users/noejalabert/airflow_venv/lib/python3.11/site-packages/airflow/example_dags/example_complex.py
[2024-04-30T16:16:00.951+0200] {logging_mixin.py:188} INFO - [2024-04-30T16:16:00.951+0200] {dag.py:3096} INFO - Sync 1 DAGs
[2024-04-30T16:16:00.956+0200] {logging_mixin.py:188} INFO - [2024-04-30T16:16:00.956+0200] {dag.py:3954} INFO - Setting next_dagrun for example_complex to None, run_after=None
[2024-04-30T16:16:00.964+0200] {processor.py:183} INFO - Processing /Users/noejalabert/airflow_venv/lib/python3.11/site-packages/airflow/example_dags/example_complex.py took 0.073 seconds
[2024-04-30T16:17:21.850+0200] {processor.py:161} INFO - Started process (PID=32432) to work on /Users/noejalabert/airflow_venv/lib/python3.11/site-packages/airflow/example_dags/example_complex.py
[2024-04-30T16:17:21.850+0200] {processor.py:830} INFO - Processing file /Users/noejalabert/airflow_venv/lib/python3.11/site-packages/airflow/example_dags/example_complex.py for tasks to queue
[2024-04-30T16:17:21.851+0200] {logging_mixin.py:188} INFO - [2024-04-30T16:17:21.850+0200] {dagbag.py:540} INFO - Filling up the DagBag from /Users/noejalabert/airflow_venv/lib/python3.11/site-packages/airflow/example_dags/example_complex.py
[2024-04-30T16:17:21.856+0200] {processor.py:840} INFO - DAG(s) 'example_complex' retrieved from /Users/noejalabert/airflow_venv/lib/python3.11/site-packages/airflow/example_dags/example_complex.py
[2024-04-30T16:17:21.909+0200] {logging_mixin.py:188} INFO - [2024-04-30T16:17:21.908+0200] {dag.py:3096} INFO - Sync 1 DAGs
[2024-04-30T16:17:21.913+0200] {logging_mixin.py:188} INFO - [2024-04-30T16:17:21.913+0200] {dag.py:3954} INFO - Setting next_dagrun for example_complex to None, run_after=None
[2024-04-30T16:17:21.921+0200] {processor.py:183} INFO - Processing /Users/noejalabert/airflow_venv/lib/python3.11/site-packages/airflow/example_dags/example_complex.py took 0.073 seconds
[2024-04-30T16:18:44.865+0200] {processor.py:161} INFO - Started process (PID=32497) to work on /Users/noejalabert/airflow_venv/lib/python3.11/site-packages/airflow/example_dags/example_complex.py
[2024-04-30T16:18:44.866+0200] {processor.py:830} INFO - Processing file /Users/noejalabert/airflow_venv/lib/python3.11/site-packages/airflow/example_dags/example_complex.py for tasks to queue
[2024-04-30T16:18:44.866+0200] {logging_mixin.py:188} INFO - [2024-04-30T16:18:44.866+0200] {dagbag.py:540} INFO - Filling up the DagBag from /Users/noejalabert/airflow_venv/lib/python3.11/site-packages/airflow/example_dags/example_complex.py
[2024-04-30T16:18:44.871+0200] {processor.py:840} INFO - DAG(s) 'example_complex' retrieved from /Users/noejalabert/airflow_venv/lib/python3.11/site-packages/airflow/example_dags/example_complex.py
[2024-04-30T16:18:44.923+0200] {logging_mixin.py:188} INFO - [2024-04-30T16:18:44.923+0200] {dag.py:3096} INFO - Sync 1 DAGs
[2024-04-30T16:18:44.928+0200] {logging_mixin.py:188} INFO - [2024-04-30T16:18:44.928+0200] {dag.py:3954} INFO - Setting next_dagrun for example_complex to None, run_after=None
[2024-04-30T16:18:44.935+0200] {processor.py:183} INFO - Processing /Users/noejalabert/airflow_venv/lib/python3.11/site-packages/airflow/example_dags/example_complex.py took 0.071 seconds
[2024-04-30T16:20:06.945+0200] {processor.py:161} INFO - Started process (PID=32556) to work on /Users/noejalabert/airflow_venv/lib/python3.11/site-packages/airflow/example_dags/example_complex.py
[2024-04-30T16:20:06.946+0200] {processor.py:830} INFO - Processing file /Users/noejalabert/airflow_venv/lib/python3.11/site-packages/airflow/example_dags/example_complex.py for tasks to queue
[2024-04-30T16:20:06.946+0200] {logging_mixin.py:188} INFO - [2024-04-30T16:20:06.946+0200] {dagbag.py:540} INFO - Filling up the DagBag from /Users/noejalabert/airflow_venv/lib/python3.11/site-packages/airflow/example_dags/example_complex.py
[2024-04-30T16:20:06.951+0200] {processor.py:840} INFO - DAG(s) 'example_complex' retrieved from /Users/noejalabert/airflow_venv/lib/python3.11/site-packages/airflow/example_dags/example_complex.py
[2024-04-30T16:20:07.004+0200] {logging_mixin.py:188} INFO - [2024-04-30T16:20:07.004+0200] {dag.py:3096} INFO - Sync 1 DAGs
[2024-04-30T16:20:07.008+0200] {logging_mixin.py:188} INFO - [2024-04-30T16:20:07.008+0200] {dag.py:3954} INFO - Setting next_dagrun for example_complex to None, run_after=None
[2024-04-30T16:20:07.016+0200] {processor.py:183} INFO - Processing /Users/noejalabert/airflow_venv/lib/python3.11/site-packages/airflow/example_dags/example_complex.py took 0.072 seconds
[2024-04-30T16:21:27.221+0200] {processor.py:161} INFO - Started process (PID=32612) to work on /Users/noejalabert/airflow_venv/lib/python3.11/site-packages/airflow/example_dags/example_complex.py
[2024-04-30T16:21:27.221+0200] {processor.py:830} INFO - Processing file /Users/noejalabert/airflow_venv/lib/python3.11/site-packages/airflow/example_dags/example_complex.py for tasks to queue
[2024-04-30T16:21:27.222+0200] {logging_mixin.py:188} INFO - [2024-04-30T16:21:27.222+0200] {dagbag.py:540} INFO - Filling up the DagBag from /Users/noejalabert/airflow_venv/lib/python3.11/site-packages/airflow/example_dags/example_complex.py
[2024-04-30T16:21:27.227+0200] {processor.py:840} INFO - DAG(s) 'example_complex' retrieved from /Users/noejalabert/airflow_venv/lib/python3.11/site-packages/airflow/example_dags/example_complex.py
[2024-04-30T16:21:27.279+0200] {logging_mixin.py:188} INFO - [2024-04-30T16:21:27.279+0200] {dag.py:3096} INFO - Sync 1 DAGs
[2024-04-30T16:21:27.284+0200] {logging_mixin.py:188} INFO - [2024-04-30T16:21:27.284+0200] {dag.py:3954} INFO - Setting next_dagrun for example_complex to None, run_after=None
[2024-04-30T16:21:27.292+0200] {processor.py:183} INFO - Processing /Users/noejalabert/airflow_venv/lib/python3.11/site-packages/airflow/example_dags/example_complex.py took 0.072 seconds
[2024-04-30T16:23:12.199+0200] {processor.py:161} INFO - Started process (PID=32718) to work on /Users/noejalabert/airflow_venv/lib/python3.11/site-packages/airflow/example_dags/example_complex.py
[2024-04-30T16:23:12.201+0200] {processor.py:830} INFO - Processing file /Users/noejalabert/airflow_venv/lib/python3.11/site-packages/airflow/example_dags/example_complex.py for tasks to queue
[2024-04-30T16:23:12.201+0200] {logging_mixin.py:188} INFO - [2024-04-30T16:23:12.201+0200] {dagbag.py:540} INFO - Filling up the DagBag from /Users/noejalabert/airflow_venv/lib/python3.11/site-packages/airflow/example_dags/example_complex.py
[2024-04-30T16:23:12.206+0200] {processor.py:840} INFO - DAG(s) 'example_complex' retrieved from /Users/noejalabert/airflow_venv/lib/python3.11/site-packages/airflow/example_dags/example_complex.py
[2024-04-30T16:23:12.259+0200] {logging_mixin.py:188} INFO - [2024-04-30T16:23:12.259+0200] {dag.py:3096} INFO - Sync 1 DAGs
[2024-04-30T16:23:12.264+0200] {logging_mixin.py:188} INFO - [2024-04-30T16:23:12.264+0200] {dag.py:3954} INFO - Setting next_dagrun for example_complex to None, run_after=None
[2024-04-30T16:23:12.272+0200] {processor.py:183} INFO - Processing /Users/noejalabert/airflow_venv/lib/python3.11/site-packages/airflow/example_dags/example_complex.py took 0.074 seconds
[2024-04-30T16:24:38.996+0200] {processor.py:161} INFO - Started process (PID=32798) to work on /Users/noejalabert/airflow_venv/lib/python3.11/site-packages/airflow/example_dags/example_complex.py
[2024-04-30T16:24:38.996+0200] {processor.py:830} INFO - Processing file /Users/noejalabert/airflow_venv/lib/python3.11/site-packages/airflow/example_dags/example_complex.py for tasks to queue
[2024-04-30T16:24:38.996+0200] {logging_mixin.py:188} INFO - [2024-04-30T16:24:38.996+0200] {dagbag.py:540} INFO - Filling up the DagBag from /Users/noejalabert/airflow_venv/lib/python3.11/site-packages/airflow/example_dags/example_complex.py
[2024-04-30T16:24:39.002+0200] {processor.py:840} INFO - DAG(s) 'example_complex' retrieved from /Users/noejalabert/airflow_venv/lib/python3.11/site-packages/airflow/example_dags/example_complex.py
[2024-04-30T16:24:39.055+0200] {logging_mixin.py:188} INFO - [2024-04-30T16:24:39.055+0200] {dag.py:3096} INFO - Sync 1 DAGs
[2024-04-30T16:24:39.060+0200] {logging_mixin.py:188} INFO - [2024-04-30T16:24:39.060+0200] {dag.py:3954} INFO - Setting next_dagrun for example_complex to None, run_after=None
[2024-04-30T16:24:39.068+0200] {processor.py:183} INFO - Processing /Users/noejalabert/airflow_venv/lib/python3.11/site-packages/airflow/example_dags/example_complex.py took 0.073 seconds
[2024-04-30T16:26:00.878+0200] {processor.py:161} INFO - Started process (PID=32860) to work on /Users/noejalabert/airflow_venv/lib/python3.11/site-packages/airflow/example_dags/example_complex.py
[2024-04-30T16:26:00.879+0200] {processor.py:830} INFO - Processing file /Users/noejalabert/airflow_venv/lib/python3.11/site-packages/airflow/example_dags/example_complex.py for tasks to queue
[2024-04-30T16:26:00.879+0200] {logging_mixin.py:188} INFO - [2024-04-30T16:26:00.879+0200] {dagbag.py:540} INFO - Filling up the DagBag from /Users/noejalabert/airflow_venv/lib/python3.11/site-packages/airflow/example_dags/example_complex.py
[2024-04-30T16:26:00.885+0200] {processor.py:840} INFO - DAG(s) 'example_complex' retrieved from /Users/noejalabert/airflow_venv/lib/python3.11/site-packages/airflow/example_dags/example_complex.py
[2024-04-30T16:26:00.937+0200] {logging_mixin.py:188} INFO - [2024-04-30T16:26:00.937+0200] {dag.py:3096} INFO - Sync 1 DAGs
[2024-04-30T16:26:00.941+0200] {logging_mixin.py:188} INFO - [2024-04-30T16:26:00.941+0200] {dag.py:3954} INFO - Setting next_dagrun for example_complex to None, run_after=None
[2024-04-30T16:26:00.949+0200] {processor.py:183} INFO - Processing /Users/noejalabert/airflow_venv/lib/python3.11/site-packages/airflow/example_dags/example_complex.py took 0.072 seconds
[2024-04-30T16:27:26.153+0200] {processor.py:161} INFO - Started process (PID=32938) to work on /Users/noejalabert/airflow_venv/lib/python3.11/site-packages/airflow/example_dags/example_complex.py
[2024-04-30T16:27:26.154+0200] {processor.py:830} INFO - Processing file /Users/noejalabert/airflow_venv/lib/python3.11/site-packages/airflow/example_dags/example_complex.py for tasks to queue
[2024-04-30T16:27:26.155+0200] {logging_mixin.py:188} INFO - [2024-04-30T16:27:26.155+0200] {dagbag.py:540} INFO - Filling up the DagBag from /Users/noejalabert/airflow_venv/lib/python3.11/site-packages/airflow/example_dags/example_complex.py
[2024-04-30T16:27:26.160+0200] {processor.py:840} INFO - DAG(s) 'example_complex' retrieved from /Users/noejalabert/airflow_venv/lib/python3.11/site-packages/airflow/example_dags/example_complex.py
[2024-04-30T16:27:26.213+0200] {logging_mixin.py:188} INFO - [2024-04-30T16:27:26.213+0200] {dag.py:3096} INFO - Sync 1 DAGs
[2024-04-30T16:27:26.217+0200] {logging_mixin.py:188} INFO - [2024-04-30T16:27:26.217+0200] {dag.py:3954} INFO - Setting next_dagrun for example_complex to None, run_after=None
[2024-04-30T16:27:26.225+0200] {processor.py:183} INFO - Processing /Users/noejalabert/airflow_venv/lib/python3.11/site-packages/airflow/example_dags/example_complex.py took 0.073 seconds
[2024-04-30T16:28:52.011+0200] {processor.py:161} INFO - Started process (PID=32998) to work on /Users/noejalabert/airflow_venv/lib/python3.11/site-packages/airflow/example_dags/example_complex.py
[2024-04-30T16:28:52.012+0200] {processor.py:830} INFO - Processing file /Users/noejalabert/airflow_venv/lib/python3.11/site-packages/airflow/example_dags/example_complex.py for tasks to queue
[2024-04-30T16:28:52.012+0200] {logging_mixin.py:188} INFO - [2024-04-30T16:28:52.012+0200] {dagbag.py:540} INFO - Filling up the DagBag from /Users/noejalabert/airflow_venv/lib/python3.11/site-packages/airflow/example_dags/example_complex.py
[2024-04-30T16:28:52.017+0200] {processor.py:840} INFO - DAG(s) 'example_complex' retrieved from /Users/noejalabert/airflow_venv/lib/python3.11/site-packages/airflow/example_dags/example_complex.py
[2024-04-30T16:28:52.069+0200] {logging_mixin.py:188} INFO - [2024-04-30T16:28:52.069+0200] {dag.py:3096} INFO - Sync 1 DAGs
[2024-04-30T16:28:52.074+0200] {logging_mixin.py:188} INFO - [2024-04-30T16:28:52.074+0200] {dag.py:3954} INFO - Setting next_dagrun for example_complex to None, run_after=None
[2024-04-30T16:28:52.081+0200] {processor.py:183} INFO - Processing /Users/noejalabert/airflow_venv/lib/python3.11/site-packages/airflow/example_dags/example_complex.py took 0.071 seconds
[2024-04-30T16:30:17.256+0200] {processor.py:161} INFO - Started process (PID=33053) to work on /Users/noejalabert/airflow_venv/lib/python3.11/site-packages/airflow/example_dags/example_complex.py
[2024-04-30T16:30:17.256+0200] {processor.py:830} INFO - Processing file /Users/noejalabert/airflow_venv/lib/python3.11/site-packages/airflow/example_dags/example_complex.py for tasks to queue
[2024-04-30T16:30:17.257+0200] {logging_mixin.py:188} INFO - [2024-04-30T16:30:17.257+0200] {dagbag.py:540} INFO - Filling up the DagBag from /Users/noejalabert/airflow_venv/lib/python3.11/site-packages/airflow/example_dags/example_complex.py
[2024-04-30T16:30:17.262+0200] {processor.py:840} INFO - DAG(s) 'example_complex' retrieved from /Users/noejalabert/airflow_venv/lib/python3.11/site-packages/airflow/example_dags/example_complex.py
[2024-04-30T16:30:17.315+0200] {logging_mixin.py:188} INFO - [2024-04-30T16:30:17.314+0200] {dag.py:3096} INFO - Sync 1 DAGs
[2024-04-30T16:30:17.319+0200] {logging_mixin.py:188} INFO - [2024-04-30T16:30:17.319+0200] {dag.py:3954} INFO - Setting next_dagrun for example_complex to None, run_after=None
[2024-04-30T16:30:17.327+0200] {processor.py:183} INFO - Processing /Users/noejalabert/airflow_venv/lib/python3.11/site-packages/airflow/example_dags/example_complex.py took 0.072 seconds
