[2024-04-30T14:50:07.440+0200] {processor.py:161} INFO - Started process (PID=28474) to work on /Users/noejalabert/airflow_venv/lib/python3.11/site-packages/airflow/example_dags/example_branch_day_of_week_operator.py
[2024-04-30T14:50:07.440+0200] {processor.py:830} INFO - Processing file /Users/noejalabert/airflow_venv/lib/python3.11/site-packages/airflow/example_dags/example_branch_day_of_week_operator.py for tasks to queue
[2024-04-30T14:50:07.441+0200] {logging_mixin.py:188} INFO - [2024-04-30T14:50:07.440+0200] {dagbag.py:540} INFO - Filling up the DagBag from /Users/noejalabert/airflow_venv/lib/python3.11/site-packages/airflow/example_dags/example_branch_day_of_week_operator.py
[2024-04-30T14:50:07.445+0200] {processor.py:840} INFO - DAG(s) 'example_weekday_branch_operator' retrieved from /Users/noejalabert/airflow_venv/lib/python3.11/site-packages/airflow/example_dags/example_branch_day_of_week_operator.py
[2024-04-30T14:50:07.526+0200] {logging_mixin.py:188} INFO - [2024-04-30T14:50:07.525+0200] {override.py:1829} INFO - Created Permission View: can read on DAG:example_weekday_branch_operator
[2024-04-30T14:50:07.529+0200] {logging_mixin.py:188} INFO - [2024-04-30T14:50:07.529+0200] {override.py:1829} INFO - Created Permission View: can delete on DAG:example_weekday_branch_operator
[2024-04-30T14:50:07.531+0200] {logging_mixin.py:188} INFO - [2024-04-30T14:50:07.531+0200] {override.py:1829} INFO - Created Permission View: can edit on DAG:example_weekday_branch_operator
[2024-04-30T14:50:07.531+0200] {logging_mixin.py:188} INFO - [2024-04-30T14:50:07.531+0200] {dag.py:3096} INFO - Sync 1 DAGs
[2024-04-30T14:50:07.535+0200] {logging_mixin.py:188} INFO - [2024-04-30T14:50:07.535+0200] {dag.py:3118} INFO - Creating ORM DAG for example_weekday_branch_operator
[2024-04-30T14:50:07.539+0200] {logging_mixin.py:188} INFO - [2024-04-30T14:50:07.539+0200] {dag.py:3954} INFO - Setting next_dagrun for example_weekday_branch_operator to 2024-04-29 00:00:00+00:00, run_after=2024-04-30 00:00:00+00:00
[2024-04-30T14:50:07.546+0200] {processor.py:183} INFO - Processing /Users/noejalabert/airflow_venv/lib/python3.11/site-packages/airflow/example_dags/example_branch_day_of_week_operator.py took 0.107 seconds
[2024-04-30T14:51:57.419+0200] {processor.py:161} INFO - Started process (PID=28545) to work on /Users/noejalabert/airflow_venv/lib/python3.11/site-packages/airflow/example_dags/example_branch_day_of_week_operator.py
[2024-04-30T14:51:57.420+0200] {processor.py:830} INFO - Processing file /Users/noejalabert/airflow_venv/lib/python3.11/site-packages/airflow/example_dags/example_branch_day_of_week_operator.py for tasks to queue
[2024-04-30T14:51:57.420+0200] {logging_mixin.py:188} INFO - [2024-04-30T14:51:57.420+0200] {dagbag.py:540} INFO - Filling up the DagBag from /Users/noejalabert/airflow_venv/lib/python3.11/site-packages/airflow/example_dags/example_branch_day_of_week_operator.py
[2024-04-30T14:51:57.425+0200] {processor.py:840} INFO - DAG(s) 'example_weekday_branch_operator' retrieved from /Users/noejalabert/airflow_venv/lib/python3.11/site-packages/airflow/example_dags/example_branch_day_of_week_operator.py
[2024-04-30T14:51:57.472+0200] {logging_mixin.py:188} INFO - [2024-04-30T14:51:57.471+0200] {dag.py:3096} INFO - Sync 1 DAGs
[2024-04-30T14:51:57.479+0200] {logging_mixin.py:188} INFO - [2024-04-30T14:51:57.479+0200] {dag.py:3954} INFO - Setting next_dagrun for example_weekday_branch_operator to 2024-04-29 00:00:00+00:00, run_after=2024-04-30 00:00:00+00:00
[2024-04-30T14:51:57.487+0200] {processor.py:183} INFO - Processing /Users/noejalabert/airflow_venv/lib/python3.11/site-packages/airflow/example_dags/example_branch_day_of_week_operator.py took 0.070 seconds
[2024-04-30T14:53:52.708+0200] {processor.py:161} INFO - Started process (PID=28626) to work on /Users/noejalabert/airflow_venv/lib/python3.11/site-packages/airflow/example_dags/example_branch_day_of_week_operator.py
[2024-04-30T14:53:52.710+0200] {processor.py:830} INFO - Processing file /Users/noejalabert/airflow_venv/lib/python3.11/site-packages/airflow/example_dags/example_branch_day_of_week_operator.py for tasks to queue
[2024-04-30T14:53:52.710+0200] {logging_mixin.py:188} INFO - [2024-04-30T14:53:52.710+0200] {dagbag.py:540} INFO - Filling up the DagBag from /Users/noejalabert/airflow_venv/lib/python3.11/site-packages/airflow/example_dags/example_branch_day_of_week_operator.py
[2024-04-30T14:53:52.714+0200] {processor.py:840} INFO - DAG(s) 'example_weekday_branch_operator' retrieved from /Users/noejalabert/airflow_venv/lib/python3.11/site-packages/airflow/example_dags/example_branch_day_of_week_operator.py
[2024-04-30T14:53:52.761+0200] {logging_mixin.py:188} INFO - [2024-04-30T14:53:52.761+0200] {dag.py:3096} INFO - Sync 1 DAGs
[2024-04-30T14:53:52.769+0200] {logging_mixin.py:188} INFO - [2024-04-30T14:53:52.769+0200] {dag.py:3954} INFO - Setting next_dagrun for example_weekday_branch_operator to 2024-04-29 00:00:00+00:00, run_after=2024-04-30 00:00:00+00:00
[2024-04-30T14:53:52.777+0200] {processor.py:183} INFO - Processing /Users/noejalabert/airflow_venv/lib/python3.11/site-packages/airflow/example_dags/example_branch_day_of_week_operator.py took 0.070 seconds
[2024-04-30T14:55:44.136+0200] {processor.py:161} INFO - Started process (PID=28704) to work on /Users/noejalabert/airflow_venv/lib/python3.11/site-packages/airflow/example_dags/example_branch_day_of_week_operator.py
[2024-04-30T14:55:44.136+0200] {processor.py:830} INFO - Processing file /Users/noejalabert/airflow_venv/lib/python3.11/site-packages/airflow/example_dags/example_branch_day_of_week_operator.py for tasks to queue
[2024-04-30T14:55:44.136+0200] {logging_mixin.py:188} INFO - [2024-04-30T14:55:44.136+0200] {dagbag.py:540} INFO - Filling up the DagBag from /Users/noejalabert/airflow_venv/lib/python3.11/site-packages/airflow/example_dags/example_branch_day_of_week_operator.py
[2024-04-30T14:55:44.141+0200] {processor.py:840} INFO - DAG(s) 'example_weekday_branch_operator' retrieved from /Users/noejalabert/airflow_venv/lib/python3.11/site-packages/airflow/example_dags/example_branch_day_of_week_operator.py
[2024-04-30T14:55:44.188+0200] {logging_mixin.py:188} INFO - [2024-04-30T14:55:44.187+0200] {dag.py:3096} INFO - Sync 1 DAGs
[2024-04-30T14:55:44.195+0200] {logging_mixin.py:188} INFO - [2024-04-30T14:55:44.195+0200] {dag.py:3954} INFO - Setting next_dagrun for example_weekday_branch_operator to 2024-04-29 00:00:00+00:00, run_after=2024-04-30 00:00:00+00:00
[2024-04-30T14:55:44.203+0200] {processor.py:183} INFO - Processing /Users/noejalabert/airflow_venv/lib/python3.11/site-packages/airflow/example_dags/example_branch_day_of_week_operator.py took 0.069 seconds
[2024-04-30T14:57:34.369+0200] {processor.py:161} INFO - Started process (PID=28782) to work on /Users/noejalabert/airflow_venv/lib/python3.11/site-packages/airflow/example_dags/example_branch_day_of_week_operator.py
[2024-04-30T14:57:34.369+0200] {processor.py:830} INFO - Processing file /Users/noejalabert/airflow_venv/lib/python3.11/site-packages/airflow/example_dags/example_branch_day_of_week_operator.py for tasks to queue
[2024-04-30T14:57:34.370+0200] {logging_mixin.py:188} INFO - [2024-04-30T14:57:34.370+0200] {dagbag.py:540} INFO - Filling up the DagBag from /Users/noejalabert/airflow_venv/lib/python3.11/site-packages/airflow/example_dags/example_branch_day_of_week_operator.py
[2024-04-30T14:57:34.375+0200] {processor.py:840} INFO - DAG(s) 'example_weekday_branch_operator' retrieved from /Users/noejalabert/airflow_venv/lib/python3.11/site-packages/airflow/example_dags/example_branch_day_of_week_operator.py
[2024-04-30T14:57:34.430+0200] {logging_mixin.py:188} INFO - [2024-04-30T14:57:34.430+0200] {dag.py:3096} INFO - Sync 1 DAGs
[2024-04-30T14:57:34.439+0200] {logging_mixin.py:188} INFO - [2024-04-30T14:57:34.439+0200] {dag.py:3954} INFO - Setting next_dagrun for example_weekday_branch_operator to 2024-04-29 00:00:00+00:00, run_after=2024-04-30 00:00:00+00:00
[2024-04-30T14:57:34.447+0200] {processor.py:183} INFO - Processing /Users/noejalabert/airflow_venv/lib/python3.11/site-packages/airflow/example_dags/example_branch_day_of_week_operator.py took 0.080 seconds
[2024-04-30T14:59:49.617+0200] {processor.py:161} INFO - Started process (PID=28893) to work on /Users/noejalabert/airflow_venv/lib/python3.11/site-packages/airflow/example_dags/example_branch_day_of_week_operator.py
[2024-04-30T14:59:49.618+0200] {processor.py:830} INFO - Processing file /Users/noejalabert/airflow_venv/lib/python3.11/site-packages/airflow/example_dags/example_branch_day_of_week_operator.py for tasks to queue
[2024-04-30T14:59:49.618+0200] {logging_mixin.py:188} INFO - [2024-04-30T14:59:49.618+0200] {dagbag.py:540} INFO - Filling up the DagBag from /Users/noejalabert/airflow_venv/lib/python3.11/site-packages/airflow/example_dags/example_branch_day_of_week_operator.py
[2024-04-30T14:59:49.623+0200] {processor.py:840} INFO - DAG(s) 'example_weekday_branch_operator' retrieved from /Users/noejalabert/airflow_venv/lib/python3.11/site-packages/airflow/example_dags/example_branch_day_of_week_operator.py
[2024-04-30T14:59:49.670+0200] {logging_mixin.py:188} INFO - [2024-04-30T14:59:49.669+0200] {dag.py:3096} INFO - Sync 1 DAGs
[2024-04-30T14:59:49.677+0200] {logging_mixin.py:188} INFO - [2024-04-30T14:59:49.677+0200] {dag.py:3954} INFO - Setting next_dagrun for example_weekday_branch_operator to 2024-04-29 00:00:00+00:00, run_after=2024-04-30 00:00:00+00:00
[2024-04-30T14:59:49.685+0200] {processor.py:183} INFO - Processing /Users/noejalabert/airflow_venv/lib/python3.11/site-packages/airflow/example_dags/example_branch_day_of_week_operator.py took 0.069 seconds
[2024-04-30T15:01:58.748+0200] {processor.py:161} INFO - Started process (PID=28993) to work on /Users/noejalabert/airflow_venv/lib/python3.11/site-packages/airflow/example_dags/example_branch_day_of_week_operator.py
[2024-04-30T15:01:58.749+0200] {processor.py:830} INFO - Processing file /Users/noejalabert/airflow_venv/lib/python3.11/site-packages/airflow/example_dags/example_branch_day_of_week_operator.py for tasks to queue
[2024-04-30T15:01:58.749+0200] {logging_mixin.py:188} INFO - [2024-04-30T15:01:58.749+0200] {dagbag.py:540} INFO - Filling up the DagBag from /Users/noejalabert/airflow_venv/lib/python3.11/site-packages/airflow/example_dags/example_branch_day_of_week_operator.py
[2024-04-30T15:01:58.753+0200] {processor.py:840} INFO - DAG(s) 'example_weekday_branch_operator' retrieved from /Users/noejalabert/airflow_venv/lib/python3.11/site-packages/airflow/example_dags/example_branch_day_of_week_operator.py
[2024-04-30T15:01:58.801+0200] {logging_mixin.py:188} INFO - [2024-04-30T15:01:58.801+0200] {dag.py:3096} INFO - Sync 1 DAGs
[2024-04-30T15:01:58.808+0200] {logging_mixin.py:188} INFO - [2024-04-30T15:01:58.808+0200] {dag.py:3954} INFO - Setting next_dagrun for example_weekday_branch_operator to 2024-04-29 00:00:00+00:00, run_after=2024-04-30 00:00:00+00:00
[2024-04-30T15:01:58.816+0200] {processor.py:183} INFO - Processing /Users/noejalabert/airflow_venv/lib/python3.11/site-packages/airflow/example_dags/example_branch_day_of_week_operator.py took 0.070 seconds
[2024-04-30T15:04:15.289+0200] {processor.py:161} INFO - Started process (PID=29100) to work on /Users/noejalabert/airflow_venv/lib/python3.11/site-packages/airflow/example_dags/example_branch_day_of_week_operator.py
[2024-04-30T15:04:15.290+0200] {processor.py:830} INFO - Processing file /Users/noejalabert/airflow_venv/lib/python3.11/site-packages/airflow/example_dags/example_branch_day_of_week_operator.py for tasks to queue
[2024-04-30T15:04:15.290+0200] {logging_mixin.py:188} INFO - [2024-04-30T15:04:15.290+0200] {dagbag.py:540} INFO - Filling up the DagBag from /Users/noejalabert/airflow_venv/lib/python3.11/site-packages/airflow/example_dags/example_branch_day_of_week_operator.py
[2024-04-30T15:04:15.294+0200] {processor.py:840} INFO - DAG(s) 'example_weekday_branch_operator' retrieved from /Users/noejalabert/airflow_venv/lib/python3.11/site-packages/airflow/example_dags/example_branch_day_of_week_operator.py
[2024-04-30T15:04:15.341+0200] {logging_mixin.py:188} INFO - [2024-04-30T15:04:15.341+0200] {dag.py:3096} INFO - Sync 1 DAGs
[2024-04-30T15:04:15.349+0200] {logging_mixin.py:188} INFO - [2024-04-30T15:04:15.349+0200] {dag.py:3954} INFO - Setting next_dagrun for example_weekday_branch_operator to 2024-04-29 00:00:00+00:00, run_after=2024-04-30 00:00:00+00:00
[2024-04-30T15:04:15.356+0200] {processor.py:183} INFO - Processing /Users/noejalabert/airflow_venv/lib/python3.11/site-packages/airflow/example_dags/example_branch_day_of_week_operator.py took 0.069 seconds
[2024-04-30T15:06:58.202+0200] {processor.py:161} INFO - Started process (PID=29216) to work on /Users/noejalabert/airflow_venv/lib/python3.11/site-packages/airflow/example_dags/example_branch_day_of_week_operator.py
[2024-04-30T15:06:58.202+0200] {processor.py:830} INFO - Processing file /Users/noejalabert/airflow_venv/lib/python3.11/site-packages/airflow/example_dags/example_branch_day_of_week_operator.py for tasks to queue
[2024-04-30T15:06:58.203+0200] {logging_mixin.py:188} INFO - [2024-04-30T15:06:58.203+0200] {dagbag.py:540} INFO - Filling up the DagBag from /Users/noejalabert/airflow_venv/lib/python3.11/site-packages/airflow/example_dags/example_branch_day_of_week_operator.py
[2024-04-30T15:06:58.208+0200] {processor.py:840} INFO - DAG(s) 'example_weekday_branch_operator' retrieved from /Users/noejalabert/airflow_venv/lib/python3.11/site-packages/airflow/example_dags/example_branch_day_of_week_operator.py
[2024-04-30T15:06:58.254+0200] {logging_mixin.py:188} INFO - [2024-04-30T15:06:58.254+0200] {dag.py:3096} INFO - Sync 1 DAGs
[2024-04-30T15:06:58.262+0200] {logging_mixin.py:188} INFO - [2024-04-30T15:06:58.262+0200] {dag.py:3954} INFO - Setting next_dagrun for example_weekday_branch_operator to 2024-04-29 00:00:00+00:00, run_after=2024-04-30 00:00:00+00:00
[2024-04-30T15:06:58.274+0200] {processor.py:183} INFO - Processing /Users/noejalabert/airflow_venv/lib/python3.11/site-packages/airflow/example_dags/example_branch_day_of_week_operator.py took 0.073 seconds
[2024-04-30T15:08:46.078+0200] {processor.py:161} INFO - Started process (PID=29287) to work on /Users/noejalabert/airflow_venv/lib/python3.11/site-packages/airflow/example_dags/example_branch_day_of_week_operator.py
[2024-04-30T15:08:46.079+0200] {processor.py:830} INFO - Processing file /Users/noejalabert/airflow_venv/lib/python3.11/site-packages/airflow/example_dags/example_branch_day_of_week_operator.py for tasks to queue
[2024-04-30T15:08:46.079+0200] {logging_mixin.py:188} INFO - [2024-04-30T15:08:46.079+0200] {dagbag.py:540} INFO - Filling up the DagBag from /Users/noejalabert/airflow_venv/lib/python3.11/site-packages/airflow/example_dags/example_branch_day_of_week_operator.py
[2024-04-30T15:08:46.084+0200] {processor.py:840} INFO - DAG(s) 'example_weekday_branch_operator' retrieved from /Users/noejalabert/airflow_venv/lib/python3.11/site-packages/airflow/example_dags/example_branch_day_of_week_operator.py
[2024-04-30T15:08:46.131+0200] {logging_mixin.py:188} INFO - [2024-04-30T15:08:46.131+0200] {dag.py:3096} INFO - Sync 1 DAGs
[2024-04-30T15:08:46.139+0200] {logging_mixin.py:188} INFO - [2024-04-30T15:08:46.138+0200] {dag.py:3954} INFO - Setting next_dagrun for example_weekday_branch_operator to 2024-04-29 00:00:00+00:00, run_after=2024-04-30 00:00:00+00:00
[2024-04-30T15:08:46.146+0200] {processor.py:183} INFO - Processing /Users/noejalabert/airflow_venv/lib/python3.11/site-packages/airflow/example_dags/example_branch_day_of_week_operator.py took 0.069 seconds
[2024-04-30T15:10:41.095+0200] {processor.py:161} INFO - Started process (PID=29357) to work on /Users/noejalabert/airflow_venv/lib/python3.11/site-packages/airflow/example_dags/example_branch_day_of_week_operator.py
[2024-04-30T15:10:41.096+0200] {processor.py:830} INFO - Processing file /Users/noejalabert/airflow_venv/lib/python3.11/site-packages/airflow/example_dags/example_branch_day_of_week_operator.py for tasks to queue
[2024-04-30T15:10:41.096+0200] {logging_mixin.py:188} INFO - [2024-04-30T15:10:41.096+0200] {dagbag.py:540} INFO - Filling up the DagBag from /Users/noejalabert/airflow_venv/lib/python3.11/site-packages/airflow/example_dags/example_branch_day_of_week_operator.py
[2024-04-30T15:10:41.100+0200] {processor.py:840} INFO - DAG(s) 'example_weekday_branch_operator' retrieved from /Users/noejalabert/airflow_venv/lib/python3.11/site-packages/airflow/example_dags/example_branch_day_of_week_operator.py
[2024-04-30T15:10:41.147+0200] {logging_mixin.py:188} INFO - [2024-04-30T15:10:41.147+0200] {dag.py:3096} INFO - Sync 1 DAGs
[2024-04-30T15:10:41.155+0200] {logging_mixin.py:188} INFO - [2024-04-30T15:10:41.155+0200] {dag.py:3954} INFO - Setting next_dagrun for example_weekday_branch_operator to 2024-04-29 00:00:00+00:00, run_after=2024-04-30 00:00:00+00:00
[2024-04-30T15:10:41.163+0200] {processor.py:183} INFO - Processing /Users/noejalabert/airflow_venv/lib/python3.11/site-packages/airflow/example_dags/example_branch_day_of_week_operator.py took 0.069 seconds
[2024-04-30T15:12:36.386+0200] {processor.py:161} INFO - Started process (PID=29436) to work on /Users/noejalabert/airflow_venv/lib/python3.11/site-packages/airflow/example_dags/example_branch_day_of_week_operator.py
[2024-04-30T15:12:36.387+0200] {processor.py:830} INFO - Processing file /Users/noejalabert/airflow_venv/lib/python3.11/site-packages/airflow/example_dags/example_branch_day_of_week_operator.py for tasks to queue
[2024-04-30T15:12:36.387+0200] {logging_mixin.py:188} INFO - [2024-04-30T15:12:36.387+0200] {dagbag.py:540} INFO - Filling up the DagBag from /Users/noejalabert/airflow_venv/lib/python3.11/site-packages/airflow/example_dags/example_branch_day_of_week_operator.py
[2024-04-30T15:12:36.391+0200] {processor.py:840} INFO - DAG(s) 'example_weekday_branch_operator' retrieved from /Users/noejalabert/airflow_venv/lib/python3.11/site-packages/airflow/example_dags/example_branch_day_of_week_operator.py
[2024-04-30T15:12:36.438+0200] {logging_mixin.py:188} INFO - [2024-04-30T15:12:36.438+0200] {dag.py:3096} INFO - Sync 1 DAGs
[2024-04-30T15:12:36.446+0200] {logging_mixin.py:188} INFO - [2024-04-30T15:12:36.446+0200] {dag.py:3954} INFO - Setting next_dagrun for example_weekday_branch_operator to 2024-04-29 00:00:00+00:00, run_after=2024-04-30 00:00:00+00:00
[2024-04-30T15:12:36.454+0200] {processor.py:183} INFO - Processing /Users/noejalabert/airflow_venv/lib/python3.11/site-packages/airflow/example_dags/example_branch_day_of_week_operator.py took 0.069 seconds
[2024-04-30T15:14:24.959+0200] {processor.py:161} INFO - Started process (PID=29506) to work on /Users/noejalabert/airflow_venv/lib/python3.11/site-packages/airflow/example_dags/example_branch_day_of_week_operator.py
[2024-04-30T15:14:24.960+0200] {processor.py:830} INFO - Processing file /Users/noejalabert/airflow_venv/lib/python3.11/site-packages/airflow/example_dags/example_branch_day_of_week_operator.py for tasks to queue
[2024-04-30T15:14:24.960+0200] {logging_mixin.py:188} INFO - [2024-04-30T15:14:24.960+0200] {dagbag.py:540} INFO - Filling up the DagBag from /Users/noejalabert/airflow_venv/lib/python3.11/site-packages/airflow/example_dags/example_branch_day_of_week_operator.py
[2024-04-30T15:14:24.964+0200] {processor.py:840} INFO - DAG(s) 'example_weekday_branch_operator' retrieved from /Users/noejalabert/airflow_venv/lib/python3.11/site-packages/airflow/example_dags/example_branch_day_of_week_operator.py
[2024-04-30T15:14:25.012+0200] {logging_mixin.py:188} INFO - [2024-04-30T15:14:25.011+0200] {dag.py:3096} INFO - Sync 1 DAGs
[2024-04-30T15:14:25.019+0200] {logging_mixin.py:188} INFO - [2024-04-30T15:14:25.019+0200] {dag.py:3954} INFO - Setting next_dagrun for example_weekday_branch_operator to 2024-04-29 00:00:00+00:00, run_after=2024-04-30 00:00:00+00:00
[2024-04-30T15:14:25.027+0200] {processor.py:183} INFO - Processing /Users/noejalabert/airflow_venv/lib/python3.11/site-packages/airflow/example_dags/example_branch_day_of_week_operator.py took 0.069 seconds
[2024-04-30T15:16:16.565+0200] {processor.py:161} INFO - Started process (PID=29585) to work on /Users/noejalabert/airflow_venv/lib/python3.11/site-packages/airflow/example_dags/example_branch_day_of_week_operator.py
[2024-04-30T15:16:16.566+0200] {processor.py:830} INFO - Processing file /Users/noejalabert/airflow_venv/lib/python3.11/site-packages/airflow/example_dags/example_branch_day_of_week_operator.py for tasks to queue
[2024-04-30T15:16:16.566+0200] {logging_mixin.py:188} INFO - [2024-04-30T15:16:16.566+0200] {dagbag.py:540} INFO - Filling up the DagBag from /Users/noejalabert/airflow_venv/lib/python3.11/site-packages/airflow/example_dags/example_branch_day_of_week_operator.py
[2024-04-30T15:16:16.571+0200] {processor.py:840} INFO - DAG(s) 'example_weekday_branch_operator' retrieved from /Users/noejalabert/airflow_venv/lib/python3.11/site-packages/airflow/example_dags/example_branch_day_of_week_operator.py
[2024-04-30T15:16:16.618+0200] {logging_mixin.py:188} INFO - [2024-04-30T15:16:16.618+0200] {dag.py:3096} INFO - Sync 1 DAGs
[2024-04-30T15:16:16.626+0200] {logging_mixin.py:188} INFO - [2024-04-30T15:16:16.626+0200] {dag.py:3954} INFO - Setting next_dagrun for example_weekday_branch_operator to 2024-04-29 00:00:00+00:00, run_after=2024-04-30 00:00:00+00:00
[2024-04-30T15:16:16.634+0200] {processor.py:183} INFO - Processing /Users/noejalabert/airflow_venv/lib/python3.11/site-packages/airflow/example_dags/example_branch_day_of_week_operator.py took 0.070 seconds
[2024-04-30T15:18:13.626+0200] {processor.py:161} INFO - Started process (PID=29815) to work on /Users/noejalabert/airflow_venv/lib/python3.11/site-packages/airflow/example_dags/example_branch_day_of_week_operator.py
[2024-04-30T15:18:13.627+0200] {processor.py:830} INFO - Processing file /Users/noejalabert/airflow_venv/lib/python3.11/site-packages/airflow/example_dags/example_branch_day_of_week_operator.py for tasks to queue
[2024-04-30T15:18:13.627+0200] {logging_mixin.py:188} INFO - [2024-04-30T15:18:13.627+0200] {dagbag.py:540} INFO - Filling up the DagBag from /Users/noejalabert/airflow_venv/lib/python3.11/site-packages/airflow/example_dags/example_branch_day_of_week_operator.py
[2024-04-30T15:18:13.632+0200] {processor.py:840} INFO - DAG(s) 'example_weekday_branch_operator' retrieved from /Users/noejalabert/airflow_venv/lib/python3.11/site-packages/airflow/example_dags/example_branch_day_of_week_operator.py
[2024-04-30T15:18:13.720+0200] {logging_mixin.py:188} INFO - [2024-04-30T15:18:13.720+0200] {dag.py:3096} INFO - Sync 1 DAGs
[2024-04-30T15:18:13.732+0200] {logging_mixin.py:188} INFO - [2024-04-30T15:18:13.732+0200] {dag.py:3954} INFO - Setting next_dagrun for example_weekday_branch_operator to 2024-04-29 00:00:00+00:00, run_after=2024-04-30 00:00:00+00:00
[2024-04-30T15:18:13.743+0200] {processor.py:183} INFO - Processing /Users/noejalabert/airflow_venv/lib/python3.11/site-packages/airflow/example_dags/example_branch_day_of_week_operator.py took 0.119 seconds
[2024-04-30T15:20:28.080+0200] {processor.py:161} INFO - Started process (PID=30213) to work on /Users/noejalabert/airflow_venv/lib/python3.11/site-packages/airflow/example_dags/example_branch_day_of_week_operator.py
[2024-04-30T15:20:28.082+0200] {processor.py:830} INFO - Processing file /Users/noejalabert/airflow_venv/lib/python3.11/site-packages/airflow/example_dags/example_branch_day_of_week_operator.py for tasks to queue
[2024-04-30T15:20:28.082+0200] {logging_mixin.py:188} INFO - [2024-04-30T15:20:28.082+0200] {dagbag.py:540} INFO - Filling up the DagBag from /Users/noejalabert/airflow_venv/lib/python3.11/site-packages/airflow/example_dags/example_branch_day_of_week_operator.py
[2024-04-30T15:20:28.087+0200] {processor.py:840} INFO - DAG(s) 'example_weekday_branch_operator' retrieved from /Users/noejalabert/airflow_venv/lib/python3.11/site-packages/airflow/example_dags/example_branch_day_of_week_operator.py
[2024-04-30T15:20:28.134+0200] {logging_mixin.py:188} INFO - [2024-04-30T15:20:28.134+0200] {dag.py:3096} INFO - Sync 1 DAGs
[2024-04-30T15:20:28.142+0200] {logging_mixin.py:188} INFO - [2024-04-30T15:20:28.142+0200] {dag.py:3954} INFO - Setting next_dagrun for example_weekday_branch_operator to 2024-04-29 00:00:00+00:00, run_after=2024-04-30 00:00:00+00:00
[2024-04-30T15:20:28.150+0200] {processor.py:183} INFO - Processing /Users/noejalabert/airflow_venv/lib/python3.11/site-packages/airflow/example_dags/example_branch_day_of_week_operator.py took 0.071 seconds
[2024-04-30T15:22:25.846+0200] {processor.py:161} INFO - Started process (PID=30304) to work on /Users/noejalabert/airflow_venv/lib/python3.11/site-packages/airflow/example_dags/example_branch_day_of_week_operator.py
[2024-04-30T15:22:25.847+0200] {processor.py:830} INFO - Processing file /Users/noejalabert/airflow_venv/lib/python3.11/site-packages/airflow/example_dags/example_branch_day_of_week_operator.py for tasks to queue
[2024-04-30T15:22:25.847+0200] {logging_mixin.py:188} INFO - [2024-04-30T15:22:25.847+0200] {dagbag.py:540} INFO - Filling up the DagBag from /Users/noejalabert/airflow_venv/lib/python3.11/site-packages/airflow/example_dags/example_branch_day_of_week_operator.py
[2024-04-30T15:22:25.852+0200] {processor.py:840} INFO - DAG(s) 'example_weekday_branch_operator' retrieved from /Users/noejalabert/airflow_venv/lib/python3.11/site-packages/airflow/example_dags/example_branch_day_of_week_operator.py
[2024-04-30T15:22:25.899+0200] {logging_mixin.py:188} INFO - [2024-04-30T15:22:25.899+0200] {dag.py:3096} INFO - Sync 1 DAGs
[2024-04-30T15:22:25.907+0200] {logging_mixin.py:188} INFO - [2024-04-30T15:22:25.907+0200] {dag.py:3954} INFO - Setting next_dagrun for example_weekday_branch_operator to 2024-04-29 00:00:00+00:00, run_after=2024-04-30 00:00:00+00:00
[2024-04-30T15:22:25.915+0200] {processor.py:183} INFO - Processing /Users/noejalabert/airflow_venv/lib/python3.11/site-packages/airflow/example_dags/example_branch_day_of_week_operator.py took 0.071 seconds
[2024-04-30T15:24:25.042+0200] {processor.py:161} INFO - Started process (PID=30398) to work on /Users/noejalabert/airflow_venv/lib/python3.11/site-packages/airflow/example_dags/example_branch_day_of_week_operator.py
[2024-04-30T15:24:25.044+0200] {processor.py:830} INFO - Processing file /Users/noejalabert/airflow_venv/lib/python3.11/site-packages/airflow/example_dags/example_branch_day_of_week_operator.py for tasks to queue
[2024-04-30T15:24:25.044+0200] {logging_mixin.py:188} INFO - [2024-04-30T15:24:25.044+0200] {dagbag.py:540} INFO - Filling up the DagBag from /Users/noejalabert/airflow_venv/lib/python3.11/site-packages/airflow/example_dags/example_branch_day_of_week_operator.py
[2024-04-30T15:24:25.048+0200] {processor.py:840} INFO - DAG(s) 'example_weekday_branch_operator' retrieved from /Users/noejalabert/airflow_venv/lib/python3.11/site-packages/airflow/example_dags/example_branch_day_of_week_operator.py
[2024-04-30T15:24:25.096+0200] {logging_mixin.py:188} INFO - [2024-04-30T15:24:25.096+0200] {dag.py:3096} INFO - Sync 1 DAGs
[2024-04-30T15:24:25.104+0200] {logging_mixin.py:188} INFO - [2024-04-30T15:24:25.103+0200] {dag.py:3954} INFO - Setting next_dagrun for example_weekday_branch_operator to 2024-04-29 00:00:00+00:00, run_after=2024-04-30 00:00:00+00:00
[2024-04-30T15:24:25.111+0200] {processor.py:183} INFO - Processing /Users/noejalabert/airflow_venv/lib/python3.11/site-packages/airflow/example_dags/example_branch_day_of_week_operator.py took 0.070 seconds
[2024-04-30T15:26:16.301+0200] {processor.py:161} INFO - Started process (PID=30508) to work on /Users/noejalabert/airflow_venv/lib/python3.11/site-packages/airflow/example_dags/example_branch_day_of_week_operator.py
[2024-04-30T15:26:16.303+0200] {processor.py:830} INFO - Processing file /Users/noejalabert/airflow_venv/lib/python3.11/site-packages/airflow/example_dags/example_branch_day_of_week_operator.py for tasks to queue
[2024-04-30T15:26:16.303+0200] {logging_mixin.py:188} INFO - [2024-04-30T15:26:16.303+0200] {dagbag.py:540} INFO - Filling up the DagBag from /Users/noejalabert/airflow_venv/lib/python3.11/site-packages/airflow/example_dags/example_branch_day_of_week_operator.py
[2024-04-30T15:26:16.308+0200] {processor.py:840} INFO - DAG(s) 'example_weekday_branch_operator' retrieved from /Users/noejalabert/airflow_venv/lib/python3.11/site-packages/airflow/example_dags/example_branch_day_of_week_operator.py
[2024-04-30T15:26:16.354+0200] {logging_mixin.py:188} INFO - [2024-04-30T15:26:16.354+0200] {dag.py:3096} INFO - Sync 1 DAGs
[2024-04-30T15:26:16.362+0200] {logging_mixin.py:188} INFO - [2024-04-30T15:26:16.362+0200] {dag.py:3954} INFO - Setting next_dagrun for example_weekday_branch_operator to 2024-04-29 00:00:00+00:00, run_after=2024-04-30 00:00:00+00:00
[2024-04-30T15:26:16.370+0200] {processor.py:183} INFO - Processing /Users/noejalabert/airflow_venv/lib/python3.11/site-packages/airflow/example_dags/example_branch_day_of_week_operator.py took 0.070 seconds
[2024-04-30T15:38:44.220+0200] {processor.py:161} INFO - Started process (PID=30700) to work on /Users/noejalabert/airflow_venv/lib/python3.11/site-packages/airflow/example_dags/example_branch_day_of_week_operator.py
[2024-04-30T15:38:44.220+0200] {processor.py:830} INFO - Processing file /Users/noejalabert/airflow_venv/lib/python3.11/site-packages/airflow/example_dags/example_branch_day_of_week_operator.py for tasks to queue
[2024-04-30T15:38:44.220+0200] {logging_mixin.py:188} INFO - [2024-04-30T15:38:44.220+0200] {dagbag.py:540} INFO - Filling up the DagBag from /Users/noejalabert/airflow_venv/lib/python3.11/site-packages/airflow/example_dags/example_branch_day_of_week_operator.py
[2024-04-30T15:38:44.225+0200] {processor.py:840} INFO - DAG(s) 'example_weekday_branch_operator' retrieved from /Users/noejalabert/airflow_venv/lib/python3.11/site-packages/airflow/example_dags/example_branch_day_of_week_operator.py
[2024-04-30T15:38:44.270+0200] {logging_mixin.py:188} INFO - [2024-04-30T15:38:44.270+0200] {dag.py:3096} INFO - Sync 1 DAGs
[2024-04-30T15:38:44.278+0200] {logging_mixin.py:188} INFO - [2024-04-30T15:38:44.278+0200] {dag.py:3954} INFO - Setting next_dagrun for example_weekday_branch_operator to 2024-04-29 00:00:00+00:00, run_after=2024-04-30 00:00:00+00:00
[2024-04-30T15:38:44.285+0200] {processor.py:183} INFO - Processing /Users/noejalabert/airflow_venv/lib/python3.11/site-packages/airflow/example_dags/example_branch_day_of_week_operator.py took 0.067 seconds
[2024-04-30T15:44:08.215+0200] {processor.py:161} INFO - Started process (PID=30799) to work on /Users/noejalabert/airflow_venv/lib/python3.11/site-packages/airflow/example_dags/example_branch_day_of_week_operator.py
[2024-04-30T15:44:08.217+0200] {processor.py:830} INFO - Processing file /Users/noejalabert/airflow_venv/lib/python3.11/site-packages/airflow/example_dags/example_branch_day_of_week_operator.py for tasks to queue
[2024-04-30T15:44:08.217+0200] {logging_mixin.py:188} INFO - [2024-04-30T15:44:08.217+0200] {dagbag.py:540} INFO - Filling up the DagBag from /Users/noejalabert/airflow_venv/lib/python3.11/site-packages/airflow/example_dags/example_branch_day_of_week_operator.py
[2024-04-30T15:44:08.222+0200] {processor.py:840} INFO - DAG(s) 'example_weekday_branch_operator' retrieved from /Users/noejalabert/airflow_venv/lib/python3.11/site-packages/airflow/example_dags/example_branch_day_of_week_operator.py
[2024-04-30T15:44:08.269+0200] {logging_mixin.py:188} INFO - [2024-04-30T15:44:08.269+0200] {dag.py:3096} INFO - Sync 1 DAGs
[2024-04-30T15:44:08.276+0200] {logging_mixin.py:188} INFO - [2024-04-30T15:44:08.276+0200] {dag.py:3954} INFO - Setting next_dagrun for example_weekday_branch_operator to 2024-04-29 00:00:00+00:00, run_after=2024-04-30 00:00:00+00:00
[2024-04-30T15:44:08.283+0200] {processor.py:183} INFO - Processing /Users/noejalabert/airflow_venv/lib/python3.11/site-packages/airflow/example_dags/example_branch_day_of_week_operator.py took 0.069 seconds
[2024-04-30T15:46:17.312+0200] {processor.py:161} INFO - Started process (PID=30881) to work on /Users/noejalabert/airflow_venv/lib/python3.11/site-packages/airflow/example_dags/example_branch_day_of_week_operator.py
[2024-04-30T15:46:17.312+0200] {processor.py:830} INFO - Processing file /Users/noejalabert/airflow_venv/lib/python3.11/site-packages/airflow/example_dags/example_branch_day_of_week_operator.py for tasks to queue
[2024-04-30T15:46:17.312+0200] {logging_mixin.py:188} INFO - [2024-04-30T15:46:17.312+0200] {dagbag.py:540} INFO - Filling up the DagBag from /Users/noejalabert/airflow_venv/lib/python3.11/site-packages/airflow/example_dags/example_branch_day_of_week_operator.py
[2024-04-30T15:46:17.316+0200] {processor.py:840} INFO - DAG(s) 'example_weekday_branch_operator' retrieved from /Users/noejalabert/airflow_venv/lib/python3.11/site-packages/airflow/example_dags/example_branch_day_of_week_operator.py
[2024-04-30T15:46:17.363+0200] {logging_mixin.py:188} INFO - [2024-04-30T15:46:17.363+0200] {dag.py:3096} INFO - Sync 1 DAGs
[2024-04-30T15:46:17.371+0200] {logging_mixin.py:188} INFO - [2024-04-30T15:46:17.371+0200] {dag.py:3954} INFO - Setting next_dagrun for example_weekday_branch_operator to 2024-04-29 00:00:00+00:00, run_after=2024-04-30 00:00:00+00:00
[2024-04-30T15:46:17.378+0200] {processor.py:183} INFO - Processing /Users/noejalabert/airflow_venv/lib/python3.11/site-packages/airflow/example_dags/example_branch_day_of_week_operator.py took 0.068 seconds
[2024-04-30T15:48:17.521+0200] {processor.py:161} INFO - Started process (PID=30959) to work on /Users/noejalabert/airflow_venv/lib/python3.11/site-packages/airflow/example_dags/example_branch_day_of_week_operator.py
[2024-04-30T15:48:17.521+0200] {processor.py:830} INFO - Processing file /Users/noejalabert/airflow_venv/lib/python3.11/site-packages/airflow/example_dags/example_branch_day_of_week_operator.py for tasks to queue
[2024-04-30T15:48:17.522+0200] {logging_mixin.py:188} INFO - [2024-04-30T15:48:17.522+0200] {dagbag.py:540} INFO - Filling up the DagBag from /Users/noejalabert/airflow_venv/lib/python3.11/site-packages/airflow/example_dags/example_branch_day_of_week_operator.py
[2024-04-30T15:48:17.526+0200] {processor.py:840} INFO - DAG(s) 'example_weekday_branch_operator' retrieved from /Users/noejalabert/airflow_venv/lib/python3.11/site-packages/airflow/example_dags/example_branch_day_of_week_operator.py
[2024-04-30T15:48:17.572+0200] {logging_mixin.py:188} INFO - [2024-04-30T15:48:17.572+0200] {dag.py:3096} INFO - Sync 1 DAGs
[2024-04-30T15:48:17.580+0200] {logging_mixin.py:188} INFO - [2024-04-30T15:48:17.580+0200] {dag.py:3954} INFO - Setting next_dagrun for example_weekday_branch_operator to 2024-04-29 00:00:00+00:00, run_after=2024-04-30 00:00:00+00:00
[2024-04-30T15:48:17.588+0200] {processor.py:183} INFO - Processing /Users/noejalabert/airflow_venv/lib/python3.11/site-packages/airflow/example_dags/example_branch_day_of_week_operator.py took 0.068 seconds
[2024-04-30T15:50:13.802+0200] {processor.py:161} INFO - Started process (PID=31048) to work on /Users/noejalabert/airflow_venv/lib/python3.11/site-packages/airflow/example_dags/example_branch_day_of_week_operator.py
[2024-04-30T15:50:13.802+0200] {processor.py:830} INFO - Processing file /Users/noejalabert/airflow_venv/lib/python3.11/site-packages/airflow/example_dags/example_branch_day_of_week_operator.py for tasks to queue
[2024-04-30T15:50:13.802+0200] {logging_mixin.py:188} INFO - [2024-04-30T15:50:13.802+0200] {dagbag.py:540} INFO - Filling up the DagBag from /Users/noejalabert/airflow_venv/lib/python3.11/site-packages/airflow/example_dags/example_branch_day_of_week_operator.py
[2024-04-30T15:50:13.806+0200] {processor.py:840} INFO - DAG(s) 'example_weekday_branch_operator' retrieved from /Users/noejalabert/airflow_venv/lib/python3.11/site-packages/airflow/example_dags/example_branch_day_of_week_operator.py
[2024-04-30T15:50:13.854+0200] {logging_mixin.py:188} INFO - [2024-04-30T15:50:13.854+0200] {dag.py:3096} INFO - Sync 1 DAGs
[2024-04-30T15:50:13.862+0200] {logging_mixin.py:188} INFO - [2024-04-30T15:50:13.862+0200] {dag.py:3954} INFO - Setting next_dagrun for example_weekday_branch_operator to 2024-04-29 00:00:00+00:00, run_after=2024-04-30 00:00:00+00:00
[2024-04-30T15:50:13.869+0200] {processor.py:183} INFO - Processing /Users/noejalabert/airflow_venv/lib/python3.11/site-packages/airflow/example_dags/example_branch_day_of_week_operator.py took 0.069 seconds
[2024-04-30T15:53:14.143+0200] {processor.py:161} INFO - Started process (PID=31143) to work on /Users/noejalabert/airflow_venv/lib/python3.11/site-packages/airflow/example_dags/example_branch_day_of_week_operator.py
[2024-04-30T15:53:14.143+0200] {processor.py:830} INFO - Processing file /Users/noejalabert/airflow_venv/lib/python3.11/site-packages/airflow/example_dags/example_branch_day_of_week_operator.py for tasks to queue
[2024-04-30T15:53:14.143+0200] {logging_mixin.py:188} INFO - [2024-04-30T15:53:14.143+0200] {dagbag.py:540} INFO - Filling up the DagBag from /Users/noejalabert/airflow_venv/lib/python3.11/site-packages/airflow/example_dags/example_branch_day_of_week_operator.py
[2024-04-30T15:53:14.148+0200] {processor.py:840} INFO - DAG(s) 'example_weekday_branch_operator' retrieved from /Users/noejalabert/airflow_venv/lib/python3.11/site-packages/airflow/example_dags/example_branch_day_of_week_operator.py
[2024-04-30T15:53:14.229+0200] {logging_mixin.py:188} INFO - [2024-04-30T15:53:14.229+0200] {dag.py:3096} INFO - Sync 1 DAGs
[2024-04-30T15:53:14.236+0200] {logging_mixin.py:188} INFO - [2024-04-30T15:53:14.235+0200] {dag.py:3954} INFO - Setting next_dagrun for example_weekday_branch_operator to 2024-04-29 00:00:00+00:00, run_after=2024-04-30 00:00:00+00:00
[2024-04-30T15:53:14.244+0200] {processor.py:183} INFO - Processing /Users/noejalabert/airflow_venv/lib/python3.11/site-packages/airflow/example_dags/example_branch_day_of_week_operator.py took 0.103 seconds
[2024-04-30T15:54:43.640+0200] {processor.py:161} INFO - Started process (PID=31213) to work on /Users/noejalabert/airflow_venv/lib/python3.11/site-packages/airflow/example_dags/example_branch_day_of_week_operator.py
[2024-04-30T15:54:43.640+0200] {processor.py:830} INFO - Processing file /Users/noejalabert/airflow_venv/lib/python3.11/site-packages/airflow/example_dags/example_branch_day_of_week_operator.py for tasks to queue
[2024-04-30T15:54:43.640+0200] {logging_mixin.py:188} INFO - [2024-04-30T15:54:43.640+0200] {dagbag.py:540} INFO - Filling up the DagBag from /Users/noejalabert/airflow_venv/lib/python3.11/site-packages/airflow/example_dags/example_branch_day_of_week_operator.py
[2024-04-30T15:54:43.645+0200] {processor.py:840} INFO - DAG(s) 'example_weekday_branch_operator' retrieved from /Users/noejalabert/airflow_venv/lib/python3.11/site-packages/airflow/example_dags/example_branch_day_of_week_operator.py
[2024-04-30T15:54:43.692+0200] {logging_mixin.py:188} INFO - [2024-04-30T15:54:43.691+0200] {dag.py:3096} INFO - Sync 1 DAGs
[2024-04-30T15:54:43.699+0200] {logging_mixin.py:188} INFO - [2024-04-30T15:54:43.699+0200] {dag.py:3954} INFO - Setting next_dagrun for example_weekday_branch_operator to 2024-04-29 00:00:00+00:00, run_after=2024-04-30 00:00:00+00:00
[2024-04-30T15:54:43.707+0200] {processor.py:183} INFO - Processing /Users/noejalabert/airflow_venv/lib/python3.11/site-packages/airflow/example_dags/example_branch_day_of_week_operator.py took 0.069 seconds
[2024-04-30T15:57:33.308+0200] {processor.py:161} INFO - Started process (PID=31338) to work on /Users/noejalabert/airflow_venv/lib/python3.11/site-packages/airflow/example_dags/example_branch_day_of_week_operator.py
[2024-04-30T15:57:33.308+0200] {processor.py:830} INFO - Processing file /Users/noejalabert/airflow_venv/lib/python3.11/site-packages/airflow/example_dags/example_branch_day_of_week_operator.py for tasks to queue
[2024-04-30T15:57:33.309+0200] {logging_mixin.py:188} INFO - [2024-04-30T15:57:33.308+0200] {dagbag.py:540} INFO - Filling up the DagBag from /Users/noejalabert/airflow_venv/lib/python3.11/site-packages/airflow/example_dags/example_branch_day_of_week_operator.py
[2024-04-30T15:57:33.313+0200] {processor.py:840} INFO - DAG(s) 'example_weekday_branch_operator' retrieved from /Users/noejalabert/airflow_venv/lib/python3.11/site-packages/airflow/example_dags/example_branch_day_of_week_operator.py
[2024-04-30T15:57:33.362+0200] {logging_mixin.py:188} INFO - [2024-04-30T15:57:33.362+0200] {dag.py:3096} INFO - Sync 1 DAGs
[2024-04-30T15:57:33.370+0200] {logging_mixin.py:188} INFO - [2024-04-30T15:57:33.370+0200] {dag.py:3954} INFO - Setting next_dagrun for example_weekday_branch_operator to 2024-04-29 00:00:00+00:00, run_after=2024-04-30 00:00:00+00:00
[2024-04-30T15:57:33.378+0200] {processor.py:183} INFO - Processing /Users/noejalabert/airflow_venv/lib/python3.11/site-packages/airflow/example_dags/example_branch_day_of_week_operator.py took 0.072 seconds
[2024-04-30T16:00:25.175+0200] {processor.py:161} INFO - Started process (PID=31691) to work on /Users/noejalabert/airflow_venv/lib/python3.11/site-packages/airflow/example_dags/example_branch_day_of_week_operator.py
[2024-04-30T16:00:25.177+0200] {processor.py:830} INFO - Processing file /Users/noejalabert/airflow_venv/lib/python3.11/site-packages/airflow/example_dags/example_branch_day_of_week_operator.py for tasks to queue
[2024-04-30T16:00:25.177+0200] {logging_mixin.py:188} INFO - [2024-04-30T16:00:25.177+0200] {dagbag.py:540} INFO - Filling up the DagBag from /Users/noejalabert/airflow_venv/lib/python3.11/site-packages/airflow/example_dags/example_branch_day_of_week_operator.py
[2024-04-30T16:00:25.181+0200] {processor.py:840} INFO - DAG(s) 'example_weekday_branch_operator' retrieved from /Users/noejalabert/airflow_venv/lib/python3.11/site-packages/airflow/example_dags/example_branch_day_of_week_operator.py
[2024-04-30T16:00:25.229+0200] {logging_mixin.py:188} INFO - [2024-04-30T16:00:25.229+0200] {dag.py:3096} INFO - Sync 1 DAGs
[2024-04-30T16:00:25.237+0200] {logging_mixin.py:188} INFO - [2024-04-30T16:00:25.237+0200] {dag.py:3954} INFO - Setting next_dagrun for example_weekday_branch_operator to 2024-04-29 00:00:00+00:00, run_after=2024-04-30 00:00:00+00:00
[2024-04-30T16:00:25.245+0200] {processor.py:183} INFO - Processing /Users/noejalabert/airflow_venv/lib/python3.11/site-packages/airflow/example_dags/example_branch_day_of_week_operator.py took 0.071 seconds
[2024-04-30T16:03:12.743+0200] {processor.py:161} INFO - Started process (PID=31812) to work on /Users/noejalabert/airflow_venv/lib/python3.11/site-packages/airflow/example_dags/example_branch_day_of_week_operator.py
[2024-04-30T16:03:12.745+0200] {processor.py:830} INFO - Processing file /Users/noejalabert/airflow_venv/lib/python3.11/site-packages/airflow/example_dags/example_branch_day_of_week_operator.py for tasks to queue
[2024-04-30T16:03:12.745+0200] {logging_mixin.py:188} INFO - [2024-04-30T16:03:12.745+0200] {dagbag.py:540} INFO - Filling up the DagBag from /Users/noejalabert/airflow_venv/lib/python3.11/site-packages/airflow/example_dags/example_branch_day_of_week_operator.py
[2024-04-30T16:03:12.749+0200] {processor.py:840} INFO - DAG(s) 'example_weekday_branch_operator' retrieved from /Users/noejalabert/airflow_venv/lib/python3.11/site-packages/airflow/example_dags/example_branch_day_of_week_operator.py
[2024-04-30T16:03:12.796+0200] {logging_mixin.py:188} INFO - [2024-04-30T16:03:12.796+0200] {dag.py:3096} INFO - Sync 1 DAGs
[2024-04-30T16:03:12.804+0200] {logging_mixin.py:188} INFO - [2024-04-30T16:03:12.804+0200] {dag.py:3954} INFO - Setting next_dagrun for example_weekday_branch_operator to 2024-04-29 00:00:00+00:00, run_after=2024-04-30 00:00:00+00:00
[2024-04-30T16:03:12.811+0200] {processor.py:183} INFO - Processing /Users/noejalabert/airflow_venv/lib/python3.11/site-packages/airflow/example_dags/example_branch_day_of_week_operator.py took 0.069 seconds
[2024-04-30T16:07:38.837+0200] {processor.py:161} INFO - Started process (PID=31969) to work on /Users/noejalabert/airflow_venv/lib/python3.11/site-packages/airflow/example_dags/example_branch_day_of_week_operator.py
[2024-04-30T16:07:38.839+0200] {processor.py:830} INFO - Processing file /Users/noejalabert/airflow_venv/lib/python3.11/site-packages/airflow/example_dags/example_branch_day_of_week_operator.py for tasks to queue
[2024-04-30T16:07:38.839+0200] {logging_mixin.py:188} INFO - [2024-04-30T16:07:38.839+0200] {dagbag.py:540} INFO - Filling up the DagBag from /Users/noejalabert/airflow_venv/lib/python3.11/site-packages/airflow/example_dags/example_branch_day_of_week_operator.py
[2024-04-30T16:07:38.843+0200] {processor.py:840} INFO - DAG(s) 'example_weekday_branch_operator' retrieved from /Users/noejalabert/airflow_venv/lib/python3.11/site-packages/airflow/example_dags/example_branch_day_of_week_operator.py
[2024-04-30T16:07:38.890+0200] {logging_mixin.py:188} INFO - [2024-04-30T16:07:38.890+0200] {dag.py:3096} INFO - Sync 1 DAGs
[2024-04-30T16:07:38.898+0200] {logging_mixin.py:188} INFO - [2024-04-30T16:07:38.898+0200] {dag.py:3954} INFO - Setting next_dagrun for example_weekday_branch_operator to 2024-04-29 00:00:00+00:00, run_after=2024-04-30 00:00:00+00:00
[2024-04-30T16:07:38.905+0200] {processor.py:183} INFO - Processing /Users/noejalabert/airflow_venv/lib/python3.11/site-packages/airflow/example_dags/example_branch_day_of_week_operator.py took 0.069 seconds
[2024-04-30T16:10:25.415+0200] {processor.py:161} INFO - Started process (PID=32104) to work on /Users/noejalabert/airflow_venv/lib/python3.11/site-packages/airflow/example_dags/example_branch_day_of_week_operator.py
[2024-04-30T16:10:25.416+0200] {processor.py:830} INFO - Processing file /Users/noejalabert/airflow_venv/lib/python3.11/site-packages/airflow/example_dags/example_branch_day_of_week_operator.py for tasks to queue
[2024-04-30T16:10:25.416+0200] {logging_mixin.py:188} INFO - [2024-04-30T16:10:25.416+0200] {dagbag.py:540} INFO - Filling up the DagBag from /Users/noejalabert/airflow_venv/lib/python3.11/site-packages/airflow/example_dags/example_branch_day_of_week_operator.py
[2024-04-30T16:10:25.420+0200] {processor.py:840} INFO - DAG(s) 'example_weekday_branch_operator' retrieved from /Users/noejalabert/airflow_venv/lib/python3.11/site-packages/airflow/example_dags/example_branch_day_of_week_operator.py
[2024-04-30T16:10:25.467+0200] {logging_mixin.py:188} INFO - [2024-04-30T16:10:25.467+0200] {dag.py:3096} INFO - Sync 1 DAGs
[2024-04-30T16:10:25.475+0200] {logging_mixin.py:188} INFO - [2024-04-30T16:10:25.474+0200] {dag.py:3954} INFO - Setting next_dagrun for example_weekday_branch_operator to 2024-04-29 00:00:00+00:00, run_after=2024-04-30 00:00:00+00:00
[2024-04-30T16:10:25.482+0200] {processor.py:183} INFO - Processing /Users/noejalabert/airflow_venv/lib/python3.11/site-packages/airflow/example_dags/example_branch_day_of_week_operator.py took 0.069 seconds
[2024-04-30T16:13:15.784+0200] {processor.py:161} INFO - Started process (PID=32241) to work on /Users/noejalabert/airflow_venv/lib/python3.11/site-packages/airflow/example_dags/example_branch_day_of_week_operator.py
[2024-04-30T16:13:15.785+0200] {processor.py:830} INFO - Processing file /Users/noejalabert/airflow_venv/lib/python3.11/site-packages/airflow/example_dags/example_branch_day_of_week_operator.py for tasks to queue
[2024-04-30T16:13:15.785+0200] {logging_mixin.py:188} INFO - [2024-04-30T16:13:15.785+0200] {dagbag.py:540} INFO - Filling up the DagBag from /Users/noejalabert/airflow_venv/lib/python3.11/site-packages/airflow/example_dags/example_branch_day_of_week_operator.py
[2024-04-30T16:13:15.790+0200] {processor.py:840} INFO - DAG(s) 'example_weekday_branch_operator' retrieved from /Users/noejalabert/airflow_venv/lib/python3.11/site-packages/airflow/example_dags/example_branch_day_of_week_operator.py
[2024-04-30T16:13:15.837+0200] {logging_mixin.py:188} INFO - [2024-04-30T16:13:15.837+0200] {dag.py:3096} INFO - Sync 1 DAGs
[2024-04-30T16:13:15.844+0200] {logging_mixin.py:188} INFO - [2024-04-30T16:13:15.844+0200] {dag.py:3954} INFO - Setting next_dagrun for example_weekday_branch_operator to 2024-04-29 00:00:00+00:00, run_after=2024-04-30 00:00:00+00:00
[2024-04-30T16:13:15.852+0200] {processor.py:183} INFO - Processing /Users/noejalabert/airflow_venv/lib/python3.11/site-packages/airflow/example_dags/example_branch_day_of_week_operator.py took 0.070 seconds
[2024-04-30T16:16:09.695+0200] {processor.py:161} INFO - Started process (PID=32370) to work on /Users/noejalabert/airflow_venv/lib/python3.11/site-packages/airflow/example_dags/example_branch_day_of_week_operator.py
[2024-04-30T16:16:09.696+0200] {processor.py:830} INFO - Processing file /Users/noejalabert/airflow_venv/lib/python3.11/site-packages/airflow/example_dags/example_branch_day_of_week_operator.py for tasks to queue
[2024-04-30T16:16:09.697+0200] {logging_mixin.py:188} INFO - [2024-04-30T16:16:09.697+0200] {dagbag.py:540} INFO - Filling up the DagBag from /Users/noejalabert/airflow_venv/lib/python3.11/site-packages/airflow/example_dags/example_branch_day_of_week_operator.py
[2024-04-30T16:16:09.701+0200] {processor.py:840} INFO - DAG(s) 'example_weekday_branch_operator' retrieved from /Users/noejalabert/airflow_venv/lib/python3.11/site-packages/airflow/example_dags/example_branch_day_of_week_operator.py
[2024-04-30T16:16:09.750+0200] {logging_mixin.py:188} INFO - [2024-04-30T16:16:09.750+0200] {dag.py:3096} INFO - Sync 1 DAGs
[2024-04-30T16:16:09.758+0200] {logging_mixin.py:188} INFO - [2024-04-30T16:16:09.758+0200] {dag.py:3954} INFO - Setting next_dagrun for example_weekday_branch_operator to 2024-04-29 00:00:00+00:00, run_after=2024-04-30 00:00:00+00:00
[2024-04-30T16:16:09.766+0200] {processor.py:183} INFO - Processing /Users/noejalabert/airflow_venv/lib/python3.11/site-packages/airflow/example_dags/example_branch_day_of_week_operator.py took 0.072 seconds
[2024-04-30T16:18:53.579+0200] {processor.py:161} INFO - Started process (PID=32503) to work on /Users/noejalabert/airflow_venv/lib/python3.11/site-packages/airflow/example_dags/example_branch_day_of_week_operator.py
[2024-04-30T16:18:53.580+0200] {processor.py:830} INFO - Processing file /Users/noejalabert/airflow_venv/lib/python3.11/site-packages/airflow/example_dags/example_branch_day_of_week_operator.py for tasks to queue
[2024-04-30T16:18:53.580+0200] {logging_mixin.py:188} INFO - [2024-04-30T16:18:53.580+0200] {dagbag.py:540} INFO - Filling up the DagBag from /Users/noejalabert/airflow_venv/lib/python3.11/site-packages/airflow/example_dags/example_branch_day_of_week_operator.py
[2024-04-30T16:18:53.584+0200] {processor.py:840} INFO - DAG(s) 'example_weekday_branch_operator' retrieved from /Users/noejalabert/airflow_venv/lib/python3.11/site-packages/airflow/example_dags/example_branch_day_of_week_operator.py
[2024-04-30T16:18:53.631+0200] {logging_mixin.py:188} INFO - [2024-04-30T16:18:53.631+0200] {dag.py:3096} INFO - Sync 1 DAGs
[2024-04-30T16:18:53.639+0200] {logging_mixin.py:188} INFO - [2024-04-30T16:18:53.639+0200] {dag.py:3954} INFO - Setting next_dagrun for example_weekday_branch_operator to 2024-04-29 00:00:00+00:00, run_after=2024-04-30 00:00:00+00:00
[2024-04-30T16:18:53.647+0200] {processor.py:183} INFO - Processing /Users/noejalabert/airflow_venv/lib/python3.11/site-packages/airflow/example_dags/example_branch_day_of_week_operator.py took 0.069 seconds
[2024-04-30T16:21:36.590+0200] {processor.py:161} INFO - Started process (PID=32628) to work on /Users/noejalabert/airflow_venv/lib/python3.11/site-packages/airflow/example_dags/example_branch_day_of_week_operator.py
[2024-04-30T16:21:36.591+0200] {processor.py:830} INFO - Processing file /Users/noejalabert/airflow_venv/lib/python3.11/site-packages/airflow/example_dags/example_branch_day_of_week_operator.py for tasks to queue
[2024-04-30T16:21:36.591+0200] {logging_mixin.py:188} INFO - [2024-04-30T16:21:36.591+0200] {dagbag.py:540} INFO - Filling up the DagBag from /Users/noejalabert/airflow_venv/lib/python3.11/site-packages/airflow/example_dags/example_branch_day_of_week_operator.py
[2024-04-30T16:21:36.595+0200] {processor.py:840} INFO - DAG(s) 'example_weekday_branch_operator' retrieved from /Users/noejalabert/airflow_venv/lib/python3.11/site-packages/airflow/example_dags/example_branch_day_of_week_operator.py
[2024-04-30T16:21:36.642+0200] {logging_mixin.py:188} INFO - [2024-04-30T16:21:36.642+0200] {dag.py:3096} INFO - Sync 1 DAGs
[2024-04-30T16:21:36.650+0200] {logging_mixin.py:188} INFO - [2024-04-30T16:21:36.650+0200] {dag.py:3954} INFO - Setting next_dagrun for example_weekday_branch_operator to 2024-04-29 00:00:00+00:00, run_after=2024-04-30 00:00:00+00:00
[2024-04-30T16:21:36.658+0200] {processor.py:183} INFO - Processing /Users/noejalabert/airflow_venv/lib/python3.11/site-packages/airflow/example_dags/example_branch_day_of_week_operator.py took 0.069 seconds
[2024-04-30T16:24:47.702+0200] {processor.py:161} INFO - Started process (PID=32804) to work on /Users/noejalabert/airflow_venv/lib/python3.11/site-packages/airflow/example_dags/example_branch_day_of_week_operator.py
[2024-04-30T16:24:47.702+0200] {processor.py:830} INFO - Processing file /Users/noejalabert/airflow_venv/lib/python3.11/site-packages/airflow/example_dags/example_branch_day_of_week_operator.py for tasks to queue
[2024-04-30T16:24:47.703+0200] {logging_mixin.py:188} INFO - [2024-04-30T16:24:47.703+0200] {dagbag.py:540} INFO - Filling up the DagBag from /Users/noejalabert/airflow_venv/lib/python3.11/site-packages/airflow/example_dags/example_branch_day_of_week_operator.py
[2024-04-30T16:24:47.707+0200] {processor.py:840} INFO - DAG(s) 'example_weekday_branch_operator' retrieved from /Users/noejalabert/airflow_venv/lib/python3.11/site-packages/airflow/example_dags/example_branch_day_of_week_operator.py
[2024-04-30T16:24:47.754+0200] {logging_mixin.py:188} INFO - [2024-04-30T16:24:47.754+0200] {dag.py:3096} INFO - Sync 1 DAGs
[2024-04-30T16:24:47.761+0200] {logging_mixin.py:188} INFO - [2024-04-30T16:24:47.761+0200] {dag.py:3954} INFO - Setting next_dagrun for example_weekday_branch_operator to 2024-04-29 00:00:00+00:00, run_after=2024-04-30 00:00:00+00:00
[2024-04-30T16:24:47.769+0200] {processor.py:183} INFO - Processing /Users/noejalabert/airflow_venv/lib/python3.11/site-packages/airflow/example_dags/example_branch_day_of_week_operator.py took 0.068 seconds
[2024-04-30T16:27:33.974+0200] {processor.py:161} INFO - Started process (PID=32943) to work on /Users/noejalabert/airflow_venv/lib/python3.11/site-packages/airflow/example_dags/example_branch_day_of_week_operator.py
[2024-04-30T16:27:33.975+0200] {processor.py:830} INFO - Processing file /Users/noejalabert/airflow_venv/lib/python3.11/site-packages/airflow/example_dags/example_branch_day_of_week_operator.py for tasks to queue
[2024-04-30T16:27:33.976+0200] {logging_mixin.py:188} INFO - [2024-04-30T16:27:33.975+0200] {dagbag.py:540} INFO - Filling up the DagBag from /Users/noejalabert/airflow_venv/lib/python3.11/site-packages/airflow/example_dags/example_branch_day_of_week_operator.py
[2024-04-30T16:27:33.980+0200] {processor.py:840} INFO - DAG(s) 'example_weekday_branch_operator' retrieved from /Users/noejalabert/airflow_venv/lib/python3.11/site-packages/airflow/example_dags/example_branch_day_of_week_operator.py
[2024-04-30T16:27:34.028+0200] {logging_mixin.py:188} INFO - [2024-04-30T16:27:34.027+0200] {dag.py:3096} INFO - Sync 1 DAGs
[2024-04-30T16:27:34.035+0200] {logging_mixin.py:188} INFO - [2024-04-30T16:27:34.035+0200] {dag.py:3954} INFO - Setting next_dagrun for example_weekday_branch_operator to 2024-04-29 00:00:00+00:00, run_after=2024-04-30 00:00:00+00:00
[2024-04-30T16:27:34.043+0200] {processor.py:183} INFO - Processing /Users/noejalabert/airflow_venv/lib/python3.11/site-packages/airflow/example_dags/example_branch_day_of_week_operator.py took 0.070 seconds
[2024-04-30T16:30:26.334+0200] {processor.py:161} INFO - Started process (PID=33058) to work on /Users/noejalabert/airflow_venv/lib/python3.11/site-packages/airflow/example_dags/example_branch_day_of_week_operator.py
[2024-04-30T16:30:26.335+0200] {processor.py:830} INFO - Processing file /Users/noejalabert/airflow_venv/lib/python3.11/site-packages/airflow/example_dags/example_branch_day_of_week_operator.py for tasks to queue
[2024-04-30T16:30:26.335+0200] {logging_mixin.py:188} INFO - [2024-04-30T16:30:26.335+0200] {dagbag.py:540} INFO - Filling up the DagBag from /Users/noejalabert/airflow_venv/lib/python3.11/site-packages/airflow/example_dags/example_branch_day_of_week_operator.py
[2024-04-30T16:30:26.339+0200] {processor.py:840} INFO - DAG(s) 'example_weekday_branch_operator' retrieved from /Users/noejalabert/airflow_venv/lib/python3.11/site-packages/airflow/example_dags/example_branch_day_of_week_operator.py
[2024-04-30T16:30:26.386+0200] {logging_mixin.py:188} INFO - [2024-04-30T16:30:26.385+0200] {dag.py:3096} INFO - Sync 1 DAGs
[2024-04-30T16:30:26.393+0200] {logging_mixin.py:188} INFO - [2024-04-30T16:30:26.393+0200] {dag.py:3954} INFO - Setting next_dagrun for example_weekday_branch_operator to 2024-04-29 00:00:00+00:00, run_after=2024-04-30 00:00:00+00:00
[2024-04-30T16:30:26.401+0200] {processor.py:183} INFO - Processing /Users/noejalabert/airflow_venv/lib/python3.11/site-packages/airflow/example_dags/example_branch_day_of_week_operator.py took 0.068 seconds
