[2024-04-30T14:49:49.322+0200] {processor.py:161} INFO - Started process (PID=28461) to work on /Users/noejalabert/airflow_venv/lib/python3.11/site-packages/airflow/example_dags/example_external_task_marker_dag.py
[2024-04-30T14:49:49.323+0200] {processor.py:830} INFO - Processing file /Users/noejalabert/airflow_venv/lib/python3.11/site-packages/airflow/example_dags/example_external_task_marker_dag.py for tasks to queue
[2024-04-30T14:49:49.323+0200] {logging_mixin.py:188} INFO - [2024-04-30T14:49:49.323+0200] {dagbag.py:540} INFO - Filling up the DagBag from /Users/noejalabert/airflow_venv/lib/python3.11/site-packages/airflow/example_dags/example_external_task_marker_dag.py
[2024-04-30T14:49:49.328+0200] {processor.py:840} INFO - DAG(s) 'example_external_task_marker_parent', 'example_external_task_marker_child' retrieved from /Users/noejalabert/airflow_venv/lib/python3.11/site-packages/airflow/example_dags/example_external_task_marker_dag.py
[2024-04-30T14:49:49.406+0200] {logging_mixin.py:188} INFO - [2024-04-30T14:49:49.406+0200] {override.py:1829} INFO - Created Permission View: can edit on DAG:example_external_task_marker_parent
[2024-04-30T14:49:49.409+0200] {logging_mixin.py:188} INFO - [2024-04-30T14:49:49.409+0200] {override.py:1829} INFO - Created Permission View: can delete on DAG:example_external_task_marker_parent
[2024-04-30T14:49:49.411+0200] {logging_mixin.py:188} INFO - [2024-04-30T14:49:49.411+0200] {override.py:1829} INFO - Created Permission View: can read on DAG:example_external_task_marker_parent
[2024-04-30T14:49:49.420+0200] {logging_mixin.py:188} INFO - [2024-04-30T14:49:49.420+0200] {override.py:1829} INFO - Created Permission View: can edit on DAG:example_external_task_marker_child
[2024-04-30T14:49:49.422+0200] {logging_mixin.py:188} INFO - [2024-04-30T14:49:49.422+0200] {override.py:1829} INFO - Created Permission View: can delete on DAG:example_external_task_marker_child
[2024-04-30T14:49:49.424+0200] {logging_mixin.py:188} INFO - [2024-04-30T14:49:49.424+0200] {override.py:1829} INFO - Created Permission View: can read on DAG:example_external_task_marker_child
[2024-04-30T14:49:49.424+0200] {logging_mixin.py:188} INFO - [2024-04-30T14:49:49.424+0200] {dag.py:3096} INFO - Sync 2 DAGs
[2024-04-30T14:49:49.428+0200] {logging_mixin.py:188} INFO - [2024-04-30T14:49:49.428+0200] {dag.py:3118} INFO - Creating ORM DAG for example_external_task_marker_child
[2024-04-30T14:49:49.428+0200] {logging_mixin.py:188} INFO - [2024-04-30T14:49:49.428+0200] {dag.py:3118} INFO - Creating ORM DAG for example_external_task_marker_parent
[2024-04-30T14:49:49.428+0200] {logging_mixin.py:188} INFO - [2024-04-30T14:49:49.428+0200] {dag.py:3954} INFO - Setting next_dagrun for example_external_task_marker_child to None, run_after=None
[2024-04-30T14:49:49.429+0200] {logging_mixin.py:188} INFO - [2024-04-30T14:49:49.429+0200] {dag.py:3954} INFO - Setting next_dagrun for example_external_task_marker_parent to None, run_after=None
[2024-04-30T14:49:49.435+0200] {processor.py:183} INFO - Processing /Users/noejalabert/airflow_venv/lib/python3.11/site-packages/airflow/example_dags/example_external_task_marker_dag.py took 0.114 seconds
[2024-04-30T14:51:38.707+0200] {processor.py:161} INFO - Started process (PID=28534) to work on /Users/noejalabert/airflow_venv/lib/python3.11/site-packages/airflow/example_dags/example_external_task_marker_dag.py
[2024-04-30T14:51:38.708+0200] {processor.py:830} INFO - Processing file /Users/noejalabert/airflow_venv/lib/python3.11/site-packages/airflow/example_dags/example_external_task_marker_dag.py for tasks to queue
[2024-04-30T14:51:38.709+0200] {logging_mixin.py:188} INFO - [2024-04-30T14:51:38.709+0200] {dagbag.py:540} INFO - Filling up the DagBag from /Users/noejalabert/airflow_venv/lib/python3.11/site-packages/airflow/example_dags/example_external_task_marker_dag.py
[2024-04-30T14:51:38.714+0200] {processor.py:840} INFO - DAG(s) 'example_external_task_marker_parent', 'example_external_task_marker_child' retrieved from /Users/noejalabert/airflow_venv/lib/python3.11/site-packages/airflow/example_dags/example_external_task_marker_dag.py
[2024-04-30T14:51:38.764+0200] {logging_mixin.py:188} INFO - [2024-04-30T14:51:38.764+0200] {dag.py:3096} INFO - Sync 2 DAGs
[2024-04-30T14:51:38.768+0200] {logging_mixin.py:188} INFO - [2024-04-30T14:51:38.768+0200] {dag.py:3954} INFO - Setting next_dagrun for example_external_task_marker_child to None, run_after=None
[2024-04-30T14:51:38.770+0200] {logging_mixin.py:188} INFO - [2024-04-30T14:51:38.770+0200] {dag.py:3954} INFO - Setting next_dagrun for example_external_task_marker_parent to None, run_after=None
[2024-04-30T14:51:38.776+0200] {processor.py:183} INFO - Processing /Users/noejalabert/airflow_venv/lib/python3.11/site-packages/airflow/example_dags/example_external_task_marker_dag.py took 0.071 seconds
[2024-04-30T14:53:34.200+0200] {processor.py:161} INFO - Started process (PID=28615) to work on /Users/noejalabert/airflow_venv/lib/python3.11/site-packages/airflow/example_dags/example_external_task_marker_dag.py
[2024-04-30T14:53:34.201+0200] {processor.py:830} INFO - Processing file /Users/noejalabert/airflow_venv/lib/python3.11/site-packages/airflow/example_dags/example_external_task_marker_dag.py for tasks to queue
[2024-04-30T14:53:34.201+0200] {logging_mixin.py:188} INFO - [2024-04-30T14:53:34.201+0200] {dagbag.py:540} INFO - Filling up the DagBag from /Users/noejalabert/airflow_venv/lib/python3.11/site-packages/airflow/example_dags/example_external_task_marker_dag.py
[2024-04-30T14:53:34.207+0200] {processor.py:840} INFO - DAG(s) 'example_external_task_marker_child', 'example_external_task_marker_parent' retrieved from /Users/noejalabert/airflow_venv/lib/python3.11/site-packages/airflow/example_dags/example_external_task_marker_dag.py
[2024-04-30T14:53:34.255+0200] {logging_mixin.py:188} INFO - [2024-04-30T14:53:34.255+0200] {dag.py:3096} INFO - Sync 2 DAGs
[2024-04-30T14:53:34.260+0200] {logging_mixin.py:188} INFO - [2024-04-30T14:53:34.260+0200] {dag.py:3954} INFO - Setting next_dagrun for example_external_task_marker_child to None, run_after=None
[2024-04-30T14:53:34.261+0200] {logging_mixin.py:188} INFO - [2024-04-30T14:53:34.261+0200] {dag.py:3954} INFO - Setting next_dagrun for example_external_task_marker_parent to None, run_after=None
[2024-04-30T14:53:34.268+0200] {processor.py:183} INFO - Processing /Users/noejalabert/airflow_venv/lib/python3.11/site-packages/airflow/example_dags/example_external_task_marker_dag.py took 0.069 seconds
[2024-04-30T14:55:25.572+0200] {processor.py:161} INFO - Started process (PID=28692) to work on /Users/noejalabert/airflow_venv/lib/python3.11/site-packages/airflow/example_dags/example_external_task_marker_dag.py
[2024-04-30T14:55:25.572+0200] {processor.py:830} INFO - Processing file /Users/noejalabert/airflow_venv/lib/python3.11/site-packages/airflow/example_dags/example_external_task_marker_dag.py for tasks to queue
[2024-04-30T14:55:25.572+0200] {logging_mixin.py:188} INFO - [2024-04-30T14:55:25.572+0200] {dagbag.py:540} INFO - Filling up the DagBag from /Users/noejalabert/airflow_venv/lib/python3.11/site-packages/airflow/example_dags/example_external_task_marker_dag.py
[2024-04-30T14:55:25.578+0200] {processor.py:840} INFO - DAG(s) 'example_external_task_marker_child', 'example_external_task_marker_parent' retrieved from /Users/noejalabert/airflow_venv/lib/python3.11/site-packages/airflow/example_dags/example_external_task_marker_dag.py
[2024-04-30T14:55:25.627+0200] {logging_mixin.py:188} INFO - [2024-04-30T14:55:25.627+0200] {dag.py:3096} INFO - Sync 2 DAGs
[2024-04-30T14:55:25.632+0200] {logging_mixin.py:188} INFO - [2024-04-30T14:55:25.632+0200] {dag.py:3954} INFO - Setting next_dagrun for example_external_task_marker_child to None, run_after=None
[2024-04-30T14:55:25.633+0200] {logging_mixin.py:188} INFO - [2024-04-30T14:55:25.633+0200] {dag.py:3954} INFO - Setting next_dagrun for example_external_task_marker_parent to None, run_after=None
[2024-04-30T14:55:25.640+0200] {processor.py:183} INFO - Processing /Users/noejalabert/airflow_venv/lib/python3.11/site-packages/airflow/example_dags/example_external_task_marker_dag.py took 0.070 seconds
[2024-04-30T14:57:17.260+0200] {processor.py:161} INFO - Started process (PID=28767) to work on /Users/noejalabert/airflow_venv/lib/python3.11/site-packages/airflow/example_dags/example_external_task_marker_dag.py
[2024-04-30T14:57:17.260+0200] {processor.py:830} INFO - Processing file /Users/noejalabert/airflow_venv/lib/python3.11/site-packages/airflow/example_dags/example_external_task_marker_dag.py for tasks to queue
[2024-04-30T14:57:17.261+0200] {logging_mixin.py:188} INFO - [2024-04-30T14:57:17.261+0200] {dagbag.py:540} INFO - Filling up the DagBag from /Users/noejalabert/airflow_venv/lib/python3.11/site-packages/airflow/example_dags/example_external_task_marker_dag.py
[2024-04-30T14:57:17.266+0200] {processor.py:840} INFO - DAG(s) 'example_external_task_marker_parent', 'example_external_task_marker_child' retrieved from /Users/noejalabert/airflow_venv/lib/python3.11/site-packages/airflow/example_dags/example_external_task_marker_dag.py
[2024-04-30T14:57:17.315+0200] {logging_mixin.py:188} INFO - [2024-04-30T14:57:17.315+0200] {dag.py:3096} INFO - Sync 2 DAGs
[2024-04-30T14:57:17.319+0200] {logging_mixin.py:188} INFO - [2024-04-30T14:57:17.319+0200] {dag.py:3954} INFO - Setting next_dagrun for example_external_task_marker_child to None, run_after=None
[2024-04-30T14:57:17.321+0200] {logging_mixin.py:188} INFO - [2024-04-30T14:57:17.321+0200] {dag.py:3954} INFO - Setting next_dagrun for example_external_task_marker_parent to None, run_after=None
[2024-04-30T14:57:17.328+0200] {processor.py:183} INFO - Processing /Users/noejalabert/airflow_venv/lib/python3.11/site-packages/airflow/example_dags/example_external_task_marker_dag.py took 0.069 seconds
[2024-04-30T14:58:52.660+0200] {processor.py:161} INFO - Started process (PID=28854) to work on /Users/noejalabert/airflow_venv/lib/python3.11/site-packages/airflow/example_dags/example_external_task_marker_dag.py
[2024-04-30T14:58:52.660+0200] {processor.py:830} INFO - Processing file /Users/noejalabert/airflow_venv/lib/python3.11/site-packages/airflow/example_dags/example_external_task_marker_dag.py for tasks to queue
[2024-04-30T14:58:52.661+0200] {logging_mixin.py:188} INFO - [2024-04-30T14:58:52.660+0200] {dagbag.py:540} INFO - Filling up the DagBag from /Users/noejalabert/airflow_venv/lib/python3.11/site-packages/airflow/example_dags/example_external_task_marker_dag.py
[2024-04-30T14:58:52.666+0200] {processor.py:840} INFO - DAG(s) 'example_external_task_marker_parent', 'example_external_task_marker_child' retrieved from /Users/noejalabert/airflow_venv/lib/python3.11/site-packages/airflow/example_dags/example_external_task_marker_dag.py
[2024-04-30T14:58:52.717+0200] {logging_mixin.py:188} INFO - [2024-04-30T14:58:52.716+0200] {dag.py:3096} INFO - Sync 2 DAGs
[2024-04-30T14:58:52.721+0200] {logging_mixin.py:188} INFO - [2024-04-30T14:58:52.721+0200] {dag.py:3954} INFO - Setting next_dagrun for example_external_task_marker_child to None, run_after=None
[2024-04-30T14:58:52.722+0200] {logging_mixin.py:188} INFO - [2024-04-30T14:58:52.722+0200] {dag.py:3954} INFO - Setting next_dagrun for example_external_task_marker_parent to None, run_after=None
[2024-04-30T14:58:52.729+0200] {processor.py:183} INFO - Processing /Users/noejalabert/airflow_venv/lib/python3.11/site-packages/airflow/example_dags/example_external_task_marker_dag.py took 0.071 seconds
[2024-04-30T15:00:53.984+0200] {processor.py:161} INFO - Started process (PID=28937) to work on /Users/noejalabert/airflow_venv/lib/python3.11/site-packages/airflow/example_dags/example_external_task_marker_dag.py
[2024-04-30T15:00:53.985+0200] {processor.py:830} INFO - Processing file /Users/noejalabert/airflow_venv/lib/python3.11/site-packages/airflow/example_dags/example_external_task_marker_dag.py for tasks to queue
[2024-04-30T15:00:53.986+0200] {logging_mixin.py:188} INFO - [2024-04-30T15:00:53.986+0200] {dagbag.py:540} INFO - Filling up the DagBag from /Users/noejalabert/airflow_venv/lib/python3.11/site-packages/airflow/example_dags/example_external_task_marker_dag.py
[2024-04-30T15:00:53.991+0200] {processor.py:840} INFO - DAG(s) 'example_external_task_marker_parent', 'example_external_task_marker_child' retrieved from /Users/noejalabert/airflow_venv/lib/python3.11/site-packages/airflow/example_dags/example_external_task_marker_dag.py
[2024-04-30T15:00:54.041+0200] {logging_mixin.py:188} INFO - [2024-04-30T15:00:54.041+0200] {dag.py:3096} INFO - Sync 2 DAGs
[2024-04-30T15:00:54.045+0200] {logging_mixin.py:188} INFO - [2024-04-30T15:00:54.045+0200] {dag.py:3954} INFO - Setting next_dagrun for example_external_task_marker_child to None, run_after=None
[2024-04-30T15:00:54.047+0200] {logging_mixin.py:188} INFO - [2024-04-30T15:00:54.046+0200] {dag.py:3954} INFO - Setting next_dagrun for example_external_task_marker_parent to None, run_after=None
[2024-04-30T15:00:54.054+0200] {processor.py:183} INFO - Processing /Users/noejalabert/airflow_venv/lib/python3.11/site-packages/airflow/example_dags/example_external_task_marker_dag.py took 0.071 seconds
[2024-04-30T15:03:15.829+0200] {processor.py:161} INFO - Started process (PID=29064) to work on /Users/noejalabert/airflow_venv/lib/python3.11/site-packages/airflow/example_dags/example_external_task_marker_dag.py
[2024-04-30T15:03:15.829+0200] {processor.py:830} INFO - Processing file /Users/noejalabert/airflow_venv/lib/python3.11/site-packages/airflow/example_dags/example_external_task_marker_dag.py for tasks to queue
[2024-04-30T15:03:15.830+0200] {logging_mixin.py:188} INFO - [2024-04-30T15:03:15.830+0200] {dagbag.py:540} INFO - Filling up the DagBag from /Users/noejalabert/airflow_venv/lib/python3.11/site-packages/airflow/example_dags/example_external_task_marker_dag.py
[2024-04-30T15:03:15.835+0200] {processor.py:840} INFO - DAG(s) 'example_external_task_marker_parent', 'example_external_task_marker_child' retrieved from /Users/noejalabert/airflow_venv/lib/python3.11/site-packages/airflow/example_dags/example_external_task_marker_dag.py
[2024-04-30T15:03:15.885+0200] {logging_mixin.py:188} INFO - [2024-04-30T15:03:15.885+0200] {dag.py:3096} INFO - Sync 2 DAGs
[2024-04-30T15:03:15.889+0200] {logging_mixin.py:188} INFO - [2024-04-30T15:03:15.889+0200] {dag.py:3954} INFO - Setting next_dagrun for example_external_task_marker_child to None, run_after=None
[2024-04-30T15:03:15.891+0200] {logging_mixin.py:188} INFO - [2024-04-30T15:03:15.890+0200] {dag.py:3954} INFO - Setting next_dagrun for example_external_task_marker_parent to None, run_after=None
[2024-04-30T15:03:15.898+0200] {processor.py:183} INFO - Processing /Users/noejalabert/airflow_venv/lib/python3.11/site-packages/airflow/example_dags/example_external_task_marker_dag.py took 0.070 seconds
[2024-04-30T15:05:11.835+0200] {processor.py:161} INFO - Started process (PID=29141) to work on /Users/noejalabert/airflow_venv/lib/python3.11/site-packages/airflow/example_dags/example_external_task_marker_dag.py
[2024-04-30T15:05:11.836+0200] {processor.py:830} INFO - Processing file /Users/noejalabert/airflow_venv/lib/python3.11/site-packages/airflow/example_dags/example_external_task_marker_dag.py for tasks to queue
[2024-04-30T15:05:11.836+0200] {logging_mixin.py:188} INFO - [2024-04-30T15:05:11.836+0200] {dagbag.py:540} INFO - Filling up the DagBag from /Users/noejalabert/airflow_venv/lib/python3.11/site-packages/airflow/example_dags/example_external_task_marker_dag.py
[2024-04-30T15:05:11.841+0200] {processor.py:840} INFO - DAG(s) 'example_external_task_marker_child', 'example_external_task_marker_parent' retrieved from /Users/noejalabert/airflow_venv/lib/python3.11/site-packages/airflow/example_dags/example_external_task_marker_dag.py
[2024-04-30T15:05:11.891+0200] {logging_mixin.py:188} INFO - [2024-04-30T15:05:11.890+0200] {dag.py:3096} INFO - Sync 2 DAGs
[2024-04-30T15:05:11.895+0200] {logging_mixin.py:188} INFO - [2024-04-30T15:05:11.895+0200] {dag.py:3954} INFO - Setting next_dagrun for example_external_task_marker_child to None, run_after=None
[2024-04-30T15:05:11.896+0200] {logging_mixin.py:188} INFO - [2024-04-30T15:05:11.896+0200] {dag.py:3954} INFO - Setting next_dagrun for example_external_task_marker_parent to None, run_after=None
[2024-04-30T15:05:11.903+0200] {processor.py:183} INFO - Processing /Users/noejalabert/airflow_venv/lib/python3.11/site-packages/airflow/example_dags/example_external_task_marker_dag.py took 0.069 seconds
[2024-04-30T15:07:52.136+0200] {processor.py:161} INFO - Started process (PID=29250) to work on /Users/noejalabert/airflow_venv/lib/python3.11/site-packages/airflow/example_dags/example_external_task_marker_dag.py
[2024-04-30T15:07:52.138+0200] {processor.py:830} INFO - Processing file /Users/noejalabert/airflow_venv/lib/python3.11/site-packages/airflow/example_dags/example_external_task_marker_dag.py for tasks to queue
[2024-04-30T15:07:52.138+0200] {logging_mixin.py:188} INFO - [2024-04-30T15:07:52.138+0200] {dagbag.py:540} INFO - Filling up the DagBag from /Users/noejalabert/airflow_venv/lib/python3.11/site-packages/airflow/example_dags/example_external_task_marker_dag.py
[2024-04-30T15:07:52.143+0200] {processor.py:840} INFO - DAG(s) 'example_external_task_marker_child', 'example_external_task_marker_parent' retrieved from /Users/noejalabert/airflow_venv/lib/python3.11/site-packages/airflow/example_dags/example_external_task_marker_dag.py
[2024-04-30T15:07:52.192+0200] {logging_mixin.py:188} INFO - [2024-04-30T15:07:52.192+0200] {dag.py:3096} INFO - Sync 2 DAGs
[2024-04-30T15:07:52.196+0200] {logging_mixin.py:188} INFO - [2024-04-30T15:07:52.196+0200] {dag.py:3954} INFO - Setting next_dagrun for example_external_task_marker_child to None, run_after=None
[2024-04-30T15:07:52.198+0200] {logging_mixin.py:188} INFO - [2024-04-30T15:07:52.198+0200] {dag.py:3954} INFO - Setting next_dagrun for example_external_task_marker_parent to None, run_after=None
[2024-04-30T15:07:52.205+0200] {processor.py:183} INFO - Processing /Users/noejalabert/airflow_venv/lib/python3.11/site-packages/airflow/example_dags/example_external_task_marker_dag.py took 0.070 seconds
[2024-04-30T15:09:43.563+0200] {processor.py:161} INFO - Started process (PID=29322) to work on /Users/noejalabert/airflow_venv/lib/python3.11/site-packages/airflow/example_dags/example_external_task_marker_dag.py
[2024-04-30T15:09:43.563+0200] {processor.py:830} INFO - Processing file /Users/noejalabert/airflow_venv/lib/python3.11/site-packages/airflow/example_dags/example_external_task_marker_dag.py for tasks to queue
[2024-04-30T15:09:43.564+0200] {logging_mixin.py:188} INFO - [2024-04-30T15:09:43.564+0200] {dagbag.py:540} INFO - Filling up the DagBag from /Users/noejalabert/airflow_venv/lib/python3.11/site-packages/airflow/example_dags/example_external_task_marker_dag.py
[2024-04-30T15:09:43.569+0200] {processor.py:840} INFO - DAG(s) 'example_external_task_marker_child', 'example_external_task_marker_parent' retrieved from /Users/noejalabert/airflow_venv/lib/python3.11/site-packages/airflow/example_dags/example_external_task_marker_dag.py
[2024-04-30T15:09:43.618+0200] {logging_mixin.py:188} INFO - [2024-04-30T15:09:43.618+0200] {dag.py:3096} INFO - Sync 2 DAGs
[2024-04-30T15:09:43.623+0200] {logging_mixin.py:188} INFO - [2024-04-30T15:09:43.623+0200] {dag.py:3954} INFO - Setting next_dagrun for example_external_task_marker_child to None, run_after=None
[2024-04-30T15:09:43.624+0200] {logging_mixin.py:188} INFO - [2024-04-30T15:09:43.624+0200] {dag.py:3954} INFO - Setting next_dagrun for example_external_task_marker_parent to None, run_after=None
[2024-04-30T15:09:43.631+0200] {processor.py:183} INFO - Processing /Users/noejalabert/airflow_venv/lib/python3.11/site-packages/airflow/example_dags/example_external_task_marker_dag.py took 0.069 seconds
[2024-04-30T15:11:38.082+0200] {processor.py:161} INFO - Started process (PID=29392) to work on /Users/noejalabert/airflow_venv/lib/python3.11/site-packages/airflow/example_dags/example_external_task_marker_dag.py
[2024-04-30T15:11:38.083+0200] {processor.py:830} INFO - Processing file /Users/noejalabert/airflow_venv/lib/python3.11/site-packages/airflow/example_dags/example_external_task_marker_dag.py for tasks to queue
[2024-04-30T15:11:38.083+0200] {logging_mixin.py:188} INFO - [2024-04-30T15:11:38.083+0200] {dagbag.py:540} INFO - Filling up the DagBag from /Users/noejalabert/airflow_venv/lib/python3.11/site-packages/airflow/example_dags/example_external_task_marker_dag.py
[2024-04-30T15:11:38.088+0200] {processor.py:840} INFO - DAG(s) 'example_external_task_marker_parent', 'example_external_task_marker_child' retrieved from /Users/noejalabert/airflow_venv/lib/python3.11/site-packages/airflow/example_dags/example_external_task_marker_dag.py
[2024-04-30T15:11:38.138+0200] {logging_mixin.py:188} INFO - [2024-04-30T15:11:38.138+0200] {dag.py:3096} INFO - Sync 2 DAGs
[2024-04-30T15:11:38.142+0200] {logging_mixin.py:188} INFO - [2024-04-30T15:11:38.142+0200] {dag.py:3954} INFO - Setting next_dagrun for example_external_task_marker_child to None, run_after=None
[2024-04-30T15:11:38.143+0200] {logging_mixin.py:188} INFO - [2024-04-30T15:11:38.143+0200] {dag.py:3954} INFO - Setting next_dagrun for example_external_task_marker_parent to None, run_after=None
[2024-04-30T15:11:38.150+0200] {processor.py:183} INFO - Processing /Users/noejalabert/airflow_venv/lib/python3.11/site-packages/airflow/example_dags/example_external_task_marker_dag.py took 0.069 seconds
[2024-04-30T15:13:30.484+0200] {processor.py:161} INFO - Started process (PID=29470) to work on /Users/noejalabert/airflow_venv/lib/python3.11/site-packages/airflow/example_dags/example_external_task_marker_dag.py
[2024-04-30T15:13:30.485+0200] {processor.py:830} INFO - Processing file /Users/noejalabert/airflow_venv/lib/python3.11/site-packages/airflow/example_dags/example_external_task_marker_dag.py for tasks to queue
[2024-04-30T15:13:30.485+0200] {logging_mixin.py:188} INFO - [2024-04-30T15:13:30.485+0200] {dagbag.py:540} INFO - Filling up the DagBag from /Users/noejalabert/airflow_venv/lib/python3.11/site-packages/airflow/example_dags/example_external_task_marker_dag.py
[2024-04-30T15:13:30.491+0200] {processor.py:840} INFO - DAG(s) 'example_external_task_marker_child', 'example_external_task_marker_parent' retrieved from /Users/noejalabert/airflow_venv/lib/python3.11/site-packages/airflow/example_dags/example_external_task_marker_dag.py
[2024-04-30T15:13:30.540+0200] {logging_mixin.py:188} INFO - [2024-04-30T15:13:30.540+0200] {dag.py:3096} INFO - Sync 2 DAGs
[2024-04-30T15:13:30.545+0200] {logging_mixin.py:188} INFO - [2024-04-30T15:13:30.545+0200] {dag.py:3954} INFO - Setting next_dagrun for example_external_task_marker_child to None, run_after=None
[2024-04-30T15:13:30.546+0200] {logging_mixin.py:188} INFO - [2024-04-30T15:13:30.546+0200] {dag.py:3954} INFO - Setting next_dagrun for example_external_task_marker_parent to None, run_after=None
[2024-04-30T15:13:30.553+0200] {processor.py:183} INFO - Processing /Users/noejalabert/airflow_venv/lib/python3.11/site-packages/airflow/example_dags/example_external_task_marker_dag.py took 0.070 seconds
[2024-04-30T15:15:18.635+0200] {processor.py:161} INFO - Started process (PID=29541) to work on /Users/noejalabert/airflow_venv/lib/python3.11/site-packages/airflow/example_dags/example_external_task_marker_dag.py
[2024-04-30T15:15:18.635+0200] {processor.py:830} INFO - Processing file /Users/noejalabert/airflow_venv/lib/python3.11/site-packages/airflow/example_dags/example_external_task_marker_dag.py for tasks to queue
[2024-04-30T15:15:18.636+0200] {logging_mixin.py:188} INFO - [2024-04-30T15:15:18.636+0200] {dagbag.py:540} INFO - Filling up the DagBag from /Users/noejalabert/airflow_venv/lib/python3.11/site-packages/airflow/example_dags/example_external_task_marker_dag.py
[2024-04-30T15:15:18.641+0200] {processor.py:840} INFO - DAG(s) 'example_external_task_marker_parent', 'example_external_task_marker_child' retrieved from /Users/noejalabert/airflow_venv/lib/python3.11/site-packages/airflow/example_dags/example_external_task_marker_dag.py
[2024-04-30T15:15:18.690+0200] {logging_mixin.py:188} INFO - [2024-04-30T15:15:18.690+0200] {dag.py:3096} INFO - Sync 2 DAGs
[2024-04-30T15:15:18.694+0200] {logging_mixin.py:188} INFO - [2024-04-30T15:15:18.694+0200] {dag.py:3954} INFO - Setting next_dagrun for example_external_task_marker_child to None, run_after=None
[2024-04-30T15:15:18.696+0200] {logging_mixin.py:188} INFO - [2024-04-30T15:15:18.695+0200] {dag.py:3954} INFO - Setting next_dagrun for example_external_task_marker_parent to None, run_after=None
[2024-04-30T15:15:18.703+0200] {processor.py:183} INFO - Processing /Users/noejalabert/airflow_venv/lib/python3.11/site-packages/airflow/example_dags/example_external_task_marker_dag.py took 0.069 seconds
[2024-04-30T15:17:13.839+0200] {processor.py:161} INFO - Started process (PID=29643) to work on /Users/noejalabert/airflow_venv/lib/python3.11/site-packages/airflow/example_dags/example_external_task_marker_dag.py
[2024-04-30T15:17:13.840+0200] {processor.py:830} INFO - Processing file /Users/noejalabert/airflow_venv/lib/python3.11/site-packages/airflow/example_dags/example_external_task_marker_dag.py for tasks to queue
[2024-04-30T15:17:13.841+0200] {logging_mixin.py:188} INFO - [2024-04-30T15:17:13.841+0200] {dagbag.py:540} INFO - Filling up the DagBag from /Users/noejalabert/airflow_venv/lib/python3.11/site-packages/airflow/example_dags/example_external_task_marker_dag.py
[2024-04-30T15:17:13.846+0200] {processor.py:840} INFO - DAG(s) 'example_external_task_marker_child', 'example_external_task_marker_parent' retrieved from /Users/noejalabert/airflow_venv/lib/python3.11/site-packages/airflow/example_dags/example_external_task_marker_dag.py
[2024-04-30T15:17:13.895+0200] {logging_mixin.py:188} INFO - [2024-04-30T15:17:13.895+0200] {dag.py:3096} INFO - Sync 2 DAGs
[2024-04-30T15:17:13.900+0200] {logging_mixin.py:188} INFO - [2024-04-30T15:17:13.900+0200] {dag.py:3954} INFO - Setting next_dagrun for example_external_task_marker_child to None, run_after=None
[2024-04-30T15:17:13.901+0200] {logging_mixin.py:188} INFO - [2024-04-30T15:17:13.901+0200] {dag.py:3954} INFO - Setting next_dagrun for example_external_task_marker_parent to None, run_after=None
[2024-04-30T15:17:13.908+0200] {processor.py:183} INFO - Processing /Users/noejalabert/airflow_venv/lib/python3.11/site-packages/airflow/example_dags/example_external_task_marker_dag.py took 0.070 seconds
[2024-04-30T15:19:27.533+0200] {processor.py:161} INFO - Started process (PID=30141) to work on /Users/noejalabert/airflow_venv/lib/python3.11/site-packages/airflow/example_dags/example_external_task_marker_dag.py
[2024-04-30T15:19:27.534+0200] {processor.py:830} INFO - Processing file /Users/noejalabert/airflow_venv/lib/python3.11/site-packages/airflow/example_dags/example_external_task_marker_dag.py for tasks to queue
[2024-04-30T15:19:27.534+0200] {logging_mixin.py:188} INFO - [2024-04-30T15:19:27.534+0200] {dagbag.py:540} INFO - Filling up the DagBag from /Users/noejalabert/airflow_venv/lib/python3.11/site-packages/airflow/example_dags/example_external_task_marker_dag.py
[2024-04-30T15:19:27.540+0200] {processor.py:840} INFO - DAG(s) 'example_external_task_marker_parent', 'example_external_task_marker_child' retrieved from /Users/noejalabert/airflow_venv/lib/python3.11/site-packages/airflow/example_dags/example_external_task_marker_dag.py
[2024-04-30T15:19:27.606+0200] {logging_mixin.py:188} INFO - [2024-04-30T15:19:27.606+0200] {dag.py:3096} INFO - Sync 2 DAGs
[2024-04-30T15:19:27.611+0200] {logging_mixin.py:188} INFO - [2024-04-30T15:19:27.611+0200] {dag.py:3954} INFO - Setting next_dagrun for example_external_task_marker_child to None, run_after=None
[2024-04-30T15:19:27.613+0200] {logging_mixin.py:188} INFO - [2024-04-30T15:19:27.613+0200] {dag.py:3954} INFO - Setting next_dagrun for example_external_task_marker_parent to None, run_after=None
[2024-04-30T15:19:27.623+0200] {processor.py:183} INFO - Processing /Users/noejalabert/airflow_venv/lib/python3.11/site-packages/airflow/example_dags/example_external_task_marker_dag.py took 0.092 seconds
[2024-04-30T15:21:27.830+0200] {processor.py:161} INFO - Started process (PID=30254) to work on /Users/noejalabert/airflow_venv/lib/python3.11/site-packages/airflow/example_dags/example_external_task_marker_dag.py
[2024-04-30T15:21:27.831+0200] {processor.py:830} INFO - Processing file /Users/noejalabert/airflow_venv/lib/python3.11/site-packages/airflow/example_dags/example_external_task_marker_dag.py for tasks to queue
[2024-04-30T15:21:27.831+0200] {logging_mixin.py:188} INFO - [2024-04-30T15:21:27.831+0200] {dagbag.py:540} INFO - Filling up the DagBag from /Users/noejalabert/airflow_venv/lib/python3.11/site-packages/airflow/example_dags/example_external_task_marker_dag.py
[2024-04-30T15:21:27.837+0200] {processor.py:840} INFO - DAG(s) 'example_external_task_marker_child', 'example_external_task_marker_parent' retrieved from /Users/noejalabert/airflow_venv/lib/python3.11/site-packages/airflow/example_dags/example_external_task_marker_dag.py
[2024-04-30T15:21:27.888+0200] {logging_mixin.py:188} INFO - [2024-04-30T15:21:27.888+0200] {dag.py:3096} INFO - Sync 2 DAGs
[2024-04-30T15:21:27.892+0200] {logging_mixin.py:188} INFO - [2024-04-30T15:21:27.892+0200] {dag.py:3954} INFO - Setting next_dagrun for example_external_task_marker_child to None, run_after=None
[2024-04-30T15:21:27.894+0200] {logging_mixin.py:188} INFO - [2024-04-30T15:21:27.894+0200] {dag.py:3954} INFO - Setting next_dagrun for example_external_task_marker_parent to None, run_after=None
[2024-04-30T15:21:27.901+0200] {processor.py:183} INFO - Processing /Users/noejalabert/airflow_venv/lib/python3.11/site-packages/airflow/example_dags/example_external_task_marker_dag.py took 0.072 seconds
[2024-04-30T15:23:22.926+0200] {processor.py:161} INFO - Started process (PID=30356) to work on /Users/noejalabert/airflow_venv/lib/python3.11/site-packages/airflow/example_dags/example_external_task_marker_dag.py
[2024-04-30T15:23:22.927+0200] {processor.py:830} INFO - Processing file /Users/noejalabert/airflow_venv/lib/python3.11/site-packages/airflow/example_dags/example_external_task_marker_dag.py for tasks to queue
[2024-04-30T15:23:22.927+0200] {logging_mixin.py:188} INFO - [2024-04-30T15:23:22.927+0200] {dagbag.py:540} INFO - Filling up the DagBag from /Users/noejalabert/airflow_venv/lib/python3.11/site-packages/airflow/example_dags/example_external_task_marker_dag.py
[2024-04-30T15:23:22.936+0200] {processor.py:840} INFO - DAG(s) 'example_external_task_marker_child', 'example_external_task_marker_parent' retrieved from /Users/noejalabert/airflow_venv/lib/python3.11/site-packages/airflow/example_dags/example_external_task_marker_dag.py
[2024-04-30T15:23:23.000+0200] {logging_mixin.py:188} INFO - [2024-04-30T15:23:23.000+0200] {dag.py:3096} INFO - Sync 2 DAGs
[2024-04-30T15:23:23.005+0200] {logging_mixin.py:188} INFO - [2024-04-30T15:23:23.005+0200] {dag.py:3954} INFO - Setting next_dagrun for example_external_task_marker_child to None, run_after=None
[2024-04-30T15:23:23.007+0200] {logging_mixin.py:188} INFO - [2024-04-30T15:23:23.007+0200] {dag.py:3954} INFO - Setting next_dagrun for example_external_task_marker_parent to None, run_after=None
[2024-04-30T15:23:23.016+0200] {processor.py:183} INFO - Processing /Users/noejalabert/airflow_venv/lib/python3.11/site-packages/airflow/example_dags/example_external_task_marker_dag.py took 0.093 seconds
[2024-04-30T15:25:20.971+0200] {processor.py:161} INFO - Started process (PID=30462) to work on /Users/noejalabert/airflow_venv/lib/python3.11/site-packages/airflow/example_dags/example_external_task_marker_dag.py
[2024-04-30T15:25:20.972+0200] {processor.py:830} INFO - Processing file /Users/noejalabert/airflow_venv/lib/python3.11/site-packages/airflow/example_dags/example_external_task_marker_dag.py for tasks to queue
[2024-04-30T15:25:20.973+0200] {logging_mixin.py:188} INFO - [2024-04-30T15:25:20.972+0200] {dagbag.py:540} INFO - Filling up the DagBag from /Users/noejalabert/airflow_venv/lib/python3.11/site-packages/airflow/example_dags/example_external_task_marker_dag.py
[2024-04-30T15:25:20.978+0200] {processor.py:840} INFO - DAG(s) 'example_external_task_marker_parent', 'example_external_task_marker_child' retrieved from /Users/noejalabert/airflow_venv/lib/python3.11/site-packages/airflow/example_dags/example_external_task_marker_dag.py
[2024-04-30T15:25:21.027+0200] {logging_mixin.py:188} INFO - [2024-04-30T15:25:21.027+0200] {dag.py:3096} INFO - Sync 2 DAGs
[2024-04-30T15:25:21.032+0200] {logging_mixin.py:188} INFO - [2024-04-30T15:25:21.032+0200] {dag.py:3954} INFO - Setting next_dagrun for example_external_task_marker_child to None, run_after=None
[2024-04-30T15:25:21.033+0200] {logging_mixin.py:188} INFO - [2024-04-30T15:25:21.033+0200] {dag.py:3954} INFO - Setting next_dagrun for example_external_task_marker_parent to None, run_after=None
[2024-04-30T15:25:21.040+0200] {processor.py:183} INFO - Processing /Users/noejalabert/airflow_venv/lib/python3.11/site-packages/airflow/example_dags/example_external_task_marker_dag.py took 0.070 seconds
[2024-04-30T15:31:13.601+0200] {processor.py:161} INFO - Started process (PID=30585) to work on /Users/noejalabert/airflow_venv/lib/python3.11/site-packages/airflow/example_dags/example_external_task_marker_dag.py
[2024-04-30T15:31:13.602+0200] {processor.py:830} INFO - Processing file /Users/noejalabert/airflow_venv/lib/python3.11/site-packages/airflow/example_dags/example_external_task_marker_dag.py for tasks to queue
[2024-04-30T15:31:13.602+0200] {logging_mixin.py:188} INFO - [2024-04-30T15:31:13.602+0200] {dagbag.py:540} INFO - Filling up the DagBag from /Users/noejalabert/airflow_venv/lib/python3.11/site-packages/airflow/example_dags/example_external_task_marker_dag.py
[2024-04-30T15:31:13.608+0200] {processor.py:840} INFO - DAG(s) 'example_external_task_marker_parent', 'example_external_task_marker_child' retrieved from /Users/noejalabert/airflow_venv/lib/python3.11/site-packages/airflow/example_dags/example_external_task_marker_dag.py
[2024-04-30T15:31:13.689+0200] {logging_mixin.py:188} INFO - [2024-04-30T15:31:13.689+0200] {dag.py:3096} INFO - Sync 2 DAGs
[2024-04-30T15:31:13.694+0200] {logging_mixin.py:188} INFO - [2024-04-30T15:31:13.694+0200] {dag.py:3954} INFO - Setting next_dagrun for example_external_task_marker_child to None, run_after=None
[2024-04-30T15:31:13.695+0200] {logging_mixin.py:188} INFO - [2024-04-30T15:31:13.695+0200] {dag.py:3954} INFO - Setting next_dagrun for example_external_task_marker_parent to None, run_after=None
[2024-04-30T15:31:13.703+0200] {processor.py:183} INFO - Processing /Users/noejalabert/airflow_venv/lib/python3.11/site-packages/airflow/example_dags/example_external_task_marker_dag.py took 0.103 seconds
[2024-04-30T15:37:26.546+0200] {processor.py:161} INFO - Started process (PID=30679) to work on /Users/noejalabert/airflow_venv/lib/python3.11/site-packages/airflow/example_dags/example_external_task_marker_dag.py
[2024-04-30T15:37:26.547+0200] {processor.py:830} INFO - Processing file /Users/noejalabert/airflow_venv/lib/python3.11/site-packages/airflow/example_dags/example_external_task_marker_dag.py for tasks to queue
[2024-04-30T15:37:26.547+0200] {logging_mixin.py:188} INFO - [2024-04-30T15:37:26.547+0200] {dagbag.py:540} INFO - Filling up the DagBag from /Users/noejalabert/airflow_venv/lib/python3.11/site-packages/airflow/example_dags/example_external_task_marker_dag.py
[2024-04-30T15:37:26.552+0200] {processor.py:840} INFO - DAG(s) 'example_external_task_marker_child', 'example_external_task_marker_parent' retrieved from /Users/noejalabert/airflow_venv/lib/python3.11/site-packages/airflow/example_dags/example_external_task_marker_dag.py
[2024-04-30T15:37:26.601+0200] {logging_mixin.py:188} INFO - [2024-04-30T15:37:26.601+0200] {dag.py:3096} INFO - Sync 2 DAGs
[2024-04-30T15:37:26.605+0200] {logging_mixin.py:188} INFO - [2024-04-30T15:37:26.605+0200] {dag.py:3954} INFO - Setting next_dagrun for example_external_task_marker_child to None, run_after=None
[2024-04-30T15:37:26.607+0200] {logging_mixin.py:188} INFO - [2024-04-30T15:37:26.607+0200] {dag.py:3954} INFO - Setting next_dagrun for example_external_task_marker_parent to None, run_after=None
[2024-04-30T15:37:26.613+0200] {processor.py:183} INFO - Processing /Users/noejalabert/airflow_venv/lib/python3.11/site-packages/airflow/example_dags/example_external_task_marker_dag.py took 0.068 seconds
[2024-04-30T15:42:56.355+0200] {processor.py:161} INFO - Started process (PID=30763) to work on /Users/noejalabert/airflow_venv/lib/python3.11/site-packages/airflow/example_dags/example_external_task_marker_dag.py
[2024-04-30T15:42:56.355+0200] {processor.py:830} INFO - Processing file /Users/noejalabert/airflow_venv/lib/python3.11/site-packages/airflow/example_dags/example_external_task_marker_dag.py for tasks to queue
[2024-04-30T15:42:56.356+0200] {logging_mixin.py:188} INFO - [2024-04-30T15:42:56.356+0200] {dagbag.py:540} INFO - Filling up the DagBag from /Users/noejalabert/airflow_venv/lib/python3.11/site-packages/airflow/example_dags/example_external_task_marker_dag.py
[2024-04-30T15:42:56.361+0200] {processor.py:840} INFO - DAG(s) 'example_external_task_marker_child', 'example_external_task_marker_parent' retrieved from /Users/noejalabert/airflow_venv/lib/python3.11/site-packages/airflow/example_dags/example_external_task_marker_dag.py
[2024-04-30T15:42:56.409+0200] {logging_mixin.py:188} INFO - [2024-04-30T15:42:56.409+0200] {dag.py:3096} INFO - Sync 2 DAGs
[2024-04-30T15:42:56.413+0200] {logging_mixin.py:188} INFO - [2024-04-30T15:42:56.413+0200] {dag.py:3954} INFO - Setting next_dagrun for example_external_task_marker_child to None, run_after=None
[2024-04-30T15:42:56.414+0200] {logging_mixin.py:188} INFO - [2024-04-30T15:42:56.414+0200] {dag.py:3954} INFO - Setting next_dagrun for example_external_task_marker_parent to None, run_after=None
[2024-04-30T15:42:56.421+0200] {processor.py:183} INFO - Processing /Users/noejalabert/airflow_venv/lib/python3.11/site-packages/airflow/example_dags/example_external_task_marker_dag.py took 0.068 seconds
[2024-04-30T15:45:18.824+0200] {processor.py:161} INFO - Started process (PID=30845) to work on /Users/noejalabert/airflow_venv/lib/python3.11/site-packages/airflow/example_dags/example_external_task_marker_dag.py
[2024-04-30T15:45:18.825+0200] {processor.py:830} INFO - Processing file /Users/noejalabert/airflow_venv/lib/python3.11/site-packages/airflow/example_dags/example_external_task_marker_dag.py for tasks to queue
[2024-04-30T15:45:18.825+0200] {logging_mixin.py:188} INFO - [2024-04-30T15:45:18.825+0200] {dagbag.py:540} INFO - Filling up the DagBag from /Users/noejalabert/airflow_venv/lib/python3.11/site-packages/airflow/example_dags/example_external_task_marker_dag.py
[2024-04-30T15:45:18.830+0200] {processor.py:840} INFO - DAG(s) 'example_external_task_marker_child', 'example_external_task_marker_parent' retrieved from /Users/noejalabert/airflow_venv/lib/python3.11/site-packages/airflow/example_dags/example_external_task_marker_dag.py
[2024-04-30T15:45:18.879+0200] {logging_mixin.py:188} INFO - [2024-04-30T15:45:18.879+0200] {dag.py:3096} INFO - Sync 2 DAGs
[2024-04-30T15:45:18.883+0200] {logging_mixin.py:188} INFO - [2024-04-30T15:45:18.883+0200] {dag.py:3954} INFO - Setting next_dagrun for example_external_task_marker_child to None, run_after=None
[2024-04-30T15:45:18.885+0200] {logging_mixin.py:188} INFO - [2024-04-30T15:45:18.885+0200] {dag.py:3954} INFO - Setting next_dagrun for example_external_task_marker_parent to None, run_after=None
[2024-04-30T15:45:18.892+0200] {processor.py:183} INFO - Processing /Users/noejalabert/airflow_venv/lib/python3.11/site-packages/airflow/example_dags/example_external_task_marker_dag.py took 0.069 seconds
[2024-04-30T15:47:18.120+0200] {processor.py:161} INFO - Started process (PID=30920) to work on /Users/noejalabert/airflow_venv/lib/python3.11/site-packages/airflow/example_dags/example_external_task_marker_dag.py
[2024-04-30T15:47:18.120+0200] {processor.py:830} INFO - Processing file /Users/noejalabert/airflow_venv/lib/python3.11/site-packages/airflow/example_dags/example_external_task_marker_dag.py for tasks to queue
[2024-04-30T15:47:18.120+0200] {logging_mixin.py:188} INFO - [2024-04-30T15:47:18.120+0200] {dagbag.py:540} INFO - Filling up the DagBag from /Users/noejalabert/airflow_venv/lib/python3.11/site-packages/airflow/example_dags/example_external_task_marker_dag.py
[2024-04-30T15:47:18.126+0200] {processor.py:840} INFO - DAG(s) 'example_external_task_marker_parent', 'example_external_task_marker_child' retrieved from /Users/noejalabert/airflow_venv/lib/python3.11/site-packages/airflow/example_dags/example_external_task_marker_dag.py
[2024-04-30T15:47:18.175+0200] {logging_mixin.py:188} INFO - [2024-04-30T15:47:18.174+0200] {dag.py:3096} INFO - Sync 2 DAGs
[2024-04-30T15:47:18.179+0200] {logging_mixin.py:188} INFO - [2024-04-30T15:47:18.179+0200] {dag.py:3954} INFO - Setting next_dagrun for example_external_task_marker_child to None, run_after=None
[2024-04-30T15:47:18.180+0200] {logging_mixin.py:188} INFO - [2024-04-30T15:47:18.180+0200] {dag.py:3954} INFO - Setting next_dagrun for example_external_task_marker_parent to None, run_after=None
[2024-04-30T15:47:18.187+0200] {processor.py:183} INFO - Processing /Users/noejalabert/airflow_venv/lib/python3.11/site-packages/airflow/example_dags/example_external_task_marker_dag.py took 0.069 seconds
[2024-04-30T15:49:19.117+0200] {processor.py:161} INFO - Started process (PID=31004) to work on /Users/noejalabert/airflow_venv/lib/python3.11/site-packages/airflow/example_dags/example_external_task_marker_dag.py
[2024-04-30T15:49:19.118+0200] {processor.py:830} INFO - Processing file /Users/noejalabert/airflow_venv/lib/python3.11/site-packages/airflow/example_dags/example_external_task_marker_dag.py for tasks to queue
[2024-04-30T15:49:19.118+0200] {logging_mixin.py:188} INFO - [2024-04-30T15:49:19.118+0200] {dagbag.py:540} INFO - Filling up the DagBag from /Users/noejalabert/airflow_venv/lib/python3.11/site-packages/airflow/example_dags/example_external_task_marker_dag.py
[2024-04-30T15:49:19.123+0200] {processor.py:840} INFO - DAG(s) 'example_external_task_marker_parent', 'example_external_task_marker_child' retrieved from /Users/noejalabert/airflow_venv/lib/python3.11/site-packages/airflow/example_dags/example_external_task_marker_dag.py
[2024-04-30T15:49:19.173+0200] {logging_mixin.py:188} INFO - [2024-04-30T15:49:19.173+0200] {dag.py:3096} INFO - Sync 2 DAGs
[2024-04-30T15:49:19.177+0200] {logging_mixin.py:188} INFO - [2024-04-30T15:49:19.177+0200] {dag.py:3954} INFO - Setting next_dagrun for example_external_task_marker_child to None, run_after=None
[2024-04-30T15:49:19.179+0200] {logging_mixin.py:188} INFO - [2024-04-30T15:49:19.178+0200] {dag.py:3954} INFO - Setting next_dagrun for example_external_task_marker_parent to None, run_after=None
[2024-04-30T15:49:19.185+0200] {processor.py:183} INFO - Processing /Users/noejalabert/airflow_venv/lib/python3.11/site-packages/airflow/example_dags/example_external_task_marker_dag.py took 0.069 seconds
[2024-04-30T15:52:53.983+0200] {processor.py:161} INFO - Started process (PID=31130) to work on /Users/noejalabert/airflow_venv/lib/python3.11/site-packages/airflow/example_dags/example_external_task_marker_dag.py
[2024-04-30T15:52:53.984+0200] {processor.py:830} INFO - Processing file /Users/noejalabert/airflow_venv/lib/python3.11/site-packages/airflow/example_dags/example_external_task_marker_dag.py for tasks to queue
[2024-04-30T15:52:53.984+0200] {logging_mixin.py:188} INFO - [2024-04-30T15:52:53.984+0200] {dagbag.py:540} INFO - Filling up the DagBag from /Users/noejalabert/airflow_venv/lib/python3.11/site-packages/airflow/example_dags/example_external_task_marker_dag.py
[2024-04-30T15:52:53.990+0200] {processor.py:840} INFO - DAG(s) 'example_external_task_marker_parent', 'example_external_task_marker_child' retrieved from /Users/noejalabert/airflow_venv/lib/python3.11/site-packages/airflow/example_dags/example_external_task_marker_dag.py
[2024-04-30T15:52:54.074+0200] {logging_mixin.py:188} INFO - [2024-04-30T15:52:54.074+0200] {dag.py:3096} INFO - Sync 2 DAGs
[2024-04-30T15:52:54.078+0200] {logging_mixin.py:188} INFO - [2024-04-30T15:52:54.078+0200] {dag.py:3954} INFO - Setting next_dagrun for example_external_task_marker_child to None, run_after=None
[2024-04-30T15:52:54.079+0200] {logging_mixin.py:188} INFO - [2024-04-30T15:52:54.079+0200] {dag.py:3954} INFO - Setting next_dagrun for example_external_task_marker_parent to None, run_after=None
[2024-04-30T15:52:54.086+0200] {processor.py:183} INFO - Processing /Users/noejalabert/airflow_venv/lib/python3.11/site-packages/airflow/example_dags/example_external_task_marker_dag.py took 0.105 seconds
[2024-04-30T15:54:25.170+0200] {processor.py:161} INFO - Started process (PID=31200) to work on /Users/noejalabert/airflow_venv/lib/python3.11/site-packages/airflow/example_dags/example_external_task_marker_dag.py
[2024-04-30T15:54:25.170+0200] {processor.py:830} INFO - Processing file /Users/noejalabert/airflow_venv/lib/python3.11/site-packages/airflow/example_dags/example_external_task_marker_dag.py for tasks to queue
[2024-04-30T15:54:25.171+0200] {logging_mixin.py:188} INFO - [2024-04-30T15:54:25.171+0200] {dagbag.py:540} INFO - Filling up the DagBag from /Users/noejalabert/airflow_venv/lib/python3.11/site-packages/airflow/example_dags/example_external_task_marker_dag.py
[2024-04-30T15:54:25.177+0200] {processor.py:840} INFO - DAG(s) 'example_external_task_marker_parent', 'example_external_task_marker_child' retrieved from /Users/noejalabert/airflow_venv/lib/python3.11/site-packages/airflow/example_dags/example_external_task_marker_dag.py
[2024-04-30T15:54:25.226+0200] {logging_mixin.py:188} INFO - [2024-04-30T15:54:25.226+0200] {dag.py:3096} INFO - Sync 2 DAGs
[2024-04-30T15:54:25.230+0200] {logging_mixin.py:188} INFO - [2024-04-30T15:54:25.230+0200] {dag.py:3954} INFO - Setting next_dagrun for example_external_task_marker_child to None, run_after=None
[2024-04-30T15:54:25.232+0200] {logging_mixin.py:188} INFO - [2024-04-30T15:54:25.231+0200] {dag.py:3954} INFO - Setting next_dagrun for example_external_task_marker_parent to None, run_after=None
[2024-04-30T15:54:25.239+0200] {processor.py:183} INFO - Processing /Users/noejalabert/airflow_venv/lib/python3.11/site-packages/airflow/example_dags/example_external_task_marker_dag.py took 0.070 seconds
[2024-04-30T15:55:48.598+0200] {processor.py:161} INFO - Started process (PID=31256) to work on /Users/noejalabert/airflow_venv/lib/python3.11/site-packages/airflow/example_dags/example_external_task_marker_dag.py
[2024-04-30T15:55:48.598+0200] {processor.py:830} INFO - Processing file /Users/noejalabert/airflow_venv/lib/python3.11/site-packages/airflow/example_dags/example_external_task_marker_dag.py for tasks to queue
[2024-04-30T15:55:48.599+0200] {logging_mixin.py:188} INFO - [2024-04-30T15:55:48.599+0200] {dagbag.py:540} INFO - Filling up the DagBag from /Users/noejalabert/airflow_venv/lib/python3.11/site-packages/airflow/example_dags/example_external_task_marker_dag.py
[2024-04-30T15:55:48.604+0200] {processor.py:840} INFO - DAG(s) 'example_external_task_marker_parent', 'example_external_task_marker_child' retrieved from /Users/noejalabert/airflow_venv/lib/python3.11/site-packages/airflow/example_dags/example_external_task_marker_dag.py
[2024-04-30T15:55:48.653+0200] {logging_mixin.py:188} INFO - [2024-04-30T15:55:48.653+0200] {dag.py:3096} INFO - Sync 2 DAGs
[2024-04-30T15:55:48.658+0200] {logging_mixin.py:188} INFO - [2024-04-30T15:55:48.658+0200] {dag.py:3954} INFO - Setting next_dagrun for example_external_task_marker_child to None, run_after=None
[2024-04-30T15:55:48.659+0200] {logging_mixin.py:188} INFO - [2024-04-30T15:55:48.659+0200] {dag.py:3954} INFO - Setting next_dagrun for example_external_task_marker_parent to None, run_after=None
[2024-04-30T15:55:48.666+0200] {processor.py:183} INFO - Processing /Users/noejalabert/airflow_venv/lib/python3.11/site-packages/airflow/example_dags/example_external_task_marker_dag.py took 0.069 seconds
[2024-04-30T15:57:13.683+0200] {processor.py:161} INFO - Started process (PID=31319) to work on /Users/noejalabert/airflow_venv/lib/python3.11/site-packages/airflow/example_dags/example_external_task_marker_dag.py
[2024-04-30T15:57:13.684+0200] {processor.py:830} INFO - Processing file /Users/noejalabert/airflow_venv/lib/python3.11/site-packages/airflow/example_dags/example_external_task_marker_dag.py for tasks to queue
[2024-04-30T15:57:13.684+0200] {logging_mixin.py:188} INFO - [2024-04-30T15:57:13.684+0200] {dagbag.py:540} INFO - Filling up the DagBag from /Users/noejalabert/airflow_venv/lib/python3.11/site-packages/airflow/example_dags/example_external_task_marker_dag.py
[2024-04-30T15:57:13.689+0200] {processor.py:840} INFO - DAG(s) 'example_external_task_marker_parent', 'example_external_task_marker_child' retrieved from /Users/noejalabert/airflow_venv/lib/python3.11/site-packages/airflow/example_dags/example_external_task_marker_dag.py
[2024-04-30T15:57:13.738+0200] {logging_mixin.py:188} INFO - [2024-04-30T15:57:13.738+0200] {dag.py:3096} INFO - Sync 2 DAGs
[2024-04-30T15:57:13.743+0200] {logging_mixin.py:188} INFO - [2024-04-30T15:57:13.743+0200] {dag.py:3954} INFO - Setting next_dagrun for example_external_task_marker_child to None, run_after=None
[2024-04-30T15:57:13.744+0200] {logging_mixin.py:188} INFO - [2024-04-30T15:57:13.744+0200] {dag.py:3954} INFO - Setting next_dagrun for example_external_task_marker_parent to None, run_after=None
[2024-04-30T15:57:13.751+0200] {processor.py:183} INFO - Processing /Users/noejalabert/airflow_venv/lib/python3.11/site-packages/airflow/example_dags/example_external_task_marker_dag.py took 0.069 seconds
[2024-04-30T15:58:40.334+0200] {processor.py:161} INFO - Started process (PID=31579) to work on /Users/noejalabert/airflow_venv/lib/python3.11/site-packages/airflow/example_dags/example_external_task_marker_dag.py
[2024-04-30T15:58:40.335+0200] {processor.py:830} INFO - Processing file /Users/noejalabert/airflow_venv/lib/python3.11/site-packages/airflow/example_dags/example_external_task_marker_dag.py for tasks to queue
[2024-04-30T15:58:40.335+0200] {logging_mixin.py:188} INFO - [2024-04-30T15:58:40.335+0200] {dagbag.py:540} INFO - Filling up the DagBag from /Users/noejalabert/airflow_venv/lib/python3.11/site-packages/airflow/example_dags/example_external_task_marker_dag.py
[2024-04-30T15:58:40.341+0200] {processor.py:840} INFO - DAG(s) 'example_external_task_marker_child', 'example_external_task_marker_parent' retrieved from /Users/noejalabert/airflow_venv/lib/python3.11/site-packages/airflow/example_dags/example_external_task_marker_dag.py
[2024-04-30T15:58:40.394+0200] {logging_mixin.py:188} INFO - [2024-04-30T15:58:40.394+0200] {dag.py:3096} INFO - Sync 2 DAGs
[2024-04-30T15:58:40.399+0200] {logging_mixin.py:188} INFO - [2024-04-30T15:58:40.399+0200] {dag.py:3954} INFO - Setting next_dagrun for example_external_task_marker_child to None, run_after=None
[2024-04-30T15:58:40.400+0200] {logging_mixin.py:188} INFO - [2024-04-30T15:58:40.400+0200] {dag.py:3954} INFO - Setting next_dagrun for example_external_task_marker_parent to None, run_after=None
[2024-04-30T15:58:40.407+0200] {processor.py:183} INFO - Processing /Users/noejalabert/airflow_venv/lib/python3.11/site-packages/airflow/example_dags/example_external_task_marker_dag.py took 0.074 seconds
[2024-04-30T16:00:05.393+0200] {processor.py:161} INFO - Started process (PID=31673) to work on /Users/noejalabert/airflow_venv/lib/python3.11/site-packages/airflow/example_dags/example_external_task_marker_dag.py
[2024-04-30T16:00:05.394+0200] {processor.py:830} INFO - Processing file /Users/noejalabert/airflow_venv/lib/python3.11/site-packages/airflow/example_dags/example_external_task_marker_dag.py for tasks to queue
[2024-04-30T16:00:05.395+0200] {logging_mixin.py:188} INFO - [2024-04-30T16:00:05.395+0200] {dagbag.py:540} INFO - Filling up the DagBag from /Users/noejalabert/airflow_venv/lib/python3.11/site-packages/airflow/example_dags/example_external_task_marker_dag.py
[2024-04-30T16:00:05.400+0200] {processor.py:840} INFO - DAG(s) 'example_external_task_marker_child', 'example_external_task_marker_parent' retrieved from /Users/noejalabert/airflow_venv/lib/python3.11/site-packages/airflow/example_dags/example_external_task_marker_dag.py
[2024-04-30T16:00:05.454+0200] {logging_mixin.py:188} INFO - [2024-04-30T16:00:05.454+0200] {dag.py:3096} INFO - Sync 2 DAGs
[2024-04-30T16:00:05.459+0200] {logging_mixin.py:188} INFO - [2024-04-30T16:00:05.459+0200] {dag.py:3954} INFO - Setting next_dagrun for example_external_task_marker_child to None, run_after=None
[2024-04-30T16:00:05.460+0200] {logging_mixin.py:188} INFO - [2024-04-30T16:00:05.460+0200] {dag.py:3954} INFO - Setting next_dagrun for example_external_task_marker_parent to None, run_after=None
[2024-04-30T16:00:05.468+0200] {processor.py:183} INFO - Processing /Users/noejalabert/airflow_venv/lib/python3.11/site-packages/airflow/example_dags/example_external_task_marker_dag.py took 0.076 seconds
[2024-04-30T16:01:28.111+0200] {processor.py:161} INFO - Started process (PID=31736) to work on /Users/noejalabert/airflow_venv/lib/python3.11/site-packages/airflow/example_dags/example_external_task_marker_dag.py
[2024-04-30T16:01:28.112+0200] {processor.py:830} INFO - Processing file /Users/noejalabert/airflow_venv/lib/python3.11/site-packages/airflow/example_dags/example_external_task_marker_dag.py for tasks to queue
[2024-04-30T16:01:28.112+0200] {logging_mixin.py:188} INFO - [2024-04-30T16:01:28.112+0200] {dagbag.py:540} INFO - Filling up the DagBag from /Users/noejalabert/airflow_venv/lib/python3.11/site-packages/airflow/example_dags/example_external_task_marker_dag.py
[2024-04-30T16:01:28.117+0200] {processor.py:840} INFO - DAG(s) 'example_external_task_marker_parent', 'example_external_task_marker_child' retrieved from /Users/noejalabert/airflow_venv/lib/python3.11/site-packages/airflow/example_dags/example_external_task_marker_dag.py
[2024-04-30T16:01:28.166+0200] {logging_mixin.py:188} INFO - [2024-04-30T16:01:28.166+0200] {dag.py:3096} INFO - Sync 2 DAGs
[2024-04-30T16:01:28.171+0200] {logging_mixin.py:188} INFO - [2024-04-30T16:01:28.171+0200] {dag.py:3954} INFO - Setting next_dagrun for example_external_task_marker_child to None, run_after=None
[2024-04-30T16:01:28.172+0200] {logging_mixin.py:188} INFO - [2024-04-30T16:01:28.172+0200] {dag.py:3954} INFO - Setting next_dagrun for example_external_task_marker_parent to None, run_after=None
[2024-04-30T16:01:28.179+0200] {processor.py:183} INFO - Processing /Users/noejalabert/airflow_venv/lib/python3.11/site-packages/airflow/example_dags/example_external_task_marker_dag.py took 0.069 seconds
[2024-04-30T16:02:52.824+0200] {processor.py:161} INFO - Started process (PID=31800) to work on /Users/noejalabert/airflow_venv/lib/python3.11/site-packages/airflow/example_dags/example_external_task_marker_dag.py
[2024-04-30T16:02:52.825+0200] {processor.py:830} INFO - Processing file /Users/noejalabert/airflow_venv/lib/python3.11/site-packages/airflow/example_dags/example_external_task_marker_dag.py for tasks to queue
[2024-04-30T16:02:52.826+0200] {logging_mixin.py:188} INFO - [2024-04-30T16:02:52.826+0200] {dagbag.py:540} INFO - Filling up the DagBag from /Users/noejalabert/airflow_venv/lib/python3.11/site-packages/airflow/example_dags/example_external_task_marker_dag.py
[2024-04-30T16:02:52.831+0200] {processor.py:840} INFO - DAG(s) 'example_external_task_marker_parent', 'example_external_task_marker_child' retrieved from /Users/noejalabert/airflow_venv/lib/python3.11/site-packages/airflow/example_dags/example_external_task_marker_dag.py
[2024-04-30T16:02:52.881+0200] {logging_mixin.py:188} INFO - [2024-04-30T16:02:52.880+0200] {dag.py:3096} INFO - Sync 2 DAGs
[2024-04-30T16:02:52.885+0200] {logging_mixin.py:188} INFO - [2024-04-30T16:02:52.885+0200] {dag.py:3954} INFO - Setting next_dagrun for example_external_task_marker_child to None, run_after=None
[2024-04-30T16:02:52.886+0200] {logging_mixin.py:188} INFO - [2024-04-30T16:02:52.886+0200] {dag.py:3954} INFO - Setting next_dagrun for example_external_task_marker_parent to None, run_after=None
[2024-04-30T16:02:52.894+0200] {processor.py:183} INFO - Processing /Users/noejalabert/airflow_venv/lib/python3.11/site-packages/airflow/example_dags/example_external_task_marker_dag.py took 0.071 seconds
[2024-04-30T16:04:18.147+0200] {processor.py:161} INFO - Started process (PID=31866) to work on /Users/noejalabert/airflow_venv/lib/python3.11/site-packages/airflow/example_dags/example_external_task_marker_dag.py
[2024-04-30T16:04:18.149+0200] {processor.py:830} INFO - Processing file /Users/noejalabert/airflow_venv/lib/python3.11/site-packages/airflow/example_dags/example_external_task_marker_dag.py for tasks to queue
[2024-04-30T16:04:18.149+0200] {logging_mixin.py:188} INFO - [2024-04-30T16:04:18.149+0200] {dagbag.py:540} INFO - Filling up the DagBag from /Users/noejalabert/airflow_venv/lib/python3.11/site-packages/airflow/example_dags/example_external_task_marker_dag.py
[2024-04-30T16:04:18.155+0200] {processor.py:840} INFO - DAG(s) 'example_external_task_marker_child', 'example_external_task_marker_parent' retrieved from /Users/noejalabert/airflow_venv/lib/python3.11/site-packages/airflow/example_dags/example_external_task_marker_dag.py
[2024-04-30T16:04:18.204+0200] {logging_mixin.py:188} INFO - [2024-04-30T16:04:18.204+0200] {dag.py:3096} INFO - Sync 2 DAGs
[2024-04-30T16:04:18.208+0200] {logging_mixin.py:188} INFO - [2024-04-30T16:04:18.208+0200] {dag.py:3954} INFO - Setting next_dagrun for example_external_task_marker_child to None, run_after=None
[2024-04-30T16:04:18.210+0200] {logging_mixin.py:188} INFO - [2024-04-30T16:04:18.209+0200] {dag.py:3954} INFO - Setting next_dagrun for example_external_task_marker_parent to None, run_after=None
[2024-04-30T16:04:18.217+0200] {processor.py:183} INFO - Processing /Users/noejalabert/airflow_venv/lib/python3.11/site-packages/airflow/example_dags/example_external_task_marker_dag.py took 0.070 seconds
[2024-04-30T16:07:19.839+0200] {processor.py:161} INFO - Started process (PID=31935) to work on /Users/noejalabert/airflow_venv/lib/python3.11/site-packages/airflow/example_dags/example_external_task_marker_dag.py
[2024-04-30T16:07:19.840+0200] {processor.py:830} INFO - Processing file /Users/noejalabert/airflow_venv/lib/python3.11/site-packages/airflow/example_dags/example_external_task_marker_dag.py for tasks to queue
[2024-04-30T16:07:19.841+0200] {logging_mixin.py:188} INFO - [2024-04-30T16:07:19.840+0200] {dagbag.py:540} INFO - Filling up the DagBag from /Users/noejalabert/airflow_venv/lib/python3.11/site-packages/airflow/example_dags/example_external_task_marker_dag.py
[2024-04-30T16:07:19.847+0200] {processor.py:840} INFO - DAG(s) 'example_external_task_marker_child', 'example_external_task_marker_parent' retrieved from /Users/noejalabert/airflow_venv/lib/python3.11/site-packages/airflow/example_dags/example_external_task_marker_dag.py
[2024-04-30T16:07:19.901+0200] {logging_mixin.py:188} INFO - [2024-04-30T16:07:19.901+0200] {dag.py:3096} INFO - Sync 2 DAGs
[2024-04-30T16:07:19.906+0200] {logging_mixin.py:188} INFO - [2024-04-30T16:07:19.906+0200] {dag.py:3954} INFO - Setting next_dagrun for example_external_task_marker_child to None, run_after=None
[2024-04-30T16:07:19.907+0200] {logging_mixin.py:188} INFO - [2024-04-30T16:07:19.907+0200] {dag.py:3954} INFO - Setting next_dagrun for example_external_task_marker_parent to None, run_after=None
[2024-04-30T16:07:19.914+0200] {processor.py:183} INFO - Processing /Users/noejalabert/airflow_venv/lib/python3.11/site-packages/airflow/example_dags/example_external_task_marker_dag.py took 0.076 seconds
[2024-04-30T16:08:41.678+0200] {processor.py:161} INFO - Started process (PID=32012) to work on /Users/noejalabert/airflow_venv/lib/python3.11/site-packages/airflow/example_dags/example_external_task_marker_dag.py
[2024-04-30T16:08:41.678+0200] {processor.py:830} INFO - Processing file /Users/noejalabert/airflow_venv/lib/python3.11/site-packages/airflow/example_dags/example_external_task_marker_dag.py for tasks to queue
[2024-04-30T16:08:41.679+0200] {logging_mixin.py:188} INFO - [2024-04-30T16:08:41.678+0200] {dagbag.py:540} INFO - Filling up the DagBag from /Users/noejalabert/airflow_venv/lib/python3.11/site-packages/airflow/example_dags/example_external_task_marker_dag.py
[2024-04-30T16:08:41.684+0200] {processor.py:840} INFO - DAG(s) 'example_external_task_marker_parent', 'example_external_task_marker_child' retrieved from /Users/noejalabert/airflow_venv/lib/python3.11/site-packages/airflow/example_dags/example_external_task_marker_dag.py
[2024-04-30T16:08:41.734+0200] {logging_mixin.py:188} INFO - [2024-04-30T16:08:41.734+0200] {dag.py:3096} INFO - Sync 2 DAGs
[2024-04-30T16:08:41.738+0200] {logging_mixin.py:188} INFO - [2024-04-30T16:08:41.738+0200] {dag.py:3954} INFO - Setting next_dagrun for example_external_task_marker_child to None, run_after=None
[2024-04-30T16:08:41.740+0200] {logging_mixin.py:188} INFO - [2024-04-30T16:08:41.740+0200] {dag.py:3954} INFO - Setting next_dagrun for example_external_task_marker_parent to None, run_after=None
[2024-04-30T16:08:41.746+0200] {processor.py:183} INFO - Processing /Users/noejalabert/airflow_venv/lib/python3.11/site-packages/airflow/example_dags/example_external_task_marker_dag.py took 0.070 seconds
[2024-04-30T16:10:05.980+0200] {processor.py:161} INFO - Started process (PID=32088) to work on /Users/noejalabert/airflow_venv/lib/python3.11/site-packages/airflow/example_dags/example_external_task_marker_dag.py
[2024-04-30T16:10:05.981+0200] {processor.py:830} INFO - Processing file /Users/noejalabert/airflow_venv/lib/python3.11/site-packages/airflow/example_dags/example_external_task_marker_dag.py for tasks to queue
[2024-04-30T16:10:05.981+0200] {logging_mixin.py:188} INFO - [2024-04-30T16:10:05.981+0200] {dagbag.py:540} INFO - Filling up the DagBag from /Users/noejalabert/airflow_venv/lib/python3.11/site-packages/airflow/example_dags/example_external_task_marker_dag.py
[2024-04-30T16:10:05.986+0200] {processor.py:840} INFO - DAG(s) 'example_external_task_marker_child', 'example_external_task_marker_parent' retrieved from /Users/noejalabert/airflow_venv/lib/python3.11/site-packages/airflow/example_dags/example_external_task_marker_dag.py
[2024-04-30T16:10:06.036+0200] {logging_mixin.py:188} INFO - [2024-04-30T16:10:06.036+0200] {dag.py:3096} INFO - Sync 2 DAGs
[2024-04-30T16:10:06.041+0200] {logging_mixin.py:188} INFO - [2024-04-30T16:10:06.041+0200] {dag.py:3954} INFO - Setting next_dagrun for example_external_task_marker_child to None, run_after=None
[2024-04-30T16:10:06.042+0200] {logging_mixin.py:188} INFO - [2024-04-30T16:10:06.042+0200] {dag.py:3954} INFO - Setting next_dagrun for example_external_task_marker_parent to None, run_after=None
[2024-04-30T16:10:06.049+0200] {processor.py:183} INFO - Processing /Users/noejalabert/airflow_venv/lib/python3.11/site-packages/airflow/example_dags/example_external_task_marker_dag.py took 0.070 seconds
[2024-04-30T16:11:31.627+0200] {processor.py:161} INFO - Started process (PID=32163) to work on /Users/noejalabert/airflow_venv/lib/python3.11/site-packages/airflow/example_dags/example_external_task_marker_dag.py
[2024-04-30T16:11:31.628+0200] {processor.py:830} INFO - Processing file /Users/noejalabert/airflow_venv/lib/python3.11/site-packages/airflow/example_dags/example_external_task_marker_dag.py for tasks to queue
[2024-04-30T16:11:31.629+0200] {logging_mixin.py:188} INFO - [2024-04-30T16:11:31.628+0200] {dagbag.py:540} INFO - Filling up the DagBag from /Users/noejalabert/airflow_venv/lib/python3.11/site-packages/airflow/example_dags/example_external_task_marker_dag.py
[2024-04-30T16:11:31.634+0200] {processor.py:840} INFO - DAG(s) 'example_external_task_marker_child', 'example_external_task_marker_parent' retrieved from /Users/noejalabert/airflow_venv/lib/python3.11/site-packages/airflow/example_dags/example_external_task_marker_dag.py
[2024-04-30T16:11:31.684+0200] {logging_mixin.py:188} INFO - [2024-04-30T16:11:31.683+0200] {dag.py:3096} INFO - Sync 2 DAGs
[2024-04-30T16:11:31.688+0200] {logging_mixin.py:188} INFO - [2024-04-30T16:11:31.688+0200] {dag.py:3954} INFO - Setting next_dagrun for example_external_task_marker_child to None, run_after=None
[2024-04-30T16:11:31.689+0200] {logging_mixin.py:188} INFO - [2024-04-30T16:11:31.689+0200] {dag.py:3954} INFO - Setting next_dagrun for example_external_task_marker_parent to None, run_after=None
[2024-04-30T16:11:31.696+0200] {processor.py:183} INFO - Processing /Users/noejalabert/airflow_venv/lib/python3.11/site-packages/airflow/example_dags/example_external_task_marker_dag.py took 0.071 seconds
[2024-04-30T16:12:56.970+0200] {processor.py:161} INFO - Started process (PID=32228) to work on /Users/noejalabert/airflow_venv/lib/python3.11/site-packages/airflow/example_dags/example_external_task_marker_dag.py
[2024-04-30T16:12:56.971+0200] {processor.py:830} INFO - Processing file /Users/noejalabert/airflow_venv/lib/python3.11/site-packages/airflow/example_dags/example_external_task_marker_dag.py for tasks to queue
[2024-04-30T16:12:56.971+0200] {logging_mixin.py:188} INFO - [2024-04-30T16:12:56.971+0200] {dagbag.py:540} INFO - Filling up the DagBag from /Users/noejalabert/airflow_venv/lib/python3.11/site-packages/airflow/example_dags/example_external_task_marker_dag.py
[2024-04-30T16:12:56.976+0200] {processor.py:840} INFO - DAG(s) 'example_external_task_marker_parent', 'example_external_task_marker_child' retrieved from /Users/noejalabert/airflow_venv/lib/python3.11/site-packages/airflow/example_dags/example_external_task_marker_dag.py
[2024-04-30T16:12:57.026+0200] {logging_mixin.py:188} INFO - [2024-04-30T16:12:57.026+0200] {dag.py:3096} INFO - Sync 2 DAGs
[2024-04-30T16:12:57.030+0200] {logging_mixin.py:188} INFO - [2024-04-30T16:12:57.030+0200] {dag.py:3954} INFO - Setting next_dagrun for example_external_task_marker_child to None, run_after=None
[2024-04-30T16:12:57.032+0200] {logging_mixin.py:188} INFO - [2024-04-30T16:12:57.032+0200] {dag.py:3954} INFO - Setting next_dagrun for example_external_task_marker_parent to None, run_after=None
[2024-04-30T16:12:57.039+0200] {processor.py:183} INFO - Processing /Users/noejalabert/airflow_venv/lib/python3.11/site-packages/airflow/example_dags/example_external_task_marker_dag.py took 0.070 seconds
[2024-04-30T16:14:22.682+0200] {processor.py:161} INFO - Started process (PID=32294) to work on /Users/noejalabert/airflow_venv/lib/python3.11/site-packages/airflow/example_dags/example_external_task_marker_dag.py
[2024-04-30T16:14:22.684+0200] {processor.py:830} INFO - Processing file /Users/noejalabert/airflow_venv/lib/python3.11/site-packages/airflow/example_dags/example_external_task_marker_dag.py for tasks to queue
[2024-04-30T16:14:22.684+0200] {logging_mixin.py:188} INFO - [2024-04-30T16:14:22.684+0200] {dagbag.py:540} INFO - Filling up the DagBag from /Users/noejalabert/airflow_venv/lib/python3.11/site-packages/airflow/example_dags/example_external_task_marker_dag.py
[2024-04-30T16:14:22.690+0200] {processor.py:840} INFO - DAG(s) 'example_external_task_marker_parent', 'example_external_task_marker_child' retrieved from /Users/noejalabert/airflow_venv/lib/python3.11/site-packages/airflow/example_dags/example_external_task_marker_dag.py
[2024-04-30T16:14:22.740+0200] {logging_mixin.py:188} INFO - [2024-04-30T16:14:22.740+0200] {dag.py:3096} INFO - Sync 2 DAGs
[2024-04-30T16:14:22.744+0200] {logging_mixin.py:188} INFO - [2024-04-30T16:14:22.744+0200] {dag.py:3954} INFO - Setting next_dagrun for example_external_task_marker_child to None, run_after=None
[2024-04-30T16:14:22.746+0200] {logging_mixin.py:188} INFO - [2024-04-30T16:14:22.746+0200] {dag.py:3954} INFO - Setting next_dagrun for example_external_task_marker_parent to None, run_after=None
[2024-04-30T16:14:22.753+0200] {processor.py:183} INFO - Processing /Users/noejalabert/airflow_venv/lib/python3.11/site-packages/airflow/example_dags/example_external_task_marker_dag.py took 0.072 seconds
[2024-04-30T16:15:49.782+0200] {processor.py:161} INFO - Started process (PID=32355) to work on /Users/noejalabert/airflow_venv/lib/python3.11/site-packages/airflow/example_dags/example_external_task_marker_dag.py
[2024-04-30T16:15:49.783+0200] {processor.py:830} INFO - Processing file /Users/noejalabert/airflow_venv/lib/python3.11/site-packages/airflow/example_dags/example_external_task_marker_dag.py for tasks to queue
[2024-04-30T16:15:49.783+0200] {logging_mixin.py:188} INFO - [2024-04-30T16:15:49.783+0200] {dagbag.py:540} INFO - Filling up the DagBag from /Users/noejalabert/airflow_venv/lib/python3.11/site-packages/airflow/example_dags/example_external_task_marker_dag.py
[2024-04-30T16:15:49.789+0200] {processor.py:840} INFO - DAG(s) 'example_external_task_marker_parent', 'example_external_task_marker_child' retrieved from /Users/noejalabert/airflow_venv/lib/python3.11/site-packages/airflow/example_dags/example_external_task_marker_dag.py
[2024-04-30T16:15:49.838+0200] {logging_mixin.py:188} INFO - [2024-04-30T16:15:49.838+0200] {dag.py:3096} INFO - Sync 2 DAGs
[2024-04-30T16:15:49.843+0200] {logging_mixin.py:188} INFO - [2024-04-30T16:15:49.843+0200] {dag.py:3954} INFO - Setting next_dagrun for example_external_task_marker_child to None, run_after=None
[2024-04-30T16:15:49.844+0200] {logging_mixin.py:188} INFO - [2024-04-30T16:15:49.844+0200] {dag.py:3954} INFO - Setting next_dagrun for example_external_task_marker_parent to None, run_after=None
[2024-04-30T16:15:49.851+0200] {processor.py:183} INFO - Processing /Users/noejalabert/airflow_venv/lib/python3.11/site-packages/airflow/example_dags/example_external_task_marker_dag.py took 0.070 seconds
[2024-04-30T16:17:11.751+0200] {processor.py:161} INFO - Started process (PID=32424) to work on /Users/noejalabert/airflow_venv/lib/python3.11/site-packages/airflow/example_dags/example_external_task_marker_dag.py
[2024-04-30T16:17:11.751+0200] {processor.py:830} INFO - Processing file /Users/noejalabert/airflow_venv/lib/python3.11/site-packages/airflow/example_dags/example_external_task_marker_dag.py for tasks to queue
[2024-04-30T16:17:11.751+0200] {logging_mixin.py:188} INFO - [2024-04-30T16:17:11.751+0200] {dagbag.py:540} INFO - Filling up the DagBag from /Users/noejalabert/airflow_venv/lib/python3.11/site-packages/airflow/example_dags/example_external_task_marker_dag.py
[2024-04-30T16:17:11.757+0200] {processor.py:840} INFO - DAG(s) 'example_external_task_marker_parent', 'example_external_task_marker_child' retrieved from /Users/noejalabert/airflow_venv/lib/python3.11/site-packages/airflow/example_dags/example_external_task_marker_dag.py
[2024-04-30T16:17:11.806+0200] {logging_mixin.py:188} INFO - [2024-04-30T16:17:11.806+0200] {dag.py:3096} INFO - Sync 2 DAGs
[2024-04-30T16:17:11.811+0200] {logging_mixin.py:188} INFO - [2024-04-30T16:17:11.810+0200] {dag.py:3954} INFO - Setting next_dagrun for example_external_task_marker_child to None, run_after=None
[2024-04-30T16:17:11.812+0200] {logging_mixin.py:188} INFO - [2024-04-30T16:17:11.812+0200] {dag.py:3954} INFO - Setting next_dagrun for example_external_task_marker_parent to None, run_after=None
[2024-04-30T16:17:11.819+0200] {processor.py:183} INFO - Processing /Users/noejalabert/airflow_venv/lib/python3.11/site-packages/airflow/example_dags/example_external_task_marker_dag.py took 0.069 seconds
[2024-04-30T16:18:34.191+0200] {processor.py:161} INFO - Started process (PID=32491) to work on /Users/noejalabert/airflow_venv/lib/python3.11/site-packages/airflow/example_dags/example_external_task_marker_dag.py
[2024-04-30T16:18:34.191+0200] {processor.py:830} INFO - Processing file /Users/noejalabert/airflow_venv/lib/python3.11/site-packages/airflow/example_dags/example_external_task_marker_dag.py for tasks to queue
[2024-04-30T16:18:34.192+0200] {logging_mixin.py:188} INFO - [2024-04-30T16:18:34.192+0200] {dagbag.py:540} INFO - Filling up the DagBag from /Users/noejalabert/airflow_venv/lib/python3.11/site-packages/airflow/example_dags/example_external_task_marker_dag.py
[2024-04-30T16:18:34.197+0200] {processor.py:840} INFO - DAG(s) 'example_external_task_marker_child', 'example_external_task_marker_parent' retrieved from /Users/noejalabert/airflow_venv/lib/python3.11/site-packages/airflow/example_dags/example_external_task_marker_dag.py
[2024-04-30T16:18:34.246+0200] {logging_mixin.py:188} INFO - [2024-04-30T16:18:34.246+0200] {dag.py:3096} INFO - Sync 2 DAGs
[2024-04-30T16:18:34.251+0200] {logging_mixin.py:188} INFO - [2024-04-30T16:18:34.251+0200] {dag.py:3954} INFO - Setting next_dagrun for example_external_task_marker_child to None, run_after=None
[2024-04-30T16:18:34.252+0200] {logging_mixin.py:188} INFO - [2024-04-30T16:18:34.252+0200] {dag.py:3954} INFO - Setting next_dagrun for example_external_task_marker_parent to None, run_after=None
[2024-04-30T16:18:34.259+0200] {processor.py:183} INFO - Processing /Users/noejalabert/airflow_venv/lib/python3.11/site-packages/airflow/example_dags/example_external_task_marker_dag.py took 0.070 seconds
[2024-04-30T16:19:55.826+0200] {processor.py:161} INFO - Started process (PID=32548) to work on /Users/noejalabert/airflow_venv/lib/python3.11/site-packages/airflow/example_dags/example_external_task_marker_dag.py
[2024-04-30T16:19:55.827+0200] {processor.py:830} INFO - Processing file /Users/noejalabert/airflow_venv/lib/python3.11/site-packages/airflow/example_dags/example_external_task_marker_dag.py for tasks to queue
[2024-04-30T16:19:55.827+0200] {logging_mixin.py:188} INFO - [2024-04-30T16:19:55.827+0200] {dagbag.py:540} INFO - Filling up the DagBag from /Users/noejalabert/airflow_venv/lib/python3.11/site-packages/airflow/example_dags/example_external_task_marker_dag.py
[2024-04-30T16:19:55.832+0200] {processor.py:840} INFO - DAG(s) 'example_external_task_marker_parent', 'example_external_task_marker_child' retrieved from /Users/noejalabert/airflow_venv/lib/python3.11/site-packages/airflow/example_dags/example_external_task_marker_dag.py
[2024-04-30T16:19:55.883+0200] {logging_mixin.py:188} INFO - [2024-04-30T16:19:55.883+0200] {dag.py:3096} INFO - Sync 2 DAGs
[2024-04-30T16:19:55.887+0200] {logging_mixin.py:188} INFO - [2024-04-30T16:19:55.887+0200] {dag.py:3954} INFO - Setting next_dagrun for example_external_task_marker_child to None, run_after=None
[2024-04-30T16:19:55.888+0200] {logging_mixin.py:188} INFO - [2024-04-30T16:19:55.888+0200] {dag.py:3954} INFO - Setting next_dagrun for example_external_task_marker_parent to None, run_after=None
[2024-04-30T16:19:55.896+0200] {processor.py:183} INFO - Processing /Users/noejalabert/airflow_venv/lib/python3.11/site-packages/airflow/example_dags/example_external_task_marker_dag.py took 0.071 seconds
[2024-04-30T16:21:16.397+0200] {processor.py:161} INFO - Started process (PID=32606) to work on /Users/noejalabert/airflow_venv/lib/python3.11/site-packages/airflow/example_dags/example_external_task_marker_dag.py
[2024-04-30T16:21:16.397+0200] {processor.py:830} INFO - Processing file /Users/noejalabert/airflow_venv/lib/python3.11/site-packages/airflow/example_dags/example_external_task_marker_dag.py for tasks to queue
[2024-04-30T16:21:16.397+0200] {logging_mixin.py:188} INFO - [2024-04-30T16:21:16.397+0200] {dagbag.py:540} INFO - Filling up the DagBag from /Users/noejalabert/airflow_venv/lib/python3.11/site-packages/airflow/example_dags/example_external_task_marker_dag.py
[2024-04-30T16:21:16.403+0200] {processor.py:840} INFO - DAG(s) 'example_external_task_marker_parent', 'example_external_task_marker_child' retrieved from /Users/noejalabert/airflow_venv/lib/python3.11/site-packages/airflow/example_dags/example_external_task_marker_dag.py
[2024-04-30T16:21:16.453+0200] {logging_mixin.py:188} INFO - [2024-04-30T16:21:16.453+0200] {dag.py:3096} INFO - Sync 2 DAGs
[2024-04-30T16:21:16.457+0200] {logging_mixin.py:188} INFO - [2024-04-30T16:21:16.457+0200] {dag.py:3954} INFO - Setting next_dagrun for example_external_task_marker_child to None, run_after=None
[2024-04-30T16:21:16.458+0200] {logging_mixin.py:188} INFO - [2024-04-30T16:21:16.458+0200] {dag.py:3954} INFO - Setting next_dagrun for example_external_task_marker_parent to None, run_after=None
[2024-04-30T16:21:16.465+0200] {processor.py:183} INFO - Processing /Users/noejalabert/airflow_venv/lib/python3.11/site-packages/airflow/example_dags/example_external_task_marker_dag.py took 0.070 seconds
[2024-04-30T16:23:02.511+0200] {processor.py:161} INFO - Started process (PID=32710) to work on /Users/noejalabert/airflow_venv/lib/python3.11/site-packages/airflow/example_dags/example_external_task_marker_dag.py
[2024-04-30T16:23:02.512+0200] {processor.py:830} INFO - Processing file /Users/noejalabert/airflow_venv/lib/python3.11/site-packages/airflow/example_dags/example_external_task_marker_dag.py for tasks to queue
[2024-04-30T16:23:02.512+0200] {logging_mixin.py:188} INFO - [2024-04-30T16:23:02.512+0200] {dagbag.py:540} INFO - Filling up the DagBag from /Users/noejalabert/airflow_venv/lib/python3.11/site-packages/airflow/example_dags/example_external_task_marker_dag.py
[2024-04-30T16:23:02.517+0200] {processor.py:840} INFO - DAG(s) 'example_external_task_marker_parent', 'example_external_task_marker_child' retrieved from /Users/noejalabert/airflow_venv/lib/python3.11/site-packages/airflow/example_dags/example_external_task_marker_dag.py
[2024-04-30T16:23:02.567+0200] {logging_mixin.py:188} INFO - [2024-04-30T16:23:02.567+0200] {dag.py:3096} INFO - Sync 2 DAGs
[2024-04-30T16:23:02.572+0200] {logging_mixin.py:188} INFO - [2024-04-30T16:23:02.572+0200] {dag.py:3954} INFO - Setting next_dagrun for example_external_task_marker_child to None, run_after=None
[2024-04-30T16:23:02.573+0200] {logging_mixin.py:188} INFO - [2024-04-30T16:23:02.573+0200] {dag.py:3954} INFO - Setting next_dagrun for example_external_task_marker_parent to None, run_after=None
[2024-04-30T16:23:02.580+0200] {processor.py:183} INFO - Processing /Users/noejalabert/airflow_venv/lib/python3.11/site-packages/airflow/example_dags/example_external_task_marker_dag.py took 0.070 seconds
[2024-04-30T16:24:28.097+0200] {processor.py:161} INFO - Started process (PID=32791) to work on /Users/noejalabert/airflow_venv/lib/python3.11/site-packages/airflow/example_dags/example_external_task_marker_dag.py
[2024-04-30T16:24:28.097+0200] {processor.py:830} INFO - Processing file /Users/noejalabert/airflow_venv/lib/python3.11/site-packages/airflow/example_dags/example_external_task_marker_dag.py for tasks to queue
[2024-04-30T16:24:28.097+0200] {logging_mixin.py:188} INFO - [2024-04-30T16:24:28.097+0200] {dagbag.py:540} INFO - Filling up the DagBag from /Users/noejalabert/airflow_venv/lib/python3.11/site-packages/airflow/example_dags/example_external_task_marker_dag.py
[2024-04-30T16:24:28.103+0200] {processor.py:840} INFO - DAG(s) 'example_external_task_marker_child', 'example_external_task_marker_parent' retrieved from /Users/noejalabert/airflow_venv/lib/python3.11/site-packages/airflow/example_dags/example_external_task_marker_dag.py
[2024-04-30T16:24:28.153+0200] {logging_mixin.py:188} INFO - [2024-04-30T16:24:28.153+0200] {dag.py:3096} INFO - Sync 2 DAGs
[2024-04-30T16:24:28.157+0200] {logging_mixin.py:188} INFO - [2024-04-30T16:24:28.157+0200] {dag.py:3954} INFO - Setting next_dagrun for example_external_task_marker_child to None, run_after=None
[2024-04-30T16:24:28.159+0200] {logging_mixin.py:188} INFO - [2024-04-30T16:24:28.159+0200] {dag.py:3954} INFO - Setting next_dagrun for example_external_task_marker_parent to None, run_after=None
[2024-04-30T16:24:28.166+0200] {processor.py:183} INFO - Processing /Users/noejalabert/airflow_venv/lib/python3.11/site-packages/airflow/example_dags/example_external_task_marker_dag.py took 0.070 seconds
[2024-04-30T16:25:50.122+0200] {processor.py:161} INFO - Started process (PID=32853) to work on /Users/noejalabert/airflow_venv/lib/python3.11/site-packages/airflow/example_dags/example_external_task_marker_dag.py
[2024-04-30T16:25:50.122+0200] {processor.py:830} INFO - Processing file /Users/noejalabert/airflow_venv/lib/python3.11/site-packages/airflow/example_dags/example_external_task_marker_dag.py for tasks to queue
[2024-04-30T16:25:50.123+0200] {logging_mixin.py:188} INFO - [2024-04-30T16:25:50.122+0200] {dagbag.py:540} INFO - Filling up the DagBag from /Users/noejalabert/airflow_venv/lib/python3.11/site-packages/airflow/example_dags/example_external_task_marker_dag.py
[2024-04-30T16:25:50.128+0200] {processor.py:840} INFO - DAG(s) 'example_external_task_marker_child', 'example_external_task_marker_parent' retrieved from /Users/noejalabert/airflow_venv/lib/python3.11/site-packages/airflow/example_dags/example_external_task_marker_dag.py
[2024-04-30T16:25:50.178+0200] {logging_mixin.py:188} INFO - [2024-04-30T16:25:50.178+0200] {dag.py:3096} INFO - Sync 2 DAGs
[2024-04-30T16:25:50.182+0200] {logging_mixin.py:188} INFO - [2024-04-30T16:25:50.182+0200] {dag.py:3954} INFO - Setting next_dagrun for example_external_task_marker_child to None, run_after=None
[2024-04-30T16:25:50.184+0200] {logging_mixin.py:188} INFO - [2024-04-30T16:25:50.184+0200] {dag.py:3954} INFO - Setting next_dagrun for example_external_task_marker_parent to None, run_after=None
[2024-04-30T16:25:50.191+0200] {processor.py:183} INFO - Processing /Users/noejalabert/airflow_venv/lib/python3.11/site-packages/airflow/example_dags/example_external_task_marker_dag.py took 0.070 seconds
[2024-04-30T16:27:15.102+0200] {processor.py:161} INFO - Started process (PID=32922) to work on /Users/noejalabert/airflow_venv/lib/python3.11/site-packages/airflow/example_dags/example_external_task_marker_dag.py
[2024-04-30T16:27:15.104+0200] {processor.py:830} INFO - Processing file /Users/noejalabert/airflow_venv/lib/python3.11/site-packages/airflow/example_dags/example_external_task_marker_dag.py for tasks to queue
[2024-04-30T16:27:15.104+0200] {logging_mixin.py:188} INFO - [2024-04-30T16:27:15.104+0200] {dagbag.py:540} INFO - Filling up the DagBag from /Users/noejalabert/airflow_venv/lib/python3.11/site-packages/airflow/example_dags/example_external_task_marker_dag.py
[2024-04-30T16:27:15.110+0200] {processor.py:840} INFO - DAG(s) 'example_external_task_marker_parent', 'example_external_task_marker_child' retrieved from /Users/noejalabert/airflow_venv/lib/python3.11/site-packages/airflow/example_dags/example_external_task_marker_dag.py
[2024-04-30T16:27:15.159+0200] {logging_mixin.py:188} INFO - [2024-04-30T16:27:15.159+0200] {dag.py:3096} INFO - Sync 2 DAGs
[2024-04-30T16:27:15.164+0200] {logging_mixin.py:188} INFO - [2024-04-30T16:27:15.164+0200] {dag.py:3954} INFO - Setting next_dagrun for example_external_task_marker_child to None, run_after=None
[2024-04-30T16:27:15.165+0200] {logging_mixin.py:188} INFO - [2024-04-30T16:27:15.165+0200] {dag.py:3954} INFO - Setting next_dagrun for example_external_task_marker_parent to None, run_after=None
[2024-04-30T16:27:15.174+0200] {processor.py:183} INFO - Processing /Users/noejalabert/airflow_venv/lib/python3.11/site-packages/airflow/example_dags/example_external_task_marker_dag.py took 0.073 seconds
[2024-04-30T16:28:41.039+0200] {processor.py:161} INFO - Started process (PID=32991) to work on /Users/noejalabert/airflow_venv/lib/python3.11/site-packages/airflow/example_dags/example_external_task_marker_dag.py
[2024-04-30T16:28:41.040+0200] {processor.py:830} INFO - Processing file /Users/noejalabert/airflow_venv/lib/python3.11/site-packages/airflow/example_dags/example_external_task_marker_dag.py for tasks to queue
[2024-04-30T16:28:41.040+0200] {logging_mixin.py:188} INFO - [2024-04-30T16:28:41.040+0200] {dagbag.py:540} INFO - Filling up the DagBag from /Users/noejalabert/airflow_venv/lib/python3.11/site-packages/airflow/example_dags/example_external_task_marker_dag.py
[2024-04-30T16:28:41.045+0200] {processor.py:840} INFO - DAG(s) 'example_external_task_marker_child', 'example_external_task_marker_parent' retrieved from /Users/noejalabert/airflow_venv/lib/python3.11/site-packages/airflow/example_dags/example_external_task_marker_dag.py
[2024-04-30T16:28:41.095+0200] {logging_mixin.py:188} INFO - [2024-04-30T16:28:41.095+0200] {dag.py:3096} INFO - Sync 2 DAGs
[2024-04-30T16:28:41.100+0200] {logging_mixin.py:188} INFO - [2024-04-30T16:28:41.100+0200] {dag.py:3954} INFO - Setting next_dagrun for example_external_task_marker_child to None, run_after=None
[2024-04-30T16:28:41.101+0200] {logging_mixin.py:188} INFO - [2024-04-30T16:28:41.101+0200] {dag.py:3954} INFO - Setting next_dagrun for example_external_task_marker_parent to None, run_after=None
[2024-04-30T16:28:41.108+0200] {processor.py:183} INFO - Processing /Users/noejalabert/airflow_venv/lib/python3.11/site-packages/airflow/example_dags/example_external_task_marker_dag.py took 0.070 seconds
[2024-04-30T16:30:07.613+0200] {processor.py:161} INFO - Started process (PID=33045) to work on /Users/noejalabert/airflow_venv/lib/python3.11/site-packages/airflow/example_dags/example_external_task_marker_dag.py
[2024-04-30T16:30:07.614+0200] {processor.py:830} INFO - Processing file /Users/noejalabert/airflow_venv/lib/python3.11/site-packages/airflow/example_dags/example_external_task_marker_dag.py for tasks to queue
[2024-04-30T16:30:07.614+0200] {logging_mixin.py:188} INFO - [2024-04-30T16:30:07.614+0200] {dagbag.py:540} INFO - Filling up the DagBag from /Users/noejalabert/airflow_venv/lib/python3.11/site-packages/airflow/example_dags/example_external_task_marker_dag.py
[2024-04-30T16:30:07.619+0200] {processor.py:840} INFO - DAG(s) 'example_external_task_marker_parent', 'example_external_task_marker_child' retrieved from /Users/noejalabert/airflow_venv/lib/python3.11/site-packages/airflow/example_dags/example_external_task_marker_dag.py
[2024-04-30T16:30:07.669+0200] {logging_mixin.py:188} INFO - [2024-04-30T16:30:07.669+0200] {dag.py:3096} INFO - Sync 2 DAGs
[2024-04-30T16:30:07.673+0200] {logging_mixin.py:188} INFO - [2024-04-30T16:30:07.673+0200] {dag.py:3954} INFO - Setting next_dagrun for example_external_task_marker_child to None, run_after=None
[2024-04-30T16:30:07.674+0200] {logging_mixin.py:188} INFO - [2024-04-30T16:30:07.674+0200] {dag.py:3954} INFO - Setting next_dagrun for example_external_task_marker_parent to None, run_after=None
[2024-04-30T16:30:07.682+0200] {processor.py:183} INFO - Processing /Users/noejalabert/airflow_venv/lib/python3.11/site-packages/airflow/example_dags/example_external_task_marker_dag.py took 0.070 seconds
