[2024-04-30T14:49:31.905+0200] {processor.py:161} INFO - Started process (PID=28451) to work on /Users/noejalabert/airflow_venv/lib/python3.11/site-packages/airflow/example_dags/example_python_operator.py
[2024-04-30T14:49:31.905+0200] {processor.py:830} INFO - Processing file /Users/noejalabert/airflow_venv/lib/python3.11/site-packages/airflow/example_dags/example_python_operator.py for tasks to queue
[2024-04-30T14:49:31.905+0200] {logging_mixin.py:188} INFO - [2024-04-30T14:49:31.905+0200] {dagbag.py:540} INFO - Filling up the DagBag from /Users/noejalabert/airflow_venv/lib/python3.11/site-packages/airflow/example_dags/example_python_operator.py
[2024-04-30T14:49:31.916+0200] {logging_mixin.py:188} INFO - [2024-04-30T14:49:31.916+0200] {example_python_operator.py:93} WARNING - The virtalenv_python example task requires virtualenv, please install it.
[2024-04-30T14:49:31.917+0200] {processor.py:840} INFO - DAG(s) 'example_python_operator' retrieved from /Users/noejalabert/airflow_venv/lib/python3.11/site-packages/airflow/example_dags/example_python_operator.py
[2024-04-30T14:49:31.998+0200] {logging_mixin.py:188} INFO - [2024-04-30T14:49:31.998+0200] {override.py:1829} INFO - Created Permission View: can edit on DAG:example_python_operator
[2024-04-30T14:49:32.002+0200] {logging_mixin.py:188} INFO - [2024-04-30T14:49:32.002+0200] {override.py:1829} INFO - Created Permission View: can delete on DAG:example_python_operator
[2024-04-30T14:49:32.004+0200] {logging_mixin.py:188} INFO - [2024-04-30T14:49:32.004+0200] {override.py:1829} INFO - Created Permission View: can read on DAG:example_python_operator
[2024-04-30T14:49:32.004+0200] {logging_mixin.py:188} INFO - [2024-04-30T14:49:32.004+0200] {dag.py:3096} INFO - Sync 1 DAGs
[2024-04-30T14:49:32.033+0200] {logging_mixin.py:188} INFO - [2024-04-30T14:49:32.033+0200] {dag.py:3118} INFO - Creating ORM DAG for example_python_operator
[2024-04-30T14:49:32.033+0200] {logging_mixin.py:188} INFO - [2024-04-30T14:49:32.033+0200] {dag.py:3954} INFO - Setting next_dagrun for example_python_operator to None, run_after=None
[2024-04-30T14:49:32.041+0200] {processor.py:183} INFO - Processing /Users/noejalabert/airflow_venv/lib/python3.11/site-packages/airflow/example_dags/example_python_operator.py took 0.137 seconds
[2024-04-30T14:50:57.640+0200] {processor.py:161} INFO - Started process (PID=28505) to work on /Users/noejalabert/airflow_venv/lib/python3.11/site-packages/airflow/example_dags/example_python_operator.py
[2024-04-30T14:50:57.641+0200] {processor.py:830} INFO - Processing file /Users/noejalabert/airflow_venv/lib/python3.11/site-packages/airflow/example_dags/example_python_operator.py for tasks to queue
[2024-04-30T14:50:57.641+0200] {logging_mixin.py:188} INFO - [2024-04-30T14:50:57.641+0200] {dagbag.py:540} INFO - Filling up the DagBag from /Users/noejalabert/airflow_venv/lib/python3.11/site-packages/airflow/example_dags/example_python_operator.py
[2024-04-30T14:50:57.652+0200] {logging_mixin.py:188} INFO - [2024-04-30T14:50:57.651+0200] {example_python_operator.py:93} WARNING - The virtalenv_python example task requires virtualenv, please install it.
[2024-04-30T14:50:57.653+0200] {processor.py:840} INFO - DAG(s) 'example_python_operator' retrieved from /Users/noejalabert/airflow_venv/lib/python3.11/site-packages/airflow/example_dags/example_python_operator.py
[2024-04-30T14:50:57.699+0200] {logging_mixin.py:188} INFO - [2024-04-30T14:50:57.699+0200] {dag.py:3096} INFO - Sync 1 DAGs
[2024-04-30T14:50:57.703+0200] {logging_mixin.py:188} INFO - [2024-04-30T14:50:57.703+0200] {dag.py:3954} INFO - Setting next_dagrun for example_python_operator to None, run_after=None
[2024-04-30T14:50:57.711+0200] {processor.py:183} INFO - Processing /Users/noejalabert/airflow_venv/lib/python3.11/site-packages/airflow/example_dags/example_python_operator.py took 0.073 seconds
[2024-04-30T14:52:48.656+0200] {processor.py:161} INFO - Started process (PID=28588) to work on /Users/noejalabert/airflow_venv/lib/python3.11/site-packages/airflow/example_dags/example_python_operator.py
[2024-04-30T14:52:48.657+0200] {processor.py:830} INFO - Processing file /Users/noejalabert/airflow_venv/lib/python3.11/site-packages/airflow/example_dags/example_python_operator.py for tasks to queue
[2024-04-30T14:52:48.658+0200] {logging_mixin.py:188} INFO - [2024-04-30T14:52:48.658+0200] {dagbag.py:540} INFO - Filling up the DagBag from /Users/noejalabert/airflow_venv/lib/python3.11/site-packages/airflow/example_dags/example_python_operator.py
[2024-04-30T14:52:48.668+0200] {logging_mixin.py:188} INFO - [2024-04-30T14:52:48.668+0200] {example_python_operator.py:93} WARNING - The virtalenv_python example task requires virtualenv, please install it.
[2024-04-30T14:52:48.670+0200] {processor.py:840} INFO - DAG(s) 'example_python_operator' retrieved from /Users/noejalabert/airflow_venv/lib/python3.11/site-packages/airflow/example_dags/example_python_operator.py
[2024-04-30T14:52:48.715+0200] {logging_mixin.py:188} INFO - [2024-04-30T14:52:48.715+0200] {dag.py:3096} INFO - Sync 1 DAGs
[2024-04-30T14:52:48.719+0200] {logging_mixin.py:188} INFO - [2024-04-30T14:52:48.719+0200] {dag.py:3954} INFO - Setting next_dagrun for example_python_operator to None, run_after=None
[2024-04-30T14:52:48.727+0200] {processor.py:183} INFO - Processing /Users/noejalabert/airflow_venv/lib/python3.11/site-packages/airflow/example_dags/example_python_operator.py took 0.072 seconds
[2024-04-30T14:54:38.188+0200] {processor.py:161} INFO - Started process (PID=28656) to work on /Users/noejalabert/airflow_venv/lib/python3.11/site-packages/airflow/example_dags/example_python_operator.py
[2024-04-30T14:54:38.189+0200] {processor.py:830} INFO - Processing file /Users/noejalabert/airflow_venv/lib/python3.11/site-packages/airflow/example_dags/example_python_operator.py for tasks to queue
[2024-04-30T14:54:38.189+0200] {logging_mixin.py:188} INFO - [2024-04-30T14:54:38.189+0200] {dagbag.py:540} INFO - Filling up the DagBag from /Users/noejalabert/airflow_venv/lib/python3.11/site-packages/airflow/example_dags/example_python_operator.py
[2024-04-30T14:54:38.200+0200] {logging_mixin.py:188} INFO - [2024-04-30T14:54:38.200+0200] {example_python_operator.py:93} WARNING - The virtalenv_python example task requires virtualenv, please install it.
[2024-04-30T14:54:38.201+0200] {processor.py:840} INFO - DAG(s) 'example_python_operator' retrieved from /Users/noejalabert/airflow_venv/lib/python3.11/site-packages/airflow/example_dags/example_python_operator.py
[2024-04-30T14:54:38.247+0200] {logging_mixin.py:188} INFO - [2024-04-30T14:54:38.247+0200] {dag.py:3096} INFO - Sync 1 DAGs
[2024-04-30T14:54:38.251+0200] {logging_mixin.py:188} INFO - [2024-04-30T14:54:38.251+0200] {dag.py:3954} INFO - Setting next_dagrun for example_python_operator to None, run_after=None
[2024-04-30T14:54:38.258+0200] {processor.py:183} INFO - Processing /Users/noejalabert/airflow_venv/lib/python3.11/site-packages/airflow/example_dags/example_python_operator.py took 0.072 seconds
[2024-04-30T14:56:34.221+0200] {processor.py:161} INFO - Started process (PID=28741) to work on /Users/noejalabert/airflow_venv/lib/python3.11/site-packages/airflow/example_dags/example_python_operator.py
[2024-04-30T14:56:34.222+0200] {processor.py:830} INFO - Processing file /Users/noejalabert/airflow_venv/lib/python3.11/site-packages/airflow/example_dags/example_python_operator.py for tasks to queue
[2024-04-30T14:56:34.222+0200] {logging_mixin.py:188} INFO - [2024-04-30T14:56:34.222+0200] {dagbag.py:540} INFO - Filling up the DagBag from /Users/noejalabert/airflow_venv/lib/python3.11/site-packages/airflow/example_dags/example_python_operator.py
[2024-04-30T14:56:34.233+0200] {logging_mixin.py:188} INFO - [2024-04-30T14:56:34.233+0200] {example_python_operator.py:93} WARNING - The virtalenv_python example task requires virtualenv, please install it.
[2024-04-30T14:56:34.234+0200] {processor.py:840} INFO - DAG(s) 'example_python_operator' retrieved from /Users/noejalabert/airflow_venv/lib/python3.11/site-packages/airflow/example_dags/example_python_operator.py
[2024-04-30T14:56:34.281+0200] {logging_mixin.py:188} INFO - [2024-04-30T14:56:34.281+0200] {dag.py:3096} INFO - Sync 1 DAGs
[2024-04-30T14:56:34.285+0200] {logging_mixin.py:188} INFO - [2024-04-30T14:56:34.285+0200] {dag.py:3954} INFO - Setting next_dagrun for example_python_operator to None, run_after=None
[2024-04-30T14:56:34.293+0200] {processor.py:183} INFO - Processing /Users/noejalabert/airflow_venv/lib/python3.11/site-packages/airflow/example_dags/example_python_operator.py took 0.073 seconds
[2024-04-30T14:58:35.013+0200] {processor.py:161} INFO - Started process (PID=28843) to work on /Users/noejalabert/airflow_venv/lib/python3.11/site-packages/airflow/example_dags/example_python_operator.py
[2024-04-30T14:58:35.014+0200] {processor.py:830} INFO - Processing file /Users/noejalabert/airflow_venv/lib/python3.11/site-packages/airflow/example_dags/example_python_operator.py for tasks to queue
[2024-04-30T14:58:35.014+0200] {logging_mixin.py:188} INFO - [2024-04-30T14:58:35.014+0200] {dagbag.py:540} INFO - Filling up the DagBag from /Users/noejalabert/airflow_venv/lib/python3.11/site-packages/airflow/example_dags/example_python_operator.py
[2024-04-30T14:58:35.024+0200] {logging_mixin.py:188} INFO - [2024-04-30T14:58:35.024+0200] {example_python_operator.py:93} WARNING - The virtalenv_python example task requires virtualenv, please install it.
[2024-04-30T14:58:35.026+0200] {processor.py:840} INFO - DAG(s) 'example_python_operator' retrieved from /Users/noejalabert/airflow_venv/lib/python3.11/site-packages/airflow/example_dags/example_python_operator.py
[2024-04-30T14:58:35.072+0200] {logging_mixin.py:188} INFO - [2024-04-30T14:58:35.072+0200] {dag.py:3096} INFO - Sync 1 DAGs
[2024-04-30T14:58:35.076+0200] {logging_mixin.py:188} INFO - [2024-04-30T14:58:35.076+0200] {dag.py:3954} INFO - Setting next_dagrun for example_python_operator to None, run_after=None
[2024-04-30T14:58:35.083+0200] {processor.py:183} INFO - Processing /Users/noejalabert/airflow_venv/lib/python3.11/site-packages/airflow/example_dags/example_python_operator.py took 0.071 seconds
[2024-04-30T15:00:34.630+0200] {processor.py:161} INFO - Started process (PID=28922) to work on /Users/noejalabert/airflow_venv/lib/python3.11/site-packages/airflow/example_dags/example_python_operator.py
[2024-04-30T15:00:34.631+0200] {processor.py:830} INFO - Processing file /Users/noejalabert/airflow_venv/lib/python3.11/site-packages/airflow/example_dags/example_python_operator.py for tasks to queue
[2024-04-30T15:00:34.631+0200] {logging_mixin.py:188} INFO - [2024-04-30T15:00:34.631+0200] {dagbag.py:540} INFO - Filling up the DagBag from /Users/noejalabert/airflow_venv/lib/python3.11/site-packages/airflow/example_dags/example_python_operator.py
[2024-04-30T15:00:34.642+0200] {logging_mixin.py:188} INFO - [2024-04-30T15:00:34.642+0200] {example_python_operator.py:93} WARNING - The virtalenv_python example task requires virtualenv, please install it.
[2024-04-30T15:00:34.644+0200] {processor.py:840} INFO - DAG(s) 'example_python_operator' retrieved from /Users/noejalabert/airflow_venv/lib/python3.11/site-packages/airflow/example_dags/example_python_operator.py
[2024-04-30T15:00:34.691+0200] {logging_mixin.py:188} INFO - [2024-04-30T15:00:34.691+0200] {dag.py:3096} INFO - Sync 1 DAGs
[2024-04-30T15:00:34.696+0200] {logging_mixin.py:188} INFO - [2024-04-30T15:00:34.696+0200] {dag.py:3954} INFO - Setting next_dagrun for example_python_operator to None, run_after=None
[2024-04-30T15:00:34.703+0200] {processor.py:183} INFO - Processing /Users/noejalabert/airflow_venv/lib/python3.11/site-packages/airflow/example_dags/example_python_operator.py took 0.075 seconds
[2024-04-30T15:02:58.189+0200] {processor.py:161} INFO - Started process (PID=29054) to work on /Users/noejalabert/airflow_venv/lib/python3.11/site-packages/airflow/example_dags/example_python_operator.py
[2024-04-30T15:02:58.191+0200] {processor.py:830} INFO - Processing file /Users/noejalabert/airflow_venv/lib/python3.11/site-packages/airflow/example_dags/example_python_operator.py for tasks to queue
[2024-04-30T15:02:58.191+0200] {logging_mixin.py:188} INFO - [2024-04-30T15:02:58.191+0200] {dagbag.py:540} INFO - Filling up the DagBag from /Users/noejalabert/airflow_venv/lib/python3.11/site-packages/airflow/example_dags/example_python_operator.py
[2024-04-30T15:02:58.201+0200] {logging_mixin.py:188} INFO - [2024-04-30T15:02:58.201+0200] {example_python_operator.py:93} WARNING - The virtalenv_python example task requires virtualenv, please install it.
[2024-04-30T15:02:58.203+0200] {processor.py:840} INFO - DAG(s) 'example_python_operator' retrieved from /Users/noejalabert/airflow_venv/lib/python3.11/site-packages/airflow/example_dags/example_python_operator.py
[2024-04-30T15:02:58.248+0200] {logging_mixin.py:188} INFO - [2024-04-30T15:02:58.248+0200] {dag.py:3096} INFO - Sync 1 DAGs
[2024-04-30T15:02:58.252+0200] {logging_mixin.py:188} INFO - [2024-04-30T15:02:58.252+0200] {dag.py:3954} INFO - Setting next_dagrun for example_python_operator to None, run_after=None
[2024-04-30T15:02:58.261+0200] {processor.py:183} INFO - Processing /Users/noejalabert/airflow_venv/lib/python3.11/site-packages/airflow/example_dags/example_python_operator.py took 0.073 seconds
[2024-04-30T15:04:55.633+0200] {processor.py:161} INFO - Started process (PID=29126) to work on /Users/noejalabert/airflow_venv/lib/python3.11/site-packages/airflow/example_dags/example_python_operator.py
[2024-04-30T15:04:55.634+0200] {processor.py:830} INFO - Processing file /Users/noejalabert/airflow_venv/lib/python3.11/site-packages/airflow/example_dags/example_python_operator.py for tasks to queue
[2024-04-30T15:04:55.634+0200] {logging_mixin.py:188} INFO - [2024-04-30T15:04:55.634+0200] {dagbag.py:540} INFO - Filling up the DagBag from /Users/noejalabert/airflow_venv/lib/python3.11/site-packages/airflow/example_dags/example_python_operator.py
[2024-04-30T15:04:55.644+0200] {logging_mixin.py:188} INFO - [2024-04-30T15:04:55.644+0200] {example_python_operator.py:93} WARNING - The virtalenv_python example task requires virtualenv, please install it.
[2024-04-30T15:04:55.646+0200] {processor.py:840} INFO - DAG(s) 'example_python_operator' retrieved from /Users/noejalabert/airflow_venv/lib/python3.11/site-packages/airflow/example_dags/example_python_operator.py
[2024-04-30T15:04:55.692+0200] {logging_mixin.py:188} INFO - [2024-04-30T15:04:55.692+0200] {dag.py:3096} INFO - Sync 1 DAGs
[2024-04-30T15:04:55.696+0200] {logging_mixin.py:188} INFO - [2024-04-30T15:04:55.696+0200] {dag.py:3954} INFO - Setting next_dagrun for example_python_operator to None, run_after=None
[2024-04-30T15:04:55.703+0200] {processor.py:183} INFO - Processing /Users/noejalabert/airflow_venv/lib/python3.11/site-packages/airflow/example_dags/example_python_operator.py took 0.072 seconds
[2024-04-30T15:07:36.899+0200] {processor.py:161} INFO - Started process (PID=29240) to work on /Users/noejalabert/airflow_venv/lib/python3.11/site-packages/airflow/example_dags/example_python_operator.py
[2024-04-30T15:07:36.900+0200] {processor.py:830} INFO - Processing file /Users/noejalabert/airflow_venv/lib/python3.11/site-packages/airflow/example_dags/example_python_operator.py for tasks to queue
[2024-04-30T15:07:36.900+0200] {logging_mixin.py:188} INFO - [2024-04-30T15:07:36.900+0200] {dagbag.py:540} INFO - Filling up the DagBag from /Users/noejalabert/airflow_venv/lib/python3.11/site-packages/airflow/example_dags/example_python_operator.py
[2024-04-30T15:07:36.911+0200] {logging_mixin.py:188} INFO - [2024-04-30T15:07:36.911+0200] {example_python_operator.py:93} WARNING - The virtalenv_python example task requires virtualenv, please install it.
[2024-04-30T15:07:36.912+0200] {processor.py:840} INFO - DAG(s) 'example_python_operator' retrieved from /Users/noejalabert/airflow_venv/lib/python3.11/site-packages/airflow/example_dags/example_python_operator.py
[2024-04-30T15:07:36.958+0200] {logging_mixin.py:188} INFO - [2024-04-30T15:07:36.958+0200] {dag.py:3096} INFO - Sync 1 DAGs
[2024-04-30T15:07:36.962+0200] {logging_mixin.py:188} INFO - [2024-04-30T15:07:36.962+0200] {dag.py:3954} INFO - Setting next_dagrun for example_python_operator to None, run_after=None
[2024-04-30T15:07:36.970+0200] {processor.py:183} INFO - Processing /Users/noejalabert/airflow_venv/lib/python3.11/site-packages/airflow/example_dags/example_python_operator.py took 0.073 seconds
[2024-04-30T15:09:28.287+0200] {processor.py:161} INFO - Started process (PID=29311) to work on /Users/noejalabert/airflow_venv/lib/python3.11/site-packages/airflow/example_dags/example_python_operator.py
[2024-04-30T15:09:28.288+0200] {processor.py:830} INFO - Processing file /Users/noejalabert/airflow_venv/lib/python3.11/site-packages/airflow/example_dags/example_python_operator.py for tasks to queue
[2024-04-30T15:09:28.288+0200] {logging_mixin.py:188} INFO - [2024-04-30T15:09:28.288+0200] {dagbag.py:540} INFO - Filling up the DagBag from /Users/noejalabert/airflow_venv/lib/python3.11/site-packages/airflow/example_dags/example_python_operator.py
[2024-04-30T15:09:28.299+0200] {logging_mixin.py:188} INFO - [2024-04-30T15:09:28.299+0200] {example_python_operator.py:93} WARNING - The virtalenv_python example task requires virtualenv, please install it.
[2024-04-30T15:09:28.301+0200] {processor.py:840} INFO - DAG(s) 'example_python_operator' retrieved from /Users/noejalabert/airflow_venv/lib/python3.11/site-packages/airflow/example_dags/example_python_operator.py
[2024-04-30T15:09:28.358+0200] {logging_mixin.py:188} INFO - [2024-04-30T15:09:28.358+0200] {dag.py:3096} INFO - Sync 1 DAGs
[2024-04-30T15:09:28.362+0200] {logging_mixin.py:188} INFO - [2024-04-30T15:09:28.362+0200] {dag.py:3954} INFO - Setting next_dagrun for example_python_operator to None, run_after=None
[2024-04-30T15:09:28.370+0200] {processor.py:183} INFO - Processing /Users/noejalabert/airflow_venv/lib/python3.11/site-packages/airflow/example_dags/example_python_operator.py took 0.084 seconds
[2024-04-30T15:11:20.463+0200] {processor.py:161} INFO - Started process (PID=29382) to work on /Users/noejalabert/airflow_venv/lib/python3.11/site-packages/airflow/example_dags/example_python_operator.py
[2024-04-30T15:11:20.463+0200] {processor.py:830} INFO - Processing file /Users/noejalabert/airflow_venv/lib/python3.11/site-packages/airflow/example_dags/example_python_operator.py for tasks to queue
[2024-04-30T15:11:20.464+0200] {logging_mixin.py:188} INFO - [2024-04-30T15:11:20.464+0200] {dagbag.py:540} INFO - Filling up the DagBag from /Users/noejalabert/airflow_venv/lib/python3.11/site-packages/airflow/example_dags/example_python_operator.py
[2024-04-30T15:11:20.474+0200] {logging_mixin.py:188} INFO - [2024-04-30T15:11:20.474+0200] {example_python_operator.py:93} WARNING - The virtalenv_python example task requires virtualenv, please install it.
[2024-04-30T15:11:20.476+0200] {processor.py:840} INFO - DAG(s) 'example_python_operator' retrieved from /Users/noejalabert/airflow_venv/lib/python3.11/site-packages/airflow/example_dags/example_python_operator.py
[2024-04-30T15:11:20.521+0200] {logging_mixin.py:188} INFO - [2024-04-30T15:11:20.521+0200] {dag.py:3096} INFO - Sync 1 DAGs
[2024-04-30T15:11:20.525+0200] {logging_mixin.py:188} INFO - [2024-04-30T15:11:20.525+0200] {dag.py:3954} INFO - Setting next_dagrun for example_python_operator to None, run_after=None
[2024-04-30T15:11:20.533+0200] {processor.py:183} INFO - Processing /Users/noejalabert/airflow_venv/lib/python3.11/site-packages/airflow/example_dags/example_python_operator.py took 0.071 seconds
[2024-04-30T15:13:12.999+0200] {processor.py:161} INFO - Started process (PID=29460) to work on /Users/noejalabert/airflow_venv/lib/python3.11/site-packages/airflow/example_dags/example_python_operator.py
[2024-04-30T15:13:13.000+0200] {processor.py:830} INFO - Processing file /Users/noejalabert/airflow_venv/lib/python3.11/site-packages/airflow/example_dags/example_python_operator.py for tasks to queue
[2024-04-30T15:13:13.000+0200] {logging_mixin.py:188} INFO - [2024-04-30T15:13:13.000+0200] {dagbag.py:540} INFO - Filling up the DagBag from /Users/noejalabert/airflow_venv/lib/python3.11/site-packages/airflow/example_dags/example_python_operator.py
[2024-04-30T15:13:13.011+0200] {logging_mixin.py:188} INFO - [2024-04-30T15:13:13.010+0200] {example_python_operator.py:93} WARNING - The virtalenv_python example task requires virtualenv, please install it.
[2024-04-30T15:13:13.012+0200] {processor.py:840} INFO - DAG(s) 'example_python_operator' retrieved from /Users/noejalabert/airflow_venv/lib/python3.11/site-packages/airflow/example_dags/example_python_operator.py
[2024-04-30T15:13:13.058+0200] {logging_mixin.py:188} INFO - [2024-04-30T15:13:13.058+0200] {dag.py:3096} INFO - Sync 1 DAGs
[2024-04-30T15:13:13.062+0200] {logging_mixin.py:188} INFO - [2024-04-30T15:13:13.062+0200] {dag.py:3954} INFO - Setting next_dagrun for example_python_operator to None, run_after=None
[2024-04-30T15:13:13.069+0200] {processor.py:183} INFO - Processing /Users/noejalabert/airflow_venv/lib/python3.11/site-packages/airflow/example_dags/example_python_operator.py took 0.071 seconds
[2024-04-30T15:15:01.809+0200] {processor.py:161} INFO - Started process (PID=29531) to work on /Users/noejalabert/airflow_venv/lib/python3.11/site-packages/airflow/example_dags/example_python_operator.py
[2024-04-30T15:15:01.810+0200] {processor.py:830} INFO - Processing file /Users/noejalabert/airflow_venv/lib/python3.11/site-packages/airflow/example_dags/example_python_operator.py for tasks to queue
[2024-04-30T15:15:01.810+0200] {logging_mixin.py:188} INFO - [2024-04-30T15:15:01.810+0200] {dagbag.py:540} INFO - Filling up the DagBag from /Users/noejalabert/airflow_venv/lib/python3.11/site-packages/airflow/example_dags/example_python_operator.py
[2024-04-30T15:15:01.820+0200] {logging_mixin.py:188} INFO - [2024-04-30T15:15:01.820+0200] {example_python_operator.py:93} WARNING - The virtalenv_python example task requires virtualenv, please install it.
[2024-04-30T15:15:01.822+0200] {processor.py:840} INFO - DAG(s) 'example_python_operator' retrieved from /Users/noejalabert/airflow_venv/lib/python3.11/site-packages/airflow/example_dags/example_python_operator.py
[2024-04-30T15:15:01.868+0200] {logging_mixin.py:188} INFO - [2024-04-30T15:15:01.868+0200] {dag.py:3096} INFO - Sync 1 DAGs
[2024-04-30T15:15:01.872+0200] {logging_mixin.py:188} INFO - [2024-04-30T15:15:01.872+0200] {dag.py:3954} INFO - Setting next_dagrun for example_python_operator to None, run_after=None
[2024-04-30T15:15:01.879+0200] {processor.py:183} INFO - Processing /Users/noejalabert/airflow_venv/lib/python3.11/site-packages/airflow/example_dags/example_python_operator.py took 0.071 seconds
[2024-04-30T15:16:56.950+0200] {processor.py:161} INFO - Started process (PID=29623) to work on /Users/noejalabert/airflow_venv/lib/python3.11/site-packages/airflow/example_dags/example_python_operator.py
[2024-04-30T15:16:56.951+0200] {processor.py:830} INFO - Processing file /Users/noejalabert/airflow_venv/lib/python3.11/site-packages/airflow/example_dags/example_python_operator.py for tasks to queue
[2024-04-30T15:16:56.952+0200] {logging_mixin.py:188} INFO - [2024-04-30T15:16:56.951+0200] {dagbag.py:540} INFO - Filling up the DagBag from /Users/noejalabert/airflow_venv/lib/python3.11/site-packages/airflow/example_dags/example_python_operator.py
[2024-04-30T15:16:56.963+0200] {logging_mixin.py:188} INFO - [2024-04-30T15:16:56.963+0200] {example_python_operator.py:93} WARNING - The virtalenv_python example task requires virtualenv, please install it.
[2024-04-30T15:16:56.964+0200] {processor.py:840} INFO - DAG(s) 'example_python_operator' retrieved from /Users/noejalabert/airflow_venv/lib/python3.11/site-packages/airflow/example_dags/example_python_operator.py
[2024-04-30T15:16:57.011+0200] {logging_mixin.py:188} INFO - [2024-04-30T15:16:57.011+0200] {dag.py:3096} INFO - Sync 1 DAGs
[2024-04-30T15:16:57.015+0200] {logging_mixin.py:188} INFO - [2024-04-30T15:16:57.015+0200] {dag.py:3954} INFO - Setting next_dagrun for example_python_operator to None, run_after=None
[2024-04-30T15:16:57.023+0200] {processor.py:183} INFO - Processing /Users/noejalabert/airflow_venv/lib/python3.11/site-packages/airflow/example_dags/example_python_operator.py took 0.073 seconds
[2024-04-30T15:19:07.446+0200] {processor.py:161} INFO - Started process (PID=30055) to work on /Users/noejalabert/airflow_venv/lib/python3.11/site-packages/airflow/example_dags/example_python_operator.py
[2024-04-30T15:19:07.448+0200] {processor.py:830} INFO - Processing file /Users/noejalabert/airflow_venv/lib/python3.11/site-packages/airflow/example_dags/example_python_operator.py for tasks to queue
[2024-04-30T15:19:07.449+0200] {logging_mixin.py:188} INFO - [2024-04-30T15:19:07.449+0200] {dagbag.py:540} INFO - Filling up the DagBag from /Users/noejalabert/airflow_venv/lib/python3.11/site-packages/airflow/example_dags/example_python_operator.py
[2024-04-30T15:19:07.467+0200] {logging_mixin.py:188} INFO - [2024-04-30T15:19:07.466+0200] {example_python_operator.py:93} WARNING - The virtalenv_python example task requires virtualenv, please install it.
[2024-04-30T15:19:07.469+0200] {processor.py:840} INFO - DAG(s) 'example_python_operator' retrieved from /Users/noejalabert/airflow_venv/lib/python3.11/site-packages/airflow/example_dags/example_python_operator.py
[2024-04-30T15:19:07.539+0200] {logging_mixin.py:188} INFO - [2024-04-30T15:19:07.538+0200] {dag.py:3096} INFO - Sync 1 DAGs
[2024-04-30T15:19:07.543+0200] {logging_mixin.py:188} INFO - [2024-04-30T15:19:07.543+0200] {dag.py:3954} INFO - Setting next_dagrun for example_python_operator to None, run_after=None
[2024-04-30T15:19:07.551+0200] {processor.py:183} INFO - Processing /Users/noejalabert/airflow_venv/lib/python3.11/site-packages/airflow/example_dags/example_python_operator.py took 0.108 seconds
[2024-04-30T15:21:09.662+0200] {processor.py:161} INFO - Started process (PID=30242) to work on /Users/noejalabert/airflow_venv/lib/python3.11/site-packages/airflow/example_dags/example_python_operator.py
[2024-04-30T15:21:09.663+0200] {processor.py:830} INFO - Processing file /Users/noejalabert/airflow_venv/lib/python3.11/site-packages/airflow/example_dags/example_python_operator.py for tasks to queue
[2024-04-30T15:21:09.664+0200] {logging_mixin.py:188} INFO - [2024-04-30T15:21:09.664+0200] {dagbag.py:540} INFO - Filling up the DagBag from /Users/noejalabert/airflow_venv/lib/python3.11/site-packages/airflow/example_dags/example_python_operator.py
[2024-04-30T15:21:09.674+0200] {logging_mixin.py:188} INFO - [2024-04-30T15:21:09.674+0200] {example_python_operator.py:93} WARNING - The virtalenv_python example task requires virtualenv, please install it.
[2024-04-30T15:21:09.676+0200] {processor.py:840} INFO - DAG(s) 'example_python_operator' retrieved from /Users/noejalabert/airflow_venv/lib/python3.11/site-packages/airflow/example_dags/example_python_operator.py
[2024-04-30T15:21:09.722+0200] {logging_mixin.py:188} INFO - [2024-04-30T15:21:09.722+0200] {dag.py:3096} INFO - Sync 1 DAGs
[2024-04-30T15:21:09.726+0200] {logging_mixin.py:188} INFO - [2024-04-30T15:21:09.726+0200] {dag.py:3954} INFO - Setting next_dagrun for example_python_operator to None, run_after=None
[2024-04-30T15:21:09.734+0200] {processor.py:183} INFO - Processing /Users/noejalabert/airflow_venv/lib/python3.11/site-packages/airflow/example_dags/example_python_operator.py took 0.073 seconds
[2024-04-30T15:23:05.674+0200] {processor.py:161} INFO - Started process (PID=30340) to work on /Users/noejalabert/airflow_venv/lib/python3.11/site-packages/airflow/example_dags/example_python_operator.py
[2024-04-30T15:23:05.675+0200] {processor.py:830} INFO - Processing file /Users/noejalabert/airflow_venv/lib/python3.11/site-packages/airflow/example_dags/example_python_operator.py for tasks to queue
[2024-04-30T15:23:05.675+0200] {logging_mixin.py:188} INFO - [2024-04-30T15:23:05.675+0200] {dagbag.py:540} INFO - Filling up the DagBag from /Users/noejalabert/airflow_venv/lib/python3.11/site-packages/airflow/example_dags/example_python_operator.py
[2024-04-30T15:23:05.686+0200] {logging_mixin.py:188} INFO - [2024-04-30T15:23:05.686+0200] {example_python_operator.py:93} WARNING - The virtalenv_python example task requires virtualenv, please install it.
[2024-04-30T15:23:05.687+0200] {processor.py:840} INFO - DAG(s) 'example_python_operator' retrieved from /Users/noejalabert/airflow_venv/lib/python3.11/site-packages/airflow/example_dags/example_python_operator.py
[2024-04-30T15:23:05.733+0200] {logging_mixin.py:188} INFO - [2024-04-30T15:23:05.733+0200] {dag.py:3096} INFO - Sync 1 DAGs
[2024-04-30T15:23:05.737+0200] {logging_mixin.py:188} INFO - [2024-04-30T15:23:05.737+0200] {dag.py:3954} INFO - Setting next_dagrun for example_python_operator to None, run_after=None
[2024-04-30T15:23:05.745+0200] {processor.py:183} INFO - Processing /Users/noejalabert/airflow_venv/lib/python3.11/site-packages/airflow/example_dags/example_python_operator.py took 0.072 seconds
[2024-04-30T15:25:05.190+0200] {processor.py:161} INFO - Started process (PID=30439) to work on /Users/noejalabert/airflow_venv/lib/python3.11/site-packages/airflow/example_dags/example_python_operator.py
[2024-04-30T15:25:05.191+0200] {processor.py:830} INFO - Processing file /Users/noejalabert/airflow_venv/lib/python3.11/site-packages/airflow/example_dags/example_python_operator.py for tasks to queue
[2024-04-30T15:25:05.192+0200] {logging_mixin.py:188} INFO - [2024-04-30T15:25:05.192+0200] {dagbag.py:540} INFO - Filling up the DagBag from /Users/noejalabert/airflow_venv/lib/python3.11/site-packages/airflow/example_dags/example_python_operator.py
[2024-04-30T15:25:05.204+0200] {logging_mixin.py:188} INFO - [2024-04-30T15:25:05.204+0200] {example_python_operator.py:93} WARNING - The virtalenv_python example task requires virtualenv, please install it.
[2024-04-30T15:25:05.205+0200] {processor.py:840} INFO - DAG(s) 'example_python_operator' retrieved from /Users/noejalabert/airflow_venv/lib/python3.11/site-packages/airflow/example_dags/example_python_operator.py
[2024-04-30T15:25:05.258+0200] {logging_mixin.py:188} INFO - [2024-04-30T15:25:05.257+0200] {dag.py:3096} INFO - Sync 1 DAGs
[2024-04-30T15:25:05.262+0200] {logging_mixin.py:188} INFO - [2024-04-30T15:25:05.262+0200] {dag.py:3954} INFO - Setting next_dagrun for example_python_operator to None, run_after=None
[2024-04-30T15:25:05.270+0200] {processor.py:183} INFO - Processing /Users/noejalabert/airflow_venv/lib/python3.11/site-packages/airflow/example_dags/example_python_operator.py took 0.081 seconds
[2024-04-30T15:28:55.960+0200] {processor.py:161} INFO - Started process (PID=30550) to work on /Users/noejalabert/airflow_venv/lib/python3.11/site-packages/airflow/example_dags/example_python_operator.py
[2024-04-30T15:28:55.960+0200] {processor.py:830} INFO - Processing file /Users/noejalabert/airflow_venv/lib/python3.11/site-packages/airflow/example_dags/example_python_operator.py for tasks to queue
[2024-04-30T15:28:55.960+0200] {logging_mixin.py:188} INFO - [2024-04-30T15:28:55.960+0200] {dagbag.py:540} INFO - Filling up the DagBag from /Users/noejalabert/airflow_venv/lib/python3.11/site-packages/airflow/example_dags/example_python_operator.py
[2024-04-30T15:28:55.971+0200] {logging_mixin.py:188} INFO - [2024-04-30T15:28:55.971+0200] {example_python_operator.py:93} WARNING - The virtalenv_python example task requires virtualenv, please install it.
[2024-04-30T15:28:55.973+0200] {processor.py:840} INFO - DAG(s) 'example_python_operator' retrieved from /Users/noejalabert/airflow_venv/lib/python3.11/site-packages/airflow/example_dags/example_python_operator.py
[2024-04-30T15:28:56.020+0200] {logging_mixin.py:188} INFO - [2024-04-30T15:28:56.019+0200] {dag.py:3096} INFO - Sync 1 DAGs
[2024-04-30T15:28:56.025+0200] {logging_mixin.py:188} INFO - [2024-04-30T15:28:56.025+0200] {dag.py:3954} INFO - Setting next_dagrun for example_python_operator to None, run_after=None
[2024-04-30T15:28:56.035+0200] {processor.py:183} INFO - Processing /Users/noejalabert/airflow_venv/lib/python3.11/site-packages/airflow/example_dags/example_python_operator.py took 0.077 seconds
[2024-04-30T15:36:10.726+0200] {processor.py:161} INFO - Started process (PID=30653) to work on /Users/noejalabert/airflow_venv/lib/python3.11/site-packages/airflow/example_dags/example_python_operator.py
[2024-04-30T15:36:10.726+0200] {processor.py:830} INFO - Processing file /Users/noejalabert/airflow_venv/lib/python3.11/site-packages/airflow/example_dags/example_python_operator.py for tasks to queue
[2024-04-30T15:36:10.726+0200] {logging_mixin.py:188} INFO - [2024-04-30T15:36:10.726+0200] {dagbag.py:540} INFO - Filling up the DagBag from /Users/noejalabert/airflow_venv/lib/python3.11/site-packages/airflow/example_dags/example_python_operator.py
[2024-04-30T15:36:10.737+0200] {logging_mixin.py:188} INFO - [2024-04-30T15:36:10.737+0200] {example_python_operator.py:93} WARNING - The virtalenv_python example task requires virtualenv, please install it.
[2024-04-30T15:36:10.738+0200] {processor.py:840} INFO - DAG(s) 'example_python_operator' retrieved from /Users/noejalabert/airflow_venv/lib/python3.11/site-packages/airflow/example_dags/example_python_operator.py
[2024-04-30T15:36:10.783+0200] {logging_mixin.py:188} INFO - [2024-04-30T15:36:10.783+0200] {dag.py:3096} INFO - Sync 1 DAGs
[2024-04-30T15:36:10.787+0200] {logging_mixin.py:188} INFO - [2024-04-30T15:36:10.787+0200] {dag.py:3954} INFO - Setting next_dagrun for example_python_operator to None, run_after=None
[2024-04-30T15:36:10.794+0200] {processor.py:183} INFO - Processing /Users/noejalabert/airflow_venv/lib/python3.11/site-packages/airflow/example_dags/example_python_operator.py took 0.070 seconds
[2024-04-30T15:42:39.992+0200] {processor.py:161} INFO - Started process (PID=30751) to work on /Users/noejalabert/airflow_venv/lib/python3.11/site-packages/airflow/example_dags/example_python_operator.py
[2024-04-30T15:42:39.992+0200] {processor.py:830} INFO - Processing file /Users/noejalabert/airflow_venv/lib/python3.11/site-packages/airflow/example_dags/example_python_operator.py for tasks to queue
[2024-04-30T15:42:39.992+0200] {logging_mixin.py:188} INFO - [2024-04-30T15:42:39.992+0200] {dagbag.py:540} INFO - Filling up the DagBag from /Users/noejalabert/airflow_venv/lib/python3.11/site-packages/airflow/example_dags/example_python_operator.py
[2024-04-30T15:42:40.003+0200] {logging_mixin.py:188} INFO - [2024-04-30T15:42:40.003+0200] {example_python_operator.py:93} WARNING - The virtalenv_python example task requires virtualenv, please install it.
[2024-04-30T15:42:40.004+0200] {processor.py:840} INFO - DAG(s) 'example_python_operator' retrieved from /Users/noejalabert/airflow_venv/lib/python3.11/site-packages/airflow/example_dags/example_python_operator.py
[2024-04-30T15:42:40.049+0200] {logging_mixin.py:188} INFO - [2024-04-30T15:42:40.049+0200] {dag.py:3096} INFO - Sync 1 DAGs
[2024-04-30T15:42:40.053+0200] {logging_mixin.py:188} INFO - [2024-04-30T15:42:40.053+0200] {dag.py:3954} INFO - Setting next_dagrun for example_python_operator to None, run_after=None
[2024-04-30T15:42:40.060+0200] {processor.py:183} INFO - Processing /Users/noejalabert/airflow_venv/lib/python3.11/site-packages/airflow/example_dags/example_python_operator.py took 0.070 seconds
[2024-04-30T15:45:00.496+0200] {processor.py:161} INFO - Started process (PID=30833) to work on /Users/noejalabert/airflow_venv/lib/python3.11/site-packages/airflow/example_dags/example_python_operator.py
[2024-04-30T15:45:00.497+0200] {processor.py:830} INFO - Processing file /Users/noejalabert/airflow_venv/lib/python3.11/site-packages/airflow/example_dags/example_python_operator.py for tasks to queue
[2024-04-30T15:45:00.497+0200] {logging_mixin.py:188} INFO - [2024-04-30T15:45:00.497+0200] {dagbag.py:540} INFO - Filling up the DagBag from /Users/noejalabert/airflow_venv/lib/python3.11/site-packages/airflow/example_dags/example_python_operator.py
[2024-04-30T15:45:00.508+0200] {logging_mixin.py:188} INFO - [2024-04-30T15:45:00.508+0200] {example_python_operator.py:93} WARNING - The virtalenv_python example task requires virtualenv, please install it.
[2024-04-30T15:45:00.509+0200] {processor.py:840} INFO - DAG(s) 'example_python_operator' retrieved from /Users/noejalabert/airflow_venv/lib/python3.11/site-packages/airflow/example_dags/example_python_operator.py
[2024-04-30T15:45:00.555+0200] {logging_mixin.py:188} INFO - [2024-04-30T15:45:00.555+0200] {dag.py:3096} INFO - Sync 1 DAGs
[2024-04-30T15:45:00.559+0200] {logging_mixin.py:188} INFO - [2024-04-30T15:45:00.559+0200] {dag.py:3954} INFO - Setting next_dagrun for example_python_operator to None, run_after=None
[2024-04-30T15:45:00.567+0200] {processor.py:183} INFO - Processing /Users/noejalabert/airflow_venv/lib/python3.11/site-packages/airflow/example_dags/example_python_operator.py took 0.072 seconds
[2024-04-30T15:47:00.484+0200] {processor.py:161} INFO - Started process (PID=30907) to work on /Users/noejalabert/airflow_venv/lib/python3.11/site-packages/airflow/example_dags/example_python_operator.py
[2024-04-30T15:47:00.485+0200] {processor.py:830} INFO - Processing file /Users/noejalabert/airflow_venv/lib/python3.11/site-packages/airflow/example_dags/example_python_operator.py for tasks to queue
[2024-04-30T15:47:00.485+0200] {logging_mixin.py:188} INFO - [2024-04-30T15:47:00.485+0200] {dagbag.py:540} INFO - Filling up the DagBag from /Users/noejalabert/airflow_venv/lib/python3.11/site-packages/airflow/example_dags/example_python_operator.py
[2024-04-30T15:47:00.496+0200] {logging_mixin.py:188} INFO - [2024-04-30T15:47:00.495+0200] {example_python_operator.py:93} WARNING - The virtalenv_python example task requires virtualenv, please install it.
[2024-04-30T15:47:00.497+0200] {processor.py:840} INFO - DAG(s) 'example_python_operator' retrieved from /Users/noejalabert/airflow_venv/lib/python3.11/site-packages/airflow/example_dags/example_python_operator.py
[2024-04-30T15:47:00.543+0200] {logging_mixin.py:188} INFO - [2024-04-30T15:47:00.542+0200] {dag.py:3096} INFO - Sync 1 DAGs
[2024-04-30T15:47:00.546+0200] {logging_mixin.py:188} INFO - [2024-04-30T15:47:00.546+0200] {dag.py:3954} INFO - Setting next_dagrun for example_python_operator to None, run_after=None
[2024-04-30T15:47:00.554+0200] {processor.py:183} INFO - Processing /Users/noejalabert/airflow_venv/lib/python3.11/site-packages/airflow/example_dags/example_python_operator.py took 0.071 seconds
[2024-04-30T15:49:01.406+0200] {processor.py:161} INFO - Started process (PID=30994) to work on /Users/noejalabert/airflow_venv/lib/python3.11/site-packages/airflow/example_dags/example_python_operator.py
[2024-04-30T15:49:01.407+0200] {processor.py:830} INFO - Processing file /Users/noejalabert/airflow_venv/lib/python3.11/site-packages/airflow/example_dags/example_python_operator.py for tasks to queue
[2024-04-30T15:49:01.407+0200] {logging_mixin.py:188} INFO - [2024-04-30T15:49:01.407+0200] {dagbag.py:540} INFO - Filling up the DagBag from /Users/noejalabert/airflow_venv/lib/python3.11/site-packages/airflow/example_dags/example_python_operator.py
[2024-04-30T15:49:01.418+0200] {logging_mixin.py:188} INFO - [2024-04-30T15:49:01.418+0200] {example_python_operator.py:93} WARNING - The virtalenv_python example task requires virtualenv, please install it.
[2024-04-30T15:49:01.419+0200] {processor.py:840} INFO - DAG(s) 'example_python_operator' retrieved from /Users/noejalabert/airflow_venv/lib/python3.11/site-packages/airflow/example_dags/example_python_operator.py
[2024-04-30T15:49:01.465+0200] {logging_mixin.py:188} INFO - [2024-04-30T15:49:01.465+0200] {dag.py:3096} INFO - Sync 1 DAGs
[2024-04-30T15:49:01.469+0200] {logging_mixin.py:188} INFO - [2024-04-30T15:49:01.468+0200] {dag.py:3954} INFO - Setting next_dagrun for example_python_operator to None, run_after=None
[2024-04-30T15:49:01.476+0200] {processor.py:183} INFO - Processing /Users/noejalabert/airflow_venv/lib/python3.11/site-packages/airflow/example_dags/example_python_operator.py took 0.071 seconds
[2024-04-30T15:52:36.930+0200] {processor.py:161} INFO - Started process (PID=31119) to work on /Users/noejalabert/airflow_venv/lib/python3.11/site-packages/airflow/example_dags/example_python_operator.py
[2024-04-30T15:52:36.933+0200] {processor.py:830} INFO - Processing file /Users/noejalabert/airflow_venv/lib/python3.11/site-packages/airflow/example_dags/example_python_operator.py for tasks to queue
[2024-04-30T15:52:36.933+0200] {logging_mixin.py:188} INFO - [2024-04-30T15:52:36.933+0200] {dagbag.py:540} INFO - Filling up the DagBag from /Users/noejalabert/airflow_venv/lib/python3.11/site-packages/airflow/example_dags/example_python_operator.py
[2024-04-30T15:52:36.943+0200] {logging_mixin.py:188} INFO - [2024-04-30T15:52:36.943+0200] {example_python_operator.py:93} WARNING - The virtalenv_python example task requires virtualenv, please install it.
[2024-04-30T15:52:36.944+0200] {processor.py:840} INFO - DAG(s) 'example_python_operator' retrieved from /Users/noejalabert/airflow_venv/lib/python3.11/site-packages/airflow/example_dags/example_python_operator.py
[2024-04-30T15:52:37.023+0200] {logging_mixin.py:188} INFO - [2024-04-30T15:52:37.023+0200] {dag.py:3096} INFO - Sync 1 DAGs
[2024-04-30T15:52:37.050+0200] {logging_mixin.py:188} INFO - [2024-04-30T15:52:37.050+0200] {dag.py:3954} INFO - Setting next_dagrun for example_python_operator to None, run_after=None
[2024-04-30T15:52:37.059+0200] {processor.py:183} INFO - Processing /Users/noejalabert/airflow_venv/lib/python3.11/site-packages/airflow/example_dags/example_python_operator.py took 0.130 seconds
[2024-04-30T15:54:07.561+0200] {processor.py:161} INFO - Started process (PID=31188) to work on /Users/noejalabert/airflow_venv/lib/python3.11/site-packages/airflow/example_dags/example_python_operator.py
[2024-04-30T15:54:07.561+0200] {processor.py:830} INFO - Processing file /Users/noejalabert/airflow_venv/lib/python3.11/site-packages/airflow/example_dags/example_python_operator.py for tasks to queue
[2024-04-30T15:54:07.562+0200] {logging_mixin.py:188} INFO - [2024-04-30T15:54:07.562+0200] {dagbag.py:540} INFO - Filling up the DagBag from /Users/noejalabert/airflow_venv/lib/python3.11/site-packages/airflow/example_dags/example_python_operator.py
[2024-04-30T15:54:07.572+0200] {logging_mixin.py:188} INFO - [2024-04-30T15:54:07.572+0200] {example_python_operator.py:93} WARNING - The virtalenv_python example task requires virtualenv, please install it.
[2024-04-30T15:54:07.574+0200] {processor.py:840} INFO - DAG(s) 'example_python_operator' retrieved from /Users/noejalabert/airflow_venv/lib/python3.11/site-packages/airflow/example_dags/example_python_operator.py
[2024-04-30T15:54:07.619+0200] {logging_mixin.py:188} INFO - [2024-04-30T15:54:07.619+0200] {dag.py:3096} INFO - Sync 1 DAGs
[2024-04-30T15:54:07.623+0200] {logging_mixin.py:188} INFO - [2024-04-30T15:54:07.623+0200] {dag.py:3954} INFO - Setting next_dagrun for example_python_operator to None, run_after=None
[2024-04-30T15:54:07.630+0200] {processor.py:183} INFO - Processing /Users/noejalabert/airflow_venv/lib/python3.11/site-packages/airflow/example_dags/example_python_operator.py took 0.071 seconds
[2024-04-30T15:55:31.636+0200] {processor.py:161} INFO - Started process (PID=31245) to work on /Users/noejalabert/airflow_venv/lib/python3.11/site-packages/airflow/example_dags/example_python_operator.py
[2024-04-30T15:55:31.636+0200] {processor.py:830} INFO - Processing file /Users/noejalabert/airflow_venv/lib/python3.11/site-packages/airflow/example_dags/example_python_operator.py for tasks to queue
[2024-04-30T15:55:31.636+0200] {logging_mixin.py:188} INFO - [2024-04-30T15:55:31.636+0200] {dagbag.py:540} INFO - Filling up the DagBag from /Users/noejalabert/airflow_venv/lib/python3.11/site-packages/airflow/example_dags/example_python_operator.py
[2024-04-30T15:55:31.647+0200] {logging_mixin.py:188} INFO - [2024-04-30T15:55:31.647+0200] {example_python_operator.py:93} WARNING - The virtalenv_python example task requires virtualenv, please install it.
[2024-04-30T15:55:31.648+0200] {processor.py:840} INFO - DAG(s) 'example_python_operator' retrieved from /Users/noejalabert/airflow_venv/lib/python3.11/site-packages/airflow/example_dags/example_python_operator.py
[2024-04-30T15:55:31.695+0200] {logging_mixin.py:188} INFO - [2024-04-30T15:55:31.695+0200] {dag.py:3096} INFO - Sync 1 DAGs
[2024-04-30T15:55:31.699+0200] {logging_mixin.py:188} INFO - [2024-04-30T15:55:31.699+0200] {dag.py:3954} INFO - Setting next_dagrun for example_python_operator to None, run_after=None
[2024-04-30T15:55:31.707+0200] {processor.py:183} INFO - Processing /Users/noejalabert/airflow_venv/lib/python3.11/site-packages/airflow/example_dags/example_python_operator.py took 0.072 seconds
[2024-04-30T15:56:56.299+0200] {processor.py:161} INFO - Started process (PID=31308) to work on /Users/noejalabert/airflow_venv/lib/python3.11/site-packages/airflow/example_dags/example_python_operator.py
[2024-04-30T15:56:56.300+0200] {processor.py:830} INFO - Processing file /Users/noejalabert/airflow_venv/lib/python3.11/site-packages/airflow/example_dags/example_python_operator.py for tasks to queue
[2024-04-30T15:56:56.300+0200] {logging_mixin.py:188} INFO - [2024-04-30T15:56:56.300+0200] {dagbag.py:540} INFO - Filling up the DagBag from /Users/noejalabert/airflow_venv/lib/python3.11/site-packages/airflow/example_dags/example_python_operator.py
[2024-04-30T15:56:56.310+0200] {logging_mixin.py:188} INFO - [2024-04-30T15:56:56.310+0200] {example_python_operator.py:93} WARNING - The virtalenv_python example task requires virtualenv, please install it.
[2024-04-30T15:56:56.311+0200] {processor.py:840} INFO - DAG(s) 'example_python_operator' retrieved from /Users/noejalabert/airflow_venv/lib/python3.11/site-packages/airflow/example_dags/example_python_operator.py
[2024-04-30T15:56:56.357+0200] {logging_mixin.py:188} INFO - [2024-04-30T15:56:56.357+0200] {dag.py:3096} INFO - Sync 1 DAGs
[2024-04-30T15:56:56.361+0200] {logging_mixin.py:188} INFO - [2024-04-30T15:56:56.361+0200] {dag.py:3954} INFO - Setting next_dagrun for example_python_operator to None, run_after=None
[2024-04-30T15:56:56.369+0200] {processor.py:183} INFO - Processing /Users/noejalabert/airflow_venv/lib/python3.11/site-packages/airflow/example_dags/example_python_operator.py took 0.071 seconds
[2024-04-30T15:58:23.153+0200] {processor.py:161} INFO - Started process (PID=31464) to work on /Users/noejalabert/airflow_venv/lib/python3.11/site-packages/airflow/example_dags/example_python_operator.py
[2024-04-30T15:58:23.154+0200] {processor.py:830} INFO - Processing file /Users/noejalabert/airflow_venv/lib/python3.11/site-packages/airflow/example_dags/example_python_operator.py for tasks to queue
[2024-04-30T15:58:23.155+0200] {logging_mixin.py:188} INFO - [2024-04-30T15:58:23.155+0200] {dagbag.py:540} INFO - Filling up the DagBag from /Users/noejalabert/airflow_venv/lib/python3.11/site-packages/airflow/example_dags/example_python_operator.py
[2024-04-30T15:58:23.171+0200] {logging_mixin.py:188} INFO - [2024-04-30T15:58:23.171+0200] {example_python_operator.py:93} WARNING - The virtalenv_python example task requires virtualenv, please install it.
[2024-04-30T15:58:23.174+0200] {processor.py:840} INFO - DAG(s) 'example_python_operator' retrieved from /Users/noejalabert/airflow_venv/lib/python3.11/site-packages/airflow/example_dags/example_python_operator.py
[2024-04-30T15:58:23.243+0200] {logging_mixin.py:188} INFO - [2024-04-30T15:58:23.242+0200] {dag.py:3096} INFO - Sync 1 DAGs
[2024-04-30T15:58:23.247+0200] {logging_mixin.py:188} INFO - [2024-04-30T15:58:23.247+0200] {dag.py:3954} INFO - Setting next_dagrun for example_python_operator to None, run_after=None
[2024-04-30T15:58:23.256+0200] {processor.py:183} INFO - Processing /Users/noejalabert/airflow_venv/lib/python3.11/site-packages/airflow/example_dags/example_python_operator.py took 0.105 seconds
[2024-04-30T15:59:48.709+0200] {processor.py:161} INFO - Started process (PID=31657) to work on /Users/noejalabert/airflow_venv/lib/python3.11/site-packages/airflow/example_dags/example_python_operator.py
[2024-04-30T15:59:48.710+0200] {processor.py:830} INFO - Processing file /Users/noejalabert/airflow_venv/lib/python3.11/site-packages/airflow/example_dags/example_python_operator.py for tasks to queue
[2024-04-30T15:59:48.710+0200] {logging_mixin.py:188} INFO - [2024-04-30T15:59:48.710+0200] {dagbag.py:540} INFO - Filling up the DagBag from /Users/noejalabert/airflow_venv/lib/python3.11/site-packages/airflow/example_dags/example_python_operator.py
[2024-04-30T15:59:48.721+0200] {logging_mixin.py:188} INFO - [2024-04-30T15:59:48.721+0200] {example_python_operator.py:93} WARNING - The virtalenv_python example task requires virtualenv, please install it.
[2024-04-30T15:59:48.722+0200] {processor.py:840} INFO - DAG(s) 'example_python_operator' retrieved from /Users/noejalabert/airflow_venv/lib/python3.11/site-packages/airflow/example_dags/example_python_operator.py
[2024-04-30T15:59:48.768+0200] {logging_mixin.py:188} INFO - [2024-04-30T15:59:48.768+0200] {dag.py:3096} INFO - Sync 1 DAGs
[2024-04-30T15:59:48.772+0200] {logging_mixin.py:188} INFO - [2024-04-30T15:59:48.772+0200] {dag.py:3954} INFO - Setting next_dagrun for example_python_operator to None, run_after=None
[2024-04-30T15:59:48.780+0200] {processor.py:183} INFO - Processing /Users/noejalabert/airflow_venv/lib/python3.11/site-packages/airflow/example_dags/example_python_operator.py took 0.073 seconds
[2024-04-30T16:01:12.542+0200] {processor.py:161} INFO - Started process (PID=31724) to work on /Users/noejalabert/airflow_venv/lib/python3.11/site-packages/airflow/example_dags/example_python_operator.py
[2024-04-30T16:01:12.544+0200] {processor.py:830} INFO - Processing file /Users/noejalabert/airflow_venv/lib/python3.11/site-packages/airflow/example_dags/example_python_operator.py for tasks to queue
[2024-04-30T16:01:12.544+0200] {logging_mixin.py:188} INFO - [2024-04-30T16:01:12.544+0200] {dagbag.py:540} INFO - Filling up the DagBag from /Users/noejalabert/airflow_venv/lib/python3.11/site-packages/airflow/example_dags/example_python_operator.py
[2024-04-30T16:01:12.555+0200] {logging_mixin.py:188} INFO - [2024-04-30T16:01:12.554+0200] {example_python_operator.py:93} WARNING - The virtalenv_python example task requires virtualenv, please install it.
[2024-04-30T16:01:12.556+0200] {processor.py:840} INFO - DAG(s) 'example_python_operator' retrieved from /Users/noejalabert/airflow_venv/lib/python3.11/site-packages/airflow/example_dags/example_python_operator.py
[2024-04-30T16:01:12.603+0200] {logging_mixin.py:188} INFO - [2024-04-30T16:01:12.603+0200] {dag.py:3096} INFO - Sync 1 DAGs
[2024-04-30T16:01:12.607+0200] {logging_mixin.py:188} INFO - [2024-04-30T16:01:12.607+0200] {dag.py:3954} INFO - Setting next_dagrun for example_python_operator to None, run_after=None
[2024-04-30T16:01:12.615+0200] {processor.py:183} INFO - Processing /Users/noejalabert/airflow_venv/lib/python3.11/site-packages/airflow/example_dags/example_python_operator.py took 0.074 seconds
[2024-04-30T16:02:35.945+0200] {processor.py:161} INFO - Started process (PID=31785) to work on /Users/noejalabert/airflow_venv/lib/python3.11/site-packages/airflow/example_dags/example_python_operator.py
[2024-04-30T16:02:35.947+0200] {processor.py:830} INFO - Processing file /Users/noejalabert/airflow_venv/lib/python3.11/site-packages/airflow/example_dags/example_python_operator.py for tasks to queue
[2024-04-30T16:02:35.947+0200] {logging_mixin.py:188} INFO - [2024-04-30T16:02:35.947+0200] {dagbag.py:540} INFO - Filling up the DagBag from /Users/noejalabert/airflow_venv/lib/python3.11/site-packages/airflow/example_dags/example_python_operator.py
[2024-04-30T16:02:35.962+0200] {logging_mixin.py:188} INFO - [2024-04-30T16:02:35.962+0200] {example_python_operator.py:93} WARNING - The virtalenv_python example task requires virtualenv, please install it.
[2024-04-30T16:02:35.964+0200] {processor.py:840} INFO - DAG(s) 'example_python_operator' retrieved from /Users/noejalabert/airflow_venv/lib/python3.11/site-packages/airflow/example_dags/example_python_operator.py
[2024-04-30T16:02:36.013+0200] {logging_mixin.py:188} INFO - [2024-04-30T16:02:36.013+0200] {dag.py:3096} INFO - Sync 1 DAGs
[2024-04-30T16:02:36.017+0200] {logging_mixin.py:188} INFO - [2024-04-30T16:02:36.017+0200] {dag.py:3954} INFO - Setting next_dagrun for example_python_operator to None, run_after=None
[2024-04-30T16:02:36.026+0200] {processor.py:183} INFO - Processing /Users/noejalabert/airflow_venv/lib/python3.11/site-packages/airflow/example_dags/example_python_operator.py took 0.082 seconds
[2024-04-30T16:04:00.903+0200] {processor.py:161} INFO - Started process (PID=31847) to work on /Users/noejalabert/airflow_venv/lib/python3.11/site-packages/airflow/example_dags/example_python_operator.py
[2024-04-30T16:04:00.904+0200] {processor.py:830} INFO - Processing file /Users/noejalabert/airflow_venv/lib/python3.11/site-packages/airflow/example_dags/example_python_operator.py for tasks to queue
[2024-04-30T16:04:00.904+0200] {logging_mixin.py:188} INFO - [2024-04-30T16:04:00.904+0200] {dagbag.py:540} INFO - Filling up the DagBag from /Users/noejalabert/airflow_venv/lib/python3.11/site-packages/airflow/example_dags/example_python_operator.py
[2024-04-30T16:04:00.914+0200] {logging_mixin.py:188} INFO - [2024-04-30T16:04:00.914+0200] {example_python_operator.py:93} WARNING - The virtalenv_python example task requires virtualenv, please install it.
[2024-04-30T16:04:00.916+0200] {processor.py:840} INFO - DAG(s) 'example_python_operator' retrieved from /Users/noejalabert/airflow_venv/lib/python3.11/site-packages/airflow/example_dags/example_python_operator.py
[2024-04-30T16:04:00.962+0200] {logging_mixin.py:188} INFO - [2024-04-30T16:04:00.962+0200] {dag.py:3096} INFO - Sync 1 DAGs
[2024-04-30T16:04:00.966+0200] {logging_mixin.py:188} INFO - [2024-04-30T16:04:00.966+0200] {dag.py:3954} INFO - Setting next_dagrun for example_python_operator to None, run_after=None
[2024-04-30T16:04:00.974+0200] {processor.py:183} INFO - Processing /Users/noejalabert/airflow_venv/lib/python3.11/site-packages/airflow/example_dags/example_python_operator.py took 0.072 seconds
[2024-04-30T16:05:25.576+0200] {processor.py:161} INFO - Started process (PID=31919) to work on /Users/noejalabert/airflow_venv/lib/python3.11/site-packages/airflow/example_dags/example_python_operator.py
[2024-04-30T16:05:25.578+0200] {processor.py:830} INFO - Processing file /Users/noejalabert/airflow_venv/lib/python3.11/site-packages/airflow/example_dags/example_python_operator.py for tasks to queue
[2024-04-30T16:05:25.578+0200] {logging_mixin.py:188} INFO - [2024-04-30T16:05:25.578+0200] {dagbag.py:540} INFO - Filling up the DagBag from /Users/noejalabert/airflow_venv/lib/python3.11/site-packages/airflow/example_dags/example_python_operator.py
[2024-04-30T16:05:25.588+0200] {logging_mixin.py:188} INFO - [2024-04-30T16:05:25.588+0200] {example_python_operator.py:93} WARNING - The virtalenv_python example task requires virtualenv, please install it.
[2024-04-30T16:05:25.590+0200] {processor.py:840} INFO - DAG(s) 'example_python_operator' retrieved from /Users/noejalabert/airflow_venv/lib/python3.11/site-packages/airflow/example_dags/example_python_operator.py
[2024-04-30T16:05:25.636+0200] {logging_mixin.py:188} INFO - [2024-04-30T16:05:25.635+0200] {dag.py:3096} INFO - Sync 1 DAGs
[2024-04-30T16:05:25.640+0200] {logging_mixin.py:188} INFO - [2024-04-30T16:05:25.640+0200] {dag.py:3954} INFO - Setting next_dagrun for example_python_operator to None, run_after=None
[2024-04-30T16:05:25.647+0200] {processor.py:183} INFO - Processing /Users/noejalabert/airflow_venv/lib/python3.11/site-packages/airflow/example_dags/example_python_operator.py took 0.072 seconds
[2024-04-30T16:08:26.428+0200] {processor.py:161} INFO - Started process (PID=32001) to work on /Users/noejalabert/airflow_venv/lib/python3.11/site-packages/airflow/example_dags/example_python_operator.py
[2024-04-30T16:08:26.428+0200] {processor.py:830} INFO - Processing file /Users/noejalabert/airflow_venv/lib/python3.11/site-packages/airflow/example_dags/example_python_operator.py for tasks to queue
[2024-04-30T16:08:26.429+0200] {logging_mixin.py:188} INFO - [2024-04-30T16:08:26.428+0200] {dagbag.py:540} INFO - Filling up the DagBag from /Users/noejalabert/airflow_venv/lib/python3.11/site-packages/airflow/example_dags/example_python_operator.py
[2024-04-30T16:08:26.439+0200] {logging_mixin.py:188} INFO - [2024-04-30T16:08:26.439+0200] {example_python_operator.py:93} WARNING - The virtalenv_python example task requires virtualenv, please install it.
[2024-04-30T16:08:26.440+0200] {processor.py:840} INFO - DAG(s) 'example_python_operator' retrieved from /Users/noejalabert/airflow_venv/lib/python3.11/site-packages/airflow/example_dags/example_python_operator.py
[2024-04-30T16:08:26.486+0200] {logging_mixin.py:188} INFO - [2024-04-30T16:08:26.486+0200] {dag.py:3096} INFO - Sync 1 DAGs
[2024-04-30T16:08:26.490+0200] {logging_mixin.py:188} INFO - [2024-04-30T16:08:26.490+0200] {dag.py:3954} INFO - Setting next_dagrun for example_python_operator to None, run_after=None
[2024-04-30T16:08:26.498+0200] {processor.py:183} INFO - Processing /Users/noejalabert/airflow_venv/lib/python3.11/site-packages/airflow/example_dags/example_python_operator.py took 0.071 seconds
[2024-04-30T16:09:50.716+0200] {processor.py:161} INFO - Started process (PID=32075) to work on /Users/noejalabert/airflow_venv/lib/python3.11/site-packages/airflow/example_dags/example_python_operator.py
[2024-04-30T16:09:50.717+0200] {processor.py:830} INFO - Processing file /Users/noejalabert/airflow_venv/lib/python3.11/site-packages/airflow/example_dags/example_python_operator.py for tasks to queue
[2024-04-30T16:09:50.717+0200] {logging_mixin.py:188} INFO - [2024-04-30T16:09:50.717+0200] {dagbag.py:540} INFO - Filling up the DagBag from /Users/noejalabert/airflow_venv/lib/python3.11/site-packages/airflow/example_dags/example_python_operator.py
[2024-04-30T16:09:50.729+0200] {logging_mixin.py:188} INFO - [2024-04-30T16:09:50.729+0200] {example_python_operator.py:93} WARNING - The virtalenv_python example task requires virtualenv, please install it.
[2024-04-30T16:09:50.730+0200] {processor.py:840} INFO - DAG(s) 'example_python_operator' retrieved from /Users/noejalabert/airflow_venv/lib/python3.11/site-packages/airflow/example_dags/example_python_operator.py
[2024-04-30T16:09:50.778+0200] {logging_mixin.py:188} INFO - [2024-04-30T16:09:50.778+0200] {dag.py:3096} INFO - Sync 1 DAGs
[2024-04-30T16:09:50.782+0200] {logging_mixin.py:188} INFO - [2024-04-30T16:09:50.782+0200] {dag.py:3954} INFO - Setting next_dagrun for example_python_operator to None, run_after=None
[2024-04-30T16:09:50.790+0200] {processor.py:183} INFO - Processing /Users/noejalabert/airflow_venv/lib/python3.11/site-packages/airflow/example_dags/example_python_operator.py took 0.075 seconds
[2024-04-30T16:11:12.967+0200] {processor.py:161} INFO - Started process (PID=32147) to work on /Users/noejalabert/airflow_venv/lib/python3.11/site-packages/airflow/example_dags/example_python_operator.py
[2024-04-30T16:11:12.967+0200] {processor.py:830} INFO - Processing file /Users/noejalabert/airflow_venv/lib/python3.11/site-packages/airflow/example_dags/example_python_operator.py for tasks to queue
[2024-04-30T16:11:12.968+0200] {logging_mixin.py:188} INFO - [2024-04-30T16:11:12.967+0200] {dagbag.py:540} INFO - Filling up the DagBag from /Users/noejalabert/airflow_venv/lib/python3.11/site-packages/airflow/example_dags/example_python_operator.py
[2024-04-30T16:11:12.978+0200] {logging_mixin.py:188} INFO - [2024-04-30T16:11:12.978+0200] {example_python_operator.py:93} WARNING - The virtalenv_python example task requires virtualenv, please install it.
[2024-04-30T16:11:12.979+0200] {processor.py:840} INFO - DAG(s) 'example_python_operator' retrieved from /Users/noejalabert/airflow_venv/lib/python3.11/site-packages/airflow/example_dags/example_python_operator.py
[2024-04-30T16:11:13.025+0200] {logging_mixin.py:188} INFO - [2024-04-30T16:11:13.025+0200] {dag.py:3096} INFO - Sync 1 DAGs
[2024-04-30T16:11:13.029+0200] {logging_mixin.py:188} INFO - [2024-04-30T16:11:13.029+0200] {dag.py:3954} INFO - Setting next_dagrun for example_python_operator to None, run_after=None
[2024-04-30T16:11:13.036+0200] {processor.py:183} INFO - Processing /Users/noejalabert/airflow_venv/lib/python3.11/site-packages/airflow/example_dags/example_python_operator.py took 0.071 seconds
[2024-04-30T16:12:38.839+0200] {processor.py:161} INFO - Started process (PID=32217) to work on /Users/noejalabert/airflow_venv/lib/python3.11/site-packages/airflow/example_dags/example_python_operator.py
[2024-04-30T16:12:38.840+0200] {processor.py:830} INFO - Processing file /Users/noejalabert/airflow_venv/lib/python3.11/site-packages/airflow/example_dags/example_python_operator.py for tasks to queue
[2024-04-30T16:12:38.840+0200] {logging_mixin.py:188} INFO - [2024-04-30T16:12:38.840+0200] {dagbag.py:540} INFO - Filling up the DagBag from /Users/noejalabert/airflow_venv/lib/python3.11/site-packages/airflow/example_dags/example_python_operator.py
[2024-04-30T16:12:38.851+0200] {logging_mixin.py:188} INFO - [2024-04-30T16:12:38.851+0200] {example_python_operator.py:93} WARNING - The virtalenv_python example task requires virtualenv, please install it.
[2024-04-30T16:12:38.852+0200] {processor.py:840} INFO - DAG(s) 'example_python_operator' retrieved from /Users/noejalabert/airflow_venv/lib/python3.11/site-packages/airflow/example_dags/example_python_operator.py
[2024-04-30T16:12:38.899+0200] {logging_mixin.py:188} INFO - [2024-04-30T16:12:38.899+0200] {dag.py:3096} INFO - Sync 1 DAGs
[2024-04-30T16:12:38.903+0200] {logging_mixin.py:188} INFO - [2024-04-30T16:12:38.903+0200] {dag.py:3954} INFO - Setting next_dagrun for example_python_operator to None, run_after=None
[2024-04-30T16:12:38.911+0200] {processor.py:183} INFO - Processing /Users/noejalabert/airflow_venv/lib/python3.11/site-packages/airflow/example_dags/example_python_operator.py took 0.074 seconds
[2024-04-30T16:14:05.379+0200] {processor.py:161} INFO - Started process (PID=32278) to work on /Users/noejalabert/airflow_venv/lib/python3.11/site-packages/airflow/example_dags/example_python_operator.py
[2024-04-30T16:14:05.379+0200] {processor.py:830} INFO - Processing file /Users/noejalabert/airflow_venv/lib/python3.11/site-packages/airflow/example_dags/example_python_operator.py for tasks to queue
[2024-04-30T16:14:05.379+0200] {logging_mixin.py:188} INFO - [2024-04-30T16:14:05.379+0200] {dagbag.py:540} INFO - Filling up the DagBag from /Users/noejalabert/airflow_venv/lib/python3.11/site-packages/airflow/example_dags/example_python_operator.py
[2024-04-30T16:14:05.390+0200] {logging_mixin.py:188} INFO - [2024-04-30T16:14:05.390+0200] {example_python_operator.py:93} WARNING - The virtalenv_python example task requires virtualenv, please install it.
[2024-04-30T16:14:05.391+0200] {processor.py:840} INFO - DAG(s) 'example_python_operator' retrieved from /Users/noejalabert/airflow_venv/lib/python3.11/site-packages/airflow/example_dags/example_python_operator.py
[2024-04-30T16:14:05.438+0200] {logging_mixin.py:188} INFO - [2024-04-30T16:14:05.437+0200] {dag.py:3096} INFO - Sync 1 DAGs
[2024-04-30T16:14:05.441+0200] {logging_mixin.py:188} INFO - [2024-04-30T16:14:05.441+0200] {dag.py:3954} INFO - Setting next_dagrun for example_python_operator to None, run_after=None
[2024-04-30T16:14:05.449+0200] {processor.py:183} INFO - Processing /Users/noejalabert/airflow_venv/lib/python3.11/site-packages/airflow/example_dags/example_python_operator.py took 0.072 seconds
[2024-04-30T16:15:31.828+0200] {processor.py:161} INFO - Started process (PID=32341) to work on /Users/noejalabert/airflow_venv/lib/python3.11/site-packages/airflow/example_dags/example_python_operator.py
[2024-04-30T16:15:31.828+0200] {processor.py:830} INFO - Processing file /Users/noejalabert/airflow_venv/lib/python3.11/site-packages/airflow/example_dags/example_python_operator.py for tasks to queue
[2024-04-30T16:15:31.829+0200] {logging_mixin.py:188} INFO - [2024-04-30T16:15:31.829+0200] {dagbag.py:540} INFO - Filling up the DagBag from /Users/noejalabert/airflow_venv/lib/python3.11/site-packages/airflow/example_dags/example_python_operator.py
[2024-04-30T16:15:31.841+0200] {logging_mixin.py:188} INFO - [2024-04-30T16:15:31.841+0200] {example_python_operator.py:93} WARNING - The virtalenv_python example task requires virtualenv, please install it.
[2024-04-30T16:15:31.843+0200] {processor.py:840} INFO - DAG(s) 'example_python_operator' retrieved from /Users/noejalabert/airflow_venv/lib/python3.11/site-packages/airflow/example_dags/example_python_operator.py
[2024-04-30T16:15:31.895+0200] {logging_mixin.py:188} INFO - [2024-04-30T16:15:31.895+0200] {dag.py:3096} INFO - Sync 1 DAGs
[2024-04-30T16:15:31.900+0200] {logging_mixin.py:188} INFO - [2024-04-30T16:15:31.899+0200] {dag.py:3954} INFO - Setting next_dagrun for example_python_operator to None, run_after=None
[2024-04-30T16:15:31.908+0200] {processor.py:183} INFO - Processing /Users/noejalabert/airflow_venv/lib/python3.11/site-packages/airflow/example_dags/example_python_operator.py took 0.083 seconds
[2024-04-30T16:16:55.557+0200] {processor.py:161} INFO - Started process (PID=32408) to work on /Users/noejalabert/airflow_venv/lib/python3.11/site-packages/airflow/example_dags/example_python_operator.py
[2024-04-30T16:16:55.558+0200] {processor.py:830} INFO - Processing file /Users/noejalabert/airflow_venv/lib/python3.11/site-packages/airflow/example_dags/example_python_operator.py for tasks to queue
[2024-04-30T16:16:55.558+0200] {logging_mixin.py:188} INFO - [2024-04-30T16:16:55.558+0200] {dagbag.py:540} INFO - Filling up the DagBag from /Users/noejalabert/airflow_venv/lib/python3.11/site-packages/airflow/example_dags/example_python_operator.py
[2024-04-30T16:16:55.569+0200] {logging_mixin.py:188} INFO - [2024-04-30T16:16:55.569+0200] {example_python_operator.py:93} WARNING - The virtalenv_python example task requires virtualenv, please install it.
[2024-04-30T16:16:55.570+0200] {processor.py:840} INFO - DAG(s) 'example_python_operator' retrieved from /Users/noejalabert/airflow_venv/lib/python3.11/site-packages/airflow/example_dags/example_python_operator.py
[2024-04-30T16:16:55.617+0200] {logging_mixin.py:188} INFO - [2024-04-30T16:16:55.616+0200] {dag.py:3096} INFO - Sync 1 DAGs
[2024-04-30T16:16:55.621+0200] {logging_mixin.py:188} INFO - [2024-04-30T16:16:55.621+0200] {dag.py:3954} INFO - Setting next_dagrun for example_python_operator to None, run_after=None
[2024-04-30T16:16:55.629+0200] {processor.py:183} INFO - Processing /Users/noejalabert/airflow_venv/lib/python3.11/site-packages/airflow/example_dags/example_python_operator.py took 0.073 seconds
[2024-04-30T16:18:18.922+0200] {processor.py:161} INFO - Started process (PID=32479) to work on /Users/noejalabert/airflow_venv/lib/python3.11/site-packages/airflow/example_dags/example_python_operator.py
[2024-04-30T16:18:18.923+0200] {processor.py:830} INFO - Processing file /Users/noejalabert/airflow_venv/lib/python3.11/site-packages/airflow/example_dags/example_python_operator.py for tasks to queue
[2024-04-30T16:18:18.923+0200] {logging_mixin.py:188} INFO - [2024-04-30T16:18:18.923+0200] {dagbag.py:540} INFO - Filling up the DagBag from /Users/noejalabert/airflow_venv/lib/python3.11/site-packages/airflow/example_dags/example_python_operator.py
[2024-04-30T16:18:18.934+0200] {logging_mixin.py:188} INFO - [2024-04-30T16:18:18.934+0200] {example_python_operator.py:93} WARNING - The virtalenv_python example task requires virtualenv, please install it.
[2024-04-30T16:18:18.935+0200] {processor.py:840} INFO - DAG(s) 'example_python_operator' retrieved from /Users/noejalabert/airflow_venv/lib/python3.11/site-packages/airflow/example_dags/example_python_operator.py
[2024-04-30T16:18:18.982+0200] {logging_mixin.py:188} INFO - [2024-04-30T16:18:18.981+0200] {dag.py:3096} INFO - Sync 1 DAGs
[2024-04-30T16:18:18.986+0200] {logging_mixin.py:188} INFO - [2024-04-30T16:18:18.985+0200] {dag.py:3954} INFO - Setting next_dagrun for example_python_operator to None, run_after=None
[2024-04-30T16:18:18.993+0200] {processor.py:183} INFO - Processing /Users/noejalabert/airflow_venv/lib/python3.11/site-packages/airflow/example_dags/example_python_operator.py took 0.072 seconds
[2024-04-30T16:19:40.025+0200] {processor.py:161} INFO - Started process (PID=32537) to work on /Users/noejalabert/airflow_venv/lib/python3.11/site-packages/airflow/example_dags/example_python_operator.py
[2024-04-30T16:19:40.026+0200] {processor.py:830} INFO - Processing file /Users/noejalabert/airflow_venv/lib/python3.11/site-packages/airflow/example_dags/example_python_operator.py for tasks to queue
[2024-04-30T16:19:40.026+0200] {logging_mixin.py:188} INFO - [2024-04-30T16:19:40.026+0200] {dagbag.py:540} INFO - Filling up the DagBag from /Users/noejalabert/airflow_venv/lib/python3.11/site-packages/airflow/example_dags/example_python_operator.py
[2024-04-30T16:19:40.036+0200] {logging_mixin.py:188} INFO - [2024-04-30T16:19:40.036+0200] {example_python_operator.py:93} WARNING - The virtalenv_python example task requires virtualenv, please install it.
[2024-04-30T16:19:40.038+0200] {processor.py:840} INFO - DAG(s) 'example_python_operator' retrieved from /Users/noejalabert/airflow_venv/lib/python3.11/site-packages/airflow/example_dags/example_python_operator.py
[2024-04-30T16:19:40.084+0200] {logging_mixin.py:188} INFO - [2024-04-30T16:19:40.084+0200] {dag.py:3096} INFO - Sync 1 DAGs
[2024-04-30T16:19:40.088+0200] {logging_mixin.py:188} INFO - [2024-04-30T16:19:40.088+0200] {dag.py:3954} INFO - Setting next_dagrun for example_python_operator to None, run_after=None
[2024-04-30T16:19:40.095+0200] {processor.py:183} INFO - Processing /Users/noejalabert/airflow_venv/lib/python3.11/site-packages/airflow/example_dags/example_python_operator.py took 0.071 seconds
[2024-04-30T16:21:00.191+0200] {processor.py:161} INFO - Started process (PID=32594) to work on /Users/noejalabert/airflow_venv/lib/python3.11/site-packages/airflow/example_dags/example_python_operator.py
[2024-04-30T16:21:00.192+0200] {processor.py:830} INFO - Processing file /Users/noejalabert/airflow_venv/lib/python3.11/site-packages/airflow/example_dags/example_python_operator.py for tasks to queue
[2024-04-30T16:21:00.192+0200] {logging_mixin.py:188} INFO - [2024-04-30T16:21:00.192+0200] {dagbag.py:540} INFO - Filling up the DagBag from /Users/noejalabert/airflow_venv/lib/python3.11/site-packages/airflow/example_dags/example_python_operator.py
[2024-04-30T16:21:00.202+0200] {logging_mixin.py:188} INFO - [2024-04-30T16:21:00.202+0200] {example_python_operator.py:93} WARNING - The virtalenv_python example task requires virtualenv, please install it.
[2024-04-30T16:21:00.204+0200] {processor.py:840} INFO - DAG(s) 'example_python_operator' retrieved from /Users/noejalabert/airflow_venv/lib/python3.11/site-packages/airflow/example_dags/example_python_operator.py
[2024-04-30T16:21:00.250+0200] {logging_mixin.py:188} INFO - [2024-04-30T16:21:00.250+0200] {dag.py:3096} INFO - Sync 1 DAGs
[2024-04-30T16:21:00.254+0200] {logging_mixin.py:188} INFO - [2024-04-30T16:21:00.254+0200] {dag.py:3954} INFO - Setting next_dagrun for example_python_operator to None, run_after=None
[2024-04-30T16:21:00.261+0200] {processor.py:183} INFO - Processing /Users/noejalabert/airflow_venv/lib/python3.11/site-packages/airflow/example_dags/example_python_operator.py took 0.071 seconds
[2024-04-30T16:22:46.181+0200] {processor.py:161} INFO - Started process (PID=32682) to work on /Users/noejalabert/airflow_venv/lib/python3.11/site-packages/airflow/example_dags/example_python_operator.py
[2024-04-30T16:22:46.182+0200] {processor.py:830} INFO - Processing file /Users/noejalabert/airflow_venv/lib/python3.11/site-packages/airflow/example_dags/example_python_operator.py for tasks to queue
[2024-04-30T16:22:46.182+0200] {logging_mixin.py:188} INFO - [2024-04-30T16:22:46.182+0200] {dagbag.py:540} INFO - Filling up the DagBag from /Users/noejalabert/airflow_venv/lib/python3.11/site-packages/airflow/example_dags/example_python_operator.py
[2024-04-30T16:22:46.193+0200] {logging_mixin.py:188} INFO - [2024-04-30T16:22:46.193+0200] {example_python_operator.py:93} WARNING - The virtalenv_python example task requires virtualenv, please install it.
[2024-04-30T16:22:46.194+0200] {processor.py:840} INFO - DAG(s) 'example_python_operator' retrieved from /Users/noejalabert/airflow_venv/lib/python3.11/site-packages/airflow/example_dags/example_python_operator.py
[2024-04-30T16:22:46.240+0200] {logging_mixin.py:188} INFO - [2024-04-30T16:22:46.240+0200] {dag.py:3096} INFO - Sync 1 DAGs
[2024-04-30T16:22:46.244+0200] {logging_mixin.py:188} INFO - [2024-04-30T16:22:46.244+0200] {dag.py:3954} INFO - Setting next_dagrun for example_python_operator to None, run_after=None
[2024-04-30T16:22:46.252+0200] {processor.py:183} INFO - Processing /Users/noejalabert/airflow_venv/lib/python3.11/site-packages/airflow/example_dags/example_python_operator.py took 0.072 seconds
[2024-04-30T16:24:11.364+0200] {processor.py:161} INFO - Started process (PID=32778) to work on /Users/noejalabert/airflow_venv/lib/python3.11/site-packages/airflow/example_dags/example_python_operator.py
[2024-04-30T16:24:11.365+0200] {processor.py:830} INFO - Processing file /Users/noejalabert/airflow_venv/lib/python3.11/site-packages/airflow/example_dags/example_python_operator.py for tasks to queue
[2024-04-30T16:24:11.365+0200] {logging_mixin.py:188} INFO - [2024-04-30T16:24:11.365+0200] {dagbag.py:540} INFO - Filling up the DagBag from /Users/noejalabert/airflow_venv/lib/python3.11/site-packages/airflow/example_dags/example_python_operator.py
[2024-04-30T16:24:11.376+0200] {logging_mixin.py:188} INFO - [2024-04-30T16:24:11.375+0200] {example_python_operator.py:93} WARNING - The virtalenv_python example task requires virtualenv, please install it.
[2024-04-30T16:24:11.377+0200] {processor.py:840} INFO - DAG(s) 'example_python_operator' retrieved from /Users/noejalabert/airflow_venv/lib/python3.11/site-packages/airflow/example_dags/example_python_operator.py
[2024-04-30T16:24:11.423+0200] {logging_mixin.py:188} INFO - [2024-04-30T16:24:11.423+0200] {dag.py:3096} INFO - Sync 1 DAGs
[2024-04-30T16:24:11.427+0200] {logging_mixin.py:188} INFO - [2024-04-30T16:24:11.427+0200] {dag.py:3954} INFO - Setting next_dagrun for example_python_operator to None, run_after=None
[2024-04-30T16:24:11.434+0200] {processor.py:183} INFO - Processing /Users/noejalabert/airflow_venv/lib/python3.11/site-packages/airflow/example_dags/example_python_operator.py took 0.071 seconds
[2024-04-30T16:25:34.037+0200] {processor.py:161} INFO - Started process (PID=32839) to work on /Users/noejalabert/airflow_venv/lib/python3.11/site-packages/airflow/example_dags/example_python_operator.py
[2024-04-30T16:25:34.037+0200] {processor.py:830} INFO - Processing file /Users/noejalabert/airflow_venv/lib/python3.11/site-packages/airflow/example_dags/example_python_operator.py for tasks to queue
[2024-04-30T16:25:34.037+0200] {logging_mixin.py:188} INFO - [2024-04-30T16:25:34.037+0200] {dagbag.py:540} INFO - Filling up the DagBag from /Users/noejalabert/airflow_venv/lib/python3.11/site-packages/airflow/example_dags/example_python_operator.py
[2024-04-30T16:25:34.048+0200] {logging_mixin.py:188} INFO - [2024-04-30T16:25:34.048+0200] {example_python_operator.py:93} WARNING - The virtalenv_python example task requires virtualenv, please install it.
[2024-04-30T16:25:34.049+0200] {processor.py:840} INFO - DAG(s) 'example_python_operator' retrieved from /Users/noejalabert/airflow_venv/lib/python3.11/site-packages/airflow/example_dags/example_python_operator.py
[2024-04-30T16:25:34.095+0200] {logging_mixin.py:188} INFO - [2024-04-30T16:25:34.095+0200] {dag.py:3096} INFO - Sync 1 DAGs
[2024-04-30T16:25:34.099+0200] {logging_mixin.py:188} INFO - [2024-04-30T16:25:34.099+0200] {dag.py:3954} INFO - Setting next_dagrun for example_python_operator to None, run_after=None
[2024-04-30T16:25:34.107+0200] {processor.py:183} INFO - Processing /Users/noejalabert/airflow_venv/lib/python3.11/site-packages/airflow/example_dags/example_python_operator.py took 0.072 seconds
[2024-04-30T16:26:57.830+0200] {processor.py:161} INFO - Started process (PID=32900) to work on /Users/noejalabert/airflow_venv/lib/python3.11/site-packages/airflow/example_dags/example_python_operator.py
[2024-04-30T16:26:57.831+0200] {processor.py:830} INFO - Processing file /Users/noejalabert/airflow_venv/lib/python3.11/site-packages/airflow/example_dags/example_python_operator.py for tasks to queue
[2024-04-30T16:26:57.831+0200] {logging_mixin.py:188} INFO - [2024-04-30T16:26:57.831+0200] {dagbag.py:540} INFO - Filling up the DagBag from /Users/noejalabert/airflow_venv/lib/python3.11/site-packages/airflow/example_dags/example_python_operator.py
[2024-04-30T16:26:57.842+0200] {logging_mixin.py:188} INFO - [2024-04-30T16:26:57.842+0200] {example_python_operator.py:93} WARNING - The virtalenv_python example task requires virtualenv, please install it.
[2024-04-30T16:26:57.843+0200] {processor.py:840} INFO - DAG(s) 'example_python_operator' retrieved from /Users/noejalabert/airflow_venv/lib/python3.11/site-packages/airflow/example_dags/example_python_operator.py
[2024-04-30T16:26:57.890+0200] {logging_mixin.py:188} INFO - [2024-04-30T16:26:57.890+0200] {dag.py:3096} INFO - Sync 1 DAGs
[2024-04-30T16:26:57.894+0200] {logging_mixin.py:188} INFO - [2024-04-30T16:26:57.894+0200] {dag.py:3954} INFO - Setting next_dagrun for example_python_operator to None, run_after=None
[2024-04-30T16:26:57.901+0200] {processor.py:183} INFO - Processing /Users/noejalabert/airflow_venv/lib/python3.11/site-packages/airflow/example_dags/example_python_operator.py took 0.072 seconds
[2024-04-30T16:28:22.800+0200] {processor.py:161} INFO - Started process (PID=32974) to work on /Users/noejalabert/airflow_venv/lib/python3.11/site-packages/airflow/example_dags/example_python_operator.py
[2024-04-30T16:28:22.801+0200] {processor.py:830} INFO - Processing file /Users/noejalabert/airflow_venv/lib/python3.11/site-packages/airflow/example_dags/example_python_operator.py for tasks to queue
[2024-04-30T16:28:22.801+0200] {logging_mixin.py:188} INFO - [2024-04-30T16:28:22.801+0200] {dagbag.py:540} INFO - Filling up the DagBag from /Users/noejalabert/airflow_venv/lib/python3.11/site-packages/airflow/example_dags/example_python_operator.py
[2024-04-30T16:28:22.812+0200] {logging_mixin.py:188} INFO - [2024-04-30T16:28:22.812+0200] {example_python_operator.py:93} WARNING - The virtalenv_python example task requires virtualenv, please install it.
[2024-04-30T16:28:22.813+0200] {processor.py:840} INFO - DAG(s) 'example_python_operator' retrieved from /Users/noejalabert/airflow_venv/lib/python3.11/site-packages/airflow/example_dags/example_python_operator.py
[2024-04-30T16:28:22.860+0200] {logging_mixin.py:188} INFO - [2024-04-30T16:28:22.860+0200] {dag.py:3096} INFO - Sync 1 DAGs
[2024-04-30T16:28:22.864+0200] {logging_mixin.py:188} INFO - [2024-04-30T16:28:22.864+0200] {dag.py:3954} INFO - Setting next_dagrun for example_python_operator to None, run_after=None
[2024-04-30T16:28:22.871+0200] {processor.py:183} INFO - Processing /Users/noejalabert/airflow_venv/lib/python3.11/site-packages/airflow/example_dags/example_python_operator.py took 0.072 seconds
[2024-04-30T16:29:49.838+0200] {processor.py:161} INFO - Started process (PID=33034) to work on /Users/noejalabert/airflow_venv/lib/python3.11/site-packages/airflow/example_dags/example_python_operator.py
[2024-04-30T16:29:49.838+0200] {processor.py:830} INFO - Processing file /Users/noejalabert/airflow_venv/lib/python3.11/site-packages/airflow/example_dags/example_python_operator.py for tasks to queue
[2024-04-30T16:29:49.838+0200] {logging_mixin.py:188} INFO - [2024-04-30T16:29:49.838+0200] {dagbag.py:540} INFO - Filling up the DagBag from /Users/noejalabert/airflow_venv/lib/python3.11/site-packages/airflow/example_dags/example_python_operator.py
[2024-04-30T16:29:49.849+0200] {logging_mixin.py:188} INFO - [2024-04-30T16:29:49.849+0200] {example_python_operator.py:93} WARNING - The virtalenv_python example task requires virtualenv, please install it.
[2024-04-30T16:29:49.850+0200] {processor.py:840} INFO - DAG(s) 'example_python_operator' retrieved from /Users/noejalabert/airflow_venv/lib/python3.11/site-packages/airflow/example_dags/example_python_operator.py
[2024-04-30T16:29:49.896+0200] {logging_mixin.py:188} INFO - [2024-04-30T16:29:49.896+0200] {dag.py:3096} INFO - Sync 1 DAGs
[2024-04-30T16:29:49.900+0200] {logging_mixin.py:188} INFO - [2024-04-30T16:29:49.900+0200] {dag.py:3954} INFO - Setting next_dagrun for example_python_operator to None, run_after=None
[2024-04-30T16:29:49.908+0200] {processor.py:183} INFO - Processing /Users/noejalabert/airflow_venv/lib/python3.11/site-packages/airflow/example_dags/example_python_operator.py took 0.071 seconds
