[2024-04-30T14:49:39.451+0200] {processor.py:161} INFO - Started process (PID=28455) to work on /Users/noejalabert/airflow_venv/lib/python3.11/site-packages/airflow/example_dags/example_params_trigger_ui.py
[2024-04-30T14:49:39.451+0200] {processor.py:830} INFO - Processing file /Users/noejalabert/airflow_venv/lib/python3.11/site-packages/airflow/example_dags/example_params_trigger_ui.py for tasks to queue
[2024-04-30T14:49:39.452+0200] {logging_mixin.py:188} INFO - [2024-04-30T14:49:39.452+0200] {dagbag.py:540} INFO - Filling up the DagBag from /Users/noejalabert/airflow_venv/lib/python3.11/site-packages/airflow/example_dags/example_params_trigger_ui.py
[2024-04-30T14:49:39.470+0200] {processor.py:840} INFO - DAG(s) 'example_params_trigger_ui' retrieved from /Users/noejalabert/airflow_venv/lib/python3.11/site-packages/airflow/example_dags/example_params_trigger_ui.py
[2024-04-30T14:49:39.559+0200] {logging_mixin.py:188} INFO - [2024-04-30T14:49:39.558+0200] {override.py:1829} INFO - Created Permission View: can delete on DAG:example_params_trigger_ui
[2024-04-30T14:49:39.586+0200] {logging_mixin.py:188} INFO - [2024-04-30T14:49:39.586+0200] {override.py:1829} INFO - Created Permission View: can read on DAG:example_params_trigger_ui
[2024-04-30T14:49:39.588+0200] {logging_mixin.py:188} INFO - [2024-04-30T14:49:39.588+0200] {override.py:1829} INFO - Created Permission View: can edit on DAG:example_params_trigger_ui
[2024-04-30T14:49:39.588+0200] {logging_mixin.py:188} INFO - [2024-04-30T14:49:39.588+0200] {dag.py:3096} INFO - Sync 1 DAGs
[2024-04-30T14:49:39.593+0200] {logging_mixin.py:188} INFO - [2024-04-30T14:49:39.592+0200] {dag.py:3118} INFO - Creating ORM DAG for example_params_trigger_ui
[2024-04-30T14:49:39.593+0200] {logging_mixin.py:188} INFO - [2024-04-30T14:49:39.593+0200] {dag.py:3954} INFO - Setting next_dagrun for example_params_trigger_ui to None, run_after=None
[2024-04-30T14:49:39.599+0200] {processor.py:183} INFO - Processing /Users/noejalabert/airflow_venv/lib/python3.11/site-packages/airflow/example_dags/example_params_trigger_ui.py took 0.150 seconds
[2024-04-30T14:51:04.359+0200] {processor.py:161} INFO - Started process (PID=28510) to work on /Users/noejalabert/airflow_venv/lib/python3.11/site-packages/airflow/example_dags/example_params_trigger_ui.py
[2024-04-30T14:51:04.361+0200] {processor.py:830} INFO - Processing file /Users/noejalabert/airflow_venv/lib/python3.11/site-packages/airflow/example_dags/example_params_trigger_ui.py for tasks to queue
[2024-04-30T14:51:04.361+0200] {logging_mixin.py:188} INFO - [2024-04-30T14:51:04.361+0200] {dagbag.py:540} INFO - Filling up the DagBag from /Users/noejalabert/airflow_venv/lib/python3.11/site-packages/airflow/example_dags/example_params_trigger_ui.py
[2024-04-30T14:51:04.379+0200] {processor.py:840} INFO - DAG(s) 'example_params_trigger_ui' retrieved from /Users/noejalabert/airflow_venv/lib/python3.11/site-packages/airflow/example_dags/example_params_trigger_ui.py
[2024-04-30T14:51:04.437+0200] {logging_mixin.py:188} INFO - [2024-04-30T14:51:04.437+0200] {dag.py:3096} INFO - Sync 1 DAGs
[2024-04-30T14:51:04.441+0200] {logging_mixin.py:188} INFO - [2024-04-30T14:51:04.441+0200] {dag.py:3954} INFO - Setting next_dagrun for example_params_trigger_ui to None, run_after=None
[2024-04-30T14:51:04.449+0200] {processor.py:183} INFO - Processing /Users/noejalabert/airflow_venv/lib/python3.11/site-packages/airflow/example_dags/example_params_trigger_ui.py took 0.091 seconds
[2024-04-30T14:52:55.584+0200] {processor.py:161} INFO - Started process (PID=28592) to work on /Users/noejalabert/airflow_venv/lib/python3.11/site-packages/airflow/example_dags/example_params_trigger_ui.py
[2024-04-30T14:52:55.585+0200] {processor.py:830} INFO - Processing file /Users/noejalabert/airflow_venv/lib/python3.11/site-packages/airflow/example_dags/example_params_trigger_ui.py for tasks to queue
[2024-04-30T14:52:55.585+0200] {logging_mixin.py:188} INFO - [2024-04-30T14:52:55.585+0200] {dagbag.py:540} INFO - Filling up the DagBag from /Users/noejalabert/airflow_venv/lib/python3.11/site-packages/airflow/example_dags/example_params_trigger_ui.py
[2024-04-30T14:52:55.603+0200] {processor.py:840} INFO - DAG(s) 'example_params_trigger_ui' retrieved from /Users/noejalabert/airflow_venv/lib/python3.11/site-packages/airflow/example_dags/example_params_trigger_ui.py
[2024-04-30T14:52:55.658+0200] {logging_mixin.py:188} INFO - [2024-04-30T14:52:55.658+0200] {dag.py:3096} INFO - Sync 1 DAGs
[2024-04-30T14:52:55.662+0200] {logging_mixin.py:188} INFO - [2024-04-30T14:52:55.662+0200] {dag.py:3954} INFO - Setting next_dagrun for example_params_trigger_ui to None, run_after=None
[2024-04-30T14:52:55.670+0200] {processor.py:183} INFO - Processing /Users/noejalabert/airflow_venv/lib/python3.11/site-packages/airflow/example_dags/example_params_trigger_ui.py took 0.086 seconds
[2024-04-30T14:54:45.486+0200] {processor.py:161} INFO - Started process (PID=28660) to work on /Users/noejalabert/airflow_venv/lib/python3.11/site-packages/airflow/example_dags/example_params_trigger_ui.py
[2024-04-30T14:54:45.487+0200] {processor.py:830} INFO - Processing file /Users/noejalabert/airflow_venv/lib/python3.11/site-packages/airflow/example_dags/example_params_trigger_ui.py for tasks to queue
[2024-04-30T14:54:45.488+0200] {logging_mixin.py:188} INFO - [2024-04-30T14:54:45.487+0200] {dagbag.py:540} INFO - Filling up the DagBag from /Users/noejalabert/airflow_venv/lib/python3.11/site-packages/airflow/example_dags/example_params_trigger_ui.py
[2024-04-30T14:54:45.505+0200] {processor.py:840} INFO - DAG(s) 'example_params_trigger_ui' retrieved from /Users/noejalabert/airflow_venv/lib/python3.11/site-packages/airflow/example_dags/example_params_trigger_ui.py
[2024-04-30T14:54:45.560+0200] {logging_mixin.py:188} INFO - [2024-04-30T14:54:45.560+0200] {dag.py:3096} INFO - Sync 1 DAGs
[2024-04-30T14:54:45.564+0200] {logging_mixin.py:188} INFO - [2024-04-30T14:54:45.564+0200] {dag.py:3954} INFO - Setting next_dagrun for example_params_trigger_ui to None, run_after=None
[2024-04-30T14:54:45.572+0200] {processor.py:183} INFO - Processing /Users/noejalabert/airflow_venv/lib/python3.11/site-packages/airflow/example_dags/example_params_trigger_ui.py took 0.087 seconds
[2024-04-30T14:56:40.377+0200] {processor.py:161} INFO - Started process (PID=28745) to work on /Users/noejalabert/airflow_venv/lib/python3.11/site-packages/airflow/example_dags/example_params_trigger_ui.py
[2024-04-30T14:56:40.377+0200] {processor.py:830} INFO - Processing file /Users/noejalabert/airflow_venv/lib/python3.11/site-packages/airflow/example_dags/example_params_trigger_ui.py for tasks to queue
[2024-04-30T14:56:40.378+0200] {logging_mixin.py:188} INFO - [2024-04-30T14:56:40.377+0200] {dagbag.py:540} INFO - Filling up the DagBag from /Users/noejalabert/airflow_venv/lib/python3.11/site-packages/airflow/example_dags/example_params_trigger_ui.py
[2024-04-30T14:56:40.395+0200] {processor.py:840} INFO - DAG(s) 'example_params_trigger_ui' retrieved from /Users/noejalabert/airflow_venv/lib/python3.11/site-packages/airflow/example_dags/example_params_trigger_ui.py
[2024-04-30T14:56:40.450+0200] {logging_mixin.py:188} INFO - [2024-04-30T14:56:40.450+0200] {dag.py:3096} INFO - Sync 1 DAGs
[2024-04-30T14:56:40.454+0200] {logging_mixin.py:188} INFO - [2024-04-30T14:56:40.454+0200] {dag.py:3954} INFO - Setting next_dagrun for example_params_trigger_ui to None, run_after=None
[2024-04-30T14:56:40.462+0200] {processor.py:183} INFO - Processing /Users/noejalabert/airflow_venv/lib/python3.11/site-packages/airflow/example_dags/example_params_trigger_ui.py took 0.087 seconds
[2024-04-30T14:58:42.174+0200] {processor.py:161} INFO - Started process (PID=28847) to work on /Users/noejalabert/airflow_venv/lib/python3.11/site-packages/airflow/example_dags/example_params_trigger_ui.py
[2024-04-30T14:58:42.175+0200] {processor.py:830} INFO - Processing file /Users/noejalabert/airflow_venv/lib/python3.11/site-packages/airflow/example_dags/example_params_trigger_ui.py for tasks to queue
[2024-04-30T14:58:42.175+0200] {logging_mixin.py:188} INFO - [2024-04-30T14:58:42.175+0200] {dagbag.py:540} INFO - Filling up the DagBag from /Users/noejalabert/airflow_venv/lib/python3.11/site-packages/airflow/example_dags/example_params_trigger_ui.py
[2024-04-30T14:58:42.193+0200] {processor.py:840} INFO - DAG(s) 'example_params_trigger_ui' retrieved from /Users/noejalabert/airflow_venv/lib/python3.11/site-packages/airflow/example_dags/example_params_trigger_ui.py
[2024-04-30T14:58:42.247+0200] {logging_mixin.py:188} INFO - [2024-04-30T14:58:42.247+0200] {dag.py:3096} INFO - Sync 1 DAGs
[2024-04-30T14:58:42.251+0200] {logging_mixin.py:188} INFO - [2024-04-30T14:58:42.251+0200] {dag.py:3954} INFO - Setting next_dagrun for example_params_trigger_ui to None, run_after=None
[2024-04-30T14:58:42.259+0200] {processor.py:183} INFO - Processing /Users/noejalabert/airflow_venv/lib/python3.11/site-packages/airflow/example_dags/example_params_trigger_ui.py took 0.086 seconds
[2024-04-30T15:00:43.671+0200] {processor.py:161} INFO - Started process (PID=28931) to work on /Users/noejalabert/airflow_venv/lib/python3.11/site-packages/airflow/example_dags/example_params_trigger_ui.py
[2024-04-30T15:00:43.673+0200] {processor.py:830} INFO - Processing file /Users/noejalabert/airflow_venv/lib/python3.11/site-packages/airflow/example_dags/example_params_trigger_ui.py for tasks to queue
[2024-04-30T15:00:43.673+0200] {logging_mixin.py:188} INFO - [2024-04-30T15:00:43.673+0200] {dagbag.py:540} INFO - Filling up the DagBag from /Users/noejalabert/airflow_venv/lib/python3.11/site-packages/airflow/example_dags/example_params_trigger_ui.py
[2024-04-30T15:00:43.691+0200] {processor.py:840} INFO - DAG(s) 'example_params_trigger_ui' retrieved from /Users/noejalabert/airflow_venv/lib/python3.11/site-packages/airflow/example_dags/example_params_trigger_ui.py
[2024-04-30T15:00:43.747+0200] {logging_mixin.py:188} INFO - [2024-04-30T15:00:43.747+0200] {dag.py:3096} INFO - Sync 1 DAGs
[2024-04-30T15:00:43.751+0200] {logging_mixin.py:188} INFO - [2024-04-30T15:00:43.751+0200] {dag.py:3954} INFO - Setting next_dagrun for example_params_trigger_ui to None, run_after=None
[2024-04-30T15:00:43.759+0200] {processor.py:183} INFO - Processing /Users/noejalabert/airflow_venv/lib/python3.11/site-packages/airflow/example_dags/example_params_trigger_ui.py took 0.089 seconds
[2024-04-30T15:03:05.568+0200] {processor.py:161} INFO - Started process (PID=29058) to work on /Users/noejalabert/airflow_venv/lib/python3.11/site-packages/airflow/example_dags/example_params_trigger_ui.py
[2024-04-30T15:03:05.569+0200] {processor.py:830} INFO - Processing file /Users/noejalabert/airflow_venv/lib/python3.11/site-packages/airflow/example_dags/example_params_trigger_ui.py for tasks to queue
[2024-04-30T15:03:05.569+0200] {logging_mixin.py:188} INFO - [2024-04-30T15:03:05.569+0200] {dagbag.py:540} INFO - Filling up the DagBag from /Users/noejalabert/airflow_venv/lib/python3.11/site-packages/airflow/example_dags/example_params_trigger_ui.py
[2024-04-30T15:03:05.587+0200] {processor.py:840} INFO - DAG(s) 'example_params_trigger_ui' retrieved from /Users/noejalabert/airflow_venv/lib/python3.11/site-packages/airflow/example_dags/example_params_trigger_ui.py
[2024-04-30T15:03:05.643+0200] {logging_mixin.py:188} INFO - [2024-04-30T15:03:05.642+0200] {dag.py:3096} INFO - Sync 1 DAGs
[2024-04-30T15:03:05.647+0200] {logging_mixin.py:188} INFO - [2024-04-30T15:03:05.647+0200] {dag.py:3954} INFO - Setting next_dagrun for example_params_trigger_ui to None, run_after=None
[2024-04-30T15:03:05.654+0200] {processor.py:183} INFO - Processing /Users/noejalabert/airflow_venv/lib/python3.11/site-packages/airflow/example_dags/example_params_trigger_ui.py took 0.088 seconds
[2024-04-30T15:05:02.848+0200] {processor.py:161} INFO - Started process (PID=29134) to work on /Users/noejalabert/airflow_venv/lib/python3.11/site-packages/airflow/example_dags/example_params_trigger_ui.py
[2024-04-30T15:05:02.848+0200] {processor.py:830} INFO - Processing file /Users/noejalabert/airflow_venv/lib/python3.11/site-packages/airflow/example_dags/example_params_trigger_ui.py for tasks to queue
[2024-04-30T15:05:02.849+0200] {logging_mixin.py:188} INFO - [2024-04-30T15:05:02.849+0200] {dagbag.py:540} INFO - Filling up the DagBag from /Users/noejalabert/airflow_venv/lib/python3.11/site-packages/airflow/example_dags/example_params_trigger_ui.py
[2024-04-30T15:05:02.867+0200] {processor.py:840} INFO - DAG(s) 'example_params_trigger_ui' retrieved from /Users/noejalabert/airflow_venv/lib/python3.11/site-packages/airflow/example_dags/example_params_trigger_ui.py
[2024-04-30T15:05:02.922+0200] {logging_mixin.py:188} INFO - [2024-04-30T15:05:02.922+0200] {dag.py:3096} INFO - Sync 1 DAGs
[2024-04-30T15:05:02.926+0200] {logging_mixin.py:188} INFO - [2024-04-30T15:05:02.926+0200] {dag.py:3954} INFO - Setting next_dagrun for example_params_trigger_ui to None, run_after=None
[2024-04-30T15:05:02.933+0200] {processor.py:183} INFO - Processing /Users/noejalabert/airflow_venv/lib/python3.11/site-packages/airflow/example_dags/example_params_trigger_ui.py took 0.087 seconds
[2024-04-30T15:07:42.690+0200] {processor.py:161} INFO - Started process (PID=29244) to work on /Users/noejalabert/airflow_venv/lib/python3.11/site-packages/airflow/example_dags/example_params_trigger_ui.py
[2024-04-30T15:07:42.692+0200] {processor.py:830} INFO - Processing file /Users/noejalabert/airflow_venv/lib/python3.11/site-packages/airflow/example_dags/example_params_trigger_ui.py for tasks to queue
[2024-04-30T15:07:42.692+0200] {logging_mixin.py:188} INFO - [2024-04-30T15:07:42.692+0200] {dagbag.py:540} INFO - Filling up the DagBag from /Users/noejalabert/airflow_venv/lib/python3.11/site-packages/airflow/example_dags/example_params_trigger_ui.py
[2024-04-30T15:07:42.710+0200] {processor.py:840} INFO - DAG(s) 'example_params_trigger_ui' retrieved from /Users/noejalabert/airflow_venv/lib/python3.11/site-packages/airflow/example_dags/example_params_trigger_ui.py
[2024-04-30T15:07:42.765+0200] {logging_mixin.py:188} INFO - [2024-04-30T15:07:42.764+0200] {dag.py:3096} INFO - Sync 1 DAGs
[2024-04-30T15:07:42.769+0200] {logging_mixin.py:188} INFO - [2024-04-30T15:07:42.768+0200] {dag.py:3954} INFO - Setting next_dagrun for example_params_trigger_ui to None, run_after=None
[2024-04-30T15:07:42.776+0200] {processor.py:183} INFO - Processing /Users/noejalabert/airflow_venv/lib/python3.11/site-packages/airflow/example_dags/example_params_trigger_ui.py took 0.087 seconds
[2024-04-30T15:09:34.090+0200] {processor.py:161} INFO - Started process (PID=29315) to work on /Users/noejalabert/airflow_venv/lib/python3.11/site-packages/airflow/example_dags/example_params_trigger_ui.py
[2024-04-30T15:09:34.090+0200] {processor.py:830} INFO - Processing file /Users/noejalabert/airflow_venv/lib/python3.11/site-packages/airflow/example_dags/example_params_trigger_ui.py for tasks to queue
[2024-04-30T15:09:34.091+0200] {logging_mixin.py:188} INFO - [2024-04-30T15:09:34.091+0200] {dagbag.py:540} INFO - Filling up the DagBag from /Users/noejalabert/airflow_venv/lib/python3.11/site-packages/airflow/example_dags/example_params_trigger_ui.py
[2024-04-30T15:09:34.109+0200] {processor.py:840} INFO - DAG(s) 'example_params_trigger_ui' retrieved from /Users/noejalabert/airflow_venv/lib/python3.11/site-packages/airflow/example_dags/example_params_trigger_ui.py
[2024-04-30T15:09:34.164+0200] {logging_mixin.py:188} INFO - [2024-04-30T15:09:34.164+0200] {dag.py:3096} INFO - Sync 1 DAGs
[2024-04-30T15:09:34.168+0200] {logging_mixin.py:188} INFO - [2024-04-30T15:09:34.168+0200] {dag.py:3954} INFO - Setting next_dagrun for example_params_trigger_ui to None, run_after=None
[2024-04-30T15:09:34.175+0200] {processor.py:183} INFO - Processing /Users/noejalabert/airflow_venv/lib/python3.11/site-packages/airflow/example_dags/example_params_trigger_ui.py took 0.087 seconds
[2024-04-30T15:11:27.819+0200] {processor.py:161} INFO - Started process (PID=29386) to work on /Users/noejalabert/airflow_venv/lib/python3.11/site-packages/airflow/example_dags/example_params_trigger_ui.py
[2024-04-30T15:11:27.819+0200] {processor.py:830} INFO - Processing file /Users/noejalabert/airflow_venv/lib/python3.11/site-packages/airflow/example_dags/example_params_trigger_ui.py for tasks to queue
[2024-04-30T15:11:27.820+0200] {logging_mixin.py:188} INFO - [2024-04-30T15:11:27.820+0200] {dagbag.py:540} INFO - Filling up the DagBag from /Users/noejalabert/airflow_venv/lib/python3.11/site-packages/airflow/example_dags/example_params_trigger_ui.py
[2024-04-30T15:11:27.841+0200] {processor.py:840} INFO - DAG(s) 'example_params_trigger_ui' retrieved from /Users/noejalabert/airflow_venv/lib/python3.11/site-packages/airflow/example_dags/example_params_trigger_ui.py
[2024-04-30T15:11:27.947+0200] {logging_mixin.py:188} INFO - [2024-04-30T15:11:27.946+0200] {dag.py:3096} INFO - Sync 1 DAGs
[2024-04-30T15:11:27.951+0200] {logging_mixin.py:188} INFO - [2024-04-30T15:11:27.951+0200] {dag.py:3954} INFO - Setting next_dagrun for example_params_trigger_ui to None, run_after=None
[2024-04-30T15:11:27.959+0200] {processor.py:183} INFO - Processing /Users/noejalabert/airflow_venv/lib/python3.11/site-packages/airflow/example_dags/example_params_trigger_ui.py took 0.142 seconds
[2024-04-30T15:13:19.526+0200] {processor.py:161} INFO - Started process (PID=29464) to work on /Users/noejalabert/airflow_venv/lib/python3.11/site-packages/airflow/example_dags/example_params_trigger_ui.py
[2024-04-30T15:13:19.526+0200] {processor.py:830} INFO - Processing file /Users/noejalabert/airflow_venv/lib/python3.11/site-packages/airflow/example_dags/example_params_trigger_ui.py for tasks to queue
[2024-04-30T15:13:19.527+0200] {logging_mixin.py:188} INFO - [2024-04-30T15:13:19.527+0200] {dagbag.py:540} INFO - Filling up the DagBag from /Users/noejalabert/airflow_venv/lib/python3.11/site-packages/airflow/example_dags/example_params_trigger_ui.py
[2024-04-30T15:13:19.545+0200] {processor.py:840} INFO - DAG(s) 'example_params_trigger_ui' retrieved from /Users/noejalabert/airflow_venv/lib/python3.11/site-packages/airflow/example_dags/example_params_trigger_ui.py
[2024-04-30T15:13:19.600+0200] {logging_mixin.py:188} INFO - [2024-04-30T15:13:19.599+0200] {dag.py:3096} INFO - Sync 1 DAGs
[2024-04-30T15:13:19.604+0200] {logging_mixin.py:188} INFO - [2024-04-30T15:13:19.604+0200] {dag.py:3954} INFO - Setting next_dagrun for example_params_trigger_ui to None, run_after=None
[2024-04-30T15:13:19.611+0200] {processor.py:183} INFO - Processing /Users/noejalabert/airflow_venv/lib/python3.11/site-packages/airflow/example_dags/example_params_trigger_ui.py took 0.086 seconds
[2024-04-30T15:15:09.148+0200] {processor.py:161} INFO - Started process (PID=29535) to work on /Users/noejalabert/airflow_venv/lib/python3.11/site-packages/airflow/example_dags/example_params_trigger_ui.py
[2024-04-30T15:15:09.148+0200] {processor.py:830} INFO - Processing file /Users/noejalabert/airflow_venv/lib/python3.11/site-packages/airflow/example_dags/example_params_trigger_ui.py for tasks to queue
[2024-04-30T15:15:09.148+0200] {logging_mixin.py:188} INFO - [2024-04-30T15:15:09.148+0200] {dagbag.py:540} INFO - Filling up the DagBag from /Users/noejalabert/airflow_venv/lib/python3.11/site-packages/airflow/example_dags/example_params_trigger_ui.py
[2024-04-30T15:15:09.166+0200] {processor.py:840} INFO - DAG(s) 'example_params_trigger_ui' retrieved from /Users/noejalabert/airflow_venv/lib/python3.11/site-packages/airflow/example_dags/example_params_trigger_ui.py
[2024-04-30T15:15:09.221+0200] {logging_mixin.py:188} INFO - [2024-04-30T15:15:09.221+0200] {dag.py:3096} INFO - Sync 1 DAGs
[2024-04-30T15:15:09.225+0200] {logging_mixin.py:188} INFO - [2024-04-30T15:15:09.225+0200] {dag.py:3954} INFO - Setting next_dagrun for example_params_trigger_ui to None, run_after=None
[2024-04-30T15:15:09.232+0200] {processor.py:183} INFO - Processing /Users/noejalabert/airflow_venv/lib/python3.11/site-packages/airflow/example_dags/example_params_trigger_ui.py took 0.086 seconds
[2024-04-30T15:17:04.373+0200] {processor.py:161} INFO - Started process (PID=29627) to work on /Users/noejalabert/airflow_venv/lib/python3.11/site-packages/airflow/example_dags/example_params_trigger_ui.py
[2024-04-30T15:17:04.374+0200] {processor.py:830} INFO - Processing file /Users/noejalabert/airflow_venv/lib/python3.11/site-packages/airflow/example_dags/example_params_trigger_ui.py for tasks to queue
[2024-04-30T15:17:04.374+0200] {logging_mixin.py:188} INFO - [2024-04-30T15:17:04.374+0200] {dagbag.py:540} INFO - Filling up the DagBag from /Users/noejalabert/airflow_venv/lib/python3.11/site-packages/airflow/example_dags/example_params_trigger_ui.py
[2024-04-30T15:17:04.393+0200] {processor.py:840} INFO - DAG(s) 'example_params_trigger_ui' retrieved from /Users/noejalabert/airflow_venv/lib/python3.11/site-packages/airflow/example_dags/example_params_trigger_ui.py
[2024-04-30T15:17:04.449+0200] {logging_mixin.py:188} INFO - [2024-04-30T15:17:04.449+0200] {dag.py:3096} INFO - Sync 1 DAGs
[2024-04-30T15:17:04.453+0200] {logging_mixin.py:188} INFO - [2024-04-30T15:17:04.453+0200] {dag.py:3954} INFO - Setting next_dagrun for example_params_trigger_ui to None, run_after=None
[2024-04-30T15:17:04.461+0200] {processor.py:183} INFO - Processing /Users/noejalabert/airflow_venv/lib/python3.11/site-packages/airflow/example_dags/example_params_trigger_ui.py took 0.089 seconds
[2024-04-30T15:19:15.647+0200] {processor.py:161} INFO - Started process (PID=30092) to work on /Users/noejalabert/airflow_venv/lib/python3.11/site-packages/airflow/example_dags/example_params_trigger_ui.py
[2024-04-30T15:19:15.648+0200] {processor.py:830} INFO - Processing file /Users/noejalabert/airflow_venv/lib/python3.11/site-packages/airflow/example_dags/example_params_trigger_ui.py for tasks to queue
[2024-04-30T15:19:15.649+0200] {logging_mixin.py:188} INFO - [2024-04-30T15:19:15.649+0200] {dagbag.py:540} INFO - Filling up the DagBag from /Users/noejalabert/airflow_venv/lib/python3.11/site-packages/airflow/example_dags/example_params_trigger_ui.py
[2024-04-30T15:19:15.678+0200] {processor.py:840} INFO - DAG(s) 'example_params_trigger_ui' retrieved from /Users/noejalabert/airflow_venv/lib/python3.11/site-packages/airflow/example_dags/example_params_trigger_ui.py
[2024-04-30T15:19:15.786+0200] {logging_mixin.py:188} INFO - [2024-04-30T15:19:15.786+0200] {dag.py:3096} INFO - Sync 1 DAGs
[2024-04-30T15:19:15.792+0200] {logging_mixin.py:188} INFO - [2024-04-30T15:19:15.791+0200] {dag.py:3954} INFO - Setting next_dagrun for example_params_trigger_ui to None, run_after=None
[2024-04-30T15:19:15.802+0200] {processor.py:183} INFO - Processing /Users/noejalabert/airflow_venv/lib/python3.11/site-packages/airflow/example_dags/example_params_trigger_ui.py took 0.156 seconds
[2024-04-30T15:21:17.067+0200] {processor.py:161} INFO - Started process (PID=30247) to work on /Users/noejalabert/airflow_venv/lib/python3.11/site-packages/airflow/example_dags/example_params_trigger_ui.py
[2024-04-30T15:21:17.068+0200] {processor.py:830} INFO - Processing file /Users/noejalabert/airflow_venv/lib/python3.11/site-packages/airflow/example_dags/example_params_trigger_ui.py for tasks to queue
[2024-04-30T15:21:17.068+0200] {logging_mixin.py:188} INFO - [2024-04-30T15:21:17.068+0200] {dagbag.py:540} INFO - Filling up the DagBag from /Users/noejalabert/airflow_venv/lib/python3.11/site-packages/airflow/example_dags/example_params_trigger_ui.py
[2024-04-30T15:21:17.088+0200] {processor.py:840} INFO - DAG(s) 'example_params_trigger_ui' retrieved from /Users/noejalabert/airflow_venv/lib/python3.11/site-packages/airflow/example_dags/example_params_trigger_ui.py
[2024-04-30T15:21:17.144+0200] {logging_mixin.py:188} INFO - [2024-04-30T15:21:17.144+0200] {dag.py:3096} INFO - Sync 1 DAGs
[2024-04-30T15:21:17.148+0200] {logging_mixin.py:188} INFO - [2024-04-30T15:21:17.148+0200] {dag.py:3954} INFO - Setting next_dagrun for example_params_trigger_ui to None, run_after=None
[2024-04-30T15:21:17.156+0200] {processor.py:183} INFO - Processing /Users/noejalabert/airflow_venv/lib/python3.11/site-packages/airflow/example_dags/example_params_trigger_ui.py took 0.090 seconds
[2024-04-30T15:23:12.105+0200] {processor.py:161} INFO - Started process (PID=30349) to work on /Users/noejalabert/airflow_venv/lib/python3.11/site-packages/airflow/example_dags/example_params_trigger_ui.py
[2024-04-30T15:23:12.106+0200] {processor.py:830} INFO - Processing file /Users/noejalabert/airflow_venv/lib/python3.11/site-packages/airflow/example_dags/example_params_trigger_ui.py for tasks to queue
[2024-04-30T15:23:12.107+0200] {logging_mixin.py:188} INFO - [2024-04-30T15:23:12.107+0200] {dagbag.py:540} INFO - Filling up the DagBag from /Users/noejalabert/airflow_venv/lib/python3.11/site-packages/airflow/example_dags/example_params_trigger_ui.py
[2024-04-30T15:23:12.125+0200] {processor.py:840} INFO - DAG(s) 'example_params_trigger_ui' retrieved from /Users/noejalabert/airflow_venv/lib/python3.11/site-packages/airflow/example_dags/example_params_trigger_ui.py
[2024-04-30T15:23:12.180+0200] {logging_mixin.py:188} INFO - [2024-04-30T15:23:12.180+0200] {dag.py:3096} INFO - Sync 1 DAGs
[2024-04-30T15:23:12.184+0200] {logging_mixin.py:188} INFO - [2024-04-30T15:23:12.184+0200] {dag.py:3954} INFO - Setting next_dagrun for example_params_trigger_ui to None, run_after=None
[2024-04-30T15:23:12.192+0200] {processor.py:183} INFO - Processing /Users/noejalabert/airflow_venv/lib/python3.11/site-packages/airflow/example_dags/example_params_trigger_ui.py took 0.088 seconds
[2024-04-30T15:25:11.043+0200] {processor.py:161} INFO - Started process (PID=30444) to work on /Users/noejalabert/airflow_venv/lib/python3.11/site-packages/airflow/example_dags/example_params_trigger_ui.py
[2024-04-30T15:25:11.044+0200] {processor.py:830} INFO - Processing file /Users/noejalabert/airflow_venv/lib/python3.11/site-packages/airflow/example_dags/example_params_trigger_ui.py for tasks to queue
[2024-04-30T15:25:11.044+0200] {logging_mixin.py:188} INFO - [2024-04-30T15:25:11.044+0200] {dagbag.py:540} INFO - Filling up the DagBag from /Users/noejalabert/airflow_venv/lib/python3.11/site-packages/airflow/example_dags/example_params_trigger_ui.py
[2024-04-30T15:25:11.063+0200] {processor.py:840} INFO - DAG(s) 'example_params_trigger_ui' retrieved from /Users/noejalabert/airflow_venv/lib/python3.11/site-packages/airflow/example_dags/example_params_trigger_ui.py
[2024-04-30T15:25:11.118+0200] {logging_mixin.py:188} INFO - [2024-04-30T15:25:11.118+0200] {dag.py:3096} INFO - Sync 1 DAGs
[2024-04-30T15:25:11.122+0200] {logging_mixin.py:188} INFO - [2024-04-30T15:25:11.122+0200] {dag.py:3954} INFO - Setting next_dagrun for example_params_trigger_ui to None, run_after=None
[2024-04-30T15:25:11.130+0200] {processor.py:183} INFO - Processing /Users/noejalabert/airflow_venv/lib/python3.11/site-packages/airflow/example_dags/example_params_trigger_ui.py took 0.088 seconds
[2024-04-30T15:30:02.541+0200] {processor.py:161} INFO - Started process (PID=30562) to work on /Users/noejalabert/airflow_venv/lib/python3.11/site-packages/airflow/example_dags/example_params_trigger_ui.py
[2024-04-30T15:30:02.542+0200] {processor.py:830} INFO - Processing file /Users/noejalabert/airflow_venv/lib/python3.11/site-packages/airflow/example_dags/example_params_trigger_ui.py for tasks to queue
[2024-04-30T15:30:02.542+0200] {logging_mixin.py:188} INFO - [2024-04-30T15:30:02.542+0200] {dagbag.py:540} INFO - Filling up the DagBag from /Users/noejalabert/airflow_venv/lib/python3.11/site-packages/airflow/example_dags/example_params_trigger_ui.py
[2024-04-30T15:30:02.561+0200] {processor.py:840} INFO - DAG(s) 'example_params_trigger_ui' retrieved from /Users/noejalabert/airflow_venv/lib/python3.11/site-packages/airflow/example_dags/example_params_trigger_ui.py
[2024-04-30T15:30:02.618+0200] {logging_mixin.py:188} INFO - [2024-04-30T15:30:02.617+0200] {dag.py:3096} INFO - Sync 1 DAGs
[2024-04-30T15:30:02.622+0200] {logging_mixin.py:188} INFO - [2024-04-30T15:30:02.622+0200] {dag.py:3954} INFO - Setting next_dagrun for example_params_trigger_ui to None, run_after=None
[2024-04-30T15:30:02.629+0200] {processor.py:183} INFO - Processing /Users/noejalabert/airflow_venv/lib/python3.11/site-packages/airflow/example_dags/example_params_trigger_ui.py took 0.089 seconds
[2024-04-30T15:37:16.953+0200] {processor.py:161} INFO - Started process (PID=30667) to work on /Users/noejalabert/airflow_venv/lib/python3.11/site-packages/airflow/example_dags/example_params_trigger_ui.py
[2024-04-30T15:37:16.953+0200] {processor.py:830} INFO - Processing file /Users/noejalabert/airflow_venv/lib/python3.11/site-packages/airflow/example_dags/example_params_trigger_ui.py for tasks to queue
[2024-04-30T15:37:16.954+0200] {logging_mixin.py:188} INFO - [2024-04-30T15:37:16.954+0200] {dagbag.py:540} INFO - Filling up the DagBag from /Users/noejalabert/airflow_venv/lib/python3.11/site-packages/airflow/example_dags/example_params_trigger_ui.py
[2024-04-30T15:37:16.972+0200] {processor.py:840} INFO - DAG(s) 'example_params_trigger_ui' retrieved from /Users/noejalabert/airflow_venv/lib/python3.11/site-packages/airflow/example_dags/example_params_trigger_ui.py
[2024-04-30T15:37:17.025+0200] {logging_mixin.py:188} INFO - [2024-04-30T15:37:17.025+0200] {dag.py:3096} INFO - Sync 1 DAGs
[2024-04-30T15:37:17.029+0200] {logging_mixin.py:188} INFO - [2024-04-30T15:37:17.029+0200] {dag.py:3954} INFO - Setting next_dagrun for example_params_trigger_ui to None, run_after=None
[2024-04-30T15:37:17.036+0200] {processor.py:183} INFO - Processing /Users/noejalabert/airflow_venv/lib/python3.11/site-packages/airflow/example_dags/example_params_trigger_ui.py took 0.085 seconds
[2024-04-30T15:42:46.901+0200] {processor.py:161} INFO - Started process (PID=30757) to work on /Users/noejalabert/airflow_venv/lib/python3.11/site-packages/airflow/example_dags/example_params_trigger_ui.py
[2024-04-30T15:42:46.901+0200] {processor.py:830} INFO - Processing file /Users/noejalabert/airflow_venv/lib/python3.11/site-packages/airflow/example_dags/example_params_trigger_ui.py for tasks to queue
[2024-04-30T15:42:46.902+0200] {logging_mixin.py:188} INFO - [2024-04-30T15:42:46.901+0200] {dagbag.py:540} INFO - Filling up the DagBag from /Users/noejalabert/airflow_venv/lib/python3.11/site-packages/airflow/example_dags/example_params_trigger_ui.py
[2024-04-30T15:42:46.919+0200] {processor.py:840} INFO - DAG(s) 'example_params_trigger_ui' retrieved from /Users/noejalabert/airflow_venv/lib/python3.11/site-packages/airflow/example_dags/example_params_trigger_ui.py
[2024-04-30T15:42:46.974+0200] {logging_mixin.py:188} INFO - [2024-04-30T15:42:46.974+0200] {dag.py:3096} INFO - Sync 1 DAGs
[2024-04-30T15:42:46.978+0200] {logging_mixin.py:188} INFO - [2024-04-30T15:42:46.978+0200] {dag.py:3954} INFO - Setting next_dagrun for example_params_trigger_ui to None, run_after=None
[2024-04-30T15:42:46.985+0200] {processor.py:183} INFO - Processing /Users/noejalabert/airflow_venv/lib/python3.11/site-packages/airflow/example_dags/example_params_trigger_ui.py took 0.086 seconds
[2024-04-30T15:45:07.982+0200] {processor.py:161} INFO - Started process (PID=30838) to work on /Users/noejalabert/airflow_venv/lib/python3.11/site-packages/airflow/example_dags/example_params_trigger_ui.py
[2024-04-30T15:45:07.985+0200] {processor.py:830} INFO - Processing file /Users/noejalabert/airflow_venv/lib/python3.11/site-packages/airflow/example_dags/example_params_trigger_ui.py for tasks to queue
[2024-04-30T15:45:07.985+0200] {logging_mixin.py:188} INFO - [2024-04-30T15:45:07.985+0200] {dagbag.py:540} INFO - Filling up the DagBag from /Users/noejalabert/airflow_venv/lib/python3.11/site-packages/airflow/example_dags/example_params_trigger_ui.py
[2024-04-30T15:45:08.003+0200] {processor.py:840} INFO - DAG(s) 'example_params_trigger_ui' retrieved from /Users/noejalabert/airflow_venv/lib/python3.11/site-packages/airflow/example_dags/example_params_trigger_ui.py
[2024-04-30T15:45:08.058+0200] {logging_mixin.py:188} INFO - [2024-04-30T15:45:08.057+0200] {dag.py:3096} INFO - Sync 1 DAGs
[2024-04-30T15:45:08.061+0200] {logging_mixin.py:188} INFO - [2024-04-30T15:45:08.061+0200] {dag.py:3954} INFO - Setting next_dagrun for example_params_trigger_ui to None, run_after=None
[2024-04-30T15:45:08.069+0200] {processor.py:183} INFO - Processing /Users/noejalabert/airflow_venv/lib/python3.11/site-packages/airflow/example_dags/example_params_trigger_ui.py took 0.088 seconds
[2024-04-30T15:47:07.861+0200] {processor.py:161} INFO - Started process (PID=30911) to work on /Users/noejalabert/airflow_venv/lib/python3.11/site-packages/airflow/example_dags/example_params_trigger_ui.py
[2024-04-30T15:47:07.862+0200] {processor.py:830} INFO - Processing file /Users/noejalabert/airflow_venv/lib/python3.11/site-packages/airflow/example_dags/example_params_trigger_ui.py for tasks to queue
[2024-04-30T15:47:07.862+0200] {logging_mixin.py:188} INFO - [2024-04-30T15:47:07.862+0200] {dagbag.py:540} INFO - Filling up the DagBag from /Users/noejalabert/airflow_venv/lib/python3.11/site-packages/airflow/example_dags/example_params_trigger_ui.py
[2024-04-30T15:47:07.880+0200] {processor.py:840} INFO - DAG(s) 'example_params_trigger_ui' retrieved from /Users/noejalabert/airflow_venv/lib/python3.11/site-packages/airflow/example_dags/example_params_trigger_ui.py
[2024-04-30T15:47:07.935+0200] {logging_mixin.py:188} INFO - [2024-04-30T15:47:07.935+0200] {dag.py:3096} INFO - Sync 1 DAGs
[2024-04-30T15:47:07.939+0200] {logging_mixin.py:188} INFO - [2024-04-30T15:47:07.939+0200] {dag.py:3954} INFO - Setting next_dagrun for example_params_trigger_ui to None, run_after=None
[2024-04-30T15:47:07.947+0200] {processor.py:183} INFO - Processing /Users/noejalabert/airflow_venv/lib/python3.11/site-packages/airflow/example_dags/example_params_trigger_ui.py took 0.087 seconds
[2024-04-30T15:49:08.223+0200] {processor.py:161} INFO - Started process (PID=30998) to work on /Users/noejalabert/airflow_venv/lib/python3.11/site-packages/airflow/example_dags/example_params_trigger_ui.py
[2024-04-30T15:49:08.223+0200] {processor.py:830} INFO - Processing file /Users/noejalabert/airflow_venv/lib/python3.11/site-packages/airflow/example_dags/example_params_trigger_ui.py for tasks to queue
[2024-04-30T15:49:08.224+0200] {logging_mixin.py:188} INFO - [2024-04-30T15:49:08.224+0200] {dagbag.py:540} INFO - Filling up the DagBag from /Users/noejalabert/airflow_venv/lib/python3.11/site-packages/airflow/example_dags/example_params_trigger_ui.py
[2024-04-30T15:49:08.242+0200] {processor.py:840} INFO - DAG(s) 'example_params_trigger_ui' retrieved from /Users/noejalabert/airflow_venv/lib/python3.11/site-packages/airflow/example_dags/example_params_trigger_ui.py
[2024-04-30T15:49:08.296+0200] {logging_mixin.py:188} INFO - [2024-04-30T15:49:08.296+0200] {dag.py:3096} INFO - Sync 1 DAGs
[2024-04-30T15:49:08.300+0200] {logging_mixin.py:188} INFO - [2024-04-30T15:49:08.300+0200] {dag.py:3954} INFO - Setting next_dagrun for example_params_trigger_ui to None, run_after=None
[2024-04-30T15:49:08.308+0200] {processor.py:183} INFO - Processing /Users/noejalabert/airflow_venv/lib/python3.11/site-packages/airflow/example_dags/example_params_trigger_ui.py took 0.086 seconds
[2024-04-30T15:52:44.397+0200] {processor.py:161} INFO - Started process (PID=31124) to work on /Users/noejalabert/airflow_venv/lib/python3.11/site-packages/airflow/example_dags/example_params_trigger_ui.py
[2024-04-30T15:52:44.399+0200] {processor.py:830} INFO - Processing file /Users/noejalabert/airflow_venv/lib/python3.11/site-packages/airflow/example_dags/example_params_trigger_ui.py for tasks to queue
[2024-04-30T15:52:44.399+0200] {logging_mixin.py:188} INFO - [2024-04-30T15:52:44.399+0200] {dagbag.py:540} INFO - Filling up the DagBag from /Users/noejalabert/airflow_venv/lib/python3.11/site-packages/airflow/example_dags/example_params_trigger_ui.py
[2024-04-30T15:52:44.417+0200] {processor.py:840} INFO - DAG(s) 'example_params_trigger_ui' retrieved from /Users/noejalabert/airflow_venv/lib/python3.11/site-packages/airflow/example_dags/example_params_trigger_ui.py
[2024-04-30T15:52:44.528+0200] {logging_mixin.py:188} INFO - [2024-04-30T15:52:44.528+0200] {dag.py:3096} INFO - Sync 1 DAGs
[2024-04-30T15:52:44.532+0200] {logging_mixin.py:188} INFO - [2024-04-30T15:52:44.532+0200] {dag.py:3954} INFO - Setting next_dagrun for example_params_trigger_ui to None, run_after=None
[2024-04-30T15:52:44.540+0200] {processor.py:183} INFO - Processing /Users/noejalabert/airflow_venv/lib/python3.11/site-packages/airflow/example_dags/example_params_trigger_ui.py took 0.144 seconds
[2024-04-30T15:54:14.834+0200] {processor.py:161} INFO - Started process (PID=31193) to work on /Users/noejalabert/airflow_venv/lib/python3.11/site-packages/airflow/example_dags/example_params_trigger_ui.py
[2024-04-30T15:54:14.835+0200] {processor.py:830} INFO - Processing file /Users/noejalabert/airflow_venv/lib/python3.11/site-packages/airflow/example_dags/example_params_trigger_ui.py for tasks to queue
[2024-04-30T15:54:14.835+0200] {logging_mixin.py:188} INFO - [2024-04-30T15:54:14.835+0200] {dagbag.py:540} INFO - Filling up the DagBag from /Users/noejalabert/airflow_venv/lib/python3.11/site-packages/airflow/example_dags/example_params_trigger_ui.py
[2024-04-30T15:54:14.853+0200] {processor.py:840} INFO - DAG(s) 'example_params_trigger_ui' retrieved from /Users/noejalabert/airflow_venv/lib/python3.11/site-packages/airflow/example_dags/example_params_trigger_ui.py
[2024-04-30T15:54:14.908+0200] {logging_mixin.py:188} INFO - [2024-04-30T15:54:14.907+0200] {dag.py:3096} INFO - Sync 1 DAGs
[2024-04-30T15:54:14.912+0200] {logging_mixin.py:188} INFO - [2024-04-30T15:54:14.912+0200] {dag.py:3954} INFO - Setting next_dagrun for example_params_trigger_ui to None, run_after=None
[2024-04-30T15:54:14.919+0200] {processor.py:183} INFO - Processing /Users/noejalabert/airflow_venv/lib/python3.11/site-packages/airflow/example_dags/example_params_trigger_ui.py took 0.086 seconds
[2024-04-30T15:55:37.974+0200] {processor.py:161} INFO - Started process (PID=31249) to work on /Users/noejalabert/airflow_venv/lib/python3.11/site-packages/airflow/example_dags/example_params_trigger_ui.py
[2024-04-30T15:55:37.975+0200] {processor.py:830} INFO - Processing file /Users/noejalabert/airflow_venv/lib/python3.11/site-packages/airflow/example_dags/example_params_trigger_ui.py for tasks to queue
[2024-04-30T15:55:37.975+0200] {logging_mixin.py:188} INFO - [2024-04-30T15:55:37.975+0200] {dagbag.py:540} INFO - Filling up the DagBag from /Users/noejalabert/airflow_venv/lib/python3.11/site-packages/airflow/example_dags/example_params_trigger_ui.py
[2024-04-30T15:55:37.993+0200] {processor.py:840} INFO - DAG(s) 'example_params_trigger_ui' retrieved from /Users/noejalabert/airflow_venv/lib/python3.11/site-packages/airflow/example_dags/example_params_trigger_ui.py
[2024-04-30T15:55:38.049+0200] {logging_mixin.py:188} INFO - [2024-04-30T15:55:38.049+0200] {dag.py:3096} INFO - Sync 1 DAGs
[2024-04-30T15:55:38.053+0200] {logging_mixin.py:188} INFO - [2024-04-30T15:55:38.053+0200] {dag.py:3954} INFO - Setting next_dagrun for example_params_trigger_ui to None, run_after=None
[2024-04-30T15:55:38.061+0200] {processor.py:183} INFO - Processing /Users/noejalabert/airflow_venv/lib/python3.11/site-packages/airflow/example_dags/example_params_trigger_ui.py took 0.088 seconds
[2024-04-30T15:57:02.628+0200] {processor.py:161} INFO - Started process (PID=31312) to work on /Users/noejalabert/airflow_venv/lib/python3.11/site-packages/airflow/example_dags/example_params_trigger_ui.py
[2024-04-30T15:57:02.629+0200] {processor.py:830} INFO - Processing file /Users/noejalabert/airflow_venv/lib/python3.11/site-packages/airflow/example_dags/example_params_trigger_ui.py for tasks to queue
[2024-04-30T15:57:02.629+0200] {logging_mixin.py:188} INFO - [2024-04-30T15:57:02.629+0200] {dagbag.py:540} INFO - Filling up the DagBag from /Users/noejalabert/airflow_venv/lib/python3.11/site-packages/airflow/example_dags/example_params_trigger_ui.py
[2024-04-30T15:57:02.647+0200] {processor.py:840} INFO - DAG(s) 'example_params_trigger_ui' retrieved from /Users/noejalabert/airflow_venv/lib/python3.11/site-packages/airflow/example_dags/example_params_trigger_ui.py
[2024-04-30T15:57:02.702+0200] {logging_mixin.py:188} INFO - [2024-04-30T15:57:02.702+0200] {dag.py:3096} INFO - Sync 1 DAGs
[2024-04-30T15:57:02.706+0200] {logging_mixin.py:188} INFO - [2024-04-30T15:57:02.706+0200] {dag.py:3954} INFO - Setting next_dagrun for example_params_trigger_ui to None, run_after=None
[2024-04-30T15:57:02.714+0200] {processor.py:183} INFO - Processing /Users/noejalabert/airflow_venv/lib/python3.11/site-packages/airflow/example_dags/example_params_trigger_ui.py took 0.087 seconds
[2024-04-30T15:58:30.773+0200] {processor.py:161} INFO - Started process (PID=31518) to work on /Users/noejalabert/airflow_venv/lib/python3.11/site-packages/airflow/example_dags/example_params_trigger_ui.py
[2024-04-30T15:58:30.774+0200] {processor.py:830} INFO - Processing file /Users/noejalabert/airflow_venv/lib/python3.11/site-packages/airflow/example_dags/example_params_trigger_ui.py for tasks to queue
[2024-04-30T15:58:30.775+0200] {logging_mixin.py:188} INFO - [2024-04-30T15:58:30.774+0200] {dagbag.py:540} INFO - Filling up the DagBag from /Users/noejalabert/airflow_venv/lib/python3.11/site-packages/airflow/example_dags/example_params_trigger_ui.py
[2024-04-30T15:58:30.795+0200] {processor.py:840} INFO - DAG(s) 'example_params_trigger_ui' retrieved from /Users/noejalabert/airflow_venv/lib/python3.11/site-packages/airflow/example_dags/example_params_trigger_ui.py
[2024-04-30T15:58:30.855+0200] {logging_mixin.py:188} INFO - [2024-04-30T15:58:30.855+0200] {dag.py:3096} INFO - Sync 1 DAGs
[2024-04-30T15:58:30.859+0200] {logging_mixin.py:188} INFO - [2024-04-30T15:58:30.859+0200] {dag.py:3954} INFO - Setting next_dagrun for example_params_trigger_ui to None, run_after=None
[2024-04-30T15:58:30.868+0200] {processor.py:183} INFO - Processing /Users/noejalabert/airflow_venv/lib/python3.11/site-packages/airflow/example_dags/example_params_trigger_ui.py took 0.096 seconds
[2024-04-30T15:59:54.981+0200] {processor.py:161} INFO - Started process (PID=31665) to work on /Users/noejalabert/airflow_venv/lib/python3.11/site-packages/airflow/example_dags/example_params_trigger_ui.py
[2024-04-30T15:59:54.982+0200] {processor.py:830} INFO - Processing file /Users/noejalabert/airflow_venv/lib/python3.11/site-packages/airflow/example_dags/example_params_trigger_ui.py for tasks to queue
[2024-04-30T15:59:54.982+0200] {logging_mixin.py:188} INFO - [2024-04-30T15:59:54.982+0200] {dagbag.py:540} INFO - Filling up the DagBag from /Users/noejalabert/airflow_venv/lib/python3.11/site-packages/airflow/example_dags/example_params_trigger_ui.py
[2024-04-30T15:59:55.000+0200] {processor.py:840} INFO - DAG(s) 'example_params_trigger_ui' retrieved from /Users/noejalabert/airflow_venv/lib/python3.11/site-packages/airflow/example_dags/example_params_trigger_ui.py
[2024-04-30T15:59:55.055+0200] {logging_mixin.py:188} INFO - [2024-04-30T15:59:55.055+0200] {dag.py:3096} INFO - Sync 1 DAGs
[2024-04-30T15:59:55.059+0200] {logging_mixin.py:188} INFO - [2024-04-30T15:59:55.059+0200] {dag.py:3954} INFO - Setting next_dagrun for example_params_trigger_ui to None, run_after=None
[2024-04-30T15:59:55.067+0200] {processor.py:183} INFO - Processing /Users/noejalabert/airflow_venv/lib/python3.11/site-packages/airflow/example_dags/example_params_trigger_ui.py took 0.087 seconds
[2024-04-30T16:01:18.601+0200] {processor.py:161} INFO - Started process (PID=31728) to work on /Users/noejalabert/airflow_venv/lib/python3.11/site-packages/airflow/example_dags/example_params_trigger_ui.py
[2024-04-30T16:01:18.601+0200] {processor.py:830} INFO - Processing file /Users/noejalabert/airflow_venv/lib/python3.11/site-packages/airflow/example_dags/example_params_trigger_ui.py for tasks to queue
[2024-04-30T16:01:18.601+0200] {logging_mixin.py:188} INFO - [2024-04-30T16:01:18.601+0200] {dagbag.py:540} INFO - Filling up the DagBag from /Users/noejalabert/airflow_venv/lib/python3.11/site-packages/airflow/example_dags/example_params_trigger_ui.py
[2024-04-30T16:01:18.619+0200] {processor.py:840} INFO - DAG(s) 'example_params_trigger_ui' retrieved from /Users/noejalabert/airflow_venv/lib/python3.11/site-packages/airflow/example_dags/example_params_trigger_ui.py
[2024-04-30T16:01:18.674+0200] {logging_mixin.py:188} INFO - [2024-04-30T16:01:18.674+0200] {dag.py:3096} INFO - Sync 1 DAGs
[2024-04-30T16:01:18.678+0200] {logging_mixin.py:188} INFO - [2024-04-30T16:01:18.678+0200] {dag.py:3954} INFO - Setting next_dagrun for example_params_trigger_ui to None, run_after=None
[2024-04-30T16:01:18.686+0200] {processor.py:183} INFO - Processing /Users/noejalabert/airflow_venv/lib/python3.11/site-packages/airflow/example_dags/example_params_trigger_ui.py took 0.087 seconds
[2024-04-30T16:02:43.300+0200] {processor.py:161} INFO - Started process (PID=31793) to work on /Users/noejalabert/airflow_venv/lib/python3.11/site-packages/airflow/example_dags/example_params_trigger_ui.py
[2024-04-30T16:02:43.301+0200] {processor.py:830} INFO - Processing file /Users/noejalabert/airflow_venv/lib/python3.11/site-packages/airflow/example_dags/example_params_trigger_ui.py for tasks to queue
[2024-04-30T16:02:43.302+0200] {logging_mixin.py:188} INFO - [2024-04-30T16:02:43.301+0200] {dagbag.py:540} INFO - Filling up the DagBag from /Users/noejalabert/airflow_venv/lib/python3.11/site-packages/airflow/example_dags/example_params_trigger_ui.py
[2024-04-30T16:02:43.320+0200] {processor.py:840} INFO - DAG(s) 'example_params_trigger_ui' retrieved from /Users/noejalabert/airflow_venv/lib/python3.11/site-packages/airflow/example_dags/example_params_trigger_ui.py
[2024-04-30T16:02:43.375+0200] {logging_mixin.py:188} INFO - [2024-04-30T16:02:43.375+0200] {dag.py:3096} INFO - Sync 1 DAGs
[2024-04-30T16:02:43.379+0200] {logging_mixin.py:188} INFO - [2024-04-30T16:02:43.379+0200] {dag.py:3954} INFO - Setting next_dagrun for example_params_trigger_ui to None, run_after=None
[2024-04-30T16:02:43.386+0200] {processor.py:183} INFO - Processing /Users/noejalabert/airflow_venv/lib/python3.11/site-packages/airflow/example_dags/example_params_trigger_ui.py took 0.088 seconds
[2024-04-30T16:04:07.174+0200] {processor.py:161} INFO - Started process (PID=31859) to work on /Users/noejalabert/airflow_venv/lib/python3.11/site-packages/airflow/example_dags/example_params_trigger_ui.py
[2024-04-30T16:04:07.174+0200] {processor.py:830} INFO - Processing file /Users/noejalabert/airflow_venv/lib/python3.11/site-packages/airflow/example_dags/example_params_trigger_ui.py for tasks to queue
[2024-04-30T16:04:07.175+0200] {logging_mixin.py:188} INFO - [2024-04-30T16:04:07.174+0200] {dagbag.py:540} INFO - Filling up the DagBag from /Users/noejalabert/airflow_venv/lib/python3.11/site-packages/airflow/example_dags/example_params_trigger_ui.py
[2024-04-30T16:04:07.193+0200] {processor.py:840} INFO - DAG(s) 'example_params_trigger_ui' retrieved from /Users/noejalabert/airflow_venv/lib/python3.11/site-packages/airflow/example_dags/example_params_trigger_ui.py
[2024-04-30T16:04:07.248+0200] {logging_mixin.py:188} INFO - [2024-04-30T16:04:07.248+0200] {dag.py:3096} INFO - Sync 1 DAGs
[2024-04-30T16:04:07.252+0200] {logging_mixin.py:188} INFO - [2024-04-30T16:04:07.252+0200] {dag.py:3954} INFO - Setting next_dagrun for example_params_trigger_ui to None, run_after=None
[2024-04-30T16:04:07.259+0200] {processor.py:183} INFO - Processing /Users/noejalabert/airflow_venv/lib/python3.11/site-packages/airflow/example_dags/example_params_trigger_ui.py took 0.087 seconds
[2024-04-30T16:06:32.330+0200] {processor.py:161} INFO - Started process (PID=31927) to work on /Users/noejalabert/airflow_venv/lib/python3.11/site-packages/airflow/example_dags/example_params_trigger_ui.py
[2024-04-30T16:06:32.331+0200] {processor.py:830} INFO - Processing file /Users/noejalabert/airflow_venv/lib/python3.11/site-packages/airflow/example_dags/example_params_trigger_ui.py for tasks to queue
[2024-04-30T16:06:32.331+0200] {logging_mixin.py:188} INFO - [2024-04-30T16:06:32.331+0200] {dagbag.py:540} INFO - Filling up the DagBag from /Users/noejalabert/airflow_venv/lib/python3.11/site-packages/airflow/example_dags/example_params_trigger_ui.py
[2024-04-30T16:06:32.349+0200] {processor.py:840} INFO - DAG(s) 'example_params_trigger_ui' retrieved from /Users/noejalabert/airflow_venv/lib/python3.11/site-packages/airflow/example_dags/example_params_trigger_ui.py
[2024-04-30T16:06:32.405+0200] {logging_mixin.py:188} INFO - [2024-04-30T16:06:32.404+0200] {dag.py:3096} INFO - Sync 1 DAGs
[2024-04-30T16:06:32.409+0200] {logging_mixin.py:188} INFO - [2024-04-30T16:06:32.409+0200] {dag.py:3954} INFO - Setting next_dagrun for example_params_trigger_ui to None, run_after=None
[2024-04-30T16:06:32.416+0200] {processor.py:183} INFO - Processing /Users/noejalabert/airflow_venv/lib/python3.11/site-packages/airflow/example_dags/example_params_trigger_ui.py took 0.087 seconds
[2024-04-30T16:08:32.223+0200] {processor.py:161} INFO - Started process (PID=32006) to work on /Users/noejalabert/airflow_venv/lib/python3.11/site-packages/airflow/example_dags/example_params_trigger_ui.py
[2024-04-30T16:08:32.223+0200] {processor.py:830} INFO - Processing file /Users/noejalabert/airflow_venv/lib/python3.11/site-packages/airflow/example_dags/example_params_trigger_ui.py for tasks to queue
[2024-04-30T16:08:32.224+0200] {logging_mixin.py:188} INFO - [2024-04-30T16:08:32.223+0200] {dagbag.py:540} INFO - Filling up the DagBag from /Users/noejalabert/airflow_venv/lib/python3.11/site-packages/airflow/example_dags/example_params_trigger_ui.py
[2024-04-30T16:08:32.241+0200] {processor.py:840} INFO - DAG(s) 'example_params_trigger_ui' retrieved from /Users/noejalabert/airflow_venv/lib/python3.11/site-packages/airflow/example_dags/example_params_trigger_ui.py
[2024-04-30T16:08:32.296+0200] {logging_mixin.py:188} INFO - [2024-04-30T16:08:32.296+0200] {dag.py:3096} INFO - Sync 1 DAGs
[2024-04-30T16:08:32.300+0200] {logging_mixin.py:188} INFO - [2024-04-30T16:08:32.300+0200] {dag.py:3954} INFO - Setting next_dagrun for example_params_trigger_ui to None, run_after=None
[2024-04-30T16:08:32.308+0200] {processor.py:183} INFO - Processing /Users/noejalabert/airflow_venv/lib/python3.11/site-packages/airflow/example_dags/example_params_trigger_ui.py took 0.087 seconds
[2024-04-30T16:09:55.941+0200] {processor.py:161} INFO - Started process (PID=32080) to work on /Users/noejalabert/airflow_venv/lib/python3.11/site-packages/airflow/example_dags/example_params_trigger_ui.py
[2024-04-30T16:09:55.942+0200] {processor.py:830} INFO - Processing file /Users/noejalabert/airflow_venv/lib/python3.11/site-packages/airflow/example_dags/example_params_trigger_ui.py for tasks to queue
[2024-04-30T16:09:55.942+0200] {logging_mixin.py:188} INFO - [2024-04-30T16:09:55.942+0200] {dagbag.py:540} INFO - Filling up the DagBag from /Users/noejalabert/airflow_venv/lib/python3.11/site-packages/airflow/example_dags/example_params_trigger_ui.py
[2024-04-30T16:09:55.960+0200] {processor.py:840} INFO - DAG(s) 'example_params_trigger_ui' retrieved from /Users/noejalabert/airflow_venv/lib/python3.11/site-packages/airflow/example_dags/example_params_trigger_ui.py
[2024-04-30T16:09:56.017+0200] {logging_mixin.py:188} INFO - [2024-04-30T16:09:56.017+0200] {dag.py:3096} INFO - Sync 1 DAGs
[2024-04-30T16:09:56.022+0200] {logging_mixin.py:188} INFO - [2024-04-30T16:09:56.022+0200] {dag.py:3954} INFO - Setting next_dagrun for example_params_trigger_ui to None, run_after=None
[2024-04-30T16:09:56.030+0200] {processor.py:183} INFO - Processing /Users/noejalabert/airflow_venv/lib/python3.11/site-packages/airflow/example_dags/example_params_trigger_ui.py took 0.090 seconds
[2024-04-30T16:11:20.396+0200] {processor.py:161} INFO - Started process (PID=32151) to work on /Users/noejalabert/airflow_venv/lib/python3.11/site-packages/airflow/example_dags/example_params_trigger_ui.py
[2024-04-30T16:11:20.396+0200] {processor.py:830} INFO - Processing file /Users/noejalabert/airflow_venv/lib/python3.11/site-packages/airflow/example_dags/example_params_trigger_ui.py for tasks to queue
[2024-04-30T16:11:20.397+0200] {logging_mixin.py:188} INFO - [2024-04-30T16:11:20.397+0200] {dagbag.py:540} INFO - Filling up the DagBag from /Users/noejalabert/airflow_venv/lib/python3.11/site-packages/airflow/example_dags/example_params_trigger_ui.py
[2024-04-30T16:11:20.415+0200] {processor.py:840} INFO - DAG(s) 'example_params_trigger_ui' retrieved from /Users/noejalabert/airflow_venv/lib/python3.11/site-packages/airflow/example_dags/example_params_trigger_ui.py
[2024-04-30T16:11:20.471+0200] {logging_mixin.py:188} INFO - [2024-04-30T16:11:20.471+0200] {dag.py:3096} INFO - Sync 1 DAGs
[2024-04-30T16:11:20.475+0200] {logging_mixin.py:188} INFO - [2024-04-30T16:11:20.475+0200] {dag.py:3954} INFO - Setting next_dagrun for example_params_trigger_ui to None, run_after=None
[2024-04-30T16:11:20.483+0200] {processor.py:183} INFO - Processing /Users/noejalabert/airflow_venv/lib/python3.11/site-packages/airflow/example_dags/example_params_trigger_ui.py took 0.088 seconds
[2024-04-30T16:12:46.287+0200] {processor.py:161} INFO - Started process (PID=32221) to work on /Users/noejalabert/airflow_venv/lib/python3.11/site-packages/airflow/example_dags/example_params_trigger_ui.py
[2024-04-30T16:12:46.288+0200] {processor.py:830} INFO - Processing file /Users/noejalabert/airflow_venv/lib/python3.11/site-packages/airflow/example_dags/example_params_trigger_ui.py for tasks to queue
[2024-04-30T16:12:46.288+0200] {logging_mixin.py:188} INFO - [2024-04-30T16:12:46.288+0200] {dagbag.py:540} INFO - Filling up the DagBag from /Users/noejalabert/airflow_venv/lib/python3.11/site-packages/airflow/example_dags/example_params_trigger_ui.py
[2024-04-30T16:12:46.307+0200] {processor.py:840} INFO - DAG(s) 'example_params_trigger_ui' retrieved from /Users/noejalabert/airflow_venv/lib/python3.11/site-packages/airflow/example_dags/example_params_trigger_ui.py
[2024-04-30T16:12:46.362+0200] {logging_mixin.py:188} INFO - [2024-04-30T16:12:46.362+0200] {dag.py:3096} INFO - Sync 1 DAGs
[2024-04-30T16:12:46.366+0200] {logging_mixin.py:188} INFO - [2024-04-30T16:12:46.366+0200] {dag.py:3954} INFO - Setting next_dagrun for example_params_trigger_ui to None, run_after=None
[2024-04-30T16:12:46.373+0200] {processor.py:183} INFO - Processing /Users/noejalabert/airflow_venv/lib/python3.11/site-packages/airflow/example_dags/example_params_trigger_ui.py took 0.088 seconds
[2024-04-30T16:14:12.306+0200] {processor.py:161} INFO - Started process (PID=32286) to work on /Users/noejalabert/airflow_venv/lib/python3.11/site-packages/airflow/example_dags/example_params_trigger_ui.py
[2024-04-30T16:14:12.307+0200] {processor.py:830} INFO - Processing file /Users/noejalabert/airflow_venv/lib/python3.11/site-packages/airflow/example_dags/example_params_trigger_ui.py for tasks to queue
[2024-04-30T16:14:12.307+0200] {logging_mixin.py:188} INFO - [2024-04-30T16:14:12.307+0200] {dagbag.py:540} INFO - Filling up the DagBag from /Users/noejalabert/airflow_venv/lib/python3.11/site-packages/airflow/example_dags/example_params_trigger_ui.py
[2024-04-30T16:14:12.326+0200] {processor.py:840} INFO - DAG(s) 'example_params_trigger_ui' retrieved from /Users/noejalabert/airflow_venv/lib/python3.11/site-packages/airflow/example_dags/example_params_trigger_ui.py
[2024-04-30T16:14:12.380+0200] {logging_mixin.py:188} INFO - [2024-04-30T16:14:12.380+0200] {dag.py:3096} INFO - Sync 1 DAGs
[2024-04-30T16:14:12.384+0200] {logging_mixin.py:188} INFO - [2024-04-30T16:14:12.384+0200] {dag.py:3954} INFO - Setting next_dagrun for example_params_trigger_ui to None, run_after=None
[2024-04-30T16:14:12.392+0200] {processor.py:183} INFO - Processing /Users/noejalabert/airflow_venv/lib/python3.11/site-packages/airflow/example_dags/example_params_trigger_ui.py took 0.087 seconds
[2024-04-30T16:15:39.222+0200] {processor.py:161} INFO - Started process (PID=32348) to work on /Users/noejalabert/airflow_venv/lib/python3.11/site-packages/airflow/example_dags/example_params_trigger_ui.py
[2024-04-30T16:15:39.224+0200] {processor.py:830} INFO - Processing file /Users/noejalabert/airflow_venv/lib/python3.11/site-packages/airflow/example_dags/example_params_trigger_ui.py for tasks to queue
[2024-04-30T16:15:39.224+0200] {logging_mixin.py:188} INFO - [2024-04-30T16:15:39.224+0200] {dagbag.py:540} INFO - Filling up the DagBag from /Users/noejalabert/airflow_venv/lib/python3.11/site-packages/airflow/example_dags/example_params_trigger_ui.py
[2024-04-30T16:15:39.244+0200] {processor.py:840} INFO - DAG(s) 'example_params_trigger_ui' retrieved from /Users/noejalabert/airflow_venv/lib/python3.11/site-packages/airflow/example_dags/example_params_trigger_ui.py
[2024-04-30T16:15:39.301+0200] {logging_mixin.py:188} INFO - [2024-04-30T16:15:39.301+0200] {dag.py:3096} INFO - Sync 1 DAGs
[2024-04-30T16:15:39.305+0200] {logging_mixin.py:188} INFO - [2024-04-30T16:15:39.305+0200] {dag.py:3954} INFO - Setting next_dagrun for example_params_trigger_ui to None, run_after=None
[2024-04-30T16:15:39.313+0200] {processor.py:183} INFO - Processing /Users/noejalabert/airflow_venv/lib/python3.11/site-packages/airflow/example_dags/example_params_trigger_ui.py took 0.092 seconds
[2024-04-30T16:17:02.229+0200] {processor.py:161} INFO - Started process (PID=32414) to work on /Users/noejalabert/airflow_venv/lib/python3.11/site-packages/airflow/example_dags/example_params_trigger_ui.py
[2024-04-30T16:17:02.230+0200] {processor.py:830} INFO - Processing file /Users/noejalabert/airflow_venv/lib/python3.11/site-packages/airflow/example_dags/example_params_trigger_ui.py for tasks to queue
[2024-04-30T16:17:02.230+0200] {logging_mixin.py:188} INFO - [2024-04-30T16:17:02.230+0200] {dagbag.py:540} INFO - Filling up the DagBag from /Users/noejalabert/airflow_venv/lib/python3.11/site-packages/airflow/example_dags/example_params_trigger_ui.py
[2024-04-30T16:17:02.248+0200] {processor.py:840} INFO - DAG(s) 'example_params_trigger_ui' retrieved from /Users/noejalabert/airflow_venv/lib/python3.11/site-packages/airflow/example_dags/example_params_trigger_ui.py
[2024-04-30T16:17:02.303+0200] {logging_mixin.py:188} INFO - [2024-04-30T16:17:02.303+0200] {dag.py:3096} INFO - Sync 1 DAGs
[2024-04-30T16:17:02.307+0200] {logging_mixin.py:188} INFO - [2024-04-30T16:17:02.307+0200] {dag.py:3954} INFO - Setting next_dagrun for example_params_trigger_ui to None, run_after=None
[2024-04-30T16:17:02.315+0200] {processor.py:183} INFO - Processing /Users/noejalabert/airflow_venv/lib/python3.11/site-packages/airflow/example_dags/example_params_trigger_ui.py took 0.087 seconds
[2024-04-30T16:18:24.762+0200] {processor.py:161} INFO - Started process (PID=32483) to work on /Users/noejalabert/airflow_venv/lib/python3.11/site-packages/airflow/example_dags/example_params_trigger_ui.py
[2024-04-30T16:18:24.763+0200] {processor.py:830} INFO - Processing file /Users/noejalabert/airflow_venv/lib/python3.11/site-packages/airflow/example_dags/example_params_trigger_ui.py for tasks to queue
[2024-04-30T16:18:24.763+0200] {logging_mixin.py:188} INFO - [2024-04-30T16:18:24.763+0200] {dagbag.py:540} INFO - Filling up the DagBag from /Users/noejalabert/airflow_venv/lib/python3.11/site-packages/airflow/example_dags/example_params_trigger_ui.py
[2024-04-30T16:18:24.781+0200] {processor.py:840} INFO - DAG(s) 'example_params_trigger_ui' retrieved from /Users/noejalabert/airflow_venv/lib/python3.11/site-packages/airflow/example_dags/example_params_trigger_ui.py
[2024-04-30T16:18:24.837+0200] {logging_mixin.py:188} INFO - [2024-04-30T16:18:24.836+0200] {dag.py:3096} INFO - Sync 1 DAGs
[2024-04-30T16:18:24.841+0200] {logging_mixin.py:188} INFO - [2024-04-30T16:18:24.841+0200] {dag.py:3954} INFO - Setting next_dagrun for example_params_trigger_ui to None, run_after=None
[2024-04-30T16:18:24.849+0200] {processor.py:183} INFO - Processing /Users/noejalabert/airflow_venv/lib/python3.11/site-packages/airflow/example_dags/example_params_trigger_ui.py took 0.088 seconds
[2024-04-30T16:19:46.393+0200] {processor.py:161} INFO - Started process (PID=32542) to work on /Users/noejalabert/airflow_venv/lib/python3.11/site-packages/airflow/example_dags/example_params_trigger_ui.py
[2024-04-30T16:19:46.394+0200] {processor.py:830} INFO - Processing file /Users/noejalabert/airflow_venv/lib/python3.11/site-packages/airflow/example_dags/example_params_trigger_ui.py for tasks to queue
[2024-04-30T16:19:46.394+0200] {logging_mixin.py:188} INFO - [2024-04-30T16:19:46.394+0200] {dagbag.py:540} INFO - Filling up the DagBag from /Users/noejalabert/airflow_venv/lib/python3.11/site-packages/airflow/example_dags/example_params_trigger_ui.py
[2024-04-30T16:19:46.412+0200] {processor.py:840} INFO - DAG(s) 'example_params_trigger_ui' retrieved from /Users/noejalabert/airflow_venv/lib/python3.11/site-packages/airflow/example_dags/example_params_trigger_ui.py
[2024-04-30T16:19:46.467+0200] {logging_mixin.py:188} INFO - [2024-04-30T16:19:46.467+0200] {dag.py:3096} INFO - Sync 1 DAGs
[2024-04-30T16:19:46.471+0200] {logging_mixin.py:188} INFO - [2024-04-30T16:19:46.471+0200] {dag.py:3954} INFO - Setting next_dagrun for example_params_trigger_ui to None, run_after=None
[2024-04-30T16:19:46.479+0200] {processor.py:183} INFO - Processing /Users/noejalabert/airflow_venv/lib/python3.11/site-packages/airflow/example_dags/example_params_trigger_ui.py took 0.087 seconds
[2024-04-30T16:21:07.389+0200] {processor.py:161} INFO - Started process (PID=32599) to work on /Users/noejalabert/airflow_venv/lib/python3.11/site-packages/airflow/example_dags/example_params_trigger_ui.py
[2024-04-30T16:21:07.389+0200] {processor.py:830} INFO - Processing file /Users/noejalabert/airflow_venv/lib/python3.11/site-packages/airflow/example_dags/example_params_trigger_ui.py for tasks to queue
[2024-04-30T16:21:07.390+0200] {logging_mixin.py:188} INFO - [2024-04-30T16:21:07.390+0200] {dagbag.py:540} INFO - Filling up the DagBag from /Users/noejalabert/airflow_venv/lib/python3.11/site-packages/airflow/example_dags/example_params_trigger_ui.py
[2024-04-30T16:21:07.408+0200] {processor.py:840} INFO - DAG(s) 'example_params_trigger_ui' retrieved from /Users/noejalabert/airflow_venv/lib/python3.11/site-packages/airflow/example_dags/example_params_trigger_ui.py
[2024-04-30T16:21:07.463+0200] {logging_mixin.py:188} INFO - [2024-04-30T16:21:07.463+0200] {dag.py:3096} INFO - Sync 1 DAGs
[2024-04-30T16:21:07.467+0200] {logging_mixin.py:188} INFO - [2024-04-30T16:21:07.467+0200] {dag.py:3954} INFO - Setting next_dagrun for example_params_trigger_ui to None, run_after=None
[2024-04-30T16:21:07.475+0200] {processor.py:183} INFO - Processing /Users/noejalabert/airflow_venv/lib/python3.11/site-packages/airflow/example_dags/example_params_trigger_ui.py took 0.087 seconds
[2024-04-30T16:22:52.003+0200] {processor.py:161} INFO - Started process (PID=32704) to work on /Users/noejalabert/airflow_venv/lib/python3.11/site-packages/airflow/example_dags/example_params_trigger_ui.py
[2024-04-30T16:22:52.004+0200] {processor.py:830} INFO - Processing file /Users/noejalabert/airflow_venv/lib/python3.11/site-packages/airflow/example_dags/example_params_trigger_ui.py for tasks to queue
[2024-04-30T16:22:52.005+0200] {logging_mixin.py:188} INFO - [2024-04-30T16:22:52.005+0200] {dagbag.py:540} INFO - Filling up the DagBag from /Users/noejalabert/airflow_venv/lib/python3.11/site-packages/airflow/example_dags/example_params_trigger_ui.py
[2024-04-30T16:22:52.023+0200] {processor.py:840} INFO - DAG(s) 'example_params_trigger_ui' retrieved from /Users/noejalabert/airflow_venv/lib/python3.11/site-packages/airflow/example_dags/example_params_trigger_ui.py
[2024-04-30T16:22:52.078+0200] {logging_mixin.py:188} INFO - [2024-04-30T16:22:52.078+0200] {dag.py:3096} INFO - Sync 1 DAGs
[2024-04-30T16:22:52.082+0200] {logging_mixin.py:188} INFO - [2024-04-30T16:22:52.082+0200] {dag.py:3954} INFO - Setting next_dagrun for example_params_trigger_ui to None, run_after=None
[2024-04-30T16:22:52.090+0200] {processor.py:183} INFO - Processing /Users/noejalabert/airflow_venv/lib/python3.11/site-packages/airflow/example_dags/example_params_trigger_ui.py took 0.088 seconds
[2024-04-30T16:24:17.221+0200] {processor.py:161} INFO - Started process (PID=32785) to work on /Users/noejalabert/airflow_venv/lib/python3.11/site-packages/airflow/example_dags/example_params_trigger_ui.py
[2024-04-30T16:24:17.221+0200] {processor.py:830} INFO - Processing file /Users/noejalabert/airflow_venv/lib/python3.11/site-packages/airflow/example_dags/example_params_trigger_ui.py for tasks to queue
[2024-04-30T16:24:17.222+0200] {logging_mixin.py:188} INFO - [2024-04-30T16:24:17.222+0200] {dagbag.py:540} INFO - Filling up the DagBag from /Users/noejalabert/airflow_venv/lib/python3.11/site-packages/airflow/example_dags/example_params_trigger_ui.py
[2024-04-30T16:24:17.240+0200] {processor.py:840} INFO - DAG(s) 'example_params_trigger_ui' retrieved from /Users/noejalabert/airflow_venv/lib/python3.11/site-packages/airflow/example_dags/example_params_trigger_ui.py
[2024-04-30T16:24:17.296+0200] {logging_mixin.py:188} INFO - [2024-04-30T16:24:17.295+0200] {dag.py:3096} INFO - Sync 1 DAGs
[2024-04-30T16:24:17.299+0200] {logging_mixin.py:188} INFO - [2024-04-30T16:24:17.299+0200] {dag.py:3954} INFO - Setting next_dagrun for example_params_trigger_ui to None, run_after=None
[2024-04-30T16:24:17.307+0200] {processor.py:183} INFO - Processing /Users/noejalabert/airflow_venv/lib/python3.11/site-packages/airflow/example_dags/example_params_trigger_ui.py took 0.088 seconds
[2024-04-30T16:25:40.589+0200] {processor.py:161} INFO - Started process (PID=32847) to work on /Users/noejalabert/airflow_venv/lib/python3.11/site-packages/airflow/example_dags/example_params_trigger_ui.py
[2024-04-30T16:25:40.590+0200] {processor.py:830} INFO - Processing file /Users/noejalabert/airflow_venv/lib/python3.11/site-packages/airflow/example_dags/example_params_trigger_ui.py for tasks to queue
[2024-04-30T16:25:40.590+0200] {logging_mixin.py:188} INFO - [2024-04-30T16:25:40.590+0200] {dagbag.py:540} INFO - Filling up the DagBag from /Users/noejalabert/airflow_venv/lib/python3.11/site-packages/airflow/example_dags/example_params_trigger_ui.py
[2024-04-30T16:25:40.609+0200] {processor.py:840} INFO - DAG(s) 'example_params_trigger_ui' retrieved from /Users/noejalabert/airflow_venv/lib/python3.11/site-packages/airflow/example_dags/example_params_trigger_ui.py
[2024-04-30T16:25:40.665+0200] {logging_mixin.py:188} INFO - [2024-04-30T16:25:40.664+0200] {dag.py:3096} INFO - Sync 1 DAGs
[2024-04-30T16:25:40.669+0200] {logging_mixin.py:188} INFO - [2024-04-30T16:25:40.668+0200] {dag.py:3954} INFO - Setting next_dagrun for example_params_trigger_ui to None, run_after=None
[2024-04-30T16:25:40.676+0200] {processor.py:183} INFO - Processing /Users/noejalabert/airflow_venv/lib/python3.11/site-packages/airflow/example_dags/example_params_trigger_ui.py took 0.089 seconds
[2024-04-30T16:27:04.681+0200] {processor.py:161} INFO - Started process (PID=32911) to work on /Users/noejalabert/airflow_venv/lib/python3.11/site-packages/airflow/example_dags/example_params_trigger_ui.py
[2024-04-30T16:27:04.683+0200] {processor.py:830} INFO - Processing file /Users/noejalabert/airflow_venv/lib/python3.11/site-packages/airflow/example_dags/example_params_trigger_ui.py for tasks to queue
[2024-04-30T16:27:04.683+0200] {logging_mixin.py:188} INFO - [2024-04-30T16:27:04.683+0200] {dagbag.py:540} INFO - Filling up the DagBag from /Users/noejalabert/airflow_venv/lib/python3.11/site-packages/airflow/example_dags/example_params_trigger_ui.py
[2024-04-30T16:27:04.701+0200] {processor.py:840} INFO - DAG(s) 'example_params_trigger_ui' retrieved from /Users/noejalabert/airflow_venv/lib/python3.11/site-packages/airflow/example_dags/example_params_trigger_ui.py
[2024-04-30T16:27:04.755+0200] {logging_mixin.py:188} INFO - [2024-04-30T16:27:04.755+0200] {dag.py:3096} INFO - Sync 1 DAGs
[2024-04-30T16:27:04.759+0200] {logging_mixin.py:188} INFO - [2024-04-30T16:27:04.759+0200] {dag.py:3954} INFO - Setting next_dagrun for example_params_trigger_ui to None, run_after=None
[2024-04-30T16:27:04.767+0200] {processor.py:183} INFO - Processing /Users/noejalabert/airflow_venv/lib/python3.11/site-packages/airflow/example_dags/example_params_trigger_ui.py took 0.087 seconds
[2024-04-30T16:28:30.387+0200] {processor.py:161} INFO - Started process (PID=32981) to work on /Users/noejalabert/airflow_venv/lib/python3.11/site-packages/airflow/example_dags/example_params_trigger_ui.py
[2024-04-30T16:28:30.387+0200] {processor.py:830} INFO - Processing file /Users/noejalabert/airflow_venv/lib/python3.11/site-packages/airflow/example_dags/example_params_trigger_ui.py for tasks to queue
[2024-04-30T16:28:30.388+0200] {logging_mixin.py:188} INFO - [2024-04-30T16:28:30.387+0200] {dagbag.py:540} INFO - Filling up the DagBag from /Users/noejalabert/airflow_venv/lib/python3.11/site-packages/airflow/example_dags/example_params_trigger_ui.py
[2024-04-30T16:28:30.410+0200] {processor.py:840} INFO - DAG(s) 'example_params_trigger_ui' retrieved from /Users/noejalabert/airflow_venv/lib/python3.11/site-packages/airflow/example_dags/example_params_trigger_ui.py
[2024-04-30T16:28:30.495+0200] {logging_mixin.py:188} INFO - [2024-04-30T16:28:30.495+0200] {dag.py:3096} INFO - Sync 1 DAGs
[2024-04-30T16:28:30.500+0200] {logging_mixin.py:188} INFO - [2024-04-30T16:28:30.500+0200] {dag.py:3954} INFO - Setting next_dagrun for example_params_trigger_ui to None, run_after=None
[2024-04-30T16:28:30.508+0200] {processor.py:183} INFO - Processing /Users/noejalabert/airflow_venv/lib/python3.11/site-packages/airflow/example_dags/example_params_trigger_ui.py took 0.123 seconds
[2024-04-30T16:29:56.681+0200] {processor.py:161} INFO - Started process (PID=33038) to work on /Users/noejalabert/airflow_venv/lib/python3.11/site-packages/airflow/example_dags/example_params_trigger_ui.py
[2024-04-30T16:29:56.682+0200] {processor.py:830} INFO - Processing file /Users/noejalabert/airflow_venv/lib/python3.11/site-packages/airflow/example_dags/example_params_trigger_ui.py for tasks to queue
[2024-04-30T16:29:56.682+0200] {logging_mixin.py:188} INFO - [2024-04-30T16:29:56.682+0200] {dagbag.py:540} INFO - Filling up the DagBag from /Users/noejalabert/airflow_venv/lib/python3.11/site-packages/airflow/example_dags/example_params_trigger_ui.py
[2024-04-30T16:29:56.700+0200] {processor.py:840} INFO - DAG(s) 'example_params_trigger_ui' retrieved from /Users/noejalabert/airflow_venv/lib/python3.11/site-packages/airflow/example_dags/example_params_trigger_ui.py
[2024-04-30T16:29:56.755+0200] {logging_mixin.py:188} INFO - [2024-04-30T16:29:56.755+0200] {dag.py:3096} INFO - Sync 1 DAGs
[2024-04-30T16:29:56.759+0200] {logging_mixin.py:188} INFO - [2024-04-30T16:29:56.759+0200] {dag.py:3954} INFO - Setting next_dagrun for example_params_trigger_ui to None, run_after=None
[2024-04-30T16:29:56.767+0200] {processor.py:183} INFO - Processing /Users/noejalabert/airflow_venv/lib/python3.11/site-packages/airflow/example_dags/example_params_trigger_ui.py took 0.087 seconds
