[2024-04-30T14:48:49.868+0200] {processor.py:161} INFO - Started process (PID=28419) to work on /Users/noejalabert/airflow_venv/lib/python3.11/site-packages/airflow/example_dags/subdags/subdag.py
[2024-04-30T14:48:49.868+0200] {processor.py:830} INFO - Processing file /Users/noejalabert/airflow_venv/lib/python3.11/site-packages/airflow/example_dags/subdags/subdag.py for tasks to queue
[2024-04-30T14:48:49.868+0200] {logging_mixin.py:188} INFO - [2024-04-30T14:48:49.868+0200] {dagbag.py:540} INFO - Filling up the DagBag from /Users/noejalabert/airflow_venv/lib/python3.11/site-packages/airflow/example_dags/subdags/subdag.py
[2024-04-30T14:48:49.870+0200] {processor.py:842} WARNING - No viable dags retrieved from /Users/noejalabert/airflow_venv/lib/python3.11/site-packages/airflow/example_dags/subdags/subdag.py
[2024-04-30T14:48:49.906+0200] {processor.py:183} INFO - Processing /Users/noejalabert/airflow_venv/lib/python3.11/site-packages/airflow/example_dags/subdags/subdag.py took 0.040 seconds
[2024-04-30T14:50:14.685+0200] {processor.py:161} INFO - Started process (PID=28478) to work on /Users/noejalabert/airflow_venv/lib/python3.11/site-packages/airflow/example_dags/subdags/subdag.py
[2024-04-30T14:50:14.686+0200] {processor.py:830} INFO - Processing file /Users/noejalabert/airflow_venv/lib/python3.11/site-packages/airflow/example_dags/subdags/subdag.py for tasks to queue
[2024-04-30T14:50:14.686+0200] {logging_mixin.py:188} INFO - [2024-04-30T14:50:14.686+0200] {dagbag.py:540} INFO - Filling up the DagBag from /Users/noejalabert/airflow_venv/lib/python3.11/site-packages/airflow/example_dags/subdags/subdag.py
[2024-04-30T14:50:14.687+0200] {processor.py:842} WARNING - No viable dags retrieved from /Users/noejalabert/airflow_venv/lib/python3.11/site-packages/airflow/example_dags/subdags/subdag.py
[2024-04-30T14:50:14.721+0200] {processor.py:183} INFO - Processing /Users/noejalabert/airflow_venv/lib/python3.11/site-packages/airflow/example_dags/subdags/subdag.py took 0.037 seconds
[2024-04-30T14:51:09.874+0200] {processor.py:161} INFO - Started process (PID=28513) to work on /Users/noejalabert/airflow_venv/lib/python3.11/site-packages/airflow/example_dags/subdags/subdag.py
[2024-04-30T14:51:09.875+0200] {processor.py:830} INFO - Processing file /Users/noejalabert/airflow_venv/lib/python3.11/site-packages/airflow/example_dags/subdags/subdag.py for tasks to queue
[2024-04-30T14:51:09.875+0200] {logging_mixin.py:188} INFO - [2024-04-30T14:51:09.875+0200] {dagbag.py:540} INFO - Filling up the DagBag from /Users/noejalabert/airflow_venv/lib/python3.11/site-packages/airflow/example_dags/subdags/subdag.py
[2024-04-30T14:51:09.876+0200] {processor.py:842} WARNING - No viable dags retrieved from /Users/noejalabert/airflow_venv/lib/python3.11/site-packages/airflow/example_dags/subdags/subdag.py
[2024-04-30T14:51:09.910+0200] {processor.py:183} INFO - Processing /Users/noejalabert/airflow_venv/lib/python3.11/site-packages/airflow/example_dags/subdags/subdag.py took 0.037 seconds
[2024-04-30T14:52:04.762+0200] {processor.py:161} INFO - Started process (PID=28549) to work on /Users/noejalabert/airflow_venv/lib/python3.11/site-packages/airflow/example_dags/subdags/subdag.py
[2024-04-30T14:52:04.764+0200] {processor.py:830} INFO - Processing file /Users/noejalabert/airflow_venv/lib/python3.11/site-packages/airflow/example_dags/subdags/subdag.py for tasks to queue
[2024-04-30T14:52:04.764+0200] {logging_mixin.py:188} INFO - [2024-04-30T14:52:04.764+0200] {dagbag.py:540} INFO - Filling up the DagBag from /Users/noejalabert/airflow_venv/lib/python3.11/site-packages/airflow/example_dags/subdags/subdag.py
[2024-04-30T14:52:04.765+0200] {processor.py:842} WARNING - No viable dags retrieved from /Users/noejalabert/airflow_venv/lib/python3.11/site-packages/airflow/example_dags/subdags/subdag.py
[2024-04-30T14:52:04.799+0200] {processor.py:183} INFO - Processing /Users/noejalabert/airflow_venv/lib/python3.11/site-packages/airflow/example_dags/subdags/subdag.py took 0.038 seconds
[2024-04-30T14:53:02.618+0200] {processor.py:161} INFO - Started process (PID=28596) to work on /Users/noejalabert/airflow_venv/lib/python3.11/site-packages/airflow/example_dags/subdags/subdag.py
[2024-04-30T14:53:02.619+0200] {processor.py:830} INFO - Processing file /Users/noejalabert/airflow_venv/lib/python3.11/site-packages/airflow/example_dags/subdags/subdag.py for tasks to queue
[2024-04-30T14:53:02.619+0200] {logging_mixin.py:188} INFO - [2024-04-30T14:53:02.619+0200] {dagbag.py:540} INFO - Filling up the DagBag from /Users/noejalabert/airflow_venv/lib/python3.11/site-packages/airflow/example_dags/subdags/subdag.py
[2024-04-30T14:53:02.620+0200] {processor.py:842} WARNING - No viable dags retrieved from /Users/noejalabert/airflow_venv/lib/python3.11/site-packages/airflow/example_dags/subdags/subdag.py
[2024-04-30T14:53:02.655+0200] {processor.py:183} INFO - Processing /Users/noejalabert/airflow_venv/lib/python3.11/site-packages/airflow/example_dags/subdags/subdag.py took 0.038 seconds
[2024-04-30T14:53:58.514+0200] {processor.py:161} INFO - Started process (PID=28630) to work on /Users/noejalabert/airflow_venv/lib/python3.11/site-packages/airflow/example_dags/subdags/subdag.py
[2024-04-30T14:53:58.515+0200] {processor.py:830} INFO - Processing file /Users/noejalabert/airflow_venv/lib/python3.11/site-packages/airflow/example_dags/subdags/subdag.py for tasks to queue
[2024-04-30T14:53:58.515+0200] {logging_mixin.py:188} INFO - [2024-04-30T14:53:58.515+0200] {dagbag.py:540} INFO - Filling up the DagBag from /Users/noejalabert/airflow_venv/lib/python3.11/site-packages/airflow/example_dags/subdags/subdag.py
[2024-04-30T14:53:58.516+0200] {processor.py:842} WARNING - No viable dags retrieved from /Users/noejalabert/airflow_venv/lib/python3.11/site-packages/airflow/example_dags/subdags/subdag.py
[2024-04-30T14:53:58.550+0200] {processor.py:183} INFO - Processing /Users/noejalabert/airflow_venv/lib/python3.11/site-packages/airflow/example_dags/subdags/subdag.py took 0.037 seconds
[2024-04-30T14:54:52.163+0200] {processor.py:161} INFO - Started process (PID=28664) to work on /Users/noejalabert/airflow_venv/lib/python3.11/site-packages/airflow/example_dags/subdags/subdag.py
[2024-04-30T14:54:52.164+0200] {processor.py:830} INFO - Processing file /Users/noejalabert/airflow_venv/lib/python3.11/site-packages/airflow/example_dags/subdags/subdag.py for tasks to queue
[2024-04-30T14:54:52.164+0200] {logging_mixin.py:188} INFO - [2024-04-30T14:54:52.164+0200] {dagbag.py:540} INFO - Filling up the DagBag from /Users/noejalabert/airflow_venv/lib/python3.11/site-packages/airflow/example_dags/subdags/subdag.py
[2024-04-30T14:54:52.165+0200] {processor.py:842} WARNING - No viable dags retrieved from /Users/noejalabert/airflow_venv/lib/python3.11/site-packages/airflow/example_dags/subdags/subdag.py
[2024-04-30T14:54:52.199+0200] {processor.py:183} INFO - Processing /Users/noejalabert/airflow_venv/lib/python3.11/site-packages/airflow/example_dags/subdags/subdag.py took 0.037 seconds
[2024-04-30T14:55:51.115+0200] {processor.py:161} INFO - Started process (PID=28708) to work on /Users/noejalabert/airflow_venv/lib/python3.11/site-packages/airflow/example_dags/subdags/subdag.py
[2024-04-30T14:55:51.115+0200] {processor.py:830} INFO - Processing file /Users/noejalabert/airflow_venv/lib/python3.11/site-packages/airflow/example_dags/subdags/subdag.py for tasks to queue
[2024-04-30T14:55:51.116+0200] {logging_mixin.py:188} INFO - [2024-04-30T14:55:51.116+0200] {dagbag.py:540} INFO - Filling up the DagBag from /Users/noejalabert/airflow_venv/lib/python3.11/site-packages/airflow/example_dags/subdags/subdag.py
[2024-04-30T14:55:51.117+0200] {processor.py:842} WARNING - No viable dags retrieved from /Users/noejalabert/airflow_venv/lib/python3.11/site-packages/airflow/example_dags/subdags/subdag.py
[2024-04-30T14:55:51.151+0200] {processor.py:183} INFO - Processing /Users/noejalabert/airflow_venv/lib/python3.11/site-packages/airflow/example_dags/subdags/subdag.py took 0.037 seconds
[2024-04-30T14:56:47.544+0200] {processor.py:161} INFO - Started process (PID=28749) to work on /Users/noejalabert/airflow_venv/lib/python3.11/site-packages/airflow/example_dags/subdags/subdag.py
[2024-04-30T14:56:47.545+0200] {processor.py:830} INFO - Processing file /Users/noejalabert/airflow_venv/lib/python3.11/site-packages/airflow/example_dags/subdags/subdag.py for tasks to queue
[2024-04-30T14:56:47.545+0200] {logging_mixin.py:188} INFO - [2024-04-30T14:56:47.545+0200] {dagbag.py:540} INFO - Filling up the DagBag from /Users/noejalabert/airflow_venv/lib/python3.11/site-packages/airflow/example_dags/subdags/subdag.py
[2024-04-30T14:56:47.546+0200] {processor.py:842} WARNING - No viable dags retrieved from /Users/noejalabert/airflow_venv/lib/python3.11/site-packages/airflow/example_dags/subdags/subdag.py
[2024-04-30T14:56:47.581+0200] {processor.py:183} INFO - Processing /Users/noejalabert/airflow_venv/lib/python3.11/site-packages/airflow/example_dags/subdags/subdag.py took 0.039 seconds
[2024-04-30T14:57:50.551+0200] {processor.py:161} INFO - Started process (PID=28817) to work on /Users/noejalabert/airflow_venv/lib/python3.11/site-packages/airflow/example_dags/subdags/subdag.py
[2024-04-30T14:57:50.551+0200] {processor.py:830} INFO - Processing file /Users/noejalabert/airflow_venv/lib/python3.11/site-packages/airflow/example_dags/subdags/subdag.py for tasks to queue
[2024-04-30T14:57:50.552+0200] {logging_mixin.py:188} INFO - [2024-04-30T14:57:50.552+0200] {dagbag.py:540} INFO - Filling up the DagBag from /Users/noejalabert/airflow_venv/lib/python3.11/site-packages/airflow/example_dags/subdags/subdag.py
[2024-04-30T14:57:50.553+0200] {processor.py:842} WARNING - No viable dags retrieved from /Users/noejalabert/airflow_venv/lib/python3.11/site-packages/airflow/example_dags/subdags/subdag.py
[2024-04-30T14:57:50.588+0200] {processor.py:183} INFO - Processing /Users/noejalabert/airflow_venv/lib/python3.11/site-packages/airflow/example_dags/subdags/subdag.py took 0.038 seconds
[2024-04-30T14:58:56.084+0200] {processor.py:161} INFO - Started process (PID=28856) to work on /Users/noejalabert/airflow_venv/lib/python3.11/site-packages/airflow/example_dags/subdags/subdag.py
[2024-04-30T14:58:56.084+0200] {processor.py:830} INFO - Processing file /Users/noejalabert/airflow_venv/lib/python3.11/site-packages/airflow/example_dags/subdags/subdag.py for tasks to queue
[2024-04-30T14:58:56.085+0200] {logging_mixin.py:188} INFO - [2024-04-30T14:58:56.085+0200] {dagbag.py:540} INFO - Filling up the DagBag from /Users/noejalabert/airflow_venv/lib/python3.11/site-packages/airflow/example_dags/subdags/subdag.py
[2024-04-30T14:58:56.086+0200] {processor.py:842} WARNING - No viable dags retrieved from /Users/noejalabert/airflow_venv/lib/python3.11/site-packages/airflow/example_dags/subdags/subdag.py
[2024-04-30T14:58:56.120+0200] {processor.py:183} INFO - Processing /Users/noejalabert/airflow_venv/lib/python3.11/site-packages/airflow/example_dags/subdags/subdag.py took 0.038 seconds
[2024-04-30T14:59:56.477+0200] {processor.py:161} INFO - Started process (PID=28897) to work on /Users/noejalabert/airflow_venv/lib/python3.11/site-packages/airflow/example_dags/subdags/subdag.py
[2024-04-30T14:59:56.478+0200] {processor.py:830} INFO - Processing file /Users/noejalabert/airflow_venv/lib/python3.11/site-packages/airflow/example_dags/subdags/subdag.py for tasks to queue
[2024-04-30T14:59:56.479+0200] {logging_mixin.py:188} INFO - [2024-04-30T14:59:56.479+0200] {dagbag.py:540} INFO - Filling up the DagBag from /Users/noejalabert/airflow_venv/lib/python3.11/site-packages/airflow/example_dags/subdags/subdag.py
[2024-04-30T14:59:56.480+0200] {processor.py:842} WARNING - No viable dags retrieved from /Users/noejalabert/airflow_venv/lib/python3.11/site-packages/airflow/example_dags/subdags/subdag.py
[2024-04-30T14:59:56.514+0200] {processor.py:183} INFO - Processing /Users/noejalabert/airflow_venv/lib/python3.11/site-packages/airflow/example_dags/subdags/subdag.py took 0.038 seconds
[2024-04-30T15:00:56.985+0200] {processor.py:161} INFO - Started process (PID=28939) to work on /Users/noejalabert/airflow_venv/lib/python3.11/site-packages/airflow/example_dags/subdags/subdag.py
[2024-04-30T15:00:56.986+0200] {processor.py:830} INFO - Processing file /Users/noejalabert/airflow_venv/lib/python3.11/site-packages/airflow/example_dags/subdags/subdag.py for tasks to queue
[2024-04-30T15:00:56.987+0200] {logging_mixin.py:188} INFO - [2024-04-30T15:00:56.987+0200] {dagbag.py:540} INFO - Filling up the DagBag from /Users/noejalabert/airflow_venv/lib/python3.11/site-packages/airflow/example_dags/subdags/subdag.py
[2024-04-30T15:00:56.988+0200] {processor.py:842} WARNING - No viable dags retrieved from /Users/noejalabert/airflow_venv/lib/python3.11/site-packages/airflow/example_dags/subdags/subdag.py
[2024-04-30T15:00:57.022+0200] {processor.py:183} INFO - Processing /Users/noejalabert/airflow_venv/lib/python3.11/site-packages/airflow/example_dags/subdags/subdag.py took 0.038 seconds
[2024-04-30T15:02:14.354+0200] {processor.py:161} INFO - Started process (PID=29019) to work on /Users/noejalabert/airflow_venv/lib/python3.11/site-packages/airflow/example_dags/subdags/subdag.py
[2024-04-30T15:02:14.354+0200] {processor.py:830} INFO - Processing file /Users/noejalabert/airflow_venv/lib/python3.11/site-packages/airflow/example_dags/subdags/subdag.py for tasks to queue
[2024-04-30T15:02:14.355+0200] {logging_mixin.py:188} INFO - [2024-04-30T15:02:14.355+0200] {dagbag.py:540} INFO - Filling up the DagBag from /Users/noejalabert/airflow_venv/lib/python3.11/site-packages/airflow/example_dags/subdags/subdag.py
[2024-04-30T15:02:14.355+0200] {processor.py:842} WARNING - No viable dags retrieved from /Users/noejalabert/airflow_venv/lib/python3.11/site-packages/airflow/example_dags/subdags/subdag.py
[2024-04-30T15:02:14.392+0200] {processor.py:183} INFO - Processing /Users/noejalabert/airflow_venv/lib/python3.11/site-packages/airflow/example_dags/subdags/subdag.py took 0.040 seconds
[2024-04-30T15:03:22.386+0200] {processor.py:161} INFO - Started process (PID=29068) to work on /Users/noejalabert/airflow_venv/lib/python3.11/site-packages/airflow/example_dags/subdags/subdag.py
[2024-04-30T15:03:22.387+0200] {processor.py:830} INFO - Processing file /Users/noejalabert/airflow_venv/lib/python3.11/site-packages/airflow/example_dags/subdags/subdag.py for tasks to queue
[2024-04-30T15:03:22.387+0200] {logging_mixin.py:188} INFO - [2024-04-30T15:03:22.387+0200] {dagbag.py:540} INFO - Filling up the DagBag from /Users/noejalabert/airflow_venv/lib/python3.11/site-packages/airflow/example_dags/subdags/subdag.py
[2024-04-30T15:03:22.388+0200] {processor.py:842} WARNING - No viable dags retrieved from /Users/noejalabert/airflow_venv/lib/python3.11/site-packages/airflow/example_dags/subdags/subdag.py
[2024-04-30T15:03:22.423+0200] {processor.py:183} INFO - Processing /Users/noejalabert/airflow_venv/lib/python3.11/site-packages/airflow/example_dags/subdags/subdag.py took 0.038 seconds
[2024-04-30T15:04:22.243+0200] {processor.py:161} INFO - Started process (PID=29104) to work on /Users/noejalabert/airflow_venv/lib/python3.11/site-packages/airflow/example_dags/subdags/subdag.py
[2024-04-30T15:04:22.243+0200] {processor.py:830} INFO - Processing file /Users/noejalabert/airflow_venv/lib/python3.11/site-packages/airflow/example_dags/subdags/subdag.py for tasks to queue
[2024-04-30T15:04:22.244+0200] {logging_mixin.py:188} INFO - [2024-04-30T15:04:22.243+0200] {dagbag.py:540} INFO - Filling up the DagBag from /Users/noejalabert/airflow_venv/lib/python3.11/site-packages/airflow/example_dags/subdags/subdag.py
[2024-04-30T15:04:22.244+0200] {processor.py:842} WARNING - No viable dags retrieved from /Users/noejalabert/airflow_venv/lib/python3.11/site-packages/airflow/example_dags/subdags/subdag.py
[2024-04-30T15:04:22.279+0200] {processor.py:183} INFO - Processing /Users/noejalabert/airflow_venv/lib/python3.11/site-packages/airflow/example_dags/subdags/subdag.py took 0.037 seconds
[2024-04-30T15:05:19.205+0200] {processor.py:161} INFO - Started process (PID=29145) to work on /Users/noejalabert/airflow_venv/lib/python3.11/site-packages/airflow/example_dags/subdags/subdag.py
[2024-04-30T15:05:19.205+0200] {processor.py:830} INFO - Processing file /Users/noejalabert/airflow_venv/lib/python3.11/site-packages/airflow/example_dags/subdags/subdag.py for tasks to queue
[2024-04-30T15:05:19.206+0200] {logging_mixin.py:188} INFO - [2024-04-30T15:05:19.206+0200] {dagbag.py:540} INFO - Filling up the DagBag from /Users/noejalabert/airflow_venv/lib/python3.11/site-packages/airflow/example_dags/subdags/subdag.py
[2024-04-30T15:05:19.207+0200] {processor.py:842} WARNING - No viable dags retrieved from /Users/noejalabert/airflow_venv/lib/python3.11/site-packages/airflow/example_dags/subdags/subdag.py
[2024-04-30T15:05:19.241+0200] {processor.py:183} INFO - Processing /Users/noejalabert/airflow_venv/lib/python3.11/site-packages/airflow/example_dags/subdags/subdag.py took 0.037 seconds
[2024-04-30T15:07:04.031+0200] {processor.py:161} INFO - Started process (PID=29220) to work on /Users/noejalabert/airflow_venv/lib/python3.11/site-packages/airflow/example_dags/subdags/subdag.py
[2024-04-30T15:07:04.032+0200] {processor.py:830} INFO - Processing file /Users/noejalabert/airflow_venv/lib/python3.11/site-packages/airflow/example_dags/subdags/subdag.py for tasks to queue
[2024-04-30T15:07:04.033+0200] {logging_mixin.py:188} INFO - [2024-04-30T15:07:04.033+0200] {dagbag.py:540} INFO - Filling up the DagBag from /Users/noejalabert/airflow_venv/lib/python3.11/site-packages/airflow/example_dags/subdags/subdag.py
[2024-04-30T15:07:04.034+0200] {processor.py:842} WARNING - No viable dags retrieved from /Users/noejalabert/airflow_venv/lib/python3.11/site-packages/airflow/example_dags/subdags/subdag.py
[2024-04-30T15:07:04.068+0200] {processor.py:183} INFO - Processing /Users/noejalabert/airflow_venv/lib/python3.11/site-packages/airflow/example_dags/subdags/subdag.py took 0.038 seconds
[2024-04-30T15:07:58.835+0200] {processor.py:161} INFO - Started process (PID=29257) to work on /Users/noejalabert/airflow_venv/lib/python3.11/site-packages/airflow/example_dags/subdags/subdag.py
[2024-04-30T15:07:58.836+0200] {processor.py:830} INFO - Processing file /Users/noejalabert/airflow_venv/lib/python3.11/site-packages/airflow/example_dags/subdags/subdag.py for tasks to queue
[2024-04-30T15:07:58.836+0200] {logging_mixin.py:188} INFO - [2024-04-30T15:07:58.836+0200] {dagbag.py:540} INFO - Filling up the DagBag from /Users/noejalabert/airflow_venv/lib/python3.11/site-packages/airflow/example_dags/subdags/subdag.py
[2024-04-30T15:07:58.837+0200] {processor.py:842} WARNING - No viable dags retrieved from /Users/noejalabert/airflow_venv/lib/python3.11/site-packages/airflow/example_dags/subdags/subdag.py
[2024-04-30T15:07:58.872+0200] {processor.py:183} INFO - Processing /Users/noejalabert/airflow_venv/lib/python3.11/site-packages/airflow/example_dags/subdags/subdag.py took 0.038 seconds
[2024-04-30T15:08:53.389+0200] {processor.py:161} INFO - Started process (PID=29291) to work on /Users/noejalabert/airflow_venv/lib/python3.11/site-packages/airflow/example_dags/subdags/subdag.py
[2024-04-30T15:08:53.389+0200] {processor.py:830} INFO - Processing file /Users/noejalabert/airflow_venv/lib/python3.11/site-packages/airflow/example_dags/subdags/subdag.py for tasks to queue
[2024-04-30T15:08:53.390+0200] {logging_mixin.py:188} INFO - [2024-04-30T15:08:53.389+0200] {dagbag.py:540} INFO - Filling up the DagBag from /Users/noejalabert/airflow_venv/lib/python3.11/site-packages/airflow/example_dags/subdags/subdag.py
[2024-04-30T15:08:53.390+0200] {processor.py:842} WARNING - No viable dags retrieved from /Users/noejalabert/airflow_venv/lib/python3.11/site-packages/airflow/example_dags/subdags/subdag.py
[2024-04-30T15:08:53.425+0200] {processor.py:183} INFO - Processing /Users/noejalabert/airflow_venv/lib/python3.11/site-packages/airflow/example_dags/subdags/subdag.py took 0.038 seconds
[2024-04-30T15:09:50.583+0200] {processor.py:161} INFO - Started process (PID=29327) to work on /Users/noejalabert/airflow_venv/lib/python3.11/site-packages/airflow/example_dags/subdags/subdag.py
[2024-04-30T15:09:50.583+0200] {processor.py:830} INFO - Processing file /Users/noejalabert/airflow_venv/lib/python3.11/site-packages/airflow/example_dags/subdags/subdag.py for tasks to queue
[2024-04-30T15:09:50.584+0200] {logging_mixin.py:188} INFO - [2024-04-30T15:09:50.584+0200] {dagbag.py:540} INFO - Filling up the DagBag from /Users/noejalabert/airflow_venv/lib/python3.11/site-packages/airflow/example_dags/subdags/subdag.py
[2024-04-30T15:09:50.585+0200] {processor.py:842} WARNING - No viable dags retrieved from /Users/noejalabert/airflow_venv/lib/python3.11/site-packages/airflow/example_dags/subdags/subdag.py
[2024-04-30T15:09:50.619+0200] {processor.py:183} INFO - Processing /Users/noejalabert/airflow_venv/lib/python3.11/site-packages/airflow/example_dags/subdags/subdag.py took 0.037 seconds
[2024-04-30T15:10:47.755+0200] {processor.py:161} INFO - Started process (PID=29361) to work on /Users/noejalabert/airflow_venv/lib/python3.11/site-packages/airflow/example_dags/subdags/subdag.py
[2024-04-30T15:10:47.755+0200] {processor.py:830} INFO - Processing file /Users/noejalabert/airflow_venv/lib/python3.11/site-packages/airflow/example_dags/subdags/subdag.py for tasks to queue
[2024-04-30T15:10:47.756+0200] {logging_mixin.py:188} INFO - [2024-04-30T15:10:47.756+0200] {dagbag.py:540} INFO - Filling up the DagBag from /Users/noejalabert/airflow_venv/lib/python3.11/site-packages/airflow/example_dags/subdags/subdag.py
[2024-04-30T15:10:47.757+0200] {processor.py:842} WARNING - No viable dags retrieved from /Users/noejalabert/airflow_venv/lib/python3.11/site-packages/airflow/example_dags/subdags/subdag.py
[2024-04-30T15:10:47.791+0200] {processor.py:183} INFO - Processing /Users/noejalabert/airflow_venv/lib/python3.11/site-packages/airflow/example_dags/subdags/subdag.py took 0.037 seconds
[2024-04-30T15:11:44.825+0200] {processor.py:161} INFO - Started process (PID=29403) to work on /Users/noejalabert/airflow_venv/lib/python3.11/site-packages/airflow/example_dags/subdags/subdag.py
[2024-04-30T15:11:44.825+0200] {processor.py:830} INFO - Processing file /Users/noejalabert/airflow_venv/lib/python3.11/site-packages/airflow/example_dags/subdags/subdag.py for tasks to queue
[2024-04-30T15:11:44.826+0200] {logging_mixin.py:188} INFO - [2024-04-30T15:11:44.826+0200] {dagbag.py:540} INFO - Filling up the DagBag from /Users/noejalabert/airflow_venv/lib/python3.11/site-packages/airflow/example_dags/subdags/subdag.py
[2024-04-30T15:11:44.827+0200] {processor.py:842} WARNING - No viable dags retrieved from /Users/noejalabert/airflow_venv/lib/python3.11/site-packages/airflow/example_dags/subdags/subdag.py
[2024-04-30T15:11:44.862+0200] {processor.py:183} INFO - Processing /Users/noejalabert/airflow_venv/lib/python3.11/site-packages/airflow/example_dags/subdags/subdag.py took 0.038 seconds
[2024-04-30T15:12:41.769+0200] {processor.py:161} INFO - Started process (PID=29440) to work on /Users/noejalabert/airflow_venv/lib/python3.11/site-packages/airflow/example_dags/subdags/subdag.py
[2024-04-30T15:12:41.770+0200] {processor.py:830} INFO - Processing file /Users/noejalabert/airflow_venv/lib/python3.11/site-packages/airflow/example_dags/subdags/subdag.py for tasks to queue
[2024-04-30T15:12:41.770+0200] {logging_mixin.py:188} INFO - [2024-04-30T15:12:41.770+0200] {dagbag.py:540} INFO - Filling up the DagBag from /Users/noejalabert/airflow_venv/lib/python3.11/site-packages/airflow/example_dags/subdags/subdag.py
[2024-04-30T15:12:41.771+0200] {processor.py:842} WARNING - No viable dags retrieved from /Users/noejalabert/airflow_venv/lib/python3.11/site-packages/airflow/example_dags/subdags/subdag.py
[2024-04-30T15:12:41.805+0200] {processor.py:183} INFO - Processing /Users/noejalabert/airflow_venv/lib/python3.11/site-packages/airflow/example_dags/subdags/subdag.py took 0.037 seconds
[2024-04-30T15:13:37.797+0200] {processor.py:161} INFO - Started process (PID=29475) to work on /Users/noejalabert/airflow_venv/lib/python3.11/site-packages/airflow/example_dags/subdags/subdag.py
[2024-04-30T15:13:37.797+0200] {processor.py:830} INFO - Processing file /Users/noejalabert/airflow_venv/lib/python3.11/site-packages/airflow/example_dags/subdags/subdag.py for tasks to queue
[2024-04-30T15:13:37.798+0200] {logging_mixin.py:188} INFO - [2024-04-30T15:13:37.798+0200] {dagbag.py:540} INFO - Filling up the DagBag from /Users/noejalabert/airflow_venv/lib/python3.11/site-packages/airflow/example_dags/subdags/subdag.py
[2024-04-30T15:13:37.799+0200] {processor.py:842} WARNING - No viable dags retrieved from /Users/noejalabert/airflow_venv/lib/python3.11/site-packages/airflow/example_dags/subdags/subdag.py
[2024-04-30T15:13:37.834+0200] {processor.py:183} INFO - Processing /Users/noejalabert/airflow_venv/lib/python3.11/site-packages/airflow/example_dags/subdags/subdag.py took 0.038 seconds
[2024-04-30T15:14:32.031+0200] {processor.py:161} INFO - Started process (PID=29510) to work on /Users/noejalabert/airflow_venv/lib/python3.11/site-packages/airflow/example_dags/subdags/subdag.py
[2024-04-30T15:14:32.031+0200] {processor.py:830} INFO - Processing file /Users/noejalabert/airflow_venv/lib/python3.11/site-packages/airflow/example_dags/subdags/subdag.py for tasks to queue
[2024-04-30T15:14:32.032+0200] {logging_mixin.py:188} INFO - [2024-04-30T15:14:32.031+0200] {dagbag.py:540} INFO - Filling up the DagBag from /Users/noejalabert/airflow_venv/lib/python3.11/site-packages/airflow/example_dags/subdags/subdag.py
[2024-04-30T15:14:32.032+0200] {processor.py:842} WARNING - No viable dags retrieved from /Users/noejalabert/airflow_venv/lib/python3.11/site-packages/airflow/example_dags/subdags/subdag.py
[2024-04-30T15:14:32.067+0200] {processor.py:183} INFO - Processing /Users/noejalabert/airflow_venv/lib/python3.11/site-packages/airflow/example_dags/subdags/subdag.py took 0.038 seconds
[2024-04-30T15:15:25.804+0200] {processor.py:161} INFO - Started process (PID=29546) to work on /Users/noejalabert/airflow_venv/lib/python3.11/site-packages/airflow/example_dags/subdags/subdag.py
[2024-04-30T15:15:25.805+0200] {processor.py:830} INFO - Processing file /Users/noejalabert/airflow_venv/lib/python3.11/site-packages/airflow/example_dags/subdags/subdag.py for tasks to queue
[2024-04-30T15:15:25.805+0200] {logging_mixin.py:188} INFO - [2024-04-30T15:15:25.805+0200] {dagbag.py:540} INFO - Filling up the DagBag from /Users/noejalabert/airflow_venv/lib/python3.11/site-packages/airflow/example_dags/subdags/subdag.py
[2024-04-30T15:15:25.806+0200] {processor.py:842} WARNING - No viable dags retrieved from /Users/noejalabert/airflow_venv/lib/python3.11/site-packages/airflow/example_dags/subdags/subdag.py
[2024-04-30T15:15:25.840+0200] {processor.py:183} INFO - Processing /Users/noejalabert/airflow_venv/lib/python3.11/site-packages/airflow/example_dags/subdags/subdag.py took 0.038 seconds
[2024-04-30T15:16:23.676+0200] {processor.py:161} INFO - Started process (PID=29593) to work on /Users/noejalabert/airflow_venv/lib/python3.11/site-packages/airflow/example_dags/subdags/subdag.py
[2024-04-30T15:16:23.677+0200] {processor.py:830} INFO - Processing file /Users/noejalabert/airflow_venv/lib/python3.11/site-packages/airflow/example_dags/subdags/subdag.py for tasks to queue
[2024-04-30T15:16:23.677+0200] {logging_mixin.py:188} INFO - [2024-04-30T15:16:23.677+0200] {dagbag.py:540} INFO - Filling up the DagBag from /Users/noejalabert/airflow_venv/lib/python3.11/site-packages/airflow/example_dags/subdags/subdag.py
[2024-04-30T15:16:23.678+0200] {processor.py:842} WARNING - No viable dags retrieved from /Users/noejalabert/airflow_venv/lib/python3.11/site-packages/airflow/example_dags/subdags/subdag.py
[2024-04-30T15:16:23.713+0200] {processor.py:183} INFO - Processing /Users/noejalabert/airflow_venv/lib/python3.11/site-packages/airflow/example_dags/subdags/subdag.py took 0.038 seconds
[2024-04-30T15:17:19.694+0200] {processor.py:161} INFO - Started process (PID=29647) to work on /Users/noejalabert/airflow_venv/lib/python3.11/site-packages/airflow/example_dags/subdags/subdag.py
[2024-04-30T15:17:19.696+0200] {processor.py:830} INFO - Processing file /Users/noejalabert/airflow_venv/lib/python3.11/site-packages/airflow/example_dags/subdags/subdag.py for tasks to queue
[2024-04-30T15:17:19.696+0200] {logging_mixin.py:188} INFO - [2024-04-30T15:17:19.696+0200] {dagbag.py:540} INFO - Filling up the DagBag from /Users/noejalabert/airflow_venv/lib/python3.11/site-packages/airflow/example_dags/subdags/subdag.py
[2024-04-30T15:17:19.697+0200] {processor.py:842} WARNING - No viable dags retrieved from /Users/noejalabert/airflow_venv/lib/python3.11/site-packages/airflow/example_dags/subdags/subdag.py
[2024-04-30T15:17:19.732+0200] {processor.py:183} INFO - Processing /Users/noejalabert/airflow_venv/lib/python3.11/site-packages/airflow/example_dags/subdags/subdag.py took 0.039 seconds
[2024-04-30T15:18:21.863+0200] {processor.py:161} INFO - Started process (PID=29866) to work on /Users/noejalabert/airflow_venv/lib/python3.11/site-packages/airflow/example_dags/subdags/subdag.py
[2024-04-30T15:18:21.863+0200] {processor.py:830} INFO - Processing file /Users/noejalabert/airflow_venv/lib/python3.11/site-packages/airflow/example_dags/subdags/subdag.py for tasks to queue
[2024-04-30T15:18:21.864+0200] {logging_mixin.py:188} INFO - [2024-04-30T15:18:21.864+0200] {dagbag.py:540} INFO - Filling up the DagBag from /Users/noejalabert/airflow_venv/lib/python3.11/site-packages/airflow/example_dags/subdags/subdag.py
[2024-04-30T15:18:21.865+0200] {processor.py:842} WARNING - No viable dags retrieved from /Users/noejalabert/airflow_venv/lib/python3.11/site-packages/airflow/example_dags/subdags/subdag.py
[2024-04-30T15:18:21.899+0200] {processor.py:183} INFO - Processing /Users/noejalabert/airflow_venv/lib/python3.11/site-packages/airflow/example_dags/subdags/subdag.py took 0.038 seconds
[2024-04-30T15:19:34.787+0200] {processor.py:161} INFO - Started process (PID=30175) to work on /Users/noejalabert/airflow_venv/lib/python3.11/site-packages/airflow/example_dags/subdags/subdag.py
[2024-04-30T15:19:34.789+0200] {processor.py:830} INFO - Processing file /Users/noejalabert/airflow_venv/lib/python3.11/site-packages/airflow/example_dags/subdags/subdag.py for tasks to queue
[2024-04-30T15:19:34.789+0200] {logging_mixin.py:188} INFO - [2024-04-30T15:19:34.789+0200] {dagbag.py:540} INFO - Filling up the DagBag from /Users/noejalabert/airflow_venv/lib/python3.11/site-packages/airflow/example_dags/subdags/subdag.py
[2024-04-30T15:19:34.790+0200] {processor.py:842} WARNING - No viable dags retrieved from /Users/noejalabert/airflow_venv/lib/python3.11/site-packages/airflow/example_dags/subdags/subdag.py
[2024-04-30T15:19:34.825+0200] {processor.py:183} INFO - Processing /Users/noejalabert/airflow_venv/lib/python3.11/site-packages/airflow/example_dags/subdags/subdag.py took 0.039 seconds
[2024-04-30T15:20:33.912+0200] {processor.py:161} INFO - Started process (PID=30219) to work on /Users/noejalabert/airflow_venv/lib/python3.11/site-packages/airflow/example_dags/subdags/subdag.py
[2024-04-30T15:20:33.913+0200] {processor.py:830} INFO - Processing file /Users/noejalabert/airflow_venv/lib/python3.11/site-packages/airflow/example_dags/subdags/subdag.py for tasks to queue
[2024-04-30T15:20:33.913+0200] {logging_mixin.py:188} INFO - [2024-04-30T15:20:33.913+0200] {dagbag.py:540} INFO - Filling up the DagBag from /Users/noejalabert/airflow_venv/lib/python3.11/site-packages/airflow/example_dags/subdags/subdag.py
[2024-04-30T15:20:33.914+0200] {processor.py:842} WARNING - No viable dags retrieved from /Users/noejalabert/airflow_venv/lib/python3.11/site-packages/airflow/example_dags/subdags/subdag.py
[2024-04-30T15:20:33.949+0200] {processor.py:183} INFO - Processing /Users/noejalabert/airflow_venv/lib/python3.11/site-packages/airflow/example_dags/subdags/subdag.py took 0.038 seconds
[2024-04-30T15:21:34.203+0200] {processor.py:161} INFO - Started process (PID=30258) to work on /Users/noejalabert/airflow_venv/lib/python3.11/site-packages/airflow/example_dags/subdags/subdag.py
[2024-04-30T15:21:34.205+0200] {processor.py:830} INFO - Processing file /Users/noejalabert/airflow_venv/lib/python3.11/site-packages/airflow/example_dags/subdags/subdag.py for tasks to queue
[2024-04-30T15:21:34.205+0200] {logging_mixin.py:188} INFO - [2024-04-30T15:21:34.205+0200] {dagbag.py:540} INFO - Filling up the DagBag from /Users/noejalabert/airflow_venv/lib/python3.11/site-packages/airflow/example_dags/subdags/subdag.py
[2024-04-30T15:21:34.206+0200] {processor.py:842} WARNING - No viable dags retrieved from /Users/noejalabert/airflow_venv/lib/python3.11/site-packages/airflow/example_dags/subdags/subdag.py
[2024-04-30T15:21:34.241+0200] {processor.py:183} INFO - Processing /Users/noejalabert/airflow_venv/lib/python3.11/site-packages/airflow/example_dags/subdags/subdag.py took 0.039 seconds
[2024-04-30T15:22:33.050+0200] {processor.py:161} INFO - Started process (PID=30310) to work on /Users/noejalabert/airflow_venv/lib/python3.11/site-packages/airflow/example_dags/subdags/subdag.py
[2024-04-30T15:22:33.050+0200] {processor.py:830} INFO - Processing file /Users/noejalabert/airflow_venv/lib/python3.11/site-packages/airflow/example_dags/subdags/subdag.py for tasks to queue
[2024-04-30T15:22:33.051+0200] {logging_mixin.py:188} INFO - [2024-04-30T15:22:33.051+0200] {dagbag.py:540} INFO - Filling up the DagBag from /Users/noejalabert/airflow_venv/lib/python3.11/site-packages/airflow/example_dags/subdags/subdag.py
[2024-04-30T15:22:33.052+0200] {processor.py:842} WARNING - No viable dags retrieved from /Users/noejalabert/airflow_venv/lib/python3.11/site-packages/airflow/example_dags/subdags/subdag.py
[2024-04-30T15:22:33.088+0200] {processor.py:183} INFO - Processing /Users/noejalabert/airflow_venv/lib/python3.11/site-packages/airflow/example_dags/subdags/subdag.py took 0.040 seconds
[2024-04-30T15:23:29.818+0200] {processor.py:161} INFO - Started process (PID=30361) to work on /Users/noejalabert/airflow_venv/lib/python3.11/site-packages/airflow/example_dags/subdags/subdag.py
[2024-04-30T15:23:29.819+0200] {processor.py:830} INFO - Processing file /Users/noejalabert/airflow_venv/lib/python3.11/site-packages/airflow/example_dags/subdags/subdag.py for tasks to queue
[2024-04-30T15:23:29.819+0200] {logging_mixin.py:188} INFO - [2024-04-30T15:23:29.819+0200] {dagbag.py:540} INFO - Filling up the DagBag from /Users/noejalabert/airflow_venv/lib/python3.11/site-packages/airflow/example_dags/subdags/subdag.py
[2024-04-30T15:23:29.820+0200] {processor.py:842} WARNING - No viable dags retrieved from /Users/noejalabert/airflow_venv/lib/python3.11/site-packages/airflow/example_dags/subdags/subdag.py
[2024-04-30T15:23:29.854+0200] {processor.py:183} INFO - Processing /Users/noejalabert/airflow_venv/lib/python3.11/site-packages/airflow/example_dags/subdags/subdag.py took 0.038 seconds
[2024-04-30T15:24:32.780+0200] {processor.py:161} INFO - Started process (PID=30408) to work on /Users/noejalabert/airflow_venv/lib/python3.11/site-packages/airflow/example_dags/subdags/subdag.py
[2024-04-30T15:24:32.780+0200] {processor.py:830} INFO - Processing file /Users/noejalabert/airflow_venv/lib/python3.11/site-packages/airflow/example_dags/subdags/subdag.py for tasks to queue
[2024-04-30T15:24:32.781+0200] {logging_mixin.py:188} INFO - [2024-04-30T15:24:32.780+0200] {dagbag.py:540} INFO - Filling up the DagBag from /Users/noejalabert/airflow_venv/lib/python3.11/site-packages/airflow/example_dags/subdags/subdag.py
[2024-04-30T15:24:32.782+0200] {processor.py:842} WARNING - No viable dags retrieved from /Users/noejalabert/airflow_venv/lib/python3.11/site-packages/airflow/example_dags/subdags/subdag.py
[2024-04-30T15:24:32.816+0200] {processor.py:183} INFO - Processing /Users/noejalabert/airflow_venv/lib/python3.11/site-packages/airflow/example_dags/subdags/subdag.py took 0.038 seconds
[2024-04-30T15:25:29.634+0200] {processor.py:161} INFO - Started process (PID=30469) to work on /Users/noejalabert/airflow_venv/lib/python3.11/site-packages/airflow/example_dags/subdags/subdag.py
[2024-04-30T15:25:29.635+0200] {processor.py:830} INFO - Processing file /Users/noejalabert/airflow_venv/lib/python3.11/site-packages/airflow/example_dags/subdags/subdag.py for tasks to queue
[2024-04-30T15:25:29.635+0200] {logging_mixin.py:188} INFO - [2024-04-30T15:25:29.635+0200] {dagbag.py:540} INFO - Filling up the DagBag from /Users/noejalabert/airflow_venv/lib/python3.11/site-packages/airflow/example_dags/subdags/subdag.py
[2024-04-30T15:25:29.636+0200] {processor.py:842} WARNING - No viable dags retrieved from /Users/noejalabert/airflow_venv/lib/python3.11/site-packages/airflow/example_dags/subdags/subdag.py
[2024-04-30T15:25:29.676+0200] {processor.py:183} INFO - Processing /Users/noejalabert/airflow_venv/lib/python3.11/site-packages/airflow/example_dags/subdags/subdag.py took 0.044 seconds
[2024-04-30T15:26:23.479+0200] {processor.py:161} INFO - Started process (PID=30514) to work on /Users/noejalabert/airflow_venv/lib/python3.11/site-packages/airflow/example_dags/subdags/subdag.py
[2024-04-30T15:26:23.479+0200] {processor.py:830} INFO - Processing file /Users/noejalabert/airflow_venv/lib/python3.11/site-packages/airflow/example_dags/subdags/subdag.py for tasks to queue
[2024-04-30T15:26:23.479+0200] {logging_mixin.py:188} INFO - [2024-04-30T15:26:23.479+0200] {dagbag.py:540} INFO - Filling up the DagBag from /Users/noejalabert/airflow_venv/lib/python3.11/site-packages/airflow/example_dags/subdags/subdag.py
[2024-04-30T15:26:23.480+0200] {processor.py:842} WARNING - No viable dags retrieved from /Users/noejalabert/airflow_venv/lib/python3.11/site-packages/airflow/example_dags/subdags/subdag.py
[2024-04-30T15:26:23.515+0200] {processor.py:183} INFO - Processing /Users/noejalabert/airflow_venv/lib/python3.11/site-packages/airflow/example_dags/subdags/subdag.py took 0.037 seconds
[2024-04-30T15:32:21.463+0200] {processor.py:161} INFO - Started process (PID=30594) to work on /Users/noejalabert/airflow_venv/lib/python3.11/site-packages/airflow/example_dags/subdags/subdag.py
[2024-04-30T15:32:21.464+0200] {processor.py:830} INFO - Processing file /Users/noejalabert/airflow_venv/lib/python3.11/site-packages/airflow/example_dags/subdags/subdag.py for tasks to queue
[2024-04-30T15:32:21.464+0200] {logging_mixin.py:188} INFO - [2024-04-30T15:32:21.464+0200] {dagbag.py:540} INFO - Filling up the DagBag from /Users/noejalabert/airflow_venv/lib/python3.11/site-packages/airflow/example_dags/subdags/subdag.py
[2024-04-30T15:32:21.465+0200] {processor.py:842} WARNING - No viable dags retrieved from /Users/noejalabert/airflow_venv/lib/python3.11/site-packages/airflow/example_dags/subdags/subdag.py
[2024-04-30T15:32:21.504+0200] {processor.py:183} INFO - Processing /Users/noejalabert/airflow_venv/lib/python3.11/site-packages/airflow/example_dags/subdags/subdag.py took 0.041 seconds
[2024-04-30T15:39:53.330+0200] {processor.py:161} INFO - Started process (PID=30710) to work on /Users/noejalabert/airflow_venv/lib/python3.11/site-packages/airflow/example_dags/subdags/subdag.py
[2024-04-30T15:39:53.330+0200] {processor.py:830} INFO - Processing file /Users/noejalabert/airflow_venv/lib/python3.11/site-packages/airflow/example_dags/subdags/subdag.py for tasks to queue
[2024-04-30T15:39:53.330+0200] {logging_mixin.py:188} INFO - [2024-04-30T15:39:53.330+0200] {dagbag.py:540} INFO - Filling up the DagBag from /Users/noejalabert/airflow_venv/lib/python3.11/site-packages/airflow/example_dags/subdags/subdag.py
[2024-04-30T15:39:53.331+0200] {processor.py:842} WARNING - No viable dags retrieved from /Users/noejalabert/airflow_venv/lib/python3.11/site-packages/airflow/example_dags/subdags/subdag.py
[2024-04-30T15:39:53.365+0200] {processor.py:183} INFO - Processing /Users/noejalabert/airflow_venv/lib/python3.11/site-packages/airflow/example_dags/subdags/subdag.py took 0.036 seconds
[2024-04-30T15:44:15.240+0200] {processor.py:161} INFO - Started process (PID=30804) to work on /Users/noejalabert/airflow_venv/lib/python3.11/site-packages/airflow/example_dags/subdags/subdag.py
[2024-04-30T15:44:15.241+0200] {processor.py:830} INFO - Processing file /Users/noejalabert/airflow_venv/lib/python3.11/site-packages/airflow/example_dags/subdags/subdag.py for tasks to queue
[2024-04-30T15:44:15.242+0200] {logging_mixin.py:188} INFO - [2024-04-30T15:44:15.241+0200] {dagbag.py:540} INFO - Filling up the DagBag from /Users/noejalabert/airflow_venv/lib/python3.11/site-packages/airflow/example_dags/subdags/subdag.py
[2024-04-30T15:44:15.243+0200] {processor.py:842} WARNING - No viable dags retrieved from /Users/noejalabert/airflow_venv/lib/python3.11/site-packages/airflow/example_dags/subdags/subdag.py
[2024-04-30T15:44:15.277+0200] {processor.py:183} INFO - Processing /Users/noejalabert/airflow_venv/lib/python3.11/site-packages/airflow/example_dags/subdags/subdag.py took 0.039 seconds
[2024-04-30T15:45:24.406+0200] {processor.py:161} INFO - Started process (PID=30848) to work on /Users/noejalabert/airflow_venv/lib/python3.11/site-packages/airflow/example_dags/subdags/subdag.py
[2024-04-30T15:45:24.406+0200] {processor.py:830} INFO - Processing file /Users/noejalabert/airflow_venv/lib/python3.11/site-packages/airflow/example_dags/subdags/subdag.py for tasks to queue
[2024-04-30T15:45:24.407+0200] {logging_mixin.py:188} INFO - [2024-04-30T15:45:24.407+0200] {dagbag.py:540} INFO - Filling up the DagBag from /Users/noejalabert/airflow_venv/lib/python3.11/site-packages/airflow/example_dags/subdags/subdag.py
[2024-04-30T15:45:24.407+0200] {processor.py:842} WARNING - No viable dags retrieved from /Users/noejalabert/airflow_venv/lib/python3.11/site-packages/airflow/example_dags/subdags/subdag.py
[2024-04-30T15:45:24.441+0200] {processor.py:183} INFO - Processing /Users/noejalabert/airflow_venv/lib/python3.11/site-packages/airflow/example_dags/subdags/subdag.py took 0.037 seconds
[2024-04-30T15:46:24.577+0200] {processor.py:161} INFO - Started process (PID=30885) to work on /Users/noejalabert/airflow_venv/lib/python3.11/site-packages/airflow/example_dags/subdags/subdag.py
[2024-04-30T15:46:24.578+0200] {processor.py:830} INFO - Processing file /Users/noejalabert/airflow_venv/lib/python3.11/site-packages/airflow/example_dags/subdags/subdag.py for tasks to queue
[2024-04-30T15:46:24.578+0200] {logging_mixin.py:188} INFO - [2024-04-30T15:46:24.578+0200] {dagbag.py:540} INFO - Filling up the DagBag from /Users/noejalabert/airflow_venv/lib/python3.11/site-packages/airflow/example_dags/subdags/subdag.py
[2024-04-30T15:46:24.579+0200] {processor.py:842} WARNING - No viable dags retrieved from /Users/noejalabert/airflow_venv/lib/python3.11/site-packages/airflow/example_dags/subdags/subdag.py
[2024-04-30T15:46:24.613+0200] {processor.py:183} INFO - Processing /Users/noejalabert/airflow_venv/lib/python3.11/site-packages/airflow/example_dags/subdags/subdag.py took 0.037 seconds
[2024-04-30T15:47:22.864+0200] {processor.py:161} INFO - Started process (PID=30923) to work on /Users/noejalabert/airflow_venv/lib/python3.11/site-packages/airflow/example_dags/subdags/subdag.py
[2024-04-30T15:47:22.864+0200] {processor.py:830} INFO - Processing file /Users/noejalabert/airflow_venv/lib/python3.11/site-packages/airflow/example_dags/subdags/subdag.py for tasks to queue
[2024-04-30T15:47:22.865+0200] {logging_mixin.py:188} INFO - [2024-04-30T15:47:22.865+0200] {dagbag.py:540} INFO - Filling up the DagBag from /Users/noejalabert/airflow_venv/lib/python3.11/site-packages/airflow/example_dags/subdags/subdag.py
[2024-04-30T15:47:22.865+0200] {processor.py:842} WARNING - No viable dags retrieved from /Users/noejalabert/airflow_venv/lib/python3.11/site-packages/airflow/example_dags/subdags/subdag.py
[2024-04-30T15:47:22.900+0200] {processor.py:183} INFO - Processing /Users/noejalabert/airflow_venv/lib/python3.11/site-packages/airflow/example_dags/subdags/subdag.py took 0.037 seconds
[2024-04-30T15:48:24.782+0200] {processor.py:161} INFO - Started process (PID=30964) to work on /Users/noejalabert/airflow_venv/lib/python3.11/site-packages/airflow/example_dags/subdags/subdag.py
[2024-04-30T15:48:24.782+0200] {processor.py:830} INFO - Processing file /Users/noejalabert/airflow_venv/lib/python3.11/site-packages/airflow/example_dags/subdags/subdag.py for tasks to queue
[2024-04-30T15:48:24.782+0200] {logging_mixin.py:188} INFO - [2024-04-30T15:48:24.782+0200] {dagbag.py:540} INFO - Filling up the DagBag from /Users/noejalabert/airflow_venv/lib/python3.11/site-packages/airflow/example_dags/subdags/subdag.py
[2024-04-30T15:48:24.783+0200] {processor.py:842} WARNING - No viable dags retrieved from /Users/noejalabert/airflow_venv/lib/python3.11/site-packages/airflow/example_dags/subdags/subdag.py
[2024-04-30T15:48:24.817+0200] {processor.py:183} INFO - Processing /Users/noejalabert/airflow_venv/lib/python3.11/site-packages/airflow/example_dags/subdags/subdag.py took 0.037 seconds
[2024-04-30T15:49:24.064+0200] {processor.py:161} INFO - Started process (PID=31010) to work on /Users/noejalabert/airflow_venv/lib/python3.11/site-packages/airflow/example_dags/subdags/subdag.py
[2024-04-30T15:49:24.065+0200] {processor.py:830} INFO - Processing file /Users/noejalabert/airflow_venv/lib/python3.11/site-packages/airflow/example_dags/subdags/subdag.py for tasks to queue
[2024-04-30T15:49:24.065+0200] {logging_mixin.py:188} INFO - [2024-04-30T15:49:24.065+0200] {dagbag.py:540} INFO - Filling up the DagBag from /Users/noejalabert/airflow_venv/lib/python3.11/site-packages/airflow/example_dags/subdags/subdag.py
[2024-04-30T15:49:24.066+0200] {processor.py:842} WARNING - No viable dags retrieved from /Users/noejalabert/airflow_venv/lib/python3.11/site-packages/airflow/example_dags/subdags/subdag.py
[2024-04-30T15:49:24.100+0200] {processor.py:183} INFO - Processing /Users/noejalabert/airflow_venv/lib/python3.11/site-packages/airflow/example_dags/subdags/subdag.py took 0.037 seconds
[2024-04-30T15:50:21.080+0200] {processor.py:161} INFO - Started process (PID=31053) to work on /Users/noejalabert/airflow_venv/lib/python3.11/site-packages/airflow/example_dags/subdags/subdag.py
[2024-04-30T15:50:21.081+0200] {processor.py:830} INFO - Processing file /Users/noejalabert/airflow_venv/lib/python3.11/site-packages/airflow/example_dags/subdags/subdag.py for tasks to queue
[2024-04-30T15:50:21.081+0200] {logging_mixin.py:188} INFO - [2024-04-30T15:50:21.081+0200] {dagbag.py:540} INFO - Filling up the DagBag from /Users/noejalabert/airflow_venv/lib/python3.11/site-packages/airflow/example_dags/subdags/subdag.py
[2024-04-30T15:50:21.082+0200] {processor.py:842} WARNING - No viable dags retrieved from /Users/noejalabert/airflow_venv/lib/python3.11/site-packages/airflow/example_dags/subdags/subdag.py
[2024-04-30T15:50:21.116+0200] {processor.py:183} INFO - Processing /Users/noejalabert/airflow_venv/lib/python3.11/site-packages/airflow/example_dags/subdags/subdag.py took 0.037 seconds
[2024-04-30T15:51:50.787+0200] {processor.py:161} INFO - Started process (PID=31082) to work on /Users/noejalabert/airflow_venv/lib/python3.11/site-packages/airflow/example_dags/subdags/subdag.py
[2024-04-30T15:51:50.788+0200] {processor.py:830} INFO - Processing file /Users/noejalabert/airflow_venv/lib/python3.11/site-packages/airflow/example_dags/subdags/subdag.py for tasks to queue
[2024-04-30T15:51:50.788+0200] {logging_mixin.py:188} INFO - [2024-04-30T15:51:50.788+0200] {dagbag.py:540} INFO - Filling up the DagBag from /Users/noejalabert/airflow_venv/lib/python3.11/site-packages/airflow/example_dags/subdags/subdag.py
[2024-04-30T15:51:50.789+0200] {processor.py:842} WARNING - No viable dags retrieved from /Users/noejalabert/airflow_venv/lib/python3.11/site-packages/airflow/example_dags/subdags/subdag.py
[2024-04-30T15:51:50.858+0200] {processor.py:183} INFO - Processing /Users/noejalabert/airflow_venv/lib/python3.11/site-packages/airflow/example_dags/subdags/subdag.py took 0.073 seconds
[2024-04-30T15:53:22.633+0200] {processor.py:161} INFO - Started process (PID=31148) to work on /Users/noejalabert/airflow_venv/lib/python3.11/site-packages/airflow/example_dags/subdags/subdag.py
[2024-04-30T15:53:22.633+0200] {processor.py:830} INFO - Processing file /Users/noejalabert/airflow_venv/lib/python3.11/site-packages/airflow/example_dags/subdags/subdag.py for tasks to queue
[2024-04-30T15:53:22.633+0200] {logging_mixin.py:188} INFO - [2024-04-30T15:53:22.633+0200] {dagbag.py:540} INFO - Filling up the DagBag from /Users/noejalabert/airflow_venv/lib/python3.11/site-packages/airflow/example_dags/subdags/subdag.py
[2024-04-30T15:53:22.634+0200] {processor.py:842} WARNING - No viable dags retrieved from /Users/noejalabert/airflow_venv/lib/python3.11/site-packages/airflow/example_dags/subdags/subdag.py
[2024-04-30T15:53:22.668+0200] {processor.py:183} INFO - Processing /Users/noejalabert/airflow_venv/lib/python3.11/site-packages/airflow/example_dags/subdags/subdag.py took 0.037 seconds
[2024-04-30T15:54:47.302+0200] {processor.py:161} INFO - Started process (PID=31216) to work on /Users/noejalabert/airflow_venv/lib/python3.11/site-packages/airflow/example_dags/subdags/subdag.py
[2024-04-30T15:54:47.302+0200] {processor.py:830} INFO - Processing file /Users/noejalabert/airflow_venv/lib/python3.11/site-packages/airflow/example_dags/subdags/subdag.py for tasks to queue
[2024-04-30T15:54:47.303+0200] {logging_mixin.py:188} INFO - [2024-04-30T15:54:47.303+0200] {dagbag.py:540} INFO - Filling up the DagBag from /Users/noejalabert/airflow_venv/lib/python3.11/site-packages/airflow/example_dags/subdags/subdag.py
[2024-04-30T15:54:47.304+0200] {processor.py:842} WARNING - No viable dags retrieved from /Users/noejalabert/airflow_venv/lib/python3.11/site-packages/airflow/example_dags/subdags/subdag.py
[2024-04-30T15:54:47.338+0200] {processor.py:183} INFO - Processing /Users/noejalabert/airflow_venv/lib/python3.11/site-packages/airflow/example_dags/subdags/subdag.py took 0.037 seconds
[2024-04-30T15:56:12.208+0200] {processor.py:161} INFO - Started process (PID=31271) to work on /Users/noejalabert/airflow_venv/lib/python3.11/site-packages/airflow/example_dags/subdags/subdag.py
[2024-04-30T15:56:12.208+0200] {processor.py:830} INFO - Processing file /Users/noejalabert/airflow_venv/lib/python3.11/site-packages/airflow/example_dags/subdags/subdag.py for tasks to queue
[2024-04-30T15:56:12.209+0200] {logging_mixin.py:188} INFO - [2024-04-30T15:56:12.209+0200] {dagbag.py:540} INFO - Filling up the DagBag from /Users/noejalabert/airflow_venv/lib/python3.11/site-packages/airflow/example_dags/subdags/subdag.py
[2024-04-30T15:56:12.209+0200] {processor.py:842} WARNING - No viable dags retrieved from /Users/noejalabert/airflow_venv/lib/python3.11/site-packages/airflow/example_dags/subdags/subdag.py
[2024-04-30T15:56:12.244+0200] {processor.py:183} INFO - Processing /Users/noejalabert/airflow_venv/lib/python3.11/site-packages/airflow/example_dags/subdags/subdag.py took 0.037 seconds
[2024-04-30T15:57:36.171+0200] {processor.py:161} INFO - Started process (PID=31341) to work on /Users/noejalabert/airflow_venv/lib/python3.11/site-packages/airflow/example_dags/subdags/subdag.py
[2024-04-30T15:57:36.172+0200] {processor.py:830} INFO - Processing file /Users/noejalabert/airflow_venv/lib/python3.11/site-packages/airflow/example_dags/subdags/subdag.py for tasks to queue
[2024-04-30T15:57:36.172+0200] {logging_mixin.py:188} INFO - [2024-04-30T15:57:36.172+0200] {dagbag.py:540} INFO - Filling up the DagBag from /Users/noejalabert/airflow_venv/lib/python3.11/site-packages/airflow/example_dags/subdags/subdag.py
[2024-04-30T15:57:36.173+0200] {processor.py:842} WARNING - No viable dags retrieved from /Users/noejalabert/airflow_venv/lib/python3.11/site-packages/airflow/example_dags/subdags/subdag.py
[2024-04-30T15:57:36.208+0200] {processor.py:183} INFO - Processing /Users/noejalabert/airflow_venv/lib/python3.11/site-packages/airflow/example_dags/subdags/subdag.py took 0.038 seconds
[2024-04-30T15:59:03.163+0200] {processor.py:161} INFO - Started process (PID=31624) to work on /Users/noejalabert/airflow_venv/lib/python3.11/site-packages/airflow/example_dags/subdags/subdag.py
[2024-04-30T15:59:03.164+0200] {processor.py:830} INFO - Processing file /Users/noejalabert/airflow_venv/lib/python3.11/site-packages/airflow/example_dags/subdags/subdag.py for tasks to queue
[2024-04-30T15:59:03.165+0200] {logging_mixin.py:188} INFO - [2024-04-30T15:59:03.165+0200] {dagbag.py:540} INFO - Filling up the DagBag from /Users/noejalabert/airflow_venv/lib/python3.11/site-packages/airflow/example_dags/subdags/subdag.py
[2024-04-30T15:59:03.167+0200] {processor.py:842} WARNING - No viable dags retrieved from /Users/noejalabert/airflow_venv/lib/python3.11/site-packages/airflow/example_dags/subdags/subdag.py
[2024-04-30T15:59:03.227+0200] {processor.py:183} INFO - Processing /Users/noejalabert/airflow_venv/lib/python3.11/site-packages/airflow/example_dags/subdags/subdag.py took 0.065 seconds
[2024-04-30T16:00:27.138+0200] {processor.py:161} INFO - Started process (PID=31693) to work on /Users/noejalabert/airflow_venv/lib/python3.11/site-packages/airflow/example_dags/subdags/subdag.py
[2024-04-30T16:00:27.140+0200] {processor.py:830} INFO - Processing file /Users/noejalabert/airflow_venv/lib/python3.11/site-packages/airflow/example_dags/subdags/subdag.py for tasks to queue
[2024-04-30T16:00:27.140+0200] {logging_mixin.py:188} INFO - [2024-04-30T16:00:27.140+0200] {dagbag.py:540} INFO - Filling up the DagBag from /Users/noejalabert/airflow_venv/lib/python3.11/site-packages/airflow/example_dags/subdags/subdag.py
[2024-04-30T16:00:27.141+0200] {processor.py:842} WARNING - No viable dags retrieved from /Users/noejalabert/airflow_venv/lib/python3.11/site-packages/airflow/example_dags/subdags/subdag.py
[2024-04-30T16:00:27.175+0200] {processor.py:183} INFO - Processing /Users/noejalabert/airflow_venv/lib/python3.11/site-packages/airflow/example_dags/subdags/subdag.py took 0.039 seconds
[2024-04-30T16:01:50.318+0200] {processor.py:161} INFO - Started process (PID=31751) to work on /Users/noejalabert/airflow_venv/lib/python3.11/site-packages/airflow/example_dags/subdags/subdag.py
[2024-04-30T16:01:50.318+0200] {processor.py:830} INFO - Processing file /Users/noejalabert/airflow_venv/lib/python3.11/site-packages/airflow/example_dags/subdags/subdag.py for tasks to queue
[2024-04-30T16:01:50.319+0200] {logging_mixin.py:188} INFO - [2024-04-30T16:01:50.319+0200] {dagbag.py:540} INFO - Filling up the DagBag from /Users/noejalabert/airflow_venv/lib/python3.11/site-packages/airflow/example_dags/subdags/subdag.py
[2024-04-30T16:01:50.319+0200] {processor.py:842} WARNING - No viable dags retrieved from /Users/noejalabert/airflow_venv/lib/python3.11/site-packages/airflow/example_dags/subdags/subdag.py
[2024-04-30T16:01:50.354+0200] {processor.py:183} INFO - Processing /Users/noejalabert/airflow_venv/lib/python3.11/site-packages/airflow/example_dags/subdags/subdag.py took 0.037 seconds
[2024-04-30T16:03:16.422+0200] {processor.py:161} INFO - Started process (PID=31814) to work on /Users/noejalabert/airflow_venv/lib/python3.11/site-packages/airflow/example_dags/subdags/subdag.py
[2024-04-30T16:03:16.423+0200] {processor.py:830} INFO - Processing file /Users/noejalabert/airflow_venv/lib/python3.11/site-packages/airflow/example_dags/subdags/subdag.py for tasks to queue
[2024-04-30T16:03:16.423+0200] {logging_mixin.py:188} INFO - [2024-04-30T16:03:16.423+0200] {dagbag.py:540} INFO - Filling up the DagBag from /Users/noejalabert/airflow_venv/lib/python3.11/site-packages/airflow/example_dags/subdags/subdag.py
[2024-04-30T16:03:16.424+0200] {processor.py:842} WARNING - No viable dags retrieved from /Users/noejalabert/airflow_venv/lib/python3.11/site-packages/airflow/example_dags/subdags/subdag.py
[2024-04-30T16:03:16.459+0200] {processor.py:183} INFO - Processing /Users/noejalabert/airflow_venv/lib/python3.11/site-packages/airflow/example_dags/subdags/subdag.py took 0.038 seconds
[2024-04-30T16:04:40.677+0200] {processor.py:161} INFO - Started process (PID=31882) to work on /Users/noejalabert/airflow_venv/lib/python3.11/site-packages/airflow/example_dags/subdags/subdag.py
[2024-04-30T16:04:40.678+0200] {processor.py:830} INFO - Processing file /Users/noejalabert/airflow_venv/lib/python3.11/site-packages/airflow/example_dags/subdags/subdag.py for tasks to queue
[2024-04-30T16:04:40.678+0200] {logging_mixin.py:188} INFO - [2024-04-30T16:04:40.678+0200] {dagbag.py:540} INFO - Filling up the DagBag from /Users/noejalabert/airflow_venv/lib/python3.11/site-packages/airflow/example_dags/subdags/subdag.py
[2024-04-30T16:04:40.679+0200] {processor.py:842} WARNING - No viable dags retrieved from /Users/noejalabert/airflow_venv/lib/python3.11/site-packages/airflow/example_dags/subdags/subdag.py
[2024-04-30T16:04:40.714+0200] {processor.py:183} INFO - Processing /Users/noejalabert/airflow_venv/lib/python3.11/site-packages/airflow/example_dags/subdags/subdag.py took 0.038 seconds
[2024-04-30T16:07:42.464+0200] {processor.py:161} INFO - Started process (PID=31971) to work on /Users/noejalabert/airflow_venv/lib/python3.11/site-packages/airflow/example_dags/subdags/subdag.py
[2024-04-30T16:07:42.465+0200] {processor.py:830} INFO - Processing file /Users/noejalabert/airflow_venv/lib/python3.11/site-packages/airflow/example_dags/subdags/subdag.py for tasks to queue
[2024-04-30T16:07:42.465+0200] {logging_mixin.py:188} INFO - [2024-04-30T16:07:42.465+0200] {dagbag.py:540} INFO - Filling up the DagBag from /Users/noejalabert/airflow_venv/lib/python3.11/site-packages/airflow/example_dags/subdags/subdag.py
[2024-04-30T16:07:42.466+0200] {processor.py:842} WARNING - No viable dags retrieved from /Users/noejalabert/airflow_venv/lib/python3.11/site-packages/airflow/example_dags/subdags/subdag.py
[2024-04-30T16:07:42.500+0200] {processor.py:183} INFO - Processing /Users/noejalabert/airflow_venv/lib/python3.11/site-packages/airflow/example_dags/subdags/subdag.py took 0.037 seconds
[2024-04-30T16:09:05.382+0200] {processor.py:161} INFO - Started process (PID=32046) to work on /Users/noejalabert/airflow_venv/lib/python3.11/site-packages/airflow/example_dags/subdags/subdag.py
[2024-04-30T16:09:05.383+0200] {processor.py:830} INFO - Processing file /Users/noejalabert/airflow_venv/lib/python3.11/site-packages/airflow/example_dags/subdags/subdag.py for tasks to queue
[2024-04-30T16:09:05.383+0200] {logging_mixin.py:188} INFO - [2024-04-30T16:09:05.383+0200] {dagbag.py:540} INFO - Filling up the DagBag from /Users/noejalabert/airflow_venv/lib/python3.11/site-packages/airflow/example_dags/subdags/subdag.py
[2024-04-30T16:09:05.384+0200] {processor.py:842} WARNING - No viable dags retrieved from /Users/noejalabert/airflow_venv/lib/python3.11/site-packages/airflow/example_dags/subdags/subdag.py
[2024-04-30T16:09:05.419+0200] {processor.py:183} INFO - Processing /Users/noejalabert/airflow_venv/lib/python3.11/site-packages/airflow/example_dags/subdags/subdag.py took 0.038 seconds
[2024-04-30T16:10:28.161+0200] {processor.py:161} INFO - Started process (PID=32112) to work on /Users/noejalabert/airflow_venv/lib/python3.11/site-packages/airflow/example_dags/subdags/subdag.py
[2024-04-30T16:10:28.161+0200] {processor.py:830} INFO - Processing file /Users/noejalabert/airflow_venv/lib/python3.11/site-packages/airflow/example_dags/subdags/subdag.py for tasks to queue
[2024-04-30T16:10:28.161+0200] {logging_mixin.py:188} INFO - [2024-04-30T16:10:28.161+0200] {dagbag.py:540} INFO - Filling up the DagBag from /Users/noejalabert/airflow_venv/lib/python3.11/site-packages/airflow/example_dags/subdags/subdag.py
[2024-04-30T16:10:28.162+0200] {processor.py:842} WARNING - No viable dags retrieved from /Users/noejalabert/airflow_venv/lib/python3.11/site-packages/airflow/example_dags/subdags/subdag.py
[2024-04-30T16:10:28.197+0200] {processor.py:183} INFO - Processing /Users/noejalabert/airflow_venv/lib/python3.11/site-packages/airflow/example_dags/subdags/subdag.py took 0.038 seconds
[2024-04-30T16:11:55.558+0200] {processor.py:161} INFO - Started process (PID=32180) to work on /Users/noejalabert/airflow_venv/lib/python3.11/site-packages/airflow/example_dags/subdags/subdag.py
[2024-04-30T16:11:55.559+0200] {processor.py:830} INFO - Processing file /Users/noejalabert/airflow_venv/lib/python3.11/site-packages/airflow/example_dags/subdags/subdag.py for tasks to queue
[2024-04-30T16:11:55.560+0200] {logging_mixin.py:188} INFO - [2024-04-30T16:11:55.559+0200] {dagbag.py:540} INFO - Filling up the DagBag from /Users/noejalabert/airflow_venv/lib/python3.11/site-packages/airflow/example_dags/subdags/subdag.py
[2024-04-30T16:11:55.560+0200] {processor.py:842} WARNING - No viable dags retrieved from /Users/noejalabert/airflow_venv/lib/python3.11/site-packages/airflow/example_dags/subdags/subdag.py
[2024-04-30T16:11:55.595+0200] {processor.py:183} INFO - Processing /Users/noejalabert/airflow_venv/lib/python3.11/site-packages/airflow/example_dags/subdags/subdag.py took 0.038 seconds
[2024-04-30T16:13:19.456+0200] {processor.py:161} INFO - Started process (PID=32244) to work on /Users/noejalabert/airflow_venv/lib/python3.11/site-packages/airflow/example_dags/subdags/subdag.py
[2024-04-30T16:13:19.456+0200] {processor.py:830} INFO - Processing file /Users/noejalabert/airflow_venv/lib/python3.11/site-packages/airflow/example_dags/subdags/subdag.py for tasks to queue
[2024-04-30T16:13:19.456+0200] {logging_mixin.py:188} INFO - [2024-04-30T16:13:19.456+0200] {dagbag.py:540} INFO - Filling up the DagBag from /Users/noejalabert/airflow_venv/lib/python3.11/site-packages/airflow/example_dags/subdags/subdag.py
[2024-04-30T16:13:19.457+0200] {processor.py:842} WARNING - No viable dags retrieved from /Users/noejalabert/airflow_venv/lib/python3.11/site-packages/airflow/example_dags/subdags/subdag.py
[2024-04-30T16:13:19.492+0200] {processor.py:183} INFO - Processing /Users/noejalabert/airflow_venv/lib/python3.11/site-packages/airflow/example_dags/subdags/subdag.py took 0.038 seconds
[2024-04-30T16:14:46.019+0200] {processor.py:161} INFO - Started process (PID=32309) to work on /Users/noejalabert/airflow_venv/lib/python3.11/site-packages/airflow/example_dags/subdags/subdag.py
[2024-04-30T16:14:46.019+0200] {processor.py:830} INFO - Processing file /Users/noejalabert/airflow_venv/lib/python3.11/site-packages/airflow/example_dags/subdags/subdag.py for tasks to queue
[2024-04-30T16:14:46.020+0200] {logging_mixin.py:188} INFO - [2024-04-30T16:14:46.020+0200] {dagbag.py:540} INFO - Filling up the DagBag from /Users/noejalabert/airflow_venv/lib/python3.11/site-packages/airflow/example_dags/subdags/subdag.py
[2024-04-30T16:14:46.021+0200] {processor.py:842} WARNING - No viable dags retrieved from /Users/noejalabert/airflow_venv/lib/python3.11/site-packages/airflow/example_dags/subdags/subdag.py
[2024-04-30T16:14:46.055+0200] {processor.py:183} INFO - Processing /Users/noejalabert/airflow_venv/lib/python3.11/site-packages/airflow/example_dags/subdags/subdag.py took 0.038 seconds
[2024-04-30T16:16:12.881+0200] {processor.py:161} INFO - Started process (PID=32375) to work on /Users/noejalabert/airflow_venv/lib/python3.11/site-packages/airflow/example_dags/subdags/subdag.py
[2024-04-30T16:16:12.882+0200] {processor.py:830} INFO - Processing file /Users/noejalabert/airflow_venv/lib/python3.11/site-packages/airflow/example_dags/subdags/subdag.py for tasks to queue
[2024-04-30T16:16:12.882+0200] {logging_mixin.py:188} INFO - [2024-04-30T16:16:12.882+0200] {dagbag.py:540} INFO - Filling up the DagBag from /Users/noejalabert/airflow_venv/lib/python3.11/site-packages/airflow/example_dags/subdags/subdag.py
[2024-04-30T16:16:12.883+0200] {processor.py:842} WARNING - No viable dags retrieved from /Users/noejalabert/airflow_venv/lib/python3.11/site-packages/airflow/example_dags/subdags/subdag.py
[2024-04-30T16:16:12.919+0200] {processor.py:183} INFO - Processing /Users/noejalabert/airflow_venv/lib/python3.11/site-packages/airflow/example_dags/subdags/subdag.py took 0.039 seconds
[2024-04-30T16:17:33.842+0200] {processor.py:161} INFO - Started process (PID=32449) to work on /Users/noejalabert/airflow_venv/lib/python3.11/site-packages/airflow/example_dags/subdags/subdag.py
[2024-04-30T16:17:33.842+0200] {processor.py:830} INFO - Processing file /Users/noejalabert/airflow_venv/lib/python3.11/site-packages/airflow/example_dags/subdags/subdag.py for tasks to queue
[2024-04-30T16:17:33.843+0200] {logging_mixin.py:188} INFO - [2024-04-30T16:17:33.843+0200] {dagbag.py:540} INFO - Filling up the DagBag from /Users/noejalabert/airflow_venv/lib/python3.11/site-packages/airflow/example_dags/subdags/subdag.py
[2024-04-30T16:17:33.843+0200] {processor.py:842} WARNING - No viable dags retrieved from /Users/noejalabert/airflow_venv/lib/python3.11/site-packages/airflow/example_dags/subdags/subdag.py
[2024-04-30T16:17:33.878+0200] {processor.py:183} INFO - Processing /Users/noejalabert/airflow_venv/lib/python3.11/site-packages/airflow/example_dags/subdags/subdag.py took 0.037 seconds
[2024-04-30T16:18:57.208+0200] {processor.py:161} INFO - Started process (PID=32505) to work on /Users/noejalabert/airflow_venv/lib/python3.11/site-packages/airflow/example_dags/subdags/subdag.py
[2024-04-30T16:18:57.209+0200] {processor.py:830} INFO - Processing file /Users/noejalabert/airflow_venv/lib/python3.11/site-packages/airflow/example_dags/subdags/subdag.py for tasks to queue
[2024-04-30T16:18:57.209+0200] {logging_mixin.py:188} INFO - [2024-04-30T16:18:57.209+0200] {dagbag.py:540} INFO - Filling up the DagBag from /Users/noejalabert/airflow_venv/lib/python3.11/site-packages/airflow/example_dags/subdags/subdag.py
[2024-04-30T16:18:57.210+0200] {processor.py:842} WARNING - No viable dags retrieved from /Users/noejalabert/airflow_venv/lib/python3.11/site-packages/airflow/example_dags/subdags/subdag.py
[2024-04-30T16:18:57.244+0200] {processor.py:183} INFO - Processing /Users/noejalabert/airflow_venv/lib/python3.11/site-packages/airflow/example_dags/subdags/subdag.py took 0.037 seconds
[2024-04-30T16:20:16.737+0200] {processor.py:161} INFO - Started process (PID=32565) to work on /Users/noejalabert/airflow_venv/lib/python3.11/site-packages/airflow/example_dags/subdags/subdag.py
[2024-04-30T16:20:16.738+0200] {processor.py:830} INFO - Processing file /Users/noejalabert/airflow_venv/lib/python3.11/site-packages/airflow/example_dags/subdags/subdag.py for tasks to queue
[2024-04-30T16:20:16.738+0200] {logging_mixin.py:188} INFO - [2024-04-30T16:20:16.738+0200] {dagbag.py:540} INFO - Filling up the DagBag from /Users/noejalabert/airflow_venv/lib/python3.11/site-packages/airflow/example_dags/subdags/subdag.py
[2024-04-30T16:20:16.739+0200] {processor.py:842} WARNING - No viable dags retrieved from /Users/noejalabert/airflow_venv/lib/python3.11/site-packages/airflow/example_dags/subdags/subdag.py
[2024-04-30T16:20:16.774+0200] {processor.py:183} INFO - Processing /Users/noejalabert/airflow_venv/lib/python3.11/site-packages/airflow/example_dags/subdags/subdag.py took 0.038 seconds
[2024-04-30T16:22:00.166+0200] {processor.py:161} INFO - Started process (PID=32637) to work on /Users/noejalabert/airflow_venv/lib/python3.11/site-packages/airflow/example_dags/subdags/subdag.py
[2024-04-30T16:22:00.166+0200] {processor.py:830} INFO - Processing file /Users/noejalabert/airflow_venv/lib/python3.11/site-packages/airflow/example_dags/subdags/subdag.py for tasks to queue
[2024-04-30T16:22:00.167+0200] {logging_mixin.py:188} INFO - [2024-04-30T16:22:00.167+0200] {dagbag.py:540} INFO - Filling up the DagBag from /Users/noejalabert/airflow_venv/lib/python3.11/site-packages/airflow/example_dags/subdags/subdag.py
[2024-04-30T16:22:00.168+0200] {processor.py:842} WARNING - No viable dags retrieved from /Users/noejalabert/airflow_venv/lib/python3.11/site-packages/airflow/example_dags/subdags/subdag.py
[2024-04-30T16:22:00.203+0200] {processor.py:183} INFO - Processing /Users/noejalabert/airflow_venv/lib/python3.11/site-packages/airflow/example_dags/subdags/subdag.py took 0.038 seconds
[2024-04-30T16:23:24.590+0200] {processor.py:161} INFO - Started process (PID=32726) to work on /Users/noejalabert/airflow_venv/lib/python3.11/site-packages/airflow/example_dags/subdags/subdag.py
[2024-04-30T16:23:24.590+0200] {processor.py:830} INFO - Processing file /Users/noejalabert/airflow_venv/lib/python3.11/site-packages/airflow/example_dags/subdags/subdag.py for tasks to queue
[2024-04-30T16:23:24.591+0200] {logging_mixin.py:188} INFO - [2024-04-30T16:23:24.591+0200] {dagbag.py:540} INFO - Filling up the DagBag from /Users/noejalabert/airflow_venv/lib/python3.11/site-packages/airflow/example_dags/subdags/subdag.py
[2024-04-30T16:23:24.592+0200] {processor.py:842} WARNING - No viable dags retrieved from /Users/noejalabert/airflow_venv/lib/python3.11/site-packages/airflow/example_dags/subdags/subdag.py
[2024-04-30T16:23:24.629+0200] {processor.py:183} INFO - Processing /Users/noejalabert/airflow_venv/lib/python3.11/site-packages/airflow/example_dags/subdags/subdag.py took 0.040 seconds
[2024-04-30T16:24:51.466+0200] {processor.py:161} INFO - Started process (PID=32807) to work on /Users/noejalabert/airflow_venv/lib/python3.11/site-packages/airflow/example_dags/subdags/subdag.py
[2024-04-30T16:24:51.467+0200] {processor.py:830} INFO - Processing file /Users/noejalabert/airflow_venv/lib/python3.11/site-packages/airflow/example_dags/subdags/subdag.py for tasks to queue
[2024-04-30T16:24:51.467+0200] {logging_mixin.py:188} INFO - [2024-04-30T16:24:51.467+0200] {dagbag.py:540} INFO - Filling up the DagBag from /Users/noejalabert/airflow_venv/lib/python3.11/site-packages/airflow/example_dags/subdags/subdag.py
[2024-04-30T16:24:51.468+0200] {processor.py:842} WARNING - No viable dags retrieved from /Users/noejalabert/airflow_venv/lib/python3.11/site-packages/airflow/example_dags/subdags/subdag.py
[2024-04-30T16:24:51.505+0200] {processor.py:183} INFO - Processing /Users/noejalabert/airflow_venv/lib/python3.11/site-packages/airflow/example_dags/subdags/subdag.py took 0.040 seconds
[2024-04-30T16:26:12.304+0200] {processor.py:161} INFO - Started process (PID=32868) to work on /Users/noejalabert/airflow_venv/lib/python3.11/site-packages/airflow/example_dags/subdags/subdag.py
[2024-04-30T16:26:12.304+0200] {processor.py:830} INFO - Processing file /Users/noejalabert/airflow_venv/lib/python3.11/site-packages/airflow/example_dags/subdags/subdag.py for tasks to queue
[2024-04-30T16:26:12.304+0200] {logging_mixin.py:188} INFO - [2024-04-30T16:26:12.304+0200] {dagbag.py:540} INFO - Filling up the DagBag from /Users/noejalabert/airflow_venv/lib/python3.11/site-packages/airflow/example_dags/subdags/subdag.py
[2024-04-30T16:26:12.305+0200] {processor.py:842} WARNING - No viable dags retrieved from /Users/noejalabert/airflow_venv/lib/python3.11/site-packages/airflow/example_dags/subdags/subdag.py
[2024-04-30T16:26:12.340+0200] {processor.py:183} INFO - Processing /Users/noejalabert/airflow_venv/lib/python3.11/site-packages/airflow/example_dags/subdags/subdag.py took 0.038 seconds
[2024-04-30T16:27:37.055+0200] {processor.py:161} INFO - Started process (PID=32945) to work on /Users/noejalabert/airflow_venv/lib/python3.11/site-packages/airflow/example_dags/subdags/subdag.py
[2024-04-30T16:27:37.057+0200] {processor.py:830} INFO - Processing file /Users/noejalabert/airflow_venv/lib/python3.11/site-packages/airflow/example_dags/subdags/subdag.py for tasks to queue
[2024-04-30T16:27:37.057+0200] {logging_mixin.py:188} INFO - [2024-04-30T16:27:37.057+0200] {dagbag.py:540} INFO - Filling up the DagBag from /Users/noejalabert/airflow_venv/lib/python3.11/site-packages/airflow/example_dags/subdags/subdag.py
[2024-04-30T16:27:37.058+0200] {processor.py:842} WARNING - No viable dags retrieved from /Users/noejalabert/airflow_venv/lib/python3.11/site-packages/airflow/example_dags/subdags/subdag.py
[2024-04-30T16:27:37.092+0200] {processor.py:183} INFO - Processing /Users/noejalabert/airflow_venv/lib/python3.11/site-packages/airflow/example_dags/subdags/subdag.py took 0.039 seconds
[2024-04-30T16:29:04.577+0200] {processor.py:161} INFO - Started process (PID=33005) to work on /Users/noejalabert/airflow_venv/lib/python3.11/site-packages/airflow/example_dags/subdags/subdag.py
[2024-04-30T16:29:04.577+0200] {processor.py:830} INFO - Processing file /Users/noejalabert/airflow_venv/lib/python3.11/site-packages/airflow/example_dags/subdags/subdag.py for tasks to queue
[2024-04-30T16:29:04.578+0200] {logging_mixin.py:188} INFO - [2024-04-30T16:29:04.577+0200] {dagbag.py:540} INFO - Filling up the DagBag from /Users/noejalabert/airflow_venv/lib/python3.11/site-packages/airflow/example_dags/subdags/subdag.py
[2024-04-30T16:29:04.578+0200] {processor.py:842} WARNING - No viable dags retrieved from /Users/noejalabert/airflow_venv/lib/python3.11/site-packages/airflow/example_dags/subdags/subdag.py
[2024-04-30T16:29:04.613+0200] {processor.py:183} INFO - Processing /Users/noejalabert/airflow_venv/lib/python3.11/site-packages/airflow/example_dags/subdags/subdag.py took 0.038 seconds
[2024-04-30T16:30:30.093+0200] {processor.py:161} INFO - Started process (PID=33063) to work on /Users/noejalabert/airflow_venv/lib/python3.11/site-packages/airflow/example_dags/subdags/subdag.py
[2024-04-30T16:30:30.094+0200] {processor.py:830} INFO - Processing file /Users/noejalabert/airflow_venv/lib/python3.11/site-packages/airflow/example_dags/subdags/subdag.py for tasks to queue
[2024-04-30T16:30:30.094+0200] {logging_mixin.py:188} INFO - [2024-04-30T16:30:30.094+0200] {dagbag.py:540} INFO - Filling up the DagBag from /Users/noejalabert/airflow_venv/lib/python3.11/site-packages/airflow/example_dags/subdags/subdag.py
[2024-04-30T16:30:30.095+0200] {processor.py:842} WARNING - No viable dags retrieved from /Users/noejalabert/airflow_venv/lib/python3.11/site-packages/airflow/example_dags/subdags/subdag.py
[2024-04-30T16:30:30.129+0200] {processor.py:183} INFO - Processing /Users/noejalabert/airflow_venv/lib/python3.11/site-packages/airflow/example_dags/subdags/subdag.py took 0.037 seconds
