[2024-06-11T16:34:30.605+0200] {processor.py:161} INFO - Started process (PID=4868) to work on /Users/noejalabert/airflow_venv/lib/python3.11/site-packages/airflow/example_dags/plugins/event_listener.py
[2024-06-11T16:34:30.605+0200] {processor.py:830} INFO - Processing file /Users/noejalabert/airflow_venv/lib/python3.11/site-packages/airflow/example_dags/plugins/event_listener.py for tasks to queue
[2024-06-11T16:34:30.606+0200] {logging_mixin.py:188} INFO - [2024-06-11T16:34:30.606+0200] {dagbag.py:540} INFO - Filling up the DagBag from /Users/noejalabert/airflow_venv/lib/python3.11/site-packages/airflow/example_dags/plugins/event_listener.py
[2024-06-11T16:34:30.606+0200] {processor.py:842} WARNING - No viable dags retrieved from /Users/noejalabert/airflow_venv/lib/python3.11/site-packages/airflow/example_dags/plugins/event_listener.py
[2024-06-11T16:34:30.647+0200] {processor.py:183} INFO - Processing /Users/noejalabert/airflow_venv/lib/python3.11/site-packages/airflow/example_dags/plugins/event_listener.py took 0.043 seconds
[2024-06-11T16:36:08.815+0200] {processor.py:161} INFO - Started process (PID=4980) to work on /Users/noejalabert/airflow_venv/lib/python3.11/site-packages/airflow/example_dags/plugins/event_listener.py
[2024-06-11T16:36:08.816+0200] {processor.py:830} INFO - Processing file /Users/noejalabert/airflow_venv/lib/python3.11/site-packages/airflow/example_dags/plugins/event_listener.py for tasks to queue
[2024-06-11T16:36:08.816+0200] {logging_mixin.py:188} INFO - [2024-06-11T16:36:08.816+0200] {dagbag.py:540} INFO - Filling up the DagBag from /Users/noejalabert/airflow_venv/lib/python3.11/site-packages/airflow/example_dags/plugins/event_listener.py
[2024-06-11T16:36:08.817+0200] {processor.py:842} WARNING - No viable dags retrieved from /Users/noejalabert/airflow_venv/lib/python3.11/site-packages/airflow/example_dags/plugins/event_listener.py
[2024-06-11T16:36:08.857+0200] {processor.py:183} INFO - Processing /Users/noejalabert/airflow_venv/lib/python3.11/site-packages/airflow/example_dags/plugins/event_listener.py took 0.043 seconds
[2024-06-11T16:37:38.086+0200] {processor.py:161} INFO - Started process (PID=5069) to work on /Users/noejalabert/airflow_venv/lib/python3.11/site-packages/airflow/example_dags/plugins/event_listener.py
[2024-06-11T16:37:38.087+0200] {processor.py:830} INFO - Processing file /Users/noejalabert/airflow_venv/lib/python3.11/site-packages/airflow/example_dags/plugins/event_listener.py for tasks to queue
[2024-06-11T16:37:38.087+0200] {logging_mixin.py:188} INFO - [2024-06-11T16:37:38.087+0200] {dagbag.py:540} INFO - Filling up the DagBag from /Users/noejalabert/airflow_venv/lib/python3.11/site-packages/airflow/example_dags/plugins/event_listener.py
[2024-06-11T16:37:38.087+0200] {processor.py:842} WARNING - No viable dags retrieved from /Users/noejalabert/airflow_venv/lib/python3.11/site-packages/airflow/example_dags/plugins/event_listener.py
[2024-06-11T16:37:38.124+0200] {processor.py:183} INFO - Processing /Users/noejalabert/airflow_venv/lib/python3.11/site-packages/airflow/example_dags/plugins/event_listener.py took 0.039 seconds
[2024-06-11T16:39:07.978+0200] {processor.py:161} INFO - Started process (PID=5152) to work on /Users/noejalabert/airflow_venv/lib/python3.11/site-packages/airflow/example_dags/plugins/event_listener.py
[2024-06-11T16:39:07.978+0200] {processor.py:830} INFO - Processing file /Users/noejalabert/airflow_venv/lib/python3.11/site-packages/airflow/example_dags/plugins/event_listener.py for tasks to queue
[2024-06-11T16:39:07.979+0200] {logging_mixin.py:188} INFO - [2024-06-11T16:39:07.979+0200] {dagbag.py:540} INFO - Filling up the DagBag from /Users/noejalabert/airflow_venv/lib/python3.11/site-packages/airflow/example_dags/plugins/event_listener.py
[2024-06-11T16:39:07.979+0200] {processor.py:842} WARNING - No viable dags retrieved from /Users/noejalabert/airflow_venv/lib/python3.11/site-packages/airflow/example_dags/plugins/event_listener.py
[2024-06-11T16:39:08.014+0200] {processor.py:183} INFO - Processing /Users/noejalabert/airflow_venv/lib/python3.11/site-packages/airflow/example_dags/plugins/event_listener.py took 0.038 seconds
[2024-06-11T16:40:34.329+0200] {processor.py:161} INFO - Started process (PID=5224) to work on /Users/noejalabert/airflow_venv/lib/python3.11/site-packages/airflow/example_dags/plugins/event_listener.py
[2024-06-11T16:40:34.329+0200] {processor.py:830} INFO - Processing file /Users/noejalabert/airflow_venv/lib/python3.11/site-packages/airflow/example_dags/plugins/event_listener.py for tasks to queue
[2024-06-11T16:40:34.329+0200] {logging_mixin.py:188} INFO - [2024-06-11T16:40:34.329+0200] {dagbag.py:540} INFO - Filling up the DagBag from /Users/noejalabert/airflow_venv/lib/python3.11/site-packages/airflow/example_dags/plugins/event_listener.py
[2024-06-11T16:40:34.330+0200] {processor.py:842} WARNING - No viable dags retrieved from /Users/noejalabert/airflow_venv/lib/python3.11/site-packages/airflow/example_dags/plugins/event_listener.py
[2024-06-11T16:40:34.366+0200] {processor.py:183} INFO - Processing /Users/noejalabert/airflow_venv/lib/python3.11/site-packages/airflow/example_dags/plugins/event_listener.py took 0.038 seconds
[2024-06-11T16:42:05.153+0200] {processor.py:161} INFO - Started process (PID=5363) to work on /Users/noejalabert/airflow_venv/lib/python3.11/site-packages/airflow/example_dags/plugins/event_listener.py
[2024-06-11T16:42:05.154+0200] {processor.py:830} INFO - Processing file /Users/noejalabert/airflow_venv/lib/python3.11/site-packages/airflow/example_dags/plugins/event_listener.py for tasks to queue
[2024-06-11T16:42:05.154+0200] {logging_mixin.py:188} INFO - [2024-06-11T16:42:05.154+0200] {dagbag.py:540} INFO - Filling up the DagBag from /Users/noejalabert/airflow_venv/lib/python3.11/site-packages/airflow/example_dags/plugins/event_listener.py
[2024-06-11T16:42:05.155+0200] {processor.py:842} WARNING - No viable dags retrieved from /Users/noejalabert/airflow_venv/lib/python3.11/site-packages/airflow/example_dags/plugins/event_listener.py
[2024-06-11T16:42:05.192+0200] {processor.py:183} INFO - Processing /Users/noejalabert/airflow_venv/lib/python3.11/site-packages/airflow/example_dags/plugins/event_listener.py took 0.040 seconds
[2024-06-11T16:43:36.030+0200] {processor.py:161} INFO - Started process (PID=5456) to work on /Users/noejalabert/airflow_venv/lib/python3.11/site-packages/airflow/example_dags/plugins/event_listener.py
[2024-06-11T16:43:36.031+0200] {processor.py:830} INFO - Processing file /Users/noejalabert/airflow_venv/lib/python3.11/site-packages/airflow/example_dags/plugins/event_listener.py for tasks to queue
[2024-06-11T16:43:36.031+0200] {logging_mixin.py:188} INFO - [2024-06-11T16:43:36.031+0200] {dagbag.py:540} INFO - Filling up the DagBag from /Users/noejalabert/airflow_venv/lib/python3.11/site-packages/airflow/example_dags/plugins/event_listener.py
[2024-06-11T16:43:36.032+0200] {processor.py:842} WARNING - No viable dags retrieved from /Users/noejalabert/airflow_venv/lib/python3.11/site-packages/airflow/example_dags/plugins/event_listener.py
[2024-06-11T16:43:36.068+0200] {processor.py:183} INFO - Processing /Users/noejalabert/airflow_venv/lib/python3.11/site-packages/airflow/example_dags/plugins/event_listener.py took 0.040 seconds
[2024-06-11T16:44:25.578+0200] {processor.py:161} INFO - Started process (PID=5533) to work on /Users/noejalabert/airflow_venv/lib/python3.11/site-packages/airflow/example_dags/plugins/event_listener.py
[2024-06-11T16:44:25.578+0200] {processor.py:830} INFO - Processing file /Users/noejalabert/airflow_venv/lib/python3.11/site-packages/airflow/example_dags/plugins/event_listener.py for tasks to queue
[2024-06-11T16:44:25.579+0200] {logging_mixin.py:188} INFO - [2024-06-11T16:44:25.579+0200] {dagbag.py:540} INFO - Filling up the DagBag from /Users/noejalabert/airflow_venv/lib/python3.11/site-packages/airflow/example_dags/plugins/event_listener.py
[2024-06-11T16:44:25.579+0200] {processor.py:842} WARNING - No viable dags retrieved from /Users/noejalabert/airflow_venv/lib/python3.11/site-packages/airflow/example_dags/plugins/event_listener.py
[2024-06-11T16:44:25.617+0200] {processor.py:183} INFO - Processing /Users/noejalabert/airflow_venv/lib/python3.11/site-packages/airflow/example_dags/plugins/event_listener.py took 0.041 seconds
[2024-06-11T16:46:06.225+0200] {processor.py:161} INFO - Started process (PID=5672) to work on /Users/noejalabert/airflow_venv/lib/python3.11/site-packages/airflow/example_dags/plugins/event_listener.py
[2024-06-11T16:46:06.226+0200] {processor.py:830} INFO - Processing file /Users/noejalabert/airflow_venv/lib/python3.11/site-packages/airflow/example_dags/plugins/event_listener.py for tasks to queue
[2024-06-11T16:46:06.226+0200] {logging_mixin.py:188} INFO - [2024-06-11T16:46:06.226+0200] {dagbag.py:540} INFO - Filling up the DagBag from /Users/noejalabert/airflow_venv/lib/python3.11/site-packages/airflow/example_dags/plugins/event_listener.py
[2024-06-11T16:46:06.227+0200] {processor.py:842} WARNING - No viable dags retrieved from /Users/noejalabert/airflow_venv/lib/python3.11/site-packages/airflow/example_dags/plugins/event_listener.py
[2024-06-11T16:46:06.268+0200] {processor.py:183} INFO - Processing /Users/noejalabert/airflow_venv/lib/python3.11/site-packages/airflow/example_dags/plugins/event_listener.py took 0.043 seconds
[2024-06-11T16:47:32.778+0200] {processor.py:161} INFO - Started process (PID=5780) to work on /Users/noejalabert/airflow_venv/lib/python3.11/site-packages/airflow/example_dags/plugins/event_listener.py
[2024-06-11T16:47:32.780+0200] {processor.py:830} INFO - Processing file /Users/noejalabert/airflow_venv/lib/python3.11/site-packages/airflow/example_dags/plugins/event_listener.py for tasks to queue
[2024-06-11T16:47:32.781+0200] {logging_mixin.py:188} INFO - [2024-06-11T16:47:32.780+0200] {dagbag.py:540} INFO - Filling up the DagBag from /Users/noejalabert/airflow_venv/lib/python3.11/site-packages/airflow/example_dags/plugins/event_listener.py
[2024-06-11T16:47:32.781+0200] {processor.py:842} WARNING - No viable dags retrieved from /Users/noejalabert/airflow_venv/lib/python3.11/site-packages/airflow/example_dags/plugins/event_listener.py
[2024-06-11T16:47:32.848+0200] {processor.py:183} INFO - Processing /Users/noejalabert/airflow_venv/lib/python3.11/site-packages/airflow/example_dags/plugins/event_listener.py took 0.072 seconds
[2024-06-11T16:48:57.111+0200] {processor.py:161} INFO - Started process (PID=5867) to work on /Users/noejalabert/airflow_venv/lib/python3.11/site-packages/airflow/example_dags/plugins/event_listener.py
[2024-06-11T16:48:57.112+0200] {processor.py:830} INFO - Processing file /Users/noejalabert/airflow_venv/lib/python3.11/site-packages/airflow/example_dags/plugins/event_listener.py for tasks to queue
[2024-06-11T16:48:57.113+0200] {logging_mixin.py:188} INFO - [2024-06-11T16:48:57.112+0200] {dagbag.py:540} INFO - Filling up the DagBag from /Users/noejalabert/airflow_venv/lib/python3.11/site-packages/airflow/example_dags/plugins/event_listener.py
[2024-06-11T16:48:57.113+0200] {processor.py:842} WARNING - No viable dags retrieved from /Users/noejalabert/airflow_venv/lib/python3.11/site-packages/airflow/example_dags/plugins/event_listener.py
[2024-06-11T16:48:57.149+0200] {processor.py:183} INFO - Processing /Users/noejalabert/airflow_venv/lib/python3.11/site-packages/airflow/example_dags/plugins/event_listener.py took 0.039 seconds
[2024-06-11T16:50:28.131+0200] {processor.py:161} INFO - Started process (PID=5968) to work on /Users/noejalabert/airflow_venv/lib/python3.11/site-packages/airflow/example_dags/plugins/event_listener.py
[2024-06-11T16:50:28.131+0200] {processor.py:830} INFO - Processing file /Users/noejalabert/airflow_venv/lib/python3.11/site-packages/airflow/example_dags/plugins/event_listener.py for tasks to queue
[2024-06-11T16:50:28.132+0200] {logging_mixin.py:188} INFO - [2024-06-11T16:50:28.132+0200] {dagbag.py:540} INFO - Filling up the DagBag from /Users/noejalabert/airflow_venv/lib/python3.11/site-packages/airflow/example_dags/plugins/event_listener.py
[2024-06-11T16:50:28.132+0200] {processor.py:842} WARNING - No viable dags retrieved from /Users/noejalabert/airflow_venv/lib/python3.11/site-packages/airflow/example_dags/plugins/event_listener.py
[2024-06-11T16:50:28.171+0200] {processor.py:183} INFO - Processing /Users/noejalabert/airflow_venv/lib/python3.11/site-packages/airflow/example_dags/plugins/event_listener.py took 0.042 seconds
[2024-06-11T16:51:56.876+0200] {processor.py:161} INFO - Started process (PID=6083) to work on /Users/noejalabert/airflow_venv/lib/python3.11/site-packages/airflow/example_dags/plugins/event_listener.py
[2024-06-11T16:51:56.878+0200] {processor.py:830} INFO - Processing file /Users/noejalabert/airflow_venv/lib/python3.11/site-packages/airflow/example_dags/plugins/event_listener.py for tasks to queue
[2024-06-11T16:51:56.878+0200] {logging_mixin.py:188} INFO - [2024-06-11T16:51:56.878+0200] {dagbag.py:540} INFO - Filling up the DagBag from /Users/noejalabert/airflow_venv/lib/python3.11/site-packages/airflow/example_dags/plugins/event_listener.py
[2024-06-11T16:51:56.878+0200] {processor.py:842} WARNING - No viable dags retrieved from /Users/noejalabert/airflow_venv/lib/python3.11/site-packages/airflow/example_dags/plugins/event_listener.py
[2024-06-11T16:51:56.921+0200] {processor.py:183} INFO - Processing /Users/noejalabert/airflow_venv/lib/python3.11/site-packages/airflow/example_dags/plugins/event_listener.py took 0.047 seconds
