[2024-05-28T16:23:01.908+0200] {local_task_job_runner.py:120} INFO - ::group::Pre task execution logs
[2024-05-28T16:23:01.921+0200] {taskinstance.py:2073} INFO - Dependencies all met for dep_context=non-requeueable deps ti=<TaskInstance: example_bash_operator.runme_2 scheduled__2024-05-27T00:00:00+00:00 [queued]>
[2024-05-28T16:23:01.923+0200] {taskinstance.py:2073} INFO - Dependencies all met for dep_context=requeueable deps ti=<TaskInstance: example_bash_operator.runme_2 scheduled__2024-05-27T00:00:00+00:00 [queued]>
[2024-05-28T16:23:01.923+0200] {taskinstance.py:2303} INFO - Starting attempt 1 of 1
[2024-05-28T16:23:01.928+0200] {taskinstance.py:2327} INFO - Executing <Task(BashOperator): runme_2> on 2024-05-27 00:00:00+00:00
[2024-05-28T16:23:01.933+0200] {standard_task_runner.py:63} INFO - Started process 2219 to run task
[2024-05-28T16:23:01.936+0200] {standard_task_runner.py:90} INFO - Running: ['airflow', 'tasks', 'run', 'example_bash_operator', 'runme_2', 'scheduled__2024-05-27T00:00:00+00:00', '--job-id', '45', '--raw', '--subdir', '/Users/noejalabert/airflow_venv/lib/python3.11/site-packages/airflow/example_dags/example_bash_operator.py', '--cfg-path', '/var/folders/lz/gv7z_f1x3156jvrgkgylt68w0000gn/T/tmpyangl2n5']
[2024-05-28T16:23:01.937+0200] {standard_task_runner.py:91} INFO - Job 45: Subtask runme_2
[2024-05-28T16:23:01.957+0200] {task_command.py:426} INFO - Running <TaskInstance: example_bash_operator.runme_2 scheduled__2024-05-27T00:00:00+00:00 [running]> on host macbook-air-de-noe.local
[2024-05-28T16:23:01.986+0200] {taskinstance.py:2644} INFO - Exporting env vars: AIRFLOW_CTX_DAG_OWNER='airflow' AIRFLOW_CTX_DAG_ID='example_bash_operator' AIRFLOW_CTX_TASK_ID='runme_2' AIRFLOW_CTX_EXECUTION_DATE='2024-05-27T00:00:00+00:00' AIRFLOW_CTX_TRY_NUMBER='1' AIRFLOW_CTX_DAG_RUN_ID='scheduled__2024-05-27T00:00:00+00:00'
[2024-05-28T16:23:01.986+0200] {taskinstance.py:430} INFO - ::endgroup::
[2024-05-28T16:23:01.987+0200] {subprocess.py:63} INFO - Tmp dir root location: /var/folders/lz/gv7z_f1x3156jvrgkgylt68w0000gn/T
[2024-05-28T16:23:01.987+0200] {subprocess.py:75} INFO - Running command: ['/bin/bash', '-c', 'echo "example_bash_operator__runme_2__20240527" && sleep 1']
[2024-05-28T16:23:01.994+0200] {subprocess.py:86} INFO - Output:
[2024-05-28T16:23:01.998+0200] {subprocess.py:93} INFO - example_bash_operator__runme_2__20240527
[2024-05-28T16:23:03.013+0200] {subprocess.py:97} INFO - Command exited with return code 0
[2024-05-28T16:23:03.016+0200] {taskinstance.py:441} INFO - ::group::Post task execution logs
[2024-05-28T16:23:03.041+0200] {taskinstance.py:1205} INFO - Marking task as SUCCESS. dag_id=example_bash_operator, task_id=runme_2, execution_date=20240527T000000, start_date=20240528T142301, end_date=20240528T142303
[2024-05-28T16:23:03.055+0200] {local_task_job_runner.py:240} INFO - Task exited with return code 0
[2024-05-28T16:23:03.073+0200] {taskinstance.py:3482} INFO - 1 downstream tasks scheduled from follow-on schedule check
[2024-05-28T16:23:03.074+0200] {local_task_job_runner.py:222} INFO - ::endgroup::
