[2024-05-28T16:23:06.126+0200] {processor.py:161} INFO - Started process (PID=2231) to work on /Users/noejalabert/airflow_venv/lib/python3.11/site-packages/airflow/example_dags/subdags/subdag.py
[2024-05-28T16:23:06.126+0200] {processor.py:830} INFO - Processing file /Users/noejalabert/airflow_venv/lib/python3.11/site-packages/airflow/example_dags/subdags/subdag.py for tasks to queue
[2024-05-28T16:23:06.127+0200] {logging_mixin.py:188} INFO - [2024-05-28T16:23:06.127+0200] {dagbag.py:540} INFO - Filling up the DagBag from /Users/noejalabert/airflow_venv/lib/python3.11/site-packages/airflow/example_dags/subdags/subdag.py
[2024-05-28T16:23:06.127+0200] {processor.py:842} WARNING - No viable dags retrieved from /Users/noejalabert/airflow_venv/lib/python3.11/site-packages/airflow/example_dags/subdags/subdag.py
[2024-05-28T16:23:06.162+0200] {processor.py:183} INFO - Processing /Users/noejalabert/airflow_venv/lib/python3.11/site-packages/airflow/example_dags/subdags/subdag.py took 0.038 seconds
[2024-05-28T16:24:37.729+0200] {processor.py:161} INFO - Started process (PID=2334) to work on /Users/noejalabert/airflow_venv/lib/python3.11/site-packages/airflow/example_dags/subdags/subdag.py
[2024-05-28T16:24:37.731+0200] {processor.py:830} INFO - Processing file /Users/noejalabert/airflow_venv/lib/python3.11/site-packages/airflow/example_dags/subdags/subdag.py for tasks to queue
[2024-05-28T16:24:37.731+0200] {logging_mixin.py:188} INFO - [2024-05-28T16:24:37.731+0200] {dagbag.py:540} INFO - Filling up the DagBag from /Users/noejalabert/airflow_venv/lib/python3.11/site-packages/airflow/example_dags/subdags/subdag.py
[2024-05-28T16:24:37.732+0200] {processor.py:842} WARNING - No viable dags retrieved from /Users/noejalabert/airflow_venv/lib/python3.11/site-packages/airflow/example_dags/subdags/subdag.py
[2024-05-28T16:24:37.767+0200] {processor.py:183} INFO - Processing /Users/noejalabert/airflow_venv/lib/python3.11/site-packages/airflow/example_dags/subdags/subdag.py took 0.038 seconds
[2024-05-28T16:27:07.840+0200] {processor.py:161} INFO - Started process (PID=2437) to work on /Users/noejalabert/airflow_venv/lib/python3.11/site-packages/airflow/example_dags/subdags/subdag.py
[2024-05-28T16:27:07.841+0200] {processor.py:830} INFO - Processing file /Users/noejalabert/airflow_venv/lib/python3.11/site-packages/airflow/example_dags/subdags/subdag.py for tasks to queue
[2024-05-28T16:27:07.841+0200] {logging_mixin.py:188} INFO - [2024-05-28T16:27:07.841+0200] {dagbag.py:540} INFO - Filling up the DagBag from /Users/noejalabert/airflow_venv/lib/python3.11/site-packages/airflow/example_dags/subdags/subdag.py
[2024-05-28T16:27:07.842+0200] {processor.py:842} WARNING - No viable dags retrieved from /Users/noejalabert/airflow_venv/lib/python3.11/site-packages/airflow/example_dags/subdags/subdag.py
[2024-05-28T16:27:07.876+0200] {processor.py:183} INFO - Processing /Users/noejalabert/airflow_venv/lib/python3.11/site-packages/airflow/example_dags/subdags/subdag.py took 0.038 seconds
[2024-05-28T16:28:40.572+0200] {processor.py:161} INFO - Started process (PID=2531) to work on /Users/noejalabert/airflow_venv/lib/python3.11/site-packages/airflow/example_dags/subdags/subdag.py
[2024-05-28T16:28:40.574+0200] {processor.py:830} INFO - Processing file /Users/noejalabert/airflow_venv/lib/python3.11/site-packages/airflow/example_dags/subdags/subdag.py for tasks to queue
[2024-05-28T16:28:40.575+0200] {logging_mixin.py:188} INFO - [2024-05-28T16:28:40.575+0200] {dagbag.py:540} INFO - Filling up the DagBag from /Users/noejalabert/airflow_venv/lib/python3.11/site-packages/airflow/example_dags/subdags/subdag.py
[2024-05-28T16:28:40.576+0200] {processor.py:842} WARNING - No viable dags retrieved from /Users/noejalabert/airflow_venv/lib/python3.11/site-packages/airflow/example_dags/subdags/subdag.py
[2024-05-28T16:28:40.610+0200] {processor.py:183} INFO - Processing /Users/noejalabert/airflow_venv/lib/python3.11/site-packages/airflow/example_dags/subdags/subdag.py took 0.039 seconds
[2024-05-28T16:30:05.893+0200] {processor.py:161} INFO - Started process (PID=2733) to work on /Users/noejalabert/airflow_venv/lib/python3.11/site-packages/airflow/example_dags/subdags/subdag.py
[2024-05-28T16:30:05.894+0200] {processor.py:830} INFO - Processing file /Users/noejalabert/airflow_venv/lib/python3.11/site-packages/airflow/example_dags/subdags/subdag.py for tasks to queue
[2024-05-28T16:30:05.894+0200] {logging_mixin.py:188} INFO - [2024-05-28T16:30:05.894+0200] {dagbag.py:540} INFO - Filling up the DagBag from /Users/noejalabert/airflow_venv/lib/python3.11/site-packages/airflow/example_dags/subdags/subdag.py
[2024-05-28T16:30:05.895+0200] {processor.py:842} WARNING - No viable dags retrieved from /Users/noejalabert/airflow_venv/lib/python3.11/site-packages/airflow/example_dags/subdags/subdag.py
[2024-05-28T16:30:05.930+0200] {processor.py:183} INFO - Processing /Users/noejalabert/airflow_venv/lib/python3.11/site-packages/airflow/example_dags/subdags/subdag.py took 0.038 seconds
[2024-05-28T16:31:29.786+0200] {processor.py:161} INFO - Started process (PID=2971) to work on /Users/noejalabert/airflow_venv/lib/python3.11/site-packages/airflow/example_dags/subdags/subdag.py
[2024-05-28T16:31:29.787+0200] {processor.py:830} INFO - Processing file /Users/noejalabert/airflow_venv/lib/python3.11/site-packages/airflow/example_dags/subdags/subdag.py for tasks to queue
[2024-05-28T16:31:29.787+0200] {logging_mixin.py:188} INFO - [2024-05-28T16:31:29.787+0200] {dagbag.py:540} INFO - Filling up the DagBag from /Users/noejalabert/airflow_venv/lib/python3.11/site-packages/airflow/example_dags/subdags/subdag.py
[2024-05-28T16:31:29.788+0200] {processor.py:842} WARNING - No viable dags retrieved from /Users/noejalabert/airflow_venv/lib/python3.11/site-packages/airflow/example_dags/subdags/subdag.py
[2024-05-28T16:31:29.822+0200] {processor.py:183} INFO - Processing /Users/noejalabert/airflow_venv/lib/python3.11/site-packages/airflow/example_dags/subdags/subdag.py took 0.037 seconds
[2024-05-28T16:32:53.509+0200] {processor.py:161} INFO - Started process (PID=3122) to work on /Users/noejalabert/airflow_venv/lib/python3.11/site-packages/airflow/example_dags/subdags/subdag.py
[2024-05-28T16:32:53.510+0200] {processor.py:830} INFO - Processing file /Users/noejalabert/airflow_venv/lib/python3.11/site-packages/airflow/example_dags/subdags/subdag.py for tasks to queue
[2024-05-28T16:32:53.510+0200] {logging_mixin.py:188} INFO - [2024-05-28T16:32:53.510+0200] {dagbag.py:540} INFO - Filling up the DagBag from /Users/noejalabert/airflow_venv/lib/python3.11/site-packages/airflow/example_dags/subdags/subdag.py
[2024-05-28T16:32:53.511+0200] {processor.py:842} WARNING - No viable dags retrieved from /Users/noejalabert/airflow_venv/lib/python3.11/site-packages/airflow/example_dags/subdags/subdag.py
[2024-05-28T16:32:53.546+0200] {processor.py:183} INFO - Processing /Users/noejalabert/airflow_venv/lib/python3.11/site-packages/airflow/example_dags/subdags/subdag.py took 0.038 seconds
[2024-05-28T16:34:15.764+0200] {processor.py:161} INFO - Started process (PID=3236) to work on /Users/noejalabert/airflow_venv/lib/python3.11/site-packages/airflow/example_dags/subdags/subdag.py
[2024-05-28T16:34:15.765+0200] {processor.py:830} INFO - Processing file /Users/noejalabert/airflow_venv/lib/python3.11/site-packages/airflow/example_dags/subdags/subdag.py for tasks to queue
[2024-05-28T16:34:15.765+0200] {logging_mixin.py:188} INFO - [2024-05-28T16:34:15.765+0200] {dagbag.py:540} INFO - Filling up the DagBag from /Users/noejalabert/airflow_venv/lib/python3.11/site-packages/airflow/example_dags/subdags/subdag.py
[2024-05-28T16:34:15.766+0200] {processor.py:842} WARNING - No viable dags retrieved from /Users/noejalabert/airflow_venv/lib/python3.11/site-packages/airflow/example_dags/subdags/subdag.py
[2024-05-28T16:34:15.805+0200] {processor.py:183} INFO - Processing /Users/noejalabert/airflow_venv/lib/python3.11/site-packages/airflow/example_dags/subdags/subdag.py took 0.042 seconds
[2024-05-28T16:35:41.382+0200] {processor.py:161} INFO - Started process (PID=3330) to work on /Users/noejalabert/airflow_venv/lib/python3.11/site-packages/airflow/example_dags/subdags/subdag.py
[2024-05-28T16:35:41.383+0200] {processor.py:830} INFO - Processing file /Users/noejalabert/airflow_venv/lib/python3.11/site-packages/airflow/example_dags/subdags/subdag.py for tasks to queue
[2024-05-28T16:35:41.383+0200] {logging_mixin.py:188} INFO - [2024-05-28T16:35:41.383+0200] {dagbag.py:540} INFO - Filling up the DagBag from /Users/noejalabert/airflow_venv/lib/python3.11/site-packages/airflow/example_dags/subdags/subdag.py
[2024-05-28T16:35:41.384+0200] {processor.py:842} WARNING - No viable dags retrieved from /Users/noejalabert/airflow_venv/lib/python3.11/site-packages/airflow/example_dags/subdags/subdag.py
[2024-05-28T16:35:41.418+0200] {processor.py:183} INFO - Processing /Users/noejalabert/airflow_venv/lib/python3.11/site-packages/airflow/example_dags/subdags/subdag.py took 0.038 seconds
[2024-05-28T16:38:32.746+0200] {processor.py:161} INFO - Started process (PID=3770) to work on /Users/noejalabert/airflow_venv/lib/python3.11/site-packages/airflow/example_dags/subdags/subdag.py
[2024-05-28T16:38:32.747+0200] {processor.py:830} INFO - Processing file /Users/noejalabert/airflow_venv/lib/python3.11/site-packages/airflow/example_dags/subdags/subdag.py for tasks to queue
[2024-05-28T16:38:32.747+0200] {logging_mixin.py:188} INFO - [2024-05-28T16:38:32.747+0200] {dagbag.py:540} INFO - Filling up the DagBag from /Users/noejalabert/airflow_venv/lib/python3.11/site-packages/airflow/example_dags/subdags/subdag.py
[2024-05-28T16:38:32.748+0200] {processor.py:842} WARNING - No viable dags retrieved from /Users/noejalabert/airflow_venv/lib/python3.11/site-packages/airflow/example_dags/subdags/subdag.py
[2024-05-28T16:38:32.782+0200] {processor.py:183} INFO - Processing /Users/noejalabert/airflow_venv/lib/python3.11/site-packages/airflow/example_dags/subdags/subdag.py took 0.037 seconds
[2024-05-28T16:39:56.051+0200] {processor.py:161} INFO - Started process (PID=3871) to work on /Users/noejalabert/airflow_venv/lib/python3.11/site-packages/airflow/example_dags/subdags/subdag.py
[2024-05-28T16:39:56.052+0200] {processor.py:830} INFO - Processing file /Users/noejalabert/airflow_venv/lib/python3.11/site-packages/airflow/example_dags/subdags/subdag.py for tasks to queue
[2024-05-28T16:39:56.052+0200] {logging_mixin.py:188} INFO - [2024-05-28T16:39:56.052+0200] {dagbag.py:540} INFO - Filling up the DagBag from /Users/noejalabert/airflow_venv/lib/python3.11/site-packages/airflow/example_dags/subdags/subdag.py
[2024-05-28T16:39:56.053+0200] {processor.py:842} WARNING - No viable dags retrieved from /Users/noejalabert/airflow_venv/lib/python3.11/site-packages/airflow/example_dags/subdags/subdag.py
[2024-05-28T16:39:56.087+0200] {processor.py:183} INFO - Processing /Users/noejalabert/airflow_venv/lib/python3.11/site-packages/airflow/example_dags/subdags/subdag.py took 0.038 seconds
[2024-05-28T16:41:21.748+0200] {processor.py:161} INFO - Started process (PID=3940) to work on /Users/noejalabert/airflow_venv/lib/python3.11/site-packages/airflow/example_dags/subdags/subdag.py
[2024-05-28T16:41:21.748+0200] {processor.py:830} INFO - Processing file /Users/noejalabert/airflow_venv/lib/python3.11/site-packages/airflow/example_dags/subdags/subdag.py for tasks to queue
[2024-05-28T16:41:21.748+0200] {logging_mixin.py:188} INFO - [2024-05-28T16:41:21.748+0200] {dagbag.py:540} INFO - Filling up the DagBag from /Users/noejalabert/airflow_venv/lib/python3.11/site-packages/airflow/example_dags/subdags/subdag.py
[2024-05-28T16:41:21.749+0200] {processor.py:842} WARNING - No viable dags retrieved from /Users/noejalabert/airflow_venv/lib/python3.11/site-packages/airflow/example_dags/subdags/subdag.py
[2024-05-28T16:41:21.784+0200] {processor.py:183} INFO - Processing /Users/noejalabert/airflow_venv/lib/python3.11/site-packages/airflow/example_dags/subdags/subdag.py took 0.038 seconds
[2024-05-28T16:42:42.737+0200] {processor.py:161} INFO - Started process (PID=4021) to work on /Users/noejalabert/airflow_venv/lib/python3.11/site-packages/airflow/example_dags/subdags/subdag.py
[2024-05-28T16:42:42.738+0200] {processor.py:830} INFO - Processing file /Users/noejalabert/airflow_venv/lib/python3.11/site-packages/airflow/example_dags/subdags/subdag.py for tasks to queue
[2024-05-28T16:42:42.738+0200] {logging_mixin.py:188} INFO - [2024-05-28T16:42:42.738+0200] {dagbag.py:540} INFO - Filling up the DagBag from /Users/noejalabert/airflow_venv/lib/python3.11/site-packages/airflow/example_dags/subdags/subdag.py
[2024-05-28T16:42:42.739+0200] {processor.py:842} WARNING - No viable dags retrieved from /Users/noejalabert/airflow_venv/lib/python3.11/site-packages/airflow/example_dags/subdags/subdag.py
[2024-05-28T16:42:42.773+0200] {processor.py:183} INFO - Processing /Users/noejalabert/airflow_venv/lib/python3.11/site-packages/airflow/example_dags/subdags/subdag.py took 0.037 seconds
[2024-05-28T16:44:07.120+0200] {processor.py:161} INFO - Started process (PID=4098) to work on /Users/noejalabert/airflow_venv/lib/python3.11/site-packages/airflow/example_dags/subdags/subdag.py
[2024-05-28T16:44:07.121+0200] {processor.py:830} INFO - Processing file /Users/noejalabert/airflow_venv/lib/python3.11/site-packages/airflow/example_dags/subdags/subdag.py for tasks to queue
[2024-05-28T16:44:07.121+0200] {logging_mixin.py:188} INFO - [2024-05-28T16:44:07.121+0200] {dagbag.py:540} INFO - Filling up the DagBag from /Users/noejalabert/airflow_venv/lib/python3.11/site-packages/airflow/example_dags/subdags/subdag.py
[2024-05-28T16:44:07.122+0200] {processor.py:842} WARNING - No viable dags retrieved from /Users/noejalabert/airflow_venv/lib/python3.11/site-packages/airflow/example_dags/subdags/subdag.py
[2024-05-28T16:44:07.156+0200] {processor.py:183} INFO - Processing /Users/noejalabert/airflow_venv/lib/python3.11/site-packages/airflow/example_dags/subdags/subdag.py took 0.037 seconds
[2024-05-28T16:45:31.466+0200] {processor.py:161} INFO - Started process (PID=4174) to work on /Users/noejalabert/airflow_venv/lib/python3.11/site-packages/airflow/example_dags/subdags/subdag.py
[2024-05-28T16:45:31.468+0200] {processor.py:830} INFO - Processing file /Users/noejalabert/airflow_venv/lib/python3.11/site-packages/airflow/example_dags/subdags/subdag.py for tasks to queue
[2024-05-28T16:45:31.468+0200] {logging_mixin.py:188} INFO - [2024-05-28T16:45:31.468+0200] {dagbag.py:540} INFO - Filling up the DagBag from /Users/noejalabert/airflow_venv/lib/python3.11/site-packages/airflow/example_dags/subdags/subdag.py
[2024-05-28T16:45:31.469+0200] {processor.py:842} WARNING - No viable dags retrieved from /Users/noejalabert/airflow_venv/lib/python3.11/site-packages/airflow/example_dags/subdags/subdag.py
[2024-05-28T16:45:31.503+0200] {processor.py:183} INFO - Processing /Users/noejalabert/airflow_venv/lib/python3.11/site-packages/airflow/example_dags/subdags/subdag.py took 0.038 seconds
[2024-05-28T16:47:57.646+0200] {processor.py:161} INFO - Started process (PID=4260) to work on /Users/noejalabert/airflow_venv/lib/python3.11/site-packages/airflow/example_dags/subdags/subdag.py
[2024-05-28T16:47:57.647+0200] {processor.py:830} INFO - Processing file /Users/noejalabert/airflow_venv/lib/python3.11/site-packages/airflow/example_dags/subdags/subdag.py for tasks to queue
[2024-05-28T16:47:57.647+0200] {logging_mixin.py:188} INFO - [2024-05-28T16:47:57.647+0200] {dagbag.py:540} INFO - Filling up the DagBag from /Users/noejalabert/airflow_venv/lib/python3.11/site-packages/airflow/example_dags/subdags/subdag.py
[2024-05-28T16:47:57.648+0200] {processor.py:842} WARNING - No viable dags retrieved from /Users/noejalabert/airflow_venv/lib/python3.11/site-packages/airflow/example_dags/subdags/subdag.py
[2024-05-28T16:47:57.683+0200] {processor.py:183} INFO - Processing /Users/noejalabert/airflow_venv/lib/python3.11/site-packages/airflow/example_dags/subdags/subdag.py took 0.038 seconds
[2024-05-28T16:49:18.995+0200] {processor.py:161} INFO - Started process (PID=4351) to work on /Users/noejalabert/airflow_venv/lib/python3.11/site-packages/airflow/example_dags/subdags/subdag.py
[2024-05-28T16:49:18.996+0200] {processor.py:830} INFO - Processing file /Users/noejalabert/airflow_venv/lib/python3.11/site-packages/airflow/example_dags/subdags/subdag.py for tasks to queue
[2024-05-28T16:49:18.997+0200] {logging_mixin.py:188} INFO - [2024-05-28T16:49:18.996+0200] {dagbag.py:540} INFO - Filling up the DagBag from /Users/noejalabert/airflow_venv/lib/python3.11/site-packages/airflow/example_dags/subdags/subdag.py
[2024-05-28T16:49:18.998+0200] {processor.py:842} WARNING - No viable dags retrieved from /Users/noejalabert/airflow_venv/lib/python3.11/site-packages/airflow/example_dags/subdags/subdag.py
[2024-05-28T16:49:19.033+0200] {processor.py:183} INFO - Processing /Users/noejalabert/airflow_venv/lib/python3.11/site-packages/airflow/example_dags/subdags/subdag.py took 0.040 seconds
[2024-05-28T16:50:41.026+0200] {processor.py:161} INFO - Started process (PID=4437) to work on /Users/noejalabert/airflow_venv/lib/python3.11/site-packages/airflow/example_dags/subdags/subdag.py
[2024-05-28T16:50:41.027+0200] {processor.py:830} INFO - Processing file /Users/noejalabert/airflow_venv/lib/python3.11/site-packages/airflow/example_dags/subdags/subdag.py for tasks to queue
[2024-05-28T16:50:41.028+0200] {logging_mixin.py:188} INFO - [2024-05-28T16:50:41.027+0200] {dagbag.py:540} INFO - Filling up the DagBag from /Users/noejalabert/airflow_venv/lib/python3.11/site-packages/airflow/example_dags/subdags/subdag.py
[2024-05-28T16:50:41.029+0200] {processor.py:842} WARNING - No viable dags retrieved from /Users/noejalabert/airflow_venv/lib/python3.11/site-packages/airflow/example_dags/subdags/subdag.py
[2024-05-28T16:50:41.065+0200] {processor.py:183} INFO - Processing /Users/noejalabert/airflow_venv/lib/python3.11/site-packages/airflow/example_dags/subdags/subdag.py took 0.041 seconds
[2024-05-28T16:52:00.459+0200] {processor.py:161} INFO - Started process (PID=4521) to work on /Users/noejalabert/airflow_venv/lib/python3.11/site-packages/airflow/example_dags/subdags/subdag.py
[2024-05-28T16:52:00.460+0200] {processor.py:830} INFO - Processing file /Users/noejalabert/airflow_venv/lib/python3.11/site-packages/airflow/example_dags/subdags/subdag.py for tasks to queue
[2024-05-28T16:52:00.460+0200] {logging_mixin.py:188} INFO - [2024-05-28T16:52:00.460+0200] {dagbag.py:540} INFO - Filling up the DagBag from /Users/noejalabert/airflow_venv/lib/python3.11/site-packages/airflow/example_dags/subdags/subdag.py
[2024-05-28T16:52:00.461+0200] {processor.py:842} WARNING - No viable dags retrieved from /Users/noejalabert/airflow_venv/lib/python3.11/site-packages/airflow/example_dags/subdags/subdag.py
[2024-05-28T16:52:00.497+0200] {processor.py:183} INFO - Processing /Users/noejalabert/airflow_venv/lib/python3.11/site-packages/airflow/example_dags/subdags/subdag.py took 0.040 seconds
[2024-05-28T16:53:25.734+0200] {processor.py:161} INFO - Started process (PID=4968) to work on /Users/noejalabert/airflow_venv/lib/python3.11/site-packages/airflow/example_dags/subdags/subdag.py
[2024-05-28T16:53:25.734+0200] {processor.py:830} INFO - Processing file /Users/noejalabert/airflow_venv/lib/python3.11/site-packages/airflow/example_dags/subdags/subdag.py for tasks to queue
[2024-05-28T16:53:25.735+0200] {logging_mixin.py:188} INFO - [2024-05-28T16:53:25.735+0200] {dagbag.py:540} INFO - Filling up the DagBag from /Users/noejalabert/airflow_venv/lib/python3.11/site-packages/airflow/example_dags/subdags/subdag.py
[2024-05-28T16:53:25.736+0200] {processor.py:842} WARNING - No viable dags retrieved from /Users/noejalabert/airflow_venv/lib/python3.11/site-packages/airflow/example_dags/subdags/subdag.py
[2024-05-28T16:53:25.771+0200] {processor.py:183} INFO - Processing /Users/noejalabert/airflow_venv/lib/python3.11/site-packages/airflow/example_dags/subdags/subdag.py took 0.039 seconds
[2024-05-28T16:54:47.889+0200] {processor.py:161} INFO - Started process (PID=5217) to work on /Users/noejalabert/airflow_venv/lib/python3.11/site-packages/airflow/example_dags/subdags/subdag.py
[2024-05-28T16:54:47.890+0200] {processor.py:830} INFO - Processing file /Users/noejalabert/airflow_venv/lib/python3.11/site-packages/airflow/example_dags/subdags/subdag.py for tasks to queue
[2024-05-28T16:54:47.890+0200] {logging_mixin.py:188} INFO - [2024-05-28T16:54:47.890+0200] {dagbag.py:540} INFO - Filling up the DagBag from /Users/noejalabert/airflow_venv/lib/python3.11/site-packages/airflow/example_dags/subdags/subdag.py
[2024-05-28T16:54:47.891+0200] {processor.py:842} WARNING - No viable dags retrieved from /Users/noejalabert/airflow_venv/lib/python3.11/site-packages/airflow/example_dags/subdags/subdag.py
[2024-05-28T16:54:47.926+0200] {processor.py:183} INFO - Processing /Users/noejalabert/airflow_venv/lib/python3.11/site-packages/airflow/example_dags/subdags/subdag.py took 0.038 seconds
[2024-05-28T16:56:11.954+0200] {processor.py:161} INFO - Started process (PID=5297) to work on /Users/noejalabert/airflow_venv/lib/python3.11/site-packages/airflow/example_dags/subdags/subdag.py
[2024-05-28T16:56:11.954+0200] {processor.py:830} INFO - Processing file /Users/noejalabert/airflow_venv/lib/python3.11/site-packages/airflow/example_dags/subdags/subdag.py for tasks to queue
[2024-05-28T16:56:11.954+0200] {logging_mixin.py:188} INFO - [2024-05-28T16:56:11.954+0200] {dagbag.py:540} INFO - Filling up the DagBag from /Users/noejalabert/airflow_venv/lib/python3.11/site-packages/airflow/example_dags/subdags/subdag.py
[2024-05-28T16:56:11.955+0200] {processor.py:842} WARNING - No viable dags retrieved from /Users/noejalabert/airflow_venv/lib/python3.11/site-packages/airflow/example_dags/subdags/subdag.py
[2024-05-28T16:56:11.990+0200] {processor.py:183} INFO - Processing /Users/noejalabert/airflow_venv/lib/python3.11/site-packages/airflow/example_dags/subdags/subdag.py took 0.037 seconds
[2024-05-28T16:57:37.643+0200] {processor.py:161} INFO - Started process (PID=5485) to work on /Users/noejalabert/airflow_venv/lib/python3.11/site-packages/airflow/example_dags/subdags/subdag.py
[2024-05-28T16:57:37.644+0200] {processor.py:830} INFO - Processing file /Users/noejalabert/airflow_venv/lib/python3.11/site-packages/airflow/example_dags/subdags/subdag.py for tasks to queue
[2024-05-28T16:57:37.644+0200] {logging_mixin.py:188} INFO - [2024-05-28T16:57:37.644+0200] {dagbag.py:540} INFO - Filling up the DagBag from /Users/noejalabert/airflow_venv/lib/python3.11/site-packages/airflow/example_dags/subdags/subdag.py
[2024-05-28T16:57:37.645+0200] {processor.py:842} WARNING - No viable dags retrieved from /Users/noejalabert/airflow_venv/lib/python3.11/site-packages/airflow/example_dags/subdags/subdag.py
[2024-05-28T16:57:37.679+0200] {processor.py:183} INFO - Processing /Users/noejalabert/airflow_venv/lib/python3.11/site-packages/airflow/example_dags/subdags/subdag.py took 0.037 seconds
[2024-05-28T16:59:05.229+0200] {processor.py:161} INFO - Started process (PID=5612) to work on /Users/noejalabert/airflow_venv/lib/python3.11/site-packages/airflow/example_dags/subdags/subdag.py
[2024-05-28T16:59:05.229+0200] {processor.py:830} INFO - Processing file /Users/noejalabert/airflow_venv/lib/python3.11/site-packages/airflow/example_dags/subdags/subdag.py for tasks to queue
[2024-05-28T16:59:05.230+0200] {logging_mixin.py:188} INFO - [2024-05-28T16:59:05.230+0200] {dagbag.py:540} INFO - Filling up the DagBag from /Users/noejalabert/airflow_venv/lib/python3.11/site-packages/airflow/example_dags/subdags/subdag.py
[2024-05-28T16:59:05.230+0200] {processor.py:842} WARNING - No viable dags retrieved from /Users/noejalabert/airflow_venv/lib/python3.11/site-packages/airflow/example_dags/subdags/subdag.py
[2024-05-28T16:59:05.266+0200] {processor.py:183} INFO - Processing /Users/noejalabert/airflow_venv/lib/python3.11/site-packages/airflow/example_dags/subdags/subdag.py took 0.039 seconds
[2024-05-28T17:00:30.821+0200] {processor.py:161} INFO - Started process (PID=6006) to work on /Users/noejalabert/airflow_venv/lib/python3.11/site-packages/airflow/example_dags/subdags/subdag.py
[2024-05-28T17:00:30.822+0200] {processor.py:830} INFO - Processing file /Users/noejalabert/airflow_venv/lib/python3.11/site-packages/airflow/example_dags/subdags/subdag.py for tasks to queue
[2024-05-28T17:00:30.822+0200] {logging_mixin.py:188} INFO - [2024-05-28T17:00:30.822+0200] {dagbag.py:540} INFO - Filling up the DagBag from /Users/noejalabert/airflow_venv/lib/python3.11/site-packages/airflow/example_dags/subdags/subdag.py
[2024-05-28T17:00:30.823+0200] {processor.py:842} WARNING - No viable dags retrieved from /Users/noejalabert/airflow_venv/lib/python3.11/site-packages/airflow/example_dags/subdags/subdag.py
[2024-05-28T17:00:30.858+0200] {processor.py:183} INFO - Processing /Users/noejalabert/airflow_venv/lib/python3.11/site-packages/airflow/example_dags/subdags/subdag.py took 0.038 seconds
[2024-05-28T17:01:56.278+0200] {processor.py:161} INFO - Started process (PID=6215) to work on /Users/noejalabert/airflow_venv/lib/python3.11/site-packages/airflow/example_dags/subdags/subdag.py
[2024-05-28T17:01:56.279+0200] {processor.py:830} INFO - Processing file /Users/noejalabert/airflow_venv/lib/python3.11/site-packages/airflow/example_dags/subdags/subdag.py for tasks to queue
[2024-05-28T17:01:56.279+0200] {logging_mixin.py:188} INFO - [2024-05-28T17:01:56.279+0200] {dagbag.py:540} INFO - Filling up the DagBag from /Users/noejalabert/airflow_venv/lib/python3.11/site-packages/airflow/example_dags/subdags/subdag.py
[2024-05-28T17:01:56.280+0200] {processor.py:842} WARNING - No viable dags retrieved from /Users/noejalabert/airflow_venv/lib/python3.11/site-packages/airflow/example_dags/subdags/subdag.py
[2024-05-28T17:01:56.314+0200] {processor.py:183} INFO - Processing /Users/noejalabert/airflow_venv/lib/python3.11/site-packages/airflow/example_dags/subdags/subdag.py took 0.038 seconds
[2024-05-28T17:03:16.617+0200] {processor.py:161} INFO - Started process (PID=6310) to work on /Users/noejalabert/airflow_venv/lib/python3.11/site-packages/airflow/example_dags/subdags/subdag.py
[2024-05-28T17:03:16.618+0200] {processor.py:830} INFO - Processing file /Users/noejalabert/airflow_venv/lib/python3.11/site-packages/airflow/example_dags/subdags/subdag.py for tasks to queue
[2024-05-28T17:03:16.618+0200] {logging_mixin.py:188} INFO - [2024-05-28T17:03:16.618+0200] {dagbag.py:540} INFO - Filling up the DagBag from /Users/noejalabert/airflow_venv/lib/python3.11/site-packages/airflow/example_dags/subdags/subdag.py
[2024-05-28T17:03:16.619+0200] {processor.py:842} WARNING - No viable dags retrieved from /Users/noejalabert/airflow_venv/lib/python3.11/site-packages/airflow/example_dags/subdags/subdag.py
[2024-05-28T17:03:16.653+0200] {processor.py:183} INFO - Processing /Users/noejalabert/airflow_venv/lib/python3.11/site-packages/airflow/example_dags/subdags/subdag.py took 0.037 seconds
[2024-05-28T17:05:40.679+0200] {processor.py:161} INFO - Started process (PID=6392) to work on /Users/noejalabert/airflow_venv/lib/python3.11/site-packages/airflow/example_dags/subdags/subdag.py
[2024-05-28T17:05:40.680+0200] {processor.py:830} INFO - Processing file /Users/noejalabert/airflow_venv/lib/python3.11/site-packages/airflow/example_dags/subdags/subdag.py for tasks to queue
[2024-05-28T17:05:40.680+0200] {logging_mixin.py:188} INFO - [2024-05-28T17:05:40.680+0200] {dagbag.py:540} INFO - Filling up the DagBag from /Users/noejalabert/airflow_venv/lib/python3.11/site-packages/airflow/example_dags/subdags/subdag.py
[2024-05-28T17:05:40.681+0200] {processor.py:842} WARNING - No viable dags retrieved from /Users/noejalabert/airflow_venv/lib/python3.11/site-packages/airflow/example_dags/subdags/subdag.py
[2024-05-28T17:05:40.715+0200] {processor.py:183} INFO - Processing /Users/noejalabert/airflow_venv/lib/python3.11/site-packages/airflow/example_dags/subdags/subdag.py took 0.037 seconds
[2024-05-28T17:09:53.913+0200] {processor.py:161} INFO - Started process (PID=6509) to work on /Users/noejalabert/airflow_venv/lib/python3.11/site-packages/airflow/example_dags/subdags/subdag.py
[2024-05-28T17:09:53.914+0200] {processor.py:830} INFO - Processing file /Users/noejalabert/airflow_venv/lib/python3.11/site-packages/airflow/example_dags/subdags/subdag.py for tasks to queue
[2024-05-28T17:09:53.915+0200] {logging_mixin.py:188} INFO - [2024-05-28T17:09:53.915+0200] {dagbag.py:540} INFO - Filling up the DagBag from /Users/noejalabert/airflow_venv/lib/python3.11/site-packages/airflow/example_dags/subdags/subdag.py
[2024-05-28T17:09:53.915+0200] {processor.py:842} WARNING - No viable dags retrieved from /Users/noejalabert/airflow_venv/lib/python3.11/site-packages/airflow/example_dags/subdags/subdag.py
[2024-05-28T17:09:53.949+0200] {processor.py:183} INFO - Processing /Users/noejalabert/airflow_venv/lib/python3.11/site-packages/airflow/example_dags/subdags/subdag.py took 0.037 seconds
[2024-05-28T17:47:16.951+0200] {processor.py:161} INFO - Started process (PID=6686) to work on /Users/noejalabert/airflow_venv/lib/python3.11/site-packages/airflow/example_dags/subdags/subdag.py
[2024-05-28T17:47:16.952+0200] {processor.py:830} INFO - Processing file /Users/noejalabert/airflow_venv/lib/python3.11/site-packages/airflow/example_dags/subdags/subdag.py for tasks to queue
[2024-05-28T17:47:16.952+0200] {logging_mixin.py:188} INFO - [2024-05-28T17:47:16.952+0200] {dagbag.py:540} INFO - Filling up the DagBag from /Users/noejalabert/airflow_venv/lib/python3.11/site-packages/airflow/example_dags/subdags/subdag.py
[2024-05-28T17:47:16.953+0200] {processor.py:842} WARNING - No viable dags retrieved from /Users/noejalabert/airflow_venv/lib/python3.11/site-packages/airflow/example_dags/subdags/subdag.py
[2024-05-28T17:47:16.987+0200] {processor.py:183} INFO - Processing /Users/noejalabert/airflow_venv/lib/python3.11/site-packages/airflow/example_dags/subdags/subdag.py took 0.037 seconds
[2024-05-28T17:58:32.083+0200] {processor.py:161} INFO - Started process (PID=6819) to work on /Users/noejalabert/airflow_venv/lib/python3.11/site-packages/airflow/example_dags/subdags/subdag.py
[2024-05-28T17:58:32.084+0200] {processor.py:830} INFO - Processing file /Users/noejalabert/airflow_venv/lib/python3.11/site-packages/airflow/example_dags/subdags/subdag.py for tasks to queue
[2024-05-28T17:58:32.084+0200] {logging_mixin.py:188} INFO - [2024-05-28T17:58:32.084+0200] {dagbag.py:540} INFO - Filling up the DagBag from /Users/noejalabert/airflow_venv/lib/python3.11/site-packages/airflow/example_dags/subdags/subdag.py
[2024-05-28T17:58:32.085+0200] {processor.py:842} WARNING - No viable dags retrieved from /Users/noejalabert/airflow_venv/lib/python3.11/site-packages/airflow/example_dags/subdags/subdag.py
[2024-05-28T17:58:32.119+0200] {processor.py:183} INFO - Processing /Users/noejalabert/airflow_venv/lib/python3.11/site-packages/airflow/example_dags/subdags/subdag.py took 0.037 seconds
[2024-05-28T18:20:51.754+0200] {processor.py:161} INFO - Started process (PID=6986) to work on /Users/noejalabert/airflow_venv/lib/python3.11/site-packages/airflow/example_dags/subdags/subdag.py
[2024-05-28T18:20:51.755+0200] {processor.py:830} INFO - Processing file /Users/noejalabert/airflow_venv/lib/python3.11/site-packages/airflow/example_dags/subdags/subdag.py for tasks to queue
[2024-05-28T18:20:51.755+0200] {logging_mixin.py:188} INFO - [2024-05-28T18:20:51.755+0200] {dagbag.py:540} INFO - Filling up the DagBag from /Users/noejalabert/airflow_venv/lib/python3.11/site-packages/airflow/example_dags/subdags/subdag.py
[2024-05-28T18:20:51.756+0200] {processor.py:842} WARNING - No viable dags retrieved from /Users/noejalabert/airflow_venv/lib/python3.11/site-packages/airflow/example_dags/subdags/subdag.py
[2024-05-28T18:20:51.793+0200] {processor.py:183} INFO - Processing /Users/noejalabert/airflow_venv/lib/python3.11/site-packages/airflow/example_dags/subdags/subdag.py took 0.040 seconds
[2024-05-28T18:22:20.490+0200] {processor.py:161} INFO - Started process (PID=7280) to work on /Users/noejalabert/airflow_venv/lib/python3.11/site-packages/airflow/example_dags/subdags/subdag.py
[2024-05-28T18:22:20.491+0200] {processor.py:830} INFO - Processing file /Users/noejalabert/airflow_venv/lib/python3.11/site-packages/airflow/example_dags/subdags/subdag.py for tasks to queue
[2024-05-28T18:22:20.491+0200] {logging_mixin.py:188} INFO - [2024-05-28T18:22:20.491+0200] {dagbag.py:540} INFO - Filling up the DagBag from /Users/noejalabert/airflow_venv/lib/python3.11/site-packages/airflow/example_dags/subdags/subdag.py
[2024-05-28T18:22:20.492+0200] {processor.py:842} WARNING - No viable dags retrieved from /Users/noejalabert/airflow_venv/lib/python3.11/site-packages/airflow/example_dags/subdags/subdag.py
[2024-05-28T18:22:20.527+0200] {processor.py:183} INFO - Processing /Users/noejalabert/airflow_venv/lib/python3.11/site-packages/airflow/example_dags/subdags/subdag.py took 0.038 seconds
[2024-05-28T18:23:44.555+0200] {processor.py:161} INFO - Started process (PID=7351) to work on /Users/noejalabert/airflow_venv/lib/python3.11/site-packages/airflow/example_dags/subdags/subdag.py
[2024-05-28T18:23:44.556+0200] {processor.py:830} INFO - Processing file /Users/noejalabert/airflow_venv/lib/python3.11/site-packages/airflow/example_dags/subdags/subdag.py for tasks to queue
[2024-05-28T18:23:44.556+0200] {logging_mixin.py:188} INFO - [2024-05-28T18:23:44.556+0200] {dagbag.py:540} INFO - Filling up the DagBag from /Users/noejalabert/airflow_venv/lib/python3.11/site-packages/airflow/example_dags/subdags/subdag.py
[2024-05-28T18:23:44.557+0200] {processor.py:842} WARNING - No viable dags retrieved from /Users/noejalabert/airflow_venv/lib/python3.11/site-packages/airflow/example_dags/subdags/subdag.py
[2024-05-28T18:23:44.591+0200] {processor.py:183} INFO - Processing /Users/noejalabert/airflow_venv/lib/python3.11/site-packages/airflow/example_dags/subdags/subdag.py took 0.037 seconds
[2024-05-28T18:25:04.093+0200] {processor.py:161} INFO - Started process (PID=7433) to work on /Users/noejalabert/airflow_venv/lib/python3.11/site-packages/airflow/example_dags/subdags/subdag.py
[2024-05-28T18:25:04.093+0200] {processor.py:830} INFO - Processing file /Users/noejalabert/airflow_venv/lib/python3.11/site-packages/airflow/example_dags/subdags/subdag.py for tasks to queue
[2024-05-28T18:25:04.094+0200] {logging_mixin.py:188} INFO - [2024-05-28T18:25:04.094+0200] {dagbag.py:540} INFO - Filling up the DagBag from /Users/noejalabert/airflow_venv/lib/python3.11/site-packages/airflow/example_dags/subdags/subdag.py
[2024-05-28T18:25:04.095+0200] {processor.py:842} WARNING - No viable dags retrieved from /Users/noejalabert/airflow_venv/lib/python3.11/site-packages/airflow/example_dags/subdags/subdag.py
[2024-05-28T18:25:04.131+0200] {processor.py:183} INFO - Processing /Users/noejalabert/airflow_venv/lib/python3.11/site-packages/airflow/example_dags/subdags/subdag.py took 0.039 seconds
[2024-05-28T18:26:28.066+0200] {processor.py:161} INFO - Started process (PID=7504) to work on /Users/noejalabert/airflow_venv/lib/python3.11/site-packages/airflow/example_dags/subdags/subdag.py
[2024-05-28T18:26:28.066+0200] {processor.py:830} INFO - Processing file /Users/noejalabert/airflow_venv/lib/python3.11/site-packages/airflow/example_dags/subdags/subdag.py for tasks to queue
[2024-05-28T18:26:28.067+0200] {logging_mixin.py:188} INFO - [2024-05-28T18:26:28.067+0200] {dagbag.py:540} INFO - Filling up the DagBag from /Users/noejalabert/airflow_venv/lib/python3.11/site-packages/airflow/example_dags/subdags/subdag.py
[2024-05-28T18:26:28.068+0200] {processor.py:842} WARNING - No viable dags retrieved from /Users/noejalabert/airflow_venv/lib/python3.11/site-packages/airflow/example_dags/subdags/subdag.py
[2024-05-28T18:26:28.103+0200] {processor.py:183} INFO - Processing /Users/noejalabert/airflow_venv/lib/python3.11/site-packages/airflow/example_dags/subdags/subdag.py took 0.039 seconds
[2024-05-28T18:27:47.756+0200] {processor.py:161} INFO - Started process (PID=7580) to work on /Users/noejalabert/airflow_venv/lib/python3.11/site-packages/airflow/example_dags/subdags/subdag.py
[2024-05-28T18:27:47.756+0200] {processor.py:830} INFO - Processing file /Users/noejalabert/airflow_venv/lib/python3.11/site-packages/airflow/example_dags/subdags/subdag.py for tasks to queue
[2024-05-28T18:27:47.757+0200] {logging_mixin.py:188} INFO - [2024-05-28T18:27:47.756+0200] {dagbag.py:540} INFO - Filling up the DagBag from /Users/noejalabert/airflow_venv/lib/python3.11/site-packages/airflow/example_dags/subdags/subdag.py
[2024-05-28T18:27:47.757+0200] {processor.py:842} WARNING - No viable dags retrieved from /Users/noejalabert/airflow_venv/lib/python3.11/site-packages/airflow/example_dags/subdags/subdag.py
[2024-05-28T18:27:47.792+0200] {processor.py:183} INFO - Processing /Users/noejalabert/airflow_venv/lib/python3.11/site-packages/airflow/example_dags/subdags/subdag.py took 0.037 seconds
[2024-05-28T18:29:12.839+0200] {processor.py:161} INFO - Started process (PID=7647) to work on /Users/noejalabert/airflow_venv/lib/python3.11/site-packages/airflow/example_dags/subdags/subdag.py
[2024-05-28T18:29:12.840+0200] {processor.py:830} INFO - Processing file /Users/noejalabert/airflow_venv/lib/python3.11/site-packages/airflow/example_dags/subdags/subdag.py for tasks to queue
[2024-05-28T18:29:12.840+0200] {logging_mixin.py:188} INFO - [2024-05-28T18:29:12.840+0200] {dagbag.py:540} INFO - Filling up the DagBag from /Users/noejalabert/airflow_venv/lib/python3.11/site-packages/airflow/example_dags/subdags/subdag.py
[2024-05-28T18:29:12.841+0200] {processor.py:842} WARNING - No viable dags retrieved from /Users/noejalabert/airflow_venv/lib/python3.11/site-packages/airflow/example_dags/subdags/subdag.py
[2024-05-28T18:29:12.875+0200] {processor.py:183} INFO - Processing /Users/noejalabert/airflow_venv/lib/python3.11/site-packages/airflow/example_dags/subdags/subdag.py took 0.037 seconds
[2024-05-28T18:53:54.604+0200] {processor.py:161} INFO - Started process (PID=7800) to work on /Users/noejalabert/airflow_venv/lib/python3.11/site-packages/airflow/example_dags/subdags/subdag.py
[2024-05-28T18:53:54.605+0200] {processor.py:830} INFO - Processing file /Users/noejalabert/airflow_venv/lib/python3.11/site-packages/airflow/example_dags/subdags/subdag.py for tasks to queue
[2024-05-28T18:53:54.606+0200] {logging_mixin.py:188} INFO - [2024-05-28T18:53:54.606+0200] {dagbag.py:540} INFO - Filling up the DagBag from /Users/noejalabert/airflow_venv/lib/python3.11/site-packages/airflow/example_dags/subdags/subdag.py
[2024-05-28T18:53:54.607+0200] {processor.py:842} WARNING - No viable dags retrieved from /Users/noejalabert/airflow_venv/lib/python3.11/site-packages/airflow/example_dags/subdags/subdag.py
[2024-05-28T18:53:54.676+0200] {processor.py:183} INFO - Processing /Users/noejalabert/airflow_venv/lib/python3.11/site-packages/airflow/example_dags/subdags/subdag.py took 0.073 seconds
[2024-05-28T18:55:19.905+0200] {processor.py:161} INFO - Started process (PID=7881) to work on /Users/noejalabert/airflow_venv/lib/python3.11/site-packages/airflow/example_dags/subdags/subdag.py
[2024-05-28T18:55:19.906+0200] {processor.py:830} INFO - Processing file /Users/noejalabert/airflow_venv/lib/python3.11/site-packages/airflow/example_dags/subdags/subdag.py for tasks to queue
[2024-05-28T18:55:19.906+0200] {logging_mixin.py:188} INFO - [2024-05-28T18:55:19.906+0200] {dagbag.py:540} INFO - Filling up the DagBag from /Users/noejalabert/airflow_venv/lib/python3.11/site-packages/airflow/example_dags/subdags/subdag.py
[2024-05-28T18:55:19.907+0200] {processor.py:842} WARNING - No viable dags retrieved from /Users/noejalabert/airflow_venv/lib/python3.11/site-packages/airflow/example_dags/subdags/subdag.py
[2024-05-28T18:55:19.941+0200] {processor.py:183} INFO - Processing /Users/noejalabert/airflow_venv/lib/python3.11/site-packages/airflow/example_dags/subdags/subdag.py took 0.037 seconds
[2024-05-28T18:56:40.982+0200] {processor.py:161} INFO - Started process (PID=7955) to work on /Users/noejalabert/airflow_venv/lib/python3.11/site-packages/airflow/example_dags/subdags/subdag.py
[2024-05-28T18:56:40.983+0200] {processor.py:830} INFO - Processing file /Users/noejalabert/airflow_venv/lib/python3.11/site-packages/airflow/example_dags/subdags/subdag.py for tasks to queue
[2024-05-28T18:56:40.983+0200] {logging_mixin.py:188} INFO - [2024-05-28T18:56:40.983+0200] {dagbag.py:540} INFO - Filling up the DagBag from /Users/noejalabert/airflow_venv/lib/python3.11/site-packages/airflow/example_dags/subdags/subdag.py
[2024-05-28T18:56:40.984+0200] {processor.py:842} WARNING - No viable dags retrieved from /Users/noejalabert/airflow_venv/lib/python3.11/site-packages/airflow/example_dags/subdags/subdag.py
[2024-05-28T18:56:41.018+0200] {processor.py:183} INFO - Processing /Users/noejalabert/airflow_venv/lib/python3.11/site-packages/airflow/example_dags/subdags/subdag.py took 0.037 seconds
[2024-05-28T18:58:04.268+0200] {processor.py:161} INFO - Started process (PID=8031) to work on /Users/noejalabert/airflow_venv/lib/python3.11/site-packages/airflow/example_dags/subdags/subdag.py
[2024-05-28T18:58:04.269+0200] {processor.py:830} INFO - Processing file /Users/noejalabert/airflow_venv/lib/python3.11/site-packages/airflow/example_dags/subdags/subdag.py for tasks to queue
[2024-05-28T18:58:04.269+0200] {logging_mixin.py:188} INFO - [2024-05-28T18:58:04.269+0200] {dagbag.py:540} INFO - Filling up the DagBag from /Users/noejalabert/airflow_venv/lib/python3.11/site-packages/airflow/example_dags/subdags/subdag.py
[2024-05-28T18:58:04.270+0200] {processor.py:842} WARNING - No viable dags retrieved from /Users/noejalabert/airflow_venv/lib/python3.11/site-packages/airflow/example_dags/subdags/subdag.py
[2024-05-28T18:58:04.304+0200] {processor.py:183} INFO - Processing /Users/noejalabert/airflow_venv/lib/python3.11/site-packages/airflow/example_dags/subdags/subdag.py took 0.037 seconds
[2024-05-28T18:59:28.958+0200] {processor.py:161} INFO - Started process (PID=8097) to work on /Users/noejalabert/airflow_venv/lib/python3.11/site-packages/airflow/example_dags/subdags/subdag.py
[2024-05-28T18:59:28.958+0200] {processor.py:830} INFO - Processing file /Users/noejalabert/airflow_venv/lib/python3.11/site-packages/airflow/example_dags/subdags/subdag.py for tasks to queue
[2024-05-28T18:59:28.959+0200] {logging_mixin.py:188} INFO - [2024-05-28T18:59:28.959+0200] {dagbag.py:540} INFO - Filling up the DagBag from /Users/noejalabert/airflow_venv/lib/python3.11/site-packages/airflow/example_dags/subdags/subdag.py
[2024-05-28T18:59:28.959+0200] {processor.py:842} WARNING - No viable dags retrieved from /Users/noejalabert/airflow_venv/lib/python3.11/site-packages/airflow/example_dags/subdags/subdag.py
[2024-05-28T18:59:28.994+0200] {processor.py:183} INFO - Processing /Users/noejalabert/airflow_venv/lib/python3.11/site-packages/airflow/example_dags/subdags/subdag.py took 0.038 seconds
[2024-05-28T19:00:53.198+0200] {processor.py:161} INFO - Started process (PID=8178) to work on /Users/noejalabert/airflow_venv/lib/python3.11/site-packages/airflow/example_dags/subdags/subdag.py
[2024-05-28T19:00:53.198+0200] {processor.py:830} INFO - Processing file /Users/noejalabert/airflow_venv/lib/python3.11/site-packages/airflow/example_dags/subdags/subdag.py for tasks to queue
[2024-05-28T19:00:53.199+0200] {logging_mixin.py:188} INFO - [2024-05-28T19:00:53.198+0200] {dagbag.py:540} INFO - Filling up the DagBag from /Users/noejalabert/airflow_venv/lib/python3.11/site-packages/airflow/example_dags/subdags/subdag.py
[2024-05-28T19:00:53.199+0200] {processor.py:842} WARNING - No viable dags retrieved from /Users/noejalabert/airflow_venv/lib/python3.11/site-packages/airflow/example_dags/subdags/subdag.py
[2024-05-28T19:00:53.234+0200] {processor.py:183} INFO - Processing /Users/noejalabert/airflow_venv/lib/python3.11/site-packages/airflow/example_dags/subdags/subdag.py took 0.037 seconds
[2024-05-28T19:02:15.212+0200] {processor.py:161} INFO - Started process (PID=8251) to work on /Users/noejalabert/airflow_venv/lib/python3.11/site-packages/airflow/example_dags/subdags/subdag.py
[2024-05-28T19:02:15.212+0200] {processor.py:830} INFO - Processing file /Users/noejalabert/airflow_venv/lib/python3.11/site-packages/airflow/example_dags/subdags/subdag.py for tasks to queue
[2024-05-28T19:02:15.213+0200] {logging_mixin.py:188} INFO - [2024-05-28T19:02:15.212+0200] {dagbag.py:540} INFO - Filling up the DagBag from /Users/noejalabert/airflow_venv/lib/python3.11/site-packages/airflow/example_dags/subdags/subdag.py
[2024-05-28T19:02:15.213+0200] {processor.py:842} WARNING - No viable dags retrieved from /Users/noejalabert/airflow_venv/lib/python3.11/site-packages/airflow/example_dags/subdags/subdag.py
[2024-05-28T19:02:15.249+0200] {processor.py:183} INFO - Processing /Users/noejalabert/airflow_venv/lib/python3.11/site-packages/airflow/example_dags/subdags/subdag.py took 0.038 seconds
[2024-05-28T19:03:39.591+0200] {processor.py:161} INFO - Started process (PID=8344) to work on /Users/noejalabert/airflow_venv/lib/python3.11/site-packages/airflow/example_dags/subdags/subdag.py
[2024-05-28T19:03:39.591+0200] {processor.py:830} INFO - Processing file /Users/noejalabert/airflow_venv/lib/python3.11/site-packages/airflow/example_dags/subdags/subdag.py for tasks to queue
[2024-05-28T19:03:39.592+0200] {logging_mixin.py:188} INFO - [2024-05-28T19:03:39.591+0200] {dagbag.py:540} INFO - Filling up the DagBag from /Users/noejalabert/airflow_venv/lib/python3.11/site-packages/airflow/example_dags/subdags/subdag.py
[2024-05-28T19:03:39.592+0200] {processor.py:842} WARNING - No viable dags retrieved from /Users/noejalabert/airflow_venv/lib/python3.11/site-packages/airflow/example_dags/subdags/subdag.py
[2024-05-28T19:03:39.626+0200] {processor.py:183} INFO - Processing /Users/noejalabert/airflow_venv/lib/python3.11/site-packages/airflow/example_dags/subdags/subdag.py took 0.037 seconds
[2024-05-28T19:05:01.931+0200] {processor.py:161} INFO - Started process (PID=8420) to work on /Users/noejalabert/airflow_venv/lib/python3.11/site-packages/airflow/example_dags/subdags/subdag.py
[2024-05-28T19:05:01.931+0200] {processor.py:830} INFO - Processing file /Users/noejalabert/airflow_venv/lib/python3.11/site-packages/airflow/example_dags/subdags/subdag.py for tasks to queue
[2024-05-28T19:05:01.931+0200] {logging_mixin.py:188} INFO - [2024-05-28T19:05:01.931+0200] {dagbag.py:540} INFO - Filling up the DagBag from /Users/noejalabert/airflow_venv/lib/python3.11/site-packages/airflow/example_dags/subdags/subdag.py
[2024-05-28T19:05:01.932+0200] {processor.py:842} WARNING - No viable dags retrieved from /Users/noejalabert/airflow_venv/lib/python3.11/site-packages/airflow/example_dags/subdags/subdag.py
[2024-05-28T19:05:01.967+0200] {processor.py:183} INFO - Processing /Users/noejalabert/airflow_venv/lib/python3.11/site-packages/airflow/example_dags/subdags/subdag.py took 0.037 seconds
[2024-05-28T19:06:21.020+0200] {processor.py:161} INFO - Started process (PID=8487) to work on /Users/noejalabert/airflow_venv/lib/python3.11/site-packages/airflow/example_dags/subdags/subdag.py
[2024-05-28T19:06:21.021+0200] {processor.py:830} INFO - Processing file /Users/noejalabert/airflow_venv/lib/python3.11/site-packages/airflow/example_dags/subdags/subdag.py for tasks to queue
[2024-05-28T19:06:21.021+0200] {logging_mixin.py:188} INFO - [2024-05-28T19:06:21.021+0200] {dagbag.py:540} INFO - Filling up the DagBag from /Users/noejalabert/airflow_venv/lib/python3.11/site-packages/airflow/example_dags/subdags/subdag.py
[2024-05-28T19:06:21.022+0200] {processor.py:842} WARNING - No viable dags retrieved from /Users/noejalabert/airflow_venv/lib/python3.11/site-packages/airflow/example_dags/subdags/subdag.py
[2024-05-28T19:06:21.056+0200] {processor.py:183} INFO - Processing /Users/noejalabert/airflow_venv/lib/python3.11/site-packages/airflow/example_dags/subdags/subdag.py took 0.037 seconds
[2024-05-28T19:07:45.431+0200] {processor.py:161} INFO - Started process (PID=8559) to work on /Users/noejalabert/airflow_venv/lib/python3.11/site-packages/airflow/example_dags/subdags/subdag.py
[2024-05-28T19:07:45.432+0200] {processor.py:830} INFO - Processing file /Users/noejalabert/airflow_venv/lib/python3.11/site-packages/airflow/example_dags/subdags/subdag.py for tasks to queue
[2024-05-28T19:07:45.432+0200] {logging_mixin.py:188} INFO - [2024-05-28T19:07:45.432+0200] {dagbag.py:540} INFO - Filling up the DagBag from /Users/noejalabert/airflow_venv/lib/python3.11/site-packages/airflow/example_dags/subdags/subdag.py
[2024-05-28T19:07:45.433+0200] {processor.py:842} WARNING - No viable dags retrieved from /Users/noejalabert/airflow_venv/lib/python3.11/site-packages/airflow/example_dags/subdags/subdag.py
[2024-05-28T19:07:45.467+0200] {processor.py:183} INFO - Processing /Users/noejalabert/airflow_venv/lib/python3.11/site-packages/airflow/example_dags/subdags/subdag.py took 0.037 seconds
[2024-05-28T19:09:11.778+0200] {processor.py:161} INFO - Started process (PID=8631) to work on /Users/noejalabert/airflow_venv/lib/python3.11/site-packages/airflow/example_dags/subdags/subdag.py
[2024-05-28T19:09:11.779+0200] {processor.py:830} INFO - Processing file /Users/noejalabert/airflow_venv/lib/python3.11/site-packages/airflow/example_dags/subdags/subdag.py for tasks to queue
[2024-05-28T19:09:11.779+0200] {logging_mixin.py:188} INFO - [2024-05-28T19:09:11.779+0200] {dagbag.py:540} INFO - Filling up the DagBag from /Users/noejalabert/airflow_venv/lib/python3.11/site-packages/airflow/example_dags/subdags/subdag.py
[2024-05-28T19:09:11.780+0200] {processor.py:842} WARNING - No viable dags retrieved from /Users/noejalabert/airflow_venv/lib/python3.11/site-packages/airflow/example_dags/subdags/subdag.py
[2024-05-28T19:09:11.815+0200] {processor.py:183} INFO - Processing /Users/noejalabert/airflow_venv/lib/python3.11/site-packages/airflow/example_dags/subdags/subdag.py took 0.037 seconds
[2024-05-28T19:10:36.364+0200] {processor.py:161} INFO - Started process (PID=8699) to work on /Users/noejalabert/airflow_venv/lib/python3.11/site-packages/airflow/example_dags/subdags/subdag.py
[2024-05-28T19:10:36.365+0200] {processor.py:830} INFO - Processing file /Users/noejalabert/airflow_venv/lib/python3.11/site-packages/airflow/example_dags/subdags/subdag.py for tasks to queue
[2024-05-28T19:10:36.365+0200] {logging_mixin.py:188} INFO - [2024-05-28T19:10:36.365+0200] {dagbag.py:540} INFO - Filling up the DagBag from /Users/noejalabert/airflow_venv/lib/python3.11/site-packages/airflow/example_dags/subdags/subdag.py
[2024-05-28T19:10:36.366+0200] {processor.py:842} WARNING - No viable dags retrieved from /Users/noejalabert/airflow_venv/lib/python3.11/site-packages/airflow/example_dags/subdags/subdag.py
[2024-05-28T19:10:36.400+0200] {processor.py:183} INFO - Processing /Users/noejalabert/airflow_venv/lib/python3.11/site-packages/airflow/example_dags/subdags/subdag.py took 0.037 seconds
[2024-05-28T19:12:10.027+0200] {processor.py:161} INFO - Started process (PID=8772) to work on /Users/noejalabert/airflow_venv/lib/python3.11/site-packages/airflow/example_dags/subdags/subdag.py
[2024-05-28T19:12:10.028+0200] {processor.py:830} INFO - Processing file /Users/noejalabert/airflow_venv/lib/python3.11/site-packages/airflow/example_dags/subdags/subdag.py for tasks to queue
[2024-05-28T19:12:10.028+0200] {logging_mixin.py:188} INFO - [2024-05-28T19:12:10.028+0200] {dagbag.py:540} INFO - Filling up the DagBag from /Users/noejalabert/airflow_venv/lib/python3.11/site-packages/airflow/example_dags/subdags/subdag.py
[2024-05-28T19:12:10.029+0200] {processor.py:842} WARNING - No viable dags retrieved from /Users/noejalabert/airflow_venv/lib/python3.11/site-packages/airflow/example_dags/subdags/subdag.py
[2024-05-28T19:12:10.064+0200] {processor.py:183} INFO - Processing /Users/noejalabert/airflow_venv/lib/python3.11/site-packages/airflow/example_dags/subdags/subdag.py took 0.038 seconds
[2024-05-28T19:13:34.513+0200] {processor.py:161} INFO - Started process (PID=8854) to work on /Users/noejalabert/airflow_venv/lib/python3.11/site-packages/airflow/example_dags/subdags/subdag.py
[2024-05-28T19:13:34.514+0200] {processor.py:830} INFO - Processing file /Users/noejalabert/airflow_venv/lib/python3.11/site-packages/airflow/example_dags/subdags/subdag.py for tasks to queue
[2024-05-28T19:13:34.514+0200] {logging_mixin.py:188} INFO - [2024-05-28T19:13:34.514+0200] {dagbag.py:540} INFO - Filling up the DagBag from /Users/noejalabert/airflow_venv/lib/python3.11/site-packages/airflow/example_dags/subdags/subdag.py
[2024-05-28T19:13:34.515+0200] {processor.py:842} WARNING - No viable dags retrieved from /Users/noejalabert/airflow_venv/lib/python3.11/site-packages/airflow/example_dags/subdags/subdag.py
[2024-05-28T19:13:34.550+0200] {processor.py:183} INFO - Processing /Users/noejalabert/airflow_venv/lib/python3.11/site-packages/airflow/example_dags/subdags/subdag.py took 0.037 seconds
[2024-05-28T19:14:59.157+0200] {processor.py:161} INFO - Started process (PID=8935) to work on /Users/noejalabert/airflow_venv/lib/python3.11/site-packages/airflow/example_dags/subdags/subdag.py
[2024-05-28T19:14:59.157+0200] {processor.py:830} INFO - Processing file /Users/noejalabert/airflow_venv/lib/python3.11/site-packages/airflow/example_dags/subdags/subdag.py for tasks to queue
[2024-05-28T19:14:59.158+0200] {logging_mixin.py:188} INFO - [2024-05-28T19:14:59.158+0200] {dagbag.py:540} INFO - Filling up the DagBag from /Users/noejalabert/airflow_venv/lib/python3.11/site-packages/airflow/example_dags/subdags/subdag.py
[2024-05-28T19:14:59.159+0200] {processor.py:842} WARNING - No viable dags retrieved from /Users/noejalabert/airflow_venv/lib/python3.11/site-packages/airflow/example_dags/subdags/subdag.py
[2024-05-28T19:14:59.193+0200] {processor.py:183} INFO - Processing /Users/noejalabert/airflow_venv/lib/python3.11/site-packages/airflow/example_dags/subdags/subdag.py took 0.038 seconds
[2024-05-28T19:16:29.080+0200] {processor.py:161} INFO - Started process (PID=9004) to work on /Users/noejalabert/airflow_venv/lib/python3.11/site-packages/airflow/example_dags/subdags/subdag.py
[2024-05-28T19:16:29.080+0200] {processor.py:830} INFO - Processing file /Users/noejalabert/airflow_venv/lib/python3.11/site-packages/airflow/example_dags/subdags/subdag.py for tasks to queue
[2024-05-28T19:16:29.081+0200] {logging_mixin.py:188} INFO - [2024-05-28T19:16:29.081+0200] {dagbag.py:540} INFO - Filling up the DagBag from /Users/noejalabert/airflow_venv/lib/python3.11/site-packages/airflow/example_dags/subdags/subdag.py
[2024-05-28T19:16:29.081+0200] {processor.py:842} WARNING - No viable dags retrieved from /Users/noejalabert/airflow_venv/lib/python3.11/site-packages/airflow/example_dags/subdags/subdag.py
[2024-05-28T19:16:29.116+0200] {processor.py:183} INFO - Processing /Users/noejalabert/airflow_venv/lib/python3.11/site-packages/airflow/example_dags/subdags/subdag.py took 0.038 seconds
[2024-05-28T19:18:48.408+0200] {processor.py:161} INFO - Started process (PID=9089) to work on /Users/noejalabert/airflow_venv/lib/python3.11/site-packages/airflow/example_dags/subdags/subdag.py
[2024-05-28T19:18:48.409+0200] {processor.py:830} INFO - Processing file /Users/noejalabert/airflow_venv/lib/python3.11/site-packages/airflow/example_dags/subdags/subdag.py for tasks to queue
[2024-05-28T19:18:48.409+0200] {logging_mixin.py:188} INFO - [2024-05-28T19:18:48.409+0200] {dagbag.py:540} INFO - Filling up the DagBag from /Users/noejalabert/airflow_venv/lib/python3.11/site-packages/airflow/example_dags/subdags/subdag.py
[2024-05-28T19:18:48.410+0200] {processor.py:842} WARNING - No viable dags retrieved from /Users/noejalabert/airflow_venv/lib/python3.11/site-packages/airflow/example_dags/subdags/subdag.py
[2024-05-28T19:18:48.444+0200] {processor.py:183} INFO - Processing /Users/noejalabert/airflow_venv/lib/python3.11/site-packages/airflow/example_dags/subdags/subdag.py took 0.037 seconds
[2024-05-28T19:20:12.730+0200] {processor.py:161} INFO - Started process (PID=9175) to work on /Users/noejalabert/airflow_venv/lib/python3.11/site-packages/airflow/example_dags/subdags/subdag.py
[2024-05-28T19:20:12.730+0200] {processor.py:830} INFO - Processing file /Users/noejalabert/airflow_venv/lib/python3.11/site-packages/airflow/example_dags/subdags/subdag.py for tasks to queue
[2024-05-28T19:20:12.731+0200] {logging_mixin.py:188} INFO - [2024-05-28T19:20:12.730+0200] {dagbag.py:540} INFO - Filling up the DagBag from /Users/noejalabert/airflow_venv/lib/python3.11/site-packages/airflow/example_dags/subdags/subdag.py
[2024-05-28T19:20:12.731+0200] {processor.py:842} WARNING - No viable dags retrieved from /Users/noejalabert/airflow_venv/lib/python3.11/site-packages/airflow/example_dags/subdags/subdag.py
[2024-05-28T19:20:12.766+0200] {processor.py:183} INFO - Processing /Users/noejalabert/airflow_venv/lib/python3.11/site-packages/airflow/example_dags/subdags/subdag.py took 0.037 seconds
[2024-05-28T19:21:35.832+0200] {processor.py:161} INFO - Started process (PID=9252) to work on /Users/noejalabert/airflow_venv/lib/python3.11/site-packages/airflow/example_dags/subdags/subdag.py
[2024-05-28T19:21:35.833+0200] {processor.py:830} INFO - Processing file /Users/noejalabert/airflow_venv/lib/python3.11/site-packages/airflow/example_dags/subdags/subdag.py for tasks to queue
[2024-05-28T19:21:35.833+0200] {logging_mixin.py:188} INFO - [2024-05-28T19:21:35.833+0200] {dagbag.py:540} INFO - Filling up the DagBag from /Users/noejalabert/airflow_venv/lib/python3.11/site-packages/airflow/example_dags/subdags/subdag.py
[2024-05-28T19:21:35.834+0200] {processor.py:842} WARNING - No viable dags retrieved from /Users/noejalabert/airflow_venv/lib/python3.11/site-packages/airflow/example_dags/subdags/subdag.py
[2024-05-28T19:21:35.868+0200] {processor.py:183} INFO - Processing /Users/noejalabert/airflow_venv/lib/python3.11/site-packages/airflow/example_dags/subdags/subdag.py took 0.037 seconds
[2024-05-28T19:23:00.366+0200] {processor.py:161} INFO - Started process (PID=9322) to work on /Users/noejalabert/airflow_venv/lib/python3.11/site-packages/airflow/example_dags/subdags/subdag.py
[2024-05-28T19:23:00.367+0200] {processor.py:830} INFO - Processing file /Users/noejalabert/airflow_venv/lib/python3.11/site-packages/airflow/example_dags/subdags/subdag.py for tasks to queue
[2024-05-28T19:23:00.367+0200] {logging_mixin.py:188} INFO - [2024-05-28T19:23:00.367+0200] {dagbag.py:540} INFO - Filling up the DagBag from /Users/noejalabert/airflow_venv/lib/python3.11/site-packages/airflow/example_dags/subdags/subdag.py
[2024-05-28T19:23:00.368+0200] {processor.py:842} WARNING - No viable dags retrieved from /Users/noejalabert/airflow_venv/lib/python3.11/site-packages/airflow/example_dags/subdags/subdag.py
[2024-05-28T19:23:00.402+0200] {processor.py:183} INFO - Processing /Users/noejalabert/airflow_venv/lib/python3.11/site-packages/airflow/example_dags/subdags/subdag.py took 0.037 seconds
[2024-05-28T19:24:25.638+0200] {processor.py:161} INFO - Started process (PID=9399) to work on /Users/noejalabert/airflow_venv/lib/python3.11/site-packages/airflow/example_dags/subdags/subdag.py
[2024-05-28T19:24:25.639+0200] {processor.py:830} INFO - Processing file /Users/noejalabert/airflow_venv/lib/python3.11/site-packages/airflow/example_dags/subdags/subdag.py for tasks to queue
[2024-05-28T19:24:25.639+0200] {logging_mixin.py:188} INFO - [2024-05-28T19:24:25.639+0200] {dagbag.py:540} INFO - Filling up the DagBag from /Users/noejalabert/airflow_venv/lib/python3.11/site-packages/airflow/example_dags/subdags/subdag.py
[2024-05-28T19:24:25.640+0200] {processor.py:842} WARNING - No viable dags retrieved from /Users/noejalabert/airflow_venv/lib/python3.11/site-packages/airflow/example_dags/subdags/subdag.py
[2024-05-28T19:24:25.674+0200] {processor.py:183} INFO - Processing /Users/noejalabert/airflow_venv/lib/python3.11/site-packages/airflow/example_dags/subdags/subdag.py took 0.037 seconds
[2024-05-28T19:25:50.306+0200] {processor.py:161} INFO - Started process (PID=9466) to work on /Users/noejalabert/airflow_venv/lib/python3.11/site-packages/airflow/example_dags/subdags/subdag.py
[2024-05-28T19:25:50.307+0200] {processor.py:830} INFO - Processing file /Users/noejalabert/airflow_venv/lib/python3.11/site-packages/airflow/example_dags/subdags/subdag.py for tasks to queue
[2024-05-28T19:25:50.307+0200] {logging_mixin.py:188} INFO - [2024-05-28T19:25:50.307+0200] {dagbag.py:540} INFO - Filling up the DagBag from /Users/noejalabert/airflow_venv/lib/python3.11/site-packages/airflow/example_dags/subdags/subdag.py
[2024-05-28T19:25:50.308+0200] {processor.py:842} WARNING - No viable dags retrieved from /Users/noejalabert/airflow_venv/lib/python3.11/site-packages/airflow/example_dags/subdags/subdag.py
[2024-05-28T19:25:50.342+0200] {processor.py:183} INFO - Processing /Users/noejalabert/airflow_venv/lib/python3.11/site-packages/airflow/example_dags/subdags/subdag.py took 0.037 seconds
[2024-05-28T19:27:12.242+0200] {processor.py:161} INFO - Started process (PID=9551) to work on /Users/noejalabert/airflow_venv/lib/python3.11/site-packages/airflow/example_dags/subdags/subdag.py
[2024-05-28T19:27:12.242+0200] {processor.py:830} INFO - Processing file /Users/noejalabert/airflow_venv/lib/python3.11/site-packages/airflow/example_dags/subdags/subdag.py for tasks to queue
[2024-05-28T19:27:12.242+0200] {logging_mixin.py:188} INFO - [2024-05-28T19:27:12.242+0200] {dagbag.py:540} INFO - Filling up the DagBag from /Users/noejalabert/airflow_venv/lib/python3.11/site-packages/airflow/example_dags/subdags/subdag.py
[2024-05-28T19:27:12.243+0200] {processor.py:842} WARNING - No viable dags retrieved from /Users/noejalabert/airflow_venv/lib/python3.11/site-packages/airflow/example_dags/subdags/subdag.py
[2024-05-28T19:27:12.278+0200] {processor.py:183} INFO - Processing /Users/noejalabert/airflow_venv/lib/python3.11/site-packages/airflow/example_dags/subdags/subdag.py took 0.038 seconds
[2024-05-28T19:28:35.398+0200] {processor.py:161} INFO - Started process (PID=9629) to work on /Users/noejalabert/airflow_venv/lib/python3.11/site-packages/airflow/example_dags/subdags/subdag.py
[2024-05-28T19:28:35.398+0200] {processor.py:830} INFO - Processing file /Users/noejalabert/airflow_venv/lib/python3.11/site-packages/airflow/example_dags/subdags/subdag.py for tasks to queue
[2024-05-28T19:28:35.398+0200] {logging_mixin.py:188} INFO - [2024-05-28T19:28:35.398+0200] {dagbag.py:540} INFO - Filling up the DagBag from /Users/noejalabert/airflow_venv/lib/python3.11/site-packages/airflow/example_dags/subdags/subdag.py
[2024-05-28T19:28:35.399+0200] {processor.py:842} WARNING - No viable dags retrieved from /Users/noejalabert/airflow_venv/lib/python3.11/site-packages/airflow/example_dags/subdags/subdag.py
[2024-05-28T19:28:35.434+0200] {processor.py:183} INFO - Processing /Users/noejalabert/airflow_venv/lib/python3.11/site-packages/airflow/example_dags/subdags/subdag.py took 0.038 seconds
[2024-05-28T19:29:56.650+0200] {processor.py:161} INFO - Started process (PID=9702) to work on /Users/noejalabert/airflow_venv/lib/python3.11/site-packages/airflow/example_dags/subdags/subdag.py
[2024-05-28T19:29:56.650+0200] {processor.py:830} INFO - Processing file /Users/noejalabert/airflow_venv/lib/python3.11/site-packages/airflow/example_dags/subdags/subdag.py for tasks to queue
[2024-05-28T19:29:56.650+0200] {logging_mixin.py:188} INFO - [2024-05-28T19:29:56.650+0200] {dagbag.py:540} INFO - Filling up the DagBag from /Users/noejalabert/airflow_venv/lib/python3.11/site-packages/airflow/example_dags/subdags/subdag.py
[2024-05-28T19:29:56.651+0200] {processor.py:842} WARNING - No viable dags retrieved from /Users/noejalabert/airflow_venv/lib/python3.11/site-packages/airflow/example_dags/subdags/subdag.py
[2024-05-28T19:29:56.686+0200] {processor.py:183} INFO - Processing /Users/noejalabert/airflow_venv/lib/python3.11/site-packages/airflow/example_dags/subdags/subdag.py took 0.037 seconds
[2024-05-28T19:31:20.565+0200] {processor.py:161} INFO - Started process (PID=9777) to work on /Users/noejalabert/airflow_venv/lib/python3.11/site-packages/airflow/example_dags/subdags/subdag.py
[2024-05-28T19:31:20.565+0200] {processor.py:830} INFO - Processing file /Users/noejalabert/airflow_venv/lib/python3.11/site-packages/airflow/example_dags/subdags/subdag.py for tasks to queue
[2024-05-28T19:31:20.565+0200] {logging_mixin.py:188} INFO - [2024-05-28T19:31:20.565+0200] {dagbag.py:540} INFO - Filling up the DagBag from /Users/noejalabert/airflow_venv/lib/python3.11/site-packages/airflow/example_dags/subdags/subdag.py
[2024-05-28T19:31:20.566+0200] {processor.py:842} WARNING - No viable dags retrieved from /Users/noejalabert/airflow_venv/lib/python3.11/site-packages/airflow/example_dags/subdags/subdag.py
[2024-05-28T19:31:20.601+0200] {processor.py:183} INFO - Processing /Users/noejalabert/airflow_venv/lib/python3.11/site-packages/airflow/example_dags/subdags/subdag.py took 0.038 seconds
[2024-05-28T19:32:46.295+0200] {processor.py:161} INFO - Started process (PID=9852) to work on /Users/noejalabert/airflow_venv/lib/python3.11/site-packages/airflow/example_dags/subdags/subdag.py
[2024-05-28T19:32:46.296+0200] {processor.py:830} INFO - Processing file /Users/noejalabert/airflow_venv/lib/python3.11/site-packages/airflow/example_dags/subdags/subdag.py for tasks to queue
[2024-05-28T19:32:46.296+0200] {logging_mixin.py:188} INFO - [2024-05-28T19:32:46.296+0200] {dagbag.py:540} INFO - Filling up the DagBag from /Users/noejalabert/airflow_venv/lib/python3.11/site-packages/airflow/example_dags/subdags/subdag.py
[2024-05-28T19:32:46.297+0200] {processor.py:842} WARNING - No viable dags retrieved from /Users/noejalabert/airflow_venv/lib/python3.11/site-packages/airflow/example_dags/subdags/subdag.py
[2024-05-28T19:32:46.332+0200] {processor.py:183} INFO - Processing /Users/noejalabert/airflow_venv/lib/python3.11/site-packages/airflow/example_dags/subdags/subdag.py took 0.038 seconds
[2024-05-28T19:34:06.546+0200] {processor.py:161} INFO - Started process (PID=9924) to work on /Users/noejalabert/airflow_venv/lib/python3.11/site-packages/airflow/example_dags/subdags/subdag.py
[2024-05-28T19:34:06.547+0200] {processor.py:830} INFO - Processing file /Users/noejalabert/airflow_venv/lib/python3.11/site-packages/airflow/example_dags/subdags/subdag.py for tasks to queue
[2024-05-28T19:34:06.547+0200] {logging_mixin.py:188} INFO - [2024-05-28T19:34:06.547+0200] {dagbag.py:540} INFO - Filling up the DagBag from /Users/noejalabert/airflow_venv/lib/python3.11/site-packages/airflow/example_dags/subdags/subdag.py
[2024-05-28T19:34:06.548+0200] {processor.py:842} WARNING - No viable dags retrieved from /Users/noejalabert/airflow_venv/lib/python3.11/site-packages/airflow/example_dags/subdags/subdag.py
[2024-05-28T19:34:06.583+0200] {processor.py:183} INFO - Processing /Users/noejalabert/airflow_venv/lib/python3.11/site-packages/airflow/example_dags/subdags/subdag.py took 0.038 seconds
[2024-05-28T19:35:28.384+0200] {processor.py:161} INFO - Started process (PID=10014) to work on /Users/noejalabert/airflow_venv/lib/python3.11/site-packages/airflow/example_dags/subdags/subdag.py
[2024-05-28T19:35:28.385+0200] {processor.py:830} INFO - Processing file /Users/noejalabert/airflow_venv/lib/python3.11/site-packages/airflow/example_dags/subdags/subdag.py for tasks to queue
[2024-05-28T19:35:28.385+0200] {logging_mixin.py:188} INFO - [2024-05-28T19:35:28.385+0200] {dagbag.py:540} INFO - Filling up the DagBag from /Users/noejalabert/airflow_venv/lib/python3.11/site-packages/airflow/example_dags/subdags/subdag.py
[2024-05-28T19:35:28.386+0200] {processor.py:842} WARNING - No viable dags retrieved from /Users/noejalabert/airflow_venv/lib/python3.11/site-packages/airflow/example_dags/subdags/subdag.py
[2024-05-28T19:35:28.421+0200] {processor.py:183} INFO - Processing /Users/noejalabert/airflow_venv/lib/python3.11/site-packages/airflow/example_dags/subdags/subdag.py took 0.038 seconds
[2024-05-28T19:50:06.871+0200] {processor.py:161} INFO - Started process (PID=10120) to work on /Users/noejalabert/airflow_venv/lib/python3.11/site-packages/airflow/example_dags/subdags/subdag.py
[2024-05-28T19:50:06.871+0200] {processor.py:830} INFO - Processing file /Users/noejalabert/airflow_venv/lib/python3.11/site-packages/airflow/example_dags/subdags/subdag.py for tasks to queue
[2024-05-28T19:50:06.872+0200] {logging_mixin.py:188} INFO - [2024-05-28T19:50:06.872+0200] {dagbag.py:540} INFO - Filling up the DagBag from /Users/noejalabert/airflow_venv/lib/python3.11/site-packages/airflow/example_dags/subdags/subdag.py
[2024-05-28T19:50:06.873+0200] {processor.py:842} WARNING - No viable dags retrieved from /Users/noejalabert/airflow_venv/lib/python3.11/site-packages/airflow/example_dags/subdags/subdag.py
[2024-05-28T19:50:06.907+0200] {processor.py:183} INFO - Processing /Users/noejalabert/airflow_venv/lib/python3.11/site-packages/airflow/example_dags/subdags/subdag.py took 0.037 seconds
[2024-05-28T20:06:30.036+0200] {processor.py:161} INFO - Started process (PID=10239) to work on /Users/noejalabert/airflow_venv/lib/python3.11/site-packages/airflow/example_dags/subdags/subdag.py
[2024-05-28T20:06:30.037+0200] {processor.py:830} INFO - Processing file /Users/noejalabert/airflow_venv/lib/python3.11/site-packages/airflow/example_dags/subdags/subdag.py for tasks to queue
[2024-05-28T20:06:30.037+0200] {logging_mixin.py:188} INFO - [2024-05-28T20:06:30.037+0200] {dagbag.py:540} INFO - Filling up the DagBag from /Users/noejalabert/airflow_venv/lib/python3.11/site-packages/airflow/example_dags/subdags/subdag.py
[2024-05-28T20:06:30.038+0200] {processor.py:842} WARNING - No viable dags retrieved from /Users/noejalabert/airflow_venv/lib/python3.11/site-packages/airflow/example_dags/subdags/subdag.py
[2024-05-28T20:06:30.072+0200] {processor.py:183} INFO - Processing /Users/noejalabert/airflow_venv/lib/python3.11/site-packages/airflow/example_dags/subdags/subdag.py took 0.037 seconds
[2024-05-28T21:42:56.950+0200] {processor.py:161} INFO - Started process (PID=10422) to work on /Users/noejalabert/airflow_venv/lib/python3.11/site-packages/airflow/example_dags/subdags/subdag.py
[2024-05-28T21:42:56.950+0200] {processor.py:830} INFO - Processing file /Users/noejalabert/airflow_venv/lib/python3.11/site-packages/airflow/example_dags/subdags/subdag.py for tasks to queue
[2024-05-28T21:42:56.950+0200] {logging_mixin.py:188} INFO - [2024-05-28T21:42:56.950+0200] {dagbag.py:540} INFO - Filling up the DagBag from /Users/noejalabert/airflow_venv/lib/python3.11/site-packages/airflow/example_dags/subdags/subdag.py
[2024-05-28T21:42:56.951+0200] {processor.py:842} WARNING - No viable dags retrieved from /Users/noejalabert/airflow_venv/lib/python3.11/site-packages/airflow/example_dags/subdags/subdag.py
[2024-05-28T21:42:56.985+0200] {processor.py:183} INFO - Processing /Users/noejalabert/airflow_venv/lib/python3.11/site-packages/airflow/example_dags/subdags/subdag.py took 0.037 seconds
[2024-05-28T22:08:21.873+0200] {processor.py:161} INFO - Started process (PID=10573) to work on /Users/noejalabert/airflow_venv/lib/python3.11/site-packages/airflow/example_dags/subdags/subdag.py
[2024-05-28T22:08:21.873+0200] {processor.py:830} INFO - Processing file /Users/noejalabert/airflow_venv/lib/python3.11/site-packages/airflow/example_dags/subdags/subdag.py for tasks to queue
[2024-05-28T22:08:21.874+0200] {logging_mixin.py:188} INFO - [2024-05-28T22:08:21.874+0200] {dagbag.py:540} INFO - Filling up the DagBag from /Users/noejalabert/airflow_venv/lib/python3.11/site-packages/airflow/example_dags/subdags/subdag.py
[2024-05-28T22:08:21.875+0200] {processor.py:842} WARNING - No viable dags retrieved from /Users/noejalabert/airflow_venv/lib/python3.11/site-packages/airflow/example_dags/subdags/subdag.py
[2024-05-28T22:08:21.908+0200] {processor.py:183} INFO - Processing /Users/noejalabert/airflow_venv/lib/python3.11/site-packages/airflow/example_dags/subdags/subdag.py took 0.037 seconds
[2024-05-28T23:04:45.080+0200] {processor.py:161} INFO - Started process (PID=10732) to work on /Users/noejalabert/airflow_venv/lib/python3.11/site-packages/airflow/example_dags/subdags/subdag.py
[2024-05-28T23:04:45.080+0200] {processor.py:830} INFO - Processing file /Users/noejalabert/airflow_venv/lib/python3.11/site-packages/airflow/example_dags/subdags/subdag.py for tasks to queue
[2024-05-28T23:04:45.081+0200] {logging_mixin.py:188} INFO - [2024-05-28T23:04:45.081+0200] {dagbag.py:540} INFO - Filling up the DagBag from /Users/noejalabert/airflow_venv/lib/python3.11/site-packages/airflow/example_dags/subdags/subdag.py
[2024-05-28T23:04:45.082+0200] {processor.py:842} WARNING - No viable dags retrieved from /Users/noejalabert/airflow_venv/lib/python3.11/site-packages/airflow/example_dags/subdags/subdag.py
[2024-05-28T23:04:45.131+0200] {processor.py:183} INFO - Processing /Users/noejalabert/airflow_venv/lib/python3.11/site-packages/airflow/example_dags/subdags/subdag.py took 0.053 seconds
[2024-05-29T00:01:29.778+0200] {processor.py:161} INFO - Started process (PID=10907) to work on /Users/noejalabert/airflow_venv/lib/python3.11/site-packages/airflow/example_dags/subdags/subdag.py
[2024-05-29T00:01:29.779+0200] {processor.py:830} INFO - Processing file /Users/noejalabert/airflow_venv/lib/python3.11/site-packages/airflow/example_dags/subdags/subdag.py for tasks to queue
[2024-05-29T00:01:29.779+0200] {logging_mixin.py:188} INFO - [2024-05-29T00:01:29.779+0200] {dagbag.py:540} INFO - Filling up the DagBag from /Users/noejalabert/airflow_venv/lib/python3.11/site-packages/airflow/example_dags/subdags/subdag.py
[2024-05-29T00:01:29.780+0200] {processor.py:842} WARNING - No viable dags retrieved from /Users/noejalabert/airflow_venv/lib/python3.11/site-packages/airflow/example_dags/subdags/subdag.py
[2024-05-29T00:01:29.814+0200] {processor.py:183} INFO - Processing /Users/noejalabert/airflow_venv/lib/python3.11/site-packages/airflow/example_dags/subdags/subdag.py took 0.037 seconds
[2024-05-29T00:02:48.102+0200] {processor.py:161} INFO - Started process (PID=11009) to work on /Users/noejalabert/airflow_venv/lib/python3.11/site-packages/airflow/example_dags/subdags/subdag.py
[2024-05-29T00:02:48.102+0200] {processor.py:830} INFO - Processing file /Users/noejalabert/airflow_venv/lib/python3.11/site-packages/airflow/example_dags/subdags/subdag.py for tasks to queue
[2024-05-29T00:02:48.102+0200] {logging_mixin.py:188} INFO - [2024-05-29T00:02:48.102+0200] {dagbag.py:540} INFO - Filling up the DagBag from /Users/noejalabert/airflow_venv/lib/python3.11/site-packages/airflow/example_dags/subdags/subdag.py
[2024-05-29T00:02:48.103+0200] {processor.py:842} WARNING - No viable dags retrieved from /Users/noejalabert/airflow_venv/lib/python3.11/site-packages/airflow/example_dags/subdags/subdag.py
[2024-05-29T00:02:48.137+0200] {processor.py:183} INFO - Processing /Users/noejalabert/airflow_venv/lib/python3.11/site-packages/airflow/example_dags/subdags/subdag.py took 0.037 seconds
[2024-05-29T00:04:11.660+0200] {processor.py:161} INFO - Started process (PID=11080) to work on /Users/noejalabert/airflow_venv/lib/python3.11/site-packages/airflow/example_dags/subdags/subdag.py
[2024-05-29T00:04:11.660+0200] {processor.py:830} INFO - Processing file /Users/noejalabert/airflow_venv/lib/python3.11/site-packages/airflow/example_dags/subdags/subdag.py for tasks to queue
[2024-05-29T00:04:11.660+0200] {logging_mixin.py:188} INFO - [2024-05-29T00:04:11.660+0200] {dagbag.py:540} INFO - Filling up the DagBag from /Users/noejalabert/airflow_venv/lib/python3.11/site-packages/airflow/example_dags/subdags/subdag.py
[2024-05-29T00:04:11.661+0200] {processor.py:842} WARNING - No viable dags retrieved from /Users/noejalabert/airflow_venv/lib/python3.11/site-packages/airflow/example_dags/subdags/subdag.py
[2024-05-29T00:04:11.695+0200] {processor.py:183} INFO - Processing /Users/noejalabert/airflow_venv/lib/python3.11/site-packages/airflow/example_dags/subdags/subdag.py took 0.037 seconds
[2024-05-29T00:05:34.034+0200] {processor.py:161} INFO - Started process (PID=11149) to work on /Users/noejalabert/airflow_venv/lib/python3.11/site-packages/airflow/example_dags/subdags/subdag.py
[2024-05-29T00:05:34.034+0200] {processor.py:830} INFO - Processing file /Users/noejalabert/airflow_venv/lib/python3.11/site-packages/airflow/example_dags/subdags/subdag.py for tasks to queue
[2024-05-29T00:05:34.035+0200] {logging_mixin.py:188} INFO - [2024-05-29T00:05:34.034+0200] {dagbag.py:540} INFO - Filling up the DagBag from /Users/noejalabert/airflow_venv/lib/python3.11/site-packages/airflow/example_dags/subdags/subdag.py
[2024-05-29T00:05:34.035+0200] {processor.py:842} WARNING - No viable dags retrieved from /Users/noejalabert/airflow_venv/lib/python3.11/site-packages/airflow/example_dags/subdags/subdag.py
[2024-05-29T00:05:34.069+0200] {processor.py:183} INFO - Processing /Users/noejalabert/airflow_venv/lib/python3.11/site-packages/airflow/example_dags/subdags/subdag.py took 0.037 seconds
[2024-05-29T00:06:56.394+0200] {processor.py:161} INFO - Started process (PID=11226) to work on /Users/noejalabert/airflow_venv/lib/python3.11/site-packages/airflow/example_dags/subdags/subdag.py
[2024-05-29T00:06:56.394+0200] {processor.py:830} INFO - Processing file /Users/noejalabert/airflow_venv/lib/python3.11/site-packages/airflow/example_dags/subdags/subdag.py for tasks to queue
[2024-05-29T00:06:56.395+0200] {logging_mixin.py:188} INFO - [2024-05-29T00:06:56.395+0200] {dagbag.py:540} INFO - Filling up the DagBag from /Users/noejalabert/airflow_venv/lib/python3.11/site-packages/airflow/example_dags/subdags/subdag.py
[2024-05-29T00:06:56.396+0200] {processor.py:842} WARNING - No viable dags retrieved from /Users/noejalabert/airflow_venv/lib/python3.11/site-packages/airflow/example_dags/subdags/subdag.py
[2024-05-29T00:06:56.430+0200] {processor.py:183} INFO - Processing /Users/noejalabert/airflow_venv/lib/python3.11/site-packages/airflow/example_dags/subdags/subdag.py took 0.037 seconds
[2024-05-29T00:08:17.236+0200] {processor.py:161} INFO - Started process (PID=11295) to work on /Users/noejalabert/airflow_venv/lib/python3.11/site-packages/airflow/example_dags/subdags/subdag.py
[2024-05-29T00:08:17.236+0200] {processor.py:830} INFO - Processing file /Users/noejalabert/airflow_venv/lib/python3.11/site-packages/airflow/example_dags/subdags/subdag.py for tasks to queue
[2024-05-29T00:08:17.237+0200] {logging_mixin.py:188} INFO - [2024-05-29T00:08:17.237+0200] {dagbag.py:540} INFO - Filling up the DagBag from /Users/noejalabert/airflow_venv/lib/python3.11/site-packages/airflow/example_dags/subdags/subdag.py
[2024-05-29T00:08:17.238+0200] {processor.py:842} WARNING - No viable dags retrieved from /Users/noejalabert/airflow_venv/lib/python3.11/site-packages/airflow/example_dags/subdags/subdag.py
[2024-05-29T00:08:17.274+0200] {processor.py:183} INFO - Processing /Users/noejalabert/airflow_venv/lib/python3.11/site-packages/airflow/example_dags/subdags/subdag.py took 0.040 seconds
[2024-05-29T00:09:40.770+0200] {processor.py:161} INFO - Started process (PID=11378) to work on /Users/noejalabert/airflow_venv/lib/python3.11/site-packages/airflow/example_dags/subdags/subdag.py
[2024-05-29T00:09:40.771+0200] {processor.py:830} INFO - Processing file /Users/noejalabert/airflow_venv/lib/python3.11/site-packages/airflow/example_dags/subdags/subdag.py for tasks to queue
[2024-05-29T00:09:40.772+0200] {logging_mixin.py:188} INFO - [2024-05-29T00:09:40.772+0200] {dagbag.py:540} INFO - Filling up the DagBag from /Users/noejalabert/airflow_venv/lib/python3.11/site-packages/airflow/example_dags/subdags/subdag.py
[2024-05-29T00:09:40.772+0200] {processor.py:842} WARNING - No viable dags retrieved from /Users/noejalabert/airflow_venv/lib/python3.11/site-packages/airflow/example_dags/subdags/subdag.py
[2024-05-29T00:09:40.807+0200] {processor.py:183} INFO - Processing /Users/noejalabert/airflow_venv/lib/python3.11/site-packages/airflow/example_dags/subdags/subdag.py took 0.038 seconds
[2024-05-29T00:11:02.899+0200] {processor.py:161} INFO - Started process (PID=11445) to work on /Users/noejalabert/airflow_venv/lib/python3.11/site-packages/airflow/example_dags/subdags/subdag.py
[2024-05-29T00:11:02.900+0200] {processor.py:830} INFO - Processing file /Users/noejalabert/airflow_venv/lib/python3.11/site-packages/airflow/example_dags/subdags/subdag.py for tasks to queue
[2024-05-29T00:11:02.900+0200] {logging_mixin.py:188} INFO - [2024-05-29T00:11:02.900+0200] {dagbag.py:540} INFO - Filling up the DagBag from /Users/noejalabert/airflow_venv/lib/python3.11/site-packages/airflow/example_dags/subdags/subdag.py
[2024-05-29T00:11:02.901+0200] {processor.py:842} WARNING - No viable dags retrieved from /Users/noejalabert/airflow_venv/lib/python3.11/site-packages/airflow/example_dags/subdags/subdag.py
[2024-05-29T00:11:02.935+0200] {processor.py:183} INFO - Processing /Users/noejalabert/airflow_venv/lib/python3.11/site-packages/airflow/example_dags/subdags/subdag.py took 0.037 seconds
[2024-05-29T00:12:23.090+0200] {processor.py:161} INFO - Started process (PID=11516) to work on /Users/noejalabert/airflow_venv/lib/python3.11/site-packages/airflow/example_dags/subdags/subdag.py
[2024-05-29T00:12:23.090+0200] {processor.py:830} INFO - Processing file /Users/noejalabert/airflow_venv/lib/python3.11/site-packages/airflow/example_dags/subdags/subdag.py for tasks to queue
[2024-05-29T00:12:23.091+0200] {logging_mixin.py:188} INFO - [2024-05-29T00:12:23.090+0200] {dagbag.py:540} INFO - Filling up the DagBag from /Users/noejalabert/airflow_venv/lib/python3.11/site-packages/airflow/example_dags/subdags/subdag.py
[2024-05-29T00:12:23.091+0200] {processor.py:842} WARNING - No viable dags retrieved from /Users/noejalabert/airflow_venv/lib/python3.11/site-packages/airflow/example_dags/subdags/subdag.py
[2024-05-29T00:12:23.126+0200] {processor.py:183} INFO - Processing /Users/noejalabert/airflow_venv/lib/python3.11/site-packages/airflow/example_dags/subdags/subdag.py took 0.037 seconds
[2024-05-29T00:13:46.115+0200] {processor.py:161} INFO - Started process (PID=11593) to work on /Users/noejalabert/airflow_venv/lib/python3.11/site-packages/airflow/example_dags/subdags/subdag.py
[2024-05-29T00:13:46.116+0200] {processor.py:830} INFO - Processing file /Users/noejalabert/airflow_venv/lib/python3.11/site-packages/airflow/example_dags/subdags/subdag.py for tasks to queue
[2024-05-29T00:13:46.116+0200] {logging_mixin.py:188} INFO - [2024-05-29T00:13:46.116+0200] {dagbag.py:540} INFO - Filling up the DagBag from /Users/noejalabert/airflow_venv/lib/python3.11/site-packages/airflow/example_dags/subdags/subdag.py
[2024-05-29T00:13:46.117+0200] {processor.py:842} WARNING - No viable dags retrieved from /Users/noejalabert/airflow_venv/lib/python3.11/site-packages/airflow/example_dags/subdags/subdag.py
[2024-05-29T00:13:46.151+0200] {processor.py:183} INFO - Processing /Users/noejalabert/airflow_venv/lib/python3.11/site-packages/airflow/example_dags/subdags/subdag.py took 0.037 seconds
[2024-05-29T00:15:10.494+0200] {processor.py:161} INFO - Started process (PID=11671) to work on /Users/noejalabert/airflow_venv/lib/python3.11/site-packages/airflow/example_dags/subdags/subdag.py
[2024-05-29T00:15:10.495+0200] {processor.py:830} INFO - Processing file /Users/noejalabert/airflow_venv/lib/python3.11/site-packages/airflow/example_dags/subdags/subdag.py for tasks to queue
[2024-05-29T00:15:10.495+0200] {logging_mixin.py:188} INFO - [2024-05-29T00:15:10.495+0200] {dagbag.py:540} INFO - Filling up the DagBag from /Users/noejalabert/airflow_venv/lib/python3.11/site-packages/airflow/example_dags/subdags/subdag.py
[2024-05-29T00:15:10.496+0200] {processor.py:842} WARNING - No viable dags retrieved from /Users/noejalabert/airflow_venv/lib/python3.11/site-packages/airflow/example_dags/subdags/subdag.py
[2024-05-29T00:15:10.530+0200] {processor.py:183} INFO - Processing /Users/noejalabert/airflow_venv/lib/python3.11/site-packages/airflow/example_dags/subdags/subdag.py took 0.037 seconds
[2024-05-29T00:16:34.229+0200] {processor.py:161} INFO - Started process (PID=11757) to work on /Users/noejalabert/airflow_venv/lib/python3.11/site-packages/airflow/example_dags/subdags/subdag.py
[2024-05-29T00:16:34.230+0200] {processor.py:830} INFO - Processing file /Users/noejalabert/airflow_venv/lib/python3.11/site-packages/airflow/example_dags/subdags/subdag.py for tasks to queue
[2024-05-29T00:16:34.230+0200] {logging_mixin.py:188} INFO - [2024-05-29T00:16:34.230+0200] {dagbag.py:540} INFO - Filling up the DagBag from /Users/noejalabert/airflow_venv/lib/python3.11/site-packages/airflow/example_dags/subdags/subdag.py
[2024-05-29T00:16:34.231+0200] {processor.py:842} WARNING - No viable dags retrieved from /Users/noejalabert/airflow_venv/lib/python3.11/site-packages/airflow/example_dags/subdags/subdag.py
[2024-05-29T00:16:34.265+0200] {processor.py:183} INFO - Processing /Users/noejalabert/airflow_venv/lib/python3.11/site-packages/airflow/example_dags/subdags/subdag.py took 0.037 seconds
[2024-05-29T00:18:00.012+0200] {processor.py:161} INFO - Started process (PID=11833) to work on /Users/noejalabert/airflow_venv/lib/python3.11/site-packages/airflow/example_dags/subdags/subdag.py
[2024-05-29T00:18:00.014+0200] {processor.py:830} INFO - Processing file /Users/noejalabert/airflow_venv/lib/python3.11/site-packages/airflow/example_dags/subdags/subdag.py for tasks to queue
[2024-05-29T00:18:00.014+0200] {logging_mixin.py:188} INFO - [2024-05-29T00:18:00.014+0200] {dagbag.py:540} INFO - Filling up the DagBag from /Users/noejalabert/airflow_venv/lib/python3.11/site-packages/airflow/example_dags/subdags/subdag.py
[2024-05-29T00:18:00.015+0200] {processor.py:842} WARNING - No viable dags retrieved from /Users/noejalabert/airflow_venv/lib/python3.11/site-packages/airflow/example_dags/subdags/subdag.py
[2024-05-29T00:18:00.050+0200] {processor.py:183} INFO - Processing /Users/noejalabert/airflow_venv/lib/python3.11/site-packages/airflow/example_dags/subdags/subdag.py took 0.039 seconds
[2024-05-29T00:19:21.928+0200] {processor.py:161} INFO - Started process (PID=11908) to work on /Users/noejalabert/airflow_venv/lib/python3.11/site-packages/airflow/example_dags/subdags/subdag.py
[2024-05-29T00:19:21.929+0200] {processor.py:830} INFO - Processing file /Users/noejalabert/airflow_venv/lib/python3.11/site-packages/airflow/example_dags/subdags/subdag.py for tasks to queue
[2024-05-29T00:19:21.929+0200] {logging_mixin.py:188} INFO - [2024-05-29T00:19:21.929+0200] {dagbag.py:540} INFO - Filling up the DagBag from /Users/noejalabert/airflow_venv/lib/python3.11/site-packages/airflow/example_dags/subdags/subdag.py
[2024-05-29T00:19:21.930+0200] {processor.py:842} WARNING - No viable dags retrieved from /Users/noejalabert/airflow_venv/lib/python3.11/site-packages/airflow/example_dags/subdags/subdag.py
[2024-05-29T00:19:21.964+0200] {processor.py:183} INFO - Processing /Users/noejalabert/airflow_venv/lib/python3.11/site-packages/airflow/example_dags/subdags/subdag.py took 0.038 seconds
[2024-05-29T00:20:46.139+0200] {processor.py:161} INFO - Started process (PID=11975) to work on /Users/noejalabert/airflow_venv/lib/python3.11/site-packages/airflow/example_dags/subdags/subdag.py
[2024-05-29T00:20:46.139+0200] {processor.py:830} INFO - Processing file /Users/noejalabert/airflow_venv/lib/python3.11/site-packages/airflow/example_dags/subdags/subdag.py for tasks to queue
[2024-05-29T00:20:46.139+0200] {logging_mixin.py:188} INFO - [2024-05-29T00:20:46.139+0200] {dagbag.py:540} INFO - Filling up the DagBag from /Users/noejalabert/airflow_venv/lib/python3.11/site-packages/airflow/example_dags/subdags/subdag.py
[2024-05-29T00:20:46.140+0200] {processor.py:842} WARNING - No viable dags retrieved from /Users/noejalabert/airflow_venv/lib/python3.11/site-packages/airflow/example_dags/subdags/subdag.py
[2024-05-29T00:20:46.174+0200] {processor.py:183} INFO - Processing /Users/noejalabert/airflow_venv/lib/python3.11/site-packages/airflow/example_dags/subdags/subdag.py took 0.037 seconds
[2024-05-29T00:22:08.657+0200] {processor.py:161} INFO - Started process (PID=12045) to work on /Users/noejalabert/airflow_venv/lib/python3.11/site-packages/airflow/example_dags/subdags/subdag.py
[2024-05-29T00:22:08.658+0200] {processor.py:830} INFO - Processing file /Users/noejalabert/airflow_venv/lib/python3.11/site-packages/airflow/example_dags/subdags/subdag.py for tasks to queue
[2024-05-29T00:22:08.658+0200] {logging_mixin.py:188} INFO - [2024-05-29T00:22:08.658+0200] {dagbag.py:540} INFO - Filling up the DagBag from /Users/noejalabert/airflow_venv/lib/python3.11/site-packages/airflow/example_dags/subdags/subdag.py
[2024-05-29T00:22:08.659+0200] {processor.py:842} WARNING - No viable dags retrieved from /Users/noejalabert/airflow_venv/lib/python3.11/site-packages/airflow/example_dags/subdags/subdag.py
[2024-05-29T00:22:08.694+0200] {processor.py:183} INFO - Processing /Users/noejalabert/airflow_venv/lib/python3.11/site-packages/airflow/example_dags/subdags/subdag.py took 0.037 seconds
[2024-05-29T00:23:34.776+0200] {processor.py:161} INFO - Started process (PID=12120) to work on /Users/noejalabert/airflow_venv/lib/python3.11/site-packages/airflow/example_dags/subdags/subdag.py
[2024-05-29T00:23:34.778+0200] {processor.py:830} INFO - Processing file /Users/noejalabert/airflow_venv/lib/python3.11/site-packages/airflow/example_dags/subdags/subdag.py for tasks to queue
[2024-05-29T00:23:34.778+0200] {logging_mixin.py:188} INFO - [2024-05-29T00:23:34.778+0200] {dagbag.py:540} INFO - Filling up the DagBag from /Users/noejalabert/airflow_venv/lib/python3.11/site-packages/airflow/example_dags/subdags/subdag.py
[2024-05-29T00:23:34.779+0200] {processor.py:842} WARNING - No viable dags retrieved from /Users/noejalabert/airflow_venv/lib/python3.11/site-packages/airflow/example_dags/subdags/subdag.py
[2024-05-29T00:23:34.814+0200] {processor.py:183} INFO - Processing /Users/noejalabert/airflow_venv/lib/python3.11/site-packages/airflow/example_dags/subdags/subdag.py took 0.038 seconds
[2024-05-29T00:25:00.301+0200] {processor.py:161} INFO - Started process (PID=12185) to work on /Users/noejalabert/airflow_venv/lib/python3.11/site-packages/airflow/example_dags/subdags/subdag.py
[2024-05-29T00:25:00.302+0200] {processor.py:830} INFO - Processing file /Users/noejalabert/airflow_venv/lib/python3.11/site-packages/airflow/example_dags/subdags/subdag.py for tasks to queue
[2024-05-29T00:25:00.302+0200] {logging_mixin.py:188} INFO - [2024-05-29T00:25:00.302+0200] {dagbag.py:540} INFO - Filling up the DagBag from /Users/noejalabert/airflow_venv/lib/python3.11/site-packages/airflow/example_dags/subdags/subdag.py
[2024-05-29T00:25:00.303+0200] {processor.py:842} WARNING - No viable dags retrieved from /Users/noejalabert/airflow_venv/lib/python3.11/site-packages/airflow/example_dags/subdags/subdag.py
[2024-05-29T00:25:00.337+0200] {processor.py:183} INFO - Processing /Users/noejalabert/airflow_venv/lib/python3.11/site-packages/airflow/example_dags/subdags/subdag.py took 0.037 seconds
[2024-05-29T00:26:24.774+0200] {processor.py:161} INFO - Started process (PID=12260) to work on /Users/noejalabert/airflow_venv/lib/python3.11/site-packages/airflow/example_dags/subdags/subdag.py
[2024-05-29T00:26:24.774+0200] {processor.py:830} INFO - Processing file /Users/noejalabert/airflow_venv/lib/python3.11/site-packages/airflow/example_dags/subdags/subdag.py for tasks to queue
[2024-05-29T00:26:24.775+0200] {logging_mixin.py:188} INFO - [2024-05-29T00:26:24.775+0200] {dagbag.py:540} INFO - Filling up the DagBag from /Users/noejalabert/airflow_venv/lib/python3.11/site-packages/airflow/example_dags/subdags/subdag.py
[2024-05-29T00:26:24.776+0200] {processor.py:842} WARNING - No viable dags retrieved from /Users/noejalabert/airflow_venv/lib/python3.11/site-packages/airflow/example_dags/subdags/subdag.py
[2024-05-29T00:26:24.811+0200] {processor.py:183} INFO - Processing /Users/noejalabert/airflow_venv/lib/python3.11/site-packages/airflow/example_dags/subdags/subdag.py took 0.039 seconds
