[2024-05-28T16:23:10.705+0200] {processor.py:161} INFO - Started process (PID=2238) to work on /Users/noejalabert/airflow_venv/lib/python3.11/site-packages/airflow/example_dags/plugins/event_listener.py
[2024-05-28T16:23:10.706+0200] {processor.py:830} INFO - Processing file /Users/noejalabert/airflow_venv/lib/python3.11/site-packages/airflow/example_dags/plugins/event_listener.py for tasks to queue
[2024-05-28T16:23:10.706+0200] {logging_mixin.py:188} INFO - [2024-05-28T16:23:10.706+0200] {dagbag.py:540} INFO - Filling up the DagBag from /Users/noejalabert/airflow_venv/lib/python3.11/site-packages/airflow/example_dags/plugins/event_listener.py
[2024-05-28T16:23:10.707+0200] {processor.py:842} WARNING - No viable dags retrieved from /Users/noejalabert/airflow_venv/lib/python3.11/site-packages/airflow/example_dags/plugins/event_listener.py
[2024-05-28T16:23:10.743+0200] {processor.py:183} INFO - Processing /Users/noejalabert/airflow_venv/lib/python3.11/site-packages/airflow/example_dags/plugins/event_listener.py took 0.039 seconds
[2024-05-28T16:24:42.044+0200] {processor.py:161} INFO - Started process (PID=2337) to work on /Users/noejalabert/airflow_venv/lib/python3.11/site-packages/airflow/example_dags/plugins/event_listener.py
[2024-05-28T16:24:42.046+0200] {processor.py:830} INFO - Processing file /Users/noejalabert/airflow_venv/lib/python3.11/site-packages/airflow/example_dags/plugins/event_listener.py for tasks to queue
[2024-05-28T16:24:42.046+0200] {logging_mixin.py:188} INFO - [2024-05-28T16:24:42.046+0200] {dagbag.py:540} INFO - Filling up the DagBag from /Users/noejalabert/airflow_venv/lib/python3.11/site-packages/airflow/example_dags/plugins/event_listener.py
[2024-05-28T16:24:42.047+0200] {processor.py:842} WARNING - No viable dags retrieved from /Users/noejalabert/airflow_venv/lib/python3.11/site-packages/airflow/example_dags/plugins/event_listener.py
[2024-05-28T16:24:42.083+0200] {processor.py:183} INFO - Processing /Users/noejalabert/airflow_venv/lib/python3.11/site-packages/airflow/example_dags/plugins/event_listener.py took 0.040 seconds
[2024-05-28T16:27:13.208+0200] {processor.py:161} INFO - Started process (PID=2441) to work on /Users/noejalabert/airflow_venv/lib/python3.11/site-packages/airflow/example_dags/plugins/event_listener.py
[2024-05-28T16:27:13.209+0200] {processor.py:830} INFO - Processing file /Users/noejalabert/airflow_venv/lib/python3.11/site-packages/airflow/example_dags/plugins/event_listener.py for tasks to queue
[2024-05-28T16:27:13.209+0200] {logging_mixin.py:188} INFO - [2024-05-28T16:27:13.209+0200] {dagbag.py:540} INFO - Filling up the DagBag from /Users/noejalabert/airflow_venv/lib/python3.11/site-packages/airflow/example_dags/plugins/event_listener.py
[2024-05-28T16:27:13.210+0200] {processor.py:842} WARNING - No viable dags retrieved from /Users/noejalabert/airflow_venv/lib/python3.11/site-packages/airflow/example_dags/plugins/event_listener.py
[2024-05-28T16:27:13.244+0200] {processor.py:183} INFO - Processing /Users/noejalabert/airflow_venv/lib/python3.11/site-packages/airflow/example_dags/plugins/event_listener.py took 0.037 seconds
[2024-05-28T16:28:45.203+0200] {processor.py:161} INFO - Started process (PID=2535) to work on /Users/noejalabert/airflow_venv/lib/python3.11/site-packages/airflow/example_dags/plugins/event_listener.py
[2024-05-28T16:28:45.205+0200] {processor.py:830} INFO - Processing file /Users/noejalabert/airflow_venv/lib/python3.11/site-packages/airflow/example_dags/plugins/event_listener.py for tasks to queue
[2024-05-28T16:28:45.205+0200] {logging_mixin.py:188} INFO - [2024-05-28T16:28:45.205+0200] {dagbag.py:540} INFO - Filling up the DagBag from /Users/noejalabert/airflow_venv/lib/python3.11/site-packages/airflow/example_dags/plugins/event_listener.py
[2024-05-28T16:28:45.205+0200] {processor.py:842} WARNING - No viable dags retrieved from /Users/noejalabert/airflow_venv/lib/python3.11/site-packages/airflow/example_dags/plugins/event_listener.py
[2024-05-28T16:28:45.240+0200] {processor.py:183} INFO - Processing /Users/noejalabert/airflow_venv/lib/python3.11/site-packages/airflow/example_dags/plugins/event_listener.py took 0.038 seconds
[2024-05-28T16:30:11.270+0200] {processor.py:161} INFO - Started process (PID=2751) to work on /Users/noejalabert/airflow_venv/lib/python3.11/site-packages/airflow/example_dags/plugins/event_listener.py
[2024-05-28T16:30:11.271+0200] {processor.py:830} INFO - Processing file /Users/noejalabert/airflow_venv/lib/python3.11/site-packages/airflow/example_dags/plugins/event_listener.py for tasks to queue
[2024-05-28T16:30:11.272+0200] {logging_mixin.py:188} INFO - [2024-05-28T16:30:11.271+0200] {dagbag.py:540} INFO - Filling up the DagBag from /Users/noejalabert/airflow_venv/lib/python3.11/site-packages/airflow/example_dags/plugins/event_listener.py
[2024-05-28T16:30:11.272+0200] {processor.py:842} WARNING - No viable dags retrieved from /Users/noejalabert/airflow_venv/lib/python3.11/site-packages/airflow/example_dags/plugins/event_listener.py
[2024-05-28T16:30:11.306+0200] {processor.py:183} INFO - Processing /Users/noejalabert/airflow_venv/lib/python3.11/site-packages/airflow/example_dags/plugins/event_listener.py took 0.038 seconds
[2024-05-28T16:31:34.921+0200] {processor.py:161} INFO - Started process (PID=2989) to work on /Users/noejalabert/airflow_venv/lib/python3.11/site-packages/airflow/example_dags/plugins/event_listener.py
[2024-05-28T16:31:34.921+0200] {processor.py:830} INFO - Processing file /Users/noejalabert/airflow_venv/lib/python3.11/site-packages/airflow/example_dags/plugins/event_listener.py for tasks to queue
[2024-05-28T16:31:34.921+0200] {logging_mixin.py:188} INFO - [2024-05-28T16:31:34.921+0200] {dagbag.py:540} INFO - Filling up the DagBag from /Users/noejalabert/airflow_venv/lib/python3.11/site-packages/airflow/example_dags/plugins/event_listener.py
[2024-05-28T16:31:34.922+0200] {processor.py:842} WARNING - No viable dags retrieved from /Users/noejalabert/airflow_venv/lib/python3.11/site-packages/airflow/example_dags/plugins/event_listener.py
[2024-05-28T16:31:34.956+0200] {processor.py:183} INFO - Processing /Users/noejalabert/airflow_venv/lib/python3.11/site-packages/airflow/example_dags/plugins/event_listener.py took 0.037 seconds
[2024-05-28T16:32:58.913+0200] {processor.py:161} INFO - Started process (PID=3127) to work on /Users/noejalabert/airflow_venv/lib/python3.11/site-packages/airflow/example_dags/plugins/event_listener.py
[2024-05-28T16:32:58.914+0200] {processor.py:830} INFO - Processing file /Users/noejalabert/airflow_venv/lib/python3.11/site-packages/airflow/example_dags/plugins/event_listener.py for tasks to queue
[2024-05-28T16:32:58.914+0200] {logging_mixin.py:188} INFO - [2024-05-28T16:32:58.914+0200] {dagbag.py:540} INFO - Filling up the DagBag from /Users/noejalabert/airflow_venv/lib/python3.11/site-packages/airflow/example_dags/plugins/event_listener.py
[2024-05-28T16:32:58.915+0200] {processor.py:842} WARNING - No viable dags retrieved from /Users/noejalabert/airflow_venv/lib/python3.11/site-packages/airflow/example_dags/plugins/event_listener.py
[2024-05-28T16:32:58.949+0200] {processor.py:183} INFO - Processing /Users/noejalabert/airflow_venv/lib/python3.11/site-packages/airflow/example_dags/plugins/event_listener.py took 0.038 seconds
[2024-05-28T16:34:21.246+0200] {processor.py:161} INFO - Started process (PID=3244) to work on /Users/noejalabert/airflow_venv/lib/python3.11/site-packages/airflow/example_dags/plugins/event_listener.py
[2024-05-28T16:34:21.247+0200] {processor.py:830} INFO - Processing file /Users/noejalabert/airflow_venv/lib/python3.11/site-packages/airflow/example_dags/plugins/event_listener.py for tasks to queue
[2024-05-28T16:34:21.247+0200] {logging_mixin.py:188} INFO - [2024-05-28T16:34:21.247+0200] {dagbag.py:540} INFO - Filling up the DagBag from /Users/noejalabert/airflow_venv/lib/python3.11/site-packages/airflow/example_dags/plugins/event_listener.py
[2024-05-28T16:34:21.248+0200] {processor.py:842} WARNING - No viable dags retrieved from /Users/noejalabert/airflow_venv/lib/python3.11/site-packages/airflow/example_dags/plugins/event_listener.py
[2024-05-28T16:34:21.282+0200] {processor.py:183} INFO - Processing /Users/noejalabert/airflow_venv/lib/python3.11/site-packages/airflow/example_dags/plugins/event_listener.py took 0.038 seconds
[2024-05-28T16:35:45.332+0200] {processor.py:161} INFO - Started process (PID=3333) to work on /Users/noejalabert/airflow_venv/lib/python3.11/site-packages/airflow/example_dags/plugins/event_listener.py
[2024-05-28T16:35:45.334+0200] {processor.py:830} INFO - Processing file /Users/noejalabert/airflow_venv/lib/python3.11/site-packages/airflow/example_dags/plugins/event_listener.py for tasks to queue
[2024-05-28T16:35:45.334+0200] {logging_mixin.py:188} INFO - [2024-05-28T16:35:45.334+0200] {dagbag.py:540} INFO - Filling up the DagBag from /Users/noejalabert/airflow_venv/lib/python3.11/site-packages/airflow/example_dags/plugins/event_listener.py
[2024-05-28T16:35:45.334+0200] {processor.py:842} WARNING - No viable dags retrieved from /Users/noejalabert/airflow_venv/lib/python3.11/site-packages/airflow/example_dags/plugins/event_listener.py
[2024-05-28T16:35:45.369+0200] {processor.py:183} INFO - Processing /Users/noejalabert/airflow_venv/lib/python3.11/site-packages/airflow/example_dags/plugins/event_listener.py took 0.038 seconds
[2024-05-28T16:38:37.538+0200] {processor.py:161} INFO - Started process (PID=3775) to work on /Users/noejalabert/airflow_venv/lib/python3.11/site-packages/airflow/example_dags/plugins/event_listener.py
[2024-05-28T16:38:37.538+0200] {processor.py:830} INFO - Processing file /Users/noejalabert/airflow_venv/lib/python3.11/site-packages/airflow/example_dags/plugins/event_listener.py for tasks to queue
[2024-05-28T16:38:37.539+0200] {logging_mixin.py:188} INFO - [2024-05-28T16:38:37.538+0200] {dagbag.py:540} INFO - Filling up the DagBag from /Users/noejalabert/airflow_venv/lib/python3.11/site-packages/airflow/example_dags/plugins/event_listener.py
[2024-05-28T16:38:37.539+0200] {processor.py:842} WARNING - No viable dags retrieved from /Users/noejalabert/airflow_venv/lib/python3.11/site-packages/airflow/example_dags/plugins/event_listener.py
[2024-05-28T16:38:37.574+0200] {processor.py:183} INFO - Processing /Users/noejalabert/airflow_venv/lib/python3.11/site-packages/airflow/example_dags/plugins/event_listener.py took 0.037 seconds
[2024-05-28T16:40:01.413+0200] {processor.py:161} INFO - Started process (PID=3876) to work on /Users/noejalabert/airflow_venv/lib/python3.11/site-packages/airflow/example_dags/plugins/event_listener.py
[2024-05-28T16:40:01.413+0200] {processor.py:830} INFO - Processing file /Users/noejalabert/airflow_venv/lib/python3.11/site-packages/airflow/example_dags/plugins/event_listener.py for tasks to queue
[2024-05-28T16:40:01.413+0200] {logging_mixin.py:188} INFO - [2024-05-28T16:40:01.413+0200] {dagbag.py:540} INFO - Filling up the DagBag from /Users/noejalabert/airflow_venv/lib/python3.11/site-packages/airflow/example_dags/plugins/event_listener.py
[2024-05-28T16:40:01.414+0200] {processor.py:842} WARNING - No viable dags retrieved from /Users/noejalabert/airflow_venv/lib/python3.11/site-packages/airflow/example_dags/plugins/event_listener.py
[2024-05-28T16:40:01.448+0200] {processor.py:183} INFO - Processing /Users/noejalabert/airflow_venv/lib/python3.11/site-packages/airflow/example_dags/plugins/event_listener.py took 0.037 seconds
[2024-05-28T16:41:27.110+0200] {processor.py:161} INFO - Started process (PID=3945) to work on /Users/noejalabert/airflow_venv/lib/python3.11/site-packages/airflow/example_dags/plugins/event_listener.py
[2024-05-28T16:41:27.111+0200] {processor.py:830} INFO - Processing file /Users/noejalabert/airflow_venv/lib/python3.11/site-packages/airflow/example_dags/plugins/event_listener.py for tasks to queue
[2024-05-28T16:41:27.111+0200] {logging_mixin.py:188} INFO - [2024-05-28T16:41:27.111+0200] {dagbag.py:540} INFO - Filling up the DagBag from /Users/noejalabert/airflow_venv/lib/python3.11/site-packages/airflow/example_dags/plugins/event_listener.py
[2024-05-28T16:41:27.112+0200] {processor.py:842} WARNING - No viable dags retrieved from /Users/noejalabert/airflow_venv/lib/python3.11/site-packages/airflow/example_dags/plugins/event_listener.py
[2024-05-28T16:41:27.146+0200] {processor.py:183} INFO - Processing /Users/noejalabert/airflow_venv/lib/python3.11/site-packages/airflow/example_dags/plugins/event_listener.py took 0.037 seconds
[2024-05-28T16:42:48.112+0200] {processor.py:161} INFO - Started process (PID=4026) to work on /Users/noejalabert/airflow_venv/lib/python3.11/site-packages/airflow/example_dags/plugins/event_listener.py
[2024-05-28T16:42:48.113+0200] {processor.py:830} INFO - Processing file /Users/noejalabert/airflow_venv/lib/python3.11/site-packages/airflow/example_dags/plugins/event_listener.py for tasks to queue
[2024-05-28T16:42:48.113+0200] {logging_mixin.py:188} INFO - [2024-05-28T16:42:48.113+0200] {dagbag.py:540} INFO - Filling up the DagBag from /Users/noejalabert/airflow_venv/lib/python3.11/site-packages/airflow/example_dags/plugins/event_listener.py
[2024-05-28T16:42:48.113+0200] {processor.py:842} WARNING - No viable dags retrieved from /Users/noejalabert/airflow_venv/lib/python3.11/site-packages/airflow/example_dags/plugins/event_listener.py
[2024-05-28T16:42:48.148+0200] {processor.py:183} INFO - Processing /Users/noejalabert/airflow_venv/lib/python3.11/site-packages/airflow/example_dags/plugins/event_listener.py took 0.037 seconds
[2024-05-28T16:44:12.122+0200] {processor.py:161} INFO - Started process (PID=4101) to work on /Users/noejalabert/airflow_venv/lib/python3.11/site-packages/airflow/example_dags/plugins/event_listener.py
[2024-05-28T16:44:12.123+0200] {processor.py:830} INFO - Processing file /Users/noejalabert/airflow_venv/lib/python3.11/site-packages/airflow/example_dags/plugins/event_listener.py for tasks to queue
[2024-05-28T16:44:12.123+0200] {logging_mixin.py:188} INFO - [2024-05-28T16:44:12.123+0200] {dagbag.py:540} INFO - Filling up the DagBag from /Users/noejalabert/airflow_venv/lib/python3.11/site-packages/airflow/example_dags/plugins/event_listener.py
[2024-05-28T16:44:12.124+0200] {processor.py:842} WARNING - No viable dags retrieved from /Users/noejalabert/airflow_venv/lib/python3.11/site-packages/airflow/example_dags/plugins/event_listener.py
[2024-05-28T16:44:12.158+0200] {processor.py:183} INFO - Processing /Users/noejalabert/airflow_venv/lib/python3.11/site-packages/airflow/example_dags/plugins/event_listener.py took 0.037 seconds
[2024-05-28T16:45:36.868+0200] {processor.py:161} INFO - Started process (PID=4179) to work on /Users/noejalabert/airflow_venv/lib/python3.11/site-packages/airflow/example_dags/plugins/event_listener.py
[2024-05-28T16:45:36.870+0200] {processor.py:830} INFO - Processing file /Users/noejalabert/airflow_venv/lib/python3.11/site-packages/airflow/example_dags/plugins/event_listener.py for tasks to queue
[2024-05-28T16:45:36.870+0200] {logging_mixin.py:188} INFO - [2024-05-28T16:45:36.870+0200] {dagbag.py:540} INFO - Filling up the DagBag from /Users/noejalabert/airflow_venv/lib/python3.11/site-packages/airflow/example_dags/plugins/event_listener.py
[2024-05-28T16:45:36.870+0200] {processor.py:842} WARNING - No viable dags retrieved from /Users/noejalabert/airflow_venv/lib/python3.11/site-packages/airflow/example_dags/plugins/event_listener.py
[2024-05-28T16:45:36.905+0200] {processor.py:183} INFO - Processing /Users/noejalabert/airflow_venv/lib/python3.11/site-packages/airflow/example_dags/plugins/event_listener.py took 0.038 seconds
[2024-05-28T16:48:01.970+0200] {processor.py:161} INFO - Started process (PID=4265) to work on /Users/noejalabert/airflow_venv/lib/python3.11/site-packages/airflow/example_dags/plugins/event_listener.py
[2024-05-28T16:48:01.971+0200] {processor.py:830} INFO - Processing file /Users/noejalabert/airflow_venv/lib/python3.11/site-packages/airflow/example_dags/plugins/event_listener.py for tasks to queue
[2024-05-28T16:48:01.971+0200] {logging_mixin.py:188} INFO - [2024-05-28T16:48:01.971+0200] {dagbag.py:540} INFO - Filling up the DagBag from /Users/noejalabert/airflow_venv/lib/python3.11/site-packages/airflow/example_dags/plugins/event_listener.py
[2024-05-28T16:48:01.972+0200] {processor.py:842} WARNING - No viable dags retrieved from /Users/noejalabert/airflow_venv/lib/python3.11/site-packages/airflow/example_dags/plugins/event_listener.py
[2024-05-28T16:48:02.006+0200] {processor.py:183} INFO - Processing /Users/noejalabert/airflow_venv/lib/python3.11/site-packages/airflow/example_dags/plugins/event_listener.py took 0.037 seconds
[2024-05-28T16:49:24.379+0200] {processor.py:161} INFO - Started process (PID=4358) to work on /Users/noejalabert/airflow_venv/lib/python3.11/site-packages/airflow/example_dags/plugins/event_listener.py
[2024-05-28T16:49:24.380+0200] {processor.py:830} INFO - Processing file /Users/noejalabert/airflow_venv/lib/python3.11/site-packages/airflow/example_dags/plugins/event_listener.py for tasks to queue
[2024-05-28T16:49:24.381+0200] {logging_mixin.py:188} INFO - [2024-05-28T16:49:24.380+0200] {dagbag.py:540} INFO - Filling up the DagBag from /Users/noejalabert/airflow_venv/lib/python3.11/site-packages/airflow/example_dags/plugins/event_listener.py
[2024-05-28T16:49:24.381+0200] {processor.py:842} WARNING - No viable dags retrieved from /Users/noejalabert/airflow_venv/lib/python3.11/site-packages/airflow/example_dags/plugins/event_listener.py
[2024-05-28T16:49:24.417+0200] {processor.py:183} INFO - Processing /Users/noejalabert/airflow_venv/lib/python3.11/site-packages/airflow/example_dags/plugins/event_listener.py took 0.040 seconds
[2024-05-28T16:50:46.512+0200] {processor.py:161} INFO - Started process (PID=4440) to work on /Users/noejalabert/airflow_venv/lib/python3.11/site-packages/airflow/example_dags/plugins/event_listener.py
[2024-05-28T16:50:46.513+0200] {processor.py:830} INFO - Processing file /Users/noejalabert/airflow_venv/lib/python3.11/site-packages/airflow/example_dags/plugins/event_listener.py for tasks to queue
[2024-05-28T16:50:46.514+0200] {logging_mixin.py:188} INFO - [2024-05-28T16:50:46.513+0200] {dagbag.py:540} INFO - Filling up the DagBag from /Users/noejalabert/airflow_venv/lib/python3.11/site-packages/airflow/example_dags/plugins/event_listener.py
[2024-05-28T16:50:46.514+0200] {processor.py:842} WARNING - No viable dags retrieved from /Users/noejalabert/airflow_venv/lib/python3.11/site-packages/airflow/example_dags/plugins/event_listener.py
[2024-05-28T16:50:46.553+0200] {processor.py:183} INFO - Processing /Users/noejalabert/airflow_venv/lib/python3.11/site-packages/airflow/example_dags/plugins/event_listener.py took 0.042 seconds
[2024-05-28T16:52:05.693+0200] {processor.py:161} INFO - Started process (PID=4541) to work on /Users/noejalabert/airflow_venv/lib/python3.11/site-packages/airflow/example_dags/plugins/event_listener.py
[2024-05-28T16:52:05.694+0200] {processor.py:830} INFO - Processing file /Users/noejalabert/airflow_venv/lib/python3.11/site-packages/airflow/example_dags/plugins/event_listener.py for tasks to queue
[2024-05-28T16:52:05.694+0200] {logging_mixin.py:188} INFO - [2024-05-28T16:52:05.694+0200] {dagbag.py:540} INFO - Filling up the DagBag from /Users/noejalabert/airflow_venv/lib/python3.11/site-packages/airflow/example_dags/plugins/event_listener.py
[2024-05-28T16:52:05.695+0200] {processor.py:842} WARNING - No viable dags retrieved from /Users/noejalabert/airflow_venv/lib/python3.11/site-packages/airflow/example_dags/plugins/event_listener.py
[2024-05-28T16:52:05.729+0200] {processor.py:183} INFO - Processing /Users/noejalabert/airflow_venv/lib/python3.11/site-packages/airflow/example_dags/plugins/event_listener.py took 0.037 seconds
[2024-05-28T16:53:30.405+0200] {processor.py:161} INFO - Started process (PID=4987) to work on /Users/noejalabert/airflow_venv/lib/python3.11/site-packages/airflow/example_dags/plugins/event_listener.py
[2024-05-28T16:53:30.406+0200] {processor.py:830} INFO - Processing file /Users/noejalabert/airflow_venv/lib/python3.11/site-packages/airflow/example_dags/plugins/event_listener.py for tasks to queue
[2024-05-28T16:53:30.406+0200] {logging_mixin.py:188} INFO - [2024-05-28T16:53:30.406+0200] {dagbag.py:540} INFO - Filling up the DagBag from /Users/noejalabert/airflow_venv/lib/python3.11/site-packages/airflow/example_dags/plugins/event_listener.py
[2024-05-28T16:53:30.407+0200] {processor.py:842} WARNING - No viable dags retrieved from /Users/noejalabert/airflow_venv/lib/python3.11/site-packages/airflow/example_dags/plugins/event_listener.py
[2024-05-28T16:53:30.442+0200] {processor.py:183} INFO - Processing /Users/noejalabert/airflow_venv/lib/python3.11/site-packages/airflow/example_dags/plugins/event_listener.py took 0.038 seconds
[2024-05-28T16:54:52.599+0200] {processor.py:161} INFO - Started process (PID=5223) to work on /Users/noejalabert/airflow_venv/lib/python3.11/site-packages/airflow/example_dags/plugins/event_listener.py
[2024-05-28T16:54:52.600+0200] {processor.py:830} INFO - Processing file /Users/noejalabert/airflow_venv/lib/python3.11/site-packages/airflow/example_dags/plugins/event_listener.py for tasks to queue
[2024-05-28T16:54:52.600+0200] {logging_mixin.py:188} INFO - [2024-05-28T16:54:52.600+0200] {dagbag.py:540} INFO - Filling up the DagBag from /Users/noejalabert/airflow_venv/lib/python3.11/site-packages/airflow/example_dags/plugins/event_listener.py
[2024-05-28T16:54:52.601+0200] {processor.py:842} WARNING - No viable dags retrieved from /Users/noejalabert/airflow_venv/lib/python3.11/site-packages/airflow/example_dags/plugins/event_listener.py
[2024-05-28T16:54:52.635+0200] {processor.py:183} INFO - Processing /Users/noejalabert/airflow_venv/lib/python3.11/site-packages/airflow/example_dags/plugins/event_listener.py took 0.037 seconds
[2024-05-28T16:56:17.043+0200] {processor.py:161} INFO - Started process (PID=5300) to work on /Users/noejalabert/airflow_venv/lib/python3.11/site-packages/airflow/example_dags/plugins/event_listener.py
[2024-05-28T16:56:17.043+0200] {processor.py:830} INFO - Processing file /Users/noejalabert/airflow_venv/lib/python3.11/site-packages/airflow/example_dags/plugins/event_listener.py for tasks to queue
[2024-05-28T16:56:17.044+0200] {logging_mixin.py:188} INFO - [2024-05-28T16:56:17.044+0200] {dagbag.py:540} INFO - Filling up the DagBag from /Users/noejalabert/airflow_venv/lib/python3.11/site-packages/airflow/example_dags/plugins/event_listener.py
[2024-05-28T16:56:17.044+0200] {processor.py:842} WARNING - No viable dags retrieved from /Users/noejalabert/airflow_venv/lib/python3.11/site-packages/airflow/example_dags/plugins/event_listener.py
[2024-05-28T16:56:17.079+0200] {processor.py:183} INFO - Processing /Users/noejalabert/airflow_venv/lib/python3.11/site-packages/airflow/example_dags/plugins/event_listener.py took 0.037 seconds
[2024-05-28T16:57:42.580+0200] {processor.py:161} INFO - Started process (PID=5490) to work on /Users/noejalabert/airflow_venv/lib/python3.11/site-packages/airflow/example_dags/plugins/event_listener.py
[2024-05-28T16:57:42.580+0200] {processor.py:830} INFO - Processing file /Users/noejalabert/airflow_venv/lib/python3.11/site-packages/airflow/example_dags/plugins/event_listener.py for tasks to queue
[2024-05-28T16:57:42.580+0200] {logging_mixin.py:188} INFO - [2024-05-28T16:57:42.580+0200] {dagbag.py:540} INFO - Filling up the DagBag from /Users/noejalabert/airflow_venv/lib/python3.11/site-packages/airflow/example_dags/plugins/event_listener.py
[2024-05-28T16:57:42.581+0200] {processor.py:842} WARNING - No viable dags retrieved from /Users/noejalabert/airflow_venv/lib/python3.11/site-packages/airflow/example_dags/plugins/event_listener.py
[2024-05-28T16:57:42.615+0200] {processor.py:183} INFO - Processing /Users/noejalabert/airflow_venv/lib/python3.11/site-packages/airflow/example_dags/plugins/event_listener.py took 0.037 seconds
[2024-05-28T16:59:10.642+0200] {processor.py:161} INFO - Started process (PID=5617) to work on /Users/noejalabert/airflow_venv/lib/python3.11/site-packages/airflow/example_dags/plugins/event_listener.py
[2024-05-28T16:59:10.643+0200] {processor.py:830} INFO - Processing file /Users/noejalabert/airflow_venv/lib/python3.11/site-packages/airflow/example_dags/plugins/event_listener.py for tasks to queue
[2024-05-28T16:59:10.643+0200] {logging_mixin.py:188} INFO - [2024-05-28T16:59:10.643+0200] {dagbag.py:540} INFO - Filling up the DagBag from /Users/noejalabert/airflow_venv/lib/python3.11/site-packages/airflow/example_dags/plugins/event_listener.py
[2024-05-28T16:59:10.643+0200] {processor.py:842} WARNING - No viable dags retrieved from /Users/noejalabert/airflow_venv/lib/python3.11/site-packages/airflow/example_dags/plugins/event_listener.py
[2024-05-28T16:59:10.678+0200] {processor.py:183} INFO - Processing /Users/noejalabert/airflow_venv/lib/python3.11/site-packages/airflow/example_dags/plugins/event_listener.py took 0.037 seconds
[2024-05-28T17:00:36.062+0200] {processor.py:161} INFO - Started process (PID=6048) to work on /Users/noejalabert/airflow_venv/lib/python3.11/site-packages/airflow/example_dags/plugins/event_listener.py
[2024-05-28T17:00:36.063+0200] {processor.py:830} INFO - Processing file /Users/noejalabert/airflow_venv/lib/python3.11/site-packages/airflow/example_dags/plugins/event_listener.py for tasks to queue
[2024-05-28T17:00:36.063+0200] {logging_mixin.py:188} INFO - [2024-05-28T17:00:36.063+0200] {dagbag.py:540} INFO - Filling up the DagBag from /Users/noejalabert/airflow_venv/lib/python3.11/site-packages/airflow/example_dags/plugins/event_listener.py
[2024-05-28T17:00:36.064+0200] {processor.py:842} WARNING - No viable dags retrieved from /Users/noejalabert/airflow_venv/lib/python3.11/site-packages/airflow/example_dags/plugins/event_listener.py
[2024-05-28T17:00:36.100+0200] {processor.py:183} INFO - Processing /Users/noejalabert/airflow_venv/lib/python3.11/site-packages/airflow/example_dags/plugins/event_listener.py took 0.039 seconds
[2024-05-28T17:02:01.658+0200] {processor.py:161} INFO - Started process (PID=6223) to work on /Users/noejalabert/airflow_venv/lib/python3.11/site-packages/airflow/example_dags/plugins/event_listener.py
[2024-05-28T17:02:01.659+0200] {processor.py:830} INFO - Processing file /Users/noejalabert/airflow_venv/lib/python3.11/site-packages/airflow/example_dags/plugins/event_listener.py for tasks to queue
[2024-05-28T17:02:01.659+0200] {logging_mixin.py:188} INFO - [2024-05-28T17:02:01.659+0200] {dagbag.py:540} INFO - Filling up the DagBag from /Users/noejalabert/airflow_venv/lib/python3.11/site-packages/airflow/example_dags/plugins/event_listener.py
[2024-05-28T17:02:01.659+0200] {processor.py:842} WARNING - No viable dags retrieved from /Users/noejalabert/airflow_venv/lib/python3.11/site-packages/airflow/example_dags/plugins/event_listener.py
[2024-05-28T17:02:01.694+0200] {processor.py:183} INFO - Processing /Users/noejalabert/airflow_venv/lib/python3.11/site-packages/airflow/example_dags/plugins/event_listener.py took 0.037 seconds
[2024-05-28T17:03:21.378+0200] {processor.py:161} INFO - Started process (PID=6319) to work on /Users/noejalabert/airflow_venv/lib/python3.11/site-packages/airflow/example_dags/plugins/event_listener.py
[2024-05-28T17:03:21.378+0200] {processor.py:830} INFO - Processing file /Users/noejalabert/airflow_venv/lib/python3.11/site-packages/airflow/example_dags/plugins/event_listener.py for tasks to queue
[2024-05-28T17:03:21.379+0200] {logging_mixin.py:188} INFO - [2024-05-28T17:03:21.379+0200] {dagbag.py:540} INFO - Filling up the DagBag from /Users/noejalabert/airflow_venv/lib/python3.11/site-packages/airflow/example_dags/plugins/event_listener.py
[2024-05-28T17:03:21.379+0200] {processor.py:842} WARNING - No viable dags retrieved from /Users/noejalabert/airflow_venv/lib/python3.11/site-packages/airflow/example_dags/plugins/event_listener.py
[2024-05-28T17:03:21.414+0200] {processor.py:183} INFO - Processing /Users/noejalabert/airflow_venv/lib/python3.11/site-packages/airflow/example_dags/plugins/event_listener.py took 0.038 seconds
[2024-05-28T17:05:44.680+0200] {processor.py:161} INFO - Started process (PID=6400) to work on /Users/noejalabert/airflow_venv/lib/python3.11/site-packages/airflow/example_dags/plugins/event_listener.py
[2024-05-28T17:05:44.681+0200] {processor.py:830} INFO - Processing file /Users/noejalabert/airflow_venv/lib/python3.11/site-packages/airflow/example_dags/plugins/event_listener.py for tasks to queue
[2024-05-28T17:05:44.681+0200] {logging_mixin.py:188} INFO - [2024-05-28T17:05:44.681+0200] {dagbag.py:540} INFO - Filling up the DagBag from /Users/noejalabert/airflow_venv/lib/python3.11/site-packages/airflow/example_dags/plugins/event_listener.py
[2024-05-28T17:05:44.681+0200] {processor.py:842} WARNING - No viable dags retrieved from /Users/noejalabert/airflow_venv/lib/python3.11/site-packages/airflow/example_dags/plugins/event_listener.py
[2024-05-28T17:05:44.715+0200] {processor.py:183} INFO - Processing /Users/noejalabert/airflow_venv/lib/python3.11/site-packages/airflow/example_dags/plugins/event_listener.py took 0.037 seconds
[2024-05-28T17:09:58.887+0200] {processor.py:161} INFO - Started process (PID=6516) to work on /Users/noejalabert/airflow_venv/lib/python3.11/site-packages/airflow/example_dags/plugins/event_listener.py
[2024-05-28T17:09:58.887+0200] {processor.py:830} INFO - Processing file /Users/noejalabert/airflow_venv/lib/python3.11/site-packages/airflow/example_dags/plugins/event_listener.py for tasks to queue
[2024-05-28T17:09:58.888+0200] {logging_mixin.py:188} INFO - [2024-05-28T17:09:58.887+0200] {dagbag.py:540} INFO - Filling up the DagBag from /Users/noejalabert/airflow_venv/lib/python3.11/site-packages/airflow/example_dags/plugins/event_listener.py
[2024-05-28T17:09:58.888+0200] {processor.py:842} WARNING - No viable dags retrieved from /Users/noejalabert/airflow_venv/lib/python3.11/site-packages/airflow/example_dags/plugins/event_listener.py
[2024-05-28T17:09:58.922+0200] {processor.py:183} INFO - Processing /Users/noejalabert/airflow_venv/lib/python3.11/site-packages/airflow/example_dags/plugins/event_listener.py took 0.036 seconds
[2024-05-28T17:51:55.863+0200] {processor.py:161} INFO - Started process (PID=6700) to work on /Users/noejalabert/airflow_venv/lib/python3.11/site-packages/airflow/example_dags/plugins/event_listener.py
[2024-05-28T17:51:55.864+0200] {processor.py:830} INFO - Processing file /Users/noejalabert/airflow_venv/lib/python3.11/site-packages/airflow/example_dags/plugins/event_listener.py for tasks to queue
[2024-05-28T17:51:55.864+0200] {logging_mixin.py:188} INFO - [2024-05-28T17:51:55.864+0200] {dagbag.py:540} INFO - Filling up the DagBag from /Users/noejalabert/airflow_venv/lib/python3.11/site-packages/airflow/example_dags/plugins/event_listener.py
[2024-05-28T17:51:55.865+0200] {processor.py:842} WARNING - No viable dags retrieved from /Users/noejalabert/airflow_venv/lib/python3.11/site-packages/airflow/example_dags/plugins/event_listener.py
[2024-05-28T17:51:55.898+0200] {processor.py:183} INFO - Processing /Users/noejalabert/airflow_venv/lib/python3.11/site-packages/airflow/example_dags/plugins/event_listener.py took 0.037 seconds
[2024-05-28T17:58:39.186+0200] {processor.py:161} INFO - Started process (PID=6844) to work on /Users/noejalabert/airflow_venv/lib/python3.11/site-packages/airflow/example_dags/plugins/event_listener.py
[2024-05-28T17:58:39.186+0200] {processor.py:830} INFO - Processing file /Users/noejalabert/airflow_venv/lib/python3.11/site-packages/airflow/example_dags/plugins/event_listener.py for tasks to queue
[2024-05-28T17:58:39.186+0200] {logging_mixin.py:188} INFO - [2024-05-28T17:58:39.186+0200] {dagbag.py:540} INFO - Filling up the DagBag from /Users/noejalabert/airflow_venv/lib/python3.11/site-packages/airflow/example_dags/plugins/event_listener.py
[2024-05-28T17:58:39.187+0200] {processor.py:842} WARNING - No viable dags retrieved from /Users/noejalabert/airflow_venv/lib/python3.11/site-packages/airflow/example_dags/plugins/event_listener.py
[2024-05-28T17:58:39.221+0200] {processor.py:183} INFO - Processing /Users/noejalabert/airflow_venv/lib/python3.11/site-packages/airflow/example_dags/plugins/event_listener.py took 0.036 seconds
[2024-05-28T18:20:56.853+0200] {processor.py:161} INFO - Started process (PID=6994) to work on /Users/noejalabert/airflow_venv/lib/python3.11/site-packages/airflow/example_dags/plugins/event_listener.py
[2024-05-28T18:20:56.853+0200] {processor.py:830} INFO - Processing file /Users/noejalabert/airflow_venv/lib/python3.11/site-packages/airflow/example_dags/plugins/event_listener.py for tasks to queue
[2024-05-28T18:20:56.853+0200] {logging_mixin.py:188} INFO - [2024-05-28T18:20:56.853+0200] {dagbag.py:540} INFO - Filling up the DagBag from /Users/noejalabert/airflow_venv/lib/python3.11/site-packages/airflow/example_dags/plugins/event_listener.py
[2024-05-28T18:20:56.854+0200] {processor.py:842} WARNING - No viable dags retrieved from /Users/noejalabert/airflow_venv/lib/python3.11/site-packages/airflow/example_dags/plugins/event_listener.py
[2024-05-28T18:20:56.888+0200] {processor.py:183} INFO - Processing /Users/noejalabert/airflow_venv/lib/python3.11/site-packages/airflow/example_dags/plugins/event_listener.py took 0.037 seconds
[2024-05-28T18:22:25.547+0200] {processor.py:161} INFO - Started process (PID=7286) to work on /Users/noejalabert/airflow_venv/lib/python3.11/site-packages/airflow/example_dags/plugins/event_listener.py
[2024-05-28T18:22:25.547+0200] {processor.py:830} INFO - Processing file /Users/noejalabert/airflow_venv/lib/python3.11/site-packages/airflow/example_dags/plugins/event_listener.py for tasks to queue
[2024-05-28T18:22:25.547+0200] {logging_mixin.py:188} INFO - [2024-05-28T18:22:25.547+0200] {dagbag.py:540} INFO - Filling up the DagBag from /Users/noejalabert/airflow_venv/lib/python3.11/site-packages/airflow/example_dags/plugins/event_listener.py
[2024-05-28T18:22:25.548+0200] {processor.py:842} WARNING - No viable dags retrieved from /Users/noejalabert/airflow_venv/lib/python3.11/site-packages/airflow/example_dags/plugins/event_listener.py
[2024-05-28T18:22:25.582+0200] {processor.py:183} INFO - Processing /Users/noejalabert/airflow_venv/lib/python3.11/site-packages/airflow/example_dags/plugins/event_listener.py took 0.037 seconds
[2024-05-28T18:23:49.200+0200] {processor.py:161} INFO - Started process (PID=7354) to work on /Users/noejalabert/airflow_venv/lib/python3.11/site-packages/airflow/example_dags/plugins/event_listener.py
[2024-05-28T18:23:49.200+0200] {processor.py:830} INFO - Processing file /Users/noejalabert/airflow_venv/lib/python3.11/site-packages/airflow/example_dags/plugins/event_listener.py for tasks to queue
[2024-05-28T18:23:49.200+0200] {logging_mixin.py:188} INFO - [2024-05-28T18:23:49.200+0200] {dagbag.py:540} INFO - Filling up the DagBag from /Users/noejalabert/airflow_venv/lib/python3.11/site-packages/airflow/example_dags/plugins/event_listener.py
[2024-05-28T18:23:49.201+0200] {processor.py:842} WARNING - No viable dags retrieved from /Users/noejalabert/airflow_venv/lib/python3.11/site-packages/airflow/example_dags/plugins/event_listener.py
[2024-05-28T18:23:49.236+0200] {processor.py:183} INFO - Processing /Users/noejalabert/airflow_venv/lib/python3.11/site-packages/airflow/example_dags/plugins/event_listener.py took 0.038 seconds
[2024-05-28T18:25:09.741+0200] {processor.py:161} INFO - Started process (PID=7436) to work on /Users/noejalabert/airflow_venv/lib/python3.11/site-packages/airflow/example_dags/plugins/event_listener.py
[2024-05-28T18:25:09.742+0200] {processor.py:830} INFO - Processing file /Users/noejalabert/airflow_venv/lib/python3.11/site-packages/airflow/example_dags/plugins/event_listener.py for tasks to queue
[2024-05-28T18:25:09.742+0200] {logging_mixin.py:188} INFO - [2024-05-28T18:25:09.742+0200] {dagbag.py:540} INFO - Filling up the DagBag from /Users/noejalabert/airflow_venv/lib/python3.11/site-packages/airflow/example_dags/plugins/event_listener.py
[2024-05-28T18:25:09.743+0200] {processor.py:842} WARNING - No viable dags retrieved from /Users/noejalabert/airflow_venv/lib/python3.11/site-packages/airflow/example_dags/plugins/event_listener.py
[2024-05-28T18:25:09.777+0200] {processor.py:183} INFO - Processing /Users/noejalabert/airflow_venv/lib/python3.11/site-packages/airflow/example_dags/plugins/event_listener.py took 0.037 seconds
[2024-05-28T18:26:33.716+0200] {processor.py:161} INFO - Started process (PID=7509) to work on /Users/noejalabert/airflow_venv/lib/python3.11/site-packages/airflow/example_dags/plugins/event_listener.py
[2024-05-28T18:26:33.717+0200] {processor.py:830} INFO - Processing file /Users/noejalabert/airflow_venv/lib/python3.11/site-packages/airflow/example_dags/plugins/event_listener.py for tasks to queue
[2024-05-28T18:26:33.717+0200] {logging_mixin.py:188} INFO - [2024-05-28T18:26:33.717+0200] {dagbag.py:540} INFO - Filling up the DagBag from /Users/noejalabert/airflow_venv/lib/python3.11/site-packages/airflow/example_dags/plugins/event_listener.py
[2024-05-28T18:26:33.718+0200] {processor.py:842} WARNING - No viable dags retrieved from /Users/noejalabert/airflow_venv/lib/python3.11/site-packages/airflow/example_dags/plugins/event_listener.py
[2024-05-28T18:26:33.752+0200] {processor.py:183} INFO - Processing /Users/noejalabert/airflow_venv/lib/python3.11/site-packages/airflow/example_dags/plugins/event_listener.py took 0.037 seconds
[2024-05-28T18:27:53.453+0200] {processor.py:161} INFO - Started process (PID=7585) to work on /Users/noejalabert/airflow_venv/lib/python3.11/site-packages/airflow/example_dags/plugins/event_listener.py
[2024-05-28T18:27:53.453+0200] {processor.py:830} INFO - Processing file /Users/noejalabert/airflow_venv/lib/python3.11/site-packages/airflow/example_dags/plugins/event_listener.py for tasks to queue
[2024-05-28T18:27:53.453+0200] {logging_mixin.py:188} INFO - [2024-05-28T18:27:53.453+0200] {dagbag.py:540} INFO - Filling up the DagBag from /Users/noejalabert/airflow_venv/lib/python3.11/site-packages/airflow/example_dags/plugins/event_listener.py
[2024-05-28T18:27:53.454+0200] {processor.py:842} WARNING - No viable dags retrieved from /Users/noejalabert/airflow_venv/lib/python3.11/site-packages/airflow/example_dags/plugins/event_listener.py
[2024-05-28T18:27:53.488+0200] {processor.py:183} INFO - Processing /Users/noejalabert/airflow_venv/lib/python3.11/site-packages/airflow/example_dags/plugins/event_listener.py took 0.037 seconds
[2024-05-28T18:29:17.935+0200] {processor.py:161} INFO - Started process (PID=7650) to work on /Users/noejalabert/airflow_venv/lib/python3.11/site-packages/airflow/example_dags/plugins/event_listener.py
[2024-05-28T18:29:17.935+0200] {processor.py:830} INFO - Processing file /Users/noejalabert/airflow_venv/lib/python3.11/site-packages/airflow/example_dags/plugins/event_listener.py for tasks to queue
[2024-05-28T18:29:17.936+0200] {logging_mixin.py:188} INFO - [2024-05-28T18:29:17.936+0200] {dagbag.py:540} INFO - Filling up the DagBag from /Users/noejalabert/airflow_venv/lib/python3.11/site-packages/airflow/example_dags/plugins/event_listener.py
[2024-05-28T18:29:17.936+0200] {processor.py:842} WARNING - No viable dags retrieved from /Users/noejalabert/airflow_venv/lib/python3.11/site-packages/airflow/example_dags/plugins/event_listener.py
[2024-05-28T18:29:17.971+0200] {processor.py:183} INFO - Processing /Users/noejalabert/airflow_venv/lib/python3.11/site-packages/airflow/example_dags/plugins/event_listener.py took 0.037 seconds
[2024-05-28T18:54:00.072+0200] {processor.py:161} INFO - Started process (PID=7811) to work on /Users/noejalabert/airflow_venv/lib/python3.11/site-packages/airflow/example_dags/plugins/event_listener.py
[2024-05-28T18:54:00.074+0200] {processor.py:830} INFO - Processing file /Users/noejalabert/airflow_venv/lib/python3.11/site-packages/airflow/example_dags/plugins/event_listener.py for tasks to queue
[2024-05-28T18:54:00.074+0200] {logging_mixin.py:188} INFO - [2024-05-28T18:54:00.074+0200] {dagbag.py:540} INFO - Filling up the DagBag from /Users/noejalabert/airflow_venv/lib/python3.11/site-packages/airflow/example_dags/plugins/event_listener.py
[2024-05-28T18:54:00.074+0200] {processor.py:842} WARNING - No viable dags retrieved from /Users/noejalabert/airflow_venv/lib/python3.11/site-packages/airflow/example_dags/plugins/event_listener.py
[2024-05-28T18:54:00.109+0200] {processor.py:183} INFO - Processing /Users/noejalabert/airflow_venv/lib/python3.11/site-packages/airflow/example_dags/plugins/event_listener.py took 0.038 seconds
[2024-05-28T18:55:25.376+0200] {processor.py:161} INFO - Started process (PID=7884) to work on /Users/noejalabert/airflow_venv/lib/python3.11/site-packages/airflow/example_dags/plugins/event_listener.py
[2024-05-28T18:55:25.376+0200] {processor.py:830} INFO - Processing file /Users/noejalabert/airflow_venv/lib/python3.11/site-packages/airflow/example_dags/plugins/event_listener.py for tasks to queue
[2024-05-28T18:55:25.377+0200] {logging_mixin.py:188} INFO - [2024-05-28T18:55:25.377+0200] {dagbag.py:540} INFO - Filling up the DagBag from /Users/noejalabert/airflow_venv/lib/python3.11/site-packages/airflow/example_dags/plugins/event_listener.py
[2024-05-28T18:55:25.377+0200] {processor.py:842} WARNING - No viable dags retrieved from /Users/noejalabert/airflow_venv/lib/python3.11/site-packages/airflow/example_dags/plugins/event_listener.py
[2024-05-28T18:55:25.411+0200] {processor.py:183} INFO - Processing /Users/noejalabert/airflow_venv/lib/python3.11/site-packages/airflow/example_dags/plugins/event_listener.py took 0.037 seconds
[2024-05-28T18:56:46.202+0200] {processor.py:161} INFO - Started process (PID=7958) to work on /Users/noejalabert/airflow_venv/lib/python3.11/site-packages/airflow/example_dags/plugins/event_listener.py
[2024-05-28T18:56:46.202+0200] {processor.py:830} INFO - Processing file /Users/noejalabert/airflow_venv/lib/python3.11/site-packages/airflow/example_dags/plugins/event_listener.py for tasks to queue
[2024-05-28T18:56:46.202+0200] {logging_mixin.py:188} INFO - [2024-05-28T18:56:46.202+0200] {dagbag.py:540} INFO - Filling up the DagBag from /Users/noejalabert/airflow_venv/lib/python3.11/site-packages/airflow/example_dags/plugins/event_listener.py
[2024-05-28T18:56:46.203+0200] {processor.py:842} WARNING - No viable dags retrieved from /Users/noejalabert/airflow_venv/lib/python3.11/site-packages/airflow/example_dags/plugins/event_listener.py
[2024-05-28T18:56:46.237+0200] {processor.py:183} INFO - Processing /Users/noejalabert/airflow_venv/lib/python3.11/site-packages/airflow/example_dags/plugins/event_listener.py took 0.037 seconds
[2024-05-28T18:58:09.862+0200] {processor.py:161} INFO - Started process (PID=8036) to work on /Users/noejalabert/airflow_venv/lib/python3.11/site-packages/airflow/example_dags/plugins/event_listener.py
[2024-05-28T18:58:09.862+0200] {processor.py:830} INFO - Processing file /Users/noejalabert/airflow_venv/lib/python3.11/site-packages/airflow/example_dags/plugins/event_listener.py for tasks to queue
[2024-05-28T18:58:09.863+0200] {logging_mixin.py:188} INFO - [2024-05-28T18:58:09.863+0200] {dagbag.py:540} INFO - Filling up the DagBag from /Users/noejalabert/airflow_venv/lib/python3.11/site-packages/airflow/example_dags/plugins/event_listener.py
[2024-05-28T18:58:09.863+0200] {processor.py:842} WARNING - No viable dags retrieved from /Users/noejalabert/airflow_venv/lib/python3.11/site-packages/airflow/example_dags/plugins/event_listener.py
[2024-05-28T18:58:09.897+0200] {processor.py:183} INFO - Processing /Users/noejalabert/airflow_venv/lib/python3.11/site-packages/airflow/example_dags/plugins/event_listener.py took 0.037 seconds
[2024-05-28T18:59:34.121+0200] {processor.py:161} INFO - Started process (PID=8103) to work on /Users/noejalabert/airflow_venv/lib/python3.11/site-packages/airflow/example_dags/plugins/event_listener.py
[2024-05-28T18:59:34.121+0200] {processor.py:830} INFO - Processing file /Users/noejalabert/airflow_venv/lib/python3.11/site-packages/airflow/example_dags/plugins/event_listener.py for tasks to queue
[2024-05-28T18:59:34.122+0200] {logging_mixin.py:188} INFO - [2024-05-28T18:59:34.122+0200] {dagbag.py:540} INFO - Filling up the DagBag from /Users/noejalabert/airflow_venv/lib/python3.11/site-packages/airflow/example_dags/plugins/event_listener.py
[2024-05-28T18:59:34.122+0200] {processor.py:842} WARNING - No viable dags retrieved from /Users/noejalabert/airflow_venv/lib/python3.11/site-packages/airflow/example_dags/plugins/event_listener.py
[2024-05-28T18:59:34.157+0200] {processor.py:183} INFO - Processing /Users/noejalabert/airflow_venv/lib/python3.11/site-packages/airflow/example_dags/plugins/event_listener.py took 0.037 seconds
[2024-05-28T19:00:58.815+0200] {processor.py:161} INFO - Started process (PID=8181) to work on /Users/noejalabert/airflow_venv/lib/python3.11/site-packages/airflow/example_dags/plugins/event_listener.py
[2024-05-28T19:00:58.816+0200] {processor.py:830} INFO - Processing file /Users/noejalabert/airflow_venv/lib/python3.11/site-packages/airflow/example_dags/plugins/event_listener.py for tasks to queue
[2024-05-28T19:00:58.816+0200] {logging_mixin.py:188} INFO - [2024-05-28T19:00:58.816+0200] {dagbag.py:540} INFO - Filling up the DagBag from /Users/noejalabert/airflow_venv/lib/python3.11/site-packages/airflow/example_dags/plugins/event_listener.py
[2024-05-28T19:00:58.816+0200] {processor.py:842} WARNING - No viable dags retrieved from /Users/noejalabert/airflow_venv/lib/python3.11/site-packages/airflow/example_dags/plugins/event_listener.py
[2024-05-28T19:00:58.851+0200] {processor.py:183} INFO - Processing /Users/noejalabert/airflow_venv/lib/python3.11/site-packages/airflow/example_dags/plugins/event_listener.py took 0.037 seconds
[2024-05-28T19:02:19.992+0200] {processor.py:161} INFO - Started process (PID=8256) to work on /Users/noejalabert/airflow_venv/lib/python3.11/site-packages/airflow/example_dags/plugins/event_listener.py
[2024-05-28T19:02:19.993+0200] {processor.py:830} INFO - Processing file /Users/noejalabert/airflow_venv/lib/python3.11/site-packages/airflow/example_dags/plugins/event_listener.py for tasks to queue
[2024-05-28T19:02:19.993+0200] {logging_mixin.py:188} INFO - [2024-05-28T19:02:19.993+0200] {dagbag.py:540} INFO - Filling up the DagBag from /Users/noejalabert/airflow_venv/lib/python3.11/site-packages/airflow/example_dags/plugins/event_listener.py
[2024-05-28T19:02:19.993+0200] {processor.py:842} WARNING - No viable dags retrieved from /Users/noejalabert/airflow_venv/lib/python3.11/site-packages/airflow/example_dags/plugins/event_listener.py
[2024-05-28T19:02:20.028+0200] {processor.py:183} INFO - Processing /Users/noejalabert/airflow_venv/lib/python3.11/site-packages/airflow/example_dags/plugins/event_listener.py took 0.037 seconds
[2024-05-28T19:03:44.574+0200] {processor.py:161} INFO - Started process (PID=8349) to work on /Users/noejalabert/airflow_venv/lib/python3.11/site-packages/airflow/example_dags/plugins/event_listener.py
[2024-05-28T19:03:44.574+0200] {processor.py:830} INFO - Processing file /Users/noejalabert/airflow_venv/lib/python3.11/site-packages/airflow/example_dags/plugins/event_listener.py for tasks to queue
[2024-05-28T19:03:44.574+0200] {logging_mixin.py:188} INFO - [2024-05-28T19:03:44.574+0200] {dagbag.py:540} INFO - Filling up the DagBag from /Users/noejalabert/airflow_venv/lib/python3.11/site-packages/airflow/example_dags/plugins/event_listener.py
[2024-05-28T19:03:44.575+0200] {processor.py:842} WARNING - No viable dags retrieved from /Users/noejalabert/airflow_venv/lib/python3.11/site-packages/airflow/example_dags/plugins/event_listener.py
[2024-05-28T19:03:44.609+0200] {processor.py:183} INFO - Processing /Users/noejalabert/airflow_venv/lib/python3.11/site-packages/airflow/example_dags/plugins/event_listener.py took 0.037 seconds
[2024-05-28T19:05:07.244+0200] {processor.py:161} INFO - Started process (PID=8423) to work on /Users/noejalabert/airflow_venv/lib/python3.11/site-packages/airflow/example_dags/plugins/event_listener.py
[2024-05-28T19:05:07.244+0200] {processor.py:830} INFO - Processing file /Users/noejalabert/airflow_venv/lib/python3.11/site-packages/airflow/example_dags/plugins/event_listener.py for tasks to queue
[2024-05-28T19:05:07.245+0200] {logging_mixin.py:188} INFO - [2024-05-28T19:05:07.245+0200] {dagbag.py:540} INFO - Filling up the DagBag from /Users/noejalabert/airflow_venv/lib/python3.11/site-packages/airflow/example_dags/plugins/event_listener.py
[2024-05-28T19:05:07.245+0200] {processor.py:842} WARNING - No viable dags retrieved from /Users/noejalabert/airflow_venv/lib/python3.11/site-packages/airflow/example_dags/plugins/event_listener.py
[2024-05-28T19:05:07.280+0200] {processor.py:183} INFO - Processing /Users/noejalabert/airflow_venv/lib/python3.11/site-packages/airflow/example_dags/plugins/event_listener.py took 0.037 seconds
[2024-05-28T19:06:25.808+0200] {processor.py:161} INFO - Started process (PID=8490) to work on /Users/noejalabert/airflow_venv/lib/python3.11/site-packages/airflow/example_dags/plugins/event_listener.py
[2024-05-28T19:06:25.808+0200] {processor.py:830} INFO - Processing file /Users/noejalabert/airflow_venv/lib/python3.11/site-packages/airflow/example_dags/plugins/event_listener.py for tasks to queue
[2024-05-28T19:06:25.808+0200] {logging_mixin.py:188} INFO - [2024-05-28T19:06:25.808+0200] {dagbag.py:540} INFO - Filling up the DagBag from /Users/noejalabert/airflow_venv/lib/python3.11/site-packages/airflow/example_dags/plugins/event_listener.py
[2024-05-28T19:06:25.809+0200] {processor.py:842} WARNING - No viable dags retrieved from /Users/noejalabert/airflow_venv/lib/python3.11/site-packages/airflow/example_dags/plugins/event_listener.py
[2024-05-28T19:06:25.843+0200] {processor.py:183} INFO - Processing /Users/noejalabert/airflow_venv/lib/python3.11/site-packages/airflow/example_dags/plugins/event_listener.py took 0.037 seconds
[2024-05-28T19:07:51.056+0200] {processor.py:161} INFO - Started process (PID=8564) to work on /Users/noejalabert/airflow_venv/lib/python3.11/site-packages/airflow/example_dags/plugins/event_listener.py
[2024-05-28T19:07:51.056+0200] {processor.py:830} INFO - Processing file /Users/noejalabert/airflow_venv/lib/python3.11/site-packages/airflow/example_dags/plugins/event_listener.py for tasks to queue
[2024-05-28T19:07:51.057+0200] {logging_mixin.py:188} INFO - [2024-05-28T19:07:51.057+0200] {dagbag.py:540} INFO - Filling up the DagBag from /Users/noejalabert/airflow_venv/lib/python3.11/site-packages/airflow/example_dags/plugins/event_listener.py
[2024-05-28T19:07:51.057+0200] {processor.py:842} WARNING - No viable dags retrieved from /Users/noejalabert/airflow_venv/lib/python3.11/site-packages/airflow/example_dags/plugins/event_listener.py
[2024-05-28T19:07:51.093+0200] {processor.py:183} INFO - Processing /Users/noejalabert/airflow_venv/lib/python3.11/site-packages/airflow/example_dags/plugins/event_listener.py took 0.038 seconds
[2024-05-28T19:09:16.609+0200] {processor.py:161} INFO - Started process (PID=8634) to work on /Users/noejalabert/airflow_venv/lib/python3.11/site-packages/airflow/example_dags/plugins/event_listener.py
[2024-05-28T19:09:16.609+0200] {processor.py:830} INFO - Processing file /Users/noejalabert/airflow_venv/lib/python3.11/site-packages/airflow/example_dags/plugins/event_listener.py for tasks to queue
[2024-05-28T19:09:16.610+0200] {logging_mixin.py:188} INFO - [2024-05-28T19:09:16.610+0200] {dagbag.py:540} INFO - Filling up the DagBag from /Users/noejalabert/airflow_venv/lib/python3.11/site-packages/airflow/example_dags/plugins/event_listener.py
[2024-05-28T19:09:16.610+0200] {processor.py:842} WARNING - No viable dags retrieved from /Users/noejalabert/airflow_venv/lib/python3.11/site-packages/airflow/example_dags/plugins/event_listener.py
[2024-05-28T19:09:16.645+0200] {processor.py:183} INFO - Processing /Users/noejalabert/airflow_venv/lib/python3.11/site-packages/airflow/example_dags/plugins/event_listener.py took 0.038 seconds
[2024-05-28T19:10:41.982+0200] {processor.py:161} INFO - Started process (PID=8704) to work on /Users/noejalabert/airflow_venv/lib/python3.11/site-packages/airflow/example_dags/plugins/event_listener.py
[2024-05-28T19:10:41.983+0200] {processor.py:830} INFO - Processing file /Users/noejalabert/airflow_venv/lib/python3.11/site-packages/airflow/example_dags/plugins/event_listener.py for tasks to queue
[2024-05-28T19:10:41.983+0200] {logging_mixin.py:188} INFO - [2024-05-28T19:10:41.983+0200] {dagbag.py:540} INFO - Filling up the DagBag from /Users/noejalabert/airflow_venv/lib/python3.11/site-packages/airflow/example_dags/plugins/event_listener.py
[2024-05-28T19:10:41.984+0200] {processor.py:842} WARNING - No viable dags retrieved from /Users/noejalabert/airflow_venv/lib/python3.11/site-packages/airflow/example_dags/plugins/event_listener.py
[2024-05-28T19:10:42.019+0200] {processor.py:183} INFO - Processing /Users/noejalabert/airflow_venv/lib/python3.11/site-packages/airflow/example_dags/plugins/event_listener.py took 0.038 seconds
[2024-05-28T19:12:15.645+0200] {processor.py:161} INFO - Started process (PID=8777) to work on /Users/noejalabert/airflow_venv/lib/python3.11/site-packages/airflow/example_dags/plugins/event_listener.py
[2024-05-28T19:12:15.646+0200] {processor.py:830} INFO - Processing file /Users/noejalabert/airflow_venv/lib/python3.11/site-packages/airflow/example_dags/plugins/event_listener.py for tasks to queue
[2024-05-28T19:12:15.646+0200] {logging_mixin.py:188} INFO - [2024-05-28T19:12:15.646+0200] {dagbag.py:540} INFO - Filling up the DagBag from /Users/noejalabert/airflow_venv/lib/python3.11/site-packages/airflow/example_dags/plugins/event_listener.py
[2024-05-28T19:12:15.647+0200] {processor.py:842} WARNING - No viable dags retrieved from /Users/noejalabert/airflow_venv/lib/python3.11/site-packages/airflow/example_dags/plugins/event_listener.py
[2024-05-28T19:12:15.681+0200] {processor.py:183} INFO - Processing /Users/noejalabert/airflow_venv/lib/python3.11/site-packages/airflow/example_dags/plugins/event_listener.py took 0.037 seconds
[2024-05-28T19:13:40.336+0200] {processor.py:161} INFO - Started process (PID=8862) to work on /Users/noejalabert/airflow_venv/lib/python3.11/site-packages/airflow/example_dags/plugins/event_listener.py
[2024-05-28T19:13:40.336+0200] {processor.py:830} INFO - Processing file /Users/noejalabert/airflow_venv/lib/python3.11/site-packages/airflow/example_dags/plugins/event_listener.py for tasks to queue
[2024-05-28T19:13:40.336+0200] {logging_mixin.py:188} INFO - [2024-05-28T19:13:40.336+0200] {dagbag.py:540} INFO - Filling up the DagBag from /Users/noejalabert/airflow_venv/lib/python3.11/site-packages/airflow/example_dags/plugins/event_listener.py
[2024-05-28T19:13:40.337+0200] {processor.py:842} WARNING - No viable dags retrieved from /Users/noejalabert/airflow_venv/lib/python3.11/site-packages/airflow/example_dags/plugins/event_listener.py
[2024-05-28T19:13:40.372+0200] {processor.py:183} INFO - Processing /Users/noejalabert/airflow_venv/lib/python3.11/site-packages/airflow/example_dags/plugins/event_listener.py took 0.038 seconds
[2024-05-28T19:15:04.794+0200] {processor.py:161} INFO - Started process (PID=8938) to work on /Users/noejalabert/airflow_venv/lib/python3.11/site-packages/airflow/example_dags/plugins/event_listener.py
[2024-05-28T19:15:04.794+0200] {processor.py:830} INFO - Processing file /Users/noejalabert/airflow_venv/lib/python3.11/site-packages/airflow/example_dags/plugins/event_listener.py for tasks to queue
[2024-05-28T19:15:04.795+0200] {logging_mixin.py:188} INFO - [2024-05-28T19:15:04.795+0200] {dagbag.py:540} INFO - Filling up the DagBag from /Users/noejalabert/airflow_venv/lib/python3.11/site-packages/airflow/example_dags/plugins/event_listener.py
[2024-05-28T19:15:04.795+0200] {processor.py:842} WARNING - No viable dags retrieved from /Users/noejalabert/airflow_venv/lib/python3.11/site-packages/airflow/example_dags/plugins/event_listener.py
[2024-05-28T19:15:04.830+0200] {processor.py:183} INFO - Processing /Users/noejalabert/airflow_venv/lib/python3.11/site-packages/airflow/example_dags/plugins/event_listener.py took 0.038 seconds
[2024-05-28T19:16:34.701+0200] {processor.py:161} INFO - Started process (PID=9009) to work on /Users/noejalabert/airflow_venv/lib/python3.11/site-packages/airflow/example_dags/plugins/event_listener.py
[2024-05-28T19:16:34.702+0200] {processor.py:830} INFO - Processing file /Users/noejalabert/airflow_venv/lib/python3.11/site-packages/airflow/example_dags/plugins/event_listener.py for tasks to queue
[2024-05-28T19:16:34.702+0200] {logging_mixin.py:188} INFO - [2024-05-28T19:16:34.702+0200] {dagbag.py:540} INFO - Filling up the DagBag from /Users/noejalabert/airflow_venv/lib/python3.11/site-packages/airflow/example_dags/plugins/event_listener.py
[2024-05-28T19:16:34.702+0200] {processor.py:842} WARNING - No viable dags retrieved from /Users/noejalabert/airflow_venv/lib/python3.11/site-packages/airflow/example_dags/plugins/event_listener.py
[2024-05-28T19:16:34.737+0200] {processor.py:183} INFO - Processing /Users/noejalabert/airflow_venv/lib/python3.11/site-packages/airflow/example_dags/plugins/event_listener.py took 0.037 seconds
[2024-05-28T19:18:54.032+0200] {processor.py:161} INFO - Started process (PID=9092) to work on /Users/noejalabert/airflow_venv/lib/python3.11/site-packages/airflow/example_dags/plugins/event_listener.py
[2024-05-28T19:18:54.033+0200] {processor.py:830} INFO - Processing file /Users/noejalabert/airflow_venv/lib/python3.11/site-packages/airflow/example_dags/plugins/event_listener.py for tasks to queue
[2024-05-28T19:18:54.033+0200] {logging_mixin.py:188} INFO - [2024-05-28T19:18:54.033+0200] {dagbag.py:540} INFO - Filling up the DagBag from /Users/noejalabert/airflow_venv/lib/python3.11/site-packages/airflow/example_dags/plugins/event_listener.py
[2024-05-28T19:18:54.033+0200] {processor.py:842} WARNING - No viable dags retrieved from /Users/noejalabert/airflow_venv/lib/python3.11/site-packages/airflow/example_dags/plugins/event_listener.py
[2024-05-28T19:18:54.068+0200] {processor.py:183} INFO - Processing /Users/noejalabert/airflow_venv/lib/python3.11/site-packages/airflow/example_dags/plugins/event_listener.py took 0.037 seconds
[2024-05-28T19:20:18.353+0200] {processor.py:161} INFO - Started process (PID=9180) to work on /Users/noejalabert/airflow_venv/lib/python3.11/site-packages/airflow/example_dags/plugins/event_listener.py
[2024-05-28T19:20:18.354+0200] {processor.py:830} INFO - Processing file /Users/noejalabert/airflow_venv/lib/python3.11/site-packages/airflow/example_dags/plugins/event_listener.py for tasks to queue
[2024-05-28T19:20:18.354+0200] {logging_mixin.py:188} INFO - [2024-05-28T19:20:18.354+0200] {dagbag.py:540} INFO - Filling up the DagBag from /Users/noejalabert/airflow_venv/lib/python3.11/site-packages/airflow/example_dags/plugins/event_listener.py
[2024-05-28T19:20:18.355+0200] {processor.py:842} WARNING - No viable dags retrieved from /Users/noejalabert/airflow_venv/lib/python3.11/site-packages/airflow/example_dags/plugins/event_listener.py
[2024-05-28T19:20:18.389+0200] {processor.py:183} INFO - Processing /Users/noejalabert/airflow_venv/lib/python3.11/site-packages/airflow/example_dags/plugins/event_listener.py took 0.037 seconds
[2024-05-28T19:21:40.249+0200] {processor.py:161} INFO - Started process (PID=9255) to work on /Users/noejalabert/airflow_venv/lib/python3.11/site-packages/airflow/example_dags/plugins/event_listener.py
[2024-05-28T19:21:40.250+0200] {processor.py:830} INFO - Processing file /Users/noejalabert/airflow_venv/lib/python3.11/site-packages/airflow/example_dags/plugins/event_listener.py for tasks to queue
[2024-05-28T19:21:40.250+0200] {logging_mixin.py:188} INFO - [2024-05-28T19:21:40.250+0200] {dagbag.py:540} INFO - Filling up the DagBag from /Users/noejalabert/airflow_venv/lib/python3.11/site-packages/airflow/example_dags/plugins/event_listener.py
[2024-05-28T19:21:40.250+0200] {processor.py:842} WARNING - No viable dags retrieved from /Users/noejalabert/airflow_venv/lib/python3.11/site-packages/airflow/example_dags/plugins/event_listener.py
[2024-05-28T19:21:40.285+0200] {processor.py:183} INFO - Processing /Users/noejalabert/airflow_venv/lib/python3.11/site-packages/airflow/example_dags/plugins/event_listener.py took 0.037 seconds
[2024-05-28T19:23:05.000+0200] {processor.py:161} INFO - Started process (PID=9327) to work on /Users/noejalabert/airflow_venv/lib/python3.11/site-packages/airflow/example_dags/plugins/event_listener.py
[2024-05-28T19:23:05.001+0200] {processor.py:830} INFO - Processing file /Users/noejalabert/airflow_venv/lib/python3.11/site-packages/airflow/example_dags/plugins/event_listener.py for tasks to queue
[2024-05-28T19:23:05.001+0200] {logging_mixin.py:188} INFO - [2024-05-28T19:23:05.001+0200] {dagbag.py:540} INFO - Filling up the DagBag from /Users/noejalabert/airflow_venv/lib/python3.11/site-packages/airflow/example_dags/plugins/event_listener.py
[2024-05-28T19:23:05.002+0200] {processor.py:842} WARNING - No viable dags retrieved from /Users/noejalabert/airflow_venv/lib/python3.11/site-packages/airflow/example_dags/plugins/event_listener.py
[2024-05-28T19:23:05.036+0200] {processor.py:183} INFO - Processing /Users/noejalabert/airflow_venv/lib/python3.11/site-packages/airflow/example_dags/plugins/event_listener.py took 0.037 seconds
[2024-05-28T19:24:31.252+0200] {processor.py:161} INFO - Started process (PID=9402) to work on /Users/noejalabert/airflow_venv/lib/python3.11/site-packages/airflow/example_dags/plugins/event_listener.py
[2024-05-28T19:24:31.253+0200] {processor.py:830} INFO - Processing file /Users/noejalabert/airflow_venv/lib/python3.11/site-packages/airflow/example_dags/plugins/event_listener.py for tasks to queue
[2024-05-28T19:24:31.253+0200] {logging_mixin.py:188} INFO - [2024-05-28T19:24:31.253+0200] {dagbag.py:540} INFO - Filling up the DagBag from /Users/noejalabert/airflow_venv/lib/python3.11/site-packages/airflow/example_dags/plugins/event_listener.py
[2024-05-28T19:24:31.253+0200] {processor.py:842} WARNING - No viable dags retrieved from /Users/noejalabert/airflow_venv/lib/python3.11/site-packages/airflow/example_dags/plugins/event_listener.py
[2024-05-28T19:24:31.288+0200] {processor.py:183} INFO - Processing /Users/noejalabert/airflow_venv/lib/python3.11/site-packages/airflow/example_dags/plugins/event_listener.py took 0.038 seconds
[2024-05-28T19:25:55.448+0200] {processor.py:161} INFO - Started process (PID=9471) to work on /Users/noejalabert/airflow_venv/lib/python3.11/site-packages/airflow/example_dags/plugins/event_listener.py
[2024-05-28T19:25:55.448+0200] {processor.py:830} INFO - Processing file /Users/noejalabert/airflow_venv/lib/python3.11/site-packages/airflow/example_dags/plugins/event_listener.py for tasks to queue
[2024-05-28T19:25:55.449+0200] {logging_mixin.py:188} INFO - [2024-05-28T19:25:55.449+0200] {dagbag.py:540} INFO - Filling up the DagBag from /Users/noejalabert/airflow_venv/lib/python3.11/site-packages/airflow/example_dags/plugins/event_listener.py
[2024-05-28T19:25:55.449+0200] {processor.py:842} WARNING - No viable dags retrieved from /Users/noejalabert/airflow_venv/lib/python3.11/site-packages/airflow/example_dags/plugins/event_listener.py
[2024-05-28T19:25:55.484+0200] {processor.py:183} INFO - Processing /Users/noejalabert/airflow_venv/lib/python3.11/site-packages/airflow/example_dags/plugins/event_listener.py took 0.037 seconds
[2024-05-28T19:27:17.845+0200] {processor.py:161} INFO - Started process (PID=9556) to work on /Users/noejalabert/airflow_venv/lib/python3.11/site-packages/airflow/example_dags/plugins/event_listener.py
[2024-05-28T19:27:17.845+0200] {processor.py:830} INFO - Processing file /Users/noejalabert/airflow_venv/lib/python3.11/site-packages/airflow/example_dags/plugins/event_listener.py for tasks to queue
[2024-05-28T19:27:17.846+0200] {logging_mixin.py:188} INFO - [2024-05-28T19:27:17.845+0200] {dagbag.py:540} INFO - Filling up the DagBag from /Users/noejalabert/airflow_venv/lib/python3.11/site-packages/airflow/example_dags/plugins/event_listener.py
[2024-05-28T19:27:17.846+0200] {processor.py:842} WARNING - No viable dags retrieved from /Users/noejalabert/airflow_venv/lib/python3.11/site-packages/airflow/example_dags/plugins/event_listener.py
[2024-05-28T19:27:17.881+0200] {processor.py:183} INFO - Processing /Users/noejalabert/airflow_venv/lib/python3.11/site-packages/airflow/example_dags/plugins/event_listener.py took 0.037 seconds
[2024-05-28T19:28:40.339+0200] {processor.py:161} INFO - Started process (PID=9632) to work on /Users/noejalabert/airflow_venv/lib/python3.11/site-packages/airflow/example_dags/plugins/event_listener.py
[2024-05-28T19:28:40.339+0200] {processor.py:830} INFO - Processing file /Users/noejalabert/airflow_venv/lib/python3.11/site-packages/airflow/example_dags/plugins/event_listener.py for tasks to queue
[2024-05-28T19:28:40.340+0200] {logging_mixin.py:188} INFO - [2024-05-28T19:28:40.339+0200] {dagbag.py:540} INFO - Filling up the DagBag from /Users/noejalabert/airflow_venv/lib/python3.11/site-packages/airflow/example_dags/plugins/event_listener.py
[2024-05-28T19:28:40.340+0200] {processor.py:842} WARNING - No viable dags retrieved from /Users/noejalabert/airflow_venv/lib/python3.11/site-packages/airflow/example_dags/plugins/event_listener.py
[2024-05-28T19:28:40.375+0200] {processor.py:183} INFO - Processing /Users/noejalabert/airflow_venv/lib/python3.11/site-packages/airflow/example_dags/plugins/event_listener.py took 0.037 seconds
[2024-05-28T19:30:02.243+0200] {processor.py:161} INFO - Started process (PID=9705) to work on /Users/noejalabert/airflow_venv/lib/python3.11/site-packages/airflow/example_dags/plugins/event_listener.py
[2024-05-28T19:30:02.243+0200] {processor.py:830} INFO - Processing file /Users/noejalabert/airflow_venv/lib/python3.11/site-packages/airflow/example_dags/plugins/event_listener.py for tasks to queue
[2024-05-28T19:30:02.243+0200] {logging_mixin.py:188} INFO - [2024-05-28T19:30:02.243+0200] {dagbag.py:540} INFO - Filling up the DagBag from /Users/noejalabert/airflow_venv/lib/python3.11/site-packages/airflow/example_dags/plugins/event_listener.py
[2024-05-28T19:30:02.244+0200] {processor.py:842} WARNING - No viable dags retrieved from /Users/noejalabert/airflow_venv/lib/python3.11/site-packages/airflow/example_dags/plugins/event_listener.py
[2024-05-28T19:30:02.278+0200] {processor.py:183} INFO - Processing /Users/noejalabert/airflow_venv/lib/python3.11/site-packages/airflow/example_dags/plugins/event_listener.py took 0.037 seconds
[2024-05-28T19:31:26.066+0200] {processor.py:161} INFO - Started process (PID=9782) to work on /Users/noejalabert/airflow_venv/lib/python3.11/site-packages/airflow/example_dags/plugins/event_listener.py
[2024-05-28T19:31:26.066+0200] {processor.py:830} INFO - Processing file /Users/noejalabert/airflow_venv/lib/python3.11/site-packages/airflow/example_dags/plugins/event_listener.py for tasks to queue
[2024-05-28T19:31:26.067+0200] {logging_mixin.py:188} INFO - [2024-05-28T19:31:26.067+0200] {dagbag.py:540} INFO - Filling up the DagBag from /Users/noejalabert/airflow_venv/lib/python3.11/site-packages/airflow/example_dags/plugins/event_listener.py
[2024-05-28T19:31:26.067+0200] {processor.py:842} WARNING - No viable dags retrieved from /Users/noejalabert/airflow_venv/lib/python3.11/site-packages/airflow/example_dags/plugins/event_listener.py
[2024-05-28T19:31:26.102+0200] {processor.py:183} INFO - Processing /Users/noejalabert/airflow_venv/lib/python3.11/site-packages/airflow/example_dags/plugins/event_listener.py took 0.038 seconds
[2024-05-28T19:32:50.616+0200] {processor.py:161} INFO - Started process (PID=9855) to work on /Users/noejalabert/airflow_venv/lib/python3.11/site-packages/airflow/example_dags/plugins/event_listener.py
[2024-05-28T19:32:50.617+0200] {processor.py:830} INFO - Processing file /Users/noejalabert/airflow_venv/lib/python3.11/site-packages/airflow/example_dags/plugins/event_listener.py for tasks to queue
[2024-05-28T19:32:50.617+0200] {logging_mixin.py:188} INFO - [2024-05-28T19:32:50.617+0200] {dagbag.py:540} INFO - Filling up the DagBag from /Users/noejalabert/airflow_venv/lib/python3.11/site-packages/airflow/example_dags/plugins/event_listener.py
[2024-05-28T19:32:50.617+0200] {processor.py:842} WARNING - No viable dags retrieved from /Users/noejalabert/airflow_venv/lib/python3.11/site-packages/airflow/example_dags/plugins/event_listener.py
[2024-05-28T19:32:50.652+0200] {processor.py:183} INFO - Processing /Users/noejalabert/airflow_venv/lib/python3.11/site-packages/airflow/example_dags/plugins/event_listener.py took 0.037 seconds
[2024-05-28T19:34:12.177+0200] {processor.py:161} INFO - Started process (PID=9927) to work on /Users/noejalabert/airflow_venv/lib/python3.11/site-packages/airflow/example_dags/plugins/event_listener.py
[2024-05-28T19:34:12.177+0200] {processor.py:830} INFO - Processing file /Users/noejalabert/airflow_venv/lib/python3.11/site-packages/airflow/example_dags/plugins/event_listener.py for tasks to queue
[2024-05-28T19:34:12.177+0200] {logging_mixin.py:188} INFO - [2024-05-28T19:34:12.177+0200] {dagbag.py:540} INFO - Filling up the DagBag from /Users/noejalabert/airflow_venv/lib/python3.11/site-packages/airflow/example_dags/plugins/event_listener.py
[2024-05-28T19:34:12.178+0200] {processor.py:842} WARNING - No viable dags retrieved from /Users/noejalabert/airflow_venv/lib/python3.11/site-packages/airflow/example_dags/plugins/event_listener.py
[2024-05-28T19:34:12.212+0200] {processor.py:183} INFO - Processing /Users/noejalabert/airflow_venv/lib/python3.11/site-packages/airflow/example_dags/plugins/event_listener.py took 0.037 seconds
[2024-05-28T19:35:33.099+0200] {processor.py:161} INFO - Started process (PID=10017) to work on /Users/noejalabert/airflow_venv/lib/python3.11/site-packages/airflow/example_dags/plugins/event_listener.py
[2024-05-28T19:35:33.099+0200] {processor.py:830} INFO - Processing file /Users/noejalabert/airflow_venv/lib/python3.11/site-packages/airflow/example_dags/plugins/event_listener.py for tasks to queue
[2024-05-28T19:35:33.099+0200] {logging_mixin.py:188} INFO - [2024-05-28T19:35:33.099+0200] {dagbag.py:540} INFO - Filling up the DagBag from /Users/noejalabert/airflow_venv/lib/python3.11/site-packages/airflow/example_dags/plugins/event_listener.py
[2024-05-28T19:35:33.100+0200] {processor.py:842} WARNING - No viable dags retrieved from /Users/noejalabert/airflow_venv/lib/python3.11/site-packages/airflow/example_dags/plugins/event_listener.py
[2024-05-28T19:35:33.135+0200] {processor.py:183} INFO - Processing /Users/noejalabert/airflow_venv/lib/python3.11/site-packages/airflow/example_dags/plugins/event_listener.py took 0.037 seconds
[2024-05-28T19:52:58.463+0200] {processor.py:161} INFO - Started process (PID=10133) to work on /Users/noejalabert/airflow_venv/lib/python3.11/site-packages/airflow/example_dags/plugins/event_listener.py
[2024-05-28T19:52:58.464+0200] {processor.py:830} INFO - Processing file /Users/noejalabert/airflow_venv/lib/python3.11/site-packages/airflow/example_dags/plugins/event_listener.py for tasks to queue
[2024-05-28T19:52:58.464+0200] {logging_mixin.py:188} INFO - [2024-05-28T19:52:58.464+0200] {dagbag.py:540} INFO - Filling up the DagBag from /Users/noejalabert/airflow_venv/lib/python3.11/site-packages/airflow/example_dags/plugins/event_listener.py
[2024-05-28T19:52:58.465+0200] {processor.py:842} WARNING - No viable dags retrieved from /Users/noejalabert/airflow_venv/lib/python3.11/site-packages/airflow/example_dags/plugins/event_listener.py
[2024-05-28T19:52:58.498+0200] {processor.py:183} INFO - Processing /Users/noejalabert/airflow_venv/lib/python3.11/site-packages/airflow/example_dags/plugins/event_listener.py took 0.036 seconds
[2024-05-28T20:07:39.415+0200] {processor.py:161} INFO - Started process (PID=10246) to work on /Users/noejalabert/airflow_venv/lib/python3.11/site-packages/airflow/example_dags/plugins/event_listener.py
[2024-05-28T20:07:39.416+0200] {processor.py:830} INFO - Processing file /Users/noejalabert/airflow_venv/lib/python3.11/site-packages/airflow/example_dags/plugins/event_listener.py for tasks to queue
[2024-05-28T20:07:39.416+0200] {logging_mixin.py:188} INFO - [2024-05-28T20:07:39.416+0200] {dagbag.py:540} INFO - Filling up the DagBag from /Users/noejalabert/airflow_venv/lib/python3.11/site-packages/airflow/example_dags/plugins/event_listener.py
[2024-05-28T20:07:39.417+0200] {processor.py:842} WARNING - No viable dags retrieved from /Users/noejalabert/airflow_venv/lib/python3.11/site-packages/airflow/example_dags/plugins/event_listener.py
[2024-05-28T20:07:39.453+0200] {processor.py:183} INFO - Processing /Users/noejalabert/airflow_venv/lib/python3.11/site-packages/airflow/example_dags/plugins/event_listener.py took 0.039 seconds
[2024-05-28T21:43:02.635+0200] {processor.py:161} INFO - Started process (PID=10428) to work on /Users/noejalabert/airflow_venv/lib/python3.11/site-packages/airflow/example_dags/plugins/event_listener.py
[2024-05-28T21:43:02.635+0200] {processor.py:830} INFO - Processing file /Users/noejalabert/airflow_venv/lib/python3.11/site-packages/airflow/example_dags/plugins/event_listener.py for tasks to queue
[2024-05-28T21:43:02.636+0200] {logging_mixin.py:188} INFO - [2024-05-28T21:43:02.636+0200] {dagbag.py:540} INFO - Filling up the DagBag from /Users/noejalabert/airflow_venv/lib/python3.11/site-packages/airflow/example_dags/plugins/event_listener.py
[2024-05-28T21:43:02.636+0200] {processor.py:842} WARNING - No viable dags retrieved from /Users/noejalabert/airflow_venv/lib/python3.11/site-packages/airflow/example_dags/plugins/event_listener.py
[2024-05-28T21:43:02.670+0200] {processor.py:183} INFO - Processing /Users/noejalabert/airflow_venv/lib/python3.11/site-packages/airflow/example_dags/plugins/event_listener.py took 0.037 seconds
[2024-05-28T22:08:27.354+0200] {processor.py:161} INFO - Started process (PID=10578) to work on /Users/noejalabert/airflow_venv/lib/python3.11/site-packages/airflow/example_dags/plugins/event_listener.py
[2024-05-28T22:08:27.355+0200] {processor.py:830} INFO - Processing file /Users/noejalabert/airflow_venv/lib/python3.11/site-packages/airflow/example_dags/plugins/event_listener.py for tasks to queue
[2024-05-28T22:08:27.355+0200] {logging_mixin.py:188} INFO - [2024-05-28T22:08:27.355+0200] {dagbag.py:540} INFO - Filling up the DagBag from /Users/noejalabert/airflow_venv/lib/python3.11/site-packages/airflow/example_dags/plugins/event_listener.py
[2024-05-28T22:08:27.355+0200] {processor.py:842} WARNING - No viable dags retrieved from /Users/noejalabert/airflow_venv/lib/python3.11/site-packages/airflow/example_dags/plugins/event_listener.py
[2024-05-28T22:08:27.389+0200] {processor.py:183} INFO - Processing /Users/noejalabert/airflow_venv/lib/python3.11/site-packages/airflow/example_dags/plugins/event_listener.py took 0.036 seconds
[2024-05-28T23:04:50.730+0200] {processor.py:161} INFO - Started process (PID=10747) to work on /Users/noejalabert/airflow_venv/lib/python3.11/site-packages/airflow/example_dags/plugins/event_listener.py
[2024-05-28T23:04:50.730+0200] {processor.py:830} INFO - Processing file /Users/noejalabert/airflow_venv/lib/python3.11/site-packages/airflow/example_dags/plugins/event_listener.py for tasks to queue
[2024-05-28T23:04:50.730+0200] {logging_mixin.py:188} INFO - [2024-05-28T23:04:50.730+0200] {dagbag.py:540} INFO - Filling up the DagBag from /Users/noejalabert/airflow_venv/lib/python3.11/site-packages/airflow/example_dags/plugins/event_listener.py
[2024-05-28T23:04:50.731+0200] {processor.py:842} WARNING - No viable dags retrieved from /Users/noejalabert/airflow_venv/lib/python3.11/site-packages/airflow/example_dags/plugins/event_listener.py
[2024-05-28T23:04:50.766+0200] {processor.py:183} INFO - Processing /Users/noejalabert/airflow_venv/lib/python3.11/site-packages/airflow/example_dags/plugins/event_listener.py took 0.038 seconds
[2024-05-29T00:01:34.954+0200] {processor.py:161} INFO - Started process (PID=10913) to work on /Users/noejalabert/airflow_venv/lib/python3.11/site-packages/airflow/example_dags/plugins/event_listener.py
[2024-05-29T00:01:34.955+0200] {processor.py:830} INFO - Processing file /Users/noejalabert/airflow_venv/lib/python3.11/site-packages/airflow/example_dags/plugins/event_listener.py for tasks to queue
[2024-05-29T00:01:34.955+0200] {logging_mixin.py:188} INFO - [2024-05-29T00:01:34.955+0200] {dagbag.py:540} INFO - Filling up the DagBag from /Users/noejalabert/airflow_venv/lib/python3.11/site-packages/airflow/example_dags/plugins/event_listener.py
[2024-05-29T00:01:34.956+0200] {processor.py:842} WARNING - No viable dags retrieved from /Users/noejalabert/airflow_venv/lib/python3.11/site-packages/airflow/example_dags/plugins/event_listener.py
[2024-05-29T00:01:34.990+0200] {processor.py:183} INFO - Processing /Users/noejalabert/airflow_venv/lib/python3.11/site-packages/airflow/example_dags/plugins/event_listener.py took 0.037 seconds
[2024-05-29T00:02:52.716+0200] {processor.py:161} INFO - Started process (PID=11014) to work on /Users/noejalabert/airflow_venv/lib/python3.11/site-packages/airflow/example_dags/plugins/event_listener.py
[2024-05-29T00:02:52.717+0200] {processor.py:830} INFO - Processing file /Users/noejalabert/airflow_venv/lib/python3.11/site-packages/airflow/example_dags/plugins/event_listener.py for tasks to queue
[2024-05-29T00:02:52.717+0200] {logging_mixin.py:188} INFO - [2024-05-29T00:02:52.717+0200] {dagbag.py:540} INFO - Filling up the DagBag from /Users/noejalabert/airflow_venv/lib/python3.11/site-packages/airflow/example_dags/plugins/event_listener.py
[2024-05-29T00:02:52.718+0200] {processor.py:842} WARNING - No viable dags retrieved from /Users/noejalabert/airflow_venv/lib/python3.11/site-packages/airflow/example_dags/plugins/event_listener.py
[2024-05-29T00:02:52.755+0200] {processor.py:183} INFO - Processing /Users/noejalabert/airflow_venv/lib/python3.11/site-packages/airflow/example_dags/plugins/event_listener.py took 0.040 seconds
[2024-05-29T00:04:16.433+0200] {processor.py:161} INFO - Started process (PID=11083) to work on /Users/noejalabert/airflow_venv/lib/python3.11/site-packages/airflow/example_dags/plugins/event_listener.py
[2024-05-29T00:04:16.433+0200] {processor.py:830} INFO - Processing file /Users/noejalabert/airflow_venv/lib/python3.11/site-packages/airflow/example_dags/plugins/event_listener.py for tasks to queue
[2024-05-29T00:04:16.434+0200] {logging_mixin.py:188} INFO - [2024-05-29T00:04:16.433+0200] {dagbag.py:540} INFO - Filling up the DagBag from /Users/noejalabert/airflow_venv/lib/python3.11/site-packages/airflow/example_dags/plugins/event_listener.py
[2024-05-29T00:04:16.434+0200] {processor.py:842} WARNING - No viable dags retrieved from /Users/noejalabert/airflow_venv/lib/python3.11/site-packages/airflow/example_dags/plugins/event_listener.py
[2024-05-29T00:04:16.468+0200] {processor.py:183} INFO - Processing /Users/noejalabert/airflow_venv/lib/python3.11/site-packages/airflow/example_dags/plugins/event_listener.py took 0.036 seconds
[2024-05-29T00:05:39.643+0200] {processor.py:161} INFO - Started process (PID=11152) to work on /Users/noejalabert/airflow_venv/lib/python3.11/site-packages/airflow/example_dags/plugins/event_listener.py
[2024-05-29T00:05:39.643+0200] {processor.py:830} INFO - Processing file /Users/noejalabert/airflow_venv/lib/python3.11/site-packages/airflow/example_dags/plugins/event_listener.py for tasks to queue
[2024-05-29T00:05:39.644+0200] {logging_mixin.py:188} INFO - [2024-05-29T00:05:39.644+0200] {dagbag.py:540} INFO - Filling up the DagBag from /Users/noejalabert/airflow_venv/lib/python3.11/site-packages/airflow/example_dags/plugins/event_listener.py
[2024-05-29T00:05:39.644+0200] {processor.py:842} WARNING - No viable dags retrieved from /Users/noejalabert/airflow_venv/lib/python3.11/site-packages/airflow/example_dags/plugins/event_listener.py
[2024-05-29T00:05:39.678+0200] {processor.py:183} INFO - Processing /Users/noejalabert/airflow_venv/lib/python3.11/site-packages/airflow/example_dags/plugins/event_listener.py took 0.036 seconds
[2024-05-29T00:07:01.116+0200] {processor.py:161} INFO - Started process (PID=11231) to work on /Users/noejalabert/airflow_venv/lib/python3.11/site-packages/airflow/example_dags/plugins/event_listener.py
[2024-05-29T00:07:01.117+0200] {processor.py:830} INFO - Processing file /Users/noejalabert/airflow_venv/lib/python3.11/site-packages/airflow/example_dags/plugins/event_listener.py for tasks to queue
[2024-05-29T00:07:01.117+0200] {logging_mixin.py:188} INFO - [2024-05-29T00:07:01.117+0200] {dagbag.py:540} INFO - Filling up the DagBag from /Users/noejalabert/airflow_venv/lib/python3.11/site-packages/airflow/example_dags/plugins/event_listener.py
[2024-05-29T00:07:01.118+0200] {processor.py:842} WARNING - No viable dags retrieved from /Users/noejalabert/airflow_venv/lib/python3.11/site-packages/airflow/example_dags/plugins/event_listener.py
[2024-05-29T00:07:01.152+0200] {processor.py:183} INFO - Processing /Users/noejalabert/airflow_venv/lib/python3.11/site-packages/airflow/example_dags/plugins/event_listener.py took 0.037 seconds
[2024-05-29T00:08:22.354+0200] {processor.py:161} INFO - Started process (PID=11300) to work on /Users/noejalabert/airflow_venv/lib/python3.11/site-packages/airflow/example_dags/plugins/event_listener.py
[2024-05-29T00:08:22.355+0200] {processor.py:830} INFO - Processing file /Users/noejalabert/airflow_venv/lib/python3.11/site-packages/airflow/example_dags/plugins/event_listener.py for tasks to queue
[2024-05-29T00:08:22.355+0200] {logging_mixin.py:188} INFO - [2024-05-29T00:08:22.355+0200] {dagbag.py:540} INFO - Filling up the DagBag from /Users/noejalabert/airflow_venv/lib/python3.11/site-packages/airflow/example_dags/plugins/event_listener.py
[2024-05-29T00:08:22.356+0200] {processor.py:842} WARNING - No viable dags retrieved from /Users/noejalabert/airflow_venv/lib/python3.11/site-packages/airflow/example_dags/plugins/event_listener.py
[2024-05-29T00:08:22.390+0200] {processor.py:183} INFO - Processing /Users/noejalabert/airflow_venv/lib/python3.11/site-packages/airflow/example_dags/plugins/event_listener.py took 0.037 seconds
[2024-05-29T00:09:46.537+0200] {processor.py:161} INFO - Started process (PID=11381) to work on /Users/noejalabert/airflow_venv/lib/python3.11/site-packages/airflow/example_dags/plugins/event_listener.py
[2024-05-29T00:09:46.539+0200] {processor.py:830} INFO - Processing file /Users/noejalabert/airflow_venv/lib/python3.11/site-packages/airflow/example_dags/plugins/event_listener.py for tasks to queue
[2024-05-29T00:09:46.539+0200] {logging_mixin.py:188} INFO - [2024-05-29T00:09:46.539+0200] {dagbag.py:540} INFO - Filling up the DagBag from /Users/noejalabert/airflow_venv/lib/python3.11/site-packages/airflow/example_dags/plugins/event_listener.py
[2024-05-29T00:09:46.539+0200] {processor.py:842} WARNING - No viable dags retrieved from /Users/noejalabert/airflow_venv/lib/python3.11/site-packages/airflow/example_dags/plugins/event_listener.py
[2024-05-29T00:09:46.573+0200] {processor.py:183} INFO - Processing /Users/noejalabert/airflow_venv/lib/python3.11/site-packages/airflow/example_dags/plugins/event_listener.py took 0.037 seconds
[2024-05-29T00:11:08.485+0200] {processor.py:161} INFO - Started process (PID=11448) to work on /Users/noejalabert/airflow_venv/lib/python3.11/site-packages/airflow/example_dags/plugins/event_listener.py
[2024-05-29T00:11:08.486+0200] {processor.py:830} INFO - Processing file /Users/noejalabert/airflow_venv/lib/python3.11/site-packages/airflow/example_dags/plugins/event_listener.py for tasks to queue
[2024-05-29T00:11:08.486+0200] {logging_mixin.py:188} INFO - [2024-05-29T00:11:08.486+0200] {dagbag.py:540} INFO - Filling up the DagBag from /Users/noejalabert/airflow_venv/lib/python3.11/site-packages/airflow/example_dags/plugins/event_listener.py
[2024-05-29T00:11:08.486+0200] {processor.py:842} WARNING - No viable dags retrieved from /Users/noejalabert/airflow_venv/lib/python3.11/site-packages/airflow/example_dags/plugins/event_listener.py
[2024-05-29T00:11:08.520+0200] {processor.py:183} INFO - Processing /Users/noejalabert/airflow_venv/lib/python3.11/site-packages/airflow/example_dags/plugins/event_listener.py took 0.037 seconds
[2024-05-29T00:12:28.766+0200] {processor.py:161} INFO - Started process (PID=11519) to work on /Users/noejalabert/airflow_venv/lib/python3.11/site-packages/airflow/example_dags/plugins/event_listener.py
[2024-05-29T00:12:28.767+0200] {processor.py:830} INFO - Processing file /Users/noejalabert/airflow_venv/lib/python3.11/site-packages/airflow/example_dags/plugins/event_listener.py for tasks to queue
[2024-05-29T00:12:28.767+0200] {logging_mixin.py:188} INFO - [2024-05-29T00:12:28.767+0200] {dagbag.py:540} INFO - Filling up the DagBag from /Users/noejalabert/airflow_venv/lib/python3.11/site-packages/airflow/example_dags/plugins/event_listener.py
[2024-05-29T00:12:28.768+0200] {processor.py:842} WARNING - No viable dags retrieved from /Users/noejalabert/airflow_venv/lib/python3.11/site-packages/airflow/example_dags/plugins/event_listener.py
[2024-05-29T00:12:28.815+0200] {processor.py:183} INFO - Processing /Users/noejalabert/airflow_venv/lib/python3.11/site-packages/airflow/example_dags/plugins/event_listener.py took 0.052 seconds
[2024-05-29T00:13:51.400+0200] {processor.py:161} INFO - Started process (PID=11601) to work on /Users/noejalabert/airflow_venv/lib/python3.11/site-packages/airflow/example_dags/plugins/event_listener.py
[2024-05-29T00:13:51.401+0200] {processor.py:830} INFO - Processing file /Users/noejalabert/airflow_venv/lib/python3.11/site-packages/airflow/example_dags/plugins/event_listener.py for tasks to queue
[2024-05-29T00:13:51.401+0200] {logging_mixin.py:188} INFO - [2024-05-29T00:13:51.401+0200] {dagbag.py:540} INFO - Filling up the DagBag from /Users/noejalabert/airflow_venv/lib/python3.11/site-packages/airflow/example_dags/plugins/event_listener.py
[2024-05-29T00:13:51.402+0200] {processor.py:842} WARNING - No viable dags retrieved from /Users/noejalabert/airflow_venv/lib/python3.11/site-packages/airflow/example_dags/plugins/event_listener.py
[2024-05-29T00:13:51.436+0200] {processor.py:183} INFO - Processing /Users/noejalabert/airflow_venv/lib/python3.11/site-packages/airflow/example_dags/plugins/event_listener.py took 0.037 seconds
[2024-05-29T00:15:16.109+0200] {processor.py:161} INFO - Started process (PID=11678) to work on /Users/noejalabert/airflow_venv/lib/python3.11/site-packages/airflow/example_dags/plugins/event_listener.py
[2024-05-29T00:15:16.110+0200] {processor.py:830} INFO - Processing file /Users/noejalabert/airflow_venv/lib/python3.11/site-packages/airflow/example_dags/plugins/event_listener.py for tasks to queue
[2024-05-29T00:15:16.110+0200] {logging_mixin.py:188} INFO - [2024-05-29T00:15:16.110+0200] {dagbag.py:540} INFO - Filling up the DagBag from /Users/noejalabert/airflow_venv/lib/python3.11/site-packages/airflow/example_dags/plugins/event_listener.py
[2024-05-29T00:15:16.110+0200] {processor.py:842} WARNING - No viable dags retrieved from /Users/noejalabert/airflow_venv/lib/python3.11/site-packages/airflow/example_dags/plugins/event_listener.py
[2024-05-29T00:15:16.145+0200] {processor.py:183} INFO - Processing /Users/noejalabert/airflow_venv/lib/python3.11/site-packages/airflow/example_dags/plugins/event_listener.py took 0.037 seconds
[2024-05-29T00:16:39.818+0200] {processor.py:161} INFO - Started process (PID=11760) to work on /Users/noejalabert/airflow_venv/lib/python3.11/site-packages/airflow/example_dags/plugins/event_listener.py
[2024-05-29T00:16:39.818+0200] {processor.py:830} INFO - Processing file /Users/noejalabert/airflow_venv/lib/python3.11/site-packages/airflow/example_dags/plugins/event_listener.py for tasks to queue
[2024-05-29T00:16:39.818+0200] {logging_mixin.py:188} INFO - [2024-05-29T00:16:39.818+0200] {dagbag.py:540} INFO - Filling up the DagBag from /Users/noejalabert/airflow_venv/lib/python3.11/site-packages/airflow/example_dags/plugins/event_listener.py
[2024-05-29T00:16:39.819+0200] {processor.py:842} WARNING - No viable dags retrieved from /Users/noejalabert/airflow_venv/lib/python3.11/site-packages/airflow/example_dags/plugins/event_listener.py
[2024-05-29T00:16:39.853+0200] {processor.py:183} INFO - Processing /Users/noejalabert/airflow_venv/lib/python3.11/site-packages/airflow/example_dags/plugins/event_listener.py took 0.037 seconds
[2024-05-29T00:18:05.227+0200] {processor.py:161} INFO - Started process (PID=11838) to work on /Users/noejalabert/airflow_venv/lib/python3.11/site-packages/airflow/example_dags/plugins/event_listener.py
[2024-05-29T00:18:05.228+0200] {processor.py:830} INFO - Processing file /Users/noejalabert/airflow_venv/lib/python3.11/site-packages/airflow/example_dags/plugins/event_listener.py for tasks to queue
[2024-05-29T00:18:05.228+0200] {logging_mixin.py:188} INFO - [2024-05-29T00:18:05.228+0200] {dagbag.py:540} INFO - Filling up the DagBag from /Users/noejalabert/airflow_venv/lib/python3.11/site-packages/airflow/example_dags/plugins/event_listener.py
[2024-05-29T00:18:05.229+0200] {processor.py:842} WARNING - No viable dags retrieved from /Users/noejalabert/airflow_venv/lib/python3.11/site-packages/airflow/example_dags/plugins/event_listener.py
[2024-05-29T00:18:05.263+0200] {processor.py:183} INFO - Processing /Users/noejalabert/airflow_venv/lib/python3.11/site-packages/airflow/example_dags/plugins/event_listener.py took 0.038 seconds
[2024-05-29T00:19:27.209+0200] {processor.py:161} INFO - Started process (PID=11912) to work on /Users/noejalabert/airflow_venv/lib/python3.11/site-packages/airflow/example_dags/plugins/event_listener.py
[2024-05-29T00:19:27.210+0200] {processor.py:830} INFO - Processing file /Users/noejalabert/airflow_venv/lib/python3.11/site-packages/airflow/example_dags/plugins/event_listener.py for tasks to queue
[2024-05-29T00:19:27.210+0200] {logging_mixin.py:188} INFO - [2024-05-29T00:19:27.210+0200] {dagbag.py:540} INFO - Filling up the DagBag from /Users/noejalabert/airflow_venv/lib/python3.11/site-packages/airflow/example_dags/plugins/event_listener.py
[2024-05-29T00:19:27.211+0200] {processor.py:842} WARNING - No viable dags retrieved from /Users/noejalabert/airflow_venv/lib/python3.11/site-packages/airflow/example_dags/plugins/event_listener.py
[2024-05-29T00:19:27.246+0200] {processor.py:183} INFO - Processing /Users/noejalabert/airflow_venv/lib/python3.11/site-packages/airflow/example_dags/plugins/event_listener.py took 0.038 seconds
[2024-05-29T00:20:51.412+0200] {processor.py:161} INFO - Started process (PID=11980) to work on /Users/noejalabert/airflow_venv/lib/python3.11/site-packages/airflow/example_dags/plugins/event_listener.py
[2024-05-29T00:20:51.413+0200] {processor.py:830} INFO - Processing file /Users/noejalabert/airflow_venv/lib/python3.11/site-packages/airflow/example_dags/plugins/event_listener.py for tasks to queue
[2024-05-29T00:20:51.413+0200] {logging_mixin.py:188} INFO - [2024-05-29T00:20:51.413+0200] {dagbag.py:540} INFO - Filling up the DagBag from /Users/noejalabert/airflow_venv/lib/python3.11/site-packages/airflow/example_dags/plugins/event_listener.py
[2024-05-29T00:20:51.413+0200] {processor.py:842} WARNING - No viable dags retrieved from /Users/noejalabert/airflow_venv/lib/python3.11/site-packages/airflow/example_dags/plugins/event_listener.py
[2024-05-29T00:20:51.448+0200] {processor.py:183} INFO - Processing /Users/noejalabert/airflow_venv/lib/python3.11/site-packages/airflow/example_dags/plugins/event_listener.py took 0.037 seconds
[2024-05-29T00:22:14.293+0200] {processor.py:161} INFO - Started process (PID=12050) to work on /Users/noejalabert/airflow_venv/lib/python3.11/site-packages/airflow/example_dags/plugins/event_listener.py
[2024-05-29T00:22:14.293+0200] {processor.py:830} INFO - Processing file /Users/noejalabert/airflow_venv/lib/python3.11/site-packages/airflow/example_dags/plugins/event_listener.py for tasks to queue
[2024-05-29T00:22:14.294+0200] {logging_mixin.py:188} INFO - [2024-05-29T00:22:14.294+0200] {dagbag.py:540} INFO - Filling up the DagBag from /Users/noejalabert/airflow_venv/lib/python3.11/site-packages/airflow/example_dags/plugins/event_listener.py
[2024-05-29T00:22:14.294+0200] {processor.py:842} WARNING - No viable dags retrieved from /Users/noejalabert/airflow_venv/lib/python3.11/site-packages/airflow/example_dags/plugins/event_listener.py
[2024-05-29T00:22:14.329+0200] {processor.py:183} INFO - Processing /Users/noejalabert/airflow_venv/lib/python3.11/site-packages/airflow/example_dags/plugins/event_listener.py took 0.037 seconds
[2024-05-29T00:23:40.588+0200] {processor.py:161} INFO - Started process (PID=12123) to work on /Users/noejalabert/airflow_venv/lib/python3.11/site-packages/airflow/example_dags/plugins/event_listener.py
[2024-05-29T00:23:40.589+0200] {processor.py:830} INFO - Processing file /Users/noejalabert/airflow_venv/lib/python3.11/site-packages/airflow/example_dags/plugins/event_listener.py for tasks to queue
[2024-05-29T00:23:40.589+0200] {logging_mixin.py:188} INFO - [2024-05-29T00:23:40.589+0200] {dagbag.py:540} INFO - Filling up the DagBag from /Users/noejalabert/airflow_venv/lib/python3.11/site-packages/airflow/example_dags/plugins/event_listener.py
[2024-05-29T00:23:40.590+0200] {processor.py:842} WARNING - No viable dags retrieved from /Users/noejalabert/airflow_venv/lib/python3.11/site-packages/airflow/example_dags/plugins/event_listener.py
[2024-05-29T00:23:40.625+0200] {processor.py:183} INFO - Processing /Users/noejalabert/airflow_venv/lib/python3.11/site-packages/airflow/example_dags/plugins/event_listener.py took 0.039 seconds
[2024-05-29T00:25:05.608+0200] {processor.py:161} INFO - Started process (PID=12190) to work on /Users/noejalabert/airflow_venv/lib/python3.11/site-packages/airflow/example_dags/plugins/event_listener.py
[2024-05-29T00:25:05.608+0200] {processor.py:830} INFO - Processing file /Users/noejalabert/airflow_venv/lib/python3.11/site-packages/airflow/example_dags/plugins/event_listener.py for tasks to queue
[2024-05-29T00:25:05.609+0200] {logging_mixin.py:188} INFO - [2024-05-29T00:25:05.609+0200] {dagbag.py:540} INFO - Filling up the DagBag from /Users/noejalabert/airflow_venv/lib/python3.11/site-packages/airflow/example_dags/plugins/event_listener.py
[2024-05-29T00:25:05.609+0200] {processor.py:842} WARNING - No viable dags retrieved from /Users/noejalabert/airflow_venv/lib/python3.11/site-packages/airflow/example_dags/plugins/event_listener.py
[2024-05-29T00:25:05.644+0200] {processor.py:183} INFO - Processing /Users/noejalabert/airflow_venv/lib/python3.11/site-packages/airflow/example_dags/plugins/event_listener.py took 0.037 seconds
[2024-05-29T00:26:30.609+0200] {processor.py:161} INFO - Started process (PID=12263) to work on /Users/noejalabert/airflow_venv/lib/python3.11/site-packages/airflow/example_dags/plugins/event_listener.py
[2024-05-29T00:26:30.610+0200] {processor.py:830} INFO - Processing file /Users/noejalabert/airflow_venv/lib/python3.11/site-packages/airflow/example_dags/plugins/event_listener.py for tasks to queue
[2024-05-29T00:26:30.611+0200] {logging_mixin.py:188} INFO - [2024-05-29T00:26:30.611+0200] {dagbag.py:540} INFO - Filling up the DagBag from /Users/noejalabert/airflow_venv/lib/python3.11/site-packages/airflow/example_dags/plugins/event_listener.py
[2024-05-29T00:26:30.611+0200] {processor.py:842} WARNING - No viable dags retrieved from /Users/noejalabert/airflow_venv/lib/python3.11/site-packages/airflow/example_dags/plugins/event_listener.py
[2024-05-29T00:26:30.646+0200] {processor.py:183} INFO - Processing /Users/noejalabert/airflow_venv/lib/python3.11/site-packages/airflow/example_dags/plugins/event_listener.py took 0.038 seconds
