[2024-06-14T15:36:35.337+0200] {local_task_job_runner.py:120} INFO - ::group::Pre task execution logs
[2024-06-14T15:36:35.350+0200] {taskinstance.py:2073} INFO - Dependencies all met for dep_context=non-requeueable deps ti=<TaskInstance: my_datalake.extract_stats manual__2024-06-14T13:36:32+00:00 [queued]>
[2024-06-14T15:36:35.353+0200] {taskinstance.py:2073} INFO - Dependencies all met for dep_context=requeueable deps ti=<TaskInstance: my_datalake.extract_stats manual__2024-06-14T13:36:32+00:00 [queued]>
[2024-06-14T15:36:35.353+0200] {taskinstance.py:2303} INFO - Starting attempt 1 of 2
[2024-06-14T15:36:35.358+0200] {taskinstance.py:2327} INFO - Executing <Task(PythonOperator): extract_stats> on 2024-06-14 13:36:32+00:00
[2024-06-14T15:36:35.366+0200] {standard_task_runner.py:63} INFO - Started process 9962 to run task
[2024-06-14T15:36:35.370+0200] {standard_task_runner.py:90} INFO - Running: ['airflow', 'tasks', 'run', 'my_datalake', 'extract_stats', 'manual__2024-06-14T13:36:32+00:00', '--job-id', '123', '--raw', '--subdir', 'DAGS_FOLDER/my_datalake.py', '--cfg-path', '/var/folders/lz/gv7z_f1x3156jvrgkgylt68w0000gn/T/tmpac5uawrc']
[2024-06-14T15:36:35.372+0200] {standard_task_runner.py:91} INFO - Job 123: Subtask extract_stats
[2024-06-14T15:36:35.398+0200] {task_command.py:426} INFO - Running <TaskInstance: my_datalake.extract_stats manual__2024-06-14T13:36:32+00:00 [running]> on host air-de-noe.home
[2024-06-14T15:36:35.425+0200] {taskinstance.py:2644} INFO - Exporting env vars: AIRFLOW_CTX_DAG_EMAIL='airflow@example.com' AIRFLOW_CTX_DAG_OWNER='airflow' AIRFLOW_CTX_DAG_ID='my_datalake' AIRFLOW_CTX_TASK_ID='extract_stats' AIRFLOW_CTX_EXECUTION_DATE='2024-06-14T13:36:32+00:00' AIRFLOW_CTX_TRY_NUMBER='1' AIRFLOW_CTX_DAG_RUN_ID='manual__2024-06-14T13:36:32+00:00'
[2024-06-14T15:36:35.426+0200] {taskinstance.py:430} INFO - ::endgroup::
[2024-06-14T15:36:36.512+0200] {logging_mixin.py:188} INFO - API data fetched successfully from Belib' - Données Statiques!
[2024-06-14T15:36:36.573+0200] {logging_mixin.py:188} INFO - Script directory: /Users/noejalabert/airflow/dags/lib
[2024-06-14T15:36:36.574+0200] {logging_mixin.py:188} INFO - Target directory: /Users/noejalabert/airflow/dags/lib/../../data/raw/belibstaticdata
[2024-06-14T15:36:36.574+0200] {logging_mixin.py:188} INFO - File path: /Users/noejalabert/airflow/dags/lib/../../data/raw/belibstaticdata/belib_static_data.json
[2024-06-14T15:36:36.622+0200] {logging_mixin.py:188} INFO - Data saved to file successfully at /Users/noejalabert/airflow/dags/lib/../../data/raw/belibstaticdata/belib_static_data.json
[2024-06-14T15:36:36.622+0200] {logging_mixin.py:188} INFO - Script is running from: /Users/noejalabert/airflow_venv
[2024-06-14T15:36:36.624+0200] {python.py:237} INFO - Done. Returned value was: None
[2024-06-14T15:36:36.624+0200] {taskinstance.py:441} INFO - ::group::Post task execution logs
[2024-06-14T15:36:36.627+0200] {taskinstance.py:1205} INFO - Marking task as SUCCESS. dag_id=my_datalake, task_id=extract_stats, execution_date=20240614T133632, start_date=20240614T133635, end_date=20240614T133636
[2024-06-14T15:36:36.661+0200] {local_task_job_runner.py:240} INFO - Task exited with return code 0
[2024-06-14T15:36:36.674+0200] {taskinstance.py:3482} INFO - 1 downstream tasks scheduled from follow-on schedule check
[2024-06-14T15:36:36.674+0200] {local_task_job_runner.py:222} INFO - ::endgroup::
